<?xml version="1.0" encoding="UTF-8"?>
<testsuites name="Eblox Reporting DEmo" time="38" tests="0" failures="1" errors="0">
   <testsuite name="Eblox Reporting DEmo" tests="0" failures="1" errors="0" time="38" timestamp="2018-08-22 16:23:33" hostname="SEEBORUTS - 5CG7062KWD.SD.DIKA.BE" id="Test Suites/testing/Eblox Reporting DEmo">
      <properties>
         <property name="deviceName" value=""/>
         <property name="devicePlatform" value=""/>
         <property name="logFolder" value="C:\\Users\\seeboruts\\OneDrive - SD Worx\\Desktop\\Katalon_eBlox_Reporting\\Reports\\testing\\Eblox Reporting DEmo\\20180822_162330"/>
         <property name="logFiles" value="C:\\Users\\seeboruts\\OneDrive - SD Worx\\Desktop\\Katalon_eBlox_Reporting\\Reports\\testing\\Eblox Reporting DEmo\\20180822_162330\\execution0.log"/>
         <property name="attachments" value="C:\\Users\\seeboruts\\OneDrive - SD Worx\\Desktop\\Katalon_eBlox_Reporting\\Reports\\testing\\Eblox Reporting DEmo\\20180822_162330\\1534940650866.png"/>
         <property name="hostName" value="SEEBORUTS - 5CG7062KWD.SD.DIKA.BE"/>
         <property name="os" value="Windows 10 64bit"/>
         <property name="katalonVersion" value="5.6.0.1"/>
         <property name="browser" value="Chrome 68.0.3440.106"/>
         <property name="hostAddress" value="10.136.82.137"/>
         <property name="sessionId" value="4235ae51ed2ea1c8b32258bb67ce340c"/>
         <property name="seleniumVersion" value="3.7.1"/>
         <property name="proxyInformation" value="ProxyInformation{proxyOption=NO_PROXY, proxyServerType=HTTP, password=, proxyServerAddress=, proxyServerPort=0}"/>
         <property name="platform" value="Windows 10"/>
      </properties>
      <testcase name="Test Cases/New Folder/TC2 NEW" classname="Test Cases/New Folder/TC2 NEW" status="FAILED">
         <failure type="FAILED" message="Unable to set text 'null' of object 'Object Repository/Page_mysdworx - Log in/input_Password' (Root cause: java.lang.IllegalArgumentException: Text is null)"/>
         <system-out><![CDATA[2018-08-22 16:23:33 - [TEST_CASE][FAILED] - Test Cases/New Folder/TC2 NEW: Test Cases/New Folder/TC2 NEW FAILED because (of) Unable to set text 'null' of object 'Object Repository/Page_mysdworx - Log in/input_Password' (Root cause: java.lang.IllegalArgumentException: Text is null)

2018-08-22 16:23:34 - [TEST_STEP][FAILED] - callTestCase: Unable to call Test Case with id 'Test Cases/Login/TC1 Login to Mysdworx' (Root cause: Call Test Case 'Test Cases/Login/TC1 Login to Mysdworx' failed)

2018-08-22 16:23:34 - [TEST_CASE][FAILED] - Test Cases/Login/TC1 Login to Mysdworx: Test Cases/Login/TC1 Login to Mysdworx FAILED because (of) Unable to set text 'null' of object 'Object Repository/Page_mysdworx - Log in/input_Password' (Root cause: java.lang.IllegalArgumentException: Text is null)

2018-08-22 16:23:34 - [TEST_STEP][PASSED] - openBrowser: Browser is opened with url: ''

2018-08-22 16:23:38 - [MESSAGE][PASSED] - Browser is opened with url: ''

2018-08-22 16:23:38 - [TEST_STEP][PASSED] - navigateToUrl: Navigate to 'https://internet.acc.sd.dika.be/ebloxreporting/web.sensitive/main/?lang=fr' successfully

2018-08-22 16:23:43 - [MESSAGE][PASSED] - Navigate to 'https://internet.acc.sd.dika.be/ebloxreporting/web.sensitive/main/?lang=fr' successfully

2018-08-22 16:23:43 - [TEST_STEP][PASSED] - maximizeWindow: Current window maximized

2018-08-22 16:23:44 - [MESSAGE][PASSED] - Current window maximized

2018-08-22 16:23:44 - [TEST_STEP][PASSED] - setText: Text 'DP_EBLOX_RPP_VASCO' is set on object 'Object Repository/Page_mysdworx - Log in/input_Username'

2018-08-22 16:23:48 - [MESSAGE][PASSED] - Text 'DP_EBLOX_RPP_VASCO' is set on object 'Object Repository/Page_mysdworx - Log in/input_Username'

2018-08-22 16:23:48 - [TEST_STEP][PASSED] - Statement - frame = new javax.swing.JFrame(User Input Frame): null

2018-08-22 16:23:48 - [TEST_STEP][PASSED] - Statement - frame.requestFocus(): null

2018-08-22 16:23:48 - [TEST_STEP][PASSED] - Statement - pass = javax.swing.JOptionPane.showInputDialog(frame, "Enter the password from token!!"): null

2018-08-22 16:24:08 - [TEST_STEP][PASSED] - delay: Delayed 2 second(s)

2018-08-22 16:24:10 - [MESSAGE][PASSED] - Delayed 2 second(s)

2018-08-22 16:24:10 - [TEST_STEP][FAILED] - setText: Unable to set text 'null' of object 'Object Repository/Page_mysdworx - Log in/input_Password' (Root cause: java.lang.IllegalArgumentException: Text is null)

2018-08-22 16:24:11 - [MESSAGE][FAILED] - Unable to set text 'null' of object 'Object Repository/Page_mysdworx - Log in/input_Password' (Root cause: java.lang.IllegalArgumentException: Text is null)
[[ATTACHMENT|C:\\Users\\seeboruts\\OneDrive - SD Worx\\Desktop\\Katalon_eBlox_Reporting\\Reports\\testing\\Eblox Reporting DEmo\\20180822_162330\\1534940650866.png]]

2018-08-22 16:24:11 - [MESSAGE][FAILED] - Unable to call Test Case with id 'Test Cases/Login/TC1 Login to Mysdworx' (Root cause: Call Test Case 'Test Cases/Login/TC1 Login to Mysdworx' failed)]]></system-out>
         <system-err><![CDATA[2018-08-22 16:23:33 - [TEST_CASE][FAILED] - Test Cases/New Folder/TC2 NEW: Test Cases/New Folder/TC2 NEW FAILED because (of) Unable to set text 'null' of object 'Object Repository/Page_mysdworx - Log in/input_Password' (Root cause: java.lang.IllegalArgumentException: Text is null)]]></system-err>
      </testcase>
      <system-out><![CDATA[2018-08-22 16:23:33 - [TEST_SUITE][FAILED] - Eblox Reporting DEmo: Test Cases/New Folder/TC2 NEW FAILED because (of) Unable to set text 'null' of object 'Object Repository/Page_mysdworx - Log in/input_Password' (Root cause: java.lang.IllegalArgumentException: Text is null)]]></system-out>
      <system-err><![CDATA[2018-08-22 16:23:33 - [TEST_SUITE][FAILED] - Eblox Reporting DEmo: Test Cases/New Folder/TC2 NEW FAILED because (of) Unable to set text 'null' of object 'Object Repository/Page_mysdworx - Log in/input_Password' (Root cause: java.lang.IllegalArgumentException: Text is null)]]></system-err>
   </testsuite>
</testsuites>
