<?xml version="1.0" encoding="UTF-8"?>
<testsuites name="New Test Suite" time="1966" tests="5" failures="12" errors="0">
   <testsuite name="New Test Suite" tests="5" failures="12" errors="0" time="1966" timestamp="2018-08-17 13:27:20" hostname="SEEBORUTS - 5CG7062KWD.SD.DIKA.BE" id="Test Suites/testing/New Test Suite">
      <properties>
         <property name="deviceName" value=""/>
         <property name="devicePlatform" value=""/>
         <property name="logFolder" value="C:\\Users\\seeboruts\\OneDrive - SD Worx\\Desktop\\Katalon_eBlox_Reporting\\Reports\\testing\\New Test Suite\\20180817_132718"/>
         <property name="logFiles" value="C:\\Users\\seeboruts\\OneDrive - SD Worx\\Desktop\\Katalon_eBlox_Reporting\\Reports\\testing\\New Test Suite\\20180817_132718\\execution0.log"/>
         <property name="attachments" value="C:\\Users\\seeboruts\\OneDrive - SD Worx\\Desktop\\Katalon_eBlox_Reporting\\Reports\\testing\\New Test Suite\\20180817_132718\\1534498169684.png, C:\\Users\\seeboruts\\OneDrive - SD Worx\\Desktop\\Katalon_eBlox_Reporting\\Reports\\testing\\New Test Suite\\20180817_132718\\1534498262674.png, C:\\Users\\seeboruts\\OneDrive - SD Worx\\Desktop\\Katalon_eBlox_Reporting\\Reports\\testing\\New Test Suite\\20180817_132718\\1534498401524.png, C:\\Users\\seeboruts\\OneDrive - SD Worx\\Desktop\\Katalon_eBlox_Reporting\\Reports\\testing\\New Test Suite\\20180817_132718\\1534498517396.png, C:\\Users\\seeboruts\\OneDrive - SD Worx\\Desktop\\Katalon_eBlox_Reporting\\Reports\\testing\\New Test Suite\\20180817_132718\\1534498710303.png, C:\\Users\\seeboruts\\OneDrive - SD Worx\\Desktop\\Katalon_eBlox_Reporting\\Reports\\testing\\New Test Suite\\20180817_132718\\1534498878039.png, C:\\Users\\seeboruts\\OneDrive - SD Worx\\Desktop\\Katalon_eBlox_Reporting\\Reports\\testing\\New Test Suite\\20180817_132718\\1534499486578.png, C:\\Users\\seeboruts\\OneDrive - SD Worx\\Desktop\\Katalon_eBlox_Reporting\\Reports\\testing\\New Test Suite\\20180817_132718\\1534499585892.png, C:\\Users\\seeboruts\\OneDrive - SD Worx\\Desktop\\Katalon_eBlox_Reporting\\Reports\\testing\\New Test Suite\\20180817_132718\\1534499701076.png, C:\\Users\\seeboruts\\OneDrive - SD Worx\\Desktop\\Katalon_eBlox_Reporting\\Reports\\testing\\New Test Suite\\20180817_132718\\1534499890201.png, C:\\Users\\seeboruts\\OneDrive - SD Worx\\Desktop\\Katalon_eBlox_Reporting\\Reports\\testing\\New Test Suite\\20180817_132718\\1534500006158.png"/>
         <property name="hostName" value="SEEBORUTS - 5CG7062KWD.SD.DIKA.BE"/>
         <property name="os" value="Windows 10 64bit"/>
         <property name="katalonVersion" value="5.6.0.1"/>
         <property name="browser" value="Chrome 68.0.3440.106"/>
         <property name="hostAddress" value="10.136.82.127"/>
         <property name="sessionId" value="d3b7cadfc1ce7046c16ee73974c5d8bf"/>
         <property name="seleniumVersion" value="3.7.1"/>
         <property name="proxyInformation" value="ProxyInformation{proxyOption=NO_PROXY, proxyServerType=HTTP, password=, proxyServerAddress=, proxyServerPort=0}"/>
         <property name="platform" value="Windows 10"/>
      </properties>
      <testcase name="Test Cases/New Folder/TC1 LANGUAGE" classname="Test Cases/New Folder/TC1 LANGUAGE" status="FAILED">
         <failure type="FAILED" message="Unable to set text 'test to delete' of object 'Object Repository/Mes rapports Obj/input search filter' (Root cause: org.openqa.selenium.InvalidSelectorException: invalid selector: Unable to locate an element with the xpath expression  because of the following error:
SyntaxError: Failed to execute 'evaluate' on 'Document': The string '' is not a valid XPath expression.
  (Session info: chrome=68.0.3440.106)
  (Driver info: chromedriver=2.35.528161 (5b82f2d2aae0ca24b877009200ced9065a772e73),platform=Windows NT 10.0.16299 x86_64) (WARNING: The server did not provide any stacktrace information)
Command duration or timeout: 0 milliseconds
For documentation on this error, please visit: http://seleniumhq.org/exceptions/invalid_selector_exception.html
Build info: version: '3.7.1', revision: '8a0099a', time: '2017-11-06T21:07:36.161Z'
System info: host: '5CG7062KWD', ip: '10.136.82.127', os.name: 'Windows 10', os.arch: 'amd64', os.version: '10.0', java.version: '1.8.0_181'
Driver info: com.kms.katalon.selenium.driver.CChromeDriver
Capabilities {acceptInsecureCerts: false, acceptSslCerts: false, applicationCacheEnabled: false, browserConnectionEnabled: false, browserName: chrome, chrome: {chromedriverVersion: 2.35.528161 (5b82f2d2aae0ca..., userDataDir: C:\Users\SEEBOR~1\AppData\L...}, cssSelectorsEnabled: true, databaseEnabled: false, handlesAlerts: true, hasTouchScreen: false, javascriptEnabled: true, locationContextEnabled: true, mobileEmulationEnabled: false, nativeEvents: true, networkConnectionEnabled: false, pageLoadStrategy: normal, platform: XP, platformName: XP, rotatable: false, setWindowRect: true, takesHeapSnapshot: true, takesScreenshot: true, unexpectedAlertBehaviour: , unhandledPromptBehavior: , version: 68.0.3440.106, webStorageEnabled: true}
Session ID: 47062c5a8e95502431c3886e02aa6c50
*** Element info: {Using=xpath, value=})"/>
         <system-out><![CDATA[2018-08-17 13:27:21 - [TEST_CASE][FAILED] - Test Cases/New Folder/TC1 LANGUAGE: Test Cases/New Folder/TC1 LANGUAGE FAILED because (of) Unable to set text 'test to delete' of object 'Object Repository/Mes rapports Obj/input search filter' (Root cause: org.openqa.selenium.InvalidSelectorException: invalid selector: Unable to locate an element with the xpath expression  because of the following error:
SyntaxError: Failed to execute 'evaluate' on 'Document': The string '' is not a valid XPath expression.
  (Session info: chrome=68.0.3440.106)
  (Driver info: chromedriver=2.35.528161 (5b82f2d2aae0ca24b877009200ced9065a772e73),platform=Windows NT 10.0.16299 x86_64) (WARNING: The server did not provide any stacktrace information)
Command duration or timeout: 0 milliseconds
For documentation on this error, please visit: http://seleniumhq.org/exceptions/invalid_selector_exception.html
Build info: version: '3.7.1', revision: '8a0099a', time: '2017-11-06T21:07:36.161Z'
System info: host: '5CG7062KWD', ip: '10.136.82.127', os.name: 'Windows 10', os.arch: 'amd64', os.version: '10.0', java.version: '1.8.0_181'
Driver info: com.kms.katalon.selenium.driver.CChromeDriver
Capabilities {acceptInsecureCerts: false, acceptSslCerts: false, applicationCacheEnabled: false, browserConnectionEnabled: false, browserName: chrome, chrome: {chromedriverVersion: 2.35.528161 (5b82f2d2aae0ca..., userDataDir: C:\Users\SEEBOR~1\AppData\L...}, cssSelectorsEnabled: true, databaseEnabled: false, handlesAlerts: true, hasTouchScreen: false, javascriptEnabled: true, locationContextEnabled: true, mobileEmulationEnabled: false, nativeEvents: true, networkConnectionEnabled: false, pageLoadStrategy: normal, platform: XP, platformName: XP, rotatable: false, setWindowRect: true, takesHeapSnapshot: true, takesScreenshot: true, unexpectedAlertBehaviour: , unhandledPromptBehavior: , version: 68.0.3440.106, webStorageEnabled: true}
Session ID: 47062c5a8e95502431c3886e02aa6c50
*** Element info: {Using=xpath, value=})

2018-08-17 13:27:21 - [TEST_STEP][PASSED] - callTestCase: Call Test Case 'Test Cases/Login/TC1 Login to Mysdworx' successfully

2018-08-17 13:27:21 - [TEST_CASE][PASSED] - Test Cases/Login/TC1 Login to Mysdworx: Test Cases/Login/TC1 Login to Mysdworx

2018-08-17 13:27:22 - [TEST_STEP][PASSED] - openBrowser: Browser is opened with url: ''

2018-08-17 13:27:25 - [MESSAGE][PASSED] - Browser is opened with url: ''

2018-08-17 13:27:25 - [TEST_STEP][PASSED] - navigateToUrl: Navigate to 'https://internet.acc.sd.dika.be/ebloxreporting/web.sensitive/main/?lang=fr' successfully

2018-08-17 13:27:30 - [MESSAGE][PASSED] - Navigate to 'https://internet.acc.sd.dika.be/ebloxreporting/web.sensitive/main/?lang=fr' successfully

2018-08-17 13:27:30 - [TEST_STEP][PASSED] - maximizeWindow: Current window maximized

2018-08-17 13:27:31 - [MESSAGE][PASSED] - Current window maximized

2018-08-17 13:27:31 - [TEST_STEP][PASSED] - setText: Text 'DP_EBLOX_RPP_VASCO' is set on object 'Object Repository/Page_mysdworx - Log in/input_Username'

2018-08-17 13:27:35 - [MESSAGE][PASSED] - Text 'DP_EBLOX_RPP_VASCO' is set on object 'Object Repository/Page_mysdworx - Log in/input_Username'

2018-08-17 13:27:35 - [TEST_STEP][PASSED] - Statement - frame = new javax.swing.JFrame(User Input Frame): null

2018-08-17 13:27:35 - [TEST_STEP][PASSED] - Statement - frame.requestFocus(): null

2018-08-17 13:27:35 - [TEST_STEP][PASSED] - Statement - pass = javax.swing.JOptionPane.showInputDialog(frame, "Enter the password from token!!"): null

2018-08-17 13:27:38 - [TEST_STEP][PASSED] - delay: Delayed 5 second(s)

2018-08-17 13:27:43 - [MESSAGE][PASSED] - Delayed 5 second(s)

2018-08-17 13:27:43 - [TEST_STEP][PASSED] - setText: Text '036604' is set on object 'Object Repository/Page_mysdworx - Log in/input_Password'

2018-08-17 13:27:43 - [MESSAGE][PASSED] - Text '036604' is set on object 'Object Repository/Page_mysdworx - Log in/input_Password'

2018-08-17 13:27:43 - [TEST_STEP][PASSED] - click: Object: 'Object Repository/Page_mysdworx - Log in/button_Se connecter' is clicked on

2018-08-17 13:27:43 - [MESSAGE][PASSED] - Object: 'Object Repository/Page_mysdworx - Log in/button_Se connecter' is clicked on

2018-08-17 13:27:43 - [TEST_STEP][PASSED] - waitForPageLoad: Wait for page load successfully

2018-08-17 13:27:43 - [MESSAGE][PASSED] - Wait for page load successfully

2018-08-17 13:27:43 - [TEST_STEP][NOT_RUN] - closeBrowser: NOT_RUN: closeBrowser

2018-08-17 13:27:43 - [MESSAGE][NOT_RUN] - NOT_RUN: closeBrowser

2018-08-17 13:27:43 - [MESSAGE][PASSED] - Call Test Case 'Test Cases/Login/TC1 Login to Mysdworx' successfully

2018-08-17 13:27:43 - [TEST_STEP][PASSED] - waitForPageLoad: Wait for page load successfully

2018-08-17 13:27:43 - [MESSAGE][PASSED] - Wait for page load successfully

2018-08-17 13:27:43 - [TEST_STEP][PASSED] - callTestCase: Call Test Case 'Test Cases/Select Language/TC1 Verify NL language' successfully

2018-08-17 13:27:43 - [TEST_CASE][PASSED] - Test Cases/Select Language/TC1 Verify NL language: Test Cases/Select Language/TC1 Verify NL language

2018-08-17 13:27:44 - [TEST_STEP][PASSED] - waitForElementClickable: Object 'Object Repository/Change language link Obj/NL_language' is clickable

2018-08-17 13:28:10 - [MESSAGE][PASSED] - Object 'Object Repository/Change language link Obj/NL_language' is clickable

2018-08-17 13:28:10 - [TEST_STEP][PASSED] - click: Object: 'Object Repository/Change language link Obj/NL_language' is clicked on

2018-08-17 13:28:15 - [MESSAGE][PASSED] - Object: 'Object Repository/Change language link Obj/NL_language' is clicked on

2018-08-17 13:28:15 - [TEST_STEP][PASSED] - waitForPageLoad: Wait for page load successfully

2018-08-17 13:28:15 - [MESSAGE][PASSED] - Wait for page load successfully

2018-08-17 13:28:15 - [MESSAGE][PASSED] - Call Test Case 'Test Cases/Select Language/TC1 Verify NL language' successfully

2018-08-17 13:28:15 - [TEST_STEP][PASSED] - waitForPageLoad: Wait for page load successfully

2018-08-17 13:28:15 - [MESSAGE][PASSED] - Wait for page load successfully

2018-08-17 13:28:15 - [TEST_STEP][PASSED] - callTestCase: Call Test Case 'Test Cases/Mes rapports/Main Page/TC Verify Mes rapports tab' successfully

2018-08-17 13:28:15 - [TEST_CASE][PASSED] - Test Cases/Mes rapports/Main Page/TC Verify Mes rapports tab: Test Cases/Mes rapports/Main Page/TC Verify Mes rapports tab

2018-08-17 13:28:15 - [TEST_STEP][PASSED] - click: Object: 'Object Repository/Mes rapports Obj/Mes rapports_tab' is clicked on

2018-08-17 13:28:15 - [MESSAGE][PASSED] - Object: 'Object Repository/Mes rapports Obj/Mes rapports_tab' is clicked on

2018-08-17 13:28:15 - [MESSAGE][PASSED] - Call Test Case 'Test Cases/Mes rapports/Main Page/TC Verify Mes rapports tab' successfully

2018-08-17 13:28:15 - [TEST_STEP][PASSED] - waitForPageLoad: Wait for page load successfully

2018-08-17 13:28:15 - [MESSAGE][PASSED] - Wait for page load successfully

2018-08-17 13:28:15 - [TEST_STEP][PASSED] - callTestCase: Call Test Case 'Test Cases/Mes rapports/Main Page/TC Verify Deployer function' successfully

2018-08-17 13:28:15 - [TEST_CASE][PASSED] - Test Cases/Mes rapports/Main Page/TC Verify Deployer function: Test Cases/Mes rapports/Main Page/TC Verify Deployer function

2018-08-17 13:28:16 - [TEST_STEP][PASSED] - waitForPageLoad: Wait for page load successfully

2018-08-17 13:28:16 - [MESSAGE][PASSED] - Wait for page load successfully

2018-08-17 13:28:16 - [TEST_STEP][PASSED] - waitForElementClickable: Object 'Object Repository/Mes rapports Obj/button_setting_dropdown' is clickable

2018-08-17 13:28:18 - [MESSAGE][PASSED] - Object 'Object Repository/Mes rapports Obj/button_setting_dropdown' is clickable

2018-08-17 13:28:18 - [TEST_STEP][PASSED] - click: Object: 'Object Repository/Mes rapports Obj/button_setting_dropdown' is clicked on

2018-08-17 13:28:18 - [MESSAGE][PASSED] - Object: 'Object Repository/Mes rapports Obj/button_setting_dropdown' is clicked on

2018-08-17 13:28:18 - [TEST_STEP][PASSED] - click: Object: 'Object Repository/Mes rapports Obj/a_Dployer tout' is clicked on

2018-08-17 13:28:21 - [MESSAGE][PASSED] - Object: 'Object Repository/Mes rapports Obj/a_Dployer tout' is clicked on

2018-08-17 13:28:21 - [MESSAGE][PASSED] - Call Test Case 'Test Cases/Mes rapports/Main Page/TC Verify Deployer function' successfully

2018-08-17 13:28:21 - [TEST_STEP][PASSED] - waitForPageLoad: Wait for page load successfully

2018-08-17 13:28:21 - [MESSAGE][PASSED] - Wait for page load successfully

2018-08-17 13:28:21 - [TEST_STEP][PASSED] - callTestCase: Call Test Case 'Test Cases/Mes rapports/Main Page/TC Verify Masquer function' successfully

2018-08-17 13:28:21 - [TEST_CASE][PASSED] - Test Cases/Mes rapports/Main Page/TC Verify Masquer function: Test Cases/Mes rapports/Main Page/TC Verify Masquer function

2018-08-17 13:28:21 - [TEST_STEP][PASSED] - click: Object: 'Object Repository/Mes rapports Obj/button_setting_dropdown' is clicked on

2018-08-17 13:28:22 - [MESSAGE][PASSED] - Object: 'Object Repository/Mes rapports Obj/button_setting_dropdown' is clicked on

2018-08-17 13:28:22 - [TEST_STEP][PASSED] - click: Object: 'Object Repository/Mes rapports Obj/a_Masquer tout' is clicked on

2018-08-17 13:28:22 - [MESSAGE][PASSED] - Object: 'Object Repository/Mes rapports Obj/a_Masquer tout' is clicked on

2018-08-17 13:28:22 - [MESSAGE][PASSED] - Call Test Case 'Test Cases/Mes rapports/Main Page/TC Verify Masquer function' successfully

2018-08-17 13:28:22 - [TEST_STEP][PASSED] - callTestCase: Call Test Case 'Test Cases/Mes rapports/Main Page/TC Verify info icon function' successfully

2018-08-17 13:28:22 - [TEST_CASE][PASSED] - Test Cases/Mes rapports/Main Page/TC Verify info icon function: Test Cases/Mes rapports/Main Page/TC Verify info icon function

2018-08-17 13:28:22 - [TEST_STEP][PASSED] - click: Object: 'Object Repository/Mes rapports Obj/info_Icon' is clicked on

2018-08-17 13:28:22 - [MESSAGE][PASSED] - Object: 'Object Repository/Mes rapports Obj/info_Icon' is clicked on

2018-08-17 13:28:22 - [MESSAGE][PASSED] - Call Test Case 'Test Cases/Mes rapports/Main Page/TC Verify info icon function' successfully

2018-08-17 13:28:22 - [TEST_STEP][PASSED] - callTestCase: Call Test Case 'Test Cases/Mes rapports/Main Page/TC Verify Url' successfully

2018-08-17 13:28:22 - [TEST_CASE][PASSED] - Test Cases/Mes rapports/Main Page/TC Verify Url: Test Cases/Mes rapports/Main Page/TC Verify Url

2018-08-17 13:28:22 - [TEST_STEP][PASSED] - waitForPageLoad: Wait for page load successfully

2018-08-17 13:28:23 - [MESSAGE][PASSED] - Wait for page load successfully

2018-08-17 13:28:23 - [TEST_STEP][PASSED] - Statement - url = com.kms.katalon.core.webui.keyword.WebUiBuiltInKeywords.getUrl(): Current window's url is: 'https://internet.acc.sd.dika.be/ebloxreporting/web.sensitive/main/FpyDF/iIz9g8MffKNXfNyb1H/NL/#/mijnrapporten'

2018-08-17 13:28:23 - [MESSAGE][PASSED] - Current window's url is: 'https://internet.acc.sd.dika.be/ebloxreporting/web.sensitive/main/FpyDF/iIz9g8MffKNXfNyb1H/NL/#/mijnrapporten'

2018-08-17 13:28:23 - [TEST_STEP][PASSED] - Statement - p = java.util.regex.Pattern.compile("00040 ANTILOPE GROEP"): null

2018-08-17 13:28:23 - [TEST_STEP][PASSED] - Statement - m = p.matcher(url): null

2018-08-17 13:28:23 - [TEST_STEP][PASSED] - Statement - If (m.find()): null

2018-08-17 13:28:23 - [TEST_STEP][PASSED] - Statement - Else: The user name and the concern number are not present in the URL

2018-08-17 13:28:23 - [TEST_STEP][PASSED] - Statement - com.kms.katalon.core.util.KeywordUtil.markPassed("The user name and the concern number are not present in the URL"): The user name and the concern number are not present in the URL

2018-08-17 13:28:23 - [MESSAGE][PASSED] - The user name and the concern number are not present in the URL

2018-08-17 13:28:23 - [MESSAGE][PASSED] - Call Test Case 'Test Cases/Mes rapports/Main Page/TC Verify Url' successfully

2018-08-17 13:28:23 - [TEST_STEP][PASSED] - waitForPageLoad: Wait for page load successfully

2018-08-17 13:28:23 - [MESSAGE][PASSED] - Wait for page load successfully

2018-08-17 13:28:23 - [TEST_STEP][PASSED] - callTestCase: Call Test Case 'Test Cases/Select Language/TC2 Verify FR Language' successfully

2018-08-17 13:28:23 - [TEST_CASE][PASSED] - Test Cases/Select Language/TC2 Verify FR Language: Test Cases/Select Language/TC2 Verify FR Language

2018-08-17 13:28:23 - [TEST_STEP][PASSED] - click: Object: 'Object Repository/Change language link Obj/FR_language' is clicked on

2018-08-17 13:28:27 - [MESSAGE][PASSED] - Object: 'Object Repository/Change language link Obj/FR_language' is clicked on

2018-08-17 13:28:27 - [TEST_STEP][PASSED] - waitForPageLoad: Wait for page load successfully

2018-08-17 13:28:27 - [MESSAGE][PASSED] - Wait for page load successfully

2018-08-17 13:28:27 - [MESSAGE][PASSED] - Call Test Case 'Test Cases/Select Language/TC2 Verify FR Language' successfully

2018-08-17 13:28:27 - [TEST_STEP][PASSED] - waitForPageLoad: Wait for page load successfully

2018-08-17 13:28:27 - [MESSAGE][PASSED] - Wait for page load successfully

2018-08-17 13:28:27 - [TEST_STEP][PASSED] - callTestCase: Call Test Case 'Test Cases/Mes rapports/Main Page/TC Verify Mes rapports tab' successfully

2018-08-17 13:28:27 - [TEST_CASE][PASSED] - Test Cases/Mes rapports/Main Page/TC Verify Mes rapports tab: Test Cases/Mes rapports/Main Page/TC Verify Mes rapports tab

2018-08-17 13:28:27 - [TEST_STEP][PASSED] - click: Object: 'Object Repository/Mes rapports Obj/Mes rapports_tab' is clicked on

2018-08-17 13:28:27 - [MESSAGE][PASSED] - Object: 'Object Repository/Mes rapports Obj/Mes rapports_tab' is clicked on

2018-08-17 13:28:27 - [MESSAGE][PASSED] - Call Test Case 'Test Cases/Mes rapports/Main Page/TC Verify Mes rapports tab' successfully

2018-08-17 13:28:27 - [TEST_STEP][PASSED] - waitForPageLoad: Wait for page load successfully

2018-08-17 13:28:27 - [MESSAGE][PASSED] - Wait for page load successfully

2018-08-17 13:28:27 - [TEST_STEP][PASSED] - callTestCase: Call Test Case 'Test Cases/Mes rapports/Main Page/TC Verify Deployer function' successfully

2018-08-17 13:28:27 - [TEST_CASE][PASSED] - Test Cases/Mes rapports/Main Page/TC Verify Deployer function: Test Cases/Mes rapports/Main Page/TC Verify Deployer function

2018-08-17 13:28:27 - [TEST_STEP][PASSED] - waitForPageLoad: Wait for page load successfully

2018-08-17 13:28:27 - [MESSAGE][PASSED] - Wait for page load successfully

2018-08-17 13:28:27 - [TEST_STEP][PASSED] - waitForElementClickable: Object 'Object Repository/Mes rapports Obj/button_setting_dropdown' is clickable

2018-08-17 13:28:30 - [MESSAGE][PASSED] - Object 'Object Repository/Mes rapports Obj/button_setting_dropdown' is clickable

2018-08-17 13:28:30 - [TEST_STEP][PASSED] - click: Object: 'Object Repository/Mes rapports Obj/button_setting_dropdown' is clicked on

2018-08-17 13:28:30 - [MESSAGE][PASSED] - Object: 'Object Repository/Mes rapports Obj/button_setting_dropdown' is clicked on

2018-08-17 13:28:30 - [TEST_STEP][PASSED] - click: Object: 'Object Repository/Mes rapports Obj/a_Dployer tout' is clicked on

2018-08-17 13:28:33 - [MESSAGE][PASSED] - Object: 'Object Repository/Mes rapports Obj/a_Dployer tout' is clicked on

2018-08-17 13:28:33 - [MESSAGE][PASSED] - Call Test Case 'Test Cases/Mes rapports/Main Page/TC Verify Deployer function' successfully

2018-08-17 13:28:33 - [TEST_STEP][PASSED] - waitForPageLoad: Wait for page load successfully

2018-08-17 13:28:33 - [MESSAGE][PASSED] - Wait for page load successfully

2018-08-17 13:28:33 - [TEST_STEP][PASSED] - callTestCase: Call Test Case 'Test Cases/Mes rapports/Main Page/TC Verify Masquer function' successfully

2018-08-17 13:28:34 - [TEST_CASE][PASSED] - Test Cases/Mes rapports/Main Page/TC Verify Masquer function: Test Cases/Mes rapports/Main Page/TC Verify Masquer function

2018-08-17 13:28:34 - [TEST_STEP][PASSED] - click: Object: 'Object Repository/Mes rapports Obj/button_setting_dropdown' is clicked on

2018-08-17 13:28:34 - [MESSAGE][PASSED] - Object: 'Object Repository/Mes rapports Obj/button_setting_dropdown' is clicked on

2018-08-17 13:28:34 - [TEST_STEP][PASSED] - click: Object: 'Object Repository/Mes rapports Obj/a_Masquer tout' is clicked on

2018-08-17 13:28:34 - [MESSAGE][PASSED] - Object: 'Object Repository/Mes rapports Obj/a_Masquer tout' is clicked on

2018-08-17 13:28:34 - [MESSAGE][PASSED] - Call Test Case 'Test Cases/Mes rapports/Main Page/TC Verify Masquer function' successfully

2018-08-17 13:28:34 - [TEST_STEP][PASSED] - callTestCase: Call Test Case 'Test Cases/Mes rapports/Main Page/TC Verify info icon function' successfully

2018-08-17 13:28:34 - [TEST_CASE][PASSED] - Test Cases/Mes rapports/Main Page/TC Verify info icon function: Test Cases/Mes rapports/Main Page/TC Verify info icon function

2018-08-17 13:28:34 - [TEST_STEP][PASSED] - click: Object: 'Object Repository/Mes rapports Obj/info_Icon' is clicked on

2018-08-17 13:28:34 - [MESSAGE][PASSED] - Object: 'Object Repository/Mes rapports Obj/info_Icon' is clicked on

2018-08-17 13:28:34 - [MESSAGE][PASSED] - Call Test Case 'Test Cases/Mes rapports/Main Page/TC Verify info icon function' successfully

2018-08-17 13:28:34 - [TEST_STEP][PASSED] - callTestCase: Call Test Case 'Test Cases/Mes rapports/Main Page/TC Verify Url' successfully

2018-08-17 13:28:34 - [TEST_CASE][PASSED] - Test Cases/Mes rapports/Main Page/TC Verify Url: Test Cases/Mes rapports/Main Page/TC Verify Url

2018-08-17 13:28:34 - [TEST_STEP][PASSED] - waitForPageLoad: Wait for page load successfully

2018-08-17 13:28:34 - [MESSAGE][PASSED] - Wait for page load successfully

2018-08-17 13:28:34 - [TEST_STEP][PASSED] - Statement - url = com.kms.katalon.core.webui.keyword.WebUiBuiltInKeywords.getUrl(): Current window's url is: 'https://internet.acc.sd.dika.be/ebloxreporting/web.sensitive/main/FpyDF/iIz9g8MffKNXfNyb1H/FR/#/mijnrapporten'

2018-08-17 13:28:34 - [MESSAGE][PASSED] - Current window's url is: 'https://internet.acc.sd.dika.be/ebloxreporting/web.sensitive/main/FpyDF/iIz9g8MffKNXfNyb1H/FR/#/mijnrapporten'

2018-08-17 13:28:34 - [TEST_STEP][PASSED] - Statement - p = java.util.regex.Pattern.compile("00040 ANTILOPE GROEP"): null

2018-08-17 13:28:34 - [TEST_STEP][PASSED] - Statement - m = p.matcher(url): null

2018-08-17 13:28:34 - [TEST_STEP][PASSED] - Statement - If (m.find()): null

2018-08-17 13:28:34 - [TEST_STEP][PASSED] - Statement - Else: The user name and the concern number are not present in the URL

2018-08-17 13:28:34 - [TEST_STEP][PASSED] - Statement - com.kms.katalon.core.util.KeywordUtil.markPassed("The user name and the concern number are not present in the URL"): The user name and the concern number are not present in the URL

2018-08-17 13:28:34 - [MESSAGE][PASSED] - The user name and the concern number are not present in the URL

2018-08-17 13:28:34 - [MESSAGE][PASSED] - Call Test Case 'Test Cases/Mes rapports/Main Page/TC Verify Url' successfully

2018-08-17 13:28:34 - [TEST_STEP][PASSED] - waitForPageLoad: Wait for page load successfully

2018-08-17 13:28:34 - [MESSAGE][PASSED] - Wait for page load successfully

2018-08-17 13:28:34 - [TEST_STEP][PASSED] - callTestCase: Call Test Case 'Test Cases/Select Language/TC2 Verify FR Language' successfully

2018-08-17 13:28:34 - [TEST_CASE][PASSED] - Test Cases/Select Language/TC2 Verify FR Language: Test Cases/Select Language/TC2 Verify FR Language

2018-08-17 13:28:34 - [TEST_STEP][PASSED] - click: Object: 'Object Repository/Change language link Obj/FR_language' is clicked on

2018-08-17 13:28:34 - [MESSAGE][PASSED] - Object: 'Object Repository/Change language link Obj/FR_language' is clicked on

2018-08-17 13:28:34 - [TEST_STEP][PASSED] - waitForPageLoad: Wait for page load successfully

2018-08-17 13:28:34 - [MESSAGE][PASSED] - Wait for page load successfully

2018-08-17 13:28:34 - [MESSAGE][PASSED] - Call Test Case 'Test Cases/Select Language/TC2 Verify FR Language' successfully

2018-08-17 13:28:34 - [TEST_STEP][PASSED] - waitForPageLoad: Wait for page load successfully

2018-08-17 13:28:34 - [MESSAGE][PASSED] - Wait for page load successfully

2018-08-17 13:28:34 - [TEST_STEP][PASSED] - callTestCase: Call Test Case 'Test Cases/Select Language/TC1 Verify NL language' successfully

2018-08-17 13:28:34 - [TEST_CASE][PASSED] - Test Cases/Select Language/TC1 Verify NL language: Test Cases/Select Language/TC1 Verify NL language

2018-08-17 13:28:34 - [TEST_STEP][PASSED] - waitForElementClickable: Object 'Object Repository/Change language link Obj/NL_language' is clickable

2018-08-17 13:28:34 - [MESSAGE][PASSED] - Object 'Object Repository/Change language link Obj/NL_language' is clickable

2018-08-17 13:28:34 - [TEST_STEP][PASSED] - click: Object: 'Object Repository/Change language link Obj/NL_language' is clicked on

2018-08-17 13:28:39 - [MESSAGE][PASSED] - Object: 'Object Repository/Change language link Obj/NL_language' is clicked on

2018-08-17 13:28:39 - [TEST_STEP][PASSED] - waitForPageLoad: Wait for page load successfully

2018-08-17 13:28:39 - [MESSAGE][PASSED] - Wait for page load successfully

2018-08-17 13:28:39 - [MESSAGE][PASSED] - Call Test Case 'Test Cases/Select Language/TC1 Verify NL language' successfully

2018-08-17 13:28:39 - [TEST_STEP][PASSED] - waitForPageLoad: Wait for page load successfully

2018-08-17 13:28:39 - [MESSAGE][PASSED] - Wait for page load successfully

2018-08-17 13:28:39 - [TEST_STEP][PASSED] - callTestCase: Call Test Case 'Test Cases/Menu- Bibliotheque/TC Verify Bibliotheque tab' successfully

2018-08-17 13:28:39 - [TEST_CASE][PASSED] - Test Cases/Menu- Bibliotheque/TC Verify Bibliotheque tab: Test Cases/Menu- Bibliotheque/TC Verify Bibliotheque tab

2018-08-17 13:28:39 - [TEST_STEP][PASSED] - click: Object: 'Object Repository/Bibliotheque Obj/Bibliothque_tab' is clicked on

2018-08-17 13:28:39 - [MESSAGE][PASSED] - Object: 'Object Repository/Bibliotheque Obj/Bibliothque_tab' is clicked on

2018-08-17 13:28:39 - [MESSAGE][PASSED] - Call Test Case 'Test Cases/Menu- Bibliotheque/TC Verify Bibliotheque tab' successfully

2018-08-17 13:28:39 - [TEST_STEP][PASSED] - waitForPageLoad: Wait for page load successfully

2018-08-17 13:28:39 - [MESSAGE][PASSED] - Wait for page load successfully

2018-08-17 13:28:39 - [TEST_STEP][PASSED] - callTestCase: Call Test Case 'Test Cases/Menu- Bibliotheque/TC1 Verify Deployer function' successfully

2018-08-17 13:28:39 - [TEST_CASE][PASSED] - Test Cases/Menu- Bibliotheque/TC1 Verify Deployer function: Test Cases/Menu- Bibliotheque/TC1 Verify Deployer function

2018-08-17 13:28:39 - [TEST_STEP][PASSED] - waitForPageLoad: Wait for page load successfully

2018-08-17 13:28:39 - [MESSAGE][PASSED] - Wait for page load successfully

2018-08-17 13:28:39 - [TEST_STEP][PASSED] - click: Object: 'Object Repository/Bibliotheque Obj/button_setting_dropdown' is clicked on

2018-08-17 13:28:42 - [MESSAGE][PASSED] - Object: 'Object Repository/Bibliotheque Obj/button_setting_dropdown' is clicked on

2018-08-17 13:28:42 - [TEST_STEP][PASSED] - click: Object: 'Object Repository/Bibliotheque Obj/a_Dployer tout' is clicked on

2018-08-17 13:28:42 - [MESSAGE][PASSED] - Object: 'Object Repository/Bibliotheque Obj/a_Dployer tout' is clicked on

2018-08-17 13:28:42 - [MESSAGE][PASSED] - Call Test Case 'Test Cases/Menu- Bibliotheque/TC1 Verify Deployer function' successfully

2018-08-17 13:28:42 - [TEST_STEP][PASSED] - waitForPageLoad: Wait for page load successfully

2018-08-17 13:28:42 - [MESSAGE][PASSED] - Wait for page load successfully

2018-08-17 13:28:42 - [TEST_STEP][PASSED] - callTestCase: Call Test Case 'Test Cases/Menu- Bibliotheque/TC2 Verify Masquer function' successfully

2018-08-17 13:28:42 - [TEST_CASE][PASSED] - Test Cases/Menu- Bibliotheque/TC2 Verify Masquer function: Test Cases/Menu- Bibliotheque/TC2 Verify Masquer function

2018-08-17 13:28:43 - [TEST_STEP][PASSED] - click: Object: 'Object Repository/Bibliotheque Obj/button_setting_dropdown' is clicked on

2018-08-17 13:28:43 - [MESSAGE][PASSED] - Object: 'Object Repository/Bibliotheque Obj/button_setting_dropdown' is clicked on

2018-08-17 13:28:43 - [TEST_STEP][PASSED] - click: Object: 'Object Repository/Bibliotheque Obj/a_Masquer tout' is clicked on

2018-08-17 13:28:43 - [MESSAGE][PASSED] - Object: 'Object Repository/Bibliotheque Obj/a_Masquer tout' is clicked on

2018-08-17 13:28:43 - [MESSAGE][PASSED] - Call Test Case 'Test Cases/Menu- Bibliotheque/TC2 Verify Masquer function' successfully

2018-08-17 13:28:43 - [TEST_STEP][PASSED] - callTestCase: Call Test Case 'Test Cases/Menu- Bibliotheque/TC3 Verify info icon function' successfully

2018-08-17 13:28:43 - [TEST_CASE][PASSED] - Test Cases/Menu- Bibliotheque/TC3 Verify info icon function: Test Cases/Menu- Bibliotheque/TC3 Verify info icon function

2018-08-17 13:28:43 - [TEST_STEP][PASSED] - click: Object: 'Object Repository/Bibliotheque Obj/info_Icon' is clicked on

2018-08-17 13:28:43 - [MESSAGE][PASSED] - Object: 'Object Repository/Bibliotheque Obj/info_Icon' is clicked on

2018-08-17 13:28:43 - [MESSAGE][PASSED] - Call Test Case 'Test Cases/Menu- Bibliotheque/TC3 Verify info icon function' successfully

2018-08-17 13:28:43 - [TEST_STEP][PASSED] - callTestCase: Call Test Case 'Test Cases/Menu- Bibliotheque/TC4 Verify Url' successfully

2018-08-17 13:28:44 - [TEST_CASE][PASSED] - Test Cases/Menu- Bibliotheque/TC4 Verify Url: Test Cases/Menu- Bibliotheque/TC4 Verify Url

2018-08-17 13:28:44 - [TEST_STEP][PASSED] - waitForPageLoad: Wait for page load successfully

2018-08-17 13:28:44 - [MESSAGE][PASSED] - Wait for page load successfully

2018-08-17 13:28:44 - [TEST_STEP][PASSED] - Statement - url = com.kms.katalon.core.webui.keyword.WebUiBuiltInKeywords.getUrl(): Current window's url is: 'https://internet.acc.sd.dika.be/ebloxreporting/web.sensitive/main/FpyDF/iIz9g8MffKNXfNyb1H/NL/#/bibliotheek/'

2018-08-17 13:28:44 - [MESSAGE][PASSED] - Current window's url is: 'https://internet.acc.sd.dika.be/ebloxreporting/web.sensitive/main/FpyDF/iIz9g8MffKNXfNyb1H/NL/#/bibliotheek/'

2018-08-17 13:28:44 - [TEST_STEP][PASSED] - Statement - p = java.util.regex.Pattern.compile("00040 ANTILOPE GROEP"): null

2018-08-17 13:28:44 - [TEST_STEP][PASSED] - Statement - m = p.matcher(url): null

2018-08-17 13:28:44 - [TEST_STEP][PASSED] - Statement - If (m.find()): null

2018-08-17 13:28:44 - [TEST_STEP][PASSED] - Statement - Else: The user name and the concern number are not present in the URL

2018-08-17 13:28:44 - [TEST_STEP][PASSED] - Statement - com.kms.katalon.core.util.KeywordUtil.markPassed("The user name and the concern number are not present in the URL"): The user name and the concern number are not present in the URL

2018-08-17 13:28:44 - [MESSAGE][PASSED] - The user name and the concern number are not present in the URL

2018-08-17 13:28:44 - [MESSAGE][PASSED] - Call Test Case 'Test Cases/Menu- Bibliotheque/TC4 Verify Url' successfully

2018-08-17 13:28:44 - [TEST_STEP][PASSED] - callTestCase: Call Test Case 'Test Cases/Menu- Comptages/TC Verify Comptages tab' successfully

2018-08-17 13:28:44 - [TEST_CASE][PASSED] - Test Cases/Menu- Comptages/TC Verify Comptages tab: Test Cases/Menu- Comptages/TC Verify Comptages tab

2018-08-17 13:28:44 - [TEST_STEP][PASSED] - click: Object: 'Object Repository/Comptages Obj/Comptages_tab' is clicked on

2018-08-17 13:28:44 - [MESSAGE][PASSED] - Object: 'Object Repository/Comptages Obj/Comptages_tab' is clicked on

2018-08-17 13:28:44 - [MESSAGE][PASSED] - Call Test Case 'Test Cases/Menu- Comptages/TC Verify Comptages tab' successfully

2018-08-17 13:28:44 - [TEST_STEP][PASSED] - callTestCase: Call Test Case 'Test Cases/Menu- Comptages/TC2 Verify Nouveau comptage button' successfully

2018-08-17 13:28:44 - [TEST_CASE][PASSED] - Test Cases/Menu- Comptages/TC2 Verify Nouveau comptage button: Test Cases/Menu- Comptages/TC2 Verify Nouveau comptage button

2018-08-17 13:28:44 - [TEST_STEP][PASSED] - click: Object: 'Object Repository/Comptages Obj/button_Nouveau comptage' is clicked on

2018-08-17 13:28:46 - [MESSAGE][PASSED] - Object: 'Object Repository/Comptages Obj/button_Nouveau comptage' is clicked on

2018-08-17 13:28:46 - [MESSAGE][PASSED] - Call Test Case 'Test Cases/Menu- Comptages/TC2 Verify Nouveau comptage button' successfully

2018-08-17 13:28:46 - [TEST_STEP][PASSED] - callTestCase: Call Test Case 'Test Cases/Menu- Comptages/TC3 Verify Montants Function' successfully

2018-08-17 13:28:46 - [TEST_CASE][PASSED] - Test Cases/Menu- Comptages/TC3 Verify Montants Function: Test Cases/Menu- Comptages/TC3 Verify Montants Function

2018-08-17 13:28:46 - [TEST_STEP][PASSED] - click: Object: 'Object Repository/Comptages Obj/a_Montants' is clicked on

2018-08-17 13:28:47 - [MESSAGE][PASSED] - Object: 'Object Repository/Comptages Obj/a_Montants' is clicked on

2018-08-17 13:28:47 - [MESSAGE][PASSED] - Call Test Case 'Test Cases/Menu- Comptages/TC3 Verify Montants Function' successfully

2018-08-17 13:28:47 - [TEST_STEP][PASSED] - callTestCase: Call Test Case 'Test Cases/Menu- Comptages/TC4 Verify the creation of a new Comptage' successfully

2018-08-17 13:28:47 - [TEST_CASE][PASSED] - Test Cases/Menu- Comptages/TC4 Verify the creation of a new Comptage: Test Cases/Menu- Comptages/TC4 Verify the creation of a new Comptage

2018-08-17 13:28:47 - [TEST_STEP][PASSED] - setText: Text 'testing' is set on object 'Object Repository/Comptages Obj/input_comptage_name'

2018-08-17 13:28:48 - [MESSAGE][PASSED] - Text 'testing' is set on object 'Object Repository/Comptages Obj/input_comptage_name'

2018-08-17 13:28:48 - [TEST_STEP][PASSED] - delay: Delayed 5 second(s)

2018-08-17 13:28:53 - [MESSAGE][PASSED] - Delayed 5 second(s)

2018-08-17 13:28:53 - [TEST_STEP][PASSED] - click: Object: 'Object Repository/Comptages Obj/dropdown_arrow' is clicked on

2018-08-17 13:28:53 - [MESSAGE][PASSED] - Object: 'Object Repository/Comptages Obj/dropdown_arrow' is clicked on

2018-08-17 13:28:53 - [TEST_STEP][PASSED] - delay: Delayed 5 second(s)

2018-08-17 13:28:58 - [MESSAGE][PASSED] - Delayed 5 second(s)

2018-08-17 13:28:58 - [TEST_STEP][PASSED] - setText: Text 'Attest loonlasten' is set on object 'Object Repository/Comptages Obj/input_comptage_type'

2018-08-17 13:28:58 - [MESSAGE][PASSED] - Text 'Attest loonlasten' is set on object 'Object Repository/Comptages Obj/input_comptage_type'

2018-08-17 13:28:58 - [TEST_STEP][PASSED] - sendKeys: Keys 'ENTER + ' sent to object: 'Object Repository/Comptages Obj/input_comptage_type'

2018-08-17 13:28:58 - [MESSAGE][PASSED] - Keys 'ENTER + ' sent to object: 'Object Repository/Comptages Obj/input_comptage_type'

2018-08-17 13:28:58 - [MESSAGE][PASSED] - Call Test Case 'Test Cases/Menu- Comptages/TC4 Verify the creation of a new Comptage' successfully

2018-08-17 13:28:58 - [TEST_STEP][PASSED] - callTestCase: Call Test Case 'Test Cases/Menu- Comptages/TC7 Verify Sauvegarder button' successfully

2018-08-17 13:28:58 - [TEST_CASE][PASSED] - Test Cases/Menu- Comptages/TC7 Verify Sauvegarder button: Test Cases/Menu- Comptages/TC7 Verify Sauvegarder button

2018-08-17 13:28:58 - [TEST_STEP][PASSED] - click: Object: 'Object Repository/Comptages Obj/button_Sauvegarder' is clicked on

2018-08-17 13:28:58 - [MESSAGE][PASSED] - Object: 'Object Repository/Comptages Obj/button_Sauvegarder' is clicked on

2018-08-17 13:28:58 - [MESSAGE][PASSED] - Call Test Case 'Test Cases/Menu- Comptages/TC7 Verify Sauvegarder button' successfully

2018-08-17 13:28:58 - [TEST_STEP][FAILED] - setText: Unable to set text 'test to delete' of object 'Object Repository/Mes rapports Obj/input search filter' (Root cause: org.openqa.selenium.InvalidSelectorException: invalid selector: Unable to locate an element with the xpath expression  because of the following error:
SyntaxError: Failed to execute 'evaluate' on 'Document': The string '' is not a valid XPath expression.
  (Session info: chrome=68.0.3440.106)
  (Driver info: chromedriver=2.35.528161 (5b82f2d2aae0ca24b877009200ced9065a772e73),platform=Windows NT 10.0.16299 x86_64) (WARNING: The server did not provide any stacktrace information)
Command duration or timeout: 0 milliseconds
For documentation on this error, please visit: http://seleniumhq.org/exceptions/invalid_selector_exception.html
Build info: version: '3.7.1', revision: '8a0099a', time: '2017-11-06T21:07:36.161Z'
System info: host: '5CG7062KWD', ip: '10.136.82.127', os.name: 'Windows 10', os.arch: 'amd64', os.version: '10.0', java.version: '1.8.0_181'
Driver info: com.kms.katalon.selenium.driver.CChromeDriver
Capabilities {acceptInsecureCerts: false, acceptSslCerts: false, applicationCacheEnabled: false, browserConnectionEnabled: false, browserName: chrome, chrome: {chromedriverVersion: 2.35.528161 (5b82f2d2aae0ca..., userDataDir: C:\Users\SEEBOR~1\AppData\L...}, cssSelectorsEnabled: true, databaseEnabled: false, handlesAlerts: true, hasTouchScreen: false, javascriptEnabled: true, locationContextEnabled: true, mobileEmulationEnabled: false, nativeEvents: true, networkConnectionEnabled: false, pageLoadStrategy: normal, platform: XP, platformName: XP, rotatable: false, setWindowRect: true, takesHeapSnapshot: true, takesScreenshot: true, unexpectedAlertBehaviour: , unhandledPromptBehavior: , version: 68.0.3440.106, webStorageEnabled: true}
Session ID: 47062c5a8e95502431c3886e02aa6c50
*** Element info: {Using=xpath, value=})

2018-08-17 13:29:29 - [MESSAGE][FAILED] - Unable to set text 'test to delete' of object 'Object Repository/Mes rapports Obj/input search filter' (Root cause: org.openqa.selenium.InvalidSelectorException: invalid selector: Unable to locate an element with the xpath expression  because of the following error:
SyntaxError: Failed to execute 'evaluate' on 'Document': The string '' is not a valid XPath expression.
  (Session info: chrome=68.0.3440.106)
  (Driver info: chromedriver=2.35.528161 (5b82f2d2aae0ca24b877009200ced9065a772e73),platform=Windows NT 10.0.16299 x86_64) (WARNING: The server did not provide any stacktrace information)
Command duration or timeout: 0 milliseconds
For documentation on this error, please visit: http://seleniumhq.org/exceptions/invalid_selector_exception.html
Build info: version: '3.7.1', revision: '8a0099a', time: '2017-11-06T21:07:36.161Z'
System info: host: '5CG7062KWD', ip: '10.136.82.127', os.name: 'Windows 10', os.arch: 'amd64', os.version: '10.0', java.version: '1.8.0_181'
Driver info: com.kms.katalon.selenium.driver.CChromeDriver
Capabilities {acceptInsecureCerts: false, acceptSslCerts: false, applicationCacheEnabled: false, browserConnectionEnabled: false, browserName: chrome, chrome: {chromedriverVersion: 2.35.528161 (5b82f2d2aae0ca..., userDataDir: C:\Users\SEEBOR~1\AppData\L...}, cssSelectorsEnabled: true, databaseEnabled: false, handlesAlerts: true, hasTouchScreen: false, javascriptEnabled: true, locationContextEnabled: true, mobileEmulationEnabled: false, nativeEvents: true, networkConnectionEnabled: false, pageLoadStrategy: normal, platform: XP, platformName: XP, rotatable: false, setWindowRect: true, takesHeapSnapshot: true, takesScreenshot: true, unexpectedAlertBehaviour: , unhandledPromptBehavior: , version: 68.0.3440.106, webStorageEnabled: true}
Session ID: 47062c5a8e95502431c3886e02aa6c50
*** Element info: {Using=xpath, value=})
[[ATTACHMENT|C:\\Users\\seeboruts\\OneDrive - SD Worx\\Desktop\\Katalon_eBlox_Reporting\\Reports\\testing\\New Test Suite\\20180817_132718\\1534498169684.png]]]]></system-out>
         <system-err><![CDATA[2018-08-17 13:27:21 - [TEST_CASE][FAILED] - Test Cases/New Folder/TC1 LANGUAGE: Test Cases/New Folder/TC1 LANGUAGE FAILED because (of) Unable to set text 'test to delete' of object 'Object Repository/Mes rapports Obj/input search filter' (Root cause: org.openqa.selenium.InvalidSelectorException: invalid selector: Unable to locate an element with the xpath expression  because of the following error:
SyntaxError: Failed to execute 'evaluate' on 'Document': The string '' is not a valid XPath expression.
  (Session info: chrome=68.0.3440.106)
  (Driver info: chromedriver=2.35.528161 (5b82f2d2aae0ca24b877009200ced9065a772e73),platform=Windows NT 10.0.16299 x86_64) (WARNING: The server did not provide any stacktrace information)
Command duration or timeout: 0 milliseconds
For documentation on this error, please visit: http://seleniumhq.org/exceptions/invalid_selector_exception.html
Build info: version: '3.7.1', revision: '8a0099a', time: '2017-11-06T21:07:36.161Z'
System info: host: '5CG7062KWD', ip: '10.136.82.127', os.name: 'Windows 10', os.arch: 'amd64', os.version: '10.0', java.version: '1.8.0_181'
Driver info: com.kms.katalon.selenium.driver.CChromeDriver
Capabilities {acceptInsecureCerts: false, acceptSslCerts: false, applicationCacheEnabled: false, browserConnectionEnabled: false, browserName: chrome, chrome: {chromedriverVersion: 2.35.528161 (5b82f2d2aae0ca..., userDataDir: C:\Users\SEEBOR~1\AppData\L...}, cssSelectorsEnabled: true, databaseEnabled: false, handlesAlerts: true, hasTouchScreen: false, javascriptEnabled: true, locationContextEnabled: true, mobileEmulationEnabled: false, nativeEvents: true, networkConnectionEnabled: false, pageLoadStrategy: normal, platform: XP, platformName: XP, rotatable: false, setWindowRect: true, takesHeapSnapshot: true, takesScreenshot: true, unexpectedAlertBehaviour: , unhandledPromptBehavior: , version: 68.0.3440.106, webStorageEnabled: true}
Session ID: 47062c5a8e95502431c3886e02aa6c50
*** Element info: {Using=xpath, value=})]]></system-err>
      </testcase>
      <testcase name="Test Cases/New Folder/TC10 BASED ON THE LIBRARY" classname="Test Cases/New Folder/TC10 BASED ON THE LIBRARY" status="FAILED">
         <failure type="FAILED" message="Unable to set text 'Naam werknemer' of object 'Object Repository/Mes rapports Obj/CONTENU/input_Contenu_Selecteur' (Root cause: com.kms.katalon.core.webui.exception.WebElementNotFoundException: Web element with id: 'Object Repository/Mes rapports Obj/CONTENU/input_Contenu_Selecteur' located by 'By.xpath: //*[@id=&quot;wizard-page&quot;]/div[2]/div/div/div[2]/div/div/div[2]/div/rapp-search-input/div/div/input' not found)"/>
         <system-out><![CDATA[2018-08-17 13:29:29 - [TEST_CASE][FAILED] - Test Cases/New Folder/TC10 BASED ON THE LIBRARY: Test Cases/New Folder/TC10 BASED ON THE LIBRARY FAILED because (of) Unable to set text 'Naam werknemer' of object 'Object Repository/Mes rapports Obj/CONTENU/input_Contenu_Selecteur' (Root cause: com.kms.katalon.core.webui.exception.WebElementNotFoundException: Web element with id: 'Object Repository/Mes rapports Obj/CONTENU/input_Contenu_Selecteur' located by 'By.xpath: //*[@id="wizard-page"]/div[2]/div/div/div[2]/div/div/div[2]/div/rapp-search-input/div/div/input' not found)

2018-08-17 13:29:30 - [TEST_STEP][PASSED] - callTestCase: Call Test Case 'Test Cases/Login/TC1 Login to Mysdworx' successfully

2018-08-17 13:29:30 - [TEST_CASE][PASSED] - Test Cases/Login/TC1 Login to Mysdworx: Test Cases/Login/TC1 Login to Mysdworx

2018-08-17 13:29:30 - [TEST_STEP][PASSED] - openBrowser: Browser is opened with url: ''

2018-08-17 13:29:30 - [MESSAGE][WARNING] - A browser is already opened. Closing browser and opening a new one

2018-08-17 13:29:33 - [MESSAGE][PASSED] - Browser is opened with url: ''

2018-08-17 13:29:33 - [TEST_STEP][PASSED] - navigateToUrl: Navigate to 'https://internet.acc.sd.dika.be/ebloxreporting/web.sensitive/main/?lang=fr' successfully

2018-08-17 13:29:38 - [MESSAGE][PASSED] - Navigate to 'https://internet.acc.sd.dika.be/ebloxreporting/web.sensitive/main/?lang=fr' successfully

2018-08-17 13:29:38 - [TEST_STEP][PASSED] - maximizeWindow: Current window maximized

2018-08-17 13:29:39 - [MESSAGE][PASSED] - Current window maximized

2018-08-17 13:29:39 - [TEST_STEP][PASSED] - setText: Text 'DP_EBLOX_RPP_VASCO' is set on object 'Object Repository/Page_mysdworx - Log in/input_Username'

2018-08-17 13:29:42 - [MESSAGE][PASSED] - Text 'DP_EBLOX_RPP_VASCO' is set on object 'Object Repository/Page_mysdworx - Log in/input_Username'

2018-08-17 13:29:42 - [TEST_STEP][PASSED] - Statement - frame = new javax.swing.JFrame(User Input Frame): null

2018-08-17 13:29:42 - [TEST_STEP][PASSED] - Statement - frame.requestFocus(): null

2018-08-17 13:29:42 - [TEST_STEP][PASSED] - Statement - pass = javax.swing.JOptionPane.showInputDialog(frame, "Enter the password from token!!"): null

2018-08-17 13:29:48 - [TEST_STEP][PASSED] - delay: Delayed 5 second(s)

2018-08-17 13:29:53 - [MESSAGE][PASSED] - Delayed 5 second(s)

2018-08-17 13:29:53 - [TEST_STEP][PASSED] - setText: Text '271621' is set on object 'Object Repository/Page_mysdworx - Log in/input_Password'

2018-08-17 13:29:53 - [MESSAGE][PASSED] - Text '271621' is set on object 'Object Repository/Page_mysdworx - Log in/input_Password'

2018-08-17 13:29:53 - [TEST_STEP][PASSED] - click: Object: 'Object Repository/Page_mysdworx - Log in/button_Se connecter' is clicked on

2018-08-17 13:29:53 - [MESSAGE][PASSED] - Object: 'Object Repository/Page_mysdworx - Log in/button_Se connecter' is clicked on

2018-08-17 13:29:53 - [TEST_STEP][PASSED] - waitForPageLoad: Wait for page load successfully

2018-08-17 13:29:53 - [MESSAGE][PASSED] - Wait for page load successfully

2018-08-17 13:29:53 - [TEST_STEP][NOT_RUN] - closeBrowser: NOT_RUN: closeBrowser

2018-08-17 13:29:53 - [MESSAGE][NOT_RUN] - NOT_RUN: closeBrowser

2018-08-17 13:29:53 - [MESSAGE][PASSED] - Call Test Case 'Test Cases/Login/TC1 Login to Mysdworx' successfully

2018-08-17 13:29:53 - [TEST_STEP][PASSED] - waitForPageLoad: Wait for page load successfully

2018-08-17 13:29:53 - [MESSAGE][PASSED] - Wait for page load successfully

2018-08-17 13:29:53 - [TEST_STEP][PASSED] - callTestCase: Call Test Case 'Test Cases/Select Language/TC1 Verify NL language' successfully

2018-08-17 13:29:53 - [TEST_CASE][PASSED] - Test Cases/Select Language/TC1 Verify NL language: Test Cases/Select Language/TC1 Verify NL language

2018-08-17 13:29:53 - [TEST_STEP][PASSED] - waitForElementClickable: Object 'Object Repository/Change language link Obj/NL_language' is clickable

2018-08-17 13:30:14 - [MESSAGE][PASSED] - Object 'Object Repository/Change language link Obj/NL_language' is clickable

2018-08-17 13:30:14 - [TEST_STEP][PASSED] - click: Object: 'Object Repository/Change language link Obj/NL_language' is clicked on

2018-08-17 13:30:20 - [MESSAGE][PASSED] - Object: 'Object Repository/Change language link Obj/NL_language' is clicked on

2018-08-17 13:30:20 - [TEST_STEP][PASSED] - waitForPageLoad: Wait for page load successfully

2018-08-17 13:30:20 - [MESSAGE][PASSED] - Wait for page load successfully

2018-08-17 13:30:20 - [MESSAGE][PASSED] - Call Test Case 'Test Cases/Select Language/TC1 Verify NL language' successfully

2018-08-17 13:30:20 - [TEST_STEP][PASSED] - waitForPageLoad: Wait for page load successfully

2018-08-17 13:30:20 - [MESSAGE][PASSED] - Wait for page load successfully

2018-08-17 13:30:20 - [TEST_STEP][PASSED] - callTestCase: Call Test Case 'Test Cases/Mes rapports/Verify Nouveau rapport button' successfully

2018-08-17 13:30:20 - [TEST_CASE][PASSED] - Test Cases/Mes rapports/Verify Nouveau rapport button: Test Cases/Mes rapports/Verify Nouveau rapport button

2018-08-17 13:30:20 - [TEST_STEP][PASSED] - click: Object: 'Object Repository/Mes rapports Obj/button_Nouveau rapport' is clicked on

2018-08-17 13:30:23 - [MESSAGE][PASSED] - Object: 'Object Repository/Mes rapports Obj/button_Nouveau rapport' is clicked on

2018-08-17 13:30:23 - [TEST_STEP][PASSED] - waitForPageLoad: Wait for page load successfully

2018-08-17 13:30:23 - [MESSAGE][PASSED] - Wait for page load successfully

2018-08-17 13:30:23 - [MESSAGE][PASSED] - Call Test Case 'Test Cases/Mes rapports/Verify Nouveau rapport button' successfully

2018-08-17 13:30:23 - [TEST_STEP][PASSED] - waitForPageLoad: Wait for page load successfully

2018-08-17 13:30:23 - [MESSAGE][PASSED] - Wait for page load successfully

2018-08-17 13:30:23 - [TEST_STEP][PASSED] - callTestCase: Call Test Case 'Test Cases/Mes rapports/Mes rapports - BASE DE RAPPORT/TC3  Verify radio button Baser sur un rapport de la Bibliotheque' successfully

2018-08-17 13:30:23 - [TEST_CASE][PASSED] - Test Cases/Mes rapports/Mes rapports - BASE DE RAPPORT/TC3  Verify radio button Baser sur un rapport de la Bibliotheque: Test Cases/Mes rapports/Mes rapports - BASE DE RAPPORT/TC3  Verify radio button Baser sur un rapport de la Bibliotheque

2018-08-17 13:30:23 - [TEST_STEP][PASSED] - click: Object: 'Object Repository/Mes rapports Obj/BASE DE RAPPORT/radioButton_Baser sur un rapport de la Bibliothque' is clicked on

2018-08-17 13:30:24 - [MESSAGE][PASSED] - Object: 'Object Repository/Mes rapports Obj/BASE DE RAPPORT/radioButton_Baser sur un rapport de la Bibliothque' is clicked on

2018-08-17 13:30:24 - [MESSAGE][PASSED] - Call Test Case 'Test Cases/Mes rapports/Mes rapports - BASE DE RAPPORT/TC3  Verify radio button Baser sur un rapport de la Bibliotheque' successfully

2018-08-17 13:30:24 - [TEST_STEP][PASSED] - click: Object: 'Object Repository/Mes rapports Obj/BASE DE RAPPORT/Bibliotheque dropdown' is clicked on

2018-08-17 13:30:24 - [MESSAGE][PASSED] - Object: 'Object Repository/Mes rapports Obj/BASE DE RAPPORT/Bibliotheque dropdown' is clicked on

2018-08-17 13:30:24 - [TEST_STEP][PASSED] - setText: Text 'test huidig jaar' is set on object 'Object Repository/Mes rapports Obj/BASE DE RAPPORT/Bibliotheque - dropdowm input'

2018-08-17 13:30:24 - [MESSAGE][PASSED] - Text 'test huidig jaar' is set on object 'Object Repository/Mes rapports Obj/BASE DE RAPPORT/Bibliotheque - dropdowm input'

2018-08-17 13:30:24 - [TEST_STEP][PASSED] - sendKeys: Keys 'ENTER + ' sent to object: 'Object Repository/Mes rapports Obj/BASE DE RAPPORT/Bibliotheque - dropdowm input'

2018-08-17 13:30:24 - [MESSAGE][PASSED] - Keys 'ENTER + ' sent to object: 'Object Repository/Mes rapports Obj/BASE DE RAPPORT/Bibliotheque - dropdowm input'

2018-08-17 13:30:24 - [TEST_STEP][PASSED] - callTestCase: Call Test Case 'Test Cases/Mes rapports/TC Verify the next button arrow' successfully

2018-08-17 13:30:24 - [TEST_CASE][PASSED] - Test Cases/Mes rapports/TC Verify the next button arrow: Test Cases/Mes rapports/TC Verify the next button arrow

2018-08-17 13:30:24 - [TEST_STEP][PASSED] - waitForElementClickable: Object 'Object Repository/Mes rapports Obj/button_Next_Arrow' is clickable

2018-08-17 13:30:24 - [MESSAGE][PASSED] - Object 'Object Repository/Mes rapports Obj/button_Next_Arrow' is clickable

2018-08-17 13:30:24 - [TEST_STEP][PASSED] - click: Object: 'Object Repository/Mes rapports Obj/button_Next_Arrow' is clicked on

2018-08-17 13:30:24 - [MESSAGE][PASSED] - Object: 'Object Repository/Mes rapports Obj/button_Next_Arrow' is clicked on

2018-08-17 13:30:24 - [TEST_STEP][PASSED] - delay: Delayed 5 second(s)

2018-08-17 13:30:29 - [MESSAGE][PASSED] - Delayed 5 second(s)

2018-08-17 13:30:29 - [MESSAGE][PASSED] - Call Test Case 'Test Cases/Mes rapports/TC Verify the next button arrow' successfully

2018-08-17 13:30:29 - [TEST_STEP][PASSED] - waitForPageLoad: Wait for page load successfully

2018-08-17 13:30:29 - [MESSAGE][PASSED] - Wait for page load successfully

2018-08-17 13:30:29 - [TEST_STEP][FAILED] - callTestCase: Unable to call Test Case with id 'Test Cases/Mes rapports/Mes rapports - CONTENU/TC Verify input field INTERNAL' (Root cause: Call Test Case 'Test Cases/Mes rapports/Mes rapports - CONTENU/TC Verify input field INTERNAL' failed)

2018-08-17 13:30:30 - [TEST_CASE][FAILED] - Test Cases/Mes rapports/Mes rapports - CONTENU/TC Verify input field INTERNAL: Test Cases/Mes rapports/Mes rapports - CONTENU/TC Verify input field INTERNAL FAILED because (of) Unable to set text 'Naam werknemer' of object 'Object Repository/Mes rapports Obj/CONTENU/input_Contenu_Selecteur' (Root cause: com.kms.katalon.core.webui.exception.WebElementNotFoundException: Web element with id: 'Object Repository/Mes rapports Obj/CONTENU/input_Contenu_Selecteur' located by 'By.xpath: //*[@id="wizard-page"]/div[2]/div/div/div[2]/div/div/div[2]/div/rapp-search-input/div/div/input' not found)

2018-08-17 13:30:30 - [TEST_STEP][PASSED] - Statement - excelData = com.kms.katalon.core.testdata.TestDataFactory.findTestData(Data Files/Data/INTERNAL): Reading excel file with source file 'C:\Users\seeboruts\OneDrive - SD Worx\Desktop\test_DAta.xlsx' and sheet name 'INTERNAL'

2018-08-17 13:30:31 - [TEST_STEP][FAILED] - Statement - For ([i = 1, i <= 2, (i++)]): Unable to set text 'Naam werknemer' of object 'Object Repository/Mes rapports Obj/CONTENU/input_Contenu_Selecteur' (Root cause: com.kms.katalon.core.webui.exception.WebElementNotFoundException: Web element with id: 'Object Repository/Mes rapports Obj/CONTENU/input_Contenu_Selecteur' located by 'By.xpath: //*[@id="wizard-page"]/div[2]/div/div/div[2]/div/div/div[2]/div/rapp-search-input/div/div/input' not found)

2018-08-17 13:30:31 - [TEST_STEP][FAILED] - setText: Unable to set text 'Naam werknemer' of object 'Object Repository/Mes rapports Obj/CONTENU/input_Contenu_Selecteur' (Root cause: com.kms.katalon.core.webui.exception.WebElementNotFoundException: Web element with id: 'Object Repository/Mes rapports Obj/CONTENU/input_Contenu_Selecteur' located by 'By.xpath: //*[@id="wizard-page"]/div[2]/div/div/div[2]/div/div/div[2]/div/rapp-search-input/div/div/input' not found)

2018-08-17 13:31:02 - [MESSAGE][FAILED] - Unable to set text 'Naam werknemer' of object 'Object Repository/Mes rapports Obj/CONTENU/input_Contenu_Selecteur' (Root cause: com.kms.katalon.core.webui.exception.WebElementNotFoundException: Web element with id: 'Object Repository/Mes rapports Obj/CONTENU/input_Contenu_Selecteur' located by 'By.xpath: //*[@id="wizard-page"]/div[2]/div/div/div[2]/div/div/div[2]/div/rapp-search-input/div/div/input' not found)
[[ATTACHMENT|C:\\Users\\seeboruts\\OneDrive - SD Worx\\Desktop\\Katalon_eBlox_Reporting\\Reports\\testing\\New Test Suite\\20180817_132718\\1534498262674.png]]

2018-08-17 13:31:02 - [MESSAGE][FAILED] - Unable to call Test Case with id 'Test Cases/Mes rapports/Mes rapports - CONTENU/TC Verify input field INTERNAL' (Root cause: Call Test Case 'Test Cases/Mes rapports/Mes rapports - CONTENU/TC Verify input field INTERNAL' failed)]]></system-out>
         <system-err><![CDATA[2018-08-17 13:29:29 - [TEST_CASE][FAILED] - Test Cases/New Folder/TC10 BASED ON THE LIBRARY: Test Cases/New Folder/TC10 BASED ON THE LIBRARY FAILED because (of) Unable to set text 'Naam werknemer' of object 'Object Repository/Mes rapports Obj/CONTENU/input_Contenu_Selecteur' (Root cause: com.kms.katalon.core.webui.exception.WebElementNotFoundException: Web element with id: 'Object Repository/Mes rapports Obj/CONTENU/input_Contenu_Selecteur' located by 'By.xpath: //*[@id="wizard-page"]/div[2]/div/div/div[2]/div/div/div[2]/div/rapp-search-input/div/div/input' not found)]]></system-err>
      </testcase>
      <testcase name="Test Cases/New Folder/TC11 INTERNAL" classname="Test Cases/New Folder/TC11 INTERNAL" status="FAILED">
         <failure type="FAILED" message="Unable to click on object 'Object Repository/Mes rapports Obj/EXECUTION/Button executer' (Root cause: org.openqa.selenium.InvalidSelectorException: invalid selector: Unable to locate an element with the xpath expression  because of the following error:
SyntaxError: Failed to execute 'evaluate' on 'Document': The string '' is not a valid XPath expression.
  (Session info: chrome=68.0.3440.106)
  (Driver info: chromedriver=2.35.528161 (5b82f2d2aae0ca24b877009200ced9065a772e73),platform=Windows NT 10.0.16299 x86_64) (WARNING: The server did not provide any stacktrace information)
Command duration or timeout: 0 milliseconds
For documentation on this error, please visit: http://seleniumhq.org/exceptions/invalid_selector_exception.html
Build info: version: '3.7.1', revision: '8a0099a', time: '2017-11-06T21:07:36.161Z'
System info: host: '5CG7062KWD', ip: '10.136.82.127', os.name: 'Windows 10', os.arch: 'amd64', os.version: '10.0', java.version: '1.8.0_181'
Driver info: com.kms.katalon.selenium.driver.CChromeDriver
Capabilities {acceptInsecureCerts: false, acceptSslCerts: false, applicationCacheEnabled: false, browserConnectionEnabled: false, browserName: chrome, chrome: {chromedriverVersion: 2.35.528161 (5b82f2d2aae0ca..., userDataDir: C:\Users\SEEBOR~1\AppData\L...}, cssSelectorsEnabled: true, databaseEnabled: false, handlesAlerts: true, hasTouchScreen: false, javascriptEnabled: true, locationContextEnabled: true, mobileEmulationEnabled: false, nativeEvents: true, networkConnectionEnabled: false, pageLoadStrategy: normal, platform: XP, platformName: XP, rotatable: false, setWindowRect: true, takesHeapSnapshot: true, takesScreenshot: true, unexpectedAlertBehaviour: , unhandledPromptBehavior: , version: 68.0.3440.106, webStorageEnabled: true}
Session ID: d9a5039bc4ed76604d5bf5f70e01ffbf
*** Element info: {Using=xpath, value=})"/>
         <system-out><![CDATA[2018-08-17 13:31:02 - [TEST_CASE][FAILED] - Test Cases/New Folder/TC11 INTERNAL: Test Cases/New Folder/TC11 INTERNAL FAILED because (of) Unable to click on object 'Object Repository/Mes rapports Obj/EXECUTION/Button executer' (Root cause: org.openqa.selenium.InvalidSelectorException: invalid selector: Unable to locate an element with the xpath expression  because of the following error:
SyntaxError: Failed to execute 'evaluate' on 'Document': The string '' is not a valid XPath expression.
  (Session info: chrome=68.0.3440.106)
  (Driver info: chromedriver=2.35.528161 (5b82f2d2aae0ca24b877009200ced9065a772e73),platform=Windows NT 10.0.16299 x86_64) (WARNING: The server did not provide any stacktrace information)
Command duration or timeout: 0 milliseconds
For documentation on this error, please visit: http://seleniumhq.org/exceptions/invalid_selector_exception.html
Build info: version: '3.7.1', revision: '8a0099a', time: '2017-11-06T21:07:36.161Z'
System info: host: '5CG7062KWD', ip: '10.136.82.127', os.name: 'Windows 10', os.arch: 'amd64', os.version: '10.0', java.version: '1.8.0_181'
Driver info: com.kms.katalon.selenium.driver.CChromeDriver
Capabilities {acceptInsecureCerts: false, acceptSslCerts: false, applicationCacheEnabled: false, browserConnectionEnabled: false, browserName: chrome, chrome: {chromedriverVersion: 2.35.528161 (5b82f2d2aae0ca..., userDataDir: C:\Users\SEEBOR~1\AppData\L...}, cssSelectorsEnabled: true, databaseEnabled: false, handlesAlerts: true, hasTouchScreen: false, javascriptEnabled: true, locationContextEnabled: true, mobileEmulationEnabled: false, nativeEvents: true, networkConnectionEnabled: false, pageLoadStrategy: normal, platform: XP, platformName: XP, rotatable: false, setWindowRect: true, takesHeapSnapshot: true, takesScreenshot: true, unexpectedAlertBehaviour: , unhandledPromptBehavior: , version: 68.0.3440.106, webStorageEnabled: true}
Session ID: d9a5039bc4ed76604d5bf5f70e01ffbf
*** Element info: {Using=xpath, value=})

2018-08-17 13:31:03 - [TEST_STEP][PASSED] - callTestCase: Call Test Case 'Test Cases/Login/TC1 Login to Mysdworx' successfully

2018-08-17 13:31:03 - [TEST_CASE][PASSED] - Test Cases/Login/TC1 Login to Mysdworx: Test Cases/Login/TC1 Login to Mysdworx

2018-08-17 13:31:03 - [TEST_STEP][PASSED] - openBrowser: Browser is opened with url: ''

2018-08-17 13:31:03 - [MESSAGE][WARNING] - A browser is already opened. Closing browser and opening a new one

2018-08-17 13:31:05 - [MESSAGE][PASSED] - Browser is opened with url: ''

2018-08-17 13:31:05 - [TEST_STEP][PASSED] - navigateToUrl: Navigate to 'https://internet.acc.sd.dika.be/ebloxreporting/web.sensitive/main/?lang=fr' successfully

2018-08-17 13:31:11 - [MESSAGE][PASSED] - Navigate to 'https://internet.acc.sd.dika.be/ebloxreporting/web.sensitive/main/?lang=fr' successfully

2018-08-17 13:31:11 - [TEST_STEP][PASSED] - maximizeWindow: Current window maximized

2018-08-17 13:31:12 - [MESSAGE][PASSED] - Current window maximized

2018-08-17 13:31:12 - [TEST_STEP][PASSED] - setText: Text 'DP_EBLOX_RPP_VASCO' is set on object 'Object Repository/Page_mysdworx - Log in/input_Username'

2018-08-17 13:31:18 - [MESSAGE][PASSED] - Text 'DP_EBLOX_RPP_VASCO' is set on object 'Object Repository/Page_mysdworx - Log in/input_Username'

2018-08-17 13:31:18 - [TEST_STEP][PASSED] - Statement - frame = new javax.swing.JFrame(User Input Frame): null

2018-08-17 13:31:18 - [TEST_STEP][PASSED] - Statement - frame.requestFocus(): null

2018-08-17 13:31:18 - [TEST_STEP][PASSED] - Statement - pass = javax.swing.JOptionPane.showInputDialog(frame, "Enter the password from token!!"): null

2018-08-17 13:31:21 - [TEST_STEP][PASSED] - delay: Delayed 5 second(s)

2018-08-17 13:31:26 - [MESSAGE][PASSED] - Delayed 5 second(s)

2018-08-17 13:31:26 - [TEST_STEP][PASSED] - setText: Text '399908' is set on object 'Object Repository/Page_mysdworx - Log in/input_Password'

2018-08-17 13:31:27 - [MESSAGE][PASSED] - Text '399908' is set on object 'Object Repository/Page_mysdworx - Log in/input_Password'

2018-08-17 13:31:27 - [TEST_STEP][PASSED] - click: Object: 'Object Repository/Page_mysdworx - Log in/button_Se connecter' is clicked on

2018-08-17 13:31:27 - [MESSAGE][PASSED] - Object: 'Object Repository/Page_mysdworx - Log in/button_Se connecter' is clicked on

2018-08-17 13:31:27 - [TEST_STEP][PASSED] - waitForPageLoad: Wait for page load successfully

2018-08-17 13:31:27 - [MESSAGE][PASSED] - Wait for page load successfully

2018-08-17 13:31:27 - [TEST_STEP][NOT_RUN] - closeBrowser: NOT_RUN: closeBrowser

2018-08-17 13:31:27 - [MESSAGE][NOT_RUN] - NOT_RUN: closeBrowser

2018-08-17 13:31:27 - [MESSAGE][PASSED] - Call Test Case 'Test Cases/Login/TC1 Login to Mysdworx' successfully

2018-08-17 13:31:27 - [TEST_STEP][PASSED] - waitForPageLoad: Wait for page load successfully

2018-08-17 13:31:27 - [MESSAGE][PASSED] - Wait for page load successfully

2018-08-17 13:31:27 - [TEST_STEP][PASSED] - callTestCase: Call Test Case 'Test Cases/Select Language/TC1 Verify NL language' successfully

2018-08-17 13:31:27 - [TEST_CASE][PASSED] - Test Cases/Select Language/TC1 Verify NL language: Test Cases/Select Language/TC1 Verify NL language

2018-08-17 13:31:27 - [TEST_STEP][PASSED] - waitForElementClickable: Object 'Object Repository/Change language link Obj/NL_language' is clickable

2018-08-17 13:31:48 - [MESSAGE][PASSED] - Object 'Object Repository/Change language link Obj/NL_language' is clickable

2018-08-17 13:31:48 - [TEST_STEP][PASSED] - click: Object: 'Object Repository/Change language link Obj/NL_language' is clicked on

2018-08-17 13:31:57 - [MESSAGE][PASSED] - Object: 'Object Repository/Change language link Obj/NL_language' is clicked on

2018-08-17 13:31:57 - [TEST_STEP][PASSED] - waitForPageLoad: Wait for page load successfully

2018-08-17 13:31:57 - [MESSAGE][PASSED] - Wait for page load successfully

2018-08-17 13:31:57 - [MESSAGE][PASSED] - Call Test Case 'Test Cases/Select Language/TC1 Verify NL language' successfully

2018-08-17 13:31:57 - [TEST_STEP][PASSED] - waitForPageLoad: Wait for page load successfully

2018-08-17 13:31:57 - [MESSAGE][PASSED] - Wait for page load successfully

2018-08-17 13:31:57 - [TEST_STEP][PASSED] - click: Object: 'Object Repository/Mes rapports Obj/New button dropdown' is clicked on

2018-08-17 13:31:59 - [MESSAGE][PASSED] - Object: 'Object Repository/Mes rapports Obj/New button dropdown' is clicked on

2018-08-17 13:31:59 - [TEST_STEP][PASSED] - click: Object: 'Object Repository/Mes rapports Obj/intern option' is clicked on

2018-08-17 13:31:59 - [MESSAGE][PASSED] - Object: 'Object Repository/Mes rapports Obj/intern option' is clicked on

2018-08-17 13:31:59 - [TEST_STEP][PASSED] - callTestCase: Call Test Case 'Test Cases/Mes rapports/Mes rapports - BASE DE RAPPORT/TC1  Verify radio button creer un tout nouveau rapport' successfully

2018-08-17 13:31:59 - [TEST_CASE][PASSED] - Test Cases/Mes rapports/Mes rapports - BASE DE RAPPORT/TC1  Verify radio button creer un tout nouveau rapport: Test Cases/Mes rapports/Mes rapports - BASE DE RAPPORT/TC1  Verify radio button creer un tout nouveau rapport

2018-08-17 13:31:59 - [TEST_STEP][PASSED] - Statement - radioButton = com.kms.katalon.core.webui.keyword.WebUiBuiltInKeywords.modifyObjectProperty(com.kms.katalon.core.testobject.ObjectRepository.findTestObject(Mes rapports Obj/BASE DE RAPPORT/radioButton_Creer un tout nouveau rapport), "name", "equals", "typeRapport", true): Modify property of object successfully

2018-08-17 13:31:59 - [MESSAGE][PASSED] - Modify property of object successfully

2018-08-17 13:31:59 - [TEST_STEP][PASSED] - click: Object: 'Object Repository/Mes rapports Obj/BASE DE RAPPORT/radioButton_Creer un tout nouveau rapport' is clicked on

2018-08-17 13:32:00 - [MESSAGE][PASSED] - Object: 'Object Repository/Mes rapports Obj/BASE DE RAPPORT/radioButton_Creer un tout nouveau rapport' is clicked on

2018-08-17 13:32:00 - [MESSAGE][PASSED] - Call Test Case 'Test Cases/Mes rapports/Mes rapports - BASE DE RAPPORT/TC1  Verify radio button creer un tout nouveau rapport' successfully

2018-08-17 13:32:00 - [TEST_STEP][PASSED] - callTestCase: Call Test Case 'Test Cases/Mes rapports/TC Verify the next button arrow' successfully

2018-08-17 13:32:00 - [TEST_CASE][PASSED] - Test Cases/Mes rapports/TC Verify the next button arrow: Test Cases/Mes rapports/TC Verify the next button arrow

2018-08-17 13:32:00 - [TEST_STEP][PASSED] - waitForElementClickable: Object 'Object Repository/Mes rapports Obj/button_Next_Arrow' is clickable

2018-08-17 13:32:00 - [MESSAGE][PASSED] - Object 'Object Repository/Mes rapports Obj/button_Next_Arrow' is clickable

2018-08-17 13:32:00 - [TEST_STEP][PASSED] - click: Object: 'Object Repository/Mes rapports Obj/button_Next_Arrow' is clicked on

2018-08-17 13:32:00 - [MESSAGE][PASSED] - Object: 'Object Repository/Mes rapports Obj/button_Next_Arrow' is clicked on

2018-08-17 13:32:00 - [TEST_STEP][PASSED] - delay: Delayed 5 second(s)

2018-08-17 13:32:05 - [MESSAGE][PASSED] - Delayed 5 second(s)

2018-08-17 13:32:05 - [MESSAGE][PASSED] - Call Test Case 'Test Cases/Mes rapports/TC Verify the next button arrow' successfully

2018-08-17 13:32:05 - [TEST_STEP][PASSED] - waitForPageLoad: Wait for page load successfully

2018-08-17 13:32:05 - [MESSAGE][PASSED] - Wait for page load successfully

2018-08-17 13:32:05 - [TEST_STEP][PASSED] - callTestCase: Call Test Case 'Test Cases/Mes rapports/Mes rapports - CONTENU/TC Verify input field INTERNAL' successfully

2018-08-17 13:32:05 - [TEST_CASE][PASSED] - Test Cases/Mes rapports/Mes rapports - CONTENU/TC Verify input field INTERNAL: Test Cases/Mes rapports/Mes rapports - CONTENU/TC Verify input field INTERNAL

2018-08-17 13:32:05 - [TEST_STEP][PASSED] - Statement - excelData = com.kms.katalon.core.testdata.TestDataFactory.findTestData(Data Files/Data/INTERNAL): Reading excel file with source file 'C:\Users\seeboruts\OneDrive - SD Worx\Desktop\test_DAta.xlsx' and sheet name 'INTERNAL'

2018-08-17 13:32:05 - [TEST_STEP][PASSED] - Statement - For ([i = 1, i <= 2, (i++)]): Object: 'Object Repository/Mes rapports Obj/CONTENU/click_Remove_text' is clicked on

2018-08-17 13:32:05 - [TEST_STEP][PASSED] - setText: Text 'Naam werknemer' is set on object 'Object Repository/Mes rapports Obj/CONTENU/input_Contenu_Selecteur'

2018-08-17 13:32:06 - [MESSAGE][PASSED] - Text 'Naam werknemer' is set on object 'Object Repository/Mes rapports Obj/CONTENU/input_Contenu_Selecteur'

2018-08-17 13:32:06 - [TEST_STEP][PASSED] - delay: Delayed 3 second(s)

2018-08-17 13:32:09 - [MESSAGE][PASSED] - Delayed 3 second(s)

2018-08-17 13:32:09 - [TEST_STEP][PASSED] - click: Object: 'Object Repository/Mes rapports Obj/CONTENU/Selecteur Obj NL/Naam werknemer' is clicked on

2018-08-17 13:32:09 - [MESSAGE][PASSED] - Object: 'Object Repository/Mes rapports Obj/CONTENU/Selecteur Obj NL/Naam werknemer' is clicked on

2018-08-17 13:32:09 - [TEST_STEP][PASSED] - delay: Delayed 3 second(s)

2018-08-17 13:32:12 - [MESSAGE][PASSED] - Delayed 3 second(s)

2018-08-17 13:32:12 - [TEST_STEP][PASSED] - click: Object: 'Object Repository/Mes rapports Obj/CONTENU/click_Remove_text' is clicked on

2018-08-17 13:32:12 - [MESSAGE][PASSED] - Object: 'Object Repository/Mes rapports Obj/CONTENU/click_Remove_text' is clicked on

2018-08-17 13:32:12 - [TEST_STEP][PASSED] - setText: Text 'Afdeling' is set on object 'Object Repository/Mes rapports Obj/CONTENU/input_Contenu_Selecteur'

2018-08-17 13:32:12 - [MESSAGE][PASSED] - Text 'Afdeling' is set on object 'Object Repository/Mes rapports Obj/CONTENU/input_Contenu_Selecteur'

2018-08-17 13:32:12 - [TEST_STEP][PASSED] - delay: Delayed 3 second(s)

2018-08-17 13:32:15 - [MESSAGE][PASSED] - Delayed 3 second(s)

2018-08-17 13:32:15 - [TEST_STEP][PASSED] - click: Object: 'Object Repository/Mes rapports Obj/CONTENU/Selecteur Obj NL/Afdeling' is clicked on

2018-08-17 13:32:15 - [MESSAGE][PASSED] - Object: 'Object Repository/Mes rapports Obj/CONTENU/Selecteur Obj NL/Afdeling' is clicked on

2018-08-17 13:32:15 - [TEST_STEP][PASSED] - delay: Delayed 3 second(s)

2018-08-17 13:32:18 - [MESSAGE][PASSED] - Delayed 3 second(s)

2018-08-17 13:32:18 - [TEST_STEP][PASSED] - click: Object: 'Object Repository/Mes rapports Obj/CONTENU/click_Remove_text' is clicked on

2018-08-17 13:32:18 - [MESSAGE][PASSED] - Object: 'Object Repository/Mes rapports Obj/CONTENU/click_Remove_text' is clicked on

2018-08-17 13:32:18 - [MESSAGE][PASSED] - Call Test Case 'Test Cases/Mes rapports/Mes rapports - CONTENU/TC Verify input field INTERNAL' successfully

2018-08-17 13:32:18 - [TEST_STEP][PASSED] - callTestCase: Call Test Case 'Test Cases/Mes rapports/TC Verify the next button arrow' successfully

2018-08-17 13:32:19 - [TEST_CASE][PASSED] - Test Cases/Mes rapports/TC Verify the next button arrow: Test Cases/Mes rapports/TC Verify the next button arrow

2018-08-17 13:32:19 - [TEST_STEP][PASSED] - waitForElementClickable: Object 'Object Repository/Mes rapports Obj/button_Next_Arrow' is clickable

2018-08-17 13:32:19 - [MESSAGE][PASSED] - Object 'Object Repository/Mes rapports Obj/button_Next_Arrow' is clickable

2018-08-17 13:32:19 - [TEST_STEP][PASSED] - click: Object: 'Object Repository/Mes rapports Obj/button_Next_Arrow' is clicked on

2018-08-17 13:32:19 - [MESSAGE][PASSED] - Object: 'Object Repository/Mes rapports Obj/button_Next_Arrow' is clicked on

2018-08-17 13:32:19 - [TEST_STEP][PASSED] - delay: Delayed 5 second(s)

2018-08-17 13:32:24 - [MESSAGE][PASSED] - Delayed 5 second(s)

2018-08-17 13:32:24 - [MESSAGE][PASSED] - Call Test Case 'Test Cases/Mes rapports/TC Verify the next button arrow' successfully

2018-08-17 13:32:24 - [TEST_STEP][PASSED] - waitForPageLoad: Wait for page load successfully

2018-08-17 13:32:24 - [MESSAGE][PASSED] - Wait for page load successfully

2018-08-17 13:32:24 - [TEST_STEP][PASSED] - callTestCase: Call Test Case 'Test Cases/Mes rapports/Mes rapports - SELECTION/Verify if checkbox is unchecked/TC 10 Deselect all checkbox' successfully

2018-08-17 13:32:24 - [TEST_CASE][PASSED] - Test Cases/Mes rapports/Mes rapports - SELECTION/Verify if checkbox is unchecked/TC 10 Deselect all checkbox: Test Cases/Mes rapports/Mes rapports - SELECTION/Verify if checkbox is unchecked/TC 10 Deselect all checkbox

2018-08-17 13:32:24 - [TEST_STEP][PASSED] - callTestCase: Call Test Case 'Test Cases/Mes rapports/Mes rapports - SELECTION/Verify if checkbox is unchecked/TC 1 Verify Contrats actifs checkbox  is un-checked' successfully

2018-08-17 13:32:24 - [TEST_CASE][PASSED] - Test Cases/Mes rapports/Mes rapports - SELECTION/Verify if checkbox is unchecked/TC 1 Verify Contrats actifs checkbox  is un-checked: Test Cases/Mes rapports/Mes rapports - SELECTION/Verify if checkbox is unchecked/TC 1 Verify Contrats actifs checkbox  is un-checked

2018-08-17 13:32:24 - [TEST_STEP][PASSED] - uncheck: Object 'Object Repository/Mes rapports Obj/SELECTION/Contrats actifs checkBox' is un-checked

2018-08-17 13:32:43 - [MESSAGE][PASSED] - Object 'Object Repository/Mes rapports Obj/SELECTION/Contrats actifs checkBox' is un-checked

2018-08-17 13:32:43 - [MESSAGE][PASSED] - Call Test Case 'Test Cases/Mes rapports/Mes rapports - SELECTION/Verify if checkbox is unchecked/TC 1 Verify Contrats actifs checkbox  is un-checked' successfully

2018-08-17 13:32:43 - [TEST_STEP][PASSED] - callTestCase: Call Test Case 'Test Cases/Mes rapports/Mes rapports - SELECTION/Verify if checkbox is unchecked/TC 2 VErify Dossier and Groupe checkBox  is un-checked' successfully

2018-08-17 13:32:43 - [TEST_CASE][PASSED] - Test Cases/Mes rapports/Mes rapports - SELECTION/Verify if checkbox is unchecked/TC 2 VErify Dossier and Groupe checkBox  is un-checked: Test Cases/Mes rapports/Mes rapports - SELECTION/Verify if checkbox is unchecked/TC 2 VErify Dossier and Groupe checkBox  is un-checked

2018-08-17 13:32:43 - [TEST_STEP][PASSED] - uncheck: Object 'Object Repository/Mes rapports Obj/SELECTION/Dossier and Groupe checkbox' is un-checked

2018-08-17 13:32:43 - [MESSAGE][PASSED] - Object 'Object Repository/Mes rapports Obj/SELECTION/Dossier and Groupe checkbox' is un-checked

2018-08-17 13:32:43 - [MESSAGE][PASSED] - Call Test Case 'Test Cases/Mes rapports/Mes rapports - SELECTION/Verify if checkbox is unchecked/TC 2 VErify Dossier and Groupe checkBox  is un-checked' successfully

2018-08-17 13:32:43 - [TEST_STEP][PASSED] - callTestCase: Call Test Case 'Test Cases/Mes rapports/Mes rapports - SELECTION/Verify if checkbox is unchecked/TC 3 Verify Travailleur checkBox  is un-checked' successfully

2018-08-17 13:32:43 - [TEST_CASE][PASSED] - Test Cases/Mes rapports/Mes rapports - SELECTION/Verify if checkbox is unchecked/TC 3 Verify Travailleur checkBox  is un-checked: Test Cases/Mes rapports/Mes rapports - SELECTION/Verify if checkbox is unchecked/TC 3 Verify Travailleur checkBox  is un-checked

2018-08-17 13:32:43 - [TEST_STEP][PASSED] - uncheck: Object 'Object Repository/Mes rapports Obj/SELECTION/Travailleur checkbox' is un-checked

2018-08-17 13:32:43 - [MESSAGE][PASSED] - Object 'Object Repository/Mes rapports Obj/SELECTION/Travailleur checkbox' is un-checked

2018-08-17 13:32:43 - [MESSAGE][PASSED] - Call Test Case 'Test Cases/Mes rapports/Mes rapports - SELECTION/Verify if checkbox is unchecked/TC 3 Verify Travailleur checkBox  is un-checked' successfully

2018-08-17 13:32:43 - [TEST_STEP][PASSED] - callTestCase: Call Test Case 'Test Cases/Mes rapports/Mes rapports - SELECTION/Verify if checkbox is unchecked/TC 4 Verify Departement checkBox  is un-checked' successfully

2018-08-17 13:32:43 - [TEST_CASE][PASSED] - Test Cases/Mes rapports/Mes rapports - SELECTION/Verify if checkbox is unchecked/TC 4 Verify Departement checkBox  is un-checked: Test Cases/Mes rapports/Mes rapports - SELECTION/Verify if checkbox is unchecked/TC 4 Verify Departement checkBox  is un-checked

2018-08-17 13:32:43 - [TEST_STEP][PASSED] - uncheck: Object 'Object Repository/Mes rapports Obj/SELECTION/Departement checkbox' is un-checked

2018-08-17 13:32:44 - [MESSAGE][PASSED] - Object 'Object Repository/Mes rapports Obj/SELECTION/Departement checkbox' is un-checked

2018-08-17 13:32:44 - [MESSAGE][PASSED] - Call Test Case 'Test Cases/Mes rapports/Mes rapports - SELECTION/Verify if checkbox is unchecked/TC 4 Verify Departement checkBox  is un-checked' successfully

2018-08-17 13:32:44 - [TEST_STEP][PASSED] - callTestCase: Call Test Case 'Test Cases/Mes rapports/Mes rapports - SELECTION/Verify if checkbox is unchecked/TC 5 Verify Caractere juridique du contract checBox  is un-checked' successfully

2018-08-17 13:32:44 - [TEST_CASE][PASSED] - Test Cases/Mes rapports/Mes rapports - SELECTION/Verify if checkbox is unchecked/TC 5 Verify Caractere juridique du contract checBox  is un-checked: Test Cases/Mes rapports/Mes rapports - SELECTION/Verify if checkbox is unchecked/TC 5 Verify Caractere juridique du contract checBox  is un-checked

2018-08-17 13:32:44 - [TEST_STEP][PASSED] - uncheck: Object 'Object Repository/Mes rapports Obj/SELECTION/Caractere juridique de contrat' is un-checked

2018-08-17 13:32:44 - [MESSAGE][PASSED] - Object 'Object Repository/Mes rapports Obj/SELECTION/Caractere juridique de contrat' is un-checked

2018-08-17 13:32:44 - [MESSAGE][PASSED] - Call Test Case 'Test Cases/Mes rapports/Mes rapports - SELECTION/Verify if checkbox is unchecked/TC 5 Verify Caractere juridique du contract checBox  is un-checked' successfully

2018-08-17 13:32:44 - [TEST_STEP][PASSED] - callTestCase: Call Test Case 'Test Cases/Mes rapports/Mes rapports - SELECTION/Verify if checkbox is unchecked/TC 6 Verify Pays de naissance checkBox  is un-checked' successfully

2018-08-17 13:32:44 - [TEST_CASE][PASSED] - Test Cases/Mes rapports/Mes rapports - SELECTION/Verify if checkbox is unchecked/TC 6 Verify Pays de naissance checkBox  is un-checked: Test Cases/Mes rapports/Mes rapports - SELECTION/Verify if checkbox is unchecked/TC 6 Verify Pays de naissance checkBox  is un-checked

2018-08-17 13:32:44 - [TEST_STEP][PASSED] - uncheck: Object 'Object Repository/Mes rapports Obj/SELECTION/Pays de naisssance checkbox' is un-checked

2018-08-17 13:32:44 - [MESSAGE][PASSED] - Object 'Object Repository/Mes rapports Obj/SELECTION/Pays de naisssance checkbox' is un-checked

2018-08-17 13:32:44 - [MESSAGE][PASSED] - Call Test Case 'Test Cases/Mes rapports/Mes rapports - SELECTION/Verify if checkbox is unchecked/TC 6 Verify Pays de naissance checkBox  is un-checked' successfully

2018-08-17 13:32:44 - [TEST_STEP][PASSED] - callTestCase: Call Test Case 'Test Cases/Mes rapports/Mes rapports - SELECTION/Verify if checkbox is unchecked/TC 7 Verify Sexe checkBox  is un-checked' successfully

2018-08-17 13:32:44 - [TEST_CASE][PASSED] - Test Cases/Mes rapports/Mes rapports - SELECTION/Verify if checkbox is unchecked/TC 7 Verify Sexe checkBox  is un-checked: Test Cases/Mes rapports/Mes rapports - SELECTION/Verify if checkbox is unchecked/TC 7 Verify Sexe checkBox  is un-checked

2018-08-17 13:32:44 - [TEST_STEP][PASSED] - uncheck: Object 'Object Repository/Mes rapports Obj/SELECTION/Sexe checkbox' is un-checked

2018-08-17 13:32:44 - [MESSAGE][PASSED] - Object 'Object Repository/Mes rapports Obj/SELECTION/Sexe checkbox' is un-checked

2018-08-17 13:32:44 - [MESSAGE][PASSED] - Call Test Case 'Test Cases/Mes rapports/Mes rapports - SELECTION/Verify if checkbox is unchecked/TC 7 Verify Sexe checkBox  is un-checked' successfully

2018-08-17 13:32:44 - [TEST_STEP][PASSED] - callTestCase: Call Test Case 'Test Cases/Mes rapports/Mes rapports - SELECTION/Verify if checkbox is unchecked/TC 8 Verify Mode de remuneration checkBox  is un-checked' successfully

2018-08-17 13:32:45 - [TEST_CASE][PASSED] - Test Cases/Mes rapports/Mes rapports - SELECTION/Verify if checkbox is unchecked/TC 8 Verify Mode de remuneration checkBox  is un-checked: Test Cases/Mes rapports/Mes rapports - SELECTION/Verify if checkbox is unchecked/TC 8 Verify Mode de remuneration checkBox  is un-checked

2018-08-17 13:32:45 - [TEST_STEP][PASSED] - uncheck: Object 'Object Repository/Mes rapports Obj/SELECTION/Mode de remuneration checkbox' is un-checked

2018-08-17 13:32:45 - [MESSAGE][PASSED] - Object 'Object Repository/Mes rapports Obj/SELECTION/Mode de remuneration checkbox' is un-checked

2018-08-17 13:32:45 - [MESSAGE][PASSED] - Call Test Case 'Test Cases/Mes rapports/Mes rapports - SELECTION/Verify if checkbox is unchecked/TC 8 Verify Mode de remuneration checkBox  is un-checked' successfully

2018-08-17 13:32:45 - [TEST_STEP][PASSED] - callTestCase: Call Test Case 'Test Cases/Mes rapports/Mes rapports - SELECTION/Verify if checkbox is unchecked/TC 9 Verify Suspension checkBox  is un-checked' successfully

2018-08-17 13:32:45 - [TEST_CASE][PASSED] - Test Cases/Mes rapports/Mes rapports - SELECTION/Verify if checkbox is unchecked/TC 9 Verify Suspension checkBox  is un-checked: Test Cases/Mes rapports/Mes rapports - SELECTION/Verify if checkbox is unchecked/TC 9 Verify Suspension checkBox  is un-checked

2018-08-17 13:32:45 - [TEST_STEP][PASSED] - uncheck: Object 'Object Repository/Mes rapports Obj/SELECTION/Suspension checkbox' is un-checked

2018-08-17 13:32:45 - [MESSAGE][PASSED] - Object 'Object Repository/Mes rapports Obj/SELECTION/Suspension checkbox' is un-checked

2018-08-17 13:32:45 - [MESSAGE][PASSED] - Call Test Case 'Test Cases/Mes rapports/Mes rapports - SELECTION/Verify if checkbox is unchecked/TC 9 Verify Suspension checkBox  is un-checked' successfully

2018-08-17 13:32:45 - [MESSAGE][PASSED] - Call Test Case 'Test Cases/Mes rapports/Mes rapports - SELECTION/Verify if checkbox is unchecked/TC 10 Deselect all checkbox' successfully

2018-08-17 13:32:45 - [TEST_STEP][PASSED] - callTestCase: Call Test Case 'Test Cases/Mes rapports/TC Verify the next button arrow' successfully

2018-08-17 13:32:45 - [TEST_CASE][PASSED] - Test Cases/Mes rapports/TC Verify the next button arrow: Test Cases/Mes rapports/TC Verify the next button arrow

2018-08-17 13:32:45 - [TEST_STEP][PASSED] - waitForElementClickable: Object 'Object Repository/Mes rapports Obj/button_Next_Arrow' is clickable

2018-08-17 13:32:45 - [MESSAGE][PASSED] - Object 'Object Repository/Mes rapports Obj/button_Next_Arrow' is clickable

2018-08-17 13:32:45 - [TEST_STEP][PASSED] - click: Object: 'Object Repository/Mes rapports Obj/button_Next_Arrow' is clicked on

2018-08-17 13:32:45 - [MESSAGE][PASSED] - Object: 'Object Repository/Mes rapports Obj/button_Next_Arrow' is clicked on

2018-08-17 13:32:45 - [TEST_STEP][PASSED] - delay: Delayed 5 second(s)

2018-08-17 13:32:50 - [MESSAGE][PASSED] - Delayed 5 second(s)

2018-08-17 13:32:50 - [MESSAGE][PASSED] - Call Test Case 'Test Cases/Mes rapports/TC Verify the next button arrow' successfully

2018-08-17 13:32:50 - [TEST_STEP][PASSED] - waitForPageLoad: Wait for page load successfully

2018-08-17 13:32:50 - [MESSAGE][PASSED] - Wait for page load successfully

2018-08-17 13:32:50 - [TEST_STEP][FAILED] - click: Unable to click on object 'Object Repository/Mes rapports Obj/EXECUTION/Button executer' (Root cause: org.openqa.selenium.InvalidSelectorException: invalid selector: Unable to locate an element with the xpath expression  because of the following error:
SyntaxError: Failed to execute 'evaluate' on 'Document': The string '' is not a valid XPath expression.
  (Session info: chrome=68.0.3440.106)
  (Driver info: chromedriver=2.35.528161 (5b82f2d2aae0ca24b877009200ced9065a772e73),platform=Windows NT 10.0.16299 x86_64) (WARNING: The server did not provide any stacktrace information)
Command duration or timeout: 0 milliseconds
For documentation on this error, please visit: http://seleniumhq.org/exceptions/invalid_selector_exception.html
Build info: version: '3.7.1', revision: '8a0099a', time: '2017-11-06T21:07:36.161Z'
System info: host: '5CG7062KWD', ip: '10.136.82.127', os.name: 'Windows 10', os.arch: 'amd64', os.version: '10.0', java.version: '1.8.0_181'
Driver info: com.kms.katalon.selenium.driver.CChromeDriver
Capabilities {acceptInsecureCerts: false, acceptSslCerts: false, applicationCacheEnabled: false, browserConnectionEnabled: false, browserName: chrome, chrome: {chromedriverVersion: 2.35.528161 (5b82f2d2aae0ca..., userDataDir: C:\Users\SEEBOR~1\AppData\L...}, cssSelectorsEnabled: true, databaseEnabled: false, handlesAlerts: true, hasTouchScreen: false, javascriptEnabled: true, locationContextEnabled: true, mobileEmulationEnabled: false, nativeEvents: true, networkConnectionEnabled: false, pageLoadStrategy: normal, platform: XP, platformName: XP, rotatable: false, setWindowRect: true, takesHeapSnapshot: true, takesScreenshot: true, unexpectedAlertBehaviour: , unhandledPromptBehavior: , version: 68.0.3440.106, webStorageEnabled: true}
Session ID: d9a5039bc4ed76604d5bf5f70e01ffbf
*** Element info: {Using=xpath, value=})

2018-08-17 13:33:21 - [MESSAGE][FAILED] - Unable to click on object 'Object Repository/Mes rapports Obj/EXECUTION/Button executer' (Root cause: org.openqa.selenium.InvalidSelectorException: invalid selector: Unable to locate an element with the xpath expression  because of the following error:
SyntaxError: Failed to execute 'evaluate' on 'Document': The string '' is not a valid XPath expression.
  (Session info: chrome=68.0.3440.106)
  (Driver info: chromedriver=2.35.528161 (5b82f2d2aae0ca24b877009200ced9065a772e73),platform=Windows NT 10.0.16299 x86_64) (WARNING: The server did not provide any stacktrace information)
Command duration or timeout: 0 milliseconds
For documentation on this error, please visit: http://seleniumhq.org/exceptions/invalid_selector_exception.html
Build info: version: '3.7.1', revision: '8a0099a', time: '2017-11-06T21:07:36.161Z'
System info: host: '5CG7062KWD', ip: '10.136.82.127', os.name: 'Windows 10', os.arch: 'amd64', os.version: '10.0', java.version: '1.8.0_181'
Driver info: com.kms.katalon.selenium.driver.CChromeDriver
Capabilities {acceptInsecureCerts: false, acceptSslCerts: false, applicationCacheEnabled: false, browserConnectionEnabled: false, browserName: chrome, chrome: {chromedriverVersion: 2.35.528161 (5b82f2d2aae0ca..., userDataDir: C:\Users\SEEBOR~1\AppData\L...}, cssSelectorsEnabled: true, databaseEnabled: false, handlesAlerts: true, hasTouchScreen: false, javascriptEnabled: true, locationContextEnabled: true, mobileEmulationEnabled: false, nativeEvents: true, networkConnectionEnabled: false, pageLoadStrategy: normal, platform: XP, platformName: XP, rotatable: false, setWindowRect: true, takesHeapSnapshot: true, takesScreenshot: true, unexpectedAlertBehaviour: , unhandledPromptBehavior: , version: 68.0.3440.106, webStorageEnabled: true}
Session ID: d9a5039bc4ed76604d5bf5f70e01ffbf
*** Element info: {Using=xpath, value=})
[[ATTACHMENT|C:\\Users\\seeboruts\\OneDrive - SD Worx\\Desktop\\Katalon_eBlox_Reporting\\Reports\\testing\\New Test Suite\\20180817_132718\\1534498401524.png]]]]></system-out>
         <system-err><![CDATA[2018-08-17 13:31:02 - [TEST_CASE][FAILED] - Test Cases/New Folder/TC11 INTERNAL: Test Cases/New Folder/TC11 INTERNAL FAILED because (of) Unable to click on object 'Object Repository/Mes rapports Obj/EXECUTION/Button executer' (Root cause: org.openqa.selenium.InvalidSelectorException: invalid selector: Unable to locate an element with the xpath expression  because of the following error:
SyntaxError: Failed to execute 'evaluate' on 'Document': The string '' is not a valid XPath expression.
  (Session info: chrome=68.0.3440.106)
  (Driver info: chromedriver=2.35.528161 (5b82f2d2aae0ca24b877009200ced9065a772e73),platform=Windows NT 10.0.16299 x86_64) (WARNING: The server did not provide any stacktrace information)
Command duration or timeout: 0 milliseconds
For documentation on this error, please visit: http://seleniumhq.org/exceptions/invalid_selector_exception.html
Build info: version: '3.7.1', revision: '8a0099a', time: '2017-11-06T21:07:36.161Z'
System info: host: '5CG7062KWD', ip: '10.136.82.127', os.name: 'Windows 10', os.arch: 'amd64', os.version: '10.0', java.version: '1.8.0_181'
Driver info: com.kms.katalon.selenium.driver.CChromeDriver
Capabilities {acceptInsecureCerts: false, acceptSslCerts: false, applicationCacheEnabled: false, browserConnectionEnabled: false, browserName: chrome, chrome: {chromedriverVersion: 2.35.528161 (5b82f2d2aae0ca..., userDataDir: C:\Users\SEEBOR~1\AppData\L...}, cssSelectorsEnabled: true, databaseEnabled: false, handlesAlerts: true, hasTouchScreen: false, javascriptEnabled: true, locationContextEnabled: true, mobileEmulationEnabled: false, nativeEvents: true, networkConnectionEnabled: false, pageLoadStrategy: normal, platform: XP, platformName: XP, rotatable: false, setWindowRect: true, takesHeapSnapshot: true, takesScreenshot: true, unexpectedAlertBehaviour: , unhandledPromptBehavior: , version: 68.0.3440.106, webStorageEnabled: true}
Session ID: d9a5039bc4ed76604d5bf5f70e01ffbf
*** Element info: {Using=xpath, value=})]]></system-err>
      </testcase>
      <testcase name="Test Cases/New Folder/TC12 NEGATIVE VALUES" classname="Test Cases/New Folder/TC12 NEGATIVE VALUES" status="PASSED">
         <system-out><![CDATA[2018-08-17 13:33:21 - [TEST_CASE][PASSED] - Test Cases/New Folder/TC12 NEGATIVE VALUES: Test Cases/New Folder/TC12 NEGATIVE VALUES

2018-08-17 13:33:22 - [TEST_STEP][PASSED] - callTestCase: Call Test Case 'Test Cases/Login/TC1 Login to Mysdworx' successfully

2018-08-17 13:33:22 - [TEST_CASE][PASSED] - Test Cases/Login/TC1 Login to Mysdworx: Test Cases/Login/TC1 Login to Mysdworx

2018-08-17 13:33:22 - [TEST_STEP][PASSED] - openBrowser: Browser is opened with url: ''

2018-08-17 13:33:22 - [MESSAGE][WARNING] - A browser is already opened. Closing browser and opening a new one

2018-08-17 13:33:24 - [MESSAGE][PASSED] - Browser is opened with url: ''

2018-08-17 13:33:24 - [TEST_STEP][PASSED] - navigateToUrl: Navigate to 'https://internet.acc.sd.dika.be/ebloxreporting/web.sensitive/main/?lang=fr' successfully

2018-08-17 13:33:29 - [MESSAGE][PASSED] - Navigate to 'https://internet.acc.sd.dika.be/ebloxreporting/web.sensitive/main/?lang=fr' successfully

2018-08-17 13:33:29 - [TEST_STEP][PASSED] - maximizeWindow: Current window maximized

2018-08-17 13:33:31 - [MESSAGE][PASSED] - Current window maximized

2018-08-17 13:33:31 - [TEST_STEP][PASSED] - setText: Text 'DP_EBLOX_RPP_VASCO' is set on object 'Object Repository/Page_mysdworx - Log in/input_Username'

2018-08-17 13:33:34 - [MESSAGE][PASSED] - Text 'DP_EBLOX_RPP_VASCO' is set on object 'Object Repository/Page_mysdworx - Log in/input_Username'

2018-08-17 13:33:34 - [TEST_STEP][PASSED] - Statement - frame = new javax.swing.JFrame(User Input Frame): null

2018-08-17 13:33:34 - [TEST_STEP][PASSED] - Statement - frame.requestFocus(): null

2018-08-17 13:33:34 - [TEST_STEP][PASSED] - Statement - pass = javax.swing.JOptionPane.showInputDialog(frame, "Enter the password from token!!"): null

2018-08-17 13:33:43 - [TEST_STEP][PASSED] - delay: Delayed 5 second(s)

2018-08-17 13:33:48 - [MESSAGE][PASSED] - Delayed 5 second(s)

2018-08-17 13:33:48 - [TEST_STEP][PASSED] - setText: Text '366778' is set on object 'Object Repository/Page_mysdworx - Log in/input_Password'

2018-08-17 13:33:48 - [MESSAGE][PASSED] - Text '366778' is set on object 'Object Repository/Page_mysdworx - Log in/input_Password'

2018-08-17 13:33:48 - [TEST_STEP][PASSED] - click: Object: 'Object Repository/Page_mysdworx - Log in/button_Se connecter' is clicked on

2018-08-17 13:33:48 - [MESSAGE][PASSED] - Object: 'Object Repository/Page_mysdworx - Log in/button_Se connecter' is clicked on

2018-08-17 13:33:48 - [TEST_STEP][PASSED] - waitForPageLoad: Wait for page load successfully

2018-08-17 13:33:48 - [MESSAGE][PASSED] - Wait for page load successfully

2018-08-17 13:33:48 - [TEST_STEP][NOT_RUN] - closeBrowser: NOT_RUN: closeBrowser

2018-08-17 13:33:48 - [MESSAGE][NOT_RUN] - NOT_RUN: closeBrowser

2018-08-17 13:33:48 - [MESSAGE][PASSED] - Call Test Case 'Test Cases/Login/TC1 Login to Mysdworx' successfully

2018-08-17 13:33:48 - [TEST_STEP][PASSED] - waitForPageLoad: Wait for page load successfully

2018-08-17 13:33:48 - [MESSAGE][PASSED] - Wait for page load successfully

2018-08-17 13:33:48 - [TEST_STEP][PASSED] - callTestCase: Call Test Case 'Test Cases/Select Language/TC1 Verify NL language' successfully

2018-08-17 13:33:48 - [TEST_CASE][PASSED] - Test Cases/Select Language/TC1 Verify NL language: Test Cases/Select Language/TC1 Verify NL language

2018-08-17 13:33:48 - [TEST_STEP][PASSED] - waitForElementClickable: Object 'Object Repository/Change language link Obj/NL_language' is clickable

2018-08-17 13:34:12 - [MESSAGE][PASSED] - Object 'Object Repository/Change language link Obj/NL_language' is clickable

2018-08-17 13:34:12 - [TEST_STEP][PASSED] - click: Object: 'Object Repository/Change language link Obj/NL_language' is clicked on

2018-08-17 13:34:17 - [MESSAGE][PASSED] - Object: 'Object Repository/Change language link Obj/NL_language' is clicked on

2018-08-17 13:34:17 - [TEST_STEP][PASSED] - waitForPageLoad: Wait for page load successfully

2018-08-17 13:34:17 - [MESSAGE][PASSED] - Wait for page load successfully

2018-08-17 13:34:17 - [MESSAGE][PASSED] - Call Test Case 'Test Cases/Select Language/TC1 Verify NL language' successfully

2018-08-17 13:34:17 - [TEST_STEP][PASSED] - waitForPageLoad: Wait for page load successfully

2018-08-17 13:34:17 - [MESSAGE][PASSED] - Wait for page load successfully

2018-08-17 13:34:17 - [TEST_STEP][PASSED] - setText: Text 'REG NEGATIEF' is set on object 'Object Repository/Mes rapports Obj/input search filter'

2018-08-17 13:34:20 - [MESSAGE][PASSED] - Text 'REG NEGATIEF' is set on object 'Object Repository/Mes rapports Obj/input search filter'

2018-08-17 13:34:20 - [TEST_STEP][PASSED] - click: Object: 'Object Repository/Page_eBlox Reporting/Search_Icon' is clicked on

2018-08-17 13:34:20 - [MESSAGE][PASSED] - Object: 'Object Repository/Page_eBlox Reporting/Search_Icon' is clicked on

2018-08-17 13:34:20 - [TEST_STEP][PASSED] - Statement - myTestObject = new com.kms.katalon.core.testobject.TestObject(Select_report_NEGATIEF): null

2018-08-17 13:34:20 - [TEST_STEP][PASSED] - Statement - myTestObject.addProperty("xpath", EQUALS, "//a[@ui-sref='uitvoering.index({id:item.id})']//span[@text='REG NEGATIEF']"): null

2018-08-17 13:34:20 - [TEST_STEP][PASSED] - click: Object: 'Select_report_NEGATIEF' is clicked on

2018-08-17 13:34:21 - [MESSAGE][PASSED] - Object: 'Select_report_NEGATIEF' is clicked on

2018-08-17 13:34:21 - [TEST_STEP][PASSED] - waitForPageLoad: Wait for page load successfully

2018-08-17 13:34:21 - [MESSAGE][PASSED] - Wait for page load successfully

2018-08-17 13:34:21 - [TEST_STEP][PASSED] - delay: Delayed 2 second(s)

2018-08-17 13:34:23 - [MESSAGE][PASSED] - Delayed 2 second(s)

2018-08-17 13:34:23 - [TEST_STEP][PASSED] - waitForElementClickable: Object 'Object Repository/Mes rapports Obj/EXECUTION/Description _Date de reference historique' is clickable

2018-08-17 13:34:23 - [MESSAGE][PASSED] - Object 'Object Repository/Mes rapports Obj/EXECUTION/Description _Date de reference historique' is clickable

2018-08-17 13:34:23 - [TEST_STEP][PASSED] - click: Object: 'Object Repository/Mes rapports Obj/EXECUTION/Description _Date de reference historique' is clicked on

2018-08-17 13:34:23 - [MESSAGE][PASSED] - Object: 'Object Repository/Mes rapports Obj/EXECUTION/Description _Date de reference historique' is clicked on

2018-08-17 13:34:23 - [TEST_STEP][PASSED] - delay: Delayed 2 second(s)

2018-08-17 13:34:25 - [MESSAGE][PASSED] - Delayed 2 second(s)

2018-08-17 13:34:25 - [TEST_STEP][PASSED] - click: Object: 'Object Repository/Mes rapports Obj/EXECUTION/Aujourdhui - Vandaag' is clicked on

2018-08-17 13:34:25 - [MESSAGE][PASSED] - Object: 'Object Repository/Mes rapports Obj/EXECUTION/Aujourdhui - Vandaag' is clicked on

2018-08-17 13:34:25 - [TEST_STEP][PASSED] - click: Object: 'Object Repository/Mes rapports Obj/EXECUTION/Button executer' is clicked on

2018-08-17 13:34:25 - [MESSAGE][PASSED] - Object: 'Object Repository/Mes rapports Obj/EXECUTION/Button executer' is clicked on

2018-08-17 13:34:25 - [TEST_STEP][PASSED] - waitForPageLoad: Wait for page load successfully

2018-08-17 13:34:25 - [MESSAGE][PASSED] - Wait for page load successfully

2018-08-17 13:34:25 - [TEST_STEP][PASSED] - closeBrowser: Browser is closed

2018-08-17 13:34:26 - [MESSAGE][PASSED] - Browser is closed]]></system-out>
         <system-err><![CDATA[]]></system-err>
      </testcase>
      <testcase name="Test Cases/New Folder/TC13 DIVIDED BY 0" classname="Test Cases/New Folder/TC13 DIVIDED BY 0" status="FAILED">
         <failure type="FAILED" message="Unable to click on object 'Object Repository/Mes rapports Obj/EXECUTION/Description _Date de reference historique' (Root cause: org.openqa.selenium.StaleElementReferenceException: stale element reference: element is not attached to the page document
  (Session info: chrome=68.0.3440.106)
  (Driver info: chromedriver=2.35.528161 (5b82f2d2aae0ca24b877009200ced9065a772e73),platform=Windows NT 10.0.16299 x86_64) (WARNING: The server did not provide any stacktrace information)
Command duration or timeout: 0 milliseconds
For documentation on this error, please visit: http://seleniumhq.org/exceptions/stale_element_reference.html
Build info: version: '3.7.1', revision: '8a0099a', time: '2017-11-06T21:07:36.161Z'
System info: host: '5CG7062KWD', ip: '10.136.82.127', os.name: 'Windows 10', os.arch: 'amd64', os.version: '10.0', java.version: '1.8.0_181'
Driver info: com.kms.katalon.selenium.driver.CChromeDriver
Capabilities {acceptInsecureCerts: false, acceptSslCerts: false, applicationCacheEnabled: false, browserConnectionEnabled: false, browserName: chrome, chrome: {chromedriverVersion: 2.35.528161 (5b82f2d2aae0ca..., userDataDir: C:\Users\SEEBOR~1\AppData\L...}, cssSelectorsEnabled: true, databaseEnabled: false, handlesAlerts: true, hasTouchScreen: false, javascriptEnabled: true, locationContextEnabled: true, mobileEmulationEnabled: false, nativeEvents: true, networkConnectionEnabled: false, pageLoadStrategy: normal, platform: XP, platformName: XP, rotatable: false, setWindowRect: true, takesHeapSnapshot: true, takesScreenshot: true, unexpectedAlertBehaviour: , unhandledPromptBehavior: , version: 68.0.3440.106, webStorageEnabled: true}
Session ID: df850c732fda40f2944acaa3c315be07)"/>
         <system-out><![CDATA[2018-08-17 13:34:26 - [TEST_CASE][FAILED] - Test Cases/New Folder/TC13 DIVIDED BY 0: Test Cases/New Folder/TC13 DIVIDED BY 0 FAILED because (of) Unable to click on object 'Object Repository/Mes rapports Obj/EXECUTION/Description _Date de reference historique' (Root cause: org.openqa.selenium.StaleElementReferenceException: stale element reference: element is not attached to the page document
  (Session info: chrome=68.0.3440.106)
  (Driver info: chromedriver=2.35.528161 (5b82f2d2aae0ca24b877009200ced9065a772e73),platform=Windows NT 10.0.16299 x86_64) (WARNING: The server did not provide any stacktrace information)
Command duration or timeout: 0 milliseconds
For documentation on this error, please visit: http://seleniumhq.org/exceptions/stale_element_reference.html
Build info: version: '3.7.1', revision: '8a0099a', time: '2017-11-06T21:07:36.161Z'
System info: host: '5CG7062KWD', ip: '10.136.82.127', os.name: 'Windows 10', os.arch: 'amd64', os.version: '10.0', java.version: '1.8.0_181'
Driver info: com.kms.katalon.selenium.driver.CChromeDriver
Capabilities {acceptInsecureCerts: false, acceptSslCerts: false, applicationCacheEnabled: false, browserConnectionEnabled: false, browserName: chrome, chrome: {chromedriverVersion: 2.35.528161 (5b82f2d2aae0ca..., userDataDir: C:\Users\SEEBOR~1\AppData\L...}, cssSelectorsEnabled: true, databaseEnabled: false, handlesAlerts: true, hasTouchScreen: false, javascriptEnabled: true, locationContextEnabled: true, mobileEmulationEnabled: false, nativeEvents: true, networkConnectionEnabled: false, pageLoadStrategy: normal, platform: XP, platformName: XP, rotatable: false, setWindowRect: true, takesHeapSnapshot: true, takesScreenshot: true, unexpectedAlertBehaviour: , unhandledPromptBehavior: , version: 68.0.3440.106, webStorageEnabled: true}
Session ID: df850c732fda40f2944acaa3c315be07)

2018-08-17 13:34:26 - [TEST_STEP][PASSED] - callTestCase: Call Test Case 'Test Cases/Login/TC1 Login to Mysdworx' successfully

2018-08-17 13:34:26 - [TEST_CASE][PASSED] - Test Cases/Login/TC1 Login to Mysdworx: Test Cases/Login/TC1 Login to Mysdworx

2018-08-17 13:34:26 - [TEST_STEP][PASSED] - openBrowser: Browser is opened with url: ''

2018-08-17 13:34:28 - [MESSAGE][PASSED] - Browser is opened with url: ''

2018-08-17 13:34:28 - [TEST_STEP][PASSED] - navigateToUrl: Navigate to 'https://internet.acc.sd.dika.be/ebloxreporting/web.sensitive/main/?lang=fr' successfully

2018-08-17 13:34:33 - [MESSAGE][PASSED] - Navigate to 'https://internet.acc.sd.dika.be/ebloxreporting/web.sensitive/main/?lang=fr' successfully

2018-08-17 13:34:33 - [TEST_STEP][PASSED] - maximizeWindow: Current window maximized

2018-08-17 13:34:34 - [MESSAGE][PASSED] - Current window maximized

2018-08-17 13:34:34 - [TEST_STEP][PASSED] - setText: Text 'DP_EBLOX_RPP_VASCO' is set on object 'Object Repository/Page_mysdworx - Log in/input_Username'

2018-08-17 13:34:38 - [MESSAGE][PASSED] - Text 'DP_EBLOX_RPP_VASCO' is set on object 'Object Repository/Page_mysdworx - Log in/input_Username'

2018-08-17 13:34:38 - [TEST_STEP][PASSED] - Statement - frame = new javax.swing.JFrame(User Input Frame): null

2018-08-17 13:34:38 - [TEST_STEP][PASSED] - Statement - frame.requestFocus(): null

2018-08-17 13:34:38 - [TEST_STEP][PASSED] - Statement - pass = javax.swing.JOptionPane.showInputDialog(frame, "Enter the password from token!!"): null

2018-08-17 13:34:41 - [TEST_STEP][PASSED] - delay: Delayed 5 second(s)

2018-08-17 13:34:46 - [MESSAGE][PASSED] - Delayed 5 second(s)

2018-08-17 13:34:46 - [TEST_STEP][PASSED] - setText: Text '823915' is set on object 'Object Repository/Page_mysdworx - Log in/input_Password'

2018-08-17 13:34:46 - [MESSAGE][PASSED] - Text '823915' is set on object 'Object Repository/Page_mysdworx - Log in/input_Password'

2018-08-17 13:34:46 - [TEST_STEP][PASSED] - click: Object: 'Object Repository/Page_mysdworx - Log in/button_Se connecter' is clicked on

2018-08-17 13:34:46 - [MESSAGE][PASSED] - Object: 'Object Repository/Page_mysdworx - Log in/button_Se connecter' is clicked on

2018-08-17 13:34:46 - [TEST_STEP][PASSED] - waitForPageLoad: Wait for page load successfully

2018-08-17 13:34:46 - [MESSAGE][PASSED] - Wait for page load successfully

2018-08-17 13:34:46 - [TEST_STEP][NOT_RUN] - closeBrowser: NOT_RUN: closeBrowser

2018-08-17 13:34:46 - [MESSAGE][NOT_RUN] - NOT_RUN: closeBrowser

2018-08-17 13:34:46 - [MESSAGE][PASSED] - Call Test Case 'Test Cases/Login/TC1 Login to Mysdworx' successfully

2018-08-17 13:34:46 - [TEST_STEP][PASSED] - waitForPageLoad: Wait for page load successfully

2018-08-17 13:34:46 - [MESSAGE][PASSED] - Wait for page load successfully

2018-08-17 13:34:46 - [TEST_STEP][PASSED] - callTestCase: Call Test Case 'Test Cases/Select Language/TC1 Verify NL language' successfully

2018-08-17 13:34:46 - [TEST_CASE][PASSED] - Test Cases/Select Language/TC1 Verify NL language: Test Cases/Select Language/TC1 Verify NL language

2018-08-17 13:34:46 - [TEST_STEP][PASSED] - waitForElementClickable: Object 'Object Repository/Change language link Obj/NL_language' is clickable

2018-08-17 13:35:07 - [MESSAGE][PASSED] - Object 'Object Repository/Change language link Obj/NL_language' is clickable

2018-08-17 13:35:07 - [TEST_STEP][PASSED] - click: Object: 'Object Repository/Change language link Obj/NL_language' is clicked on

2018-08-17 13:35:12 - [MESSAGE][PASSED] - Object: 'Object Repository/Change language link Obj/NL_language' is clicked on

2018-08-17 13:35:12 - [TEST_STEP][PASSED] - waitForPageLoad: Wait for page load successfully

2018-08-17 13:35:12 - [MESSAGE][PASSED] - Wait for page load successfully

2018-08-17 13:35:12 - [MESSAGE][PASSED] - Call Test Case 'Test Cases/Select Language/TC1 Verify NL language' successfully

2018-08-17 13:35:12 - [TEST_STEP][PASSED] - waitForPageLoad: Wait for page load successfully

2018-08-17 13:35:12 - [MESSAGE][PASSED] - Wait for page load successfully

2018-08-17 13:35:12 - [TEST_STEP][PASSED] - setText: Text 'REG BEWERKING 0' is set on object 'Object Repository/Mes rapports Obj/input search filter'

2018-08-17 13:35:15 - [MESSAGE][PASSED] - Text 'REG BEWERKING 0' is set on object 'Object Repository/Mes rapports Obj/input search filter'

2018-08-17 13:35:15 - [TEST_STEP][PASSED] - click: Object: 'Object Repository/Page_eBlox Reporting/Search_Icon' is clicked on

2018-08-17 13:35:15 - [MESSAGE][PASSED] - Object: 'Object Repository/Page_eBlox Reporting/Search_Icon' is clicked on

2018-08-17 13:35:15 - [TEST_STEP][PASSED] - Statement - myTestObject = new com.kms.katalon.core.testobject.TestObject(Select_report): null

2018-08-17 13:35:15 - [TEST_STEP][PASSED] - Statement - myTestObject.addProperty("xpath", EQUALS, "//span[@text='REG BEWERKING']"): null

2018-08-17 13:35:15 - [TEST_STEP][PASSED] - click: Object: 'Select_report' is clicked on

2018-08-17 13:35:16 - [MESSAGE][PASSED] - Object: 'Select_report' is clicked on

2018-08-17 13:35:16 - [TEST_STEP][PASSED] - waitForElementClickable: Object 'Object Repository/Mes rapports Obj/EXECUTION/Description _Date de reference historique' is clickable

2018-08-17 13:35:17 - [MESSAGE][PASSED] - Object 'Object Repository/Mes rapports Obj/EXECUTION/Description _Date de reference historique' is clickable

2018-08-17 13:35:17 - [TEST_STEP][FAILED] - click: Unable to click on object 'Object Repository/Mes rapports Obj/EXECUTION/Description _Date de reference historique' (Root cause: org.openqa.selenium.StaleElementReferenceException: stale element reference: element is not attached to the page document
  (Session info: chrome=68.0.3440.106)
  (Driver info: chromedriver=2.35.528161 (5b82f2d2aae0ca24b877009200ced9065a772e73),platform=Windows NT 10.0.16299 x86_64) (WARNING: The server did not provide any stacktrace information)
Command duration or timeout: 0 milliseconds
For documentation on this error, please visit: http://seleniumhq.org/exceptions/stale_element_reference.html
Build info: version: '3.7.1', revision: '8a0099a', time: '2017-11-06T21:07:36.161Z'
System info: host: '5CG7062KWD', ip: '10.136.82.127', os.name: 'Windows 10', os.arch: 'amd64', os.version: '10.0', java.version: '1.8.0_181'
Driver info: com.kms.katalon.selenium.driver.CChromeDriver
Capabilities {acceptInsecureCerts: false, acceptSslCerts: false, applicationCacheEnabled: false, browserConnectionEnabled: false, browserName: chrome, chrome: {chromedriverVersion: 2.35.528161 (5b82f2d2aae0ca..., userDataDir: C:\Users\SEEBOR~1\AppData\L...}, cssSelectorsEnabled: true, databaseEnabled: false, handlesAlerts: true, hasTouchScreen: false, javascriptEnabled: true, locationContextEnabled: true, mobileEmulationEnabled: false, nativeEvents: true, networkConnectionEnabled: false, pageLoadStrategy: normal, platform: XP, platformName: XP, rotatable: false, setWindowRect: true, takesHeapSnapshot: true, takesScreenshot: true, unexpectedAlertBehaviour: , unhandledPromptBehavior: , version: 68.0.3440.106, webStorageEnabled: true}
Session ID: df850c732fda40f2944acaa3c315be07)

2018-08-17 13:35:17 - [MESSAGE][FAILED] - Unable to click on object 'Object Repository/Mes rapports Obj/EXECUTION/Description _Date de reference historique' (Root cause: org.openqa.selenium.StaleElementReferenceException: stale element reference: element is not attached to the page document
  (Session info: chrome=68.0.3440.106)
  (Driver info: chromedriver=2.35.528161 (5b82f2d2aae0ca24b877009200ced9065a772e73),platform=Windows NT 10.0.16299 x86_64) (WARNING: The server did not provide any stacktrace information)
Command duration or timeout: 0 milliseconds
For documentation on this error, please visit: http://seleniumhq.org/exceptions/stale_element_reference.html
Build info: version: '3.7.1', revision: '8a0099a', time: '2017-11-06T21:07:36.161Z'
System info: host: '5CG7062KWD', ip: '10.136.82.127', os.name: 'Windows 10', os.arch: 'amd64', os.version: '10.0', java.version: '1.8.0_181'
Driver info: com.kms.katalon.selenium.driver.CChromeDriver
Capabilities {acceptInsecureCerts: false, acceptSslCerts: false, applicationCacheEnabled: false, browserConnectionEnabled: false, browserName: chrome, chrome: {chromedriverVersion: 2.35.528161 (5b82f2d2aae0ca..., userDataDir: C:\Users\SEEBOR~1\AppData\L...}, cssSelectorsEnabled: true, databaseEnabled: false, handlesAlerts: true, hasTouchScreen: false, javascriptEnabled: true, locationContextEnabled: true, mobileEmulationEnabled: false, nativeEvents: true, networkConnectionEnabled: false, pageLoadStrategy: normal, platform: XP, platformName: XP, rotatable: false, setWindowRect: true, takesHeapSnapshot: true, takesScreenshot: true, unexpectedAlertBehaviour: , unhandledPromptBehavior: , version: 68.0.3440.106, webStorageEnabled: true}
Session ID: df850c732fda40f2944acaa3c315be07)
[[ATTACHMENT|C:\\Users\\seeboruts\\OneDrive - SD Worx\\Desktop\\Katalon_eBlox_Reporting\\Reports\\testing\\New Test Suite\\20180817_132718\\1534498517396.png]]]]></system-out>
         <system-err><![CDATA[2018-08-17 13:34:26 - [TEST_CASE][FAILED] - Test Cases/New Folder/TC13 DIVIDED BY 0: Test Cases/New Folder/TC13 DIVIDED BY 0 FAILED because (of) Unable to click on object 'Object Repository/Mes rapports Obj/EXECUTION/Description _Date de reference historique' (Root cause: org.openqa.selenium.StaleElementReferenceException: stale element reference: element is not attached to the page document
  (Session info: chrome=68.0.3440.106)
  (Driver info: chromedriver=2.35.528161 (5b82f2d2aae0ca24b877009200ced9065a772e73),platform=Windows NT 10.0.16299 x86_64) (WARNING: The server did not provide any stacktrace information)
Command duration or timeout: 0 milliseconds
For documentation on this error, please visit: http://seleniumhq.org/exceptions/stale_element_reference.html
Build info: version: '3.7.1', revision: '8a0099a', time: '2017-11-06T21:07:36.161Z'
System info: host: '5CG7062KWD', ip: '10.136.82.127', os.name: 'Windows 10', os.arch: 'amd64', os.version: '10.0', java.version: '1.8.0_181'
Driver info: com.kms.katalon.selenium.driver.CChromeDriver
Capabilities {acceptInsecureCerts: false, acceptSslCerts: false, applicationCacheEnabled: false, browserConnectionEnabled: false, browserName: chrome, chrome: {chromedriverVersion: 2.35.528161 (5b82f2d2aae0ca..., userDataDir: C:\Users\SEEBOR~1\AppData\L...}, cssSelectorsEnabled: true, databaseEnabled: false, handlesAlerts: true, hasTouchScreen: false, javascriptEnabled: true, locationContextEnabled: true, mobileEmulationEnabled: false, nativeEvents: true, networkConnectionEnabled: false, pageLoadStrategy: normal, platform: XP, platformName: XP, rotatable: false, setWindowRect: true, takesHeapSnapshot: true, takesScreenshot: true, unexpectedAlertBehaviour: , unhandledPromptBehavior: , version: 68.0.3440.106, webStorageEnabled: true}
Session ID: df850c732fda40f2944acaa3c315be07)]]></system-err>
      </testcase>
      <testcase name="Test Cases/New Folder/TC14 OWN COLUMNS" classname="Test Cases/New Folder/TC14 OWN COLUMNS" status="PASSED">
         <system-out><![CDATA[2018-08-17 13:35:17 - [TEST_CASE][PASSED] - Test Cases/New Folder/TC14 OWN COLUMNS: Test Cases/New Folder/TC14 OWN COLUMNS

2018-08-17 13:35:17 - [TEST_STEP][PASSED] - callTestCase: Call Test Case 'Test Cases/Login/TC1 Login to Mysdworx' successfully

2018-08-17 13:35:17 - [TEST_CASE][PASSED] - Test Cases/Login/TC1 Login to Mysdworx: Test Cases/Login/TC1 Login to Mysdworx

2018-08-17 13:35:17 - [TEST_STEP][PASSED] - openBrowser: Browser is opened with url: ''

2018-08-17 13:35:17 - [MESSAGE][WARNING] - A browser is already opened. Closing browser and opening a new one

2018-08-17 13:35:20 - [MESSAGE][PASSED] - Browser is opened with url: ''

2018-08-17 13:35:20 - [TEST_STEP][PASSED] - navigateToUrl: Navigate to 'https://internet.acc.sd.dika.be/ebloxreporting/web.sensitive/main/?lang=fr' successfully

2018-08-17 13:35:25 - [MESSAGE][PASSED] - Navigate to 'https://internet.acc.sd.dika.be/ebloxreporting/web.sensitive/main/?lang=fr' successfully

2018-08-17 13:35:25 - [TEST_STEP][PASSED] - maximizeWindow: Current window maximized

2018-08-17 13:35:26 - [MESSAGE][PASSED] - Current window maximized

2018-08-17 13:35:26 - [TEST_STEP][PASSED] - setText: Text 'DP_EBLOX_RPP_VASCO' is set on object 'Object Repository/Page_mysdworx - Log in/input_Username'

2018-08-17 13:35:30 - [MESSAGE][PASSED] - Text 'DP_EBLOX_RPP_VASCO' is set on object 'Object Repository/Page_mysdworx - Log in/input_Username'

2018-08-17 13:35:30 - [TEST_STEP][PASSED] - Statement - frame = new javax.swing.JFrame(User Input Frame): null

2018-08-17 13:35:30 - [TEST_STEP][PASSED] - Statement - frame.requestFocus(): null

2018-08-17 13:35:30 - [TEST_STEP][PASSED] - Statement - pass = javax.swing.JOptionPane.showInputDialog(frame, "Enter the password from token!!"): null

2018-08-17 13:35:32 - [TEST_STEP][PASSED] - delay: Delayed 5 second(s)

2018-08-17 13:35:37 - [MESSAGE][PASSED] - Delayed 5 second(s)

2018-08-17 13:35:37 - [TEST_STEP][PASSED] - setText: Text '572995' is set on object 'Object Repository/Page_mysdworx - Log in/input_Password'

2018-08-17 13:35:37 - [MESSAGE][PASSED] - Text '572995' is set on object 'Object Repository/Page_mysdworx - Log in/input_Password'

2018-08-17 13:35:37 - [TEST_STEP][PASSED] - click: Object: 'Object Repository/Page_mysdworx - Log in/button_Se connecter' is clicked on

2018-08-17 13:35:37 - [MESSAGE][PASSED] - Object: 'Object Repository/Page_mysdworx - Log in/button_Se connecter' is clicked on

2018-08-17 13:35:37 - [TEST_STEP][PASSED] - waitForPageLoad: Wait for page load successfully

2018-08-17 13:35:37 - [MESSAGE][PASSED] - Wait for page load successfully

2018-08-17 13:35:37 - [TEST_STEP][NOT_RUN] - closeBrowser: NOT_RUN: closeBrowser

2018-08-17 13:35:37 - [MESSAGE][NOT_RUN] - NOT_RUN: closeBrowser

2018-08-17 13:35:37 - [MESSAGE][PASSED] - Call Test Case 'Test Cases/Login/TC1 Login to Mysdworx' successfully

2018-08-17 13:35:37 - [TEST_STEP][PASSED] - waitForPageLoad: Wait for page load successfully

2018-08-17 13:35:37 - [MESSAGE][PASSED] - Wait for page load successfully

2018-08-17 13:35:37 - [TEST_STEP][PASSED] - callTestCase: Call Test Case 'Test Cases/Select Language/TC1 Verify NL language' successfully

2018-08-17 13:35:37 - [TEST_CASE][PASSED] - Test Cases/Select Language/TC1 Verify NL language: Test Cases/Select Language/TC1 Verify NL language

2018-08-17 13:35:37 - [TEST_STEP][PASSED] - waitForElementClickable: Object 'Object Repository/Change language link Obj/NL_language' is clickable

2018-08-17 13:35:58 - [MESSAGE][PASSED] - Object 'Object Repository/Change language link Obj/NL_language' is clickable

2018-08-17 13:35:58 - [TEST_STEP][PASSED] - click: Object: 'Object Repository/Change language link Obj/NL_language' is clicked on

2018-08-17 13:36:04 - [MESSAGE][PASSED] - Object: 'Object Repository/Change language link Obj/NL_language' is clicked on

2018-08-17 13:36:04 - [TEST_STEP][PASSED] - waitForPageLoad: Wait for page load successfully

2018-08-17 13:36:04 - [MESSAGE][PASSED] - Wait for page load successfully

2018-08-17 13:36:04 - [MESSAGE][PASSED] - Call Test Case 'Test Cases/Select Language/TC1 Verify NL language' successfully

2018-08-17 13:36:04 - [TEST_STEP][PASSED] - waitForPageLoad: Wait for page load successfully

2018-08-17 13:36:04 - [MESSAGE][PASSED] - Wait for page load successfully

2018-08-17 13:36:04 - [TEST_STEP][PASSED] - setText: Text 'REG EIGEN RUBRIEK' is set on object 'Object Repository/Mes rapports Obj/input search filter'

2018-08-17 13:36:06 - [MESSAGE][PASSED] - Text 'REG EIGEN RUBRIEK' is set on object 'Object Repository/Mes rapports Obj/input search filter'

2018-08-17 13:36:06 - [TEST_STEP][PASSED] - click: Object: 'Object Repository/Page_eBlox Reporting/Search_Icon' is clicked on

2018-08-17 13:36:06 - [MESSAGE][PASSED] - Object: 'Object Repository/Page_eBlox Reporting/Search_Icon' is clicked on

2018-08-17 13:36:06 - [TEST_STEP][PASSED] - Statement - myTestObject = new com.kms.katalon.core.testobject.TestObject(Select_report): null

2018-08-17 13:36:06 - [TEST_STEP][PASSED] - Statement - myTestObject.addProperty("xpath", EQUALS, "//span[@text='REG EIGEN RUBRIEK']"): null

2018-08-17 13:36:06 - [TEST_STEP][PASSED] - click: Object: 'Select_report' is clicked on

2018-08-17 13:36:07 - [MESSAGE][PASSED] - Object: 'Select_report' is clicked on

2018-08-17 13:36:07 - [TEST_STEP][PASSED] - delay: Delayed 2 second(s)

2018-08-17 13:36:09 - [MESSAGE][PASSED] - Delayed 2 second(s)

2018-08-17 13:36:09 - [TEST_STEP][PASSED] - waitForElementClickable: Object 'Object Repository/Mes rapports Obj/EXECUTION/Description _Date de reference historique' is clickable

2018-08-17 13:36:09 - [MESSAGE][PASSED] - Object 'Object Repository/Mes rapports Obj/EXECUTION/Description _Date de reference historique' is clickable

2018-08-17 13:36:09 - [TEST_STEP][PASSED] - click: Object: 'Object Repository/Mes rapports Obj/EXECUTION/Description _Date de reference historique' is clicked on

2018-08-17 13:36:09 - [MESSAGE][PASSED] - Object: 'Object Repository/Mes rapports Obj/EXECUTION/Description _Date de reference historique' is clicked on

2018-08-17 13:36:09 - [TEST_STEP][PASSED] - delay: Delayed 2 second(s)

2018-08-17 13:36:11 - [MESSAGE][PASSED] - Delayed 2 second(s)

2018-08-17 13:36:11 - [TEST_STEP][PASSED] - click: Object: 'Object Repository/Mes rapports Obj/EXECUTION/Description_Date de reference historique - Dernier jour mois precedent' is clicked on

2018-08-17 13:36:11 - [MESSAGE][PASSED] - Object: 'Object Repository/Mes rapports Obj/EXECUTION/Description_Date de reference historique - Dernier jour mois precedent' is clicked on

2018-08-17 13:36:11 - [TEST_STEP][PASSED] - click: Object: 'Object Repository/Mes rapports Obj/EXECUTION/Button executer' is clicked on

2018-08-17 13:36:11 - [MESSAGE][PASSED] - Object: 'Object Repository/Mes rapports Obj/EXECUTION/Button executer' is clicked on

2018-08-17 13:36:11 - [TEST_STEP][PASSED] - closeBrowser: Browser is closed

2018-08-17 13:36:12 - [MESSAGE][PASSED] - Browser is closed]]></system-out>
         <system-err><![CDATA[]]></system-err>
      </testcase>
      <testcase name="Test Cases/New Folder/TC15 COLUMNS" classname="Test Cases/New Folder/TC15 COLUMNS" status="PASSED">
         <system-out><![CDATA[2018-08-17 13:36:12 - [TEST_CASE][PASSED] - Test Cases/New Folder/TC15 COLUMNS: Test Cases/New Folder/TC15 COLUMNS

2018-08-17 13:36:12 - [TEST_STEP][PASSED] - callTestCase: Call Test Case 'Test Cases/Login/TC1 Login to Mysdworx' successfully

2018-08-17 13:36:12 - [TEST_CASE][PASSED] - Test Cases/Login/TC1 Login to Mysdworx: Test Cases/Login/TC1 Login to Mysdworx

2018-08-17 13:36:12 - [TEST_STEP][PASSED] - openBrowser: Browser is opened with url: ''

2018-08-17 13:36:14 - [MESSAGE][PASSED] - Browser is opened with url: ''

2018-08-17 13:36:14 - [TEST_STEP][PASSED] - navigateToUrl: Navigate to 'https://internet.acc.sd.dika.be/ebloxreporting/web.sensitive/main/?lang=fr' successfully

2018-08-17 13:36:19 - [MESSAGE][PASSED] - Navigate to 'https://internet.acc.sd.dika.be/ebloxreporting/web.sensitive/main/?lang=fr' successfully

2018-08-17 13:36:19 - [TEST_STEP][PASSED] - maximizeWindow: Current window maximized

2018-08-17 13:36:21 - [MESSAGE][PASSED] - Current window maximized

2018-08-17 13:36:21 - [TEST_STEP][PASSED] - setText: Text 'DP_EBLOX_RPP_VASCO' is set on object 'Object Repository/Page_mysdworx - Log in/input_Username'

2018-08-17 13:36:25 - [MESSAGE][PASSED] - Text 'DP_EBLOX_RPP_VASCO' is set on object 'Object Repository/Page_mysdworx - Log in/input_Username'

2018-08-17 13:36:25 - [TEST_STEP][PASSED] - Statement - frame = new javax.swing.JFrame(User Input Frame): null

2018-08-17 13:36:25 - [TEST_STEP][PASSED] - Statement - frame.requestFocus(): null

2018-08-17 13:36:25 - [TEST_STEP][PASSED] - Statement - pass = javax.swing.JOptionPane.showInputDialog(frame, "Enter the password from token!!"): null

2018-08-17 13:36:26 - [TEST_STEP][PASSED] - delay: Delayed 5 second(s)

2018-08-17 13:36:31 - [MESSAGE][PASSED] - Delayed 5 second(s)

2018-08-17 13:36:31 - [TEST_STEP][PASSED] - setText: Text '930243' is set on object 'Object Repository/Page_mysdworx - Log in/input_Password'

2018-08-17 13:36:32 - [MESSAGE][PASSED] - Text '930243' is set on object 'Object Repository/Page_mysdworx - Log in/input_Password'

2018-08-17 13:36:32 - [TEST_STEP][PASSED] - click: Object: 'Object Repository/Page_mysdworx - Log in/button_Se connecter' is clicked on

2018-08-17 13:36:32 - [MESSAGE][PASSED] - Object: 'Object Repository/Page_mysdworx - Log in/button_Se connecter' is clicked on

2018-08-17 13:36:32 - [TEST_STEP][PASSED] - waitForPageLoad: Wait for page load successfully

2018-08-17 13:36:32 - [MESSAGE][PASSED] - Wait for page load successfully

2018-08-17 13:36:32 - [TEST_STEP][NOT_RUN] - closeBrowser: NOT_RUN: closeBrowser

2018-08-17 13:36:32 - [MESSAGE][NOT_RUN] - NOT_RUN: closeBrowser

2018-08-17 13:36:32 - [MESSAGE][PASSED] - Call Test Case 'Test Cases/Login/TC1 Login to Mysdworx' successfully

2018-08-17 13:36:32 - [TEST_STEP][PASSED] - waitForPageLoad: Wait for page load successfully

2018-08-17 13:36:32 - [MESSAGE][PASSED] - Wait for page load successfully

2018-08-17 13:36:32 - [TEST_STEP][PASSED] - callTestCase: Call Test Case 'Test Cases/Select Language/TC1 Verify NL language' successfully

2018-08-17 13:36:32 - [TEST_CASE][PASSED] - Test Cases/Select Language/TC1 Verify NL language: Test Cases/Select Language/TC1 Verify NL language

2018-08-17 13:36:32 - [TEST_STEP][PASSED] - waitForElementClickable: Object 'Object Repository/Change language link Obj/NL_language' is clickable

2018-08-17 13:36:53 - [MESSAGE][PASSED] - Object 'Object Repository/Change language link Obj/NL_language' is clickable

2018-08-17 13:36:53 - [TEST_STEP][PASSED] - click: Object: 'Object Repository/Change language link Obj/NL_language' is clicked on

2018-08-17 13:36:59 - [MESSAGE][PASSED] - Object: 'Object Repository/Change language link Obj/NL_language' is clicked on

2018-08-17 13:36:59 - [TEST_STEP][PASSED] - waitForPageLoad: Wait for page load successfully

2018-08-17 13:36:59 - [MESSAGE][PASSED] - Wait for page load successfully

2018-08-17 13:36:59 - [MESSAGE][PASSED] - Call Test Case 'Test Cases/Select Language/TC1 Verify NL language' successfully

2018-08-17 13:36:59 - [TEST_STEP][PASSED] - waitForPageLoad: Wait for page load successfully

2018-08-17 13:36:59 - [MESSAGE][PASSED] - Wait for page load successfully

2018-08-17 13:36:59 - [TEST_STEP][PASSED] - setText: Text 'REG RUBRIEK' is set on object 'Object Repository/Mes rapports Obj/input search filter'

2018-08-17 13:37:02 - [MESSAGE][PASSED] - Text 'REG RUBRIEK' is set on object 'Object Repository/Mes rapports Obj/input search filter'

2018-08-17 13:37:02 - [TEST_STEP][PASSED] - click: Object: 'Object Repository/Page_eBlox Reporting/Search_Icon' is clicked on

2018-08-17 13:37:02 - [MESSAGE][PASSED] - Object: 'Object Repository/Page_eBlox Reporting/Search_Icon' is clicked on

2018-08-17 13:37:02 - [TEST_STEP][PASSED] - Statement - REG_RUBRIEK = new com.kms.katalon.core.testobject.TestObject(Select_report): null

2018-08-17 13:37:02 - [TEST_STEP][PASSED] - Statement - REG_RUBRIEK.addProperty("xpath", EQUALS, "//a[@class='hide-on-hover']//span[@text='REG + RUBRIEK']"): null

2018-08-17 13:37:02 - [TEST_STEP][PASSED] - click: Object: 'Select_report' is clicked on

2018-08-17 13:37:02 - [MESSAGE][PASSED] - Object: 'Select_report' is clicked on

2018-08-17 13:37:02 - [TEST_STEP][PASSED] - click: Object: 'Object Repository/Page_eBlox Rapportering/Definition' is clicked on

2018-08-17 13:37:04 - [MESSAGE][PASSED] - Object: 'Object Repository/Page_eBlox Rapportering/Definition' is clicked on

2018-08-17 13:37:04 - [TEST_STEP][PASSED] - click: Object: 'Object Repository/Mes rapports Obj/EXECUTION/Button executer' is clicked on

2018-08-17 13:37:04 - [MESSAGE][PASSED] - Object: 'Object Repository/Mes rapports Obj/EXECUTION/Button executer' is clicked on

2018-08-17 13:37:04 - [TEST_STEP][PASSED] - closeBrowser: Browser is closed

2018-08-17 13:37:04 - [MESSAGE][PASSED] - Browser is closed]]></system-out>
         <system-err><![CDATA[]]></system-err>
      </testcase>
      <testcase name="Test Cases/New Folder/TC16 HISTORIC WITHOUT" classname="Test Cases/New Folder/TC16 HISTORIC WITHOUT" status="FAILED">
         <failure type="FAILED" message="Unable to send keys '' to object 'Object Repository/Mes rapports Obj/EXECUTION/Description_Dossier and Groupe figure dans' (Root cause: com.kms.katalon.core.webui.exception.WebElementNotFoundException: Web element with id: 'Object Repository/Mes rapports Obj/EXECUTION/Description_Dossier and Groupe figure dans' located by 'By.xpath: //div[@class='select2-container select2-container-multi ng-pristine ng-untouched ng-valid-required ng-invalid ng-invalid-select2-multi']//ul[@class='select2-choices']//li[@class='select2-search-field']//input[@class='select2-input'][count(. | //*[contains(@id, 's2id_autogen') and @class = 'select2-input' and @autocomplete = 'off' and @autocorrect = 'off' and @autocapitalize = 'off' and @spellcheck = 'false']) = count(//*[contains(@id, 's2id_autogen') and @class = 'select2-input' and @autocomplete = 'off' and @autocorrect = 'off' and @autocapitalize = 'off' and @spellcheck = 'false'])]' not found)"/>
         <system-out><![CDATA[2018-08-17 13:37:04 - [TEST_CASE][FAILED] - Test Cases/New Folder/TC16 HISTORIC WITHOUT: Test Cases/New Folder/TC16 HISTORIC WITHOUT FAILED because (of) Unable to send keys '' to object 'Object Repository/Mes rapports Obj/EXECUTION/Description_Dossier and Groupe figure dans' (Root cause: com.kms.katalon.core.webui.exception.WebElementNotFoundException: Web element with id: 'Object Repository/Mes rapports Obj/EXECUTION/Description_Dossier and Groupe figure dans' located by 'By.xpath: //div[@class='select2-container select2-container-multi ng-pristine ng-untouched ng-valid-required ng-invalid ng-invalid-select2-multi']//ul[@class='select2-choices']//li[@class='select2-search-field']//input[@class='select2-input'][count(. | //*[contains(@id, 's2id_autogen') and @class = 'select2-input' and @autocomplete = 'off' and @autocorrect = 'off' and @autocapitalize = 'off' and @spellcheck = 'false']) = count(//*[contains(@id, 's2id_autogen') and @class = 'select2-input' and @autocomplete = 'off' and @autocorrect = 'off' and @autocapitalize = 'off' and @spellcheck = 'false'])]' not found)

2018-08-17 13:37:05 - [TEST_STEP][PASSED] - callTestCase: Call Test Case 'Test Cases/Login/TC1 Login to Mysdworx' successfully

2018-08-17 13:37:05 - [TEST_CASE][PASSED] - Test Cases/Login/TC1 Login to Mysdworx: Test Cases/Login/TC1 Login to Mysdworx

2018-08-17 13:37:05 - [TEST_STEP][PASSED] - openBrowser: Browser is opened with url: ''

2018-08-17 13:37:07 - [MESSAGE][PASSED] - Browser is opened with url: ''

2018-08-17 13:37:07 - [TEST_STEP][PASSED] - navigateToUrl: Navigate to 'https://internet.acc.sd.dika.be/ebloxreporting/web.sensitive/main/?lang=fr' successfully

2018-08-17 13:37:12 - [MESSAGE][PASSED] - Navigate to 'https://internet.acc.sd.dika.be/ebloxreporting/web.sensitive/main/?lang=fr' successfully

2018-08-17 13:37:12 - [TEST_STEP][PASSED] - maximizeWindow: Current window maximized

2018-08-17 13:37:13 - [MESSAGE][PASSED] - Current window maximized

2018-08-17 13:37:13 - [TEST_STEP][PASSED] - setText: Text 'DP_EBLOX_RPP_VASCO' is set on object 'Object Repository/Page_mysdworx - Log in/input_Username'

2018-08-17 13:37:16 - [MESSAGE][PASSED] - Text 'DP_EBLOX_RPP_VASCO' is set on object 'Object Repository/Page_mysdworx - Log in/input_Username'

2018-08-17 13:37:16 - [TEST_STEP][PASSED] - Statement - frame = new javax.swing.JFrame(User Input Frame): null

2018-08-17 13:37:16 - [TEST_STEP][PASSED] - Statement - frame.requestFocus(): null

2018-08-17 13:37:16 - [TEST_STEP][PASSED] - Statement - pass = javax.swing.JOptionPane.showInputDialog(frame, "Enter the password from token!!"): null

2018-08-17 13:37:20 - [TEST_STEP][PASSED] - delay: Delayed 5 second(s)

2018-08-17 13:37:25 - [MESSAGE][PASSED] - Delayed 5 second(s)

2018-08-17 13:37:25 - [TEST_STEP][PASSED] - setText: Text '595994' is set on object 'Object Repository/Page_mysdworx - Log in/input_Password'

2018-08-17 13:37:25 - [MESSAGE][PASSED] - Text '595994' is set on object 'Object Repository/Page_mysdworx - Log in/input_Password'

2018-08-17 13:37:25 - [TEST_STEP][PASSED] - click: Object: 'Object Repository/Page_mysdworx - Log in/button_Se connecter' is clicked on

2018-08-17 13:37:25 - [MESSAGE][PASSED] - Object: 'Object Repository/Page_mysdworx - Log in/button_Se connecter' is clicked on

2018-08-17 13:37:25 - [TEST_STEP][PASSED] - waitForPageLoad: Wait for page load successfully

2018-08-17 13:37:25 - [MESSAGE][PASSED] - Wait for page load successfully

2018-08-17 13:37:25 - [TEST_STEP][NOT_RUN] - closeBrowser: NOT_RUN: closeBrowser

2018-08-17 13:37:25 - [MESSAGE][NOT_RUN] - NOT_RUN: closeBrowser

2018-08-17 13:37:25 - [MESSAGE][PASSED] - Call Test Case 'Test Cases/Login/TC1 Login to Mysdworx' successfully

2018-08-17 13:37:25 - [TEST_STEP][PASSED] - waitForPageLoad: Wait for page load successfully

2018-08-17 13:37:25 - [MESSAGE][PASSED] - Wait for page load successfully

2018-08-17 13:37:25 - [TEST_STEP][PASSED] - callTestCase: Call Test Case 'Test Cases/Select Language/TC1 Verify NL language' successfully

2018-08-17 13:37:25 - [TEST_CASE][PASSED] - Test Cases/Select Language/TC1 Verify NL language: Test Cases/Select Language/TC1 Verify NL language

2018-08-17 13:37:25 - [TEST_STEP][PASSED] - waitForElementClickable: Object 'Object Repository/Change language link Obj/NL_language' is clickable

2018-08-17 13:37:47 - [MESSAGE][PASSED] - Object 'Object Repository/Change language link Obj/NL_language' is clickable

2018-08-17 13:37:47 - [TEST_STEP][PASSED] - click: Object: 'Object Repository/Change language link Obj/NL_language' is clicked on

2018-08-17 13:37:52 - [MESSAGE][PASSED] - Object: 'Object Repository/Change language link Obj/NL_language' is clicked on

2018-08-17 13:37:52 - [TEST_STEP][PASSED] - waitForPageLoad: Wait for page load successfully

2018-08-17 13:37:52 - [MESSAGE][PASSED] - Wait for page load successfully

2018-08-17 13:37:52 - [MESSAGE][PASSED] - Call Test Case 'Test Cases/Select Language/TC1 Verify NL language' successfully

2018-08-17 13:37:52 - [TEST_STEP][PASSED] - setText: Text 'REG HIST GROEP' is set on object 'Object Repository/Mes rapports Obj/input search filter'

2018-08-17 13:37:55 - [MESSAGE][PASSED] - Text 'REG HIST GROEP' is set on object 'Object Repository/Mes rapports Obj/input search filter'

2018-08-17 13:37:55 - [TEST_STEP][PASSED] - click: Object: 'Object Repository/Page_eBlox Reporting/Search_Icon' is clicked on

2018-08-17 13:37:55 - [MESSAGE][PASSED] - Object: 'Object Repository/Page_eBlox Reporting/Search_Icon' is clicked on

2018-08-17 13:37:55 - [TEST_STEP][PASSED] - Statement - myTestObject = new com.kms.katalon.core.testobject.TestObject(Select_report): null

2018-08-17 13:37:55 - [TEST_STEP][PASSED] - Statement - myTestObject.addProperty("xpath", EQUALS, "//span[@text='REG HIST GROEP']"): null

2018-08-17 13:37:55 - [TEST_STEP][PASSED] - click: Object: 'Select_report' is clicked on

2018-08-17 13:37:56 - [MESSAGE][PASSED] - Object: 'Select_report' is clicked on

2018-08-17 13:37:56 - [TEST_STEP][PASSED] - Statement - inputDossier = com.kms.katalon.core.webui.keyword.WebUiBuiltInKeywords.modifyObjectProperty(com.kms.katalon.core.testobject.ObjectRepository.findTestObject(Mes rapports Obj/EXECUTION/Description_Dossier and Groupe figure dans), "id", "contains", "s2id_autogen", true): Modify property of object successfully

2018-08-17 13:37:56 - [MESSAGE][PASSED] - Modify property of object successfully

2018-08-17 13:37:56 - [TEST_STEP][PASSED] - click: Object: 'Object Repository/Mes rapports Obj/EXECUTION/Description_Dossier and Groupe figure dans' is clicked on

2018-08-17 13:37:58 - [MESSAGE][PASSED] - Object: 'Object Repository/Mes rapports Obj/EXECUTION/Description_Dossier and Groupe figure dans' is clicked on

2018-08-17 13:37:58 - [TEST_STEP][PASSED] - Statement - myDonneeCalculees = new com.kms.katalon.core.testobject.TestObject(Select_donnee): null

2018-08-17 13:37:58 - [TEST_STEP][PASSED] - Statement - myDonneeCalculees.addProperty("xpath", EQUALS, "//div[@id='select2-drop']//ul[@class='select2-results']//li[@role='presentation']//div[contains(text(),'(alle looncodes)')]"): null

2018-08-17 13:37:58 - [TEST_STEP][PASSED] - click: Object: 'Select_donnee' is clicked on

2018-08-17 13:37:58 - [MESSAGE][PASSED] - Object: 'Select_donnee' is clicked on

2018-08-17 13:37:58 - [TEST_STEP][PASSED] - Statement - inputDossier1 = com.kms.katalon.core.webui.keyword.WebUiBuiltInKeywords.modifyObjectProperty(com.kms.katalon.core.testobject.ObjectRepository.findTestObject(Mes rapports Obj/EXECUTION/Description_Dossier and Groupe figure dans), "id", "contains", "s2id_autogen", true): Modify property of object successfully

2018-08-17 13:37:58 - [MESSAGE][PASSED] - Modify property of object successfully

2018-08-17 13:37:58 - [TEST_STEP][FAILED] - sendKeys: Unable to send keys '' to object 'Object Repository/Mes rapports Obj/EXECUTION/Description_Dossier and Groupe figure dans' (Root cause: com.kms.katalon.core.webui.exception.WebElementNotFoundException: Web element with id: 'Object Repository/Mes rapports Obj/EXECUTION/Description_Dossier and Groupe figure dans' located by 'By.xpath: //div[@class='select2-container select2-container-multi ng-pristine ng-untouched ng-valid-required ng-invalid ng-invalid-select2-multi']//ul[@class='select2-choices']//li[@class='select2-search-field']//input[@class='select2-input'][count(. | //*[contains(@id, 's2id_autogen') and @class = 'select2-input' and @autocomplete = 'off' and @autocorrect = 'off' and @autocapitalize = 'off' and @spellcheck = 'false']) = count(//*[contains(@id, 's2id_autogen') and @class = 'select2-input' and @autocomplete = 'off' and @autocorrect = 'off' and @autocapitalize = 'off' and @spellcheck = 'false'])]' not found)

2018-08-17 13:38:30 - [MESSAGE][FAILED] - Unable to send keys '' to object 'Object Repository/Mes rapports Obj/EXECUTION/Description_Dossier and Groupe figure dans' (Root cause: com.kms.katalon.core.webui.exception.WebElementNotFoundException: Web element with id: 'Object Repository/Mes rapports Obj/EXECUTION/Description_Dossier and Groupe figure dans' located by 'By.xpath: //div[@class='select2-container select2-container-multi ng-pristine ng-untouched ng-valid-required ng-invalid ng-invalid-select2-multi']//ul[@class='select2-choices']//li[@class='select2-search-field']//input[@class='select2-input'][count(. | //*[contains(@id, 's2id_autogen') and @class = 'select2-input' and @autocomplete = 'off' and @autocorrect = 'off' and @autocapitalize = 'off' and @spellcheck = 'false']) = count(//*[contains(@id, 's2id_autogen') and @class = 'select2-input' and @autocomplete = 'off' and @autocorrect = 'off' and @autocapitalize = 'off' and @spellcheck = 'false'])]' not found)
[[ATTACHMENT|C:\\Users\\seeboruts\\OneDrive - SD Worx\\Desktop\\Katalon_eBlox_Reporting\\Reports\\testing\\New Test Suite\\20180817_132718\\1534498710303.png]]]]></system-out>
         <system-err><![CDATA[2018-08-17 13:37:04 - [TEST_CASE][FAILED] - Test Cases/New Folder/TC16 HISTORIC WITHOUT: Test Cases/New Folder/TC16 HISTORIC WITHOUT FAILED because (of) Unable to send keys '' to object 'Object Repository/Mes rapports Obj/EXECUTION/Description_Dossier and Groupe figure dans' (Root cause: com.kms.katalon.core.webui.exception.WebElementNotFoundException: Web element with id: 'Object Repository/Mes rapports Obj/EXECUTION/Description_Dossier and Groupe figure dans' located by 'By.xpath: //div[@class='select2-container select2-container-multi ng-pristine ng-untouched ng-valid-required ng-invalid ng-invalid-select2-multi']//ul[@class='select2-choices']//li[@class='select2-search-field']//input[@class='select2-input'][count(. | //*[contains(@id, 's2id_autogen') and @class = 'select2-input' and @autocomplete = 'off' and @autocorrect = 'off' and @autocapitalize = 'off' and @spellcheck = 'false']) = count(//*[contains(@id, 's2id_autogen') and @class = 'select2-input' and @autocomplete = 'off' and @autocorrect = 'off' and @autocapitalize = 'off' and @spellcheck = 'false'])]' not found)]]></system-err>
      </testcase>
      <testcase name="Test Cases/New Folder/TC17 ARGUMENT AGE" classname="Test Cases/New Folder/TC17 ARGUMENT AGE" status="PASSED">
         <system-out><![CDATA[2018-08-17 13:38:30 - [TEST_CASE][PASSED] - Test Cases/New Folder/TC17 ARGUMENT AGE: Test Cases/New Folder/TC17 ARGUMENT AGE

2018-08-17 13:38:30 - [TEST_STEP][PASSED] - callTestCase: Call Test Case 'Test Cases/Login/TC1 Login to Mysdworx' successfully

2018-08-17 13:38:30 - [TEST_CASE][PASSED] - Test Cases/Login/TC1 Login to Mysdworx: Test Cases/Login/TC1 Login to Mysdworx

2018-08-17 13:38:30 - [TEST_STEP][PASSED] - openBrowser: Browser is opened with url: ''

2018-08-17 13:38:30 - [MESSAGE][WARNING] - A browser is already opened. Closing browser and opening a new one

2018-08-17 13:38:33 - [MESSAGE][PASSED] - Browser is opened with url: ''

2018-08-17 13:38:33 - [TEST_STEP][PASSED] - navigateToUrl: Navigate to 'https://internet.acc.sd.dika.be/ebloxreporting/web.sensitive/main/?lang=fr' successfully

2018-08-17 13:38:38 - [MESSAGE][PASSED] - Navigate to 'https://internet.acc.sd.dika.be/ebloxreporting/web.sensitive/main/?lang=fr' successfully

2018-08-17 13:38:38 - [TEST_STEP][PASSED] - maximizeWindow: Current window maximized

2018-08-17 13:38:39 - [MESSAGE][PASSED] - Current window maximized

2018-08-17 13:38:39 - [TEST_STEP][PASSED] - setText: Text 'DP_EBLOX_RPP_VASCO' is set on object 'Object Repository/Page_mysdworx - Log in/input_Username'

2018-08-17 13:38:43 - [MESSAGE][PASSED] - Text 'DP_EBLOX_RPP_VASCO' is set on object 'Object Repository/Page_mysdworx - Log in/input_Username'

2018-08-17 13:38:43 - [TEST_STEP][PASSED] - Statement - frame = new javax.swing.JFrame(User Input Frame): null

2018-08-17 13:38:43 - [TEST_STEP][PASSED] - Statement - frame.requestFocus(): null

2018-08-17 13:38:43 - [TEST_STEP][PASSED] - Statement - pass = javax.swing.JOptionPane.showInputDialog(frame, "Enter the password from token!!"): null

2018-08-17 13:38:45 - [TEST_STEP][PASSED] - delay: Delayed 5 second(s)

2018-08-17 13:38:50 - [MESSAGE][PASSED] - Delayed 5 second(s)

2018-08-17 13:38:50 - [TEST_STEP][PASSED] - setText: Text '271264' is set on object 'Object Repository/Page_mysdworx - Log in/input_Password'

2018-08-17 13:38:50 - [MESSAGE][PASSED] - Text '271264' is set on object 'Object Repository/Page_mysdworx - Log in/input_Password'

2018-08-17 13:38:50 - [TEST_STEP][PASSED] - click: Object: 'Object Repository/Page_mysdworx - Log in/button_Se connecter' is clicked on

2018-08-17 13:38:50 - [MESSAGE][PASSED] - Object: 'Object Repository/Page_mysdworx - Log in/button_Se connecter' is clicked on

2018-08-17 13:38:50 - [TEST_STEP][PASSED] - waitForPageLoad: Wait for page load successfully

2018-08-17 13:38:50 - [MESSAGE][PASSED] - Wait for page load successfully

2018-08-17 13:38:50 - [TEST_STEP][NOT_RUN] - closeBrowser: NOT_RUN: closeBrowser

2018-08-17 13:38:50 - [MESSAGE][NOT_RUN] - NOT_RUN: closeBrowser

2018-08-17 13:38:50 - [MESSAGE][PASSED] - Call Test Case 'Test Cases/Login/TC1 Login to Mysdworx' successfully

2018-08-17 13:38:50 - [TEST_STEP][PASSED] - waitForPageLoad: Wait for page load successfully

2018-08-17 13:38:50 - [MESSAGE][PASSED] - Wait for page load successfully

2018-08-17 13:38:50 - [TEST_STEP][PASSED] - callTestCase: Call Test Case 'Test Cases/Select Language/TC1 Verify NL language' successfully

2018-08-17 13:38:50 - [TEST_CASE][PASSED] - Test Cases/Select Language/TC1 Verify NL language: Test Cases/Select Language/TC1 Verify NL language

2018-08-17 13:38:50 - [TEST_STEP][PASSED] - waitForElementClickable: Object 'Object Repository/Change language link Obj/NL_language' is clickable

2018-08-17 13:39:12 - [MESSAGE][PASSED] - Object 'Object Repository/Change language link Obj/NL_language' is clickable

2018-08-17 13:39:12 - [TEST_STEP][PASSED] - click: Object: 'Object Repository/Change language link Obj/NL_language' is clicked on

2018-08-17 13:39:17 - [MESSAGE][PASSED] - Object: 'Object Repository/Change language link Obj/NL_language' is clicked on

2018-08-17 13:39:17 - [TEST_STEP][PASSED] - waitForPageLoad: Wait for page load successfully

2018-08-17 13:39:17 - [MESSAGE][PASSED] - Wait for page load successfully

2018-08-17 13:39:17 - [MESSAGE][PASSED] - Call Test Case 'Test Cases/Select Language/TC1 Verify NL language' successfully

2018-08-17 13:39:17 - [TEST_STEP][PASSED] - callTestCase: Call Test Case 'Test Cases/Mes rapports/Main Page/TC Verify Mes rapports tab' successfully

2018-08-17 13:39:17 - [TEST_CASE][PASSED] - Test Cases/Mes rapports/Main Page/TC Verify Mes rapports tab: Test Cases/Mes rapports/Main Page/TC Verify Mes rapports tab

2018-08-17 13:39:17 - [TEST_STEP][PASSED] - click: Object: 'Object Repository/Mes rapports Obj/Mes rapports_tab' is clicked on

2018-08-17 13:39:18 - [MESSAGE][PASSED] - Object: 'Object Repository/Mes rapports Obj/Mes rapports_tab' is clicked on

2018-08-17 13:39:18 - [MESSAGE][PASSED] - Call Test Case 'Test Cases/Mes rapports/Main Page/TC Verify Mes rapports tab' successfully

2018-08-17 13:39:18 - [TEST_STEP][PASSED] - setText: Text 'REG ARGUMENT LEEFTIJD' is set on object 'Object Repository/Mes rapports Obj/input search filter'

2018-08-17 13:39:20 - [MESSAGE][PASSED] - Text 'REG ARGUMENT LEEFTIJD' is set on object 'Object Repository/Mes rapports Obj/input search filter'

2018-08-17 13:39:20 - [TEST_STEP][PASSED] - click: Object: 'Object Repository/Page_eBlox Reporting/Search_Icon' is clicked on

2018-08-17 13:39:21 - [MESSAGE][PASSED] - Object: 'Object Repository/Page_eBlox Reporting/Search_Icon' is clicked on

2018-08-17 13:39:21 - [TEST_STEP][PASSED] - Statement - myTestObject = new com.kms.katalon.core.testobject.TestObject(Select_report): null

2018-08-17 13:39:21 - [TEST_STEP][PASSED] - Statement - myTestObject.addProperty("xpath", EQUALS, "//a[@class='hide-on-hover']//span[@text='REG LEEFTIJD ARGUMENT']"): null

2018-08-17 13:39:21 - [TEST_STEP][PASSED] - click: Object: 'Select_report' is clicked on

2018-08-17 13:39:21 - [MESSAGE][PASSED] - Object: 'Select_report' is clicked on

2018-08-17 13:39:21 - [TEST_STEP][PASSED] - delay: Delayed 2 second(s)

2018-08-17 13:39:23 - [MESSAGE][PASSED] - Delayed 2 second(s)

2018-08-17 13:39:23 - [TEST_STEP][PASSED] - waitForElementClickable: Object 'Object Repository/Mes rapports Obj/EXECUTION/Description _Date de reference historique' is clickable

2018-08-17 13:39:23 - [MESSAGE][PASSED] - Object 'Object Repository/Mes rapports Obj/EXECUTION/Description _Date de reference historique' is clickable

2018-08-17 13:39:23 - [TEST_STEP][PASSED] - click: Object: 'Object Repository/Mes rapports Obj/EXECUTION/Description _Date de reference historique' is clicked on

2018-08-17 13:39:23 - [MESSAGE][PASSED] - Object: 'Object Repository/Mes rapports Obj/EXECUTION/Description _Date de reference historique' is clicked on

2018-08-17 13:39:23 - [TEST_STEP][PASSED] - delay: Delayed 2 second(s)

2018-08-17 13:39:25 - [MESSAGE][PASSED] - Delayed 2 second(s)

2018-08-17 13:39:25 - [TEST_STEP][PASSED] - click: Object: 'Object Repository/Mes rapports Obj/EXECUTION/Aujourdhui - Vandaag' is clicked on

2018-08-17 13:39:25 - [MESSAGE][PASSED] - Object: 'Object Repository/Mes rapports Obj/EXECUTION/Aujourdhui - Vandaag' is clicked on

2018-08-17 13:39:25 - [TEST_STEP][PASSED] - click: Object: 'Object Repository/Mes rapports Obj/EXECUTION/Button executer' is clicked on

2018-08-17 13:39:26 - [MESSAGE][PASSED] - Object: 'Object Repository/Mes rapports Obj/EXECUTION/Button executer' is clicked on

2018-08-17 13:39:26 - [TEST_STEP][PASSED] - waitForPageLoad: Wait for page load successfully

2018-08-17 13:39:26 - [MESSAGE][PASSED] - Wait for page load successfully

2018-08-17 13:39:26 - [TEST_STEP][PASSED] - closeBrowser: Browser is closed

2018-08-17 13:39:26 - [MESSAGE][PASSED] - Browser is closed]]></system-out>
         <system-err><![CDATA[]]></system-err>
      </testcase>
      <testcase name="Test Cases/New Folder/TC2 NEW" classname="Test Cases/New Folder/TC2 NEW" status="FAILED">
         <failure type="FAILED" message="Unable to click on object 'Object Repository/Mes rapports Obj/SELECTION/Travailleur/testEsc' (Root cause: org.openqa.selenium.WebDriverException: unknown error: Element &lt;span class=&quot;badge&quot;>...&lt;/span> is not clickable at point (210, 25). Other element would receive the click: &lt;div id=&quot;select2-drop-mask&quot; class=&quot;select2-drop-mask&quot; style=&quot;&quot;>&lt;/div>
  (Session info: chrome=68.0.3440.106)
  (Driver info: chromedriver=2.35.528161 (5b82f2d2aae0ca24b877009200ced9065a772e73),platform=Windows NT 10.0.16299 x86_64) (WARNING: The server did not provide any stacktrace information)
Command duration or timeout: 0 milliseconds
Build info: version: '3.7.1', revision: '8a0099a', time: '2017-11-06T21:07:36.161Z'
System info: host: '5CG7062KWD', ip: '10.136.82.127', os.name: 'Windows 10', os.arch: 'amd64', os.version: '10.0', java.version: '1.8.0_181'
Driver info: com.kms.katalon.selenium.driver.CChromeDriver
Capabilities {acceptInsecureCerts: false, acceptSslCerts: false, applicationCacheEnabled: false, browserConnectionEnabled: false, browserName: chrome, chrome: {chromedriverVersion: 2.35.528161 (5b82f2d2aae0ca..., userDataDir: C:\Users\SEEBOR~1\AppData\L...}, cssSelectorsEnabled: true, databaseEnabled: false, handlesAlerts: true, hasTouchScreen: false, javascriptEnabled: true, locationContextEnabled: true, mobileEmulationEnabled: false, nativeEvents: true, networkConnectionEnabled: false, pageLoadStrategy: normal, platform: XP, platformName: XP, rotatable: false, setWindowRect: true, takesHeapSnapshot: true, takesScreenshot: true, unexpectedAlertBehaviour: , unhandledPromptBehavior: , version: 68.0.3440.106, webStorageEnabled: true}
Session ID: d801a85756683af9b9d974fd4a9257d7)"/>
         <system-out><![CDATA[2018-08-17 13:39:26 - [TEST_CASE][FAILED] - Test Cases/New Folder/TC2 NEW: Test Cases/New Folder/TC2 NEW FAILED because (of) Unable to click on object 'Object Repository/Mes rapports Obj/SELECTION/Travailleur/testEsc' (Root cause: org.openqa.selenium.WebDriverException: unknown error: Element <span class="badge">...</span> is not clickable at point (210, 25). Other element would receive the click: <div id="select2-drop-mask" class="select2-drop-mask" style=""></div>
  (Session info: chrome=68.0.3440.106)
  (Driver info: chromedriver=2.35.528161 (5b82f2d2aae0ca24b877009200ced9065a772e73),platform=Windows NT 10.0.16299 x86_64) (WARNING: The server did not provide any stacktrace information)
Command duration or timeout: 0 milliseconds
Build info: version: '3.7.1', revision: '8a0099a', time: '2017-11-06T21:07:36.161Z'
System info: host: '5CG7062KWD', ip: '10.136.82.127', os.name: 'Windows 10', os.arch: 'amd64', os.version: '10.0', java.version: '1.8.0_181'
Driver info: com.kms.katalon.selenium.driver.CChromeDriver
Capabilities {acceptInsecureCerts: false, acceptSslCerts: false, applicationCacheEnabled: false, browserConnectionEnabled: false, browserName: chrome, chrome: {chromedriverVersion: 2.35.528161 (5b82f2d2aae0ca..., userDataDir: C:\Users\SEEBOR~1\AppData\L...}, cssSelectorsEnabled: true, databaseEnabled: false, handlesAlerts: true, hasTouchScreen: false, javascriptEnabled: true, locationContextEnabled: true, mobileEmulationEnabled: false, nativeEvents: true, networkConnectionEnabled: false, pageLoadStrategy: normal, platform: XP, platformName: XP, rotatable: false, setWindowRect: true, takesHeapSnapshot: true, takesScreenshot: true, unexpectedAlertBehaviour: , unhandledPromptBehavior: , version: 68.0.3440.106, webStorageEnabled: true}
Session ID: d801a85756683af9b9d974fd4a9257d7)

2018-08-17 13:39:26 - [TEST_STEP][PASSED] - callTestCase: Call Test Case 'Test Cases/Login/TC1 Login to Mysdworx' successfully

2018-08-17 13:39:26 - [TEST_CASE][PASSED] - Test Cases/Login/TC1 Login to Mysdworx: Test Cases/Login/TC1 Login to Mysdworx

2018-08-17 13:39:26 - [TEST_STEP][PASSED] - openBrowser: Browser is opened with url: ''

2018-08-17 13:39:29 - [MESSAGE][PASSED] - Browser is opened with url: ''

2018-08-17 13:39:29 - [TEST_STEP][PASSED] - navigateToUrl: Navigate to 'https://internet.acc.sd.dika.be/ebloxreporting/web.sensitive/main/?lang=fr' successfully

2018-08-17 13:39:33 - [MESSAGE][PASSED] - Navigate to 'https://internet.acc.sd.dika.be/ebloxreporting/web.sensitive/main/?lang=fr' successfully

2018-08-17 13:39:33 - [TEST_STEP][PASSED] - maximizeWindow: Current window maximized

2018-08-17 13:39:35 - [MESSAGE][PASSED] - Current window maximized

2018-08-17 13:39:35 - [TEST_STEP][PASSED] - setText: Text 'DP_EBLOX_RPP_VASCO' is set on object 'Object Repository/Page_mysdworx - Log in/input_Username'

2018-08-17 13:39:38 - [MESSAGE][PASSED] - Text 'DP_EBLOX_RPP_VASCO' is set on object 'Object Repository/Page_mysdworx - Log in/input_Username'

2018-08-17 13:39:38 - [TEST_STEP][PASSED] - Statement - frame = new javax.swing.JFrame(User Input Frame): null

2018-08-17 13:39:38 - [TEST_STEP][PASSED] - Statement - frame.requestFocus(): null

2018-08-17 13:39:38 - [TEST_STEP][PASSED] - Statement - pass = javax.swing.JOptionPane.showInputDialog(frame, "Enter the password from token!!"): null

2018-08-17 13:39:43 - [TEST_STEP][PASSED] - delay: Delayed 5 second(s)

2018-08-17 13:39:48 - [MESSAGE][PASSED] - Delayed 5 second(s)

2018-08-17 13:39:48 - [TEST_STEP][PASSED] - setText: Text '768266' is set on object 'Object Repository/Page_mysdworx - Log in/input_Password'

2018-08-17 13:39:48 - [MESSAGE][PASSED] - Text '768266' is set on object 'Object Repository/Page_mysdworx - Log in/input_Password'

2018-08-17 13:39:48 - [TEST_STEP][PASSED] - click: Object: 'Object Repository/Page_mysdworx - Log in/button_Se connecter' is clicked on

2018-08-17 13:39:48 - [MESSAGE][PASSED] - Object: 'Object Repository/Page_mysdworx - Log in/button_Se connecter' is clicked on

2018-08-17 13:39:48 - [TEST_STEP][PASSED] - waitForPageLoad: Wait for page load successfully

2018-08-17 13:39:48 - [MESSAGE][PASSED] - Wait for page load successfully

2018-08-17 13:39:48 - [TEST_STEP][NOT_RUN] - closeBrowser: NOT_RUN: closeBrowser

2018-08-17 13:39:48 - [MESSAGE][NOT_RUN] - NOT_RUN: closeBrowser

2018-08-17 13:39:48 - [MESSAGE][PASSED] - Call Test Case 'Test Cases/Login/TC1 Login to Mysdworx' successfully

2018-08-17 13:39:48 - [TEST_STEP][PASSED] - waitForPageLoad: Wait for page load successfully

2018-08-17 13:39:48 - [MESSAGE][PASSED] - Wait for page load successfully

2018-08-17 13:39:48 - [TEST_STEP][PASSED] - callTestCase: Call Test Case 'Test Cases/Select Language/TC1 Verify NL language' successfully

2018-08-17 13:39:48 - [TEST_CASE][PASSED] - Test Cases/Select Language/TC1 Verify NL language: Test Cases/Select Language/TC1 Verify NL language

2018-08-17 13:39:48 - [TEST_STEP][PASSED] - waitForElementClickable: Object 'Object Repository/Change language link Obj/NL_language' is clickable

2018-08-17 13:40:13 - [MESSAGE][PASSED] - Object 'Object Repository/Change language link Obj/NL_language' is clickable

2018-08-17 13:40:13 - [TEST_STEP][PASSED] - click: Object: 'Object Repository/Change language link Obj/NL_language' is clicked on

2018-08-17 13:40:18 - [MESSAGE][PASSED] - Object: 'Object Repository/Change language link Obj/NL_language' is clicked on

2018-08-17 13:40:18 - [TEST_STEP][PASSED] - waitForPageLoad: Wait for page load successfully

2018-08-17 13:40:18 - [MESSAGE][PASSED] - Wait for page load successfully

2018-08-17 13:40:18 - [MESSAGE][PASSED] - Call Test Case 'Test Cases/Select Language/TC1 Verify NL language' successfully

2018-08-17 13:40:18 - [TEST_STEP][PASSED] - waitForPageLoad: Wait for page load successfully

2018-08-17 13:40:18 - [MESSAGE][PASSED] - Wait for page load successfully

2018-08-17 13:40:18 - [TEST_STEP][PASSED] - callTestCase: Call Test Case 'Test Cases/Mes rapports/Verify Nouveau rapport button' successfully

2018-08-17 13:40:18 - [TEST_CASE][PASSED] - Test Cases/Mes rapports/Verify Nouveau rapport button: Test Cases/Mes rapports/Verify Nouveau rapport button

2018-08-17 13:40:18 - [TEST_STEP][PASSED] - click: Object: 'Object Repository/Mes rapports Obj/button_Nouveau rapport' is clicked on

2018-08-17 13:40:21 - [MESSAGE][PASSED] - Object: 'Object Repository/Mes rapports Obj/button_Nouveau rapport' is clicked on

2018-08-17 13:40:21 - [TEST_STEP][PASSED] - waitForPageLoad: Wait for page load successfully

2018-08-17 13:40:21 - [MESSAGE][PASSED] - Wait for page load successfully

2018-08-17 13:40:21 - [MESSAGE][PASSED] - Call Test Case 'Test Cases/Mes rapports/Verify Nouveau rapport button' successfully

2018-08-17 13:40:21 - [TEST_STEP][PASSED] - waitForPageLoad: Wait for page load successfully

2018-08-17 13:40:21 - [MESSAGE][PASSED] - Wait for page load successfully

2018-08-17 13:40:21 - [TEST_STEP][PASSED] - callTestCase: Call Test Case 'Test Cases/Mes rapports/Mes rapports - BASE DE RAPPORT/TC1  Verify radio button creer un tout nouveau rapport' successfully

2018-08-17 13:40:21 - [TEST_CASE][PASSED] - Test Cases/Mes rapports/Mes rapports - BASE DE RAPPORT/TC1  Verify radio button creer un tout nouveau rapport: Test Cases/Mes rapports/Mes rapports - BASE DE RAPPORT/TC1  Verify radio button creer un tout nouveau rapport

2018-08-17 13:40:21 - [TEST_STEP][PASSED] - Statement - radioButton = com.kms.katalon.core.webui.keyword.WebUiBuiltInKeywords.modifyObjectProperty(com.kms.katalon.core.testobject.ObjectRepository.findTestObject(Mes rapports Obj/BASE DE RAPPORT/radioButton_Creer un tout nouveau rapport), "name", "equals", "typeRapport", true): Modify property of object successfully

2018-08-17 13:40:21 - [MESSAGE][PASSED] - Modify property of object successfully

2018-08-17 13:40:21 - [TEST_STEP][PASSED] - click: Object: 'Object Repository/Mes rapports Obj/BASE DE RAPPORT/radioButton_Creer un tout nouveau rapport' is clicked on

2018-08-17 13:40:21 - [MESSAGE][PASSED] - Object: 'Object Repository/Mes rapports Obj/BASE DE RAPPORT/radioButton_Creer un tout nouveau rapport' is clicked on

2018-08-17 13:40:21 - [MESSAGE][PASSED] - Call Test Case 'Test Cases/Mes rapports/Mes rapports - BASE DE RAPPORT/TC1  Verify radio button creer un tout nouveau rapport' successfully

2018-08-17 13:40:21 - [TEST_STEP][PASSED] - callTestCase: Call Test Case 'Test Cases/Verify URL/TC Verify Url' successfully

2018-08-17 13:40:21 - [TEST_CASE][PASSED] - Test Cases/Verify URL/TC Verify Url: Test Cases/Verify URL/TC Verify Url

2018-08-17 13:40:22 - [TEST_STEP][PASSED] - waitForPageLoad: Wait for page load successfully

2018-08-17 13:40:22 - [MESSAGE][PASSED] - Wait for page load successfully

2018-08-17 13:40:22 - [TEST_STEP][PASSED] - Statement - url = com.kms.katalon.core.webui.keyword.WebUiBuiltInKeywords.getUrl(): Current window's url is: 'https://internet.acc.sd.dika.be/ebloxreporting/web.sensitive/main/FpyDF/iIz9g8MffKNXfNyb1H/NL/#/definitie/wizard/extern/start'

2018-08-17 13:40:22 - [MESSAGE][PASSED] - Current window's url is: 'https://internet.acc.sd.dika.be/ebloxreporting/web.sensitive/main/FpyDF/iIz9g8MffKNXfNyb1H/NL/#/definitie/wizard/extern/start'

2018-08-17 13:40:22 - [TEST_STEP][PASSED] - Statement - p = java.util.regex.Pattern.compile("00040 ANTILOPE GROEP"): null

2018-08-17 13:40:22 - [TEST_STEP][PASSED] - Statement - m = p.matcher(url): null

2018-08-17 13:40:22 - [TEST_STEP][PASSED] - Statement - If (m.find()): null

2018-08-17 13:40:22 - [TEST_STEP][PASSED] - Statement - Else: The user name and the concern number are not present in the URL

2018-08-17 13:40:22 - [TEST_STEP][PASSED] - Statement - com.kms.katalon.core.util.KeywordUtil.markPassed("The user name and the concern number are not present in the URL"): The user name and the concern number are not present in the URL

2018-08-17 13:40:22 - [MESSAGE][PASSED] - The user name and the concern number are not present in the URL

2018-08-17 13:40:22 - [MESSAGE][PASSED] - Call Test Case 'Test Cases/Verify URL/TC Verify Url' successfully

2018-08-17 13:40:22 - [TEST_STEP][PASSED] - waitForPageLoad: Wait for page load successfully

2018-08-17 13:40:22 - [MESSAGE][PASSED] - Wait for page load successfully

2018-08-17 13:40:22 - [TEST_STEP][PASSED] - callTestCase: Call Test Case 'Test Cases/Mes rapports/TC Verify the next button arrow' successfully

2018-08-17 13:40:22 - [TEST_CASE][PASSED] - Test Cases/Mes rapports/TC Verify the next button arrow: Test Cases/Mes rapports/TC Verify the next button arrow

2018-08-17 13:40:22 - [TEST_STEP][PASSED] - waitForElementClickable: Object 'Object Repository/Mes rapports Obj/button_Next_Arrow' is clickable

2018-08-17 13:40:22 - [MESSAGE][PASSED] - Object 'Object Repository/Mes rapports Obj/button_Next_Arrow' is clickable

2018-08-17 13:40:22 - [TEST_STEP][PASSED] - click: Object: 'Object Repository/Mes rapports Obj/button_Next_Arrow' is clicked on

2018-08-17 13:40:22 - [MESSAGE][PASSED] - Object: 'Object Repository/Mes rapports Obj/button_Next_Arrow' is clicked on

2018-08-17 13:40:22 - [TEST_STEP][PASSED] - delay: Delayed 5 second(s)

2018-08-17 13:40:27 - [MESSAGE][PASSED] - Delayed 5 second(s)

2018-08-17 13:40:27 - [MESSAGE][PASSED] - Call Test Case 'Test Cases/Mes rapports/TC Verify the next button arrow' successfully

2018-08-17 13:40:27 - [TEST_STEP][PASSED] - waitForPageLoad: Wait for page load successfully

2018-08-17 13:40:27 - [MESSAGE][PASSED] - Wait for page load successfully

2018-08-17 13:40:27 - [TEST_STEP][PASSED] - callTestCase: Call Test Case 'Test Cases/Mes rapports/Mes rapports - CONTENU/TC Verify input field' successfully

2018-08-17 13:40:27 - [TEST_CASE][PASSED] - Test Cases/Mes rapports/Mes rapports - CONTENU/TC Verify input field: Test Cases/Mes rapports/Mes rapports - CONTENU/TC Verify input field

2018-08-17 13:40:27 - [TEST_STEP][PASSED] - Statement - excelData = com.kms.katalon.core.testdata.TestDataFactory.findTestData(Data Files/Data/testData): Reading excel file with source file 'C:\Users\seeboruts\OneDrive - SD Worx\Desktop\test_DAta.xlsx' and sheet name 'New'

2018-08-17 13:40:27 - [TEST_STEP][PASSED] - Statement - For ([i = 1, i <= 6, (i++)]): Object: 'Object Repository/Mes rapports Obj/CONTENU/click_Remove_text' is clicked on

2018-08-17 13:40:27 - [TEST_STEP][PASSED] - setText: Text 'Naam werknemer' is set on object 'Object Repository/Mes rapports Obj/CONTENU/input_Contenu_Selecteur'

2018-08-17 13:40:27 - [MESSAGE][PASSED] - Text 'Naam werknemer' is set on object 'Object Repository/Mes rapports Obj/CONTENU/input_Contenu_Selecteur'

2018-08-17 13:40:27 - [TEST_STEP][PASSED] - delay: Delayed 3 second(s)

2018-08-17 13:40:30 - [MESSAGE][PASSED] - Delayed 3 second(s)

2018-08-17 13:40:30 - [TEST_STEP][PASSED] - click: Object: 'Object Repository/Mes rapports Obj/CONTENU/Selecteur Obj NL/Naam werknemer' is clicked on

2018-08-17 13:40:30 - [MESSAGE][PASSED] - Object: 'Object Repository/Mes rapports Obj/CONTENU/Selecteur Obj NL/Naam werknemer' is clicked on

2018-08-17 13:40:30 - [TEST_STEP][PASSED] - delay: Delayed 3 second(s)

2018-08-17 13:40:33 - [MESSAGE][PASSED] - Delayed 3 second(s)

2018-08-17 13:40:33 - [TEST_STEP][PASSED] - click: Object: 'Object Repository/Mes rapports Obj/CONTENU/click_Remove_text' is clicked on

2018-08-17 13:40:34 - [MESSAGE][PASSED] - Object: 'Object Repository/Mes rapports Obj/CONTENU/click_Remove_text' is clicked on

2018-08-17 13:40:34 - [TEST_STEP][PASSED] - setText: Text 'Afdeling ' is set on object 'Object Repository/Mes rapports Obj/CONTENU/input_Contenu_Selecteur'

2018-08-17 13:40:34 - [MESSAGE][PASSED] - Text 'Afdeling ' is set on object 'Object Repository/Mes rapports Obj/CONTENU/input_Contenu_Selecteur'

2018-08-17 13:40:34 - [TEST_STEP][PASSED] - delay: Delayed 3 second(s)

2018-08-17 13:40:37 - [MESSAGE][PASSED] - Delayed 3 second(s)

2018-08-17 13:40:37 - [TEST_STEP][PASSED] - click: Object: 'Object Repository/Mes rapports Obj/CONTENU/Selecteur Obj NL/Afdeling' is clicked on

2018-08-17 13:40:37 - [MESSAGE][PASSED] - Object: 'Object Repository/Mes rapports Obj/CONTENU/Selecteur Obj NL/Afdeling' is clicked on

2018-08-17 13:40:37 - [TEST_STEP][PASSED] - delay: Delayed 3 second(s)

2018-08-17 13:40:40 - [MESSAGE][PASSED] - Delayed 3 second(s)

2018-08-17 13:40:40 - [TEST_STEP][PASSED] - click: Object: 'Object Repository/Mes rapports Obj/CONTENU/click_Remove_text' is clicked on

2018-08-17 13:40:40 - [MESSAGE][PASSED] - Object: 'Object Repository/Mes rapports Obj/CONTENU/click_Remove_text' is clicked on

2018-08-17 13:40:40 - [TEST_STEP][PASSED] - setText: Text 'Datum in dienst' is set on object 'Object Repository/Mes rapports Obj/CONTENU/input_Contenu_Selecteur'

2018-08-17 13:40:40 - [MESSAGE][PASSED] - Text 'Datum in dienst' is set on object 'Object Repository/Mes rapports Obj/CONTENU/input_Contenu_Selecteur'

2018-08-17 13:40:40 - [TEST_STEP][PASSED] - delay: Delayed 3 second(s)

2018-08-17 13:40:43 - [MESSAGE][PASSED] - Delayed 3 second(s)

2018-08-17 13:40:43 - [TEST_STEP][PASSED] - click: Object: 'Object Repository/Mes rapports Obj/CONTENU/Selecteur Obj NL/Datum in dienst' is clicked on

2018-08-17 13:40:43 - [MESSAGE][PASSED] - Object: 'Object Repository/Mes rapports Obj/CONTENU/Selecteur Obj NL/Datum in dienst' is clicked on

2018-08-17 13:40:43 - [TEST_STEP][PASSED] - delay: Delayed 3 second(s)

2018-08-17 13:40:46 - [MESSAGE][PASSED] - Delayed 3 second(s)

2018-08-17 13:40:46 - [TEST_STEP][PASSED] - click: Object: 'Object Repository/Mes rapports Obj/CONTENU/click_Remove_text' is clicked on

2018-08-17 13:40:47 - [MESSAGE][PASSED] - Object: 'Object Repository/Mes rapports Obj/CONTENU/click_Remove_text' is clicked on

2018-08-17 13:40:47 - [TEST_STEP][PASSED] - setText: Text '0010 - gewerkte dag' is set on object 'Object Repository/Mes rapports Obj/CONTENU/input_Contenu_Selecteur'

2018-08-17 13:40:47 - [MESSAGE][PASSED] - Text '0010 - gewerkte dag' is set on object 'Object Repository/Mes rapports Obj/CONTENU/input_Contenu_Selecteur'

2018-08-17 13:40:47 - [TEST_STEP][PASSED] - delay: Delayed 3 second(s)

2018-08-17 13:40:50 - [MESSAGE][PASSED] - Delayed 3 second(s)

2018-08-17 13:40:50 - [TEST_STEP][PASSED] - click: Object: 'Object Repository/Mes rapports Obj/CONTENU/Selecteur Obj NL/0010 - gewerkte dag' is clicked on

2018-08-17 13:40:50 - [MESSAGE][PASSED] - Object: 'Object Repository/Mes rapports Obj/CONTENU/Selecteur Obj NL/0010 - gewerkte dag' is clicked on

2018-08-17 13:40:50 - [TEST_STEP][PASSED] - delay: Delayed 3 second(s)

2018-08-17 13:40:53 - [MESSAGE][PASSED] - Delayed 3 second(s)

2018-08-17 13:40:53 - [TEST_STEP][PASSED] - click: Object: 'Object Repository/Mes rapports Obj/CONTENU/click_Remove_text' is clicked on

2018-08-17 13:40:53 - [MESSAGE][PASSED] - Object: 'Object Repository/Mes rapports Obj/CONTENU/click_Remove_text' is clicked on

2018-08-17 13:40:53 - [TEST_STEP][PASSED] - setText: Text '1010 - prestaties' is set on object 'Object Repository/Mes rapports Obj/CONTENU/input_Contenu_Selecteur'

2018-08-17 13:40:54 - [MESSAGE][PASSED] - Text '1010 - prestaties' is set on object 'Object Repository/Mes rapports Obj/CONTENU/input_Contenu_Selecteur'

2018-08-17 13:40:54 - [TEST_STEP][PASSED] - delay: Delayed 3 second(s)

2018-08-17 13:40:57 - [MESSAGE][PASSED] - Delayed 3 second(s)

2018-08-17 13:40:57 - [TEST_STEP][PASSED] - click: Object: 'Object Repository/Mes rapports Obj/CONTENU/Selecteur Obj NL/1010 - prestaties' is clicked on

2018-08-17 13:40:57 - [MESSAGE][PASSED] - Object: 'Object Repository/Mes rapports Obj/CONTENU/Selecteur Obj NL/1010 - prestaties' is clicked on

2018-08-17 13:40:57 - [TEST_STEP][PASSED] - delay: Delayed 3 second(s)

2018-08-17 13:41:00 - [MESSAGE][PASSED] - Delayed 3 second(s)

2018-08-17 13:41:00 - [TEST_STEP][PASSED] - click: Object: 'Object Repository/Mes rapports Obj/CONTENU/click_Remove_text' is clicked on

2018-08-17 13:41:00 - [MESSAGE][PASSED] - Object: 'Object Repository/Mes rapports Obj/CONTENU/click_Remove_text' is clicked on

2018-08-17 13:41:00 - [TEST_STEP][PASSED] - setText: Text '7010 - aantal gewerkte uren' is set on object 'Object Repository/Mes rapports Obj/CONTENU/input_Contenu_Selecteur'

2018-08-17 13:41:00 - [MESSAGE][PASSED] - Text '7010 - aantal gewerkte uren' is set on object 'Object Repository/Mes rapports Obj/CONTENU/input_Contenu_Selecteur'

2018-08-17 13:41:00 - [TEST_STEP][PASSED] - delay: Delayed 3 second(s)

2018-08-17 13:41:03 - [MESSAGE][PASSED] - Delayed 3 second(s)

2018-08-17 13:41:03 - [TEST_STEP][PASSED] - click: Object: 'Object Repository/Mes rapports Obj/CONTENU/Selecteur Obj NL/7010 - aantal gewerkte uren' is clicked on

2018-08-17 13:41:03 - [MESSAGE][PASSED] - Object: 'Object Repository/Mes rapports Obj/CONTENU/Selecteur Obj NL/7010 - aantal gewerkte uren' is clicked on

2018-08-17 13:41:03 - [TEST_STEP][PASSED] - delay: Delayed 3 second(s)

2018-08-17 13:41:06 - [MESSAGE][PASSED] - Delayed 3 second(s)

2018-08-17 13:41:06 - [TEST_STEP][PASSED] - click: Object: 'Object Repository/Mes rapports Obj/CONTENU/click_Remove_text' is clicked on

2018-08-17 13:41:07 - [MESSAGE][PASSED] - Object: 'Object Repository/Mes rapports Obj/CONTENU/click_Remove_text' is clicked on

2018-08-17 13:41:07 - [MESSAGE][PASSED] - Call Test Case 'Test Cases/Mes rapports/Mes rapports - CONTENU/TC Verify input field' successfully

2018-08-17 13:41:07 - [TEST_STEP][PASSED] - callTestCase: Call Test Case 'Test Cases/Verify URL/TC Verify Url' successfully

2018-08-17 13:41:07 - [TEST_CASE][PASSED] - Test Cases/Verify URL/TC Verify Url: Test Cases/Verify URL/TC Verify Url

2018-08-17 13:41:07 - [TEST_STEP][PASSED] - waitForPageLoad: Wait for page load successfully

2018-08-17 13:41:07 - [MESSAGE][PASSED] - Wait for page load successfully

2018-08-17 13:41:07 - [TEST_STEP][PASSED] - Statement - url = com.kms.katalon.core.webui.keyword.WebUiBuiltInKeywords.getUrl(): Current window's url is: 'https://internet.acc.sd.dika.be/ebloxreporting/web.sensitive/main/FpyDF/iIz9g8MffKNXfNyb1H/NL/#/definitie/wizard/extern/index/28076/inhoud/322601/7'

2018-08-17 13:41:07 - [MESSAGE][PASSED] - Current window's url is: 'https://internet.acc.sd.dika.be/ebloxreporting/web.sensitive/main/FpyDF/iIz9g8MffKNXfNyb1H/NL/#/definitie/wizard/extern/index/28076/inhoud/322601/7'

2018-08-17 13:41:07 - [TEST_STEP][PASSED] - Statement - p = java.util.regex.Pattern.compile("00040 ANTILOPE GROEP"): null

2018-08-17 13:41:07 - [TEST_STEP][PASSED] - Statement - m = p.matcher(url): null

2018-08-17 13:41:07 - [TEST_STEP][PASSED] - Statement - If (m.find()): null

2018-08-17 13:41:07 - [TEST_STEP][PASSED] - Statement - Else: The user name and the concern number are not present in the URL

2018-08-17 13:41:07 - [TEST_STEP][PASSED] - Statement - com.kms.katalon.core.util.KeywordUtil.markPassed("The user name and the concern number are not present in the URL"): The user name and the concern number are not present in the URL

2018-08-17 13:41:07 - [MESSAGE][PASSED] - The user name and the concern number are not present in the URL

2018-08-17 13:41:07 - [MESSAGE][PASSED] - Call Test Case 'Test Cases/Verify URL/TC Verify Url' successfully

2018-08-17 13:41:07 - [TEST_STEP][PASSED] - callTestCase: Call Test Case 'Test Cases/Mes rapports/TC Verify the next button arrow' successfully

2018-08-17 13:41:07 - [TEST_CASE][PASSED] - Test Cases/Mes rapports/TC Verify the next button arrow: Test Cases/Mes rapports/TC Verify the next button arrow

2018-08-17 13:41:07 - [TEST_STEP][PASSED] - waitForElementClickable: Object 'Object Repository/Mes rapports Obj/button_Next_Arrow' is clickable

2018-08-17 13:41:07 - [MESSAGE][PASSED] - Object 'Object Repository/Mes rapports Obj/button_Next_Arrow' is clickable

2018-08-17 13:41:07 - [TEST_STEP][PASSED] - click: Object: 'Object Repository/Mes rapports Obj/button_Next_Arrow' is clicked on

2018-08-17 13:41:07 - [MESSAGE][PASSED] - Object: 'Object Repository/Mes rapports Obj/button_Next_Arrow' is clicked on

2018-08-17 13:41:07 - [TEST_STEP][PASSED] - delay: Delayed 5 second(s)

2018-08-17 13:41:12 - [MESSAGE][PASSED] - Delayed 5 second(s)

2018-08-17 13:41:12 - [MESSAGE][PASSED] - Call Test Case 'Test Cases/Mes rapports/TC Verify the next button arrow' successfully

2018-08-17 13:41:12 - [TEST_STEP][PASSED] - waitForPageLoad: Wait for page load successfully

2018-08-17 13:41:12 - [MESSAGE][PASSED] - Wait for page load successfully

2018-08-17 13:41:12 - [TEST_STEP][PASSED] - callTestCase: Call Test Case 'Test Cases/Mes rapports/Mes rapports - SELECTION/Verify if checkbox is checked/TC 2 VErify Dossier and Groupe checkBox  is checked' successfully

2018-08-17 13:41:12 - [TEST_CASE][PASSED] - Test Cases/Mes rapports/Mes rapports - SELECTION/Verify if checkbox is checked/TC 2 VErify Dossier and Groupe checkBox  is checked: Test Cases/Mes rapports/Mes rapports - SELECTION/Verify if checkbox is checked/TC 2 VErify Dossier and Groupe checkBox  is checked

2018-08-17 13:41:12 - [TEST_STEP][PASSED] - check: Object 'Object Repository/Mes rapports Obj/SELECTION/Dossier and Groupe checkbox' is checked

2018-08-17 13:41:12 - [MESSAGE][PASSED] - Object 'Object Repository/Mes rapports Obj/SELECTION/Dossier and Groupe checkbox' is checked

2018-08-17 13:41:12 - [MESSAGE][PASSED] - Call Test Case 'Test Cases/Mes rapports/Mes rapports - SELECTION/Verify if checkbox is checked/TC 2 VErify Dossier and Groupe checkBox  is checked' successfully

2018-08-17 13:41:12 - [TEST_STEP][PASSED] - click: Object: 'Object Repository/Mes rapports Obj/SELECTION/Dossier and Groupe/click on Dossier and groupe dropdown' is clicked on

2018-08-17 13:41:12 - [MESSAGE][PASSED] - Object: 'Object Repository/Mes rapports Obj/SELECTION/Dossier and Groupe/click on Dossier and groupe dropdown' is clicked on

2018-08-17 13:41:12 - [TEST_STEP][PASSED] - delay: Delayed 2 second(s)

2018-08-17 13:41:14 - [MESSAGE][PASSED] - Delayed 2 second(s)

2018-08-17 13:41:14 - [TEST_STEP][PASSED] - click: Object: 'Object Repository/Mes rapports Obj/SELECTION/Dossier and Groupe/figure dans' is clicked on

2018-08-17 13:41:15 - [MESSAGE][PASSED] - Object: 'Object Repository/Mes rapports Obj/SELECTION/Dossier and Groupe/figure dans' is clicked on

2018-08-17 13:41:15 - [TEST_STEP][PASSED] - callTestCase: Call Test Case 'Test Cases/Mes rapports/Mes rapports - SELECTION/Verify if checkbox is checked/TC 3 Verify Travailleur checkBox  is checked' successfully

2018-08-17 13:41:15 - [TEST_CASE][PASSED] - Test Cases/Mes rapports/Mes rapports - SELECTION/Verify if checkbox is checked/TC 3 Verify Travailleur checkBox  is checked: Test Cases/Mes rapports/Mes rapports - SELECTION/Verify if checkbox is checked/TC 3 Verify Travailleur checkBox  is checked

2018-08-17 13:41:15 - [TEST_STEP][PASSED] - check: Object 'Object Repository/Mes rapports Obj/SELECTION/Travailleur checkbox' is checked

2018-08-17 13:41:15 - [MESSAGE][PASSED] - Object 'Object Repository/Mes rapports Obj/SELECTION/Travailleur checkbox' is checked

2018-08-17 13:41:15 - [MESSAGE][PASSED] - Call Test Case 'Test Cases/Mes rapports/Mes rapports - SELECTION/Verify if checkbox is checked/TC 3 Verify Travailleur checkBox  is checked' successfully

2018-08-17 13:41:15 - [TEST_STEP][PASSED] - click: Object: 'Object Repository/Mes rapports Obj/SELECTION/Travailleur/Click on Travailleur dropdown' is clicked on

2018-08-17 13:41:15 - [MESSAGE][PASSED] - Object: 'Object Repository/Mes rapports Obj/SELECTION/Travailleur/Click on Travailleur dropdown' is clicked on

2018-08-17 13:41:15 - [TEST_STEP][PASSED] - delay: Delayed 2 second(s)

2018-08-17 13:41:17 - [MESSAGE][PASSED] - Delayed 2 second(s)

2018-08-17 13:41:17 - [TEST_STEP][PASSED] - click: Object: 'Object Repository/Mes rapports Obj/SELECTION/Travailleur/figure dans' is clicked on

2018-08-17 13:41:17 - [MESSAGE][PASSED] - Object: 'Object Repository/Mes rapports Obj/SELECTION/Travailleur/figure dans' is clicked on

2018-08-17 13:41:17 - [TEST_STEP][PASSED] - click: Object: 'Object Repository/Mes rapports Obj/SELECTION/Travailleur/Select option to choose travailleur' is clicked on

2018-08-17 13:41:17 - [MESSAGE][PASSED] - Object: 'Object Repository/Mes rapports Obj/SELECTION/Travailleur/Select option to choose travailleur' is clicked on

2018-08-17 13:41:17 - [TEST_STEP][PASSED] - click: Object: 'Object Repository/Mes rapports Obj/SELECTION/Travailleur/travail - list option' is clicked on

2018-08-17 13:41:17 - [MESSAGE][PASSED] - Object: 'Object Repository/Mes rapports Obj/SELECTION/Travailleur/travail - list option' is clicked on

2018-08-17 13:41:17 - [TEST_STEP][PASSED] - Statement - inputWorker = com.kms.katalon.core.webui.keyword.WebUiBuiltInKeywords.modifyObjectProperty(com.kms.katalon.core.testobject.ObjectRepository.findTestObject(Mes rapports Obj/SELECTION/Travailleur/Input field for travailleur), "id", "contains", "s2id_autogen", true): Modify property of object successfully

2018-08-17 13:41:17 - [MESSAGE][PASSED] - Modify property of object successfully

2018-08-17 13:41:17 - [TEST_STEP][PASSED] - click: Object: 'Object Repository/Mes rapports Obj/SELECTION/Travailleur/Input field for travailleur' is clicked on

2018-08-17 13:41:17 - [MESSAGE][PASSED] - Object: 'Object Repository/Mes rapports Obj/SELECTION/Travailleur/Input field for travailleur' is clicked on

2018-08-17 13:41:17 - [TEST_STEP][PASSED] - Statement - myTestObject = new com.kms.katalon.core.testobject.TestObject(Select_travailleur_by_name): null

2018-08-17 13:41:17 - [TEST_STEP][PASSED] - Statement - myTestObject.addProperty("xpath", EQUALS, "//div[@id='select2-drop']//ul[@class='select2-results']//li[@role='presentation']//div[contains(text(),'0000013 - SIHAPAN GNA PHOUANGPHANH - 1AF0273 - ANTILOPE KARTONNAGE')]"): null

2018-08-17 13:41:17 - [TEST_STEP][PASSED] - click: Object: 'Select_travailleur_by_name' is clicked on

2018-08-17 13:41:17 - [MESSAGE][PASSED] - Object: 'Select_travailleur_by_name' is clicked on

2018-08-17 13:41:17 - [TEST_STEP][FAILED] - click: Unable to click on object 'Object Repository/Mes rapports Obj/SELECTION/Travailleur/testEsc' (Root cause: org.openqa.selenium.WebDriverException: unknown error: Element <span class="badge">...</span> is not clickable at point (210, 25). Other element would receive the click: <div id="select2-drop-mask" class="select2-drop-mask" style=""></div>
  (Session info: chrome=68.0.3440.106)
  (Driver info: chromedriver=2.35.528161 (5b82f2d2aae0ca24b877009200ced9065a772e73),platform=Windows NT 10.0.16299 x86_64) (WARNING: The server did not provide any stacktrace information)
Command duration or timeout: 0 milliseconds
Build info: version: '3.7.1', revision: '8a0099a', time: '2017-11-06T21:07:36.161Z'
System info: host: '5CG7062KWD', ip: '10.136.82.127', os.name: 'Windows 10', os.arch: 'amd64', os.version: '10.0', java.version: '1.8.0_181'
Driver info: com.kms.katalon.selenium.driver.CChromeDriver
Capabilities {acceptInsecureCerts: false, acceptSslCerts: false, applicationCacheEnabled: false, browserConnectionEnabled: false, browserName: chrome, chrome: {chromedriverVersion: 2.35.528161 (5b82f2d2aae0ca..., userDataDir: C:\Users\SEEBOR~1\AppData\L...}, cssSelectorsEnabled: true, databaseEnabled: false, handlesAlerts: true, hasTouchScreen: false, javascriptEnabled: true, locationContextEnabled: true, mobileEmulationEnabled: false, nativeEvents: true, networkConnectionEnabled: false, pageLoadStrategy: normal, platform: XP, platformName: XP, rotatable: false, setWindowRect: true, takesHeapSnapshot: true, takesScreenshot: true, unexpectedAlertBehaviour: , unhandledPromptBehavior: , version: 68.0.3440.106, webStorageEnabled: true}
Session ID: d801a85756683af9b9d974fd4a9257d7)

2018-08-17 13:41:18 - [MESSAGE][FAILED] - Unable to click on object 'Object Repository/Mes rapports Obj/SELECTION/Travailleur/testEsc' (Root cause: org.openqa.selenium.WebDriverException: unknown error: Element <span class="badge">...</span> is not clickable at point (210, 25). Other element would receive the click: <div id="select2-drop-mask" class="select2-drop-mask" style=""></div>
  (Session info: chrome=68.0.3440.106)
  (Driver info: chromedriver=2.35.528161 (5b82f2d2aae0ca24b877009200ced9065a772e73),platform=Windows NT 10.0.16299 x86_64) (WARNING: The server did not provide any stacktrace information)
Command duration or timeout: 0 milliseconds
Build info: version: '3.7.1', revision: '8a0099a', time: '2017-11-06T21:07:36.161Z'
System info: host: '5CG7062KWD', ip: '10.136.82.127', os.name: 'Windows 10', os.arch: 'amd64', os.version: '10.0', java.version: '1.8.0_181'
Driver info: com.kms.katalon.selenium.driver.CChromeDriver
Capabilities {acceptInsecureCerts: false, acceptSslCerts: false, applicationCacheEnabled: false, browserConnectionEnabled: false, browserName: chrome, chrome: {chromedriverVersion: 2.35.528161 (5b82f2d2aae0ca..., userDataDir: C:\Users\SEEBOR~1\AppData\L...}, cssSelectorsEnabled: true, databaseEnabled: false, handlesAlerts: true, hasTouchScreen: false, javascriptEnabled: true, locationContextEnabled: true, mobileEmulationEnabled: false, nativeEvents: true, networkConnectionEnabled: false, pageLoadStrategy: normal, platform: XP, platformName: XP, rotatable: false, setWindowRect: true, takesHeapSnapshot: true, takesScreenshot: true, unexpectedAlertBehaviour: , unhandledPromptBehavior: , version: 68.0.3440.106, webStorageEnabled: true}
Session ID: d801a85756683af9b9d974fd4a9257d7)
[[ATTACHMENT|C:\\Users\\seeboruts\\OneDrive - SD Worx\\Desktop\\Katalon_eBlox_Reporting\\Reports\\testing\\New Test Suite\\20180817_132718\\1534498878039.png]]]]></system-out>
         <system-err><![CDATA[2018-08-17 13:39:26 - [TEST_CASE][FAILED] - Test Cases/New Folder/TC2 NEW: Test Cases/New Folder/TC2 NEW FAILED because (of) Unable to click on object 'Object Repository/Mes rapports Obj/SELECTION/Travailleur/testEsc' (Root cause: org.openqa.selenium.WebDriverException: unknown error: Element <span class="badge">...</span> is not clickable at point (210, 25). Other element would receive the click: <div id="select2-drop-mask" class="select2-drop-mask" style=""></div>
  (Session info: chrome=68.0.3440.106)
  (Driver info: chromedriver=2.35.528161 (5b82f2d2aae0ca24b877009200ced9065a772e73),platform=Windows NT 10.0.16299 x86_64) (WARNING: The server did not provide any stacktrace information)
Command duration or timeout: 0 milliseconds
Build info: version: '3.7.1', revision: '8a0099a', time: '2017-11-06T21:07:36.161Z'
System info: host: '5CG7062KWD', ip: '10.136.82.127', os.name: 'Windows 10', os.arch: 'amd64', os.version: '10.0', java.version: '1.8.0_181'
Driver info: com.kms.katalon.selenium.driver.CChromeDriver
Capabilities {acceptInsecureCerts: false, acceptSslCerts: false, applicationCacheEnabled: false, browserConnectionEnabled: false, browserName: chrome, chrome: {chromedriverVersion: 2.35.528161 (5b82f2d2aae0ca..., userDataDir: C:\Users\SEEBOR~1\AppData\L...}, cssSelectorsEnabled: true, databaseEnabled: false, handlesAlerts: true, hasTouchScreen: false, javascriptEnabled: true, locationContextEnabled: true, mobileEmulationEnabled: false, nativeEvents: true, networkConnectionEnabled: false, pageLoadStrategy: normal, platform: XP, platformName: XP, rotatable: false, setWindowRect: true, takesHeapSnapshot: true, takesScreenshot: true, unexpectedAlertBehaviour: , unhandledPromptBehavior: , version: 68.0.3440.106, webStorageEnabled: true}
Session ID: d801a85756683af9b9d974fd4a9257d7)]]></system-err>
      </testcase>
      <testcase name="Test Cases/New Folder/TC3 VALIDATION" classname="Test Cases/New Folder/TC3 VALIDATION" status="FAILED">
         <failure type="FAILED" message="Unable to set text 'DP_EBLOX_RPP_VASCO' of object 'Object Repository/Page_mysdworx - Log in/input_Username' (Root cause: org.openqa.selenium.NoSuchWindowException: no such window: target window already closed
from unknown error: web view not found
  (Session info: chrome=68.0.3440.106)
  (Driver info: chromedriver=2.35.528161 (5b82f2d2aae0ca24b877009200ced9065a772e73),platform=Windows NT 10.0.16299 x86_64) (WARNING: The server did not provide any stacktrace information)
Command duration or timeout: 0 milliseconds
Build info: version: '3.7.1', revision: '8a0099a', time: '2017-11-06T21:07:36.161Z'
System info: host: '5CG7062KWD', ip: '10.136.82.127', os.name: 'Windows 10', os.arch: 'amd64', os.version: '10.0', java.version: '1.8.0_181'
Driver info: com.kms.katalon.selenium.driver.CChromeDriver
Capabilities {acceptInsecureCerts: false, acceptSslCerts: false, applicationCacheEnabled: false, browserConnectionEnabled: false, browserName: chrome, chrome: {chromedriverVersion: 2.35.528161 (5b82f2d2aae0ca..., userDataDir: C:\Users\SEEBOR~1\AppData\L...}, cssSelectorsEnabled: true, databaseEnabled: false, handlesAlerts: true, hasTouchScreen: false, javascriptEnabled: true, locationContextEnabled: true, mobileEmulationEnabled: false, nativeEvents: true, networkConnectionEnabled: false, pageLoadStrategy: normal, platform: XP, platformName: XP, rotatable: false, setWindowRect: true, takesHeapSnapshot: true, takesScreenshot: true, unexpectedAlertBehaviour: , unhandledPromptBehavior: , version: 68.0.3440.106, webStorageEnabled: true}
Session ID: 0db91c8419e8e304283c04b9fdf0515e
*** Element info: {Using=xpath, value=id(&quot;Username&quot;) | //*[@data-val = 'true' or @data-val-regex = 'Are you attempting to log on with an e-mail address ? Perhaps you are an &lt;b>employee&lt;/b>  and are on the wrong website. In that case go to &lt;a href=&quot;http://www.myworkandme.com/portalmwam/en&quot;>www.myworkandme.com&lt;/a> where you can log on as an employee. &lt;br/>Your username should not contain the character @.' or @data-val-regex-pattern = '^[^@]*$' or @data-val-required = 'Username is a required field.' or @id = 'Username' or @name = 'Username' or @tabindex = '1' or @type = 'text'] | //input})"/>
         <system-out><![CDATA[2018-08-17 13:41:18 - [TEST_CASE][FAILED] - Test Cases/New Folder/TC3 VALIDATION: Test Cases/New Folder/TC3 VALIDATION FAILED because (of) Unable to set text 'DP_EBLOX_RPP_VASCO' of object 'Object Repository/Page_mysdworx - Log in/input_Username' (Root cause: org.openqa.selenium.NoSuchWindowException: no such window: target window already closed
from unknown error: web view not found
  (Session info: chrome=68.0.3440.106)
  (Driver info: chromedriver=2.35.528161 (5b82f2d2aae0ca24b877009200ced9065a772e73),platform=Windows NT 10.0.16299 x86_64) (WARNING: The server did not provide any stacktrace information)
Command duration or timeout: 0 milliseconds
Build info: version: '3.7.1', revision: '8a0099a', time: '2017-11-06T21:07:36.161Z'
System info: host: '5CG7062KWD', ip: '10.136.82.127', os.name: 'Windows 10', os.arch: 'amd64', os.version: '10.0', java.version: '1.8.0_181'
Driver info: com.kms.katalon.selenium.driver.CChromeDriver
Capabilities {acceptInsecureCerts: false, acceptSslCerts: false, applicationCacheEnabled: false, browserConnectionEnabled: false, browserName: chrome, chrome: {chromedriverVersion: 2.35.528161 (5b82f2d2aae0ca..., userDataDir: C:\Users\SEEBOR~1\AppData\L...}, cssSelectorsEnabled: true, databaseEnabled: false, handlesAlerts: true, hasTouchScreen: false, javascriptEnabled: true, locationContextEnabled: true, mobileEmulationEnabled: false, nativeEvents: true, networkConnectionEnabled: false, pageLoadStrategy: normal, platform: XP, platformName: XP, rotatable: false, setWindowRect: true, takesHeapSnapshot: true, takesScreenshot: true, unexpectedAlertBehaviour: , unhandledPromptBehavior: , version: 68.0.3440.106, webStorageEnabled: true}
Session ID: 0db91c8419e8e304283c04b9fdf0515e
*** Element info: {Using=xpath, value=id("Username") | //*[@data-val = 'true' or @data-val-regex = 'Are you attempting to log on with an e-mail address ? Perhaps you are an <b>employee</b>  and are on the wrong website. In that case go to <a href="http://www.myworkandme.com/portalmwam/en">www.myworkandme.com</a> where you can log on as an employee. <br/>Your username should not contain the character @.' or @data-val-regex-pattern = '^[^@]*$' or @data-val-required = 'Username is a required field.' or @id = 'Username' or @name = 'Username' or @tabindex = '1' or @type = 'text'] | //input})

2018-08-17 13:41:18 - [TEST_STEP][FAILED] - callTestCase: Unable to call Test Case with id 'Test Cases/Login/TC1 Login to Mysdworx' (Root cause: Call Test Case 'Test Cases/Login/TC1 Login to Mysdworx' failed)

2018-08-17 13:41:18 - [TEST_CASE][FAILED] - Test Cases/Login/TC1 Login to Mysdworx: Test Cases/Login/TC1 Login to Mysdworx FAILED because (of) Unable to set text 'DP_EBLOX_RPP_VASCO' of object 'Object Repository/Page_mysdworx - Log in/input_Username' (Root cause: org.openqa.selenium.NoSuchWindowException: no such window: target window already closed
from unknown error: web view not found
  (Session info: chrome=68.0.3440.106)
  (Driver info: chromedriver=2.35.528161 (5b82f2d2aae0ca24b877009200ced9065a772e73),platform=Windows NT 10.0.16299 x86_64) (WARNING: The server did not provide any stacktrace information)
Command duration or timeout: 0 milliseconds
Build info: version: '3.7.1', revision: '8a0099a', time: '2017-11-06T21:07:36.161Z'
System info: host: '5CG7062KWD', ip: '10.136.82.127', os.name: 'Windows 10', os.arch: 'amd64', os.version: '10.0', java.version: '1.8.0_181'
Driver info: com.kms.katalon.selenium.driver.CChromeDriver
Capabilities {acceptInsecureCerts: false, acceptSslCerts: false, applicationCacheEnabled: false, browserConnectionEnabled: false, browserName: chrome, chrome: {chromedriverVersion: 2.35.528161 (5b82f2d2aae0ca..., userDataDir: C:\Users\SEEBOR~1\AppData\L...}, cssSelectorsEnabled: true, databaseEnabled: false, handlesAlerts: true, hasTouchScreen: false, javascriptEnabled: true, locationContextEnabled: true, mobileEmulationEnabled: false, nativeEvents: true, networkConnectionEnabled: false, pageLoadStrategy: normal, platform: XP, platformName: XP, rotatable: false, setWindowRect: true, takesHeapSnapshot: true, takesScreenshot: true, unexpectedAlertBehaviour: , unhandledPromptBehavior: , version: 68.0.3440.106, webStorageEnabled: true}
Session ID: 0db91c8419e8e304283c04b9fdf0515e
*** Element info: {Using=xpath, value=id("Username") | //*[@data-val = 'true' or @data-val-regex = 'Are you attempting to log on with an e-mail address ? Perhaps you are an <b>employee</b>  and are on the wrong website. In that case go to <a href="http://www.myworkandme.com/portalmwam/en">www.myworkandme.com</a> where you can log on as an employee. <br/>Your username should not contain the character @.' or @data-val-regex-pattern = '^[^@]*$' or @data-val-required = 'Username is a required field.' or @id = 'Username' or @name = 'Username' or @tabindex = '1' or @type = 'text'] | //input})

2018-08-17 13:41:18 - [TEST_STEP][PASSED] - openBrowser: Browser is opened with url: ''

2018-08-17 13:41:18 - [MESSAGE][WARNING] - A browser is already opened. Closing browser and opening a new one

2018-08-17 13:41:21 - [MESSAGE][PASSED] - Browser is opened with url: ''

2018-08-17 13:41:21 - [TEST_STEP][PASSED] - navigateToUrl: Navigate to 'https://internet.acc.sd.dika.be/ebloxreporting/web.sensitive/main/?lang=fr' successfully

2018-08-17 13:41:27 - [MESSAGE][PASSED] - Navigate to 'https://internet.acc.sd.dika.be/ebloxreporting/web.sensitive/main/?lang=fr' successfully

2018-08-17 13:41:27 - [TEST_STEP][PASSED] - maximizeWindow: Current window maximized

2018-08-17 13:41:29 - [MESSAGE][PASSED] - Current window maximized

2018-08-17 13:41:29 - [TEST_STEP][FAILED] - setText: Unable to set text 'DP_EBLOX_RPP_VASCO' of object 'Object Repository/Page_mysdworx - Log in/input_Username' (Root cause: org.openqa.selenium.NoSuchWindowException: no such window: target window already closed
from unknown error: web view not found
  (Session info: chrome=68.0.3440.106)
  (Driver info: chromedriver=2.35.528161 (5b82f2d2aae0ca24b877009200ced9065a772e73),platform=Windows NT 10.0.16299 x86_64) (WARNING: The server did not provide any stacktrace information)
Command duration or timeout: 0 milliseconds
Build info: version: '3.7.1', revision: '8a0099a', time: '2017-11-06T21:07:36.161Z'
System info: host: '5CG7062KWD', ip: '10.136.82.127', os.name: 'Windows 10', os.arch: 'amd64', os.version: '10.0', java.version: '1.8.0_181'
Driver info: com.kms.katalon.selenium.driver.CChromeDriver
Capabilities {acceptInsecureCerts: false, acceptSslCerts: false, applicationCacheEnabled: false, browserConnectionEnabled: false, browserName: chrome, chrome: {chromedriverVersion: 2.35.528161 (5b82f2d2aae0ca..., userDataDir: C:\Users\SEEBOR~1\AppData\L...}, cssSelectorsEnabled: true, databaseEnabled: false, handlesAlerts: true, hasTouchScreen: false, javascriptEnabled: true, locationContextEnabled: true, mobileEmulationEnabled: false, nativeEvents: true, networkConnectionEnabled: false, pageLoadStrategy: normal, platform: XP, platformName: XP, rotatable: false, setWindowRect: true, takesHeapSnapshot: true, takesScreenshot: true, unexpectedAlertBehaviour: , unhandledPromptBehavior: , version: 68.0.3440.106, webStorageEnabled: true}
Session ID: 0db91c8419e8e304283c04b9fdf0515e
*** Element info: {Using=xpath, value=id("Username") | //*[@data-val = 'true' or @data-val-regex = 'Are you attempting to log on with an e-mail address ? Perhaps you are an <b>employee</b>  and are on the wrong website. In that case go to <a href="http://www.myworkandme.com/portalmwam/en">www.myworkandme.com</a> where you can log on as an employee. <br/>Your username should not contain the character @.' or @data-val-regex-pattern = '^[^@]*$' or @data-val-required = 'Username is a required field.' or @id = 'Username' or @name = 'Username' or @tabindex = '1' or @type = 'text'] | //input})

2018-08-17 13:43:41 - [MESSAGE][WARNING] - Cannot take screenshot

2018-08-17 13:43:41 - [MESSAGE][FAILED] - Unable to set text 'DP_EBLOX_RPP_VASCO' of object 'Object Repository/Page_mysdworx - Log in/input_Username' (Root cause: org.openqa.selenium.NoSuchWindowException: no such window: target window already closed
from unknown error: web view not found
  (Session info: chrome=68.0.3440.106)
  (Driver info: chromedriver=2.35.528161 (5b82f2d2aae0ca24b877009200ced9065a772e73),platform=Windows NT 10.0.16299 x86_64) (WARNING: The server did not provide any stacktrace information)
Command duration or timeout: 0 milliseconds
Build info: version: '3.7.1', revision: '8a0099a', time: '2017-11-06T21:07:36.161Z'
System info: host: '5CG7062KWD', ip: '10.136.82.127', os.name: 'Windows 10', os.arch: 'amd64', os.version: '10.0', java.version: '1.8.0_181'
Driver info: com.kms.katalon.selenium.driver.CChromeDriver
Capabilities {acceptInsecureCerts: false, acceptSslCerts: false, applicationCacheEnabled: false, browserConnectionEnabled: false, browserName: chrome, chrome: {chromedriverVersion: 2.35.528161 (5b82f2d2aae0ca..., userDataDir: C:\Users\SEEBOR~1\AppData\L...}, cssSelectorsEnabled: true, databaseEnabled: false, handlesAlerts: true, hasTouchScreen: false, javascriptEnabled: true, locationContextEnabled: true, mobileEmulationEnabled: false, nativeEvents: true, networkConnectionEnabled: false, pageLoadStrategy: normal, platform: XP, platformName: XP, rotatable: false, setWindowRect: true, takesHeapSnapshot: true, takesScreenshot: true, unexpectedAlertBehaviour: , unhandledPromptBehavior: , version: 68.0.3440.106, webStorageEnabled: true}
Session ID: 0db91c8419e8e304283c04b9fdf0515e
*** Element info: {Using=xpath, value=id("Username") | //*[@data-val = 'true' or @data-val-regex = 'Are you attempting to log on with an e-mail address ? Perhaps you are an <b>employee</b>  and are on the wrong website. In that case go to <a href="http://www.myworkandme.com/portalmwam/en">www.myworkandme.com</a> where you can log on as an employee. <br/>Your username should not contain the character @.' or @data-val-regex-pattern = '^[^@]*$' or @data-val-required = 'Username is a required field.' or @id = 'Username' or @name = 'Username' or @tabindex = '1' or @type = 'text'] | //input})

2018-08-17 13:43:41 - [MESSAGE][FAILED] - Unable to call Test Case with id 'Test Cases/Login/TC1 Login to Mysdworx' (Root cause: Call Test Case 'Test Cases/Login/TC1 Login to Mysdworx' failed)]]></system-out>
         <system-err><![CDATA[2018-08-17 13:41:18 - [TEST_CASE][FAILED] - Test Cases/New Folder/TC3 VALIDATION: Test Cases/New Folder/TC3 VALIDATION FAILED because (of) Unable to set text 'DP_EBLOX_RPP_VASCO' of object 'Object Repository/Page_mysdworx - Log in/input_Username' (Root cause: org.openqa.selenium.NoSuchWindowException: no such window: target window already closed
from unknown error: web view not found
  (Session info: chrome=68.0.3440.106)
  (Driver info: chromedriver=2.35.528161 (5b82f2d2aae0ca24b877009200ced9065a772e73),platform=Windows NT 10.0.16299 x86_64) (WARNING: The server did not provide any stacktrace information)
Command duration or timeout: 0 milliseconds
Build info: version: '3.7.1', revision: '8a0099a', time: '2017-11-06T21:07:36.161Z'
System info: host: '5CG7062KWD', ip: '10.136.82.127', os.name: 'Windows 10', os.arch: 'amd64', os.version: '10.0', java.version: '1.8.0_181'
Driver info: com.kms.katalon.selenium.driver.CChromeDriver
Capabilities {acceptInsecureCerts: false, acceptSslCerts: false, applicationCacheEnabled: false, browserConnectionEnabled: false, browserName: chrome, chrome: {chromedriverVersion: 2.35.528161 (5b82f2d2aae0ca..., userDataDir: C:\Users\SEEBOR~1\AppData\L...}, cssSelectorsEnabled: true, databaseEnabled: false, handlesAlerts: true, hasTouchScreen: false, javascriptEnabled: true, locationContextEnabled: true, mobileEmulationEnabled: false, nativeEvents: true, networkConnectionEnabled: false, pageLoadStrategy: normal, platform: XP, platformName: XP, rotatable: false, setWindowRect: true, takesHeapSnapshot: true, takesScreenshot: true, unexpectedAlertBehaviour: , unhandledPromptBehavior: , version: 68.0.3440.106, webStorageEnabled: true}
Session ID: 0db91c8419e8e304283c04b9fdf0515e
*** Element info: {Using=xpath, value=id("Username") | //*[@data-val = 'true' or @data-val-regex = 'Are you attempting to log on with an e-mail address ? Perhaps you are an <b>employee</b>  and are on the wrong website. In that case go to <a href="http://www.myworkandme.com/portalmwam/en">www.myworkandme.com</a> where you can log on as an employee. <br/>Your username should not contain the character @.' or @data-val-regex-pattern = '^[^@]*$' or @data-val-required = 'Username is a required field.' or @id = 'Username' or @name = 'Username' or @tabindex = '1' or @type = 'text'] | //input})]]></system-err>
      </testcase>
      <testcase name="Test Cases/New Folder/TC4 BASED ON MY REPORTS" classname="Test Cases/New Folder/TC4 BASED ON MY REPORTS" status="PASSED">
         <system-out><![CDATA[2018-08-17 13:43:41 - [TEST_CASE][PASSED] - Test Cases/New Folder/TC4 BASED ON MY REPORTS: Test Cases/New Folder/TC4 BASED ON MY REPORTS

2018-08-17 13:43:42 - [TEST_STEP][PASSED] - callTestCase: Call Test Case 'Test Cases/Login/TC1 Login to Mysdworx' successfully

2018-08-17 13:43:42 - [TEST_CASE][PASSED] - Test Cases/Login/TC1 Login to Mysdworx: Test Cases/Login/TC1 Login to Mysdworx

2018-08-17 13:43:42 - [TEST_STEP][PASSED] - openBrowser: Browser is opened with url: ''

2018-08-17 13:43:42 - [MESSAGE][WARNING] - A browser is already opened. Closing browser and opening a new one

2018-08-17 13:43:44 - [MESSAGE][PASSED] - Browser is opened with url: ''

2018-08-17 13:43:44 - [TEST_STEP][PASSED] - navigateToUrl: Navigate to 'https://internet.acc.sd.dika.be/ebloxreporting/web.sensitive/main/?lang=fr' successfully

2018-08-17 13:43:51 - [MESSAGE][PASSED] - Navigate to 'https://internet.acc.sd.dika.be/ebloxreporting/web.sensitive/main/?lang=fr' successfully

2018-08-17 13:43:51 - [TEST_STEP][PASSED] - maximizeWindow: Current window maximized

2018-08-17 13:43:52 - [MESSAGE][PASSED] - Current window maximized

2018-08-17 13:43:52 - [TEST_STEP][PASSED] - setText: Text 'DP_EBLOX_RPP_VASCO' is set on object 'Object Repository/Page_mysdworx - Log in/input_Username'

2018-08-17 13:43:56 - [MESSAGE][PASSED] - Text 'DP_EBLOX_RPP_VASCO' is set on object 'Object Repository/Page_mysdworx - Log in/input_Username'

2018-08-17 13:43:56 - [TEST_STEP][PASSED] - Statement - frame = new javax.swing.JFrame(User Input Frame): null

2018-08-17 13:43:56 - [TEST_STEP][PASSED] - Statement - frame.requestFocus(): null

2018-08-17 13:43:56 - [TEST_STEP][PASSED] - Statement - pass = javax.swing.JOptionPane.showInputDialog(frame, "Enter the password from token!!"): null

2018-08-17 13:44:12 - [TEST_STEP][PASSED] - delay: Delayed 5 second(s)

2018-08-17 13:44:17 - [MESSAGE][PASSED] - Delayed 5 second(s)

2018-08-17 13:44:17 - [TEST_STEP][PASSED] - setText: Text '244116' is set on object 'Object Repository/Page_mysdworx - Log in/input_Password'

2018-08-17 13:44:17 - [MESSAGE][PASSED] - Text '244116' is set on object 'Object Repository/Page_mysdworx - Log in/input_Password'

2018-08-17 13:44:17 - [TEST_STEP][PASSED] - click: Object: 'Object Repository/Page_mysdworx - Log in/button_Se connecter' is clicked on

2018-08-17 13:44:17 - [MESSAGE][PASSED] - Object: 'Object Repository/Page_mysdworx - Log in/button_Se connecter' is clicked on

2018-08-17 13:44:17 - [TEST_STEP][PASSED] - waitForPageLoad: Wait for page load successfully

2018-08-17 13:44:17 - [MESSAGE][PASSED] - Wait for page load successfully

2018-08-17 13:44:17 - [TEST_STEP][NOT_RUN] - closeBrowser: NOT_RUN: closeBrowser

2018-08-17 13:44:17 - [MESSAGE][NOT_RUN] - NOT_RUN: closeBrowser

2018-08-17 13:44:17 - [MESSAGE][PASSED] - Call Test Case 'Test Cases/Login/TC1 Login to Mysdworx' successfully

2018-08-17 13:44:17 - [TEST_STEP][PASSED] - waitForPageLoad: Wait for page load successfully

2018-08-17 13:44:17 - [MESSAGE][PASSED] - Wait for page load successfully

2018-08-17 13:44:17 - [TEST_STEP][PASSED] - callTestCase: Call Test Case 'Test Cases/Select Language/TC1 Verify NL language' successfully

2018-08-17 13:44:17 - [TEST_CASE][PASSED] - Test Cases/Select Language/TC1 Verify NL language: Test Cases/Select Language/TC1 Verify NL language

2018-08-17 13:44:17 - [TEST_STEP][PASSED] - waitForElementClickable: Web element with id: 'Object Repository/Change language link Obj/NL_language' located by 'By.xpath: id("navbar-anchor")/div[@class="nav nav-navbar"]/div[@class="user-info navbar-right hidden-xs"]/div[@class="user-actions"]/rapp-language-switcher[@class="ng-isolate-scope"]/ul[@class="list-inline list-unstyled lang"]/li[@class="ng-scope"]/a[@class="ng-binding"][count(. | //a[@ng-click = 'changeLanguageVm.switchPageToLanguage(lang)' and (text() = '
            NL   
        ' or . = '
            NL   
        ')]) = count(//a[@ng-click = 'changeLanguageVm.switchPageToLanguage(lang)' and (text() = '
            NL   
        ' or . = '
            NL   
        ')])]' not found

2018-08-17 13:45:09 - [MESSAGE][WARNING] - Web element with id: 'Object Repository/Change language link Obj/NL_language' located by 'By.xpath: id("navbar-anchor")/div[@class="nav nav-navbar"]/div[@class="user-info navbar-right hidden-xs"]/div[@class="user-actions"]/rapp-language-switcher[@class="ng-isolate-scope"]/ul[@class="list-inline list-unstyled lang"]/li[@class="ng-scope"]/a[@class="ng-binding"][count(. | //a[@ng-click = 'changeLanguageVm.switchPageToLanguage(lang)' and (text() = '
            NL   
        ' or . = '
            NL   
        ')]) = count(//a[@ng-click = 'changeLanguageVm.switchPageToLanguage(lang)' and (text() = '
            NL   
        ' or . = '
            NL   
        ')])]' not found

2018-08-17 13:45:09 - [TEST_STEP][PASSED] - click: Object: 'Object Repository/Change language link Obj/NL_language' is clicked on

2018-08-17 13:49:15 - [MESSAGE][PASSED] - Object: 'Object Repository/Change language link Obj/NL_language' is clicked on

2018-08-17 13:49:15 - [TEST_STEP][PASSED] - waitForPageLoad: Wait for page load successfully

2018-08-17 13:49:15 - [MESSAGE][PASSED] - Wait for page load successfully

2018-08-17 13:49:15 - [MESSAGE][PASSED] - Call Test Case 'Test Cases/Select Language/TC1 Verify NL language' successfully

2018-08-17 13:49:15 - [TEST_STEP][PASSED] - waitForPageLoad: Wait for page load successfully

2018-08-17 13:49:15 - [MESSAGE][PASSED] - Wait for page load successfully

2018-08-17 13:49:15 - [TEST_STEP][PASSED] - callTestCase: Call Test Case 'Test Cases/Mes rapports/Verify Nouveau rapport button' successfully

2018-08-17 13:49:16 - [TEST_CASE][PASSED] - Test Cases/Mes rapports/Verify Nouveau rapport button: Test Cases/Mes rapports/Verify Nouveau rapport button

2018-08-17 13:49:16 - [TEST_STEP][PASSED] - click: Object: 'Object Repository/Mes rapports Obj/button_Nouveau rapport' is clicked on

2018-08-17 13:49:20 - [MESSAGE][PASSED] - Object: 'Object Repository/Mes rapports Obj/button_Nouveau rapport' is clicked on

2018-08-17 13:49:20 - [TEST_STEP][PASSED] - waitForPageLoad: Wait for page load successfully

2018-08-17 13:49:20 - [MESSAGE][PASSED] - Wait for page load successfully

2018-08-17 13:49:20 - [MESSAGE][PASSED] - Call Test Case 'Test Cases/Mes rapports/Verify Nouveau rapport button' successfully

2018-08-17 13:49:20 - [TEST_STEP][PASSED] - callTestCase: Call Test Case 'Test Cases/Mes rapports/Mes rapports - BASE DE RAPPORT/TC2  Verify radio button Baser sur un rapport issu de Mes rapports' successfully

2018-08-17 13:49:20 - [TEST_CASE][PASSED] - Test Cases/Mes rapports/Mes rapports - BASE DE RAPPORT/TC2  Verify radio button Baser sur un rapport issu de Mes rapports: Test Cases/Mes rapports/Mes rapports - BASE DE RAPPORT/TC2  Verify radio button Baser sur un rapport issu de Mes rapports

2018-08-17 13:49:20 - [TEST_STEP][PASSED] - click: Object: 'Object Repository/Mes rapports Obj/BASE DE RAPPORT/radioButton_Baser sur un rapport issu de Mes rapports' is clicked on

2018-08-17 13:49:21 - [MESSAGE][PASSED] - Object: 'Object Repository/Mes rapports Obj/BASE DE RAPPORT/radioButton_Baser sur un rapport issu de Mes rapports' is clicked on

2018-08-17 13:49:21 - [MESSAGE][PASSED] - Call Test Case 'Test Cases/Mes rapports/Mes rapports - BASE DE RAPPORT/TC2  Verify radio button Baser sur un rapport issu de Mes rapports' successfully

2018-08-17 13:49:21 - [TEST_STEP][PASSED] - click: Object: 'Object Repository/Mes rapports Obj/BASE DE RAPPORT/Baser sur un rapport issu de mes rapport dropdown' is clicked on

2018-08-17 13:49:21 - [MESSAGE][PASSED] - Object: 'Object Repository/Mes rapports Obj/BASE DE RAPPORT/Baser sur un rapport issu de mes rapport dropdown' is clicked on

2018-08-17 13:49:21 - [TEST_STEP][PASSED] - setText: Text 'TEST 2 MAU JAN 2018 (SANJIV)' is set on object 'Object Repository/Mes rapports Obj/BASE DE RAPPORT/Mes rapport input'

2018-08-17 13:49:22 - [MESSAGE][PASSED] - Text 'TEST 2 MAU JAN 2018 (SANJIV)' is set on object 'Object Repository/Mes rapports Obj/BASE DE RAPPORT/Mes rapport input'

2018-08-17 13:49:22 - [TEST_STEP][PASSED] - sendKeys: Keys 'ENTER + ' sent to object: 'Object Repository/Mes rapports Obj/BASE DE RAPPORT/Mes rapport input'

2018-08-17 13:49:22 - [MESSAGE][PASSED] - Keys 'ENTER + ' sent to object: 'Object Repository/Mes rapports Obj/BASE DE RAPPORT/Mes rapport input'

2018-08-17 13:49:22 - [TEST_STEP][PASSED] - callTestCase: Call Test Case 'Test Cases/Mes rapports/TC Verify the next button arrow' successfully

2018-08-17 13:49:22 - [TEST_CASE][PASSED] - Test Cases/Mes rapports/TC Verify the next button arrow: Test Cases/Mes rapports/TC Verify the next button arrow

2018-08-17 13:49:22 - [TEST_STEP][PASSED] - waitForElementClickable: Object 'Object Repository/Mes rapports Obj/button_Next_Arrow' is clickable

2018-08-17 13:49:22 - [MESSAGE][PASSED] - Object 'Object Repository/Mes rapports Obj/button_Next_Arrow' is clickable

2018-08-17 13:49:22 - [TEST_STEP][PASSED] - click: Object: 'Object Repository/Mes rapports Obj/button_Next_Arrow' is clicked on

2018-08-17 13:49:22 - [MESSAGE][PASSED] - Object: 'Object Repository/Mes rapports Obj/button_Next_Arrow' is clicked on

2018-08-17 13:49:22 - [TEST_STEP][PASSED] - delay: Delayed 5 second(s)

2018-08-17 13:49:27 - [MESSAGE][PASSED] - Delayed 5 second(s)

2018-08-17 13:49:27 - [MESSAGE][PASSED] - Call Test Case 'Test Cases/Mes rapports/TC Verify the next button arrow' successfully

2018-08-17 13:49:27 - [TEST_STEP][PASSED] - click: Object: 'Object Repository/Mes rapports Obj/CONTENU/Click on contenu' is clicked on

2018-08-17 13:49:42 - [MESSAGE][PASSED] - Object: 'Object Repository/Mes rapports Obj/CONTENU/Click on contenu' is clicked on

2018-08-17 13:49:42 - [TEST_STEP][PASSED] - click: Object: 'Object Repository/Mes rapports Obj/CONTENU/delete' is clicked on

2018-08-17 13:49:42 - [MESSAGE][PASSED] - Object: 'Object Repository/Mes rapports Obj/CONTENU/delete' is clicked on

2018-08-17 13:49:42 - [TEST_STEP][PASSED] - callTestCase: Call Test Case 'Test Cases/Verify URL/TC Verify Url' successfully

2018-08-17 13:49:42 - [TEST_CASE][PASSED] - Test Cases/Verify URL/TC Verify Url: Test Cases/Verify URL/TC Verify Url

2018-08-17 13:49:42 - [TEST_STEP][PASSED] - waitForPageLoad: Wait for page load successfully

2018-08-17 13:49:42 - [MESSAGE][PASSED] - Wait for page load successfully

2018-08-17 13:49:42 - [TEST_STEP][PASSED] - Statement - url = com.kms.katalon.core.webui.keyword.WebUiBuiltInKeywords.getUrl(): Current window's url is: 'https://internet.acc.sd.dika.be/ebloxreporting/web.sensitive/main/FpyDF/iIz9g8MffKNXfNyb1H/NL/#/definitie/wizard/extern/index/28077/inhoud'

2018-08-17 13:49:42 - [MESSAGE][PASSED] - Current window's url is: 'https://internet.acc.sd.dika.be/ebloxreporting/web.sensitive/main/FpyDF/iIz9g8MffKNXfNyb1H/NL/#/definitie/wizard/extern/index/28077/inhoud'

2018-08-17 13:49:42 - [TEST_STEP][PASSED] - Statement - p = java.util.regex.Pattern.compile("00040 ANTILOPE GROEP"): null

2018-08-17 13:49:42 - [TEST_STEP][PASSED] - Statement - m = p.matcher(url): null

2018-08-17 13:49:42 - [TEST_STEP][PASSED] - Statement - If (m.find()): null

2018-08-17 13:49:42 - [TEST_STEP][PASSED] - Statement - Else: The user name and the concern number are not present in the URL

2018-08-17 13:49:42 - [TEST_STEP][PASSED] - Statement - com.kms.katalon.core.util.KeywordUtil.markPassed("The user name and the concern number are not present in the URL"): The user name and the concern number are not present in the URL

2018-08-17 13:49:42 - [MESSAGE][PASSED] - The user name and the concern number are not present in the URL

2018-08-17 13:49:42 - [MESSAGE][PASSED] - Call Test Case 'Test Cases/Verify URL/TC Verify Url' successfully

2018-08-17 13:49:42 - [TEST_STEP][PASSED] - callTestCase: Call Test Case 'Test Cases/Mes rapports/TC Verify the next button arrow' successfully

2018-08-17 13:49:42 - [TEST_CASE][PASSED] - Test Cases/Mes rapports/TC Verify the next button arrow: Test Cases/Mes rapports/TC Verify the next button arrow

2018-08-17 13:49:42 - [TEST_STEP][PASSED] - waitForElementClickable: Object 'Object Repository/Mes rapports Obj/button_Next_Arrow' is clickable

2018-08-17 13:49:42 - [MESSAGE][PASSED] - Object 'Object Repository/Mes rapports Obj/button_Next_Arrow' is clickable

2018-08-17 13:49:42 - [TEST_STEP][PASSED] - click: Object: 'Object Repository/Mes rapports Obj/button_Next_Arrow' is clicked on

2018-08-17 13:49:42 - [MESSAGE][PASSED] - Object: 'Object Repository/Mes rapports Obj/button_Next_Arrow' is clicked on

2018-08-17 13:49:42 - [TEST_STEP][PASSED] - delay: Delayed 5 second(s)

2018-08-17 13:49:47 - [MESSAGE][PASSED] - Delayed 5 second(s)

2018-08-17 13:49:47 - [MESSAGE][PASSED] - Call Test Case 'Test Cases/Mes rapports/TC Verify the next button arrow' successfully

2018-08-17 13:49:47 - [TEST_STEP][PASSED] - waitForPageLoad: Wait for page load successfully

2018-08-17 13:49:47 - [MESSAGE][PASSED] - Wait for page load successfully

2018-08-17 13:49:47 - [TEST_STEP][PASSED] - callTestCase: Call Test Case 'Test Cases/Mes rapports/Mes rapports - SELECTION/Verify if checkbox is unchecked/TC 1 Verify Contrats actifs checkbox  is un-checked' successfully

2018-08-17 13:49:47 - [TEST_CASE][PASSED] - Test Cases/Mes rapports/Mes rapports - SELECTION/Verify if checkbox is unchecked/TC 1 Verify Contrats actifs checkbox  is un-checked: Test Cases/Mes rapports/Mes rapports - SELECTION/Verify if checkbox is unchecked/TC 1 Verify Contrats actifs checkbox  is un-checked

2018-08-17 13:49:47 - [TEST_STEP][PASSED] - uncheck: Object 'Object Repository/Mes rapports Obj/SELECTION/Contrats actifs checkBox' is un-checked

2018-08-17 13:49:48 - [MESSAGE][PASSED] - Object 'Object Repository/Mes rapports Obj/SELECTION/Contrats actifs checkBox' is un-checked

2018-08-17 13:49:48 - [MESSAGE][PASSED] - Call Test Case 'Test Cases/Mes rapports/Mes rapports - SELECTION/Verify if checkbox is unchecked/TC 1 Verify Contrats actifs checkbox  is un-checked' successfully

2018-08-17 13:49:48 - [TEST_STEP][PASSED] - callTestCase: Call Test Case 'Test Cases/Verify URL/TC Verify Url' successfully

2018-08-17 13:49:48 - [TEST_CASE][PASSED] - Test Cases/Verify URL/TC Verify Url: Test Cases/Verify URL/TC Verify Url

2018-08-17 13:49:48 - [TEST_STEP][PASSED] - waitForPageLoad: Wait for page load successfully

2018-08-17 13:49:48 - [MESSAGE][PASSED] - Wait for page load successfully

2018-08-17 13:49:48 - [TEST_STEP][PASSED] - Statement - url = com.kms.katalon.core.webui.keyword.WebUiBuiltInKeywords.getUrl(): Current window's url is: 'https://internet.acc.sd.dika.be/ebloxreporting/web.sensitive/main/FpyDF/iIz9g8MffKNXfNyb1H/NL/#/definitie/wizard/extern/index/28077/selectie'

2018-08-17 13:49:48 - [MESSAGE][PASSED] - Current window's url is: 'https://internet.acc.sd.dika.be/ebloxreporting/web.sensitive/main/FpyDF/iIz9g8MffKNXfNyb1H/NL/#/definitie/wizard/extern/index/28077/selectie'

2018-08-17 13:49:48 - [TEST_STEP][PASSED] - Statement - p = java.util.regex.Pattern.compile("00040 ANTILOPE GROEP"): null

2018-08-17 13:49:48 - [TEST_STEP][PASSED] - Statement - m = p.matcher(url): null

2018-08-17 13:49:48 - [TEST_STEP][PASSED] - Statement - If (m.find()): null

2018-08-17 13:49:48 - [TEST_STEP][PASSED] - Statement - Else: The user name and the concern number are not present in the URL

2018-08-17 13:49:48 - [TEST_STEP][PASSED] - Statement - com.kms.katalon.core.util.KeywordUtil.markPassed("The user name and the concern number are not present in the URL"): The user name and the concern number are not present in the URL

2018-08-17 13:49:48 - [MESSAGE][PASSED] - The user name and the concern number are not present in the URL

2018-08-17 13:49:48 - [MESSAGE][PASSED] - Call Test Case 'Test Cases/Verify URL/TC Verify Url' successfully

2018-08-17 13:49:48 - [TEST_STEP][PASSED] - callTestCase: Call Test Case 'Test Cases/Mes rapports/TC Verify the next button arrow' successfully

2018-08-17 13:49:48 - [TEST_CASE][PASSED] - Test Cases/Mes rapports/TC Verify the next button arrow: Test Cases/Mes rapports/TC Verify the next button arrow

2018-08-17 13:49:48 - [TEST_STEP][PASSED] - waitForElementClickable: Object 'Object Repository/Mes rapports Obj/button_Next_Arrow' is clickable

2018-08-17 13:49:48 - [MESSAGE][PASSED] - Object 'Object Repository/Mes rapports Obj/button_Next_Arrow' is clickable

2018-08-17 13:49:48 - [TEST_STEP][PASSED] - click: Object: 'Object Repository/Mes rapports Obj/button_Next_Arrow' is clicked on

2018-08-17 13:49:48 - [MESSAGE][PASSED] - Object: 'Object Repository/Mes rapports Obj/button_Next_Arrow' is clicked on

2018-08-17 13:49:48 - [TEST_STEP][PASSED] - delay: Delayed 5 second(s)

2018-08-17 13:49:53 - [MESSAGE][PASSED] - Delayed 5 second(s)

2018-08-17 13:49:53 - [MESSAGE][PASSED] - Call Test Case 'Test Cases/Mes rapports/TC Verify the next button arrow' successfully

2018-08-17 13:49:53 - [TEST_STEP][PASSED] - waitForPageLoad: Wait for page load successfully

2018-08-17 13:49:53 - [MESSAGE][PASSED] - Wait for page load successfully

2018-08-17 13:49:53 - [TEST_STEP][PASSED] - callTestCase: Call Test Case 'Test Cases/Verify URL/TC Verify Url' successfully

2018-08-17 13:49:53 - [TEST_CASE][PASSED] - Test Cases/Verify URL/TC Verify Url: Test Cases/Verify URL/TC Verify Url

2018-08-17 13:49:53 - [TEST_STEP][PASSED] - waitForPageLoad: Wait for page load successfully

2018-08-17 13:49:53 - [MESSAGE][PASSED] - Wait for page load successfully

2018-08-17 13:49:53 - [TEST_STEP][PASSED] - Statement - url = com.kms.katalon.core.webui.keyword.WebUiBuiltInKeywords.getUrl(): Current window's url is: 'https://internet.acc.sd.dika.be/ebloxreporting/web.sensitive/main/FpyDF/iIz9g8MffKNXfNyb1H/NL/#/definitie/wizard/extern/index/28077/uitvoering'

2018-08-17 13:49:53 - [MESSAGE][PASSED] - Current window's url is: 'https://internet.acc.sd.dika.be/ebloxreporting/web.sensitive/main/FpyDF/iIz9g8MffKNXfNyb1H/NL/#/definitie/wizard/extern/index/28077/uitvoering'

2018-08-17 13:49:53 - [TEST_STEP][PASSED] - Statement - p = java.util.regex.Pattern.compile("00040 ANTILOPE GROEP"): null

2018-08-17 13:49:53 - [TEST_STEP][PASSED] - Statement - m = p.matcher(url): null

2018-08-17 13:49:53 - [TEST_STEP][PASSED] - Statement - If (m.find()): null

2018-08-17 13:49:53 - [TEST_STEP][PASSED] - Statement - Else: The user name and the concern number are not present in the URL

2018-08-17 13:49:53 - [TEST_STEP][PASSED] - Statement - com.kms.katalon.core.util.KeywordUtil.markPassed("The user name and the concern number are not present in the URL"): The user name and the concern number are not present in the URL

2018-08-17 13:49:53 - [MESSAGE][PASSED] - The user name and the concern number are not present in the URL

2018-08-17 13:49:53 - [MESSAGE][PASSED] - Call Test Case 'Test Cases/Verify URL/TC Verify Url' successfully

2018-08-17 13:49:53 - [TEST_STEP][PASSED] - delay: Delayed 2 second(s)

2018-08-17 13:49:55 - [MESSAGE][PASSED] - Delayed 2 second(s)

2018-08-17 13:49:55 - [TEST_STEP][PASSED] - click: Object: 'Object Repository/Mes rapports Obj/EXECUTION/Description _Date de reference historique' is clicked on

2018-08-17 13:49:55 - [MESSAGE][PASSED] - Object: 'Object Repository/Mes rapports Obj/EXECUTION/Description _Date de reference historique' is clicked on

2018-08-17 13:49:55 - [TEST_STEP][PASSED] - delay: Delayed 2 second(s)

2018-08-17 13:49:57 - [MESSAGE][PASSED] - Delayed 2 second(s)

2018-08-17 13:49:57 - [TEST_STEP][PASSED] - click: Object: 'Object Repository/Mes rapports Obj/EXECUTION/Description_Date de reference historique - Dernier jour mois precedent' is clicked on

2018-08-17 13:49:57 - [MESSAGE][PASSED] - Object: 'Object Repository/Mes rapports Obj/EXECUTION/Description_Date de reference historique - Dernier jour mois precedent' is clicked on

2018-08-17 13:49:57 - [TEST_STEP][PASSED] - click: Object: 'Object Repository/Mes rapports Obj/EXECUTION/Exporter button' is clicked on

2018-08-17 13:49:57 - [MESSAGE][PASSED] - Object: 'Object Repository/Mes rapports Obj/EXECUTION/Exporter button' is clicked on

2018-08-17 13:49:57 - [TEST_STEP][PASSED] - waitForPageLoad: Wait for page load successfully

2018-08-17 13:49:57 - [MESSAGE][PASSED] - Wait for page load successfully

2018-08-17 13:49:57 - [TEST_STEP][PASSED] - closeBrowser: Browser is closed

2018-08-17 13:49:58 - [MESSAGE][PASSED] - Browser is closed]]></system-out>
         <system-err><![CDATA[]]></system-err>
      </testcase>
      <testcase name="Test Cases/New Folder/TC5 BASIC" classname="Test Cases/New Folder/TC5 BASIC" status="FAILED">
         <failure type="FAILED" message="Unable to click on object 'Object Repository/Mes rapports Obj/select report' (Root cause: org.openqa.selenium.InvalidSelectorException: invalid selector: Unable to locate an element with the xpath expression  because of the following error:
SyntaxError: Failed to execute 'evaluate' on 'Document': The string '' is not a valid XPath expression.
  (Session info: chrome=68.0.3440.106)
  (Driver info: chromedriver=2.35.528161 (5b82f2d2aae0ca24b877009200ced9065a772e73),platform=Windows NT 10.0.16299 x86_64) (WARNING: The server did not provide any stacktrace information)
Command duration or timeout: 0 milliseconds
For documentation on this error, please visit: http://seleniumhq.org/exceptions/invalid_selector_exception.html
Build info: version: '3.7.1', revision: '8a0099a', time: '2017-11-06T21:07:36.161Z'
System info: host: '5CG7062KWD', ip: '10.136.82.127', os.name: 'Windows 10', os.arch: 'amd64', os.version: '10.0', java.version: '1.8.0_181'
Driver info: com.kms.katalon.selenium.driver.CChromeDriver
Capabilities {acceptInsecureCerts: false, acceptSslCerts: false, applicationCacheEnabled: false, browserConnectionEnabled: false, browserName: chrome, chrome: {chromedriverVersion: 2.35.528161 (5b82f2d2aae0ca..., userDataDir: C:\Users\SEEBOR~1\AppData\L...}, cssSelectorsEnabled: true, databaseEnabled: false, handlesAlerts: true, hasTouchScreen: false, javascriptEnabled: true, locationContextEnabled: true, mobileEmulationEnabled: false, nativeEvents: true, networkConnectionEnabled: false, pageLoadStrategy: normal, platform: XP, platformName: XP, rotatable: false, setWindowRect: true, takesHeapSnapshot: true, takesScreenshot: true, unexpectedAlertBehaviour: , unhandledPromptBehavior: , version: 68.0.3440.106, webStorageEnabled: true}
Session ID: 6c624c766dc5473d6c579d17d04458e0
*** Element info: {Using=xpath, value=})"/>
         <system-out><![CDATA[2018-08-17 13:49:58 - [TEST_CASE][FAILED] - Test Cases/New Folder/TC5 BASIC: Test Cases/New Folder/TC5 BASIC FAILED because (of) Unable to click on object 'Object Repository/Mes rapports Obj/select report' (Root cause: org.openqa.selenium.InvalidSelectorException: invalid selector: Unable to locate an element with the xpath expression  because of the following error:
SyntaxError: Failed to execute 'evaluate' on 'Document': The string '' is not a valid XPath expression.
  (Session info: chrome=68.0.3440.106)
  (Driver info: chromedriver=2.35.528161 (5b82f2d2aae0ca24b877009200ced9065a772e73),platform=Windows NT 10.0.16299 x86_64) (WARNING: The server did not provide any stacktrace information)
Command duration or timeout: 0 milliseconds
For documentation on this error, please visit: http://seleniumhq.org/exceptions/invalid_selector_exception.html
Build info: version: '3.7.1', revision: '8a0099a', time: '2017-11-06T21:07:36.161Z'
System info: host: '5CG7062KWD', ip: '10.136.82.127', os.name: 'Windows 10', os.arch: 'amd64', os.version: '10.0', java.version: '1.8.0_181'
Driver info: com.kms.katalon.selenium.driver.CChromeDriver
Capabilities {acceptInsecureCerts: false, acceptSslCerts: false, applicationCacheEnabled: false, browserConnectionEnabled: false, browserName: chrome, chrome: {chromedriverVersion: 2.35.528161 (5b82f2d2aae0ca..., userDataDir: C:\Users\SEEBOR~1\AppData\L...}, cssSelectorsEnabled: true, databaseEnabled: false, handlesAlerts: true, hasTouchScreen: false, javascriptEnabled: true, locationContextEnabled: true, mobileEmulationEnabled: false, nativeEvents: true, networkConnectionEnabled: false, pageLoadStrategy: normal, platform: XP, platformName: XP, rotatable: false, setWindowRect: true, takesHeapSnapshot: true, takesScreenshot: true, unexpectedAlertBehaviour: , unhandledPromptBehavior: , version: 68.0.3440.106, webStorageEnabled: true}
Session ID: 6c624c766dc5473d6c579d17d04458e0
*** Element info: {Using=xpath, value=})

2018-08-17 13:49:58 - [TEST_STEP][PASSED] - callTestCase: Call Test Case 'Test Cases/Login/TC1 Login to Mysdworx' successfully

2018-08-17 13:49:58 - [TEST_CASE][PASSED] - Test Cases/Login/TC1 Login to Mysdworx: Test Cases/Login/TC1 Login to Mysdworx

2018-08-17 13:49:58 - [TEST_STEP][PASSED] - openBrowser: Browser is opened with url: ''

2018-08-17 13:50:00 - [MESSAGE][PASSED] - Browser is opened with url: ''

2018-08-17 13:50:00 - [TEST_STEP][PASSED] - navigateToUrl: Navigate to 'https://internet.acc.sd.dika.be/ebloxreporting/web.sensitive/main/?lang=fr' successfully

2018-08-17 13:50:05 - [MESSAGE][PASSED] - Navigate to 'https://internet.acc.sd.dika.be/ebloxreporting/web.sensitive/main/?lang=fr' successfully

2018-08-17 13:50:05 - [TEST_STEP][PASSED] - maximizeWindow: Current window maximized

2018-08-17 13:50:07 - [MESSAGE][PASSED] - Current window maximized

2018-08-17 13:50:07 - [TEST_STEP][PASSED] - setText: Text 'DP_EBLOX_RPP_VASCO' is set on object 'Object Repository/Page_mysdworx - Log in/input_Username'

2018-08-17 13:50:11 - [MESSAGE][PASSED] - Text 'DP_EBLOX_RPP_VASCO' is set on object 'Object Repository/Page_mysdworx - Log in/input_Username'

2018-08-17 13:50:11 - [TEST_STEP][PASSED] - Statement - frame = new javax.swing.JFrame(User Input Frame): null

2018-08-17 13:50:11 - [TEST_STEP][PASSED] - Statement - frame.requestFocus(): null

2018-08-17 13:50:11 - [TEST_STEP][PASSED] - Statement - pass = javax.swing.JOptionPane.showInputDialog(frame, "Enter the password from token!!"): null

2018-08-17 13:50:12 - [TEST_STEP][PASSED] - delay: Delayed 5 second(s)

2018-08-17 13:50:17 - [MESSAGE][PASSED] - Delayed 5 second(s)

2018-08-17 13:50:17 - [TEST_STEP][PASSED] - setText: Text '599989' is set on object 'Object Repository/Page_mysdworx - Log in/input_Password'

2018-08-17 13:50:18 - [MESSAGE][PASSED] - Text '599989' is set on object 'Object Repository/Page_mysdworx - Log in/input_Password'

2018-08-17 13:50:18 - [TEST_STEP][PASSED] - click: Object: 'Object Repository/Page_mysdworx - Log in/button_Se connecter' is clicked on

2018-08-17 13:50:18 - [MESSAGE][PASSED] - Object: 'Object Repository/Page_mysdworx - Log in/button_Se connecter' is clicked on

2018-08-17 13:50:18 - [TEST_STEP][PASSED] - waitForPageLoad: Wait for page load successfully

2018-08-17 13:50:18 - [MESSAGE][PASSED] - Wait for page load successfully

2018-08-17 13:50:18 - [TEST_STEP][NOT_RUN] - closeBrowser: NOT_RUN: closeBrowser

2018-08-17 13:50:18 - [MESSAGE][NOT_RUN] - NOT_RUN: closeBrowser

2018-08-17 13:50:18 - [MESSAGE][PASSED] - Call Test Case 'Test Cases/Login/TC1 Login to Mysdworx' successfully

2018-08-17 13:50:18 - [TEST_STEP][PASSED] - waitForPageLoad: Wait for page load successfully

2018-08-17 13:50:18 - [MESSAGE][PASSED] - Wait for page load successfully

2018-08-17 13:50:18 - [TEST_STEP][PASSED] - callTestCase: Call Test Case 'Test Cases/Select Language/TC1 Verify NL language' successfully

2018-08-17 13:50:18 - [TEST_CASE][PASSED] - Test Cases/Select Language/TC1 Verify NL language: Test Cases/Select Language/TC1 Verify NL language

2018-08-17 13:50:18 - [TEST_STEP][PASSED] - waitForElementClickable: Object 'Object Repository/Change language link Obj/NL_language' is clickable

2018-08-17 13:50:45 - [MESSAGE][PASSED] - Object 'Object Repository/Change language link Obj/NL_language' is clickable

2018-08-17 13:50:45 - [TEST_STEP][PASSED] - click: Object: 'Object Repository/Change language link Obj/NL_language' is clicked on

2018-08-17 13:50:50 - [MESSAGE][PASSED] - Object: 'Object Repository/Change language link Obj/NL_language' is clicked on

2018-08-17 13:50:50 - [TEST_STEP][PASSED] - waitForPageLoad: Wait for page load successfully

2018-08-17 13:50:50 - [MESSAGE][PASSED] - Wait for page load successfully

2018-08-17 13:50:50 - [MESSAGE][PASSED] - Call Test Case 'Test Cases/Select Language/TC1 Verify NL language' successfully

2018-08-17 13:50:50 - [TEST_STEP][PASSED] - waitForPageLoad: Wait for page load successfully

2018-08-17 13:50:50 - [MESSAGE][PASSED] - Wait for page load successfully

2018-08-17 13:50:50 - [TEST_STEP][PASSED] - callTestCase: Call Test Case 'Test Cases/Mes rapports/Main Page/TC Verify Mes rapports tab' successfully

2018-08-17 13:50:50 - [TEST_CASE][PASSED] - Test Cases/Mes rapports/Main Page/TC Verify Mes rapports tab: Test Cases/Mes rapports/Main Page/TC Verify Mes rapports tab

2018-08-17 13:50:50 - [TEST_STEP][PASSED] - click: Object: 'Object Repository/Mes rapports Obj/Mes rapports_tab' is clicked on

2018-08-17 13:50:50 - [MESSAGE][PASSED] - Object: 'Object Repository/Mes rapports Obj/Mes rapports_tab' is clicked on

2018-08-17 13:50:50 - [MESSAGE][PASSED] - Call Test Case 'Test Cases/Mes rapports/Main Page/TC Verify Mes rapports tab' successfully

2018-08-17 13:50:50 - [TEST_STEP][PASSED] - setText: Text 'TEST 2 MAU JAN 2018 (sanjiv)' is set on object 'Object Repository/Mes rapports Obj/input search filter'

2018-08-17 13:50:53 - [MESSAGE][PASSED] - Text 'TEST 2 MAU JAN 2018 (sanjiv)' is set on object 'Object Repository/Mes rapports Obj/input search filter'

2018-08-17 13:50:53 - [TEST_STEP][PASSED] - click: Object: 'Object Repository/Page_eBlox Reporting/Search_Icon' is clicked on

2018-08-17 13:50:53 - [MESSAGE][PASSED] - Object: 'Object Repository/Page_eBlox Reporting/Search_Icon' is clicked on

2018-08-17 13:50:53 - [TEST_STEP][PASSED] - delay: Delayed 2 second(s)

2018-08-17 13:50:55 - [MESSAGE][PASSED] - Delayed 2 second(s)

2018-08-17 13:50:55 - [TEST_STEP][FAILED] - click: Unable to click on object 'Object Repository/Mes rapports Obj/select report' (Root cause: org.openqa.selenium.InvalidSelectorException: invalid selector: Unable to locate an element with the xpath expression  because of the following error:
SyntaxError: Failed to execute 'evaluate' on 'Document': The string '' is not a valid XPath expression.
  (Session info: chrome=68.0.3440.106)
  (Driver info: chromedriver=2.35.528161 (5b82f2d2aae0ca24b877009200ced9065a772e73),platform=Windows NT 10.0.16299 x86_64) (WARNING: The server did not provide any stacktrace information)
Command duration or timeout: 0 milliseconds
For documentation on this error, please visit: http://seleniumhq.org/exceptions/invalid_selector_exception.html
Build info: version: '3.7.1', revision: '8a0099a', time: '2017-11-06T21:07:36.161Z'
System info: host: '5CG7062KWD', ip: '10.136.82.127', os.name: 'Windows 10', os.arch: 'amd64', os.version: '10.0', java.version: '1.8.0_181'
Driver info: com.kms.katalon.selenium.driver.CChromeDriver
Capabilities {acceptInsecureCerts: false, acceptSslCerts: false, applicationCacheEnabled: false, browserConnectionEnabled: false, browserName: chrome, chrome: {chromedriverVersion: 2.35.528161 (5b82f2d2aae0ca..., userDataDir: C:\Users\SEEBOR~1\AppData\L...}, cssSelectorsEnabled: true, databaseEnabled: false, handlesAlerts: true, hasTouchScreen: false, javascriptEnabled: true, locationContextEnabled: true, mobileEmulationEnabled: false, nativeEvents: true, networkConnectionEnabled: false, pageLoadStrategy: normal, platform: XP, platformName: XP, rotatable: false, setWindowRect: true, takesHeapSnapshot: true, takesScreenshot: true, unexpectedAlertBehaviour: , unhandledPromptBehavior: , version: 68.0.3440.106, webStorageEnabled: true}
Session ID: 6c624c766dc5473d6c579d17d04458e0
*** Element info: {Using=xpath, value=})

2018-08-17 13:51:26 - [MESSAGE][FAILED] - Unable to click on object 'Object Repository/Mes rapports Obj/select report' (Root cause: org.openqa.selenium.InvalidSelectorException: invalid selector: Unable to locate an element with the xpath expression  because of the following error:
SyntaxError: Failed to execute 'evaluate' on 'Document': The string '' is not a valid XPath expression.
  (Session info: chrome=68.0.3440.106)
  (Driver info: chromedriver=2.35.528161 (5b82f2d2aae0ca24b877009200ced9065a772e73),platform=Windows NT 10.0.16299 x86_64) (WARNING: The server did not provide any stacktrace information)
Command duration or timeout: 0 milliseconds
For documentation on this error, please visit: http://seleniumhq.org/exceptions/invalid_selector_exception.html
Build info: version: '3.7.1', revision: '8a0099a', time: '2017-11-06T21:07:36.161Z'
System info: host: '5CG7062KWD', ip: '10.136.82.127', os.name: 'Windows 10', os.arch: 'amd64', os.version: '10.0', java.version: '1.8.0_181'
Driver info: com.kms.katalon.selenium.driver.CChromeDriver
Capabilities {acceptInsecureCerts: false, acceptSslCerts: false, applicationCacheEnabled: false, browserConnectionEnabled: false, browserName: chrome, chrome: {chromedriverVersion: 2.35.528161 (5b82f2d2aae0ca..., userDataDir: C:\Users\SEEBOR~1\AppData\L...}, cssSelectorsEnabled: true, databaseEnabled: false, handlesAlerts: true, hasTouchScreen: false, javascriptEnabled: true, locationContextEnabled: true, mobileEmulationEnabled: false, nativeEvents: true, networkConnectionEnabled: false, pageLoadStrategy: normal, platform: XP, platformName: XP, rotatable: false, setWindowRect: true, takesHeapSnapshot: true, takesScreenshot: true, unexpectedAlertBehaviour: , unhandledPromptBehavior: , version: 68.0.3440.106, webStorageEnabled: true}
Session ID: 6c624c766dc5473d6c579d17d04458e0
*** Element info: {Using=xpath, value=})
[[ATTACHMENT|C:\\Users\\seeboruts\\OneDrive - SD Worx\\Desktop\\Katalon_eBlox_Reporting\\Reports\\testing\\New Test Suite\\20180817_132718\\1534499486578.png]]]]></system-out>
         <system-err><![CDATA[2018-08-17 13:49:58 - [TEST_CASE][FAILED] - Test Cases/New Folder/TC5 BASIC: Test Cases/New Folder/TC5 BASIC FAILED because (of) Unable to click on object 'Object Repository/Mes rapports Obj/select report' (Root cause: org.openqa.selenium.InvalidSelectorException: invalid selector: Unable to locate an element with the xpath expression  because of the following error:
SyntaxError: Failed to execute 'evaluate' on 'Document': The string '' is not a valid XPath expression.
  (Session info: chrome=68.0.3440.106)
  (Driver info: chromedriver=2.35.528161 (5b82f2d2aae0ca24b877009200ced9065a772e73),platform=Windows NT 10.0.16299 x86_64) (WARNING: The server did not provide any stacktrace information)
Command duration or timeout: 0 milliseconds
For documentation on this error, please visit: http://seleniumhq.org/exceptions/invalid_selector_exception.html
Build info: version: '3.7.1', revision: '8a0099a', time: '2017-11-06T21:07:36.161Z'
System info: host: '5CG7062KWD', ip: '10.136.82.127', os.name: 'Windows 10', os.arch: 'amd64', os.version: '10.0', java.version: '1.8.0_181'
Driver info: com.kms.katalon.selenium.driver.CChromeDriver
Capabilities {acceptInsecureCerts: false, acceptSslCerts: false, applicationCacheEnabled: false, browserConnectionEnabled: false, browserName: chrome, chrome: {chromedriverVersion: 2.35.528161 (5b82f2d2aae0ca..., userDataDir: C:\Users\SEEBOR~1\AppData\L...}, cssSelectorsEnabled: true, databaseEnabled: false, handlesAlerts: true, hasTouchScreen: false, javascriptEnabled: true, locationContextEnabled: true, mobileEmulationEnabled: false, nativeEvents: true, networkConnectionEnabled: false, pageLoadStrategy: normal, platform: XP, platformName: XP, rotatable: false, setWindowRect: true, takesHeapSnapshot: true, takesScreenshot: true, unexpectedAlertBehaviour: , unhandledPromptBehavior: , version: 68.0.3440.106, webStorageEnabled: true}
Session ID: 6c624c766dc5473d6c579d17d04458e0
*** Element info: {Using=xpath, value=})]]></system-err>
      </testcase>
      <testcase name="Test Cases/New Folder/TC6 OPERATIONS" classname="Test Cases/New Folder/TC6 OPERATIONS" status="FAILED">
         <failure type="FAILED" message="Unable to click on object 'Object Repository/Page_eBlox Rapportering/Operation/Operation - Nouvelle condition' (Root cause: org.openqa.selenium.InvalidSelectorException: invalid selector: Unable to locate an element with the xpath expression  because of the following error:
SyntaxError: Failed to execute 'evaluate' on 'Document': The string '' is not a valid XPath expression.
  (Session info: chrome=68.0.3440.106)
  (Driver info: chromedriver=2.35.528161 (5b82f2d2aae0ca24b877009200ced9065a772e73),platform=Windows NT 10.0.16299 x86_64) (WARNING: The server did not provide any stacktrace information)
Command duration or timeout: 0 milliseconds
For documentation on this error, please visit: http://seleniumhq.org/exceptions/invalid_selector_exception.html
Build info: version: '3.7.1', revision: '8a0099a', time: '2017-11-06T21:07:36.161Z'
System info: host: '5CG7062KWD', ip: '10.136.82.127', os.name: 'Windows 10', os.arch: 'amd64', os.version: '10.0', java.version: '1.8.0_181'
Driver info: com.kms.katalon.selenium.driver.CChromeDriver
Capabilities {acceptInsecureCerts: false, acceptSslCerts: false, applicationCacheEnabled: false, browserConnectionEnabled: false, browserName: chrome, chrome: {chromedriverVersion: 2.35.528161 (5b82f2d2aae0ca..., userDataDir: C:\Users\SEEBOR~1\AppData\L...}, cssSelectorsEnabled: true, databaseEnabled: false, handlesAlerts: true, hasTouchScreen: false, javascriptEnabled: true, locationContextEnabled: true, mobileEmulationEnabled: false, nativeEvents: true, networkConnectionEnabled: false, pageLoadStrategy: normal, platform: XP, platformName: XP, rotatable: false, setWindowRect: true, takesHeapSnapshot: true, takesScreenshot: true, unexpectedAlertBehaviour: , unhandledPromptBehavior: , version: 68.0.3440.106, webStorageEnabled: true}
Session ID: 7fe370707d384abd9f471464126ec5df
*** Element info: {Using=xpath, value=})"/>
         <system-out><![CDATA[2018-08-17 13:51:26 - [TEST_CASE][FAILED] - Test Cases/New Folder/TC6 OPERATIONS: Test Cases/New Folder/TC6 OPERATIONS FAILED because (of) Unable to click on object 'Object Repository/Page_eBlox Rapportering/Operation/Operation - Nouvelle condition' (Root cause: org.openqa.selenium.InvalidSelectorException: invalid selector: Unable to locate an element with the xpath expression  because of the following error:
SyntaxError: Failed to execute 'evaluate' on 'Document': The string '' is not a valid XPath expression.
  (Session info: chrome=68.0.3440.106)
  (Driver info: chromedriver=2.35.528161 (5b82f2d2aae0ca24b877009200ced9065a772e73),platform=Windows NT 10.0.16299 x86_64) (WARNING: The server did not provide any stacktrace information)
Command duration or timeout: 0 milliseconds
For documentation on this error, please visit: http://seleniumhq.org/exceptions/invalid_selector_exception.html
Build info: version: '3.7.1', revision: '8a0099a', time: '2017-11-06T21:07:36.161Z'
System info: host: '5CG7062KWD', ip: '10.136.82.127', os.name: 'Windows 10', os.arch: 'amd64', os.version: '10.0', java.version: '1.8.0_181'
Driver info: com.kms.katalon.selenium.driver.CChromeDriver
Capabilities {acceptInsecureCerts: false, acceptSslCerts: false, applicationCacheEnabled: false, browserConnectionEnabled: false, browserName: chrome, chrome: {chromedriverVersion: 2.35.528161 (5b82f2d2aae0ca..., userDataDir: C:\Users\SEEBOR~1\AppData\L...}, cssSelectorsEnabled: true, databaseEnabled: false, handlesAlerts: true, hasTouchScreen: false, javascriptEnabled: true, locationContextEnabled: true, mobileEmulationEnabled: false, nativeEvents: true, networkConnectionEnabled: false, pageLoadStrategy: normal, platform: XP, platformName: XP, rotatable: false, setWindowRect: true, takesHeapSnapshot: true, takesScreenshot: true, unexpectedAlertBehaviour: , unhandledPromptBehavior: , version: 68.0.3440.106, webStorageEnabled: true}
Session ID: 7fe370707d384abd9f471464126ec5df
*** Element info: {Using=xpath, value=})

2018-08-17 13:51:27 - [TEST_STEP][PASSED] - callTestCase: Call Test Case 'Test Cases/Login/TC1 Login to Mysdworx' successfully

2018-08-17 13:51:27 - [TEST_CASE][PASSED] - Test Cases/Login/TC1 Login to Mysdworx: Test Cases/Login/TC1 Login to Mysdworx

2018-08-17 13:51:27 - [TEST_STEP][PASSED] - openBrowser: Browser is opened with url: ''

2018-08-17 13:51:27 - [MESSAGE][WARNING] - A browser is already opened. Closing browser and opening a new one

2018-08-17 13:51:29 - [MESSAGE][PASSED] - Browser is opened with url: ''

2018-08-17 13:51:29 - [TEST_STEP][PASSED] - navigateToUrl: Navigate to 'https://internet.acc.sd.dika.be/ebloxreporting/web.sensitive/main/?lang=fr' successfully

2018-08-17 13:51:34 - [MESSAGE][PASSED] - Navigate to 'https://internet.acc.sd.dika.be/ebloxreporting/web.sensitive/main/?lang=fr' successfully

2018-08-17 13:51:34 - [TEST_STEP][PASSED] - maximizeWindow: Current window maximized

2018-08-17 13:51:35 - [MESSAGE][PASSED] - Current window maximized

2018-08-17 13:51:35 - [TEST_STEP][PASSED] - setText: Text 'DP_EBLOX_RPP_VASCO' is set on object 'Object Repository/Page_mysdworx - Log in/input_Username'

2018-08-17 13:51:39 - [MESSAGE][PASSED] - Text 'DP_EBLOX_RPP_VASCO' is set on object 'Object Repository/Page_mysdworx - Log in/input_Username'

2018-08-17 13:51:39 - [TEST_STEP][PASSED] - Statement - frame = new javax.swing.JFrame(User Input Frame): null

2018-08-17 13:51:39 - [TEST_STEP][PASSED] - Statement - frame.requestFocus(): null

2018-08-17 13:51:39 - [TEST_STEP][PASSED] - Statement - pass = javax.swing.JOptionPane.showInputDialog(frame, "Enter the password from token!!"): null

2018-08-17 13:51:43 - [TEST_STEP][PASSED] - delay: Delayed 5 second(s)

2018-08-17 13:51:48 - [MESSAGE][PASSED] - Delayed 5 second(s)

2018-08-17 13:51:48 - [TEST_STEP][PASSED] - setText: Text '496630' is set on object 'Object Repository/Page_mysdworx - Log in/input_Password'

2018-08-17 13:51:48 - [MESSAGE][PASSED] - Text '496630' is set on object 'Object Repository/Page_mysdworx - Log in/input_Password'

2018-08-17 13:51:48 - [TEST_STEP][PASSED] - click: Object: 'Object Repository/Page_mysdworx - Log in/button_Se connecter' is clicked on

2018-08-17 13:51:48 - [MESSAGE][PASSED] - Object: 'Object Repository/Page_mysdworx - Log in/button_Se connecter' is clicked on

2018-08-17 13:51:48 - [TEST_STEP][PASSED] - waitForPageLoad: Wait for page load successfully

2018-08-17 13:51:48 - [MESSAGE][PASSED] - Wait for page load successfully

2018-08-17 13:51:48 - [TEST_STEP][NOT_RUN] - closeBrowser: NOT_RUN: closeBrowser

2018-08-17 13:51:48 - [MESSAGE][NOT_RUN] - NOT_RUN: closeBrowser

2018-08-17 13:51:48 - [MESSAGE][PASSED] - Call Test Case 'Test Cases/Login/TC1 Login to Mysdworx' successfully

2018-08-17 13:51:48 - [TEST_STEP][PASSED] - waitForPageLoad: Wait for page load successfully

2018-08-17 13:51:48 - [MESSAGE][PASSED] - Wait for page load successfully

2018-08-17 13:51:48 - [TEST_STEP][PASSED] - callTestCase: Call Test Case 'Test Cases/Select Language/TC1 Verify NL language' successfully

2018-08-17 13:51:48 - [TEST_CASE][PASSED] - Test Cases/Select Language/TC1 Verify NL language: Test Cases/Select Language/TC1 Verify NL language

2018-08-17 13:51:48 - [TEST_STEP][PASSED] - waitForElementClickable: Object 'Object Repository/Change language link Obj/NL_language' is clickable

2018-08-17 13:52:09 - [MESSAGE][PASSED] - Object 'Object Repository/Change language link Obj/NL_language' is clickable

2018-08-17 13:52:09 - [TEST_STEP][PASSED] - click: Object: 'Object Repository/Change language link Obj/NL_language' is clicked on

2018-08-17 13:52:14 - [MESSAGE][PASSED] - Object: 'Object Repository/Change language link Obj/NL_language' is clicked on

2018-08-17 13:52:14 - [TEST_STEP][PASSED] - waitForPageLoad: Wait for page load successfully

2018-08-17 13:52:14 - [MESSAGE][PASSED] - Wait for page load successfully

2018-08-17 13:52:14 - [MESSAGE][PASSED] - Call Test Case 'Test Cases/Select Language/TC1 Verify NL language' successfully

2018-08-17 13:52:14 - [TEST_STEP][PASSED] - waitForPageLoad: Wait for page load successfully

2018-08-17 13:52:14 - [MESSAGE][PASSED] - Wait for page load successfully

2018-08-17 13:52:14 - [TEST_STEP][PASSED] - callTestCase: Call Test Case 'Test Cases/Mes rapports/Main Page/TC Verify Mes rapports tab' successfully

2018-08-17 13:52:15 - [TEST_CASE][PASSED] - Test Cases/Mes rapports/Main Page/TC Verify Mes rapports tab: Test Cases/Mes rapports/Main Page/TC Verify Mes rapports tab

2018-08-17 13:52:15 - [TEST_STEP][PASSED] - click: Object: 'Object Repository/Mes rapports Obj/Mes rapports_tab' is clicked on

2018-08-17 13:52:15 - [MESSAGE][PASSED] - Object: 'Object Repository/Mes rapports Obj/Mes rapports_tab' is clicked on

2018-08-17 13:52:15 - [MESSAGE][PASSED] - Call Test Case 'Test Cases/Mes rapports/Main Page/TC Verify Mes rapports tab' successfully

2018-08-17 13:52:15 - [TEST_STEP][PASSED] - setText: Text 'REG BEWERKINGEN' is set on object 'Object Repository/Mes rapports Obj/input search filter'

2018-08-17 13:52:19 - [MESSAGE][PASSED] - Text 'REG BEWERKINGEN' is set on object 'Object Repository/Mes rapports Obj/input search filter'

2018-08-17 13:52:19 - [TEST_STEP][PASSED] - click: Object: 'Object Repository/Page_eBlox Reporting/Search_Icon' is clicked on

2018-08-17 13:52:19 - [MESSAGE][PASSED] - Object: 'Object Repository/Page_eBlox Reporting/Search_Icon' is clicked on

2018-08-17 13:52:19 - [TEST_STEP][PASSED] - delay: Delayed 2 second(s)

2018-08-17 13:52:21 - [MESSAGE][PASSED] - Delayed 2 second(s)

2018-08-17 13:52:21 - [TEST_STEP][PASSED] - click: Object: 'Object Repository/Mes rapports Obj/select report' is clicked on

2018-08-17 13:52:21 - [MESSAGE][PASSED] - Object: 'Object Repository/Mes rapports Obj/select report' is clicked on

2018-08-17 13:52:21 - [TEST_STEP][PASSED] - waitForPageLoad: Wait for page load successfully

2018-08-17 13:52:21 - [MESSAGE][PASSED] - Wait for page load successfully

2018-08-17 13:52:21 - [TEST_STEP][PASSED] - click: Object: 'Object Repository/Page_eBlox Rapportering/Definition' is clicked on

2018-08-17 13:52:24 - [MESSAGE][PASSED] - Object: 'Object Repository/Page_eBlox Rapportering/Definition' is clicked on

2018-08-17 13:52:24 - [TEST_STEP][PASSED] - click: Object: 'Object Repository/Page_eBlox Rapportering/Contenu' is clicked on

2018-08-17 13:52:27 - [MESSAGE][PASSED] - Object: 'Object Repository/Page_eBlox Rapportering/Contenu' is clicked on

2018-08-17 13:52:27 - [TEST_STEP][PASSED] - waitForPageLoad: Wait for page load successfully

2018-08-17 13:52:27 - [MESSAGE][PASSED] - Wait for page load successfully

2018-08-17 13:52:27 - [TEST_STEP][NOT_RUN] - verifyTextPresent: NOT_RUN: verifyTextPresent

2018-08-17 13:52:27 - [MESSAGE][NOT_RUN] - NOT_RUN: verifyTextPresent

2018-08-17 13:52:27 - [TEST_STEP][NOT_RUN] - verifyTextPresent: NOT_RUN: verifyTextPresent

2018-08-17 13:52:27 - [MESSAGE][NOT_RUN] - NOT_RUN: verifyTextPresent

2018-08-17 13:52:27 - [TEST_STEP][PASSED] - click: Object: 'Object Repository/Page_eBlox Rapportering/Operations' is clicked on

2018-08-17 13:52:28 - [MESSAGE][PASSED] - Object: 'Object Repository/Page_eBlox Rapportering/Operations' is clicked on

2018-08-17 13:52:28 - [TEST_STEP][PASSED] - waitForPageLoad: Wait for page load successfully

2018-08-17 13:52:28 - [MESSAGE][PASSED] - Wait for page load successfully

2018-08-17 13:52:28 - [TEST_STEP][PASSED] - click: Object: 'Object Repository/Page_eBlox Rapportering/Operation/Nouvelle operation' is clicked on

2018-08-17 13:52:30 - [MESSAGE][PASSED] - Object: 'Object Repository/Page_eBlox Rapportering/Operation/Nouvelle operation' is clicked on

2018-08-17 13:52:30 - [TEST_STEP][PASSED] - click: Object: 'Object Repository/Page_eBlox Rapportering/Operation/Nouvelle operation - Numeric' is clicked on

2018-08-17 13:52:30 - [MESSAGE][PASSED] - Object: 'Object Repository/Page_eBlox Rapportering/Operation/Nouvelle operation - Numeric' is clicked on

2018-08-17 13:52:30 - [TEST_STEP][PASSED] - mouseOver: Object: 'Object Repository/Page_eBlox Rapportering/Operation/mouse over operation list test' is hovered

2018-08-17 13:52:30 - [MESSAGE][PASSED] - Object: 'Object Repository/Page_eBlox Rapportering/Operation/mouse over operation list test' is hovered

2018-08-17 13:52:30 - [TEST_STEP][PASSED] - waitForPageLoad: Wait for page load successfully

2018-08-17 13:52:30 - [MESSAGE][PASSED] - Wait for page load successfully

2018-08-17 13:52:30 - [TEST_STEP][PASSED] - setText: Text 'test' is set on object 'Object Repository/Page_eBlox Rapportering/Operation/Operation - Nom'

2018-08-17 13:52:30 - [MESSAGE][PASSED] - Text 'test' is set on object 'Object Repository/Page_eBlox Rapportering/Operation/Operation - Nom'

2018-08-17 13:52:30 - [TEST_STEP][PASSED] - setText: Text 'test' is set on object 'Object Repository/Page_eBlox Rapportering/Operation/Operation -Description'

2018-08-17 13:52:31 - [MESSAGE][PASSED] - Text 'test' is set on object 'Object Repository/Page_eBlox Rapportering/Operation/Operation -Description'

2018-08-17 13:52:31 - [TEST_STEP][PASSED] - click: Object: 'Object Repository/Page_eBlox Rapportering/Operation/Operation - Sauvegarder button' is clicked on

2018-08-17 13:52:31 - [MESSAGE][PASSED] - Object: 'Object Repository/Page_eBlox Rapportering/Operation/Operation - Sauvegarder button' is clicked on

2018-08-17 13:52:31 - [TEST_STEP][PASSED] - setText: Text 'Bewerking 2' is set on object 'Object Repository/Page_eBlox Rapportering/Operation/Operation - Nom'

2018-08-17 13:52:31 - [MESSAGE][PASSED] - Text 'Bewerking 2' is set on object 'Object Repository/Page_eBlox Rapportering/Operation/Operation - Nom'

2018-08-17 13:52:31 - [TEST_STEP][PASSED] - setText: Text 'Brutoloon + Bedrag Toeslag 2' is set on object 'Object Repository/Page_eBlox Rapportering/Operation/Operation -Description'

2018-08-17 13:52:31 - [MESSAGE][PASSED] - Text 'Brutoloon + Bedrag Toeslag 2' is set on object 'Object Repository/Page_eBlox Rapportering/Operation/Operation -Description'

2018-08-17 13:52:31 - [TEST_STEP][PASSED] - click: Object: 'Object Repository/Page_eBlox Rapportering/Operation/Formula 1' is clicked on

2018-08-17 13:52:32 - [MESSAGE][PASSED] - Object: 'Object Repository/Page_eBlox Rapportering/Operation/Formula 1' is clicked on

2018-08-17 13:52:32 - [TEST_STEP][PASSED] - setText: Text 'Brutoloon' is set on object 'Object Repository/Page_eBlox Rapportering/Operation/Fomula 1 input text'

2018-08-17 13:52:33 - [MESSAGE][PASSED] - Text 'Brutoloon' is set on object 'Object Repository/Page_eBlox Rapportering/Operation/Fomula 1 input text'

2018-08-17 13:52:33 - [TEST_STEP][PASSED] - sendKeys: Keys 'ENTER + ' sent to object: 'Object Repository/Page_eBlox Rapportering/Operation/Fomula 1 input text'

2018-08-17 13:52:33 - [MESSAGE][PASSED] - Keys 'ENTER + ' sent to object: 'Object Repository/Page_eBlox Rapportering/Operation/Fomula 1 input text'

2018-08-17 13:52:33 - [TEST_STEP][PASSED] - click: Object: 'Object Repository/Page_eBlox Rapportering/Operation/Formula 2' is clicked on

2018-08-17 13:52:33 - [MESSAGE][PASSED] - Object: 'Object Repository/Page_eBlox Rapportering/Operation/Formula 2' is clicked on

2018-08-17 13:52:33 - [TEST_STEP][PASSED] - setText: Text 'Bedrag Toeslag 1' is set on object 'Object Repository/Page_eBlox Rapportering/Operation/Formula 2 input text'

2018-08-17 13:52:34 - [MESSAGE][PASSED] - Text 'Bedrag Toeslag 1' is set on object 'Object Repository/Page_eBlox Rapportering/Operation/Formula 2 input text'

2018-08-17 13:52:34 - [TEST_STEP][PASSED] - sendKeys: Keys 'ENTER + ' sent to object: 'Object Repository/Page_eBlox Rapportering/Operation/Formula 2 input text'

2018-08-17 13:52:34 - [MESSAGE][PASSED] - Keys 'ENTER + ' sent to object: 'Object Repository/Page_eBlox Rapportering/Operation/Formula 2 input text'

2018-08-17 13:52:34 - [TEST_STEP][PASSED] - click: Object: 'Object Repository/Page_eBlox Rapportering/Operation/Operation - Sauvegarder button' is clicked on

2018-08-17 13:52:34 - [MESSAGE][PASSED] - Object: 'Object Repository/Page_eBlox Rapportering/Operation/Operation - Sauvegarder button' is clicked on

2018-08-17 13:52:34 - [TEST_STEP][PASSED] - click: Object: 'Object Repository/Page_eBlox Rapportering/Operation/Ajouter plus button operation' is clicked on

2018-08-17 13:52:35 - [MESSAGE][PASSED] - Object: 'Object Repository/Page_eBlox Rapportering/Operation/Ajouter plus button operation' is clicked on

2018-08-17 13:52:35 - [TEST_STEP][PASSED] - click: Object: 'Object Repository/Page_eBlox Rapportering/Operation/Operation - Conditon button' is clicked on

2018-08-17 13:52:35 - [MESSAGE][PASSED] - Object: 'Object Repository/Page_eBlox Rapportering/Operation/Operation - Conditon button' is clicked on

2018-08-17 13:52:35 - [TEST_STEP][FAILED] - click: Unable to click on object 'Object Repository/Page_eBlox Rapportering/Operation/Operation - Nouvelle condition' (Root cause: org.openqa.selenium.InvalidSelectorException: invalid selector: Unable to locate an element with the xpath expression  because of the following error:
SyntaxError: Failed to execute 'evaluate' on 'Document': The string '' is not a valid XPath expression.
  (Session info: chrome=68.0.3440.106)
  (Driver info: chromedriver=2.35.528161 (5b82f2d2aae0ca24b877009200ced9065a772e73),platform=Windows NT 10.0.16299 x86_64) (WARNING: The server did not provide any stacktrace information)
Command duration or timeout: 0 milliseconds
For documentation on this error, please visit: http://seleniumhq.org/exceptions/invalid_selector_exception.html
Build info: version: '3.7.1', revision: '8a0099a', time: '2017-11-06T21:07:36.161Z'
System info: host: '5CG7062KWD', ip: '10.136.82.127', os.name: 'Windows 10', os.arch: 'amd64', os.version: '10.0', java.version: '1.8.0_181'
Driver info: com.kms.katalon.selenium.driver.CChromeDriver
Capabilities {acceptInsecureCerts: false, acceptSslCerts: false, applicationCacheEnabled: false, browserConnectionEnabled: false, browserName: chrome, chrome: {chromedriverVersion: 2.35.528161 (5b82f2d2aae0ca..., userDataDir: C:\Users\SEEBOR~1\AppData\L...}, cssSelectorsEnabled: true, databaseEnabled: false, handlesAlerts: true, hasTouchScreen: false, javascriptEnabled: true, locationContextEnabled: true, mobileEmulationEnabled: false, nativeEvents: true, networkConnectionEnabled: false, pageLoadStrategy: normal, platform: XP, platformName: XP, rotatable: false, setWindowRect: true, takesHeapSnapshot: true, takesScreenshot: true, unexpectedAlertBehaviour: , unhandledPromptBehavior: , version: 68.0.3440.106, webStorageEnabled: true}
Session ID: 7fe370707d384abd9f471464126ec5df
*** Element info: {Using=xpath, value=})

2018-08-17 13:53:06 - [MESSAGE][FAILED] - Unable to click on object 'Object Repository/Page_eBlox Rapportering/Operation/Operation - Nouvelle condition' (Root cause: org.openqa.selenium.InvalidSelectorException: invalid selector: Unable to locate an element with the xpath expression  because of the following error:
SyntaxError: Failed to execute 'evaluate' on 'Document': The string '' is not a valid XPath expression.
  (Session info: chrome=68.0.3440.106)
  (Driver info: chromedriver=2.35.528161 (5b82f2d2aae0ca24b877009200ced9065a772e73),platform=Windows NT 10.0.16299 x86_64) (WARNING: The server did not provide any stacktrace information)
Command duration or timeout: 0 milliseconds
For documentation on this error, please visit: http://seleniumhq.org/exceptions/invalid_selector_exception.html
Build info: version: '3.7.1', revision: '8a0099a', time: '2017-11-06T21:07:36.161Z'
System info: host: '5CG7062KWD', ip: '10.136.82.127', os.name: 'Windows 10', os.arch: 'amd64', os.version: '10.0', java.version: '1.8.0_181'
Driver info: com.kms.katalon.selenium.driver.CChromeDriver
Capabilities {acceptInsecureCerts: false, acceptSslCerts: false, applicationCacheEnabled: false, browserConnectionEnabled: false, browserName: chrome, chrome: {chromedriverVersion: 2.35.528161 (5b82f2d2aae0ca..., userDataDir: C:\Users\SEEBOR~1\AppData\L...}, cssSelectorsEnabled: true, databaseEnabled: false, handlesAlerts: true, hasTouchScreen: false, javascriptEnabled: true, locationContextEnabled: true, mobileEmulationEnabled: false, nativeEvents: true, networkConnectionEnabled: false, pageLoadStrategy: normal, platform: XP, platformName: XP, rotatable: false, setWindowRect: true, takesHeapSnapshot: true, takesScreenshot: true, unexpectedAlertBehaviour: , unhandledPromptBehavior: , version: 68.0.3440.106, webStorageEnabled: true}
Session ID: 7fe370707d384abd9f471464126ec5df
*** Element info: {Using=xpath, value=})
[[ATTACHMENT|C:\\Users\\seeboruts\\OneDrive - SD Worx\\Desktop\\Katalon_eBlox_Reporting\\Reports\\testing\\New Test Suite\\20180817_132718\\1534499585892.png]]]]></system-out>
         <system-err><![CDATA[2018-08-17 13:51:26 - [TEST_CASE][FAILED] - Test Cases/New Folder/TC6 OPERATIONS: Test Cases/New Folder/TC6 OPERATIONS FAILED because (of) Unable to click on object 'Object Repository/Page_eBlox Rapportering/Operation/Operation - Nouvelle condition' (Root cause: org.openqa.selenium.InvalidSelectorException: invalid selector: Unable to locate an element with the xpath expression  because of the following error:
SyntaxError: Failed to execute 'evaluate' on 'Document': The string '' is not a valid XPath expression.
  (Session info: chrome=68.0.3440.106)
  (Driver info: chromedriver=2.35.528161 (5b82f2d2aae0ca24b877009200ced9065a772e73),platform=Windows NT 10.0.16299 x86_64) (WARNING: The server did not provide any stacktrace information)
Command duration or timeout: 0 milliseconds
For documentation on this error, please visit: http://seleniumhq.org/exceptions/invalid_selector_exception.html
Build info: version: '3.7.1', revision: '8a0099a', time: '2017-11-06T21:07:36.161Z'
System info: host: '5CG7062KWD', ip: '10.136.82.127', os.name: 'Windows 10', os.arch: 'amd64', os.version: '10.0', java.version: '1.8.0_181'
Driver info: com.kms.katalon.selenium.driver.CChromeDriver
Capabilities {acceptInsecureCerts: false, acceptSslCerts: false, applicationCacheEnabled: false, browserConnectionEnabled: false, browserName: chrome, chrome: {chromedriverVersion: 2.35.528161 (5b82f2d2aae0ca..., userDataDir: C:\Users\SEEBOR~1\AppData\L...}, cssSelectorsEnabled: true, databaseEnabled: false, handlesAlerts: true, hasTouchScreen: false, javascriptEnabled: true, locationContextEnabled: true, mobileEmulationEnabled: false, nativeEvents: true, networkConnectionEnabled: false, pageLoadStrategy: normal, platform: XP, platformName: XP, rotatable: false, setWindowRect: true, takesHeapSnapshot: true, takesScreenshot: true, unexpectedAlertBehaviour: , unhandledPromptBehavior: , version: 68.0.3440.106, webStorageEnabled: true}
Session ID: 7fe370707d384abd9f471464126ec5df
*** Element info: {Using=xpath, value=})]]></system-err>
      </testcase>
      <testcase name="Test Cases/New Folder/TC7 SELECTION" classname="Test Cases/New Folder/TC7 SELECTION" status="FAILED">
         <failure type="FAILED" message="Unable to click on object 'Object Repository/Page_eBlox Rapportering/Operation/Input condition for plus icon' (Root cause: com.kms.katalon.core.webui.exception.WebElementNotFoundException: Web element with id: 'Object Repository/Page_eBlox Rapportering/Operation/Input condition for plus icon' located by 'By.xpath: //div[@id='select2-drop']//div[@class='select2-search']//input[@role='combobox'][count(. | //input[@type = 'text' and @class = 'select2-input' and @role = 'combobox' and contains(@id, 's2id_autogen8_search') and @aria-autocomplete = 'list' and @autocomplete = 'off' and @autocorrect = 'off' and @spellcheck = 'false' and @aria-expanded = 'true' and @aria-owns = 'select2-results-8']) = count(//input[@type = 'text' and @class = 'select2-input' and @role = 'combobox' and contains(@id, 's2id_autogen8_search') and @aria-autocomplete = 'list' and @autocomplete = 'off' and @autocorrect = 'off' and @spellcheck = 'false' and @aria-expanded = 'true' and @aria-owns = 'select2-results-8'])]' not found)"/>
         <system-out><![CDATA[2018-08-17 13:53:06 - [TEST_CASE][FAILED] - Test Cases/New Folder/TC7 SELECTION: Test Cases/New Folder/TC7 SELECTION FAILED because (of) Unable to click on object 'Object Repository/Page_eBlox Rapportering/Operation/Input condition for plus icon' (Root cause: com.kms.katalon.core.webui.exception.WebElementNotFoundException: Web element with id: 'Object Repository/Page_eBlox Rapportering/Operation/Input condition for plus icon' located by 'By.xpath: //div[@id='select2-drop']//div[@class='select2-search']//input[@role='combobox'][count(. | //input[@type = 'text' and @class = 'select2-input' and @role = 'combobox' and contains(@id, 's2id_autogen8_search') and @aria-autocomplete = 'list' and @autocomplete = 'off' and @autocorrect = 'off' and @spellcheck = 'false' and @aria-expanded = 'true' and @aria-owns = 'select2-results-8']) = count(//input[@type = 'text' and @class = 'select2-input' and @role = 'combobox' and contains(@id, 's2id_autogen8_search') and @aria-autocomplete = 'list' and @autocomplete = 'off' and @autocorrect = 'off' and @spellcheck = 'false' and @aria-expanded = 'true' and @aria-owns = 'select2-results-8'])]' not found)

2018-08-17 13:53:06 - [TEST_STEP][PASSED] - callTestCase: Call Test Case 'Test Cases/Login/TC1 Login to Mysdworx' successfully

2018-08-17 13:53:06 - [TEST_CASE][PASSED] - Test Cases/Login/TC1 Login to Mysdworx: Test Cases/Login/TC1 Login to Mysdworx

2018-08-17 13:53:06 - [TEST_STEP][PASSED] - openBrowser: Browser is opened with url: ''

2018-08-17 13:53:06 - [MESSAGE][WARNING] - A browser is already opened. Closing browser and opening a new one

2018-08-17 13:53:09 - [MESSAGE][PASSED] - Browser is opened with url: ''

2018-08-17 13:53:09 - [TEST_STEP][PASSED] - navigateToUrl: Navigate to 'https://internet.acc.sd.dika.be/ebloxreporting/web.sensitive/main/?lang=fr' successfully

2018-08-17 13:53:14 - [MESSAGE][PASSED] - Navigate to 'https://internet.acc.sd.dika.be/ebloxreporting/web.sensitive/main/?lang=fr' successfully

2018-08-17 13:53:14 - [TEST_STEP][PASSED] - maximizeWindow: Current window maximized

2018-08-17 13:53:15 - [MESSAGE][PASSED] - Current window maximized

2018-08-17 13:53:15 - [TEST_STEP][PASSED] - setText: Text 'DP_EBLOX_RPP_VASCO' is set on object 'Object Repository/Page_mysdworx - Log in/input_Username'

2018-08-17 13:53:20 - [MESSAGE][PASSED] - Text 'DP_EBLOX_RPP_VASCO' is set on object 'Object Repository/Page_mysdworx - Log in/input_Username'

2018-08-17 13:53:20 - [TEST_STEP][PASSED] - Statement - frame = new javax.swing.JFrame(User Input Frame): null

2018-08-17 13:53:20 - [TEST_STEP][PASSED] - Statement - frame.requestFocus(): null

2018-08-17 13:53:20 - [TEST_STEP][PASSED] - Statement - pass = javax.swing.JOptionPane.showInputDialog(frame, "Enter the password from token!!"): null

2018-08-17 13:53:22 - [TEST_STEP][PASSED] - delay: Delayed 5 second(s)

2018-08-17 13:53:27 - [MESSAGE][PASSED] - Delayed 5 second(s)

2018-08-17 13:53:27 - [TEST_STEP][PASSED] - setText: Text '5515219' is set on object 'Object Repository/Page_mysdworx - Log in/input_Password'

2018-08-17 13:53:27 - [MESSAGE][PASSED] - Text '5515219' is set on object 'Object Repository/Page_mysdworx - Log in/input_Password'

2018-08-17 13:53:27 - [TEST_STEP][PASSED] - click: Object: 'Object Repository/Page_mysdworx - Log in/button_Se connecter' is clicked on

2018-08-17 13:53:27 - [MESSAGE][PASSED] - Object: 'Object Repository/Page_mysdworx - Log in/button_Se connecter' is clicked on

2018-08-17 13:53:27 - [TEST_STEP][PASSED] - waitForPageLoad: Wait for page load successfully

2018-08-17 13:53:27 - [MESSAGE][PASSED] - Wait for page load successfully

2018-08-17 13:53:27 - [TEST_STEP][NOT_RUN] - closeBrowser: NOT_RUN: closeBrowser

2018-08-17 13:53:27 - [MESSAGE][NOT_RUN] - NOT_RUN: closeBrowser

2018-08-17 13:53:27 - [MESSAGE][PASSED] - Call Test Case 'Test Cases/Login/TC1 Login to Mysdworx' successfully

2018-08-17 13:53:27 - [TEST_STEP][PASSED] - waitForPageLoad: Wait for page load successfully

2018-08-17 13:53:27 - [MESSAGE][PASSED] - Wait for page load successfully

2018-08-17 13:53:27 - [TEST_STEP][PASSED] - callTestCase: Call Test Case 'Test Cases/Select Language/TC1 Verify NL language' successfully

2018-08-17 13:53:27 - [TEST_CASE][PASSED] - Test Cases/Select Language/TC1 Verify NL language: Test Cases/Select Language/TC1 Verify NL language

2018-08-17 13:53:27 - [TEST_STEP][PASSED] - waitForElementClickable: Object 'Object Repository/Change language link Obj/NL_language' is clickable

2018-08-17 13:54:11 - [MESSAGE][PASSED] - Object 'Object Repository/Change language link Obj/NL_language' is clickable

2018-08-17 13:54:11 - [TEST_STEP][PASSED] - click: Object: 'Object Repository/Change language link Obj/NL_language' is clicked on

2018-08-17 13:54:16 - [MESSAGE][PASSED] - Object: 'Object Repository/Change language link Obj/NL_language' is clicked on

2018-08-17 13:54:16 - [TEST_STEP][PASSED] - waitForPageLoad: Wait for page load successfully

2018-08-17 13:54:16 - [MESSAGE][PASSED] - Wait for page load successfully

2018-08-17 13:54:16 - [MESSAGE][PASSED] - Call Test Case 'Test Cases/Select Language/TC1 Verify NL language' successfully

2018-08-17 13:54:16 - [TEST_STEP][PASSED] - setText: Text 'REG SELECTIE' is set on object 'Object Repository/Mes rapports Obj/input search filter'

2018-08-17 13:54:19 - [MESSAGE][PASSED] - Text 'REG SELECTIE' is set on object 'Object Repository/Mes rapports Obj/input search filter'

2018-08-17 13:54:19 - [TEST_STEP][NOT_RUN] - verifyTextPresent: NOT_RUN: verifyTextPresent

2018-08-17 13:54:19 - [MESSAGE][NOT_RUN] - NOT_RUN: verifyTextPresent

2018-08-17 13:54:19 - [TEST_STEP][PASSED] - click: Object: 'Object Repository/Mes rapports Obj/TESTING select a report' is clicked on

2018-08-17 13:54:19 - [MESSAGE][PASSED] - Object: 'Object Repository/Mes rapports Obj/TESTING select a report' is clicked on

2018-08-17 13:54:19 - [TEST_STEP][PASSED] - waitForPageLoad: Wait for page load successfully

2018-08-17 13:54:19 - [MESSAGE][PASSED] - Wait for page load successfully

2018-08-17 13:54:19 - [TEST_STEP][PASSED] - click: Object: 'Object Repository/Page_eBlox Rapportering/Definition' is clicked on

2018-08-17 13:54:20 - [MESSAGE][PASSED] - Object: 'Object Repository/Page_eBlox Rapportering/Definition' is clicked on

2018-08-17 13:54:20 - [TEST_STEP][PASSED] - waitForPageLoad: Wait for page load successfully

2018-08-17 13:54:21 - [MESSAGE][PASSED] - Wait for page load successfully

2018-08-17 13:54:21 - [TEST_STEP][PASSED] - click: Object: 'Object Repository/Page_eBlox Rapportering/Selection' is clicked on

2018-08-17 13:54:23 - [MESSAGE][PASSED] - Object: 'Object Repository/Page_eBlox Rapportering/Selection' is clicked on

2018-08-17 13:54:23 - [TEST_STEP][PASSED] - waitForPageLoad: Wait for page load successfully

2018-08-17 13:54:23 - [MESSAGE][PASSED] - Wait for page load successfully

2018-08-17 13:54:23 - [TEST_STEP][PASSED] - click: Object: 'Object Repository/Page_eBlox Rapportering/Operation/Conditions - Nom - plus icon' is clicked on

2018-08-17 13:54:25 - [MESSAGE][PASSED] - Object: 'Object Repository/Page_eBlox Rapportering/Operation/Conditions - Nom - plus icon' is clicked on

2018-08-17 13:54:25 - [TEST_STEP][PASSED] - delay: Delayed 2 second(s)

2018-08-17 13:54:27 - [MESSAGE][PASSED] - Delayed 2 second(s)

2018-08-17 13:54:27 - [TEST_STEP][FAILED] - click: Unable to click on object 'Object Repository/Page_eBlox Rapportering/Operation/Input condition for plus icon' (Root cause: com.kms.katalon.core.webui.exception.WebElementNotFoundException: Web element with id: 'Object Repository/Page_eBlox Rapportering/Operation/Input condition for plus icon' located by 'By.xpath: //div[@id='select2-drop']//div[@class='select2-search']//input[@role='combobox'][count(. | //input[@type = 'text' and @class = 'select2-input' and @role = 'combobox' and contains(@id, 's2id_autogen8_search') and @aria-autocomplete = 'list' and @autocomplete = 'off' and @autocorrect = 'off' and @spellcheck = 'false' and @aria-expanded = 'true' and @aria-owns = 'select2-results-8']) = count(//input[@type = 'text' and @class = 'select2-input' and @role = 'combobox' and contains(@id, 's2id_autogen8_search') and @aria-autocomplete = 'list' and @autocomplete = 'off' and @autocorrect = 'off' and @spellcheck = 'false' and @aria-expanded = 'true' and @aria-owns = 'select2-results-8'])]' not found)

2018-08-17 13:55:01 - [MESSAGE][FAILED] - Unable to click on object 'Object Repository/Page_eBlox Rapportering/Operation/Input condition for plus icon' (Root cause: com.kms.katalon.core.webui.exception.WebElementNotFoundException: Web element with id: 'Object Repository/Page_eBlox Rapportering/Operation/Input condition for plus icon' located by 'By.xpath: //div[@id='select2-drop']//div[@class='select2-search']//input[@role='combobox'][count(. | //input[@type = 'text' and @class = 'select2-input' and @role = 'combobox' and contains(@id, 's2id_autogen8_search') and @aria-autocomplete = 'list' and @autocomplete = 'off' and @autocorrect = 'off' and @spellcheck = 'false' and @aria-expanded = 'true' and @aria-owns = 'select2-results-8']) = count(//input[@type = 'text' and @class = 'select2-input' and @role = 'combobox' and contains(@id, 's2id_autogen8_search') and @aria-autocomplete = 'list' and @autocomplete = 'off' and @autocorrect = 'off' and @spellcheck = 'false' and @aria-expanded = 'true' and @aria-owns = 'select2-results-8'])]' not found)
[[ATTACHMENT|C:\\Users\\seeboruts\\OneDrive - SD Worx\\Desktop\\Katalon_eBlox_Reporting\\Reports\\testing\\New Test Suite\\20180817_132718\\1534499701076.png]]]]></system-out>
         <system-err><![CDATA[2018-08-17 13:53:06 - [TEST_CASE][FAILED] - Test Cases/New Folder/TC7 SELECTION: Test Cases/New Folder/TC7 SELECTION FAILED because (of) Unable to click on object 'Object Repository/Page_eBlox Rapportering/Operation/Input condition for plus icon' (Root cause: com.kms.katalon.core.webui.exception.WebElementNotFoundException: Web element with id: 'Object Repository/Page_eBlox Rapportering/Operation/Input condition for plus icon' located by 'By.xpath: //div[@id='select2-drop']//div[@class='select2-search']//input[@role='combobox'][count(. | //input[@type = 'text' and @class = 'select2-input' and @role = 'combobox' and contains(@id, 's2id_autogen8_search') and @aria-autocomplete = 'list' and @autocomplete = 'off' and @autocorrect = 'off' and @spellcheck = 'false' and @aria-expanded = 'true' and @aria-owns = 'select2-results-8']) = count(//input[@type = 'text' and @class = 'select2-input' and @role = 'combobox' and contains(@id, 's2id_autogen8_search') and @aria-autocomplete = 'list' and @autocomplete = 'off' and @autocorrect = 'off' and @spellcheck = 'false' and @aria-expanded = 'true' and @aria-owns = 'select2-results-8'])]' not found)]]></system-err>
      </testcase>
      <testcase name="Test Cases/New Folder/TC8 EXPORT" classname="Test Cases/New Folder/TC8 EXPORT" status="FAILED">
         <failure type="FAILED" message="Unable to click on object 'Object Repository/Change language link Obj/NL_language' (Root cause: com.kms.katalon.core.webui.exception.WebElementNotFoundException: Web element with id: 'Object Repository/Change language link Obj/NL_language' located by 'By.xpath: id(&quot;navbar-anchor&quot;)/div[@class=&quot;nav nav-navbar&quot;]/div[@class=&quot;user-info navbar-right hidden-xs&quot;]/div[@class=&quot;user-actions&quot;]/rapp-language-switcher[@class=&quot;ng-isolate-scope&quot;]/ul[@class=&quot;list-inline list-unstyled lang&quot;]/li[@class=&quot;ng-scope&quot;]/a[@class=&quot;ng-binding&quot;][count(. | //a[@ng-click = 'changeLanguageVm.switchPageToLanguage(lang)' and (text() = '
            NL   
        ' or . = '
            NL   
        ')]) = count(//a[@ng-click = 'changeLanguageVm.switchPageToLanguage(lang)' and (text() = '
            NL   
        ' or . = '
            NL   
        ')])]' not found)"/>
         <system-out><![CDATA[2018-08-17 13:55:01 - [TEST_CASE][FAILED] - Test Cases/New Folder/TC8 EXPORT: Test Cases/New Folder/TC8 EXPORT FAILED because (of) Unable to click on object 'Object Repository/Change language link Obj/NL_language' (Root cause: com.kms.katalon.core.webui.exception.WebElementNotFoundException: Web element with id: 'Object Repository/Change language link Obj/NL_language' located by 'By.xpath: id("navbar-anchor")/div[@class="nav nav-navbar"]/div[@class="user-info navbar-right hidden-xs"]/div[@class="user-actions"]/rapp-language-switcher[@class="ng-isolate-scope"]/ul[@class="list-inline list-unstyled lang"]/li[@class="ng-scope"]/a[@class="ng-binding"][count(. | //a[@ng-click = 'changeLanguageVm.switchPageToLanguage(lang)' and (text() = '
            NL   
        ' or . = '
            NL   
        ')]) = count(//a[@ng-click = 'changeLanguageVm.switchPageToLanguage(lang)' and (text() = '
            NL   
        ' or . = '
            NL   
        ')])]' not found)

2018-08-17 13:55:01 - [TEST_STEP][PASSED] - callTestCase: Call Test Case 'Test Cases/Login/TC1 Login to Mysdworx' successfully

2018-08-17 13:55:01 - [TEST_CASE][PASSED] - Test Cases/Login/TC1 Login to Mysdworx: Test Cases/Login/TC1 Login to Mysdworx

2018-08-17 13:55:01 - [TEST_STEP][PASSED] - openBrowser: Browser is opened with url: ''

2018-08-17 13:55:01 - [MESSAGE][WARNING] - A browser is already opened. Closing browser and opening a new one

2018-08-17 13:55:04 - [MESSAGE][PASSED] - Browser is opened with url: ''

2018-08-17 13:55:04 - [TEST_STEP][PASSED] - navigateToUrl: Navigate to 'https://internet.acc.sd.dika.be/ebloxreporting/web.sensitive/main/?lang=fr' successfully

2018-08-17 13:55:17 - [MESSAGE][PASSED] - Navigate to 'https://internet.acc.sd.dika.be/ebloxreporting/web.sensitive/main/?lang=fr' successfully

2018-08-17 13:55:17 - [TEST_STEP][PASSED] - maximizeWindow: Current window maximized

2018-08-17 13:55:18 - [MESSAGE][PASSED] - Current window maximized

2018-08-17 13:55:18 - [TEST_STEP][PASSED] - setText: Text 'DP_EBLOX_RPP_VASCO' is set on object 'Object Repository/Page_mysdworx - Log in/input_Username'

2018-08-17 13:56:28 - [MESSAGE][PASSED] - Text 'DP_EBLOX_RPP_VASCO' is set on object 'Object Repository/Page_mysdworx - Log in/input_Username'

2018-08-17 13:56:28 - [TEST_STEP][PASSED] - Statement - frame = new javax.swing.JFrame(User Input Frame): null

2018-08-17 13:56:28 - [TEST_STEP][PASSED] - Statement - frame.requestFocus(): null

2018-08-17 13:56:28 - [TEST_STEP][PASSED] - Statement - pass = javax.swing.JOptionPane.showInputDialog(frame, "Enter the password from token!!"): null

2018-08-17 13:56:41 - [TEST_STEP][PASSED] - delay: Delayed 5 second(s)

2018-08-17 13:56:46 - [MESSAGE][PASSED] - Delayed 5 second(s)

2018-08-17 13:56:46 - [TEST_STEP][PASSED] - setText: Text '544169' is set on object 'Object Repository/Page_mysdworx - Log in/input_Password'

2018-08-17 13:56:46 - [MESSAGE][PASSED] - Text '544169' is set on object 'Object Repository/Page_mysdworx - Log in/input_Password'

2018-08-17 13:56:46 - [TEST_STEP][PASSED] - click: Object: 'Object Repository/Page_mysdworx - Log in/button_Se connecter' is clicked on

2018-08-17 13:56:46 - [MESSAGE][PASSED] - Object: 'Object Repository/Page_mysdworx - Log in/button_Se connecter' is clicked on

2018-08-17 13:56:46 - [TEST_STEP][PASSED] - waitForPageLoad: Wait for page load successfully

2018-08-17 13:56:46 - [MESSAGE][PASSED] - Wait for page load successfully

2018-08-17 13:56:46 - [TEST_STEP][NOT_RUN] - closeBrowser: NOT_RUN: closeBrowser

2018-08-17 13:56:46 - [MESSAGE][NOT_RUN] - NOT_RUN: closeBrowser

2018-08-17 13:56:46 - [MESSAGE][PASSED] - Call Test Case 'Test Cases/Login/TC1 Login to Mysdworx' successfully

2018-08-17 13:56:46 - [TEST_STEP][FAILED] - callTestCase: Unable to call Test Case with id 'Test Cases/Select Language/TC1 Verify NL language' (Root cause: Call Test Case 'Test Cases/Select Language/TC1 Verify NL language' failed)

2018-08-17 13:56:46 - [TEST_CASE][FAILED] - Test Cases/Select Language/TC1 Verify NL language: Test Cases/Select Language/TC1 Verify NL language FAILED because (of) Unable to click on object 'Object Repository/Change language link Obj/NL_language' (Root cause: com.kms.katalon.core.webui.exception.WebElementNotFoundException: Web element with id: 'Object Repository/Change language link Obj/NL_language' located by 'By.xpath: id("navbar-anchor")/div[@class="nav nav-navbar"]/div[@class="user-info navbar-right hidden-xs"]/div[@class="user-actions"]/rapp-language-switcher[@class="ng-isolate-scope"]/ul[@class="list-inline list-unstyled lang"]/li[@class="ng-scope"]/a[@class="ng-binding"][count(. | //a[@ng-click = 'changeLanguageVm.switchPageToLanguage(lang)' and (text() = '
            NL   
        ' or . = '
            NL   
        ')]) = count(//a[@ng-click = 'changeLanguageVm.switchPageToLanguage(lang)' and (text() = '
            NL   
        ' or . = '
            NL   
        ')])]' not found)

2018-08-17 13:56:47 - [TEST_STEP][PASSED] - waitForElementClickable: Web element with id: 'Object Repository/Change language link Obj/NL_language' located by 'By.xpath: id("navbar-anchor")/div[@class="nav nav-navbar"]/div[@class="user-info navbar-right hidden-xs"]/div[@class="user-actions"]/rapp-language-switcher[@class="ng-isolate-scope"]/ul[@class="list-inline list-unstyled lang"]/li[@class="ng-scope"]/a[@class="ng-binding"][count(. | //a[@ng-click = 'changeLanguageVm.switchPageToLanguage(lang)' and (text() = '
            NL   
        ' or . = '
            NL   
        ')]) = count(//a[@ng-click = 'changeLanguageVm.switchPageToLanguage(lang)' and (text() = '
            NL   
        ' or . = '
            NL   
        ')])]' not found

2018-08-17 13:57:39 - [MESSAGE][WARNING] - Web element with id: 'Object Repository/Change language link Obj/NL_language' located by 'By.xpath: id("navbar-anchor")/div[@class="nav nav-navbar"]/div[@class="user-info navbar-right hidden-xs"]/div[@class="user-actions"]/rapp-language-switcher[@class="ng-isolate-scope"]/ul[@class="list-inline list-unstyled lang"]/li[@class="ng-scope"]/a[@class="ng-binding"][count(. | //a[@ng-click = 'changeLanguageVm.switchPageToLanguage(lang)' and (text() = '
            NL   
        ' or . = '
            NL   
        ')]) = count(//a[@ng-click = 'changeLanguageVm.switchPageToLanguage(lang)' and (text() = '
            NL   
        ' or . = '
            NL   
        ')])]' not found

2018-08-17 13:57:39 - [TEST_STEP][FAILED] - click: Unable to click on object 'Object Repository/Change language link Obj/NL_language' (Root cause: com.kms.katalon.core.webui.exception.WebElementNotFoundException: Web element with id: 'Object Repository/Change language link Obj/NL_language' located by 'By.xpath: id("navbar-anchor")/div[@class="nav nav-navbar"]/div[@class="user-info navbar-right hidden-xs"]/div[@class="user-actions"]/rapp-language-switcher[@class="ng-isolate-scope"]/ul[@class="list-inline list-unstyled lang"]/li[@class="ng-scope"]/a[@class="ng-binding"][count(. | //a[@ng-click = 'changeLanguageVm.switchPageToLanguage(lang)' and (text() = '
            NL   
        ' or . = '
            NL   
        ')]) = count(//a[@ng-click = 'changeLanguageVm.switchPageToLanguage(lang)' and (text() = '
            NL   
        ' or . = '
            NL   
        ')])]' not found)

2018-08-17 13:58:10 - [MESSAGE][FAILED] - Unable to click on object 'Object Repository/Change language link Obj/NL_language' (Root cause: com.kms.katalon.core.webui.exception.WebElementNotFoundException: Web element with id: 'Object Repository/Change language link Obj/NL_language' located by 'By.xpath: id("navbar-anchor")/div[@class="nav nav-navbar"]/div[@class="user-info navbar-right hidden-xs"]/div[@class="user-actions"]/rapp-language-switcher[@class="ng-isolate-scope"]/ul[@class="list-inline list-unstyled lang"]/li[@class="ng-scope"]/a[@class="ng-binding"][count(. | //a[@ng-click = 'changeLanguageVm.switchPageToLanguage(lang)' and (text() = '
            NL   
        ' or . = '
            NL   
        ')]) = count(//a[@ng-click = 'changeLanguageVm.switchPageToLanguage(lang)' and (text() = '
            NL   
        ' or . = '
            NL   
        ')])]' not found)
[[ATTACHMENT|C:\\Users\\seeboruts\\OneDrive - SD Worx\\Desktop\\Katalon_eBlox_Reporting\\Reports\\testing\\New Test Suite\\20180817_132718\\1534499890201.png]]

2018-08-17 13:58:10 - [MESSAGE][FAILED] - Unable to call Test Case with id 'Test Cases/Select Language/TC1 Verify NL language' (Root cause: Call Test Case 'Test Cases/Select Language/TC1 Verify NL language' failed)]]></system-out>
         <system-err><![CDATA[2018-08-17 13:55:01 - [TEST_CASE][FAILED] - Test Cases/New Folder/TC8 EXPORT: Test Cases/New Folder/TC8 EXPORT FAILED because (of) Unable to click on object 'Object Repository/Change language link Obj/NL_language' (Root cause: com.kms.katalon.core.webui.exception.WebElementNotFoundException: Web element with id: 'Object Repository/Change language link Obj/NL_language' located by 'By.xpath: id("navbar-anchor")/div[@class="nav nav-navbar"]/div[@class="user-info navbar-right hidden-xs"]/div[@class="user-actions"]/rapp-language-switcher[@class="ng-isolate-scope"]/ul[@class="list-inline list-unstyled lang"]/li[@class="ng-scope"]/a[@class="ng-binding"][count(. | //a[@ng-click = 'changeLanguageVm.switchPageToLanguage(lang)' and (text() = '
            NL   
        ' or . = '
            NL   
        ')]) = count(//a[@ng-click = 'changeLanguageVm.switchPageToLanguage(lang)' and (text() = '
            NL   
        ' or . = '
            NL   
        ')])]' not found)]]></system-err>
      </testcase>
      <testcase name="Test Cases/New Folder/TC9 HISTORIC WITH" classname="Test Cases/New Folder/TC9 HISTORIC WITH" status="FAILED">
         <failure type="FAILED" message="Unable to send keys '' to object 'Object Repository/Mes rapports Obj/EXECUTION/Berekende gegevens - looncode komt voor in' (Root cause: com.kms.katalon.core.webui.exception.WebElementNotFoundException: Web element with id: 'Object Repository/Mes rapports Obj/EXECUTION/Berekende gegevens - looncode komt voor in' located by 'By.xpath: //*[@id=&quot;s2id_autogen12&quot;][count(. | //input[@type = 'text' and @class = 'select2-input' and contains(@id, 's2id_autogen')]) = count(//input[@type = 'text' and @class = 'select2-input' and contains(@id, 's2id_autogen')])]' not found)"/>
         <system-out><![CDATA[2018-08-17 13:58:10 - [TEST_CASE][FAILED] - Test Cases/New Folder/TC9 HISTORIC WITH: Test Cases/New Folder/TC9 HISTORIC WITH FAILED because (of) Unable to send keys '' to object 'Object Repository/Mes rapports Obj/EXECUTION/Berekende gegevens - looncode komt voor in' (Root cause: com.kms.katalon.core.webui.exception.WebElementNotFoundException: Web element with id: 'Object Repository/Mes rapports Obj/EXECUTION/Berekende gegevens - looncode komt voor in' located by 'By.xpath: //*[@id="s2id_autogen12"][count(. | //input[@type = 'text' and @class = 'select2-input' and contains(@id, 's2id_autogen')]) = count(//input[@type = 'text' and @class = 'select2-input' and contains(@id, 's2id_autogen')])]' not found)

2018-08-17 13:58:10 - [TEST_STEP][PASSED] - callTestCase: Call Test Case 'Test Cases/Login/TC1 Login to Mysdworx' successfully

2018-08-17 13:58:10 - [TEST_CASE][PASSED] - Test Cases/Login/TC1 Login to Mysdworx: Test Cases/Login/TC1 Login to Mysdworx

2018-08-17 13:58:10 - [TEST_STEP][PASSED] - openBrowser: Browser is opened with url: ''

2018-08-17 13:58:10 - [MESSAGE][WARNING] - A browser is already opened. Closing browser and opening a new one

2018-08-17 13:58:13 - [MESSAGE][PASSED] - Browser is opened with url: ''

2018-08-17 13:58:13 - [TEST_STEP][PASSED] - navigateToUrl: Navigate to 'https://internet.acc.sd.dika.be/ebloxreporting/web.sensitive/main/?lang=fr' successfully

2018-08-17 13:58:18 - [MESSAGE][PASSED] - Navigate to 'https://internet.acc.sd.dika.be/ebloxreporting/web.sensitive/main/?lang=fr' successfully

2018-08-17 13:58:18 - [TEST_STEP][PASSED] - maximizeWindow: Current window maximized

2018-08-17 13:58:19 - [MESSAGE][PASSED] - Current window maximized

2018-08-17 13:58:19 - [TEST_STEP][PASSED] - setText: Text 'DP_EBLOX_RPP_VASCO' is set on object 'Object Repository/Page_mysdworx - Log in/input_Username'

2018-08-17 13:58:25 - [MESSAGE][PASSED] - Text 'DP_EBLOX_RPP_VASCO' is set on object 'Object Repository/Page_mysdworx - Log in/input_Username'

2018-08-17 13:58:25 - [TEST_STEP][PASSED] - Statement - frame = new javax.swing.JFrame(User Input Frame): null

2018-08-17 13:58:25 - [TEST_STEP][PASSED] - Statement - frame.requestFocus(): null

2018-08-17 13:58:25 - [TEST_STEP][PASSED] - Statement - pass = javax.swing.JOptionPane.showInputDialog(frame, "Enter the password from token!!"): null

2018-08-17 13:58:41 - [TEST_STEP][PASSED] - delay: Delayed 5 second(s)

2018-08-17 13:58:46 - [MESSAGE][PASSED] - Delayed 5 second(s)

2018-08-17 13:58:46 - [TEST_STEP][PASSED] - setText: Text '688303' is set on object 'Object Repository/Page_mysdworx - Log in/input_Password'

2018-08-17 13:58:46 - [MESSAGE][PASSED] - Text '688303' is set on object 'Object Repository/Page_mysdworx - Log in/input_Password'

2018-08-17 13:58:46 - [TEST_STEP][PASSED] - click: Object: 'Object Repository/Page_mysdworx - Log in/button_Se connecter' is clicked on

2018-08-17 13:58:46 - [MESSAGE][PASSED] - Object: 'Object Repository/Page_mysdworx - Log in/button_Se connecter' is clicked on

2018-08-17 13:58:46 - [TEST_STEP][PASSED] - waitForPageLoad: Wait for page load successfully

2018-08-17 13:58:46 - [MESSAGE][PASSED] - Wait for page load successfully

2018-08-17 13:58:46 - [TEST_STEP][NOT_RUN] - closeBrowser: NOT_RUN: closeBrowser

2018-08-17 13:58:46 - [MESSAGE][NOT_RUN] - NOT_RUN: closeBrowser

2018-08-17 13:58:46 - [MESSAGE][PASSED] - Call Test Case 'Test Cases/Login/TC1 Login to Mysdworx' successfully

2018-08-17 13:58:46 - [TEST_STEP][PASSED] - waitForPageLoad: Wait for page load successfully

2018-08-17 13:58:46 - [MESSAGE][PASSED] - Wait for page load successfully

2018-08-17 13:58:46 - [TEST_STEP][PASSED] - callTestCase: Call Test Case 'Test Cases/Select Language/TC1 Verify NL language' successfully

2018-08-17 13:58:46 - [TEST_CASE][PASSED] - Test Cases/Select Language/TC1 Verify NL language: Test Cases/Select Language/TC1 Verify NL language

2018-08-17 13:58:46 - [TEST_STEP][PASSED] - waitForElementClickable: Object 'Object Repository/Change language link Obj/NL_language' is clickable

2018-08-17 13:59:15 - [MESSAGE][PASSED] - Object 'Object Repository/Change language link Obj/NL_language' is clickable

2018-08-17 13:59:15 - [TEST_STEP][PASSED] - click: Object: 'Object Repository/Change language link Obj/NL_language' is clicked on

2018-08-17 13:59:25 - [MESSAGE][PASSED] - Object: 'Object Repository/Change language link Obj/NL_language' is clicked on

2018-08-17 13:59:25 - [TEST_STEP][PASSED] - waitForPageLoad: Wait for page load successfully

2018-08-17 13:59:25 - [MESSAGE][PASSED] - Wait for page load successfully

2018-08-17 13:59:25 - [MESSAGE][PASSED] - Call Test Case 'Test Cases/Select Language/TC1 Verify NL language' successfully

2018-08-17 13:59:25 - [TEST_STEP][PASSED] - waitForPageLoad: Wait for page load successfully

2018-08-17 13:59:25 - [MESSAGE][PASSED] - Wait for page load successfully

2018-08-17 13:59:25 - [TEST_STEP][PASSED] - callTestCase: Call Test Case 'Test Cases/Mes rapports/Main Page/TC Verify Mes rapports tab' successfully

2018-08-17 13:59:25 - [TEST_CASE][PASSED] - Test Cases/Mes rapports/Main Page/TC Verify Mes rapports tab: Test Cases/Mes rapports/Main Page/TC Verify Mes rapports tab

2018-08-17 13:59:25 - [TEST_STEP][PASSED] - click: Object: 'Object Repository/Mes rapports Obj/Mes rapports_tab' is clicked on

2018-08-17 13:59:25 - [MESSAGE][PASSED] - Object: 'Object Repository/Mes rapports Obj/Mes rapports_tab' is clicked on

2018-08-17 13:59:25 - [MESSAGE][PASSED] - Call Test Case 'Test Cases/Mes rapports/Main Page/TC Verify Mes rapports tab' successfully

2018-08-17 13:59:25 - [TEST_STEP][PASSED] - setText: Text 'REG HIST GROEP' is set on object 'Object Repository/Mes rapports Obj/input search filter'

2018-08-17 13:59:30 - [MESSAGE][PASSED] - Text 'REG HIST GROEP' is set on object 'Object Repository/Mes rapports Obj/input search filter'

2018-08-17 13:59:30 - [TEST_STEP][PASSED] - click: Object: 'Object Repository/Page_eBlox Reporting/Search_Icon' is clicked on

2018-08-17 13:59:30 - [MESSAGE][PASSED] - Object: 'Object Repository/Page_eBlox Reporting/Search_Icon' is clicked on

2018-08-17 13:59:30 - [TEST_STEP][PASSED] - Statement - myTestObject = new com.kms.katalon.core.testobject.TestObject(Select_report): null

2018-08-17 13:59:30 - [TEST_STEP][PASSED] - Statement - myTestObject.addProperty("xpath", EQUALS, "//a[@class='hide-on-hover']//span[@text='REG HIST GROEP']"): null

2018-08-17 13:59:30 - [TEST_STEP][PASSED] - click: Object: 'Select_report' is clicked on

2018-08-17 13:59:31 - [MESSAGE][PASSED] - Object: 'Select_report' is clicked on

2018-08-17 13:59:31 - [TEST_STEP][PASSED] - waitForPageLoad: Wait for page load successfully

2018-08-17 13:59:31 - [MESSAGE][PASSED] - Wait for page load successfully

2018-08-17 13:59:31 - [TEST_STEP][PASSED] - Statement - myDonneeCalculees1 = com.kms.katalon.core.webui.keyword.WebUiBuiltInKeywords.modifyObjectProperty(com.kms.katalon.core.testobject.ObjectRepository.findTestObject(Mes rapports Obj/EXECUTION/Berekende gegevens - looncode komt voor in), "id", "contains", "s2id_autogen", true): Modify property of object successfully

2018-08-17 13:59:31 - [MESSAGE][PASSED] - Modify property of object successfully

2018-08-17 13:59:31 - [TEST_STEP][PASSED] - Statement - myDonneeCalculees2 = com.kms.katalon.core.webui.keyword.WebUiBuiltInKeywords.modifyObjectProperty(com.kms.katalon.core.testobject.ObjectRepository.findTestObject(Mes rapports Obj/EXECUTION/Berekende gegevens - looncode komt voor in), "id", "contains", "s2id_autogen", true): Modify property of object successfully

2018-08-17 13:59:31 - [MESSAGE][PASSED] - Modify property of object successfully

2018-08-17 13:59:31 - [TEST_STEP][PASSED] - click: Object: 'Object Repository/Mes rapports Obj/EXECUTION/Berekende gegevens - looncode komt voor in' is clicked on

2018-08-17 13:59:33 - [MESSAGE][PASSED] - Object: 'Object Repository/Mes rapports Obj/EXECUTION/Berekende gegevens - looncode komt voor in' is clicked on

2018-08-17 13:59:33 - [TEST_STEP][PASSED] - Statement - myDonneeCalculees = new com.kms.katalon.core.testobject.TestObject(Select_donnee): null

2018-08-17 13:59:33 - [TEST_STEP][PASSED] - Statement - myDonneeCalculees.addProperty("xpath", EQUALS, "//div[@id='select2-drop']//ul[@class='select2-results']//li[@role='presentation']//div[contains(text(),'(alle looncodes)')]"): null

2018-08-17 13:59:33 - [TEST_STEP][PASSED] - click: Object: 'Select_donnee' is clicked on

2018-08-17 13:59:34 - [MESSAGE][PASSED] - Object: 'Select_donnee' is clicked on

2018-08-17 13:59:34 - [TEST_STEP][FAILED] - sendKeys: Unable to send keys '' to object 'Object Repository/Mes rapports Obj/EXECUTION/Berekende gegevens - looncode komt voor in' (Root cause: com.kms.katalon.core.webui.exception.WebElementNotFoundException: Web element with id: 'Object Repository/Mes rapports Obj/EXECUTION/Berekende gegevens - looncode komt voor in' located by 'By.xpath: //*[@id="s2id_autogen12"][count(. | //input[@type = 'text' and @class = 'select2-input' and contains(@id, 's2id_autogen')]) = count(//input[@type = 'text' and @class = 'select2-input' and contains(@id, 's2id_autogen')])]' not found)

2018-08-17 14:00:06 - [MESSAGE][FAILED] - Unable to send keys '' to object 'Object Repository/Mes rapports Obj/EXECUTION/Berekende gegevens - looncode komt voor in' (Root cause: com.kms.katalon.core.webui.exception.WebElementNotFoundException: Web element with id: 'Object Repository/Mes rapports Obj/EXECUTION/Berekende gegevens - looncode komt voor in' located by 'By.xpath: //*[@id="s2id_autogen12"][count(. | //input[@type = 'text' and @class = 'select2-input' and contains(@id, 's2id_autogen')]) = count(//input[@type = 'text' and @class = 'select2-input' and contains(@id, 's2id_autogen')])]' not found)
[[ATTACHMENT|C:\\Users\\seeboruts\\OneDrive - SD Worx\\Desktop\\Katalon_eBlox_Reporting\\Reports\\testing\\New Test Suite\\20180817_132718\\1534500006158.png]]]]></system-out>
         <system-err><![CDATA[2018-08-17 13:58:10 - [TEST_CASE][FAILED] - Test Cases/New Folder/TC9 HISTORIC WITH: Test Cases/New Folder/TC9 HISTORIC WITH FAILED because (of) Unable to send keys '' to object 'Object Repository/Mes rapports Obj/EXECUTION/Berekende gegevens - looncode komt voor in' (Root cause: com.kms.katalon.core.webui.exception.WebElementNotFoundException: Web element with id: 'Object Repository/Mes rapports Obj/EXECUTION/Berekende gegevens - looncode komt voor in' located by 'By.xpath: //*[@id="s2id_autogen12"][count(. | //input[@type = 'text' and @class = 'select2-input' and contains(@id, 's2id_autogen')]) = count(//input[@type = 'text' and @class = 'select2-input' and contains(@id, 's2id_autogen')])]' not found)]]></system-err>
      </testcase>
      <system-out><![CDATA[2018-08-17 13:27:20 - [TEST_SUITE][FAILED] - New Test Suite: Test Cases/New Folder/TC1 LANGUAGE FAILED because (of) Unable to set text 'test to delete' of object 'Object Repository/Mes rapports Obj/input search filter' (Root cause: org.openqa.selenium.InvalidSelectorException: invalid selector: Unable to locate an element with the xpath expression  because of the following error:
SyntaxError: Failed to execute 'evaluate' on 'Document': The string '' is not a valid XPath expression.
  (Session info: chrome=68.0.3440.106)
  (Driver info: chromedriver=2.35.528161 (5b82f2d2aae0ca24b877009200ced9065a772e73),platform=Windows NT 10.0.16299 x86_64) (WARNING: The server did not provide any stacktrace information)
Command duration or timeout: 0 milliseconds
For documentation on this error, please visit: http://seleniumhq.org/exceptions/invalid_selector_exception.html
Build info: version: '3.7.1', revision: '8a0099a', time: '2017-11-06T21:07:36.161Z'
System info: host: '5CG7062KWD', ip: '10.136.82.127', os.name: 'Windows 10', os.arch: 'amd64', os.version: '10.0', java.version: '1.8.0_181'
Driver info: com.kms.katalon.selenium.driver.CChromeDriver
Capabilities {acceptInsecureCerts: false, acceptSslCerts: false, applicationCacheEnabled: false, browserConnectionEnabled: false, browserName: chrome, chrome: {chromedriverVersion: 2.35.528161 (5b82f2d2aae0ca..., userDataDir: C:\Users\SEEBOR~1\AppData\L...}, cssSelectorsEnabled: true, databaseEnabled: false, handlesAlerts: true, hasTouchScreen: false, javascriptEnabled: true, locationContextEnabled: true, mobileEmulationEnabled: false, nativeEvents: true, networkConnectionEnabled: false, pageLoadStrategy: normal, platform: XP, platformName: XP, rotatable: false, setWindowRect: true, takesHeapSnapshot: true, takesScreenshot: true, unexpectedAlertBehaviour: , unhandledPromptBehavior: , version: 68.0.3440.106, webStorageEnabled: true}
Session ID: 47062c5a8e95502431c3886e02aa6c50
*** Element info: {Using=xpath, value=})]]></system-out>
      <system-err><![CDATA[2018-08-17 13:27:20 - [TEST_SUITE][FAILED] - New Test Suite: Test Cases/New Folder/TC1 LANGUAGE FAILED because (of) Unable to set text 'test to delete' of object 'Object Repository/Mes rapports Obj/input search filter' (Root cause: org.openqa.selenium.InvalidSelectorException: invalid selector: Unable to locate an element with the xpath expression  because of the following error:
SyntaxError: Failed to execute 'evaluate' on 'Document': The string '' is not a valid XPath expression.
  (Session info: chrome=68.0.3440.106)
  (Driver info: chromedriver=2.35.528161 (5b82f2d2aae0ca24b877009200ced9065a772e73),platform=Windows NT 10.0.16299 x86_64) (WARNING: The server did not provide any stacktrace information)
Command duration or timeout: 0 milliseconds
For documentation on this error, please visit: http://seleniumhq.org/exceptions/invalid_selector_exception.html
Build info: version: '3.7.1', revision: '8a0099a', time: '2017-11-06T21:07:36.161Z'
System info: host: '5CG7062KWD', ip: '10.136.82.127', os.name: 'Windows 10', os.arch: 'amd64', os.version: '10.0', java.version: '1.8.0_181'
Driver info: com.kms.katalon.selenium.driver.CChromeDriver
Capabilities {acceptInsecureCerts: false, acceptSslCerts: false, applicationCacheEnabled: false, browserConnectionEnabled: false, browserName: chrome, chrome: {chromedriverVersion: 2.35.528161 (5b82f2d2aae0ca..., userDataDir: C:\Users\SEEBOR~1\AppData\L...}, cssSelectorsEnabled: true, databaseEnabled: false, handlesAlerts: true, hasTouchScreen: false, javascriptEnabled: true, locationContextEnabled: true, mobileEmulationEnabled: false, nativeEvents: true, networkConnectionEnabled: false, pageLoadStrategy: normal, platform: XP, platformName: XP, rotatable: false, setWindowRect: true, takesHeapSnapshot: true, takesScreenshot: true, unexpectedAlertBehaviour: , unhandledPromptBehavior: , version: 68.0.3440.106, webStorageEnabled: true}
Session ID: 47062c5a8e95502431c3886e02aa6c50
*** Element info: {Using=xpath, value=})]]></system-err>
   </testsuite>
</testsuites>
