<?xml version="1.0" encoding="UTF-8"?>
<testsuites name="Demo" time="1813" tests="8" failures="6" errors="1">
   <testsuite name="Demo" tests="8" failures="6" errors="1" time="1813" timestamp="2018-09-04 09:45:20" hostname="SEEBORUTS - 5CG7062KWD.SD.DIKA.BE" id="Test Suites/testing/Demo">
      <properties>
         <property name="deviceName" value=""/>
         <property name="devicePlatform" value=""/>
         <property name="logFolder" value="C:\\Users\\seeboruts\\OneDrive - SD Worx\\Desktop\\Katalon_eBlox_Reporting\\Reports\\testing\\Demo\\20180904_094517"/>
         <property name="logFiles" value="C:\\Users\\seeboruts\\OneDrive - SD Worx\\Desktop\\Katalon_eBlox_Reporting\\Reports\\testing\\Demo\\20180904_094517\\execution0.log"/>
         <property name="attachments" value="C:\\Users\\seeboruts\\OneDrive - SD Worx\\Desktop\\Katalon_eBlox_Reporting\\Reports\\testing\\Demo\\20180904_094517\\1536040113938.png, C:\\Users\\seeboruts\\OneDrive - SD Worx\\Desktop\\Katalon_eBlox_Reporting\\Reports\\testing\\Demo\\20180904_094517\\1536040430883.png, C:\\Users\\seeboruts\\OneDrive - SD Worx\\Desktop\\Katalon_eBlox_Reporting\\Reports\\testing\\Demo\\20180904_094517\\1536040628045.png, C:\\Users\\seeboruts\\OneDrive - SD Worx\\Desktop\\Katalon_eBlox_Reporting\\Reports\\testing\\Demo\\20180904_094517\\1536041171231.png, C:\\Users\\seeboruts\\OneDrive - SD Worx\\Desktop\\Katalon_eBlox_Reporting\\Reports\\testing\\Demo\\20180904_094517\\1536041287910.png, C:\\Users\\seeboruts\\OneDrive - SD Worx\\Desktop\\Katalon_eBlox_Reporting\\Reports\\testing\\Demo\\20180904_094517\\1536041473219.png"/>
         <property name="hostName" value="SEEBORUTS - 5CG7062KWD.SD.DIKA.BE"/>
         <property name="os" value="Windows 10 64bit"/>
         <property name="katalonVersion" value="5.6.3.1"/>
         <property name="browser" value="Chrome 68.0.3440.106"/>
         <property name="hostAddress" value="10.136.82.135"/>
         <property name="sessionId" value="6d0dbf4f69978f17d335f814cc100ad1"/>
         <property name="seleniumVersion" value="3.7.1"/>
         <property name="proxyInformation" value="ProxyInformation{proxyOption=NO_PROXY, proxyServerType=HTTP, password=, proxyServerAddress=, proxyServerPort=0}"/>
         <property name="platform" value="Windows 10"/>
      </properties>
      <testcase name="Test Cases/Main Script/TC2 NEW" classname="Test Cases/Main Script/TC2 NEW" status="FAILED">
         <failure type="FAILED" message="Unable to click on object 'Object Repository/Mes rapports Obj/EXECUTION/Description _Date de reference historique' (Root cause: com.kms.katalon.core.webui.exception.WebElementNotFoundException: Web element with id: 'Object Repository/Mes rapports Obj/EXECUTION/Description _Date de reference historique' located by 'By.xpath: //*[@id=&quot;uitvoering-parameters&quot;]/div/div[2]/div/div/table/tbody/tr[2]/td[2]/div/div/rapp-date-prompt/div/div/rapp-special-values/div/button[count(. | //button[@type = 'button' and @class = 'btn pull-left btn-default rapp-selected-prompt-button dropdown-toggle ' and @data-toggle = 'dropdown' and @style = 'font-weight: normal; text-align: left; width: 100%;']) = count(//button[@type = 'button' and @class = 'btn pull-left btn-default rapp-selected-prompt-button dropdown-toggle ' and @data-toggle = 'dropdown' and @style = 'font-weight: normal; text-align: left; width: 100%;'])]' not found)"/>
         <system-out><![CDATA[2018-09-04 09:45:20 - [TEST_CASE][FAILED] - Test Cases/Main Script/TC2 NEW: Test Cases/Main Script/TC2 NEW FAILED because (of) Unable to click on object 'Object Repository/Mes rapports Obj/EXECUTION/Description _Date de reference historique' (Root cause: com.kms.katalon.core.webui.exception.WebElementNotFoundException: Web element with id: 'Object Repository/Mes rapports Obj/EXECUTION/Description _Date de reference historique' located by 'By.xpath: //*[@id="uitvoering-parameters"]/div/div[2]/div/div/table/tbody/tr[2]/td[2]/div/div/rapp-date-prompt/div/div/rapp-special-values/div/button[count(. | //button[@type = 'button' and @class = 'btn pull-left btn-default rapp-selected-prompt-button dropdown-toggle ' and @data-toggle = 'dropdown' and @style = 'font-weight: normal; text-align: left; width: 100%;']) = count(//button[@type = 'button' and @class = 'btn pull-left btn-default rapp-selected-prompt-button dropdown-toggle ' and @data-toggle = 'dropdown' and @style = 'font-weight: normal; text-align: left; width: 100%;'])]' not found)

2018-09-04 09:45:20 - [TEST_STEP][PASSED] - Start listener action : sampleBeforeTestCase: Invoke 'com.kms.katalon.core.annotation.BeforeTestCase' method: 'NewTestListener.sampleBeforeTestCase(...)' completed.

2018-09-04 09:45:20 - [TEST_STEP][PASSED] - Statement - println(testCaseContext.getTextCaseId()=$testCaseContext.getTestCaseId()): null

2018-09-04 09:45:20 - [TEST_STEP][PASSED] - Statement - currentTestCaseId = testCaseContext.getTestCaseId(): Invoke 'com.kms.katalon.core.annotation.BeforeTestCase' method: 'NewTestListener.sampleBeforeTestCase(...)' completed.

2018-09-04 09:45:21 - [TEST_STEP][PASSED] - verify_Test_Case_Number.getTestCaseNumber.getTCNo: verify_Test_Case_Number.getTestCaseNumber.getTCNo is PASSED

2018-09-04 09:45:21 - [MESSAGE][PASSED] - verify_Test_Case_Number.getTestCaseNumber.getTCNo is PASSED

2018-09-04 09:45:21 - [TEST_STEP][PASSED] - callTestCase: Call Test Case 'Test Cases/Login/TC1 Login to Mysdworx' successfully

2018-09-04 09:45:21 - [TEST_CASE][PASSED] - Test Cases/Login/TC1 Login to Mysdworx: Test Cases/Login/TC1 Login to Mysdworx

2018-09-04 09:45:21 - [TEST_STEP][PASSED] - openBrowser: Browser is opened with url: ''

2018-09-04 09:45:25 - [MESSAGE][PASSED] - Browser is opened with url: ''

2018-09-04 09:45:25 - [TEST_STEP][PASSED] - navigateToUrl: Navigate to 'https://internet.acc.sd.dika.be/ebloxreporting/web.sensitive/main/?lang=fr' successfully

2018-09-04 09:45:30 - [MESSAGE][PASSED] - Navigate to 'https://internet.acc.sd.dika.be/ebloxreporting/web.sensitive/main/?lang=fr' successfully

2018-09-04 09:45:30 - [TEST_STEP][PASSED] - maximizeWindow: Current window maximized

2018-09-04 09:45:31 - [MESSAGE][PASSED] - Current window maximized

2018-09-04 09:45:31 - [TEST_STEP][PASSED] - setText: Text 'DP_EBLOX_RPP_VASCO' is set on object 'Object Repository/Page_mysdworx - Log in/input_Username'

2018-09-04 09:45:38 - [MESSAGE][PASSED] - Text 'DP_EBLOX_RPP_VASCO' is set on object 'Object Repository/Page_mysdworx - Log in/input_Username'

2018-09-04 09:45:38 - [TEST_STEP][PASSED] - Statement - frame = new javax.swing.JFrame(User Input Frame): null

2018-09-04 09:45:38 - [TEST_STEP][PASSED] - Statement - frame.requestFocus(): null

2018-09-04 09:45:38 - [TEST_STEP][PASSED] - Statement - pass = javax.swing.JOptionPane.showInputDialog(frame, "Enter the password from token!!"): null

2018-09-04 09:45:52 - [TEST_STEP][PASSED] - delay: Delayed 2 second(s)

2018-09-04 09:45:54 - [MESSAGE][PASSED] - Delayed 2 second(s)

2018-09-04 09:45:54 - [TEST_STEP][PASSED] - setText: Text '150434' is set on object 'Object Repository/Page_mysdworx - Log in/input_Password'

2018-09-04 09:45:54 - [MESSAGE][PASSED] - Text '150434' is set on object 'Object Repository/Page_mysdworx - Log in/input_Password'

2018-09-04 09:45:54 - [TEST_STEP][PASSED] - click: Object: 'Object Repository/Page_mysdworx - Log in/button_Se connecter' is clicked on

2018-09-04 09:45:54 - [MESSAGE][PASSED] - Object: 'Object Repository/Page_mysdworx - Log in/button_Se connecter' is clicked on

2018-09-04 09:45:54 - [TEST_STEP][PASSED] - waitForPageLoad: Wait for page load successfully

2018-09-04 09:45:54 - [MESSAGE][PASSED] - Wait for page load successfully

2018-09-04 09:45:54 - [TEST_STEP][NOT_RUN] - closeBrowser: NOT_RUN: closeBrowser

2018-09-04 09:45:54 - [MESSAGE][NOT_RUN] - NOT_RUN: closeBrowser

2018-09-04 09:45:54 - [MESSAGE][PASSED] - Call Test Case 'Test Cases/Login/TC1 Login to Mysdworx' successfully

2018-09-04 09:45:54 - [TEST_STEP][PASSED] - callTestCase: Call Test Case 'Test Cases/Sub Script/Select Language/TC1 Verify NL language' successfully

2018-09-04 09:45:54 - [TEST_CASE][PASSED] - Test Cases/Sub Script/Select Language/TC1 Verify NL language: Test Cases/Sub Script/Select Language/TC1 Verify NL language

2018-09-04 09:45:55 - [TEST_STEP][PASSED] - waitForElementClickable: Object 'Object Repository/Change language link Obj/NL_language' is clickable

2018-09-04 09:46:22 - [MESSAGE][PASSED] - Object 'Object Repository/Change language link Obj/NL_language' is clickable

2018-09-04 09:46:22 - [TEST_STEP][PASSED] - Statement - verify_NL_link = com.kms.katalon.core.webui.keyword.WebUiBuiltInKeywords.verifyElementClickable(com.kms.katalon.core.testobject.ObjectRepository.findTestObject(Change language link Obj/NL_language)): Object 'Object Repository/Change language link Obj/NL_language' is clickable

2018-09-04 09:46:22 - [MESSAGE][PASSED] - Object 'Object Repository/Change language link Obj/NL_language' is clickable

2018-09-04 09:46:22 - [TEST_STEP][PASSED] - Statement - If (verify_NL_link.equals(true)): NL link is clickable !

2018-09-04 09:46:22 - [TEST_STEP][PASSED] - Statement - com.kms.katalon.core.util.KeywordUtil.markPassed("NL link is clickable !"): NL link is clickable !

2018-09-04 09:46:22 - [MESSAGE][PASSED] - NL link is clickable !

2018-09-04 09:46:22 - [TEST_STEP][PASSED] - click: Object: 'Object Repository/Change language link Obj/NL_language' is clicked on

2018-09-04 09:46:28 - [MESSAGE][PASSED] - Object: 'Object Repository/Change language link Obj/NL_language' is clicked on

2018-09-04 09:46:28 - [TEST_STEP][PASSED] - waitForPageLoad: Wait for page load successfully

2018-09-04 09:46:28 - [MESSAGE][PASSED] - Wait for page load successfully

2018-09-04 09:46:28 - [MESSAGE][PASSED] - Call Test Case 'Test Cases/Sub Script/Select Language/TC1 Verify NL language' successfully

2018-09-04 09:46:28 - [TEST_STEP][PASSED] - callTestCase: Call Test Case 'Test Cases/Sub Script/Navigation_Menu/Menu_Mes_rapports/TC Verify Nouveau rapport button' successfully

2018-09-04 09:46:28 - [TEST_CASE][PASSED] - Test Cases/Sub Script/Navigation_Menu/Menu_Mes_rapports/TC Verify Nouveau rapport button: Test Cases/Sub Script/Navigation_Menu/Menu_Mes_rapports/TC Verify Nouveau rapport button

2018-09-04 09:46:28 - [TEST_STEP][PASSED] - click: Object: 'Object Repository/Mes rapports Obj/button_Nouveau rapport' is clicked on

2018-09-04 09:46:30 - [MESSAGE][PASSED] - Object: 'Object Repository/Mes rapports Obj/button_Nouveau rapport' is clicked on

2018-09-04 09:46:30 - [TEST_STEP][PASSED] - waitForPageLoad: Wait for page load successfully

2018-09-04 09:46:30 - [MESSAGE][PASSED] - Wait for page load successfully

2018-09-04 09:46:30 - [MESSAGE][PASSED] - Call Test Case 'Test Cases/Sub Script/Navigation_Menu/Menu_Mes_rapports/TC Verify Nouveau rapport button' successfully

2018-09-04 09:46:30 - [TEST_STEP][PASSED] - callTestCase: Call Test Case 'Test Cases/Sub Script/Navigation_Menu/Menu_Mes_rapports/Nouveau_Rapport/Mes rapports - BASE DE RAPPORT/TC Verify radio button creer un tout nouveau rapport' successfully

2018-09-04 09:46:30 - [TEST_CASE][PASSED] - Test Cases/Sub Script/Navigation_Menu/Menu_Mes_rapports/Nouveau_Rapport/Mes rapports - BASE DE RAPPORT/TC Verify radio button creer un tout nouveau rapport: Test Cases/Sub Script/Navigation_Menu/Menu_Mes_rapports/Nouveau_Rapport/Mes rapports - BASE DE RAPPORT/TC Verify radio button creer un tout nouveau rapport

2018-09-04 09:46:30 - [TEST_STEP][PASSED] - Statement - radioButton = com.kms.katalon.core.webui.keyword.WebUiBuiltInKeywords.modifyObjectProperty(com.kms.katalon.core.testobject.ObjectRepository.findTestObject(Mes rapports Obj/BASE DE RAPPORT/radioButton_Creer un tout nouveau rapport), "name", "equals", "typeRapport", true): Modify property of object successfully

2018-09-04 09:46:30 - [MESSAGE][PASSED] - Modify property of object successfully

2018-09-04 09:46:30 - [TEST_STEP][PASSED] - click: Object: 'Object Repository/Mes rapports Obj/BASE DE RAPPORT/radioButton_Creer un tout nouveau rapport' is clicked on

2018-09-04 09:46:31 - [MESSAGE][PASSED] - Object: 'Object Repository/Mes rapports Obj/BASE DE RAPPORT/radioButton_Creer un tout nouveau rapport' is clicked on

2018-09-04 09:46:31 - [MESSAGE][PASSED] - Call Test Case 'Test Cases/Sub Script/Navigation_Menu/Menu_Mes_rapports/Nouveau_Rapport/Mes rapports - BASE DE RAPPORT/TC Verify radio button creer un tout nouveau rapport' successfully

2018-09-04 09:46:31 - [TEST_STEP][PASSED] - callTestCase: Call Test Case 'Test Cases/Sub Script/Verify URL/TC Verify Url' successfully

2018-09-04 09:46:31 - [TEST_CASE][PASSED] - Test Cases/Sub Script/Verify URL/TC Verify Url: Test Cases/Sub Script/Verify URL/TC Verify Url

2018-09-04 09:46:31 - [TEST_STEP][PASSED] - waitForPageLoad: Wait for page load successfully

2018-09-04 09:46:31 - [MESSAGE][PASSED] - Wait for page load successfully

2018-09-04 09:46:31 - [TEST_STEP][PASSED] - Statement - url = com.kms.katalon.core.webui.keyword.WebUiBuiltInKeywords.getUrl(): Current window's url is: 'https://internet.acc.sd.dika.be/ebloxreporting/web.sensitive/main/FpyDF/iIz9g8MffKNXfNyb1H/NL/#/definitie/wizard/extern/start'

2018-09-04 09:46:31 - [MESSAGE][PASSED] - Current window's url is: 'https://internet.acc.sd.dika.be/ebloxreporting/web.sensitive/main/FpyDF/iIz9g8MffKNXfNyb1H/NL/#/definitie/wizard/extern/start'

2018-09-04 09:46:31 - [TEST_STEP][PASSED] - Statement - p = java.util.regex.Pattern.compile("00040 ANTILOPE GROEP"): null

2018-09-04 09:46:31 - [TEST_STEP][PASSED] - Statement - m = p.matcher(url): null

2018-09-04 09:46:31 - [TEST_STEP][PASSED] - Statement - If (m.find()): null

2018-09-04 09:46:31 - [TEST_STEP][PASSED] - Statement - Else: The user name and the concern number are not present in the URL

2018-09-04 09:46:31 - [TEST_STEP][PASSED] - Statement - com.kms.katalon.core.util.KeywordUtil.markPassed("The user name and the concern number are not present in the URL"): The user name and the concern number are not present in the URL

2018-09-04 09:46:31 - [MESSAGE][PASSED] - The user name and the concern number are not present in the URL

2018-09-04 09:46:31 - [TEST_STEP][PASSED] - delay: Delayed 2 second(s)

2018-09-04 09:46:33 - [MESSAGE][PASSED] - Delayed 2 second(s)

2018-09-04 09:46:33 - [MESSAGE][PASSED] - Call Test Case 'Test Cases/Sub Script/Verify URL/TC Verify Url' successfully

2018-09-04 09:46:33 - [TEST_STEP][PASSED] - callTestCase: Call Test Case 'Test Cases/Sub Script/Navigation_Menu/Menu_Mes_rapports/TC Verify the next button arrow' successfully

2018-09-04 09:46:33 - [TEST_CASE][PASSED] - Test Cases/Sub Script/Navigation_Menu/Menu_Mes_rapports/TC Verify the next button arrow: Test Cases/Sub Script/Navigation_Menu/Menu_Mes_rapports/TC Verify the next button arrow

2018-09-04 09:46:33 - [TEST_STEP][PASSED] - waitForElementClickable: Object 'Object Repository/Mes rapports Obj/button_Next_Arrow' is clickable

2018-09-04 09:46:33 - [MESSAGE][PASSED] - Object 'Object Repository/Mes rapports Obj/button_Next_Arrow' is clickable

2018-09-04 09:46:33 - [TEST_STEP][PASSED] - click: Object: 'Object Repository/Mes rapports Obj/button_Next_Arrow' is clicked on

2018-09-04 09:46:33 - [MESSAGE][PASSED] - Object: 'Object Repository/Mes rapports Obj/button_Next_Arrow' is clicked on

2018-09-04 09:46:33 - [TEST_STEP][PASSED] - delay: Delayed 5 second(s)

2018-09-04 09:46:38 - [MESSAGE][PASSED] - Delayed 5 second(s)

2018-09-04 09:46:38 - [TEST_STEP][PASSED] - waitForPageLoad: Wait for page load successfully

2018-09-04 09:46:38 - [MESSAGE][PASSED] - Wait for page load successfully

2018-09-04 09:46:38 - [MESSAGE][PASSED] - Call Test Case 'Test Cases/Sub Script/Navigation_Menu/Menu_Mes_rapports/TC Verify the next button arrow' successfully

2018-09-04 09:46:38 - [TEST_STEP][PASSED] - callTestCase: Call Test Case 'Test Cases/Sub Script/Navigation_Menu/Menu_Mes_rapports/Nouveau_Rapport/Mes rapports - CONTENU/TC Verify input field - Contenu' successfully

2018-09-04 09:46:38 - [TEST_CASE][PASSED] - Test Cases/Sub Script/Navigation_Menu/Menu_Mes_rapports/Nouveau_Rapport/Mes rapports - CONTENU/TC Verify input field - Contenu: Test Cases/Sub Script/Navigation_Menu/Menu_Mes_rapports/Nouveau_Rapport/Mes rapports - CONTENU/TC Verify input field - Contenu

2018-09-04 09:46:39 - [TEST_STEP][PASSED] - Statement - excelData = com.kms.katalon.core.testdata.TestDataFactory.findTestData(Data Files/Data/TestData): Reading excel file with source file 'C:\Users\seeboruts\OneDrive - SD Worx\Desktop\Test_Data_Reg.xlsx' and sheet name 'TEST DATA'

2018-09-04 09:46:40 - [TEST_STEP][PASSED] - Statement - rowNo = java.lang.Integer.parseInt(currentTestCaseId): null

2018-09-04 09:46:40 - [TEST_STEP][PASSED] - Statement - For ([i = 4, i <= 13, (i++)]): null

2018-09-04 09:46:40 - [TEST_STEP][PASSED] - Statement - If (excelData.getValue(i, rowNo) != ""): Object: 'Object Repository/Mes rapports Obj/CONTENU/click_Remove_text' is clicked on

2018-09-04 09:46:40 - [TEST_STEP][PASSED] - setText: Text 'Naam werknemer' is set on object 'Object Repository/Mes rapports Obj/CONTENU/input_Contenu_Selecteur'

2018-09-04 09:46:40 - [MESSAGE][PASSED] - Text 'Naam werknemer' is set on object 'Object Repository/Mes rapports Obj/CONTENU/input_Contenu_Selecteur'

2018-09-04 09:46:40 - [TEST_STEP][PASSED] - delay: Delayed 3 second(s)

2018-09-04 09:46:43 - [MESSAGE][PASSED] - Delayed 3 second(s)

2018-09-04 09:46:43 - [TEST_STEP][PASSED] - Statement - selecteur = new com.kms.katalon.core.testobject.TestObject(Choisir_selecteur): null

2018-09-04 09:46:43 - [TEST_STEP][PASSED] - Statement - selecteur.addProperty("xpath", EQUALS, "//span[contains(text(),'" + excelData.getValue(i, rowNo) + "')]"): null

2018-09-04 09:46:43 - [TEST_STEP][PASSED] - click: Object: 'Choisir_selecteur' is clicked on

2018-09-04 09:46:43 - [MESSAGE][PASSED] - Object: 'Choisir_selecteur' is clicked on

2018-09-04 09:46:43 - [TEST_STEP][PASSED] - delay: Delayed 3 second(s)

2018-09-04 09:46:46 - [MESSAGE][PASSED] - Delayed 3 second(s)

2018-09-04 09:46:46 - [TEST_STEP][PASSED] - click: Object: 'Object Repository/Mes rapports Obj/CONTENU/click_Remove_text' is clicked on

2018-09-04 09:46:47 - [MESSAGE][PASSED] - Object: 'Object Repository/Mes rapports Obj/CONTENU/click_Remove_text' is clicked on

2018-09-04 09:46:47 - [TEST_STEP][PASSED] - Statement - If (excelData.getValue(i, rowNo) != ""): Object: 'Object Repository/Mes rapports Obj/CONTENU/click_Remove_text' is clicked on

2018-09-04 09:46:47 - [TEST_STEP][PASSED] - setText: Text 'Afdeling' is set on object 'Object Repository/Mes rapports Obj/CONTENU/input_Contenu_Selecteur'

2018-09-04 09:46:47 - [MESSAGE][PASSED] - Text 'Afdeling' is set on object 'Object Repository/Mes rapports Obj/CONTENU/input_Contenu_Selecteur'

2018-09-04 09:46:47 - [TEST_STEP][PASSED] - delay: Delayed 3 second(s)

2018-09-04 09:46:50 - [MESSAGE][PASSED] - Delayed 3 second(s)

2018-09-04 09:46:50 - [TEST_STEP][PASSED] - Statement - selecteur = new com.kms.katalon.core.testobject.TestObject(Choisir_selecteur): null

2018-09-04 09:46:50 - [TEST_STEP][PASSED] - Statement - selecteur.addProperty("xpath", EQUALS, "//span[contains(text(),'" + excelData.getValue(i, rowNo) + "')]"): null

2018-09-04 09:46:50 - [TEST_STEP][PASSED] - click: Object: 'Choisir_selecteur' is clicked on

2018-09-04 09:46:50 - [MESSAGE][PASSED] - Object: 'Choisir_selecteur' is clicked on

2018-09-04 09:46:50 - [TEST_STEP][PASSED] - delay: Delayed 3 second(s)

2018-09-04 09:46:53 - [MESSAGE][PASSED] - Delayed 3 second(s)

2018-09-04 09:46:53 - [TEST_STEP][PASSED] - click: Object: 'Object Repository/Mes rapports Obj/CONTENU/click_Remove_text' is clicked on

2018-09-04 09:46:53 - [MESSAGE][PASSED] - Object: 'Object Repository/Mes rapports Obj/CONTENU/click_Remove_text' is clicked on

2018-09-04 09:46:53 - [TEST_STEP][PASSED] - Statement - If (excelData.getValue(i, rowNo) != ""): Object: 'Object Repository/Mes rapports Obj/CONTENU/click_Remove_text' is clicked on

2018-09-04 09:46:53 - [TEST_STEP][PASSED] - setText: Text 'Datum in dienst' is set on object 'Object Repository/Mes rapports Obj/CONTENU/input_Contenu_Selecteur'

2018-09-04 09:46:53 - [MESSAGE][PASSED] - Text 'Datum in dienst' is set on object 'Object Repository/Mes rapports Obj/CONTENU/input_Contenu_Selecteur'

2018-09-04 09:46:53 - [TEST_STEP][PASSED] - delay: Delayed 3 second(s)

2018-09-04 09:46:56 - [MESSAGE][PASSED] - Delayed 3 second(s)

2018-09-04 09:46:56 - [TEST_STEP][PASSED] - Statement - selecteur = new com.kms.katalon.core.testobject.TestObject(Choisir_selecteur): null

2018-09-04 09:46:56 - [TEST_STEP][PASSED] - Statement - selecteur.addProperty("xpath", EQUALS, "//span[contains(text(),'" + excelData.getValue(i, rowNo) + "')]"): null

2018-09-04 09:46:56 - [TEST_STEP][PASSED] - click: Object: 'Choisir_selecteur' is clicked on

2018-09-04 09:46:56 - [MESSAGE][PASSED] - Object: 'Choisir_selecteur' is clicked on

2018-09-04 09:46:56 - [TEST_STEP][PASSED] - delay: Delayed 3 second(s)

2018-09-04 09:46:59 - [MESSAGE][PASSED] - Delayed 3 second(s)

2018-09-04 09:46:59 - [TEST_STEP][PASSED] - click: Object: 'Object Repository/Mes rapports Obj/CONTENU/click_Remove_text' is clicked on

2018-09-04 09:47:00 - [MESSAGE][PASSED] - Object: 'Object Repository/Mes rapports Obj/CONTENU/click_Remove_text' is clicked on

2018-09-04 09:47:00 - [TEST_STEP][PASSED] - Statement - If (excelData.getValue(i, rowNo) != ""): Object: 'Object Repository/Mes rapports Obj/CONTENU/click_Remove_text' is clicked on

2018-09-04 09:47:00 - [TEST_STEP][PASSED] - setText: Text '0010 - gewerkte dag' is set on object 'Object Repository/Mes rapports Obj/CONTENU/input_Contenu_Selecteur'

2018-09-04 09:47:00 - [MESSAGE][PASSED] - Text '0010 - gewerkte dag' is set on object 'Object Repository/Mes rapports Obj/CONTENU/input_Contenu_Selecteur'

2018-09-04 09:47:00 - [TEST_STEP][PASSED] - delay: Delayed 3 second(s)

2018-09-04 09:47:03 - [MESSAGE][PASSED] - Delayed 3 second(s)

2018-09-04 09:47:03 - [TEST_STEP][PASSED] - Statement - selecteur = new com.kms.katalon.core.testobject.TestObject(Choisir_selecteur): null

2018-09-04 09:47:03 - [TEST_STEP][PASSED] - Statement - selecteur.addProperty("xpath", EQUALS, "//span[contains(text(),'" + excelData.getValue(i, rowNo) + "')]"): null

2018-09-04 09:47:03 - [TEST_STEP][PASSED] - click: Object: 'Choisir_selecteur' is clicked on

2018-09-04 09:47:03 - [MESSAGE][PASSED] - Object: 'Choisir_selecteur' is clicked on

2018-09-04 09:47:03 - [TEST_STEP][PASSED] - delay: Delayed 3 second(s)

2018-09-04 09:47:06 - [MESSAGE][PASSED] - Delayed 3 second(s)

2018-09-04 09:47:06 - [TEST_STEP][PASSED] - click: Object: 'Object Repository/Mes rapports Obj/CONTENU/click_Remove_text' is clicked on

2018-09-04 09:47:06 - [MESSAGE][PASSED] - Object: 'Object Repository/Mes rapports Obj/CONTENU/click_Remove_text' is clicked on

2018-09-04 09:47:06 - [TEST_STEP][PASSED] - Statement - If (excelData.getValue(i, rowNo) != ""): Object: 'Object Repository/Mes rapports Obj/CONTENU/click_Remove_text' is clicked on

2018-09-04 09:47:06 - [TEST_STEP][PASSED] - setText: Text '1010 - prestaties' is set on object 'Object Repository/Mes rapports Obj/CONTENU/input_Contenu_Selecteur'

2018-09-04 09:47:07 - [MESSAGE][PASSED] - Text '1010 - prestaties' is set on object 'Object Repository/Mes rapports Obj/CONTENU/input_Contenu_Selecteur'

2018-09-04 09:47:07 - [TEST_STEP][PASSED] - delay: Delayed 3 second(s)

2018-09-04 09:47:10 - [MESSAGE][PASSED] - Delayed 3 second(s)

2018-09-04 09:47:10 - [TEST_STEP][PASSED] - Statement - selecteur = new com.kms.katalon.core.testobject.TestObject(Choisir_selecteur): null

2018-09-04 09:47:10 - [TEST_STEP][PASSED] - Statement - selecteur.addProperty("xpath", EQUALS, "//span[contains(text(),'" + excelData.getValue(i, rowNo) + "')]"): null

2018-09-04 09:47:10 - [TEST_STEP][PASSED] - click: Object: 'Choisir_selecteur' is clicked on

2018-09-04 09:47:10 - [MESSAGE][PASSED] - Object: 'Choisir_selecteur' is clicked on

2018-09-04 09:47:10 - [TEST_STEP][PASSED] - delay: Delayed 3 second(s)

2018-09-04 09:47:13 - [MESSAGE][PASSED] - Delayed 3 second(s)

2018-09-04 09:47:13 - [TEST_STEP][PASSED] - click: Object: 'Object Repository/Mes rapports Obj/CONTENU/click_Remove_text' is clicked on

2018-09-04 09:47:13 - [MESSAGE][PASSED] - Object: 'Object Repository/Mes rapports Obj/CONTENU/click_Remove_text' is clicked on

2018-09-04 09:47:13 - [TEST_STEP][PASSED] - Statement - If (excelData.getValue(i, rowNo) != ""): Object: 'Object Repository/Mes rapports Obj/CONTENU/click_Remove_text' is clicked on

2018-09-04 09:47:13 - [TEST_STEP][PASSED] - setText: Text '7010 - aantal gewerkte uren' is set on object 'Object Repository/Mes rapports Obj/CONTENU/input_Contenu_Selecteur'

2018-09-04 09:47:13 - [MESSAGE][PASSED] - Text '7010 - aantal gewerkte uren' is set on object 'Object Repository/Mes rapports Obj/CONTENU/input_Contenu_Selecteur'

2018-09-04 09:47:13 - [TEST_STEP][PASSED] - delay: Delayed 3 second(s)

2018-09-04 09:47:16 - [MESSAGE][PASSED] - Delayed 3 second(s)

2018-09-04 09:47:16 - [TEST_STEP][PASSED] - Statement - selecteur = new com.kms.katalon.core.testobject.TestObject(Choisir_selecteur): null

2018-09-04 09:47:16 - [TEST_STEP][PASSED] - Statement - selecteur.addProperty("xpath", EQUALS, "//span[contains(text(),'" + excelData.getValue(i, rowNo) + "')]"): null

2018-09-04 09:47:16 - [TEST_STEP][PASSED] - click: Object: 'Choisir_selecteur' is clicked on

2018-09-04 09:47:16 - [MESSAGE][PASSED] - Object: 'Choisir_selecteur' is clicked on

2018-09-04 09:47:16 - [TEST_STEP][PASSED] - delay: Delayed 3 second(s)

2018-09-04 09:47:19 - [MESSAGE][PASSED] - Delayed 3 second(s)

2018-09-04 09:47:19 - [TEST_STEP][PASSED] - click: Object: 'Object Repository/Mes rapports Obj/CONTENU/click_Remove_text' is clicked on

2018-09-04 09:47:20 - [MESSAGE][PASSED] - Object: 'Object Repository/Mes rapports Obj/CONTENU/click_Remove_text' is clicked on

2018-09-04 09:47:20 - [TEST_STEP][PASSED] - Statement - If (excelData.getValue(i, rowNo) != ""): null

2018-09-04 09:47:20 - [TEST_STEP][PASSED] - Statement - If (excelData.getValue(i, rowNo) != ""): null

2018-09-04 09:47:20 - [TEST_STEP][PASSED] - Statement - If (excelData.getValue(i, rowNo) != ""): null

2018-09-04 09:47:20 - [TEST_STEP][PASSED] - Statement - If (excelData.getValue(i, rowNo) != ""): null

2018-09-04 09:47:20 - [MESSAGE][PASSED] - Call Test Case 'Test Cases/Sub Script/Navigation_Menu/Menu_Mes_rapports/Nouveau_Rapport/Mes rapports - CONTENU/TC Verify input field - Contenu' successfully

2018-09-04 09:47:20 - [TEST_STEP][PASSED] - callTestCase: Call Test Case 'Test Cases/Sub Script/Verify URL/TC Verify Url' successfully

2018-09-04 09:47:20 - [TEST_CASE][PASSED] - Test Cases/Sub Script/Verify URL/TC Verify Url: Test Cases/Sub Script/Verify URL/TC Verify Url

2018-09-04 09:47:20 - [TEST_STEP][PASSED] - waitForPageLoad: Wait for page load successfully

2018-09-04 09:47:20 - [MESSAGE][PASSED] - Wait for page load successfully

2018-09-04 09:47:20 - [TEST_STEP][PASSED] - Statement - url = com.kms.katalon.core.webui.keyword.WebUiBuiltInKeywords.getUrl(): Current window's url is: 'https://internet.acc.sd.dika.be/ebloxreporting/web.sensitive/main/FpyDF/iIz9g8MffKNXfNyb1H/NL/#/definitie/wizard/extern/index/28448/inhoud/324852/7'

2018-09-04 09:47:20 - [MESSAGE][PASSED] - Current window's url is: 'https://internet.acc.sd.dika.be/ebloxreporting/web.sensitive/main/FpyDF/iIz9g8MffKNXfNyb1H/NL/#/definitie/wizard/extern/index/28448/inhoud/324852/7'

2018-09-04 09:47:20 - [TEST_STEP][PASSED] - Statement - p = java.util.regex.Pattern.compile("00040 ANTILOPE GROEP"): null

2018-09-04 09:47:20 - [TEST_STEP][PASSED] - Statement - m = p.matcher(url): null

2018-09-04 09:47:20 - [TEST_STEP][PASSED] - Statement - If (m.find()): null

2018-09-04 09:47:20 - [TEST_STEP][PASSED] - Statement - Else: The user name and the concern number are not present in the URL

2018-09-04 09:47:20 - [TEST_STEP][PASSED] - Statement - com.kms.katalon.core.util.KeywordUtil.markPassed("The user name and the concern number are not present in the URL"): The user name and the concern number are not present in the URL

2018-09-04 09:47:20 - [MESSAGE][PASSED] - The user name and the concern number are not present in the URL

2018-09-04 09:47:20 - [TEST_STEP][PASSED] - delay: Delayed 2 second(s)

2018-09-04 09:47:22 - [MESSAGE][PASSED] - Delayed 2 second(s)

2018-09-04 09:47:22 - [MESSAGE][PASSED] - Call Test Case 'Test Cases/Sub Script/Verify URL/TC Verify Url' successfully

2018-09-04 09:47:22 - [TEST_STEP][PASSED] - callTestCase: Call Test Case 'Test Cases/Sub Script/Navigation_Menu/Menu_Mes_rapports/TC Verify the next button arrow' successfully

2018-09-04 09:47:22 - [TEST_CASE][PASSED] - Test Cases/Sub Script/Navigation_Menu/Menu_Mes_rapports/TC Verify the next button arrow: Test Cases/Sub Script/Navigation_Menu/Menu_Mes_rapports/TC Verify the next button arrow

2018-09-04 09:47:22 - [TEST_STEP][PASSED] - waitForElementClickable: Object 'Object Repository/Mes rapports Obj/button_Next_Arrow' is clickable

2018-09-04 09:47:22 - [MESSAGE][PASSED] - Object 'Object Repository/Mes rapports Obj/button_Next_Arrow' is clickable

2018-09-04 09:47:22 - [TEST_STEP][PASSED] - click: Object: 'Object Repository/Mes rapports Obj/button_Next_Arrow' is clicked on

2018-09-04 09:47:22 - [MESSAGE][PASSED] - Object: 'Object Repository/Mes rapports Obj/button_Next_Arrow' is clicked on

2018-09-04 09:47:22 - [TEST_STEP][PASSED] - delay: Delayed 5 second(s)

2018-09-04 09:47:27 - [MESSAGE][PASSED] - Delayed 5 second(s)

2018-09-04 09:47:27 - [TEST_STEP][PASSED] - waitForPageLoad: Wait for page load successfully

2018-09-04 09:47:27 - [MESSAGE][PASSED] - Wait for page load successfully

2018-09-04 09:47:27 - [MESSAGE][PASSED] - Call Test Case 'Test Cases/Sub Script/Navigation_Menu/Menu_Mes_rapports/TC Verify the next button arrow' successfully

2018-09-04 09:47:27 - [TEST_STEP][PASSED] - callTestCase: Call Test Case 'Test Cases/Sub Script/Navigation_Menu/Menu_Mes_rapports/Nouveau_Rapport/Mes rapports - SELECTION/Dossier_and_Groupe_options/TC Click on Dossier and Groupe downdrop' successfully

2018-09-04 09:47:27 - [TEST_CASE][PASSED] - Test Cases/Sub Script/Navigation_Menu/Menu_Mes_rapports/Nouveau_Rapport/Mes rapports - SELECTION/Dossier_and_Groupe_options/TC Click on Dossier and Groupe downdrop: Test Cases/Sub Script/Navigation_Menu/Menu_Mes_rapports/Nouveau_Rapport/Mes rapports - SELECTION/Dossier_and_Groupe_options/TC Click on Dossier and Groupe downdrop

2018-09-04 09:47:28 - [TEST_STEP][PASSED] - click: Object: 'Object Repository/Mes rapports Obj/SELECTION/Dossier and Groupe/click on Dossier and groupe dropdown' is clicked on

2018-09-04 09:47:28 - [MESSAGE][PASSED] - Object: 'Object Repository/Mes rapports Obj/SELECTION/Dossier and Groupe/click on Dossier and groupe dropdown' is clicked on

2018-09-04 09:47:28 - [TEST_STEP][PASSED] - delay: Delayed 1 second(s)

2018-09-04 09:47:29 - [MESSAGE][PASSED] - Delayed 1 second(s)

2018-09-04 09:47:29 - [MESSAGE][PASSED] - Call Test Case 'Test Cases/Sub Script/Navigation_Menu/Menu_Mes_rapports/Nouveau_Rapport/Mes rapports - SELECTION/Dossier_and_Groupe_options/TC Click on Dossier and Groupe downdrop' successfully

2018-09-04 09:47:29 - [TEST_STEP][PASSED] - callTestCase: Call Test Case 'Test Cases/Sub Script/Navigation_Menu/Menu_Mes_rapports/Nouveau_Rapport/Mes rapports - SELECTION/Dossier_and_Groupe_options/TC Choose option figure dans' successfully

2018-09-04 09:47:29 - [TEST_CASE][PASSED] - Test Cases/Sub Script/Navigation_Menu/Menu_Mes_rapports/Nouveau_Rapport/Mes rapports - SELECTION/Dossier_and_Groupe_options/TC Choose option figure dans: Test Cases/Sub Script/Navigation_Menu/Menu_Mes_rapports/Nouveau_Rapport/Mes rapports - SELECTION/Dossier_and_Groupe_options/TC Choose option figure dans

2018-09-04 09:47:29 - [TEST_STEP][PASSED] - click: Object: 'Object Repository/Mes rapports Obj/SELECTION/Dossier and Groupe/figure dans' is clicked on

2018-09-04 09:47:29 - [MESSAGE][PASSED] - Object: 'Object Repository/Mes rapports Obj/SELECTION/Dossier and Groupe/figure dans' is clicked on

2018-09-04 09:47:29 - [TEST_STEP][PASSED] - delay: Delayed 1 second(s)

2018-09-04 09:47:30 - [MESSAGE][PASSED] - Delayed 1 second(s)

2018-09-04 09:47:30 - [MESSAGE][PASSED] - Call Test Case 'Test Cases/Sub Script/Navigation_Menu/Menu_Mes_rapports/Nouveau_Rapport/Mes rapports - SELECTION/Dossier_and_Groupe_options/TC Choose option figure dans' successfully

2018-09-04 09:47:30 - [TEST_STEP][PASSED] - callTestCase: Call Test Case 'Test Cases/Sub Script/Navigation_Menu/Menu_Mes_rapports/Nouveau_Rapport/Mes rapports - SELECTION/Travailleur_options/TC Click on Travailleur downdrop' successfully

2018-09-04 09:47:30 - [TEST_CASE][PASSED] - Test Cases/Sub Script/Navigation_Menu/Menu_Mes_rapports/Nouveau_Rapport/Mes rapports - SELECTION/Travailleur_options/TC Click on Travailleur downdrop: Test Cases/Sub Script/Navigation_Menu/Menu_Mes_rapports/Nouveau_Rapport/Mes rapports - SELECTION/Travailleur_options/TC Click on Travailleur downdrop

2018-09-04 09:47:30 - [TEST_STEP][PASSED] - click: Object: 'Object Repository/Mes rapports Obj/SELECTION/Travailleur/Click on Travailleur dropdown' is clicked on

2018-09-04 09:47:31 - [MESSAGE][PASSED] - Object: 'Object Repository/Mes rapports Obj/SELECTION/Travailleur/Click on Travailleur dropdown' is clicked on

2018-09-04 09:47:31 - [TEST_STEP][PASSED] - delay: Delayed 1 second(s)

2018-09-04 09:47:32 - [MESSAGE][PASSED] - Delayed 1 second(s)

2018-09-04 09:47:32 - [MESSAGE][PASSED] - Call Test Case 'Test Cases/Sub Script/Navigation_Menu/Menu_Mes_rapports/Nouveau_Rapport/Mes rapports - SELECTION/Travailleur_options/TC Click on Travailleur downdrop' successfully

2018-09-04 09:47:32 - [TEST_STEP][PASSED] - callTestCase: Call Test Case 'Test Cases/Sub Script/Navigation_Menu/Menu_Mes_rapports/Nouveau_Rapport/Mes rapports - SELECTION/Travailleur_options/TC Choose option figure dans' successfully

2018-09-04 09:47:32 - [TEST_CASE][PASSED] - Test Cases/Sub Script/Navigation_Menu/Menu_Mes_rapports/Nouveau_Rapport/Mes rapports - SELECTION/Travailleur_options/TC Choose option figure dans: Test Cases/Sub Script/Navigation_Menu/Menu_Mes_rapports/Nouveau_Rapport/Mes rapports - SELECTION/Travailleur_options/TC Choose option figure dans

2018-09-04 09:47:32 - [TEST_STEP][PASSED] - click: Object: 'Object Repository/Mes rapports Obj/SELECTION/Travailleur/figure dans' is clicked on

2018-09-04 09:47:32 - [MESSAGE][PASSED] - Object: 'Object Repository/Mes rapports Obj/SELECTION/Travailleur/figure dans' is clicked on

2018-09-04 09:47:32 - [TEST_STEP][PASSED] - delay: Delayed 1 second(s)

2018-09-04 09:47:33 - [MESSAGE][PASSED] - Delayed 1 second(s)

2018-09-04 09:47:33 - [MESSAGE][PASSED] - Call Test Case 'Test Cases/Sub Script/Navigation_Menu/Menu_Mes_rapports/Nouveau_Rapport/Mes rapports - SELECTION/Travailleur_options/TC Choose option figure dans' successfully

2018-09-04 09:47:33 - [TEST_STEP][PASSED] - callTestCase: Call Test Case 'Test Cases/Sub Script/Navigation_Menu/Menu_Mes_rapports/Nouveau_Rapport/Mes rapports - SELECTION/Travailleur_options/TC Select option to choose travailleur' successfully

2018-09-04 09:47:33 - [TEST_CASE][PASSED] - Test Cases/Sub Script/Navigation_Menu/Menu_Mes_rapports/Nouveau_Rapport/Mes rapports - SELECTION/Travailleur_options/TC Select option to choose travailleur: Test Cases/Sub Script/Navigation_Menu/Menu_Mes_rapports/Nouveau_Rapport/Mes rapports - SELECTION/Travailleur_options/TC Select option to choose travailleur

2018-09-04 09:47:33 - [TEST_STEP][PASSED] - click: Object: 'Object Repository/Mes rapports Obj/SELECTION/Travailleur/Select option to choose travailleur' is clicked on

2018-09-04 09:47:33 - [MESSAGE][PASSED] - Object: 'Object Repository/Mes rapports Obj/SELECTION/Travailleur/Select option to choose travailleur' is clicked on

2018-09-04 09:47:33 - [MESSAGE][PASSED] - Call Test Case 'Test Cases/Sub Script/Navigation_Menu/Menu_Mes_rapports/Nouveau_Rapport/Mes rapports - SELECTION/Travailleur_options/TC Select option to choose travailleur' successfully

2018-09-04 09:47:33 - [TEST_STEP][PASSED] - callTestCase: Call Test Case 'Test Cases/Sub Script/Navigation_Menu/Menu_Mes_rapports/Nouveau_Rapport/Mes rapports - SELECTION/Travailleur_options/TC Click on travailleur list option' successfully

2018-09-04 09:47:33 - [TEST_CASE][PASSED] - Test Cases/Sub Script/Navigation_Menu/Menu_Mes_rapports/Nouveau_Rapport/Mes rapports - SELECTION/Travailleur_options/TC Click on travailleur list option: Test Cases/Sub Script/Navigation_Menu/Menu_Mes_rapports/Nouveau_Rapport/Mes rapports - SELECTION/Travailleur_options/TC Click on travailleur list option

2018-09-04 09:47:34 - [TEST_STEP][PASSED] - click: Object: 'Object Repository/Mes rapports Obj/SELECTION/Travailleur/travail - list option' is clicked on

2018-09-04 09:47:34 - [MESSAGE][PASSED] - Object: 'Object Repository/Mes rapports Obj/SELECTION/Travailleur/travail - list option' is clicked on

2018-09-04 09:47:34 - [MESSAGE][PASSED] - Call Test Case 'Test Cases/Sub Script/Navigation_Menu/Menu_Mes_rapports/Nouveau_Rapport/Mes rapports - SELECTION/Travailleur_options/TC Click on travailleur list option' successfully

2018-09-04 09:47:34 - [TEST_STEP][PASSED] - callTestCase: Call Test Case 'Test Cases/Sub Script/Navigation_Menu/Menu_Mes_rapports/Nouveau_Rapport/Mes rapports - SELECTION/Travailleur_options/TC Click on travailleur textfield' successfully

2018-09-04 09:47:34 - [TEST_CASE][PASSED] - Test Cases/Sub Script/Navigation_Menu/Menu_Mes_rapports/Nouveau_Rapport/Mes rapports - SELECTION/Travailleur_options/TC Click on travailleur textfield: Test Cases/Sub Script/Navigation_Menu/Menu_Mes_rapports/Nouveau_Rapport/Mes rapports - SELECTION/Travailleur_options/TC Click on travailleur textfield

2018-09-04 09:47:34 - [TEST_STEP][PASSED] - Statement - travailleur_Textfield = com.kms.katalon.core.webui.keyword.WebUiBuiltInKeywords.modifyObjectProperty(com.kms.katalon.core.testobject.ObjectRepository.findTestObject(Mes rapports Obj/SELECTION/Travailleur/Input field for travailleur), "id", "contains", "s2id_autogen", true): Modify property of object successfully

2018-09-04 09:47:34 - [MESSAGE][PASSED] - Modify property of object successfully

2018-09-04 09:47:34 - [TEST_STEP][PASSED] - click: Object: 'Object Repository/Mes rapports Obj/SELECTION/Travailleur/Input field for travailleur' is clicked on

2018-09-04 09:47:34 - [MESSAGE][PASSED] - Object: 'Object Repository/Mes rapports Obj/SELECTION/Travailleur/Input field for travailleur' is clicked on

2018-09-04 09:47:34 - [MESSAGE][PASSED] - Call Test Case 'Test Cases/Sub Script/Navigation_Menu/Menu_Mes_rapports/Nouveau_Rapport/Mes rapports - SELECTION/Travailleur_options/TC Click on travailleur textfield' successfully

2018-09-04 09:47:34 - [TEST_STEP][PASSED] - callTestCase: Call Test Case 'Test Cases/Sub Script/Navigation_Menu/Menu_Mes_rapports/Nouveau_Rapport/Mes rapports - SELECTION/Travailleur_options/TC Select travailleur from dropdown' successfully

2018-09-04 09:47:34 - [TEST_CASE][PASSED] - Test Cases/Sub Script/Navigation_Menu/Menu_Mes_rapports/Nouveau_Rapport/Mes rapports - SELECTION/Travailleur_options/TC Select travailleur from dropdown: Test Cases/Sub Script/Navigation_Menu/Menu_Mes_rapports/Nouveau_Rapport/Mes rapports - SELECTION/Travailleur_options/TC Select travailleur from dropdown

2018-09-04 09:47:34 - [TEST_STEP][PASSED] - Statement - excelData = com.kms.katalon.core.testdata.TestDataFactory.findTestData(Data Files/Data/TestData): Reading excel file with source file 'C:\Users\seeboruts\OneDrive - SD Worx\Desktop\Test_Data_Reg.xlsx' and sheet name 'TEST DATA'

2018-09-04 09:47:34 - [TEST_STEP][PASSED] - Statement - rowNo = java.lang.Integer.parseInt(currentTestCaseId): null

2018-09-04 09:47:34 - [TEST_STEP][PASSED] - Statement - For ([i = 14, i <= 23, (i++)]): null

2018-09-04 09:47:34 - [TEST_STEP][PASSED] - Statement - If (excelData.getValue(i, rowNo) != ""): Delayed 1 second(s)

2018-09-04 09:47:34 - [TEST_STEP][PASSED] - Statement - Select_travailleur = new com.kms.katalon.core.testobject.TestObject(Select_travailleur_by_name): null

2018-09-04 09:47:34 - [TEST_STEP][PASSED] - Statement - Select_travailleur.addProperty("xpath", EQUALS, "//div[@id='select2-drop']//ul[@class='select2-results']//li[@role='presentation']//div[contains(text(),'" + excelData.getValue(i, rowNo) + "')]"): null

2018-09-04 09:47:34 - [TEST_STEP][PASSED] - click: Object: 'Select_travailleur_by_name' is clicked on

2018-09-04 09:47:35 - [MESSAGE][PASSED] - Object: 'Select_travailleur_by_name' is clicked on

2018-09-04 09:47:35 - [TEST_STEP][PASSED] - delay: Delayed 1 second(s)

2018-09-04 09:47:36 - [MESSAGE][PASSED] - Delayed 1 second(s)

2018-09-04 09:47:36 - [TEST_STEP][PASSED] - Statement - If (excelData.getValue(i, rowNo) != ""): Delayed 1 second(s)

2018-09-04 09:47:36 - [TEST_STEP][PASSED] - Statement - Select_travailleur = new com.kms.katalon.core.testobject.TestObject(Select_travailleur_by_name): null

2018-09-04 09:47:36 - [TEST_STEP][PASSED] - Statement - Select_travailleur.addProperty("xpath", EQUALS, "//div[@id='select2-drop']//ul[@class='select2-results']//li[@role='presentation']//div[contains(text(),'" + excelData.getValue(i, rowNo) + "')]"): null

2018-09-04 09:47:36 - [TEST_STEP][PASSED] - click: Object: 'Select_travailleur_by_name' is clicked on

2018-09-04 09:47:36 - [MESSAGE][PASSED] - Object: 'Select_travailleur_by_name' is clicked on

2018-09-04 09:47:36 - [TEST_STEP][PASSED] - delay: Delayed 1 second(s)

2018-09-04 09:47:37 - [MESSAGE][PASSED] - Delayed 1 second(s)

2018-09-04 09:47:37 - [TEST_STEP][PASSED] - Statement - If (excelData.getValue(i, rowNo) != ""): Delayed 1 second(s)

2018-09-04 09:47:37 - [TEST_STEP][PASSED] - Statement - Select_travailleur = new com.kms.katalon.core.testobject.TestObject(Select_travailleur_by_name): null

2018-09-04 09:47:37 - [TEST_STEP][PASSED] - Statement - Select_travailleur.addProperty("xpath", EQUALS, "//div[@id='select2-drop']//ul[@class='select2-results']//li[@role='presentation']//div[contains(text(),'" + excelData.getValue(i, rowNo) + "')]"): null

2018-09-04 09:47:37 - [TEST_STEP][PASSED] - click: Object: 'Select_travailleur_by_name' is clicked on

2018-09-04 09:47:37 - [MESSAGE][PASSED] - Object: 'Select_travailleur_by_name' is clicked on

2018-09-04 09:47:37 - [TEST_STEP][PASSED] - delay: Delayed 1 second(s)

2018-09-04 09:47:38 - [MESSAGE][PASSED] - Delayed 1 second(s)

2018-09-04 09:47:38 - [TEST_STEP][PASSED] - Statement - If (excelData.getValue(i, rowNo) != ""): Delayed 1 second(s)

2018-09-04 09:47:38 - [TEST_STEP][PASSED] - Statement - Select_travailleur = new com.kms.katalon.core.testobject.TestObject(Select_travailleur_by_name): null

2018-09-04 09:47:38 - [TEST_STEP][PASSED] - Statement - Select_travailleur.addProperty("xpath", EQUALS, "//div[@id='select2-drop']//ul[@class='select2-results']//li[@role='presentation']//div[contains(text(),'" + excelData.getValue(i, rowNo) + "')]"): null

2018-09-04 09:47:38 - [TEST_STEP][PASSED] - click: Object: 'Select_travailleur_by_name' is clicked on

2018-09-04 09:47:38 - [MESSAGE][PASSED] - Object: 'Select_travailleur_by_name' is clicked on

2018-09-04 09:47:38 - [TEST_STEP][PASSED] - delay: Delayed 1 second(s)

2018-09-04 09:47:39 - [MESSAGE][PASSED] - Delayed 1 second(s)

2018-09-04 09:47:39 - [TEST_STEP][PASSED] - Statement - If (excelData.getValue(i, rowNo) != ""): null

2018-09-04 09:47:39 - [TEST_STEP][PASSED] - Statement - Else: null

2018-09-04 09:47:39 - [TEST_STEP][PASSED] - Statement - Break: null

2018-09-04 09:47:39 - [TEST_STEP][PASSED] - waitForPageLoad: Wait for page load successfully

2018-09-04 09:47:39 - [MESSAGE][PASSED] - Wait for page load successfully

2018-09-04 09:47:39 - [TEST_STEP][PASSED] - click: Object: 'Object Repository/Mes rapports Obj/SELECTION/Travailleur/Page_eBlox Reporting/Close_dropdown' is clicked on

2018-09-04 09:47:39 - [MESSAGE][PASSED] - Object: 'Object Repository/Mes rapports Obj/SELECTION/Travailleur/Page_eBlox Reporting/Close_dropdown' is clicked on

2018-09-04 09:47:39 - [TEST_STEP][PASSED] - delay: Delayed 2 second(s)

2018-09-04 09:47:41 - [MESSAGE][PASSED] - Delayed 2 second(s)

2018-09-04 09:47:41 - [MESSAGE][PASSED] - Call Test Case 'Test Cases/Sub Script/Navigation_Menu/Menu_Mes_rapports/Nouveau_Rapport/Mes rapports - SELECTION/Travailleur_options/TC Select travailleur from dropdown' successfully

2018-09-04 09:47:41 - [TEST_STEP][PASSED] - callTestCase: Call Test Case 'Test Cases/Sub Script/Navigation_Menu/Menu_Mes_rapports/Nouveau_Rapport/Mes rapports - SELECTION/CheckBox Selection/TC Verify CheckBox' successfully

2018-09-04 09:47:41 - [TEST_CASE][PASSED] - Test Cases/Sub Script/Navigation_Menu/Menu_Mes_rapports/Nouveau_Rapport/Mes rapports - SELECTION/CheckBox Selection/TC Verify CheckBox: Test Cases/Sub Script/Navigation_Menu/Menu_Mes_rapports/Nouveau_Rapport/Mes rapports - SELECTION/CheckBox Selection/TC Verify CheckBox

2018-09-04 09:47:41 - [TEST_STEP][PASSED] - Statement - excelData = com.kms.katalon.core.testdata.TestDataFactory.findTestData(Data Files/Data/TestData): Reading excel file with source file 'C:\Users\seeboruts\OneDrive - SD Worx\Desktop\Test_Data_Reg.xlsx' and sheet name 'TEST DATA'

2018-09-04 09:47:41 - [TEST_STEP][PASSED] - Statement - rowNo = java.lang.Integer.parseInt(currentTestCaseId): null

2018-09-04 09:47:41 - [TEST_STEP][PASSED] - Statement - For ([i = 34, i <= 42, (i++)]): Object 'Object Repository/Mes rapports Obj/SELECTION/Suspension' is un-checked

2018-09-04 09:47:41 - [TEST_STEP][PASSED] - Statement - If (excelData.getValue(i, rowNo) != ""): Object 'Object Repository/Mes rapports Obj/SELECTION/Contracts actifs' is un-checked

2018-09-04 09:47:41 - [TEST_STEP][PASSED] - excelData.getValue(i, rowNo): Object 'Object Repository/Mes rapports Obj/SELECTION/Contracts actifs' is un-checked

2018-09-04 09:47:42 - [MESSAGE][PASSED] - Object 'Object Repository/Mes rapports Obj/SELECTION/Contracts actifs' is un-checked

2018-09-04 09:47:42 - [TEST_STEP][PASSED] - Statement - If (excelData.getValue(i, rowNo) != ""): Object 'Object Repository/Mes rapports Obj/SELECTION/Dossier and Groupe checkbox' is checked

2018-09-04 09:47:42 - [TEST_STEP][PASSED] - excelData.getValue(i, rowNo): Object 'Object Repository/Mes rapports Obj/SELECTION/Dossier and Groupe checkbox' is checked

2018-09-04 09:47:42 - [MESSAGE][PASSED] - Object 'Object Repository/Mes rapports Obj/SELECTION/Dossier and Groupe checkbox' is checked

2018-09-04 09:47:42 - [TEST_STEP][PASSED] - Statement - If (excelData.getValue(i, rowNo) != ""): Object 'Object Repository/Mes rapports Obj/SELECTION/Travailleur checkbox' is checked

2018-09-04 09:47:42 - [TEST_STEP][PASSED] - excelData.getValue(i, rowNo): Object 'Object Repository/Mes rapports Obj/SELECTION/Travailleur checkbox' is checked

2018-09-04 09:47:42 - [MESSAGE][PASSED] - Object 'Object Repository/Mes rapports Obj/SELECTION/Travailleur checkbox' is checked

2018-09-04 09:47:42 - [TEST_STEP][PASSED] - Statement - If (excelData.getValue(i, rowNo) != ""): Object 'Object Repository/Mes rapports Obj/SELECTION/Departement' is un-checked

2018-09-04 09:47:42 - [TEST_STEP][PASSED] - excelData.getValue(i, rowNo): Object 'Object Repository/Mes rapports Obj/SELECTION/Departement' is un-checked

2018-09-04 09:47:42 - [MESSAGE][PASSED] - Object 'Object Repository/Mes rapports Obj/SELECTION/Departement' is un-checked

2018-09-04 09:47:42 - [TEST_STEP][PASSED] - Statement - If (excelData.getValue(i, rowNo) != ""): Object 'Object Repository/Mes rapports Obj/SELECTION/Caratere juridique du contrat' is un-checked

2018-09-04 09:47:42 - [TEST_STEP][PASSED] - excelData.getValue(i, rowNo): Object 'Object Repository/Mes rapports Obj/SELECTION/Caratere juridique du contrat' is un-checked

2018-09-04 09:47:42 - [MESSAGE][PASSED] - Object 'Object Repository/Mes rapports Obj/SELECTION/Caratere juridique du contrat' is un-checked

2018-09-04 09:47:42 - [TEST_STEP][PASSED] - Statement - If (excelData.getValue(i, rowNo) != ""): Object 'Object Repository/Mes rapports Obj/SELECTION/Pays de naissance' is un-checked

2018-09-04 09:47:42 - [TEST_STEP][PASSED] - excelData.getValue(i, rowNo): Object 'Object Repository/Mes rapports Obj/SELECTION/Pays de naissance' is un-checked

2018-09-04 09:47:42 - [MESSAGE][PASSED] - Object 'Object Repository/Mes rapports Obj/SELECTION/Pays de naissance' is un-checked

2018-09-04 09:47:42 - [TEST_STEP][PASSED] - Statement - If (excelData.getValue(i, rowNo) != ""): Object 'Object Repository/Mes rapports Obj/SELECTION/Sexe' is un-checked

2018-09-04 09:47:42 - [TEST_STEP][PASSED] - excelData.getValue(i, rowNo): Object 'Object Repository/Mes rapports Obj/SELECTION/Sexe' is un-checked

2018-09-04 09:47:42 - [MESSAGE][PASSED] - Object 'Object Repository/Mes rapports Obj/SELECTION/Sexe' is un-checked

2018-09-04 09:47:42 - [TEST_STEP][PASSED] - Statement - If (excelData.getValue(i, rowNo) != ""): Object 'Object Repository/Mes rapports Obj/SELECTION/Mode de remuneration' is un-checked

2018-09-04 09:47:42 - [TEST_STEP][PASSED] - excelData.getValue(i, rowNo): Object 'Object Repository/Mes rapports Obj/SELECTION/Mode de remuneration' is un-checked

2018-09-04 09:47:42 - [MESSAGE][PASSED] - Object 'Object Repository/Mes rapports Obj/SELECTION/Mode de remuneration' is un-checked

2018-09-04 09:47:42 - [TEST_STEP][PASSED] - Statement - If (excelData.getValue(i, rowNo) != ""): Object 'Object Repository/Mes rapports Obj/SELECTION/Suspension' is un-checked

2018-09-04 09:47:42 - [TEST_STEP][PASSED] - excelData.getValue(i, rowNo): Object 'Object Repository/Mes rapports Obj/SELECTION/Suspension' is un-checked

2018-09-04 09:47:42 - [MESSAGE][PASSED] - Object 'Object Repository/Mes rapports Obj/SELECTION/Suspension' is un-checked

2018-09-04 09:47:42 - [MESSAGE][PASSED] - Call Test Case 'Test Cases/Sub Script/Navigation_Menu/Menu_Mes_rapports/Nouveau_Rapport/Mes rapports - SELECTION/CheckBox Selection/TC Verify CheckBox' successfully

2018-09-04 09:47:42 - [TEST_STEP][PASSED] - callTestCase: Call Test Case 'Test Cases/Sub Script/Verify URL/TC Verify Url' successfully

2018-09-04 09:47:42 - [TEST_CASE][PASSED] - Test Cases/Sub Script/Verify URL/TC Verify Url: Test Cases/Sub Script/Verify URL/TC Verify Url

2018-09-04 09:47:42 - [TEST_STEP][PASSED] - waitForPageLoad: Wait for page load successfully

2018-09-04 09:47:42 - [MESSAGE][PASSED] - Wait for page load successfully

2018-09-04 09:47:42 - [TEST_STEP][PASSED] - Statement - url = com.kms.katalon.core.webui.keyword.WebUiBuiltInKeywords.getUrl(): Current window's url is: 'https://internet.acc.sd.dika.be/ebloxreporting/web.sensitive/main/FpyDF/iIz9g8MffKNXfNyb1H/NL/#/definitie/wizard/extern/index/28448/selectie'

2018-09-04 09:47:42 - [MESSAGE][PASSED] - Current window's url is: 'https://internet.acc.sd.dika.be/ebloxreporting/web.sensitive/main/FpyDF/iIz9g8MffKNXfNyb1H/NL/#/definitie/wizard/extern/index/28448/selectie'

2018-09-04 09:47:42 - [TEST_STEP][PASSED] - Statement - p = java.util.regex.Pattern.compile("00040 ANTILOPE GROEP"): null

2018-09-04 09:47:42 - [TEST_STEP][PASSED] - Statement - m = p.matcher(url): null

2018-09-04 09:47:42 - [TEST_STEP][PASSED] - Statement - If (m.find()): null

2018-09-04 09:47:42 - [TEST_STEP][PASSED] - Statement - Else: The user name and the concern number are not present in the URL

2018-09-04 09:47:42 - [TEST_STEP][PASSED] - Statement - com.kms.katalon.core.util.KeywordUtil.markPassed("The user name and the concern number are not present in the URL"): The user name and the concern number are not present in the URL

2018-09-04 09:47:42 - [MESSAGE][PASSED] - The user name and the concern number are not present in the URL

2018-09-04 09:47:42 - [TEST_STEP][PASSED] - delay: Delayed 2 second(s)

2018-09-04 09:47:44 - [MESSAGE][PASSED] - Delayed 2 second(s)

2018-09-04 09:47:44 - [MESSAGE][PASSED] - Call Test Case 'Test Cases/Sub Script/Verify URL/TC Verify Url' successfully

2018-09-04 09:47:44 - [TEST_STEP][PASSED] - callTestCase: Call Test Case 'Test Cases/Sub Script/Navigation_Menu/Menu_Mes_rapports/TC Verify the next button arrow' successfully

2018-09-04 09:47:44 - [TEST_CASE][PASSED] - Test Cases/Sub Script/Navigation_Menu/Menu_Mes_rapports/TC Verify the next button arrow: Test Cases/Sub Script/Navigation_Menu/Menu_Mes_rapports/TC Verify the next button arrow

2018-09-04 09:47:44 - [TEST_STEP][PASSED] - waitForElementClickable: Object 'Object Repository/Mes rapports Obj/button_Next_Arrow' is clickable

2018-09-04 09:47:44 - [MESSAGE][PASSED] - Object 'Object Repository/Mes rapports Obj/button_Next_Arrow' is clickable

2018-09-04 09:47:44 - [TEST_STEP][PASSED] - click: Object: 'Object Repository/Mes rapports Obj/button_Next_Arrow' is clicked on

2018-09-04 09:47:44 - [MESSAGE][PASSED] - Object: 'Object Repository/Mes rapports Obj/button_Next_Arrow' is clicked on

2018-09-04 09:47:44 - [TEST_STEP][PASSED] - delay: Delayed 5 second(s)

2018-09-04 09:47:49 - [MESSAGE][PASSED] - Delayed 5 second(s)

2018-09-04 09:47:49 - [TEST_STEP][PASSED] - waitForPageLoad: Wait for page load successfully

2018-09-04 09:47:49 - [MESSAGE][PASSED] - Wait for page load successfully

2018-09-04 09:47:49 - [MESSAGE][PASSED] - Call Test Case 'Test Cases/Sub Script/Navigation_Menu/Menu_Mes_rapports/TC Verify the next button arrow' successfully

2018-09-04 09:47:49 - [TEST_STEP][PASSED] - callTestCase: Call Test Case 'Test Cases/Sub Script/Navigation_Menu/Menu_Mes_rapports/Nouveau_Rapport/Mes rapports - EXECUTION/Saisissez les valeurs souhaitees section/TC Click on Dossier and Groupe textfield' successfully

2018-09-04 09:47:49 - [TEST_CASE][PASSED] - Test Cases/Sub Script/Navigation_Menu/Menu_Mes_rapports/Nouveau_Rapport/Mes rapports - EXECUTION/Saisissez les valeurs souhaitees section/TC Click on Dossier and Groupe textfield: Test Cases/Sub Script/Navigation_Menu/Menu_Mes_rapports/Nouveau_Rapport/Mes rapports - EXECUTION/Saisissez les valeurs souhaitees section/TC Click on Dossier and Groupe textfield

2018-09-04 09:47:50 - [TEST_STEP][PASSED] - Statement - inputDossier = com.kms.katalon.core.webui.keyword.WebUiBuiltInKeywords.modifyObjectProperty(com.kms.katalon.core.testobject.ObjectRepository.findTestObject(Mes rapports Obj/EXECUTION/Description_Dossier and Groupe figure dans), "id", "contains", "s2id_autogen", true): Modify property of object successfully

2018-09-04 09:47:50 - [MESSAGE][PASSED] - Modify property of object successfully

2018-09-04 09:47:50 - [TEST_STEP][PASSED] - click: Object: 'Object Repository/Mes rapports Obj/EXECUTION/Description_Dossier and Groupe figure dans' is clicked on

2018-09-04 09:47:50 - [MESSAGE][PASSED] - Object: 'Object Repository/Mes rapports Obj/EXECUTION/Description_Dossier and Groupe figure dans' is clicked on

2018-09-04 09:47:50 - [TEST_STEP][PASSED] - delay: Delayed 2 second(s)

2018-09-04 09:47:52 - [MESSAGE][PASSED] - Delayed 2 second(s)

2018-09-04 09:47:52 - [MESSAGE][PASSED] - Call Test Case 'Test Cases/Sub Script/Navigation_Menu/Menu_Mes_rapports/Nouveau_Rapport/Mes rapports - EXECUTION/Saisissez les valeurs souhaitees section/TC Click on Dossier and Groupe textfield' successfully

2018-09-04 09:47:52 - [TEST_STEP][PASSED] - callTestCase: Call Test Case 'Test Cases/Sub Script/Navigation_Menu/Menu_Mes_rapports/Nouveau_Rapport/Mes rapports - EXECUTION/Saisissez les valeurs souhaitees section/TC Select Dossier and groupe from dropdown' successfully

2018-09-04 09:47:52 - [TEST_CASE][PASSED] - Test Cases/Sub Script/Navigation_Menu/Menu_Mes_rapports/Nouveau_Rapport/Mes rapports - EXECUTION/Saisissez les valeurs souhaitees section/TC Select Dossier and groupe from dropdown: Test Cases/Sub Script/Navigation_Menu/Menu_Mes_rapports/Nouveau_Rapport/Mes rapports - EXECUTION/Saisissez les valeurs souhaitees section/TC Select Dossier and groupe from dropdown

2018-09-04 09:47:52 - [TEST_STEP][PASSED] - Statement - excelData = com.kms.katalon.core.testdata.TestDataFactory.findTestData(Data Files/Data/TestData): Reading excel file with source file 'C:\Users\seeboruts\OneDrive - SD Worx\Desktop\Test_Data_Reg.xlsx' and sheet name 'TEST DATA'

2018-09-04 09:47:52 - [TEST_STEP][PASSED] - Statement - rowNo = java.lang.Integer.parseInt(currentTestCaseId): null

2018-09-04 09:47:52 - [TEST_STEP][PASSED] - Statement - For ([i = 24, i <= 33, (i++)]): null

2018-09-04 09:47:52 - [TEST_STEP][PASSED] - Statement - If (excelData.getValue(i, rowNo) != ""): Delayed 2 second(s)

2018-09-04 09:47:52 - [TEST_STEP][PASSED] - Statement - InputDossier = new com.kms.katalon.core.testobject.TestObject(Select_dossier_by_name): null

2018-09-04 09:47:52 - [TEST_STEP][PASSED] - Statement - InputDossier.addProperty("xpath", EQUALS, "//div[@id='select2-drop']//ul[@class='select2-results']//li[@role='presentation']//div[contains(text(),'" + excelData.getValue(i, rowNo) + "')]"): null

2018-09-04 09:47:52 - [TEST_STEP][PASSED] - click: Object: 'Select_dossier_by_name' is clicked on

2018-09-04 09:47:52 - [MESSAGE][PASSED] - Object: 'Select_dossier_by_name' is clicked on

2018-09-04 09:47:52 - [TEST_STEP][PASSED] - delay: Delayed 2 second(s)

2018-09-04 09:47:54 - [MESSAGE][PASSED] - Delayed 2 second(s)

2018-09-04 09:47:54 - [TEST_STEP][PASSED] - Statement - If (excelData.getValue(i, rowNo) != ""): Delayed 2 second(s)

2018-09-04 09:47:54 - [TEST_STEP][PASSED] - Statement - InputDossier = new com.kms.katalon.core.testobject.TestObject(Select_dossier_by_name): null

2018-09-04 09:47:54 - [TEST_STEP][PASSED] - Statement - InputDossier.addProperty("xpath", EQUALS, "//div[@id='select2-drop']//ul[@class='select2-results']//li[@role='presentation']//div[contains(text(),'" + excelData.getValue(i, rowNo) + "')]"): null

2018-09-04 09:47:54 - [TEST_STEP][PASSED] - click: Object: 'Select_dossier_by_name' is clicked on

2018-09-04 09:47:54 - [MESSAGE][PASSED] - Object: 'Select_dossier_by_name' is clicked on

2018-09-04 09:47:54 - [TEST_STEP][PASSED] - delay: Delayed 2 second(s)

2018-09-04 09:47:56 - [MESSAGE][PASSED] - Delayed 2 second(s)

2018-09-04 09:47:56 - [TEST_STEP][PASSED] - Statement - If (excelData.getValue(i, rowNo) != ""): Delayed 2 second(s)

2018-09-04 09:47:56 - [TEST_STEP][PASSED] - Statement - InputDossier = new com.kms.katalon.core.testobject.TestObject(Select_dossier_by_name): null

2018-09-04 09:47:56 - [TEST_STEP][PASSED] - Statement - InputDossier.addProperty("xpath", EQUALS, "//div[@id='select2-drop']//ul[@class='select2-results']//li[@role='presentation']//div[contains(text(),'" + excelData.getValue(i, rowNo) + "')]"): null

2018-09-04 09:47:56 - [TEST_STEP][PASSED] - click: Object: 'Select_dossier_by_name' is clicked on

2018-09-04 09:47:57 - [MESSAGE][PASSED] - Object: 'Select_dossier_by_name' is clicked on

2018-09-04 09:47:57 - [TEST_STEP][PASSED] - delay: Delayed 2 second(s)

2018-09-04 09:47:59 - [MESSAGE][PASSED] - Delayed 2 second(s)

2018-09-04 09:47:59 - [TEST_STEP][PASSED] - Statement - If (excelData.getValue(i, rowNo) != ""): null

2018-09-04 09:47:59 - [TEST_STEP][PASSED] - Statement - Else: null

2018-09-04 09:47:59 - [TEST_STEP][PASSED] - Statement - Break: null

2018-09-04 09:47:59 - [TEST_STEP][PASSED] - waitForPageLoad: Wait for page load successfully

2018-09-04 09:47:59 - [MESSAGE][PASSED] - Wait for page load successfully

2018-09-04 09:47:59 - [TEST_STEP][PASSED] - click: Object: 'Object Repository/Mes rapports Obj/SELECTION/Travailleur/Page_eBlox Reporting/Close_dropdown' is clicked on

2018-09-04 09:47:59 - [MESSAGE][PASSED] - Object: 'Object Repository/Mes rapports Obj/SELECTION/Travailleur/Page_eBlox Reporting/Close_dropdown' is clicked on

2018-09-04 09:47:59 - [TEST_STEP][PASSED] - delay: Delayed 2 second(s)

2018-09-04 09:48:01 - [MESSAGE][PASSED] - Delayed 2 second(s)

2018-09-04 09:48:01 - [MESSAGE][PASSED] - Call Test Case 'Test Cases/Sub Script/Navigation_Menu/Menu_Mes_rapports/Nouveau_Rapport/Mes rapports - EXECUTION/Saisissez les valeurs souhaitees section/TC Select Dossier and groupe from dropdown' successfully

2018-09-04 09:48:01 - [TEST_STEP][FAILED] - callTestCase: Unable to call Test Case with id 'Test Cases/Sub Script/Navigation_Menu/Menu_Mes_rapports/Nouveau_Rapport/Mes rapports - EXECUTION/Saisissez les valeurs souhaitees section/TC Click on reference historic dropdown' (Root cause: Call Test Case 'Test Cases/Sub Script/Navigation_Menu/Menu_Mes_rapports/Nouveau_Rapport/Mes rapports - EXECUTION/Saisissez les valeurs souhaitees section/TC Click on reference historic dropdown' failed)

2018-09-04 09:48:01 - [TEST_CASE][FAILED] - Test Cases/Sub Script/Navigation_Menu/Menu_Mes_rapports/Nouveau_Rapport/Mes rapports - EXECUTION/Saisissez les valeurs souhaitees section/TC Click on reference historic dropdown: Test Cases/Sub Script/Navigation_Menu/Menu_Mes_rapports/Nouveau_Rapport/Mes rapports - EXECUTION/Saisissez les valeurs souhaitees section/TC Click on reference historic dropdown FAILED because (of) Unable to click on object 'Object Repository/Mes rapports Obj/EXECUTION/Description _Date de reference historique' (Root cause: com.kms.katalon.core.webui.exception.WebElementNotFoundException: Web element with id: 'Object Repository/Mes rapports Obj/EXECUTION/Description _Date de reference historique' located by 'By.xpath: //*[@id="uitvoering-parameters"]/div/div[2]/div/div/table/tbody/tr[2]/td[2]/div/div/rapp-date-prompt/div/div/rapp-special-values/div/button[count(. | //button[@type = 'button' and @class = 'btn pull-left btn-default rapp-selected-prompt-button dropdown-toggle ' and @data-toggle = 'dropdown' and @style = 'font-weight: normal; text-align: left; width: 100%;']) = count(//button[@type = 'button' and @class = 'btn pull-left btn-default rapp-selected-prompt-button dropdown-toggle ' and @data-toggle = 'dropdown' and @style = 'font-weight: normal; text-align: left; width: 100%;'])]' not found)

2018-09-04 09:48:01 - [TEST_STEP][PASSED] - Statement - historic = com.kms.katalon.core.webui.keyword.WebUiBuiltInKeywords.modifyObjectProperty(com.kms.katalon.core.testobject.ObjectRepository.findTestObject(Mes rapports Obj/EXECUTION/Description _Date de reference historique), "xpath", "equals", "//*[@id="uitvoering-parameters"]/div/div[2]/div/div/table/tbody/tr[2]/td[2]/div/div/rapp-date-prompt/div/div/rapp-special-values/div/button", true): Modify property of object successfully

2018-09-04 09:48:01 - [MESSAGE][PASSED] - Modify property of object successfully

2018-09-04 09:48:01 - [TEST_STEP][FAILED] - click: Unable to click on object 'Object Repository/Mes rapports Obj/EXECUTION/Description _Date de reference historique' (Root cause: com.kms.katalon.core.webui.exception.WebElementNotFoundException: Web element with id: 'Object Repository/Mes rapports Obj/EXECUTION/Description _Date de reference historique' located by 'By.xpath: //*[@id="uitvoering-parameters"]/div/div[2]/div/div/table/tbody/tr[2]/td[2]/div/div/rapp-date-prompt/div/div/rapp-special-values/div/button[count(. | //button[@type = 'button' and @class = 'btn pull-left btn-default rapp-selected-prompt-button dropdown-toggle ' and @data-toggle = 'dropdown' and @style = 'font-weight: normal; text-align: left; width: 100%;']) = count(//button[@type = 'button' and @class = 'btn pull-left btn-default rapp-selected-prompt-button dropdown-toggle ' and @data-toggle = 'dropdown' and @style = 'font-weight: normal; text-align: left; width: 100%;'])]' not found)

2018-09-04 09:48:34 - [MESSAGE][FAILED] - Unable to click on object 'Object Repository/Mes rapports Obj/EXECUTION/Description _Date de reference historique' (Root cause: com.kms.katalon.core.webui.exception.WebElementNotFoundException: Web element with id: 'Object Repository/Mes rapports Obj/EXECUTION/Description _Date de reference historique' located by 'By.xpath: //*[@id="uitvoering-parameters"]/div/div[2]/div/div/table/tbody/tr[2]/td[2]/div/div/rapp-date-prompt/div/div/rapp-special-values/div/button[count(. | //button[@type = 'button' and @class = 'btn pull-left btn-default rapp-selected-prompt-button dropdown-toggle ' and @data-toggle = 'dropdown' and @style = 'font-weight: normal; text-align: left; width: 100%;']) = count(//button[@type = 'button' and @class = 'btn pull-left btn-default rapp-selected-prompt-button dropdown-toggle ' and @data-toggle = 'dropdown' and @style = 'font-weight: normal; text-align: left; width: 100%;'])]' not found)
[[ATTACHMENT|C:\\Users\\seeboruts\\OneDrive - SD Worx\\Desktop\\Katalon_eBlox_Reporting\\Reports\\testing\\Demo\\20180904_094517\\1536040113938.png]]

2018-09-04 09:48:34 - [MESSAGE][FAILED] - Unable to call Test Case with id 'Test Cases/Sub Script/Navigation_Menu/Menu_Mes_rapports/Nouveau_Rapport/Mes rapports - EXECUTION/Saisissez les valeurs souhaitees section/TC Click on reference historic dropdown' (Root cause: Call Test Case 'Test Cases/Sub Script/Navigation_Menu/Menu_Mes_rapports/Nouveau_Rapport/Mes rapports - EXECUTION/Saisissez les valeurs souhaitees section/TC Click on reference historic dropdown' failed)]]></system-out>
         <system-err><![CDATA[2018-09-04 09:45:20 - [TEST_CASE][FAILED] - Test Cases/Main Script/TC2 NEW: Test Cases/Main Script/TC2 NEW FAILED because (of) Unable to click on object 'Object Repository/Mes rapports Obj/EXECUTION/Description _Date de reference historique' (Root cause: com.kms.katalon.core.webui.exception.WebElementNotFoundException: Web element with id: 'Object Repository/Mes rapports Obj/EXECUTION/Description _Date de reference historique' located by 'By.xpath: //*[@id="uitvoering-parameters"]/div/div[2]/div/div/table/tbody/tr[2]/td[2]/div/div/rapp-date-prompt/div/div/rapp-special-values/div/button[count(. | //button[@type = 'button' and @class = 'btn pull-left btn-default rapp-selected-prompt-button dropdown-toggle ' and @data-toggle = 'dropdown' and @style = 'font-weight: normal; text-align: left; width: 100%;']) = count(//button[@type = 'button' and @class = 'btn pull-left btn-default rapp-selected-prompt-button dropdown-toggle ' and @data-toggle = 'dropdown' and @style = 'font-weight: normal; text-align: left; width: 100%;'])]' not found)]]></system-err>
      </testcase>
      <testcase name="Test Cases/Main Script/TC3 VALIDATION" classname="Test Cases/Main Script/TC3 VALIDATION" status="PASSED">
         <system-out><![CDATA[2018-09-04 09:48:34 - [TEST_CASE][PASSED] - Test Cases/Main Script/TC3 VALIDATION: Test Cases/Main Script/TC3 VALIDATION

2018-09-04 09:48:34 - [TEST_STEP][PASSED] - Start listener action : sampleBeforeTestCase: Invoke 'com.kms.katalon.core.annotation.BeforeTestCase' method: 'NewTestListener.sampleBeforeTestCase(...)' completed.

2018-09-04 09:48:34 - [TEST_STEP][PASSED] - Statement - println(testCaseContext.getTextCaseId()=$testCaseContext.getTestCaseId()): null

2018-09-04 09:48:34 - [TEST_STEP][PASSED] - Statement - currentTestCaseId = testCaseContext.getTestCaseId(): Invoke 'com.kms.katalon.core.annotation.BeforeTestCase' method: 'NewTestListener.sampleBeforeTestCase(...)' completed.

2018-09-04 09:48:34 - [TEST_STEP][PASSED] - verify_Test_Case_Number.getTestCaseNumber.getTCNo: verify_Test_Case_Number.getTestCaseNumber.getTCNo is PASSED

2018-09-04 09:48:34 - [MESSAGE][PASSED] - verify_Test_Case_Number.getTestCaseNumber.getTCNo is PASSED

2018-09-04 09:48:34 - [TEST_STEP][PASSED] - callTestCase: Call Test Case 'Test Cases/Login/TC1 Login to Mysdworx' successfully

2018-09-04 09:48:34 - [TEST_CASE][PASSED] - Test Cases/Login/TC1 Login to Mysdworx: Test Cases/Login/TC1 Login to Mysdworx

2018-09-04 09:48:34 - [TEST_STEP][PASSED] - openBrowser: Browser is opened with url: ''

2018-09-04 09:48:34 - [MESSAGE][WARNING] - A browser is already opened. Closing browser and opening a new one

2018-09-04 09:48:37 - [MESSAGE][PASSED] - Browser is opened with url: ''

2018-09-04 09:48:37 - [TEST_STEP][PASSED] - navigateToUrl: Navigate to 'https://internet.acc.sd.dika.be/ebloxreporting/web.sensitive/main/?lang=fr' successfully

2018-09-04 09:48:42 - [MESSAGE][PASSED] - Navigate to 'https://internet.acc.sd.dika.be/ebloxreporting/web.sensitive/main/?lang=fr' successfully

2018-09-04 09:48:42 - [TEST_STEP][PASSED] - maximizeWindow: Current window maximized

2018-09-04 09:48:43 - [MESSAGE][PASSED] - Current window maximized

2018-09-04 09:48:43 - [TEST_STEP][PASSED] - setText: Text 'DP_EBLOX_RPP_VASCO' is set on object 'Object Repository/Page_mysdworx - Log in/input_Username'

2018-09-04 09:48:48 - [MESSAGE][PASSED] - Text 'DP_EBLOX_RPP_VASCO' is set on object 'Object Repository/Page_mysdworx - Log in/input_Username'

2018-09-04 09:48:48 - [TEST_STEP][PASSED] - Statement - frame = new javax.swing.JFrame(User Input Frame): null

2018-09-04 09:48:48 - [TEST_STEP][PASSED] - Statement - frame.requestFocus(): null

2018-09-04 09:48:48 - [TEST_STEP][PASSED] - Statement - pass = javax.swing.JOptionPane.showInputDialog(frame, "Enter the password from token!!"): null

2018-09-04 09:48:51 - [TEST_STEP][PASSED] - delay: Delayed 2 second(s)

2018-09-04 09:48:53 - [MESSAGE][PASSED] - Delayed 2 second(s)

2018-09-04 09:48:53 - [TEST_STEP][PASSED] - setText: Text '083528' is set on object 'Object Repository/Page_mysdworx - Log in/input_Password'

2018-09-04 09:48:53 - [MESSAGE][PASSED] - Text '083528' is set on object 'Object Repository/Page_mysdworx - Log in/input_Password'

2018-09-04 09:48:53 - [TEST_STEP][PASSED] - click: Object: 'Object Repository/Page_mysdworx - Log in/button_Se connecter' is clicked on

2018-09-04 09:48:53 - [MESSAGE][PASSED] - Object: 'Object Repository/Page_mysdworx - Log in/button_Se connecter' is clicked on

2018-09-04 09:48:53 - [TEST_STEP][PASSED] - waitForPageLoad: Wait for page load successfully

2018-09-04 09:48:53 - [MESSAGE][PASSED] - Wait for page load successfully

2018-09-04 09:48:53 - [TEST_STEP][NOT_RUN] - closeBrowser: NOT_RUN: closeBrowser

2018-09-04 09:48:53 - [MESSAGE][NOT_RUN] - NOT_RUN: closeBrowser

2018-09-04 09:48:53 - [MESSAGE][PASSED] - Call Test Case 'Test Cases/Login/TC1 Login to Mysdworx' successfully

2018-09-04 09:48:53 - [TEST_STEP][PASSED] - callTestCase: Call Test Case 'Test Cases/Sub Script/Select Language/TC1 Verify NL language' successfully

2018-09-04 09:48:53 - [TEST_CASE][PASSED] - Test Cases/Sub Script/Select Language/TC1 Verify NL language: Test Cases/Sub Script/Select Language/TC1 Verify NL language

2018-09-04 09:48:53 - [TEST_STEP][PASSED] - waitForElementClickable: Web element with id: 'Object Repository/Change language link Obj/NL_language' located by 'By.xpath: id("navbar-anchor")/div[@class="nav nav-navbar"]/div[@class="user-info navbar-right hidden-xs"]/div[@class="user-actions"]/rapp-language-switcher[@class="ng-isolate-scope"]/ul[@class="list-inline list-unstyled lang"]/li[@class="ng-scope"]/a[@class="ng-binding"][count(. | //a[@ng-click = 'changeLanguageVm.switchPageToLanguage(lang)' and (text() = '
            NL   
        ' or . = '
            NL   
        ')]) = count(//a[@ng-click = 'changeLanguageVm.switchPageToLanguage(lang)' and (text() = '
            NL   
        ' or . = '
            NL   
        ')])]' not found

2018-09-04 09:49:45 - [MESSAGE][WARNING] - Web element with id: 'Object Repository/Change language link Obj/NL_language' located by 'By.xpath: id("navbar-anchor")/div[@class="nav nav-navbar"]/div[@class="user-info navbar-right hidden-xs"]/div[@class="user-actions"]/rapp-language-switcher[@class="ng-isolate-scope"]/ul[@class="list-inline list-unstyled lang"]/li[@class="ng-scope"]/a[@class="ng-binding"][count(. | //a[@ng-click = 'changeLanguageVm.switchPageToLanguage(lang)' and (text() = '
            NL   
        ' or . = '
            NL   
        ')]) = count(//a[@ng-click = 'changeLanguageVm.switchPageToLanguage(lang)' and (text() = '
            NL   
        ' or . = '
            NL   
        ')])]' not found

2018-09-04 09:49:45 - [TEST_STEP][PASSED] - Statement - verify_NL_link = com.kms.katalon.core.webui.keyword.WebUiBuiltInKeywords.verifyElementClickable(com.kms.katalon.core.testobject.ObjectRepository.findTestObject(Change language link Obj/NL_language)): Object 'Object Repository/Change language link Obj/NL_language' is clickable

2018-09-04 09:49:46 - [MESSAGE][PASSED] - Object 'Object Repository/Change language link Obj/NL_language' is clickable

2018-09-04 09:49:46 - [TEST_STEP][PASSED] - Statement - If (verify_NL_link.equals(true)): NL link is clickable !

2018-09-04 09:49:46 - [TEST_STEP][PASSED] - Statement - com.kms.katalon.core.util.KeywordUtil.markPassed("NL link is clickable !"): NL link is clickable !

2018-09-04 09:49:46 - [MESSAGE][PASSED] - NL link is clickable !

2018-09-04 09:49:46 - [TEST_STEP][PASSED] - click: Object: 'Object Repository/Change language link Obj/NL_language' is clicked on

2018-09-04 09:49:59 - [MESSAGE][PASSED] - Object: 'Object Repository/Change language link Obj/NL_language' is clicked on

2018-09-04 09:49:59 - [TEST_STEP][PASSED] - waitForPageLoad: Wait for page load successfully

2018-09-04 09:49:59 - [MESSAGE][PASSED] - Wait for page load successfully

2018-09-04 09:49:59 - [MESSAGE][PASSED] - Call Test Case 'Test Cases/Sub Script/Select Language/TC1 Verify NL language' successfully

2018-09-04 09:49:59 - [TEST_STEP][PASSED] - callTestCase: Call Test Case 'Test Cases/Sub Script/Navigation_Menu/Menu_Mes_rapports/TC Verify Nouveau rapport button' successfully

2018-09-04 09:49:59 - [TEST_CASE][PASSED] - Test Cases/Sub Script/Navigation_Menu/Menu_Mes_rapports/TC Verify Nouveau rapport button: Test Cases/Sub Script/Navigation_Menu/Menu_Mes_rapports/TC Verify Nouveau rapport button

2018-09-04 09:49:59 - [TEST_STEP][PASSED] - click: Object: 'Object Repository/Mes rapports Obj/button_Nouveau rapport' is clicked on

2018-09-04 09:50:03 - [MESSAGE][PASSED] - Object: 'Object Repository/Mes rapports Obj/button_Nouveau rapport' is clicked on

2018-09-04 09:50:03 - [TEST_STEP][PASSED] - waitForPageLoad: Wait for page load successfully

2018-09-04 09:50:03 - [MESSAGE][PASSED] - Wait for page load successfully

2018-09-04 09:50:03 - [MESSAGE][PASSED] - Call Test Case 'Test Cases/Sub Script/Navigation_Menu/Menu_Mes_rapports/TC Verify Nouveau rapport button' successfully

2018-09-04 09:50:03 - [TEST_STEP][PASSED] - callTestCase: Call Test Case 'Test Cases/Sub Script/Navigation_Menu/Menu_Mes_rapports/Nouveau_Rapport/Mes rapports - BASE DE RAPPORT/TC Verify radio button creer un tout nouveau rapport' successfully

2018-09-04 09:50:04 - [TEST_CASE][PASSED] - Test Cases/Sub Script/Navigation_Menu/Menu_Mes_rapports/Nouveau_Rapport/Mes rapports - BASE DE RAPPORT/TC Verify radio button creer un tout nouveau rapport: Test Cases/Sub Script/Navigation_Menu/Menu_Mes_rapports/Nouveau_Rapport/Mes rapports - BASE DE RAPPORT/TC Verify radio button creer un tout nouveau rapport

2018-09-04 09:50:04 - [TEST_STEP][PASSED] - Statement - radioButton = com.kms.katalon.core.webui.keyword.WebUiBuiltInKeywords.modifyObjectProperty(com.kms.katalon.core.testobject.ObjectRepository.findTestObject(Mes rapports Obj/BASE DE RAPPORT/radioButton_Creer un tout nouveau rapport), "name", "equals", "typeRapport", true): Modify property of object successfully

2018-09-04 09:50:04 - [MESSAGE][PASSED] - Modify property of object successfully

2018-09-04 09:50:04 - [TEST_STEP][PASSED] - click: Object: 'Object Repository/Mes rapports Obj/BASE DE RAPPORT/radioButton_Creer un tout nouveau rapport' is clicked on

2018-09-04 09:50:05 - [MESSAGE][PASSED] - Object: 'Object Repository/Mes rapports Obj/BASE DE RAPPORT/radioButton_Creer un tout nouveau rapport' is clicked on

2018-09-04 09:50:05 - [MESSAGE][PASSED] - Call Test Case 'Test Cases/Sub Script/Navigation_Menu/Menu_Mes_rapports/Nouveau_Rapport/Mes rapports - BASE DE RAPPORT/TC Verify radio button creer un tout nouveau rapport' successfully

2018-09-04 09:50:05 - [TEST_STEP][PASSED] - callTestCase: Call Test Case 'Test Cases/Sub Script/Navigation_Menu/Menu_Mes_rapports/TC Verify the next button arrow' successfully

2018-09-04 09:50:05 - [TEST_CASE][PASSED] - Test Cases/Sub Script/Navigation_Menu/Menu_Mes_rapports/TC Verify the next button arrow: Test Cases/Sub Script/Navigation_Menu/Menu_Mes_rapports/TC Verify the next button arrow

2018-09-04 09:50:05 - [TEST_STEP][PASSED] - waitForElementClickable: Object 'Object Repository/Mes rapports Obj/button_Next_Arrow' is clickable

2018-09-04 09:50:05 - [MESSAGE][PASSED] - Object 'Object Repository/Mes rapports Obj/button_Next_Arrow' is clickable

2018-09-04 09:50:05 - [TEST_STEP][PASSED] - click: Object: 'Object Repository/Mes rapports Obj/button_Next_Arrow' is clicked on

2018-09-04 09:50:05 - [MESSAGE][PASSED] - Object: 'Object Repository/Mes rapports Obj/button_Next_Arrow' is clicked on

2018-09-04 09:50:05 - [TEST_STEP][PASSED] - delay: Delayed 5 second(s)

2018-09-04 09:50:10 - [MESSAGE][PASSED] - Delayed 5 second(s)

2018-09-04 09:50:10 - [TEST_STEP][PASSED] - waitForPageLoad: Wait for page load successfully

2018-09-04 09:50:10 - [MESSAGE][PASSED] - Wait for page load successfully

2018-09-04 09:50:10 - [MESSAGE][PASSED] - Call Test Case 'Test Cases/Sub Script/Navigation_Menu/Menu_Mes_rapports/TC Verify the next button arrow' successfully

2018-09-04 09:50:10 - [TEST_STEP][PASSED] - callTestCase: Call Test Case 'Test Cases/Sub Script/Navigation_Menu/Menu_Mes_rapports/TC Verify the next button arrow' successfully

2018-09-04 09:50:10 - [TEST_CASE][PASSED] - Test Cases/Sub Script/Navigation_Menu/Menu_Mes_rapports/TC Verify the next button arrow: Test Cases/Sub Script/Navigation_Menu/Menu_Mes_rapports/TC Verify the next button arrow

2018-09-04 09:50:10 - [TEST_STEP][PASSED] - waitForElementClickable: Object 'Object Repository/Mes rapports Obj/button_Next_Arrow' is clickable

2018-09-04 09:50:10 - [MESSAGE][PASSED] - Object 'Object Repository/Mes rapports Obj/button_Next_Arrow' is clickable

2018-09-04 09:50:10 - [TEST_STEP][PASSED] - click: Object: 'Object Repository/Mes rapports Obj/button_Next_Arrow' is clicked on

2018-09-04 09:50:10 - [MESSAGE][PASSED] - Object: 'Object Repository/Mes rapports Obj/button_Next_Arrow' is clicked on

2018-09-04 09:50:10 - [TEST_STEP][PASSED] - delay: Delayed 5 second(s)

2018-09-04 09:50:15 - [MESSAGE][PASSED] - Delayed 5 second(s)

2018-09-04 09:50:15 - [TEST_STEP][PASSED] - waitForPageLoad: Wait for page load successfully

2018-09-04 09:50:15 - [MESSAGE][PASSED] - Wait for page load successfully

2018-09-04 09:50:15 - [MESSAGE][PASSED] - Call Test Case 'Test Cases/Sub Script/Navigation_Menu/Menu_Mes_rapports/TC Verify the next button arrow' successfully

2018-09-04 09:50:15 - [TEST_STEP][PASSED] - verifyTextPresent: Text 'Gelieve minstens één kolom toe te voegen.' is present on page  using regular expression

2018-09-04 09:50:15 - [MESSAGE][PASSED] - Text 'Gelieve minstens één kolom toe te voegen.' is present on page  using regular expression

2018-09-04 09:50:15 - [TEST_STEP][PASSED] - waitForPageLoad: Wait for page load successfully

2018-09-04 09:50:15 - [MESSAGE][PASSED] - Wait for page load successfully

2018-09-04 09:50:15 - [TEST_STEP][PASSED] - callTestCase: Call Test Case 'Test Cases/Sub Script/Navigation_Menu/Menu_Mes_rapports/Nouveau_Rapport/Mes rapports - CONTENU/TC Verify input field - Contenu' successfully

2018-09-04 09:50:15 - [TEST_CASE][PASSED] - Test Cases/Sub Script/Navigation_Menu/Menu_Mes_rapports/Nouveau_Rapport/Mes rapports - CONTENU/TC Verify input field - Contenu: Test Cases/Sub Script/Navigation_Menu/Menu_Mes_rapports/Nouveau_Rapport/Mes rapports - CONTENU/TC Verify input field - Contenu

2018-09-04 09:50:15 - [TEST_STEP][PASSED] - Statement - excelData = com.kms.katalon.core.testdata.TestDataFactory.findTestData(Data Files/Data/TestData): Reading excel file with source file 'C:\Users\seeboruts\OneDrive - SD Worx\Desktop\Test_Data_Reg.xlsx' and sheet name 'TEST DATA'

2018-09-04 09:50:16 - [TEST_STEP][PASSED] - Statement - rowNo = java.lang.Integer.parseInt(currentTestCaseId): null

2018-09-04 09:50:16 - [TEST_STEP][PASSED] - Statement - For ([i = 4, i <= 13, (i++)]): null

2018-09-04 09:50:16 - [TEST_STEP][PASSED] - Statement - If (excelData.getValue(i, rowNo) != ""): Object: 'Object Repository/Mes rapports Obj/CONTENU/click_Remove_text' is clicked on

2018-09-04 09:50:16 - [TEST_STEP][PASSED] - setText: Text 'Naam werknemer' is set on object 'Object Repository/Mes rapports Obj/CONTENU/input_Contenu_Selecteur'

2018-09-04 09:50:16 - [MESSAGE][PASSED] - Text 'Naam werknemer' is set on object 'Object Repository/Mes rapports Obj/CONTENU/input_Contenu_Selecteur'

2018-09-04 09:50:16 - [TEST_STEP][PASSED] - delay: Delayed 3 second(s)

2018-09-04 09:50:19 - [MESSAGE][PASSED] - Delayed 3 second(s)

2018-09-04 09:50:19 - [TEST_STEP][PASSED] - Statement - selecteur = new com.kms.katalon.core.testobject.TestObject(Choisir_selecteur): null

2018-09-04 09:50:19 - [TEST_STEP][PASSED] - Statement - selecteur.addProperty("xpath", EQUALS, "//span[contains(text(),'" + excelData.getValue(i, rowNo) + "')]"): null

2018-09-04 09:50:19 - [TEST_STEP][PASSED] - click: Object: 'Choisir_selecteur' is clicked on

2018-09-04 09:50:19 - [MESSAGE][PASSED] - Object: 'Choisir_selecteur' is clicked on

2018-09-04 09:50:19 - [TEST_STEP][PASSED] - delay: Delayed 3 second(s)

2018-09-04 09:50:22 - [MESSAGE][PASSED] - Delayed 3 second(s)

2018-09-04 09:50:22 - [TEST_STEP][PASSED] - click: Object: 'Object Repository/Mes rapports Obj/CONTENU/click_Remove_text' is clicked on

2018-09-04 09:50:22 - [MESSAGE][PASSED] - Object: 'Object Repository/Mes rapports Obj/CONTENU/click_Remove_text' is clicked on

2018-09-04 09:50:22 - [TEST_STEP][PASSED] - Statement - If (excelData.getValue(i, rowNo) != ""): Object: 'Object Repository/Mes rapports Obj/CONTENU/click_Remove_text' is clicked on

2018-09-04 09:50:22 - [TEST_STEP][PASSED] - setText: Text 'Brutoloon' is set on object 'Object Repository/Mes rapports Obj/CONTENU/input_Contenu_Selecteur'

2018-09-04 09:50:22 - [MESSAGE][PASSED] - Text 'Brutoloon' is set on object 'Object Repository/Mes rapports Obj/CONTENU/input_Contenu_Selecteur'

2018-09-04 09:50:22 - [TEST_STEP][PASSED] - delay: Delayed 3 second(s)

2018-09-04 09:50:25 - [MESSAGE][PASSED] - Delayed 3 second(s)

2018-09-04 09:50:25 - [TEST_STEP][PASSED] - Statement - selecteur = new com.kms.katalon.core.testobject.TestObject(Choisir_selecteur): null

2018-09-04 09:50:25 - [TEST_STEP][PASSED] - Statement - selecteur.addProperty("xpath", EQUALS, "//span[contains(text(),'" + excelData.getValue(i, rowNo) + "')]"): null

2018-09-04 09:50:25 - [TEST_STEP][PASSED] - click: Object: 'Choisir_selecteur' is clicked on

2018-09-04 09:50:25 - [MESSAGE][PASSED] - Object: 'Choisir_selecteur' is clicked on

2018-09-04 09:50:25 - [TEST_STEP][PASSED] - delay: Delayed 3 second(s)

2018-09-04 09:50:28 - [MESSAGE][PASSED] - Delayed 3 second(s)

2018-09-04 09:50:28 - [TEST_STEP][PASSED] - click: Object: 'Object Repository/Mes rapports Obj/CONTENU/click_Remove_text' is clicked on

2018-09-04 09:50:29 - [MESSAGE][PASSED] - Object: 'Object Repository/Mes rapports Obj/CONTENU/click_Remove_text' is clicked on

2018-09-04 09:50:29 - [TEST_STEP][PASSED] - Statement - If (excelData.getValue(i, rowNo) != ""): null

2018-09-04 09:50:29 - [TEST_STEP][PASSED] - Statement - If (excelData.getValue(i, rowNo) != ""): null

2018-09-04 09:50:29 - [TEST_STEP][PASSED] - Statement - If (excelData.getValue(i, rowNo) != ""): null

2018-09-04 09:50:29 - [TEST_STEP][PASSED] - Statement - If (excelData.getValue(i, rowNo) != ""): null

2018-09-04 09:50:29 - [TEST_STEP][PASSED] - Statement - If (excelData.getValue(i, rowNo) != ""): null

2018-09-04 09:50:29 - [TEST_STEP][PASSED] - Statement - If (excelData.getValue(i, rowNo) != ""): null

2018-09-04 09:50:29 - [TEST_STEP][PASSED] - Statement - If (excelData.getValue(i, rowNo) != ""): null

2018-09-04 09:50:29 - [TEST_STEP][PASSED] - Statement - If (excelData.getValue(i, rowNo) != ""): null

2018-09-04 09:50:29 - [MESSAGE][PASSED] - Call Test Case 'Test Cases/Sub Script/Navigation_Menu/Menu_Mes_rapports/Nouveau_Rapport/Mes rapports - CONTENU/TC Verify input field - Contenu' successfully

2018-09-04 09:50:29 - [TEST_STEP][PASSED] - callTestCase: Call Test Case 'Test Cases/Sub Script/Navigation_Menu/Menu_Mes_rapports/TC Verify the next button arrow' successfully

2018-09-04 09:50:29 - [TEST_CASE][PASSED] - Test Cases/Sub Script/Navigation_Menu/Menu_Mes_rapports/TC Verify the next button arrow: Test Cases/Sub Script/Navigation_Menu/Menu_Mes_rapports/TC Verify the next button arrow

2018-09-04 09:50:29 - [TEST_STEP][PASSED] - waitForElementClickable: Object 'Object Repository/Mes rapports Obj/button_Next_Arrow' is clickable

2018-09-04 09:50:29 - [MESSAGE][PASSED] - Object 'Object Repository/Mes rapports Obj/button_Next_Arrow' is clickable

2018-09-04 09:50:29 - [TEST_STEP][PASSED] - click: Object: 'Object Repository/Mes rapports Obj/button_Next_Arrow' is clicked on

2018-09-04 09:50:29 - [MESSAGE][PASSED] - Object: 'Object Repository/Mes rapports Obj/button_Next_Arrow' is clicked on

2018-09-04 09:50:29 - [TEST_STEP][PASSED] - delay: Delayed 5 second(s)

2018-09-04 09:50:34 - [MESSAGE][PASSED] - Delayed 5 second(s)

2018-09-04 09:50:34 - [TEST_STEP][PASSED] - waitForPageLoad: Wait for page load successfully

2018-09-04 09:50:34 - [MESSAGE][PASSED] - Wait for page load successfully

2018-09-04 09:50:34 - [MESSAGE][PASSED] - Call Test Case 'Test Cases/Sub Script/Navigation_Menu/Menu_Mes_rapports/TC Verify the next button arrow' successfully

2018-09-04 09:50:34 - [TEST_STEP][PASSED] - verifyElementPresent: Object 'Object Repository/Mes rapports Obj/SELECTION/Active Contrat/exclamation icon' is present

2018-09-04 09:50:34 - [MESSAGE][PASSED] - Object 'Object Repository/Mes rapports Obj/SELECTION/Active Contrat/exclamation icon' is present

2018-09-04 09:50:34 - [TEST_STEP][PASSED] - callTestCase: Call Test Case 'Test Cases/Sub Script/Navigation_Menu/Menu_Mes_rapports/Nouveau_Rapport/Mes rapports - SELECTION/Verify if checkbox is unchecked/TC 10 Deselect all checkbox' successfully

2018-09-04 09:50:34 - [TEST_CASE][PASSED] - Test Cases/Sub Script/Navigation_Menu/Menu_Mes_rapports/Nouveau_Rapport/Mes rapports - SELECTION/Verify if checkbox is unchecked/TC 10 Deselect all checkbox: Test Cases/Sub Script/Navigation_Menu/Menu_Mes_rapports/Nouveau_Rapport/Mes rapports - SELECTION/Verify if checkbox is unchecked/TC 10 Deselect all checkbox

2018-09-04 09:50:34 - [TEST_STEP][PASSED] - callTestCase: Call Test Case 'Test Cases/Sub Script/Navigation_Menu/Menu_Mes_rapports/Nouveau_Rapport/Mes rapports - SELECTION/Verify if checkbox is unchecked/TC 1 Verify Contrats actifs checkbox  is un-checked' successfully

2018-09-04 09:50:34 - [TEST_CASE][PASSED] - Test Cases/Sub Script/Navigation_Menu/Menu_Mes_rapports/Nouveau_Rapport/Mes rapports - SELECTION/Verify if checkbox is unchecked/TC 1 Verify Contrats actifs checkbox  is un-checked: Test Cases/Sub Script/Navigation_Menu/Menu_Mes_rapports/Nouveau_Rapport/Mes rapports - SELECTION/Verify if checkbox is unchecked/TC 1 Verify Contrats actifs checkbox  is un-checked

2018-09-04 09:50:35 - [TEST_STEP][PASSED] - uncheck: Object 'Object Repository/Mes rapports Obj/SELECTION/Contracts actifs' is un-checked

2018-09-04 09:50:35 - [MESSAGE][PASSED] - Object 'Object Repository/Mes rapports Obj/SELECTION/Contracts actifs' is un-checked

2018-09-04 09:50:35 - [MESSAGE][PASSED] - Call Test Case 'Test Cases/Sub Script/Navigation_Menu/Menu_Mes_rapports/Nouveau_Rapport/Mes rapports - SELECTION/Verify if checkbox is unchecked/TC 1 Verify Contrats actifs checkbox  is un-checked' successfully

2018-09-04 09:50:35 - [TEST_STEP][PASSED] - callTestCase: Call Test Case 'Test Cases/Sub Script/Navigation_Menu/Menu_Mes_rapports/Nouveau_Rapport/Mes rapports - SELECTION/Verify if checkbox is unchecked/TC 2 VErify Dossier and Groupe checkBox  is un-checked' successfully

2018-09-04 09:50:35 - [TEST_CASE][PASSED] - Test Cases/Sub Script/Navigation_Menu/Menu_Mes_rapports/Nouveau_Rapport/Mes rapports - SELECTION/Verify if checkbox is unchecked/TC 2 VErify Dossier and Groupe checkBox  is un-checked: Test Cases/Sub Script/Navigation_Menu/Menu_Mes_rapports/Nouveau_Rapport/Mes rapports - SELECTION/Verify if checkbox is unchecked/TC 2 VErify Dossier and Groupe checkBox  is un-checked

2018-09-04 09:50:35 - [TEST_STEP][PASSED] - uncheck: Object 'Object Repository/Mes rapports Obj/SELECTION/Dossier and Groupe checkbox' is un-checked

2018-09-04 09:50:35 - [MESSAGE][PASSED] - Object 'Object Repository/Mes rapports Obj/SELECTION/Dossier and Groupe checkbox' is un-checked

2018-09-04 09:50:35 - [MESSAGE][PASSED] - Call Test Case 'Test Cases/Sub Script/Navigation_Menu/Menu_Mes_rapports/Nouveau_Rapport/Mes rapports - SELECTION/Verify if checkbox is unchecked/TC 2 VErify Dossier and Groupe checkBox  is un-checked' successfully

2018-09-04 09:50:35 - [TEST_STEP][PASSED] - callTestCase: Call Test Case 'Test Cases/Sub Script/Navigation_Menu/Menu_Mes_rapports/Nouveau_Rapport/Mes rapports - SELECTION/Verify if checkbox is unchecked/TC 3 Verify Travailleur checkBox  is un-checked' successfully

2018-09-04 09:50:35 - [TEST_CASE][PASSED] - Test Cases/Sub Script/Navigation_Menu/Menu_Mes_rapports/Nouveau_Rapport/Mes rapports - SELECTION/Verify if checkbox is unchecked/TC 3 Verify Travailleur checkBox  is un-checked: Test Cases/Sub Script/Navigation_Menu/Menu_Mes_rapports/Nouveau_Rapport/Mes rapports - SELECTION/Verify if checkbox is unchecked/TC 3 Verify Travailleur checkBox  is un-checked

2018-09-04 09:50:35 - [TEST_STEP][PASSED] - uncheck: Object 'Object Repository/Mes rapports Obj/SELECTION/Travailleur checkbox' is un-checked

2018-09-04 09:50:36 - [MESSAGE][PASSED] - Object 'Object Repository/Mes rapports Obj/SELECTION/Travailleur checkbox' is un-checked

2018-09-04 09:50:36 - [MESSAGE][PASSED] - Call Test Case 'Test Cases/Sub Script/Navigation_Menu/Menu_Mes_rapports/Nouveau_Rapport/Mes rapports - SELECTION/Verify if checkbox is unchecked/TC 3 Verify Travailleur checkBox  is un-checked' successfully

2018-09-04 09:50:36 - [TEST_STEP][PASSED] - callTestCase: Call Test Case 'Test Cases/Sub Script/Navigation_Menu/Menu_Mes_rapports/Nouveau_Rapport/Mes rapports - SELECTION/Verify if checkbox is unchecked/TC 4 Verify Departement checkBox  is un-checked' successfully

2018-09-04 09:50:36 - [TEST_CASE][PASSED] - Test Cases/Sub Script/Navigation_Menu/Menu_Mes_rapports/Nouveau_Rapport/Mes rapports - SELECTION/Verify if checkbox is unchecked/TC 4 Verify Departement checkBox  is un-checked: Test Cases/Sub Script/Navigation_Menu/Menu_Mes_rapports/Nouveau_Rapport/Mes rapports - SELECTION/Verify if checkbox is unchecked/TC 4 Verify Departement checkBox  is un-checked

2018-09-04 09:50:36 - [TEST_STEP][PASSED] - uncheck: Object 'Object Repository/Mes rapports Obj/SELECTION/Departement' is un-checked

2018-09-04 09:50:36 - [MESSAGE][PASSED] - Object 'Object Repository/Mes rapports Obj/SELECTION/Departement' is un-checked

2018-09-04 09:50:36 - [MESSAGE][PASSED] - Call Test Case 'Test Cases/Sub Script/Navigation_Menu/Menu_Mes_rapports/Nouveau_Rapport/Mes rapports - SELECTION/Verify if checkbox is unchecked/TC 4 Verify Departement checkBox  is un-checked' successfully

2018-09-04 09:50:36 - [TEST_STEP][PASSED] - callTestCase: Call Test Case 'Test Cases/Sub Script/Navigation_Menu/Menu_Mes_rapports/Nouveau_Rapport/Mes rapports - SELECTION/Verify if checkbox is unchecked/TC 5 Verify Caractere juridique du contract checBox  is un-checked' successfully

2018-09-04 09:50:36 - [TEST_CASE][PASSED] - Test Cases/Sub Script/Navigation_Menu/Menu_Mes_rapports/Nouveau_Rapport/Mes rapports - SELECTION/Verify if checkbox is unchecked/TC 5 Verify Caractere juridique du contract checBox  is un-checked: Test Cases/Sub Script/Navigation_Menu/Menu_Mes_rapports/Nouveau_Rapport/Mes rapports - SELECTION/Verify if checkbox is unchecked/TC 5 Verify Caractere juridique du contract checBox  is un-checked

2018-09-04 09:50:36 - [TEST_STEP][PASSED] - uncheck: Object 'Object Repository/Mes rapports Obj/SELECTION/Caratere juridique du contrat' is un-checked

2018-09-04 09:50:36 - [MESSAGE][PASSED] - Object 'Object Repository/Mes rapports Obj/SELECTION/Caratere juridique du contrat' is un-checked

2018-09-04 09:50:36 - [MESSAGE][PASSED] - Call Test Case 'Test Cases/Sub Script/Navigation_Menu/Menu_Mes_rapports/Nouveau_Rapport/Mes rapports - SELECTION/Verify if checkbox is unchecked/TC 5 Verify Caractere juridique du contract checBox  is un-checked' successfully

2018-09-04 09:50:36 - [TEST_STEP][PASSED] - callTestCase: Call Test Case 'Test Cases/Sub Script/Navigation_Menu/Menu_Mes_rapports/Nouveau_Rapport/Mes rapports - SELECTION/Verify if checkbox is unchecked/TC 6 Verify Pays de naissance checkBox  is un-checked' successfully

2018-09-04 09:50:36 - [TEST_CASE][PASSED] - Test Cases/Sub Script/Navigation_Menu/Menu_Mes_rapports/Nouveau_Rapport/Mes rapports - SELECTION/Verify if checkbox is unchecked/TC 6 Verify Pays de naissance checkBox  is un-checked: Test Cases/Sub Script/Navigation_Menu/Menu_Mes_rapports/Nouveau_Rapport/Mes rapports - SELECTION/Verify if checkbox is unchecked/TC 6 Verify Pays de naissance checkBox  is un-checked

2018-09-04 09:50:36 - [TEST_STEP][PASSED] - uncheck: Object 'Object Repository/Mes rapports Obj/SELECTION/Pays de naissance' is un-checked

2018-09-04 09:50:37 - [MESSAGE][PASSED] - Object 'Object Repository/Mes rapports Obj/SELECTION/Pays de naissance' is un-checked

2018-09-04 09:50:37 - [MESSAGE][PASSED] - Call Test Case 'Test Cases/Sub Script/Navigation_Menu/Menu_Mes_rapports/Nouveau_Rapport/Mes rapports - SELECTION/Verify if checkbox is unchecked/TC 6 Verify Pays de naissance checkBox  is un-checked' successfully

2018-09-04 09:50:37 - [TEST_STEP][PASSED] - callTestCase: Call Test Case 'Test Cases/Sub Script/Navigation_Menu/Menu_Mes_rapports/Nouveau_Rapport/Mes rapports - SELECTION/Verify if checkbox is unchecked/TC 7 Verify Sexe checkBox  is un-checked' successfully

2018-09-04 09:50:37 - [TEST_CASE][PASSED] - Test Cases/Sub Script/Navigation_Menu/Menu_Mes_rapports/Nouveau_Rapport/Mes rapports - SELECTION/Verify if checkbox is unchecked/TC 7 Verify Sexe checkBox  is un-checked: Test Cases/Sub Script/Navigation_Menu/Menu_Mes_rapports/Nouveau_Rapport/Mes rapports - SELECTION/Verify if checkbox is unchecked/TC 7 Verify Sexe checkBox  is un-checked

2018-09-04 09:50:37 - [TEST_STEP][PASSED] - uncheck: Object 'Object Repository/Mes rapports Obj/SELECTION/Sexe' is un-checked

2018-09-04 09:50:37 - [MESSAGE][PASSED] - Object 'Object Repository/Mes rapports Obj/SELECTION/Sexe' is un-checked

2018-09-04 09:50:37 - [MESSAGE][PASSED] - Call Test Case 'Test Cases/Sub Script/Navigation_Menu/Menu_Mes_rapports/Nouveau_Rapport/Mes rapports - SELECTION/Verify if checkbox is unchecked/TC 7 Verify Sexe checkBox  is un-checked' successfully

2018-09-04 09:50:37 - [TEST_STEP][PASSED] - callTestCase: Call Test Case 'Test Cases/Sub Script/Navigation_Menu/Menu_Mes_rapports/Nouveau_Rapport/Mes rapports - SELECTION/Verify if checkbox is unchecked/TC 8 Verify Mode de remuneration checkBox  is un-checked' successfully

2018-09-04 09:50:37 - [TEST_CASE][PASSED] - Test Cases/Sub Script/Navigation_Menu/Menu_Mes_rapports/Nouveau_Rapport/Mes rapports - SELECTION/Verify if checkbox is unchecked/TC 8 Verify Mode de remuneration checkBox  is un-checked: Test Cases/Sub Script/Navigation_Menu/Menu_Mes_rapports/Nouveau_Rapport/Mes rapports - SELECTION/Verify if checkbox is unchecked/TC 8 Verify Mode de remuneration checkBox  is un-checked

2018-09-04 09:50:37 - [TEST_STEP][PASSED] - uncheck: Object 'Object Repository/Mes rapports Obj/SELECTION/Mode de remuneration' is un-checked

2018-09-04 09:50:37 - [MESSAGE][PASSED] - Object 'Object Repository/Mes rapports Obj/SELECTION/Mode de remuneration' is un-checked

2018-09-04 09:50:37 - [MESSAGE][PASSED] - Call Test Case 'Test Cases/Sub Script/Navigation_Menu/Menu_Mes_rapports/Nouveau_Rapport/Mes rapports - SELECTION/Verify if checkbox is unchecked/TC 8 Verify Mode de remuneration checkBox  is un-checked' successfully

2018-09-04 09:50:37 - [TEST_STEP][PASSED] - callTestCase: Call Test Case 'Test Cases/Sub Script/Navigation_Menu/Menu_Mes_rapports/Nouveau_Rapport/Mes rapports - SELECTION/Verify if checkbox is unchecked/TC 9 Verify Suspension checkBox  is un-checked' successfully

2018-09-04 09:50:37 - [TEST_CASE][PASSED] - Test Cases/Sub Script/Navigation_Menu/Menu_Mes_rapports/Nouveau_Rapport/Mes rapports - SELECTION/Verify if checkbox is unchecked/TC 9 Verify Suspension checkBox  is un-checked: Test Cases/Sub Script/Navigation_Menu/Menu_Mes_rapports/Nouveau_Rapport/Mes rapports - SELECTION/Verify if checkbox is unchecked/TC 9 Verify Suspension checkBox  is un-checked

2018-09-04 09:50:37 - [TEST_STEP][PASSED] - uncheck: Object 'Object Repository/Mes rapports Obj/SELECTION/Suspension' is un-checked

2018-09-04 09:50:37 - [MESSAGE][PASSED] - Object 'Object Repository/Mes rapports Obj/SELECTION/Suspension' is un-checked

2018-09-04 09:50:37 - [MESSAGE][PASSED] - Call Test Case 'Test Cases/Sub Script/Navigation_Menu/Menu_Mes_rapports/Nouveau_Rapport/Mes rapports - SELECTION/Verify if checkbox is unchecked/TC 9 Verify Suspension checkBox  is un-checked' successfully

2018-09-04 09:50:37 - [MESSAGE][PASSED] - Call Test Case 'Test Cases/Sub Script/Navigation_Menu/Menu_Mes_rapports/Nouveau_Rapport/Mes rapports - SELECTION/Verify if checkbox is unchecked/TC 10 Deselect all checkbox' successfully

2018-09-04 09:50:37 - [TEST_STEP][PASSED] - callTestCase: Call Test Case 'Test Cases/Sub Script/Navigation_Menu/Menu_Mes_rapports/TC Verify the next button arrow' successfully

2018-09-04 09:50:38 - [TEST_CASE][PASSED] - Test Cases/Sub Script/Navigation_Menu/Menu_Mes_rapports/TC Verify the next button arrow: Test Cases/Sub Script/Navigation_Menu/Menu_Mes_rapports/TC Verify the next button arrow

2018-09-04 09:50:38 - [TEST_STEP][PASSED] - waitForElementClickable: Object 'Object Repository/Mes rapports Obj/button_Next_Arrow' is clickable

2018-09-04 09:50:38 - [MESSAGE][PASSED] - Object 'Object Repository/Mes rapports Obj/button_Next_Arrow' is clickable

2018-09-04 09:50:38 - [TEST_STEP][PASSED] - click: Object: 'Object Repository/Mes rapports Obj/button_Next_Arrow' is clicked on

2018-09-04 09:50:38 - [MESSAGE][PASSED] - Object: 'Object Repository/Mes rapports Obj/button_Next_Arrow' is clicked on

2018-09-04 09:50:38 - [TEST_STEP][PASSED] - delay: Delayed 5 second(s)

2018-09-04 09:50:43 - [MESSAGE][PASSED] - Delayed 5 second(s)

2018-09-04 09:50:43 - [TEST_STEP][PASSED] - waitForPageLoad: Wait for page load successfully

2018-09-04 09:50:43 - [MESSAGE][PASSED] - Wait for page load successfully

2018-09-04 09:50:43 - [MESSAGE][PASSED] - Call Test Case 'Test Cases/Sub Script/Navigation_Menu/Menu_Mes_rapports/TC Verify the next button arrow' successfully

2018-09-04 09:50:43 - [TEST_STEP][PASSED] - callTestCase: Call Test Case 'Test Cases/Sub Script/Navigation_Menu/Menu_Mes_rapports/TC Verify Executer button' successfully

2018-09-04 09:50:43 - [TEST_CASE][PASSED] - Test Cases/Sub Script/Navigation_Menu/Menu_Mes_rapports/TC Verify Executer button: Test Cases/Sub Script/Navigation_Menu/Menu_Mes_rapports/TC Verify Executer button

2018-09-04 09:50:43 - [TEST_STEP][PASSED] - click: Object: 'Object Repository/Mes rapports Obj/EXECUTION/Button executer' is clicked on

2018-09-04 09:50:43 - [MESSAGE][PASSED] - Object: 'Object Repository/Mes rapports Obj/EXECUTION/Button executer' is clicked on

2018-09-04 09:50:43 - [TEST_STEP][PASSED] - waitForPageLoad: Wait for page load successfully

2018-09-04 09:50:43 - [MESSAGE][PASSED] - Wait for page load successfully

2018-09-04 09:50:43 - [TEST_STEP][PASSED] - delay: Delayed 3 second(s)

2018-09-04 09:50:46 - [MESSAGE][PASSED] - Delayed 3 second(s)

2018-09-04 09:50:46 - [MESSAGE][PASSED] - Call Test Case 'Test Cases/Sub Script/Navigation_Menu/Menu_Mes_rapports/TC Verify Executer button' successfully

2018-09-04 09:50:46 - [TEST_STEP][PASSED] - verifyElementPresent: Object 'Object Repository/Mes rapports Obj/SELECTION/Active Contrat/exclamation icon' is present

2018-09-04 09:50:46 - [MESSAGE][PASSED] - Object 'Object Repository/Mes rapports Obj/SELECTION/Active Contrat/exclamation icon' is present

2018-09-04 09:50:46 - [TEST_STEP][PASSED] - waitForPageLoad: Wait for page load successfully

2018-09-04 09:50:46 - [MESSAGE][PASSED] - Wait for page load successfully

2018-09-04 09:50:46 - [TEST_STEP][PASSED] - callTestCase: Call Test Case 'Test Cases/Sub Script/Navigation_Menu/Menu_Mes_rapports/Nouveau_Rapport/TC Verify annuler button' successfully

2018-09-04 09:50:46 - [TEST_CASE][PASSED] - Test Cases/Sub Script/Navigation_Menu/Menu_Mes_rapports/Nouveau_Rapport/TC Verify annuler button: Test Cases/Sub Script/Navigation_Menu/Menu_Mes_rapports/Nouveau_Rapport/TC Verify annuler button

2018-09-04 09:50:46 - [TEST_STEP][PASSED] - click: Object: 'Object Repository/Mes rapports Obj/EXECUTION/Annuler button' is clicked on

2018-09-04 09:50:46 - [MESSAGE][PASSED] - Object: 'Object Repository/Mes rapports Obj/EXECUTION/Annuler button' is clicked on

2018-09-04 09:50:46 - [TEST_STEP][PASSED] - delay: Delayed 2 second(s)

2018-09-04 09:50:48 - [MESSAGE][PASSED] - Delayed 2 second(s)

2018-09-04 09:50:48 - [MESSAGE][PASSED] - Call Test Case 'Test Cases/Sub Script/Navigation_Menu/Menu_Mes_rapports/Nouveau_Rapport/TC Verify annuler button' successfully

2018-09-04 09:50:48 - [TEST_STEP][PASSED] - callTestCase: Call Test Case 'Test Cases/Sub Script/Navigation_Menu/TC Verify Return button' successfully

2018-09-04 09:50:48 - [TEST_CASE][PASSED] - Test Cases/Sub Script/Navigation_Menu/TC Verify Return button: Test Cases/Sub Script/Navigation_Menu/TC Verify Return button

2018-09-04 09:50:49 - [TEST_STEP][PASSED] - focus: Object: 'Object Repository/Mes rapports Obj/EXECUTION/Annuler Modal' is focused

2018-09-04 09:50:49 - [MESSAGE][PASSED] - Object: 'Object Repository/Mes rapports Obj/EXECUTION/Annuler Modal' is focused

2018-09-04 09:50:49 - [TEST_STEP][PASSED] - click: Object: 'Object Repository/Mes rapports Obj/EXECUTION/Return Button' is clicked on

2018-09-04 09:50:49 - [MESSAGE][PASSED] - Object: 'Object Repository/Mes rapports Obj/EXECUTION/Return Button' is clicked on

2018-09-04 09:50:49 - [TEST_STEP][PASSED] - waitForPageLoad: Wait for page load successfully

2018-09-04 09:50:49 - [MESSAGE][PASSED] - Wait for page load successfully

2018-09-04 09:50:49 - [MESSAGE][PASSED] - Call Test Case 'Test Cases/Sub Script/Navigation_Menu/TC Verify Return button' successfully

2018-09-04 09:50:49 - [TEST_STEP][PASSED] - waitForPageLoad: Wait for page load successfully

2018-09-04 09:50:49 - [MESSAGE][PASSED] - Wait for page load successfully

2018-09-04 09:50:49 - [TEST_STEP][PASSED] - closeBrowser: Browser is closed

2018-09-04 09:50:50 - [MESSAGE][PASSED] - Browser is closed]]></system-out>
         <system-err><![CDATA[]]></system-err>
      </testcase>
      <testcase name="Test Cases/Main Script/TC1 LANGUAGE" classname="Test Cases/Main Script/TC1 LANGUAGE" status="PASSED">
         <system-out><![CDATA[2018-09-04 09:50:50 - [TEST_CASE][PASSED] - Test Cases/Main Script/TC1 LANGUAGE: Test Cases/Main Script/TC1 LANGUAGE

2018-09-04 09:50:50 - [TEST_STEP][PASSED] - Start listener action : sampleBeforeTestCase: Invoke 'com.kms.katalon.core.annotation.BeforeTestCase' method: 'NewTestListener.sampleBeforeTestCase(...)' completed.

2018-09-04 09:50:50 - [TEST_STEP][PASSED] - Statement - println(testCaseContext.getTextCaseId()=$testCaseContext.getTestCaseId()): null

2018-09-04 09:50:50 - [TEST_STEP][PASSED] - Statement - currentTestCaseId = testCaseContext.getTestCaseId(): Invoke 'com.kms.katalon.core.annotation.BeforeTestCase' method: 'NewTestListener.sampleBeforeTestCase(...)' completed.

2018-09-04 09:50:50 - [TEST_STEP][PASSED] - callTestCase: Call Test Case 'Test Cases/Login/TC1 Login to Mysdworx' successfully

2018-09-04 09:50:50 - [TEST_CASE][PASSED] - Test Cases/Login/TC1 Login to Mysdworx: Test Cases/Login/TC1 Login to Mysdworx

2018-09-04 09:50:50 - [TEST_STEP][PASSED] - openBrowser: Browser is opened with url: ''

2018-09-04 09:50:52 - [MESSAGE][PASSED] - Browser is opened with url: ''

2018-09-04 09:50:52 - [TEST_STEP][PASSED] - navigateToUrl: Navigate to 'https://internet.acc.sd.dika.be/ebloxreporting/web.sensitive/main/?lang=fr' successfully

2018-09-04 09:50:57 - [MESSAGE][PASSED] - Navigate to 'https://internet.acc.sd.dika.be/ebloxreporting/web.sensitive/main/?lang=fr' successfully

2018-09-04 09:50:57 - [TEST_STEP][PASSED] - maximizeWindow: Current window maximized

2018-09-04 09:50:58 - [MESSAGE][PASSED] - Current window maximized

2018-09-04 09:50:58 - [TEST_STEP][PASSED] - setText: Text 'DP_EBLOX_RPP_VASCO' is set on object 'Object Repository/Page_mysdworx - Log in/input_Username'

2018-09-04 09:51:02 - [MESSAGE][PASSED] - Text 'DP_EBLOX_RPP_VASCO' is set on object 'Object Repository/Page_mysdworx - Log in/input_Username'

2018-09-04 09:51:02 - [TEST_STEP][PASSED] - Statement - frame = new javax.swing.JFrame(User Input Frame): null

2018-09-04 09:51:02 - [TEST_STEP][PASSED] - Statement - frame.requestFocus(): null

2018-09-04 09:51:02 - [TEST_STEP][PASSED] - Statement - pass = javax.swing.JOptionPane.showInputDialog(frame, "Enter the password from token!!"): null

2018-09-04 09:51:04 - [TEST_STEP][PASSED] - delay: Delayed 2 second(s)

2018-09-04 09:51:06 - [MESSAGE][PASSED] - Delayed 2 second(s)

2018-09-04 09:51:06 - [TEST_STEP][PASSED] - setText: Text '676382' is set on object 'Object Repository/Page_mysdworx - Log in/input_Password'

2018-09-04 09:51:06 - [MESSAGE][PASSED] - Text '676382' is set on object 'Object Repository/Page_mysdworx - Log in/input_Password'

2018-09-04 09:51:06 - [TEST_STEP][PASSED] - click: Object: 'Object Repository/Page_mysdworx - Log in/button_Se connecter' is clicked on

2018-09-04 09:51:07 - [MESSAGE][PASSED] - Object: 'Object Repository/Page_mysdworx - Log in/button_Se connecter' is clicked on

2018-09-04 09:51:07 - [TEST_STEP][PASSED] - waitForPageLoad: Wait for page load successfully

2018-09-04 09:51:07 - [MESSAGE][PASSED] - Wait for page load successfully

2018-09-04 09:51:07 - [TEST_STEP][NOT_RUN] - closeBrowser: NOT_RUN: closeBrowser

2018-09-04 09:51:07 - [MESSAGE][NOT_RUN] - NOT_RUN: closeBrowser

2018-09-04 09:51:07 - [MESSAGE][PASSED] - Call Test Case 'Test Cases/Login/TC1 Login to Mysdworx' successfully

2018-09-04 09:51:07 - [TEST_STEP][PASSED] - callTestCase: Call Test Case 'Test Cases/Sub Script/Select Language/TC1 Verify NL language' successfully

2018-09-04 09:51:07 - [TEST_CASE][PASSED] - Test Cases/Sub Script/Select Language/TC1 Verify NL language: Test Cases/Sub Script/Select Language/TC1 Verify NL language

2018-09-04 09:51:07 - [TEST_STEP][PASSED] - waitForElementClickable: Object 'Object Repository/Change language link Obj/NL_language' is clickable

2018-09-04 09:51:36 - [MESSAGE][PASSED] - Object 'Object Repository/Change language link Obj/NL_language' is clickable

2018-09-04 09:51:36 - [TEST_STEP][PASSED] - Statement - verify_NL_link = com.kms.katalon.core.webui.keyword.WebUiBuiltInKeywords.verifyElementClickable(com.kms.katalon.core.testobject.ObjectRepository.findTestObject(Change language link Obj/NL_language)): Object 'Object Repository/Change language link Obj/NL_language' is clickable

2018-09-04 09:51:36 - [MESSAGE][PASSED] - Object 'Object Repository/Change language link Obj/NL_language' is clickable

2018-09-04 09:51:36 - [TEST_STEP][PASSED] - Statement - If (verify_NL_link.equals(true)): NL link is clickable !

2018-09-04 09:51:36 - [TEST_STEP][PASSED] - Statement - com.kms.katalon.core.util.KeywordUtil.markPassed("NL link is clickable !"): NL link is clickable !

2018-09-04 09:51:36 - [MESSAGE][PASSED] - NL link is clickable !

2018-09-04 09:51:36 - [TEST_STEP][PASSED] - click: Object: 'Object Repository/Change language link Obj/NL_language' is clicked on

2018-09-04 09:51:42 - [MESSAGE][PASSED] - Object: 'Object Repository/Change language link Obj/NL_language' is clicked on

2018-09-04 09:51:42 - [TEST_STEP][PASSED] - waitForPageLoad: Wait for page load successfully

2018-09-04 09:51:42 - [MESSAGE][PASSED] - Wait for page load successfully

2018-09-04 09:51:42 - [MESSAGE][PASSED] - Call Test Case 'Test Cases/Sub Script/Select Language/TC1 Verify NL language' successfully

2018-09-04 09:51:42 - [TEST_STEP][PASSED] - callTestCase: Call Test Case 'Test Cases/Sub Script/Navigation_Menu/Menu_Mes_rapports/TC Verify Mes rapports tab' successfully

2018-09-04 09:51:42 - [TEST_CASE][PASSED] - Test Cases/Sub Script/Navigation_Menu/Menu_Mes_rapports/TC Verify Mes rapports tab: Test Cases/Sub Script/Navigation_Menu/Menu_Mes_rapports/TC Verify Mes rapports tab

2018-09-04 09:51:42 - [TEST_STEP][PASSED] - click: Object: 'Object Repository/Mes rapports Obj/Mes rapports_tab' is clicked on

2018-09-04 09:51:42 - [MESSAGE][PASSED] - Object: 'Object Repository/Mes rapports Obj/Mes rapports_tab' is clicked on

2018-09-04 09:51:42 - [MESSAGE][PASSED] - Call Test Case 'Test Cases/Sub Script/Navigation_Menu/Menu_Mes_rapports/TC Verify Mes rapports tab' successfully

2018-09-04 09:51:42 - [TEST_STEP][PASSED] - callTestCase: Call Test Case 'Test Cases/Sub Script/Navigation_Menu/Menu_Mes_rapports/Main_Content/TC Verify Deployer function' successfully

2018-09-04 09:51:42 - [TEST_CASE][PASSED] - Test Cases/Sub Script/Navigation_Menu/Menu_Mes_rapports/Main_Content/TC Verify Deployer function: Test Cases/Sub Script/Navigation_Menu/Menu_Mes_rapports/Main_Content/TC Verify Deployer function

2018-09-04 09:51:42 - [TEST_STEP][PASSED] - waitForPageLoad: Wait for page load successfully

2018-09-04 09:51:42 - [MESSAGE][PASSED] - Wait for page load successfully

2018-09-04 09:51:42 - [TEST_STEP][PASSED] - waitForElementClickable: Object 'Object Repository/Mes rapports Obj/button_setting_dropdown' is clickable

2018-09-04 09:51:44 - [MESSAGE][PASSED] - Object 'Object Repository/Mes rapports Obj/button_setting_dropdown' is clickable

2018-09-04 09:51:44 - [TEST_STEP][PASSED] - click: Object: 'Object Repository/Mes rapports Obj/button_setting_dropdown' is clicked on

2018-09-04 09:51:44 - [MESSAGE][PASSED] - Object: 'Object Repository/Mes rapports Obj/button_setting_dropdown' is clicked on

2018-09-04 09:51:44 - [TEST_STEP][PASSED] - click: Object: 'Object Repository/Mes rapports Obj/a_Dployer tout' is clicked on

2018-09-04 09:51:48 - [MESSAGE][PASSED] - Object: 'Object Repository/Mes rapports Obj/a_Dployer tout' is clicked on

2018-09-04 09:51:48 - [TEST_STEP][PASSED] - waitForPageLoad: Wait for page load successfully

2018-09-04 09:51:48 - [MESSAGE][PASSED] - Wait for page load successfully

2018-09-04 09:51:48 - [MESSAGE][PASSED] - Call Test Case 'Test Cases/Sub Script/Navigation_Menu/Menu_Mes_rapports/Main_Content/TC Verify Deployer function' successfully

2018-09-04 09:51:48 - [TEST_STEP][PASSED] - callTestCase: Call Test Case 'Test Cases/Sub Script/Navigation_Menu/Menu_Mes_rapports/Main_Content/TC Verify Masquer function' successfully

2018-09-04 09:51:48 - [TEST_CASE][PASSED] - Test Cases/Sub Script/Navigation_Menu/Menu_Mes_rapports/Main_Content/TC Verify Masquer function: Test Cases/Sub Script/Navigation_Menu/Menu_Mes_rapports/Main_Content/TC Verify Masquer function

2018-09-04 09:51:48 - [TEST_STEP][PASSED] - click: Object: 'Object Repository/Mes rapports Obj/button_setting_dropdown' is clicked on

2018-09-04 09:51:48 - [MESSAGE][PASSED] - Object: 'Object Repository/Mes rapports Obj/button_setting_dropdown' is clicked on

2018-09-04 09:51:48 - [TEST_STEP][PASSED] - click: Object: 'Object Repository/Mes rapports Obj/a_Masquer tout' is clicked on

2018-09-04 09:51:48 - [MESSAGE][PASSED] - Object: 'Object Repository/Mes rapports Obj/a_Masquer tout' is clicked on

2018-09-04 09:51:48 - [TEST_STEP][PASSED] - waitForPageLoad: Wait for page load successfully

2018-09-04 09:51:48 - [MESSAGE][PASSED] - Wait for page load successfully

2018-09-04 09:51:48 - [MESSAGE][PASSED] - Call Test Case 'Test Cases/Sub Script/Navigation_Menu/Menu_Mes_rapports/Main_Content/TC Verify Masquer function' successfully

2018-09-04 09:51:48 - [TEST_STEP][PASSED] - callTestCase: Call Test Case 'Test Cases/Sub Script/Navigation_Menu/Menu_Mes_rapports/Main_Content/TC Verify info icon function' successfully

2018-09-04 09:51:48 - [TEST_CASE][PASSED] - Test Cases/Sub Script/Navigation_Menu/Menu_Mes_rapports/Main_Content/TC Verify info icon function: Test Cases/Sub Script/Navigation_Menu/Menu_Mes_rapports/Main_Content/TC Verify info icon function

2018-09-04 09:51:49 - [TEST_STEP][PASSED] - click: Object: 'Object Repository/Mes rapports Obj/info_Icon' is clicked on

2018-09-04 09:51:49 - [MESSAGE][PASSED] - Object: 'Object Repository/Mes rapports Obj/info_Icon' is clicked on

2018-09-04 09:51:49 - [TEST_STEP][PASSED] - waitForPageLoad: Wait for page load successfully

2018-09-04 09:51:49 - [MESSAGE][PASSED] - Wait for page load successfully

2018-09-04 09:51:49 - [MESSAGE][PASSED] - Call Test Case 'Test Cases/Sub Script/Navigation_Menu/Menu_Mes_rapports/Main_Content/TC Verify info icon function' successfully

2018-09-04 09:51:49 - [TEST_STEP][PASSED] - callTestCase: Call Test Case 'Test Cases/Sub Script/Navigation_Menu/Menu_Mes_rapports/Main_Content/TC Verify Url' successfully

2018-09-04 09:51:49 - [TEST_CASE][PASSED] - Test Cases/Sub Script/Navigation_Menu/Menu_Mes_rapports/Main_Content/TC Verify Url: Test Cases/Sub Script/Navigation_Menu/Menu_Mes_rapports/Main_Content/TC Verify Url

2018-09-04 09:51:49 - [TEST_STEP][PASSED] - waitForPageLoad: Wait for page load successfully

2018-09-04 09:51:49 - [MESSAGE][PASSED] - Wait for page load successfully

2018-09-04 09:51:49 - [TEST_STEP][PASSED] - Statement - url = com.kms.katalon.core.webui.keyword.WebUiBuiltInKeywords.getUrl(): Current window's url is: 'https://internet.acc.sd.dika.be/ebloxreporting/web.sensitive/main/FpyDF/iIz9g8MffKNXfNyb1H/NL/#/mijnrapporten'

2018-09-04 09:51:49 - [MESSAGE][PASSED] - Current window's url is: 'https://internet.acc.sd.dika.be/ebloxreporting/web.sensitive/main/FpyDF/iIz9g8MffKNXfNyb1H/NL/#/mijnrapporten'

2018-09-04 09:51:49 - [TEST_STEP][PASSED] - Statement - p = java.util.regex.Pattern.compile("00040 ANTILOPE GROEP"): null

2018-09-04 09:51:49 - [TEST_STEP][PASSED] - Statement - m = p.matcher(url): null

2018-09-04 09:51:49 - [TEST_STEP][PASSED] - Statement - If (m.find()): null

2018-09-04 09:51:49 - [TEST_STEP][PASSED] - Statement - Else: The user name and the concern number are not present in the URL

2018-09-04 09:51:49 - [TEST_STEP][PASSED] - Statement - com.kms.katalon.core.util.KeywordUtil.markPassed("The user name and the concern number are not present in the URL"): The user name and the concern number are not present in the URL

2018-09-04 09:51:49 - [MESSAGE][PASSED] - The user name and the concern number are not present in the URL

2018-09-04 09:51:49 - [MESSAGE][PASSED] - Call Test Case 'Test Cases/Sub Script/Navigation_Menu/Menu_Mes_rapports/Main_Content/TC Verify Url' successfully

2018-09-04 09:51:49 - [TEST_STEP][PASSED] - callTestCase: Call Test Case 'Test Cases/Sub Script/Select Language/TC2 Verify FR Language' successfully

2018-09-04 09:51:49 - [TEST_CASE][PASSED] - Test Cases/Sub Script/Select Language/TC2 Verify FR Language: Test Cases/Sub Script/Select Language/TC2 Verify FR Language

2018-09-04 09:51:49 - [TEST_STEP][PASSED] - Statement - verify_FR_link = com.kms.katalon.core.webui.keyword.WebUiBuiltInKeywords.verifyElementClickable(com.kms.katalon.core.testobject.ObjectRepository.findTestObject(Change language link Obj/FR_language)): Object 'Object Repository/Change language link Obj/FR_language' is clickable

2018-09-04 09:51:49 - [MESSAGE][PASSED] - Object 'Object Repository/Change language link Obj/FR_language' is clickable

2018-09-04 09:51:49 - [TEST_STEP][PASSED] - Statement - If (verify_FR_link.equals(true)): NL link is clickable !

2018-09-04 09:51:49 - [TEST_STEP][PASSED] - Statement - com.kms.katalon.core.util.KeywordUtil.markPassed("NL link is clickable !"): NL link is clickable !

2018-09-04 09:51:49 - [MESSAGE][PASSED] - NL link is clickable !

2018-09-04 09:51:49 - [TEST_STEP][PASSED] - click: Object: 'Object Repository/Change language link Obj/FR_language' is clicked on

2018-09-04 09:51:54 - [MESSAGE][PASSED] - Object: 'Object Repository/Change language link Obj/FR_language' is clicked on

2018-09-04 09:51:54 - [TEST_STEP][PASSED] - waitForPageLoad: Wait for page load successfully

2018-09-04 09:51:54 - [MESSAGE][PASSED] - Wait for page load successfully

2018-09-04 09:51:54 - [MESSAGE][PASSED] - Call Test Case 'Test Cases/Sub Script/Select Language/TC2 Verify FR Language' successfully

2018-09-04 09:51:54 - [TEST_STEP][PASSED] - callTestCase: Call Test Case 'Test Cases/Sub Script/Navigation_Menu/Menu_Mes_rapports/TC Verify Mes rapports tab' successfully

2018-09-04 09:51:54 - [TEST_CASE][PASSED] - Test Cases/Sub Script/Navigation_Menu/Menu_Mes_rapports/TC Verify Mes rapports tab: Test Cases/Sub Script/Navigation_Menu/Menu_Mes_rapports/TC Verify Mes rapports tab

2018-09-04 09:51:54 - [TEST_STEP][PASSED] - click: Object: 'Object Repository/Mes rapports Obj/Mes rapports_tab' is clicked on

2018-09-04 09:51:54 - [MESSAGE][PASSED] - Object: 'Object Repository/Mes rapports Obj/Mes rapports_tab' is clicked on

2018-09-04 09:51:54 - [MESSAGE][PASSED] - Call Test Case 'Test Cases/Sub Script/Navigation_Menu/Menu_Mes_rapports/TC Verify Mes rapports tab' successfully

2018-09-04 09:51:54 - [TEST_STEP][PASSED] - callTestCase: Call Test Case 'Test Cases/Sub Script/Navigation_Menu/Menu_Mes_rapports/Main_Content/TC Verify Deployer function' successfully

2018-09-04 09:51:54 - [TEST_CASE][PASSED] - Test Cases/Sub Script/Navigation_Menu/Menu_Mes_rapports/Main_Content/TC Verify Deployer function: Test Cases/Sub Script/Navigation_Menu/Menu_Mes_rapports/Main_Content/TC Verify Deployer function

2018-09-04 09:51:54 - [TEST_STEP][PASSED] - waitForPageLoad: Wait for page load successfully

2018-09-04 09:51:54 - [MESSAGE][PASSED] - Wait for page load successfully

2018-09-04 09:51:54 - [TEST_STEP][PASSED] - waitForElementClickable: Object 'Object Repository/Mes rapports Obj/button_setting_dropdown' is clickable

2018-09-04 09:51:57 - [MESSAGE][PASSED] - Object 'Object Repository/Mes rapports Obj/button_setting_dropdown' is clickable

2018-09-04 09:51:57 - [TEST_STEP][PASSED] - click: Object: 'Object Repository/Mes rapports Obj/button_setting_dropdown' is clicked on

2018-09-04 09:51:57 - [MESSAGE][PASSED] - Object: 'Object Repository/Mes rapports Obj/button_setting_dropdown' is clicked on

2018-09-04 09:51:57 - [TEST_STEP][PASSED] - click: Object: 'Object Repository/Mes rapports Obj/a_Dployer tout' is clicked on

2018-09-04 09:52:00 - [MESSAGE][PASSED] - Object: 'Object Repository/Mes rapports Obj/a_Dployer tout' is clicked on

2018-09-04 09:52:00 - [TEST_STEP][PASSED] - waitForPageLoad: Wait for page load successfully

2018-09-04 09:52:00 - [MESSAGE][PASSED] - Wait for page load successfully

2018-09-04 09:52:00 - [MESSAGE][PASSED] - Call Test Case 'Test Cases/Sub Script/Navigation_Menu/Menu_Mes_rapports/Main_Content/TC Verify Deployer function' successfully

2018-09-04 09:52:00 - [TEST_STEP][PASSED] - callTestCase: Call Test Case 'Test Cases/Sub Script/Navigation_Menu/Menu_Mes_rapports/Main_Content/TC Verify Masquer function' successfully

2018-09-04 09:52:00 - [TEST_CASE][PASSED] - Test Cases/Sub Script/Navigation_Menu/Menu_Mes_rapports/Main_Content/TC Verify Masquer function: Test Cases/Sub Script/Navigation_Menu/Menu_Mes_rapports/Main_Content/TC Verify Masquer function

2018-09-04 09:52:00 - [TEST_STEP][PASSED] - click: Object: 'Object Repository/Mes rapports Obj/button_setting_dropdown' is clicked on

2018-09-04 09:52:00 - [MESSAGE][PASSED] - Object: 'Object Repository/Mes rapports Obj/button_setting_dropdown' is clicked on

2018-09-04 09:52:00 - [TEST_STEP][PASSED] - click: Object: 'Object Repository/Mes rapports Obj/a_Masquer tout' is clicked on

2018-09-04 09:52:00 - [MESSAGE][PASSED] - Object: 'Object Repository/Mes rapports Obj/a_Masquer tout' is clicked on

2018-09-04 09:52:00 - [TEST_STEP][PASSED] - waitForPageLoad: Wait for page load successfully

2018-09-04 09:52:00 - [MESSAGE][PASSED] - Wait for page load successfully

2018-09-04 09:52:00 - [MESSAGE][PASSED] - Call Test Case 'Test Cases/Sub Script/Navigation_Menu/Menu_Mes_rapports/Main_Content/TC Verify Masquer function' successfully

2018-09-04 09:52:00 - [TEST_STEP][PASSED] - callTestCase: Call Test Case 'Test Cases/Sub Script/Navigation_Menu/Menu_Mes_rapports/Main_Content/TC Verify info icon function' successfully

2018-09-04 09:52:00 - [TEST_CASE][PASSED] - Test Cases/Sub Script/Navigation_Menu/Menu_Mes_rapports/Main_Content/TC Verify info icon function: Test Cases/Sub Script/Navigation_Menu/Menu_Mes_rapports/Main_Content/TC Verify info icon function

2018-09-04 09:52:00 - [TEST_STEP][PASSED] - click: Object: 'Object Repository/Mes rapports Obj/info_Icon' is clicked on

2018-09-04 09:52:01 - [MESSAGE][PASSED] - Object: 'Object Repository/Mes rapports Obj/info_Icon' is clicked on

2018-09-04 09:52:01 - [TEST_STEP][PASSED] - waitForPageLoad: Wait for page load successfully

2018-09-04 09:52:01 - [MESSAGE][PASSED] - Wait for page load successfully

2018-09-04 09:52:01 - [MESSAGE][PASSED] - Call Test Case 'Test Cases/Sub Script/Navigation_Menu/Menu_Mes_rapports/Main_Content/TC Verify info icon function' successfully

2018-09-04 09:52:01 - [TEST_STEP][PASSED] - callTestCase: Call Test Case 'Test Cases/Sub Script/Navigation_Menu/Menu_Mes_rapports/Main_Content/TC Verify Url' successfully

2018-09-04 09:52:01 - [TEST_CASE][PASSED] - Test Cases/Sub Script/Navigation_Menu/Menu_Mes_rapports/Main_Content/TC Verify Url: Test Cases/Sub Script/Navigation_Menu/Menu_Mes_rapports/Main_Content/TC Verify Url

2018-09-04 09:52:01 - [TEST_STEP][PASSED] - waitForPageLoad: Wait for page load successfully

2018-09-04 09:52:01 - [MESSAGE][PASSED] - Wait for page load successfully

2018-09-04 09:52:01 - [TEST_STEP][PASSED] - Statement - url = com.kms.katalon.core.webui.keyword.WebUiBuiltInKeywords.getUrl(): Current window's url is: 'https://internet.acc.sd.dika.be/ebloxreporting/web.sensitive/main/FpyDF/iIz9g8MffKNXfNyb1H/FR/#/mijnrapporten'

2018-09-04 09:52:01 - [MESSAGE][PASSED] - Current window's url is: 'https://internet.acc.sd.dika.be/ebloxreporting/web.sensitive/main/FpyDF/iIz9g8MffKNXfNyb1H/FR/#/mijnrapporten'

2018-09-04 09:52:01 - [TEST_STEP][PASSED] - Statement - p = java.util.regex.Pattern.compile("00040 ANTILOPE GROEP"): null

2018-09-04 09:52:01 - [TEST_STEP][PASSED] - Statement - m = p.matcher(url): null

2018-09-04 09:52:01 - [TEST_STEP][PASSED] - Statement - If (m.find()): null

2018-09-04 09:52:01 - [TEST_STEP][PASSED] - Statement - Else: The user name and the concern number are not present in the URL

2018-09-04 09:52:01 - [TEST_STEP][PASSED] - Statement - com.kms.katalon.core.util.KeywordUtil.markPassed("The user name and the concern number are not present in the URL"): The user name and the concern number are not present in the URL

2018-09-04 09:52:01 - [MESSAGE][PASSED] - The user name and the concern number are not present in the URL

2018-09-04 09:52:01 - [MESSAGE][PASSED] - Call Test Case 'Test Cases/Sub Script/Navigation_Menu/Menu_Mes_rapports/Main_Content/TC Verify Url' successfully

2018-09-04 09:52:01 - [TEST_STEP][PASSED] - callTestCase: Call Test Case 'Test Cases/Sub Script/Select Language/TC2 Verify FR Language' successfully

2018-09-04 09:52:01 - [TEST_CASE][PASSED] - Test Cases/Sub Script/Select Language/TC2 Verify FR Language: Test Cases/Sub Script/Select Language/TC2 Verify FR Language

2018-09-04 09:52:01 - [TEST_STEP][PASSED] - Statement - verify_FR_link = com.kms.katalon.core.webui.keyword.WebUiBuiltInKeywords.verifyElementClickable(com.kms.katalon.core.testobject.ObjectRepository.findTestObject(Change language link Obj/FR_language)): Object 'Object Repository/Change language link Obj/FR_language' is clickable

2018-09-04 09:52:01 - [MESSAGE][PASSED] - Object 'Object Repository/Change language link Obj/FR_language' is clickable

2018-09-04 09:52:01 - [TEST_STEP][PASSED] - Statement - If (verify_FR_link.equals(true)): NL link is clickable !

2018-09-04 09:52:01 - [TEST_STEP][PASSED] - Statement - com.kms.katalon.core.util.KeywordUtil.markPassed("NL link is clickable !"): NL link is clickable !

2018-09-04 09:52:01 - [MESSAGE][PASSED] - NL link is clickable !

2018-09-04 09:52:01 - [TEST_STEP][PASSED] - click: Object: 'Object Repository/Change language link Obj/FR_language' is clicked on

2018-09-04 09:52:01 - [MESSAGE][PASSED] - Object: 'Object Repository/Change language link Obj/FR_language' is clicked on

2018-09-04 09:52:01 - [TEST_STEP][PASSED] - waitForPageLoad: Wait for page load successfully

2018-09-04 09:52:01 - [MESSAGE][PASSED] - Wait for page load successfully

2018-09-04 09:52:01 - [MESSAGE][PASSED] - Call Test Case 'Test Cases/Sub Script/Select Language/TC2 Verify FR Language' successfully

2018-09-04 09:52:01 - [TEST_STEP][PASSED] - callTestCase: Call Test Case 'Test Cases/Sub Script/Select Language/TC1 Verify NL language' successfully

2018-09-04 09:52:01 - [TEST_CASE][PASSED] - Test Cases/Sub Script/Select Language/TC1 Verify NL language: Test Cases/Sub Script/Select Language/TC1 Verify NL language

2018-09-04 09:52:01 - [TEST_STEP][PASSED] - waitForElementClickable: Object 'Object Repository/Change language link Obj/NL_language' is clickable

2018-09-04 09:52:01 - [MESSAGE][PASSED] - Object 'Object Repository/Change language link Obj/NL_language' is clickable

2018-09-04 09:52:01 - [TEST_STEP][PASSED] - Statement - verify_NL_link = com.kms.katalon.core.webui.keyword.WebUiBuiltInKeywords.verifyElementClickable(com.kms.katalon.core.testobject.ObjectRepository.findTestObject(Change language link Obj/NL_language)): Object 'Object Repository/Change language link Obj/NL_language' is clickable

2018-09-04 09:52:01 - [MESSAGE][PASSED] - Object 'Object Repository/Change language link Obj/NL_language' is clickable

2018-09-04 09:52:01 - [TEST_STEP][PASSED] - Statement - If (verify_NL_link.equals(true)): NL link is clickable !

2018-09-04 09:52:01 - [TEST_STEP][PASSED] - Statement - com.kms.katalon.core.util.KeywordUtil.markPassed("NL link is clickable !"): NL link is clickable !

2018-09-04 09:52:01 - [MESSAGE][PASSED] - NL link is clickable !

2018-09-04 09:52:01 - [TEST_STEP][PASSED] - click: Object: 'Object Repository/Change language link Obj/NL_language' is clicked on

2018-09-04 09:52:05 - [MESSAGE][PASSED] - Object: 'Object Repository/Change language link Obj/NL_language' is clicked on

2018-09-04 09:52:05 - [TEST_STEP][PASSED] - waitForPageLoad: Wait for page load successfully

2018-09-04 09:52:05 - [MESSAGE][PASSED] - Wait for page load successfully

2018-09-04 09:52:05 - [MESSAGE][PASSED] - Call Test Case 'Test Cases/Sub Script/Select Language/TC1 Verify NL language' successfully

2018-09-04 09:52:05 - [TEST_STEP][PASSED] - callTestCase: Call Test Case 'Test Cases/Sub Script/Navigation_Menu/Menu_Bibliotheque/TC Verify Bibliotheque tab' successfully

2018-09-04 09:52:06 - [TEST_CASE][PASSED] - Test Cases/Sub Script/Navigation_Menu/Menu_Bibliotheque/TC Verify Bibliotheque tab: Test Cases/Sub Script/Navigation_Menu/Menu_Bibliotheque/TC Verify Bibliotheque tab

2018-09-04 09:52:06 - [TEST_STEP][PASSED] - click: Object: 'Object Repository/Bibliotheque Obj/Bibliothque_tab' is clicked on

2018-09-04 09:52:06 - [MESSAGE][PASSED] - Object: 'Object Repository/Bibliotheque Obj/Bibliothque_tab' is clicked on

2018-09-04 09:52:06 - [MESSAGE][PASSED] - Call Test Case 'Test Cases/Sub Script/Navigation_Menu/Menu_Bibliotheque/TC Verify Bibliotheque tab' successfully

2018-09-04 09:52:06 - [TEST_STEP][PASSED] - callTestCase: Call Test Case 'Test Cases/Sub Script/Navigation_Menu/Menu_Bibliotheque/TC1 Verify Deployer function' successfully

2018-09-04 09:52:06 - [TEST_CASE][PASSED] - Test Cases/Sub Script/Navigation_Menu/Menu_Bibliotheque/TC1 Verify Deployer function: Test Cases/Sub Script/Navigation_Menu/Menu_Bibliotheque/TC1 Verify Deployer function

2018-09-04 09:52:06 - [TEST_STEP][PASSED] - waitForPageLoad: Wait for page load successfully

2018-09-04 09:52:06 - [MESSAGE][PASSED] - Wait for page load successfully

2018-09-04 09:52:06 - [TEST_STEP][PASSED] - click: Object: 'Object Repository/Bibliotheque Obj/button_setting_dropdown' is clicked on

2018-09-04 09:52:09 - [MESSAGE][PASSED] - Object: 'Object Repository/Bibliotheque Obj/button_setting_dropdown' is clicked on

2018-09-04 09:52:09 - [TEST_STEP][PASSED] - click: Object: 'Object Repository/Bibliotheque Obj/a_Dployer tout' is clicked on

2018-09-04 09:52:09 - [MESSAGE][PASSED] - Object: 'Object Repository/Bibliotheque Obj/a_Dployer tout' is clicked on

2018-09-04 09:52:09 - [MESSAGE][PASSED] - Call Test Case 'Test Cases/Sub Script/Navigation_Menu/Menu_Bibliotheque/TC1 Verify Deployer function' successfully

2018-09-04 09:52:09 - [TEST_STEP][PASSED] - callTestCase: Call Test Case 'Test Cases/Sub Script/Navigation_Menu/Menu_Bibliotheque/TC2 Verify Masquer function' successfully

2018-09-04 09:52:10 - [TEST_CASE][PASSED] - Test Cases/Sub Script/Navigation_Menu/Menu_Bibliotheque/TC2 Verify Masquer function: Test Cases/Sub Script/Navigation_Menu/Menu_Bibliotheque/TC2 Verify Masquer function

2018-09-04 09:52:10 - [TEST_STEP][PASSED] - click: Object: 'Object Repository/Bibliotheque Obj/button_setting_dropdown' is clicked on

2018-09-04 09:52:10 - [MESSAGE][PASSED] - Object: 'Object Repository/Bibliotheque Obj/button_setting_dropdown' is clicked on

2018-09-04 09:52:10 - [TEST_STEP][PASSED] - click: Object: 'Object Repository/Bibliotheque Obj/a_Masquer tout' is clicked on

2018-09-04 09:52:10 - [MESSAGE][PASSED] - Object: 'Object Repository/Bibliotheque Obj/a_Masquer tout' is clicked on

2018-09-04 09:52:10 - [MESSAGE][PASSED] - Call Test Case 'Test Cases/Sub Script/Navigation_Menu/Menu_Bibliotheque/TC2 Verify Masquer function' successfully

2018-09-04 09:52:10 - [TEST_STEP][PASSED] - callTestCase: Call Test Case 'Test Cases/Sub Script/Navigation_Menu/Menu_Bibliotheque/TC3 Verify info icon function' successfully

2018-09-04 09:52:10 - [TEST_CASE][PASSED] - Test Cases/Sub Script/Navigation_Menu/Menu_Bibliotheque/TC3 Verify info icon function: Test Cases/Sub Script/Navigation_Menu/Menu_Bibliotheque/TC3 Verify info icon function

2018-09-04 09:52:10 - [TEST_STEP][PASSED] - click: Object: 'Object Repository/Bibliotheque Obj/info_Icon' is clicked on

2018-09-04 09:52:10 - [MESSAGE][PASSED] - Object: 'Object Repository/Bibliotheque Obj/info_Icon' is clicked on

2018-09-04 09:52:10 - [MESSAGE][PASSED] - Call Test Case 'Test Cases/Sub Script/Navigation_Menu/Menu_Bibliotheque/TC3 Verify info icon function' successfully

2018-09-04 09:52:10 - [TEST_STEP][PASSED] - callTestCase: Call Test Case 'Test Cases/Sub Script/Navigation_Menu/Menu_Bibliotheque/TC4 Verify Url' successfully

2018-09-04 09:52:11 - [TEST_CASE][PASSED] - Test Cases/Sub Script/Navigation_Menu/Menu_Bibliotheque/TC4 Verify Url: Test Cases/Sub Script/Navigation_Menu/Menu_Bibliotheque/TC4 Verify Url

2018-09-04 09:52:11 - [TEST_STEP][PASSED] - waitForPageLoad: Wait for page load successfully

2018-09-04 09:52:11 - [MESSAGE][PASSED] - Wait for page load successfully

2018-09-04 09:52:11 - [TEST_STEP][PASSED] - Statement - url = com.kms.katalon.core.webui.keyword.WebUiBuiltInKeywords.getUrl(): Current window's url is: 'https://internet.acc.sd.dika.be/ebloxreporting/web.sensitive/main/FpyDF/iIz9g8MffKNXfNyb1H/NL/#/bibliotheek/'

2018-09-04 09:52:11 - [MESSAGE][PASSED] - Current window's url is: 'https://internet.acc.sd.dika.be/ebloxreporting/web.sensitive/main/FpyDF/iIz9g8MffKNXfNyb1H/NL/#/bibliotheek/'

2018-09-04 09:52:11 - [TEST_STEP][PASSED] - Statement - p = java.util.regex.Pattern.compile("00040 ANTILOPE GROEP"): null

2018-09-04 09:52:11 - [TEST_STEP][PASSED] - Statement - m = p.matcher(url): null

2018-09-04 09:52:11 - [TEST_STEP][PASSED] - Statement - If (m.find()): null

2018-09-04 09:52:11 - [TEST_STEP][PASSED] - Statement - Else: The user name and the concern number are not present in the URL

2018-09-04 09:52:11 - [TEST_STEP][PASSED] - Statement - com.kms.katalon.core.util.KeywordUtil.markPassed("The user name and the concern number are not present in the URL"): The user name and the concern number are not present in the URL

2018-09-04 09:52:11 - [MESSAGE][PASSED] - The user name and the concern number are not present in the URL

2018-09-04 09:52:11 - [MESSAGE][PASSED] - Call Test Case 'Test Cases/Sub Script/Navigation_Menu/Menu_Bibliotheque/TC4 Verify Url' successfully

2018-09-04 09:52:11 - [TEST_STEP][PASSED] - callTestCase: Call Test Case 'Test Cases/Sub Script/Navigation_Menu/Menu_Comptages/TC Verify Comptages tab' successfully

2018-09-04 09:52:11 - [TEST_CASE][PASSED] - Test Cases/Sub Script/Navigation_Menu/Menu_Comptages/TC Verify Comptages tab: Test Cases/Sub Script/Navigation_Menu/Menu_Comptages/TC Verify Comptages tab

2018-09-04 09:52:11 - [TEST_STEP][PASSED] - click: Object: 'Object Repository/Comptages Obj/Comptages_tab' is clicked on

2018-09-04 09:52:11 - [MESSAGE][PASSED] - Object: 'Object Repository/Comptages Obj/Comptages_tab' is clicked on

2018-09-04 09:52:11 - [MESSAGE][PASSED] - Call Test Case 'Test Cases/Sub Script/Navigation_Menu/Menu_Comptages/TC Verify Comptages tab' successfully

2018-09-04 09:52:11 - [TEST_STEP][PASSED] - callTestCase: Call Test Case 'Test Cases/Sub Script/Navigation_Menu/Menu_Comptages/TC2 Verify Nouveau comptage button' successfully

2018-09-04 09:52:11 - [TEST_CASE][PASSED] - Test Cases/Sub Script/Navigation_Menu/Menu_Comptages/TC2 Verify Nouveau comptage button: Test Cases/Sub Script/Navigation_Menu/Menu_Comptages/TC2 Verify Nouveau comptage button

2018-09-04 09:52:11 - [TEST_STEP][PASSED] - click: Object: 'Object Repository/Comptages Obj/button_Nouveau comptage' is clicked on

2018-09-04 09:52:14 - [MESSAGE][PASSED] - Object: 'Object Repository/Comptages Obj/button_Nouveau comptage' is clicked on

2018-09-04 09:52:14 - [MESSAGE][PASSED] - Call Test Case 'Test Cases/Sub Script/Navigation_Menu/Menu_Comptages/TC2 Verify Nouveau comptage button' successfully

2018-09-04 09:52:14 - [TEST_STEP][PASSED] - callTestCase: Call Test Case 'Test Cases/Sub Script/Navigation_Menu/Menu_Comptages/TC3 Verify Montants Function' successfully

2018-09-04 09:52:14 - [TEST_CASE][PASSED] - Test Cases/Sub Script/Navigation_Menu/Menu_Comptages/TC3 Verify Montants Function: Test Cases/Sub Script/Navigation_Menu/Menu_Comptages/TC3 Verify Montants Function

2018-09-04 09:52:15 - [TEST_STEP][PASSED] - click: Object: 'Object Repository/Comptages Obj/a_Montants' is clicked on

2018-09-04 09:52:15 - [MESSAGE][PASSED] - Object: 'Object Repository/Comptages Obj/a_Montants' is clicked on

2018-09-04 09:52:15 - [MESSAGE][PASSED] - Call Test Case 'Test Cases/Sub Script/Navigation_Menu/Menu_Comptages/TC3 Verify Montants Function' successfully

2018-09-04 09:52:15 - [TEST_STEP][PASSED] - callTestCase: Call Test Case 'Test Cases/Sub Script/Navigation_Menu/Menu_Comptages/TC4 Verify the creation of a new Comptage' successfully

2018-09-04 09:52:15 - [TEST_CASE][PASSED] - Test Cases/Sub Script/Navigation_Menu/Menu_Comptages/TC4 Verify the creation of a new Comptage: Test Cases/Sub Script/Navigation_Menu/Menu_Comptages/TC4 Verify the creation of a new Comptage

2018-09-04 09:52:15 - [TEST_STEP][PASSED] - setText: Text 'testing' is set on object 'Object Repository/Comptages Obj/input_comptage_name'

2018-09-04 09:52:16 - [MESSAGE][PASSED] - Text 'testing' is set on object 'Object Repository/Comptages Obj/input_comptage_name'

2018-09-04 09:52:16 - [TEST_STEP][PASSED] - delay: Delayed 5 second(s)

2018-09-04 09:52:21 - [MESSAGE][PASSED] - Delayed 5 second(s)

2018-09-04 09:52:21 - [TEST_STEP][PASSED] - click: Object: 'Object Repository/Comptages Obj/dropdown_arrow' is clicked on

2018-09-04 09:52:21 - [MESSAGE][PASSED] - Object: 'Object Repository/Comptages Obj/dropdown_arrow' is clicked on

2018-09-04 09:52:21 - [TEST_STEP][PASSED] - delay: Delayed 5 second(s)

2018-09-04 09:52:26 - [MESSAGE][PASSED] - Delayed 5 second(s)

2018-09-04 09:52:26 - [TEST_STEP][PASSED] - setText: Text 'Attest loonlasten' is set on object 'Object Repository/Comptages Obj/input_comptage_type'

2018-09-04 09:52:27 - [MESSAGE][PASSED] - Text 'Attest loonlasten' is set on object 'Object Repository/Comptages Obj/input_comptage_type'

2018-09-04 09:52:27 - [TEST_STEP][PASSED] - sendKeys: Keys 'ENTER + ' sent to object: 'Object Repository/Comptages Obj/input_comptage_type'

2018-09-04 09:52:27 - [MESSAGE][PASSED] - Keys 'ENTER + ' sent to object: 'Object Repository/Comptages Obj/input_comptage_type'

2018-09-04 09:52:27 - [MESSAGE][PASSED] - Call Test Case 'Test Cases/Sub Script/Navigation_Menu/Menu_Comptages/TC4 Verify the creation of a new Comptage' successfully

2018-09-04 09:52:27 - [TEST_STEP][PASSED] - callTestCase: Call Test Case 'Test Cases/Sub Script/Navigation_Menu/Menu_Comptages/TC7 Verify Sauvegarder button' successfully

2018-09-04 09:52:27 - [TEST_CASE][PASSED] - Test Cases/Sub Script/Navigation_Menu/Menu_Comptages/TC7 Verify Sauvegarder button: Test Cases/Sub Script/Navigation_Menu/Menu_Comptages/TC7 Verify Sauvegarder button

2018-09-04 09:52:27 - [TEST_STEP][PASSED] - click: Object: 'Object Repository/Comptages Obj/button_Sauvegarder' is clicked on

2018-09-04 09:52:27 - [MESSAGE][PASSED] - Object: 'Object Repository/Comptages Obj/button_Sauvegarder' is clicked on

2018-09-04 09:52:27 - [MESSAGE][PASSED] - Call Test Case 'Test Cases/Sub Script/Navigation_Menu/Menu_Comptages/TC7 Verify Sauvegarder button' successfully

2018-09-04 09:52:27 - [TEST_STEP][PASSED] - closeBrowser: Browser is closed

2018-09-04 09:52:28 - [MESSAGE][PASSED] - Browser is closed]]></system-out>
         <system-err><![CDATA[]]></system-err>
      </testcase>
      <testcase name="Test Cases/Main Script/TC8 EXPORT" classname="Test Cases/Main Script/TC8 EXPORT" status="FAILED">
         <failure type="FAILED" message="Unable to wait for object to be clickable (Root cause: java.lang.IllegalArgumentException: Object is null)"/>
         <system-out><![CDATA[2018-09-04 09:52:28 - [TEST_CASE][FAILED] - Test Cases/Main Script/TC8 EXPORT: Test Cases/Main Script/TC8 EXPORT FAILED because (of) Unable to wait for object to be clickable (Root cause: java.lang.IllegalArgumentException: Object is null)

2018-09-04 09:52:28 - [TEST_STEP][PASSED] - Start listener action : sampleBeforeTestCase: Invoke 'com.kms.katalon.core.annotation.BeforeTestCase' method: 'NewTestListener.sampleBeforeTestCase(...)' completed.

2018-09-04 09:52:28 - [TEST_STEP][PASSED] - Statement - println(testCaseContext.getTextCaseId()=$testCaseContext.getTestCaseId()): null

2018-09-04 09:52:28 - [TEST_STEP][PASSED] - Statement - currentTestCaseId = testCaseContext.getTestCaseId(): Invoke 'com.kms.katalon.core.annotation.BeforeTestCase' method: 'NewTestListener.sampleBeforeTestCase(...)' completed.

2018-09-04 09:52:28 - [TEST_STEP][PASSED] - verify_Test_Case_Number.getTestCaseNumber.getTCNo: verify_Test_Case_Number.getTestCaseNumber.getTCNo is PASSED

2018-09-04 09:52:28 - [MESSAGE][PASSED] - verify_Test_Case_Number.getTestCaseNumber.getTCNo is PASSED

2018-09-04 09:52:28 - [TEST_STEP][PASSED] - callTestCase: Call Test Case 'Test Cases/Login/TC1 Login to Mysdworx' successfully

2018-09-04 09:52:28 - [TEST_CASE][PASSED] - Test Cases/Login/TC1 Login to Mysdworx: Test Cases/Login/TC1 Login to Mysdworx

2018-09-04 09:52:28 - [TEST_STEP][PASSED] - openBrowser: Browser is opened with url: ''

2018-09-04 09:52:30 - [MESSAGE][PASSED] - Browser is opened with url: ''

2018-09-04 09:52:30 - [TEST_STEP][PASSED] - navigateToUrl: Navigate to 'https://internet.acc.sd.dika.be/ebloxreporting/web.sensitive/main/?lang=fr' successfully

2018-09-04 09:52:35 - [MESSAGE][PASSED] - Navigate to 'https://internet.acc.sd.dika.be/ebloxreporting/web.sensitive/main/?lang=fr' successfully

2018-09-04 09:52:35 - [TEST_STEP][PASSED] - maximizeWindow: Current window maximized

2018-09-04 09:52:36 - [MESSAGE][PASSED] - Current window maximized

2018-09-04 09:52:36 - [TEST_STEP][PASSED] - setText: Text 'DP_EBLOX_RPP_VASCO' is set on object 'Object Repository/Page_mysdworx - Log in/input_Username'

2018-09-04 09:52:43 - [MESSAGE][PASSED] - Text 'DP_EBLOX_RPP_VASCO' is set on object 'Object Repository/Page_mysdworx - Log in/input_Username'

2018-09-04 09:52:43 - [TEST_STEP][PASSED] - Statement - frame = new javax.swing.JFrame(User Input Frame): null

2018-09-04 09:52:43 - [TEST_STEP][PASSED] - Statement - frame.requestFocus(): null

2018-09-04 09:52:43 - [TEST_STEP][PASSED] - Statement - pass = javax.swing.JOptionPane.showInputDialog(frame, "Enter the password from token!!"): null

2018-09-04 09:52:50 - [TEST_STEP][PASSED] - delay: Delayed 2 second(s)

2018-09-04 09:52:52 - [MESSAGE][PASSED] - Delayed 2 second(s)

2018-09-04 09:52:52 - [TEST_STEP][PASSED] - setText: Text '481983' is set on object 'Object Repository/Page_mysdworx - Log in/input_Password'

2018-09-04 09:52:52 - [MESSAGE][PASSED] - Text '481983' is set on object 'Object Repository/Page_mysdworx - Log in/input_Password'

2018-09-04 09:52:52 - [TEST_STEP][PASSED] - click: Object: 'Object Repository/Page_mysdworx - Log in/button_Se connecter' is clicked on

2018-09-04 09:52:52 - [MESSAGE][PASSED] - Object: 'Object Repository/Page_mysdworx - Log in/button_Se connecter' is clicked on

2018-09-04 09:52:52 - [TEST_STEP][PASSED] - waitForPageLoad: Wait for page load successfully

2018-09-04 09:52:52 - [MESSAGE][PASSED] - Wait for page load successfully

2018-09-04 09:52:52 - [TEST_STEP][NOT_RUN] - closeBrowser: NOT_RUN: closeBrowser

2018-09-04 09:52:52 - [MESSAGE][NOT_RUN] - NOT_RUN: closeBrowser

2018-09-04 09:52:52 - [MESSAGE][PASSED] - Call Test Case 'Test Cases/Login/TC1 Login to Mysdworx' successfully

2018-09-04 09:52:52 - [TEST_STEP][PASSED] - callTestCase: Call Test Case 'Test Cases/Sub Script/Select Language/TC1 Verify NL language' successfully

2018-09-04 09:52:52 - [TEST_CASE][PASSED] - Test Cases/Sub Script/Select Language/TC1 Verify NL language: Test Cases/Sub Script/Select Language/TC1 Verify NL language

2018-09-04 09:52:52 - [TEST_STEP][PASSED] - waitForElementClickable: Object 'Object Repository/Change language link Obj/NL_language' is clickable

2018-09-04 09:53:29 - [MESSAGE][PASSED] - Object 'Object Repository/Change language link Obj/NL_language' is clickable

2018-09-04 09:53:29 - [TEST_STEP][PASSED] - Statement - verify_NL_link = com.kms.katalon.core.webui.keyword.WebUiBuiltInKeywords.verifyElementClickable(com.kms.katalon.core.testobject.ObjectRepository.findTestObject(Change language link Obj/NL_language)): Object 'Object Repository/Change language link Obj/NL_language' is clickable

2018-09-04 09:53:29 - [MESSAGE][PASSED] - Object 'Object Repository/Change language link Obj/NL_language' is clickable

2018-09-04 09:53:29 - [TEST_STEP][PASSED] - Statement - If (verify_NL_link.equals(true)): NL link is clickable !

2018-09-04 09:53:29 - [TEST_STEP][PASSED] - Statement - com.kms.katalon.core.util.KeywordUtil.markPassed("NL link is clickable !"): NL link is clickable !

2018-09-04 09:53:29 - [MESSAGE][PASSED] - NL link is clickable !

2018-09-04 09:53:29 - [TEST_STEP][PASSED] - click: Object: 'Object Repository/Change language link Obj/NL_language' is clicked on

2018-09-04 09:53:34 - [MESSAGE][PASSED] - Object: 'Object Repository/Change language link Obj/NL_language' is clicked on

2018-09-04 09:53:34 - [TEST_STEP][PASSED] - waitForPageLoad: Wait for page load successfully

2018-09-04 09:53:34 - [MESSAGE][PASSED] - Wait for page load successfully

2018-09-04 09:53:34 - [MESSAGE][PASSED] - Call Test Case 'Test Cases/Sub Script/Select Language/TC1 Verify NL language' successfully

2018-09-04 09:53:34 - [TEST_STEP][PASSED] - callTestCase: Call Test Case 'Test Cases/Sub Script/Navigation_Menu/Menu_Mes_rapports/TC Verify Mes rapports tab' successfully

2018-09-04 09:53:34 - [TEST_CASE][PASSED] - Test Cases/Sub Script/Navigation_Menu/Menu_Mes_rapports/TC Verify Mes rapports tab: Test Cases/Sub Script/Navigation_Menu/Menu_Mes_rapports/TC Verify Mes rapports tab

2018-09-04 09:53:34 - [TEST_STEP][PASSED] - click: Object: 'Object Repository/Mes rapports Obj/Mes rapports_tab' is clicked on

2018-09-04 09:53:34 - [MESSAGE][PASSED] - Object: 'Object Repository/Mes rapports Obj/Mes rapports_tab' is clicked on

2018-09-04 09:53:34 - [MESSAGE][PASSED] - Call Test Case 'Test Cases/Sub Script/Navigation_Menu/Menu_Mes_rapports/TC Verify Mes rapports tab' successfully

2018-09-04 09:53:34 - [TEST_STEP][PASSED] - callTestCase: Call Test Case 'Test Cases/Sub Script/Navigation_Menu/Menu_Mes_rapports/Main_Content/TC Input text in search textfield' successfully

2018-09-04 09:53:35 - [TEST_CASE][PASSED] - Test Cases/Sub Script/Navigation_Menu/Menu_Mes_rapports/Main_Content/TC Input text in search textfield: Test Cases/Sub Script/Navigation_Menu/Menu_Mes_rapports/Main_Content/TC Input text in search textfield

2018-09-04 09:53:35 - [TEST_STEP][PASSED] - Statement - excelData = com.kms.katalon.core.testdata.TestDataFactory.findTestData(Data Files/Data/TestData): Reading excel file with source file 'C:\Users\seeboruts\OneDrive - SD Worx\Desktop\Test_Data_Reg.xlsx' and sheet name 'TEST DATA'

2018-09-04 09:53:35 - [TEST_STEP][PASSED] - Statement - rowNo = java.lang.Integer.parseInt(currentTestCaseId): null

2018-09-04 09:53:35 - [TEST_STEP][PASSED] - Statement - If (excelData.getValue(3, rowNo) != ""): Text 'REG EXPORT' is set on object 'Object Repository/Mes rapports Obj/input search filter'

2018-09-04 09:53:35 - [TEST_STEP][PASSED] - setText: Text 'REG EXPORT' is set on object 'Object Repository/Mes rapports Obj/input search filter'

2018-09-04 09:53:41 - [MESSAGE][PASSED] - Text 'REG EXPORT' is set on object 'Object Repository/Mes rapports Obj/input search filter'

2018-09-04 09:53:41 - [MESSAGE][PASSED] - Call Test Case 'Test Cases/Sub Script/Navigation_Menu/Menu_Mes_rapports/Main_Content/TC Input text in search textfield' successfully

2018-09-04 09:53:41 - [TEST_STEP][PASSED] - callTestCase: Call Test Case 'Test Cases/Sub Script/Navigation_Menu/Menu_Mes_rapports/Main_Content/TC VErify Search icon' successfully

2018-09-04 09:53:41 - [TEST_CASE][PASSED] - Test Cases/Sub Script/Navigation_Menu/Menu_Mes_rapports/Main_Content/TC VErify Search icon: Test Cases/Sub Script/Navigation_Menu/Menu_Mes_rapports/Main_Content/TC VErify Search icon

2018-09-04 09:53:41 - [TEST_STEP][PASSED] - click: Object: 'Object Repository/Page_eBlox Reporting/Search_Icon' is clicked on

2018-09-04 09:53:42 - [MESSAGE][PASSED] - Object: 'Object Repository/Page_eBlox Reporting/Search_Icon' is clicked on

2018-09-04 09:53:42 - [TEST_STEP][PASSED] - waitForPageLoad: Wait for page load successfully

2018-09-04 09:53:42 - [MESSAGE][PASSED] - Wait for page load successfully

2018-09-04 09:53:42 - [MESSAGE][PASSED] - Call Test Case 'Test Cases/Sub Script/Navigation_Menu/Menu_Mes_rapports/Main_Content/TC VErify Search icon' successfully

2018-09-04 09:53:42 - [TEST_STEP][PASSED] - callTestCase: Call Test Case 'Test Cases/Sub Script/Navigation_Menu/Menu_Mes_rapports/Main_Content/TC Select report name' successfully

2018-09-04 09:53:42 - [TEST_CASE][PASSED] - Test Cases/Sub Script/Navigation_Menu/Menu_Mes_rapports/Main_Content/TC Select report name: Test Cases/Sub Script/Navigation_Menu/Menu_Mes_rapports/Main_Content/TC Select report name

2018-09-04 09:53:42 - [TEST_STEP][PASSED] - Statement - excelData = com.kms.katalon.core.testdata.TestDataFactory.findTestData(Data Files/Data/TestData): Reading excel file with source file 'C:\Users\seeboruts\OneDrive - SD Worx\Desktop\Test_Data_Reg.xlsx' and sheet name 'TEST DATA'

2018-09-04 09:53:42 - [TEST_STEP][PASSED] - Statement - rowNo = java.lang.Integer.parseInt(currentTestCaseId): null

2018-09-04 09:53:42 - [TEST_STEP][PASSED] - Statement - If (excelData.getValue(3, rowNo) != ""): Wait for page load successfully

2018-09-04 09:53:42 - [TEST_STEP][PASSED] - setText: Text 'REG EXPORT' is set on object 'Object Repository/Mes rapports Obj/input search filter'

2018-09-04 09:53:42 - [MESSAGE][PASSED] - Text 'REG EXPORT' is set on object 'Object Repository/Mes rapports Obj/input search filter'

2018-09-04 09:53:42 - [TEST_STEP][PASSED] - Statement - myTestObject = new com.kms.katalon.core.testobject.TestObject(Select_report_name): null

2018-09-04 09:53:42 - [TEST_STEP][PASSED] - Statement - myTestObject.addProperty("xpath", EQUALS, "//a[@class='hide-on-hover']//span[@text='" + excelData.getValue(3, rowNo) + "']"): null

2018-09-04 09:53:42 - [TEST_STEP][PASSED] - click: Object: 'Select_report_name' is clicked on

2018-09-04 09:53:42 - [MESSAGE][PASSED] - Object: 'Select_report_name' is clicked on

2018-09-04 09:53:42 - [TEST_STEP][PASSED] - waitForPageLoad: Wait for page load successfully

2018-09-04 09:53:42 - [MESSAGE][PASSED] - Wait for page load successfully

2018-09-04 09:53:42 - [TEST_STEP][PASSED] - delay: Delayed 2 second(s)

2018-09-04 09:53:44 - [MESSAGE][PASSED] - Delayed 2 second(s)

2018-09-04 09:53:44 - [MESSAGE][PASSED] - Call Test Case 'Test Cases/Sub Script/Navigation_Menu/Menu_Mes_rapports/Main_Content/TC Select report name' successfully

2018-09-04 09:53:44 - [TEST_STEP][PASSED] - callTestCase: Call Test Case 'Test Cases/Sub Script/Navigation_Menu/Menu_Mes_rapports/Inner_Content/TC Verify Definition tab' successfully

2018-09-04 09:53:44 - [TEST_CASE][PASSED] - Test Cases/Sub Script/Navigation_Menu/Menu_Mes_rapports/Inner_Content/TC Verify Definition tab: Test Cases/Sub Script/Navigation_Menu/Menu_Mes_rapports/Inner_Content/TC Verify Definition tab

2018-09-04 09:53:44 - [TEST_STEP][PASSED] - waitForElementClickable: Object 'Object Repository/Page_eBlox Rapportering/Definition' is clickable

2018-09-04 09:53:44 - [MESSAGE][PASSED] - Object 'Object Repository/Page_eBlox Rapportering/Definition' is clickable

2018-09-04 09:53:44 - [TEST_STEP][PASSED] - Statement - definition = com.kms.katalon.core.webui.keyword.WebUiBuiltInKeywords.modifyObjectProperty(com.kms.katalon.core.testobject.ObjectRepository.findTestObject(Page_eBlox Rapportering/Definition), "xpath", "contains", "//a[contains(text(),'Definitie')]", true): Modify property of object successfully

2018-09-04 09:53:44 - [MESSAGE][PASSED] - Modify property of object successfully

2018-09-04 09:53:44 - [TEST_STEP][PASSED] - click: Object: 'Object Repository/Page_eBlox Rapportering/Definition' is clicked on

2018-09-04 09:53:45 - [MESSAGE][PASSED] - Object: 'Object Repository/Page_eBlox Rapportering/Definition' is clicked on

2018-09-04 09:53:45 - [TEST_STEP][PASSED] - waitForPageLoad: Wait for page load successfully

2018-09-04 09:53:45 - [MESSAGE][PASSED] - Wait for page load successfully

2018-09-04 09:53:45 - [MESSAGE][PASSED] - Call Test Case 'Test Cases/Sub Script/Navigation_Menu/Menu_Mes_rapports/Inner_Content/TC Verify Definition tab' successfully

2018-09-04 09:53:45 - [TEST_STEP][PASSED] - callTestCase: Call Test Case 'Test Cases/Sub Script/Navigation_Menu/Menu_Mes_rapports/Inner_Content/Content_Navigation/TC Verify Properties tab' successfully

2018-09-04 09:53:45 - [TEST_CASE][PASSED] - Test Cases/Sub Script/Navigation_Menu/Menu_Mes_rapports/Inner_Content/Content_Navigation/TC Verify Properties tab: Test Cases/Sub Script/Navigation_Menu/Menu_Mes_rapports/Inner_Content/Content_Navigation/TC Verify Properties tab

2018-09-04 09:53:45 - [TEST_STEP][PASSED] - click: Object: 'Object Repository/Page_eBlox Rapportering/Proprietes' is clicked on

2018-09-04 09:53:50 - [MESSAGE][PASSED] - Object: 'Object Repository/Page_eBlox Rapportering/Proprietes' is clicked on

2018-09-04 09:53:50 - [TEST_STEP][PASSED] - waitForPageLoad: Wait for page load successfully

2018-09-04 09:53:50 - [MESSAGE][PASSED] - Wait for page load successfully

2018-09-04 09:53:50 - [MESSAGE][PASSED] - Call Test Case 'Test Cases/Sub Script/Navigation_Menu/Menu_Mes_rapports/Inner_Content/Content_Navigation/TC Verify Properties tab' successfully

2018-09-04 09:53:50 - [TEST_STEP][FAILED] - callTestCase: Unable to call Test Case with id 'Test Cases/Sub Script/Navigation_Menu/Menu_Mes_rapports/Nouveau_Rapport/Mes rapports - PROPRIETES/Options dexportation section/TC Verify checkbox' (Root cause: Call Test Case 'Test Cases/Sub Script/Navigation_Menu/Menu_Mes_rapports/Nouveau_Rapport/Mes rapports - PROPRIETES/Options dexportation section/TC Verify checkbox' failed)

2018-09-04 09:53:50 - [TEST_CASE][FAILED] - Test Cases/Sub Script/Navigation_Menu/Menu_Mes_rapports/Nouveau_Rapport/Mes rapports - PROPRIETES/Options dexportation section/TC Verify checkbox: Test Cases/Sub Script/Navigation_Menu/Menu_Mes_rapports/Nouveau_Rapport/Mes rapports - PROPRIETES/Options dexportation section/TC Verify checkbox FAILED because (of) Unable to wait for object to be clickable (Root cause: java.lang.IllegalArgumentException: Object is null)

2018-09-04 09:53:50 - [TEST_STEP][PASSED] - Statement - excelData = com.kms.katalon.core.testdata.TestDataFactory.findTestData(Data/TC2 NEW): Reading excel file with source file 'C:\Users\seeboruts\OneDrive - SD Worx\Desktop\test_DAta.xlsx' and sheet name 'TC2 NEW'

2018-09-04 09:53:50 - [TEST_STEP][PASSED] - Statement - no_Of_Rows = excelData.getRowNumbers(): null

2018-09-04 09:53:50 - [TEST_STEP][PASSED] - Statement - value = <not implemented yet for class: org.codehaus.groovy.ast.expr.EmptyExpression>: null

2018-09-04 09:53:50 - [TEST_STEP][FAILED] - Statement - For ([i = 1, i <= no_Of_Rows, (i++)]): Unable to wait for object to be clickable (Root cause: java.lang.IllegalArgumentException: Object is null)

2018-09-04 09:53:50 - [TEST_STEP][FAILED] - Statement - If (excelData.getValue("Options Exportation", i) != ""): Unable to wait for object to be clickable (Root cause: java.lang.IllegalArgumentException: Object is null)

2018-09-04 09:53:50 - [TEST_STEP][FAILED] - Statement - verifyChecbox = com.kms.katalon.core.webui.keyword.WebUiBuiltInKeywords.waitForElementClickable(com.kms.katalon.core.testobject.ObjectRepository.findTestObject((('Page_eBlox Rapportering/Definition - Proprietes - Options d exportation/' + excelData.getValue(Options Exportation, i)) + 'checkbox')), 2): Unable to wait for object to be clickable (Root cause: java.lang.IllegalArgumentException: Object is null)

2018-09-04 09:53:50 - [MESSAGE][WARNING] - Test object with id 'Object Repository/'Page_eBlox Rapportering/Definition - Proprietes - Options d exportation/'Contenu'checkbox'' does not exist

2018-09-04 09:53:50 - [MESSAGE][WARNING] - Test object with id 'Object Repository/' does not exist

2018-09-04 09:53:51 - [MESSAGE][FAILED] - Unable to wait for object to be clickable (Root cause: java.lang.IllegalArgumentException: Object is null)
[[ATTACHMENT|C:\\Users\\seeboruts\\OneDrive - SD Worx\\Desktop\\Katalon_eBlox_Reporting\\Reports\\testing\\Demo\\20180904_094517\\1536040430883.png]]

2018-09-04 09:53:51 - [MESSAGE][FAILED] - Unable to call Test Case with id 'Test Cases/Sub Script/Navigation_Menu/Menu_Mes_rapports/Nouveau_Rapport/Mes rapports - PROPRIETES/Options dexportation section/TC Verify checkbox' (Root cause: Call Test Case 'Test Cases/Sub Script/Navigation_Menu/Menu_Mes_rapports/Nouveau_Rapport/Mes rapports - PROPRIETES/Options dexportation section/TC Verify checkbox' failed)]]></system-out>
         <system-err><![CDATA[2018-09-04 09:52:28 - [TEST_CASE][FAILED] - Test Cases/Main Script/TC8 EXPORT: Test Cases/Main Script/TC8 EXPORT FAILED because (of) Unable to wait for object to be clickable (Root cause: java.lang.IllegalArgumentException: Object is null)]]></system-err>
      </testcase>
      <testcase name="Test Cases/Main Script/TC9 HISTORIC WITH" classname="Test Cases/Main Script/TC9 HISTORIC WITH" status="PASSED">
         <system-out><![CDATA[2018-09-04 09:53:51 - [TEST_CASE][PASSED] - Test Cases/Main Script/TC9 HISTORIC WITH: Test Cases/Main Script/TC9 HISTORIC WITH

2018-09-04 09:53:51 - [TEST_STEP][PASSED] - Start listener action : sampleBeforeTestCase: Invoke 'com.kms.katalon.core.annotation.BeforeTestCase' method: 'NewTestListener.sampleBeforeTestCase(...)' completed.

2018-09-04 09:53:51 - [TEST_STEP][PASSED] - Statement - println(testCaseContext.getTextCaseId()=$testCaseContext.getTestCaseId()): null

2018-09-04 09:53:51 - [TEST_STEP][PASSED] - Statement - currentTestCaseId = testCaseContext.getTestCaseId(): Invoke 'com.kms.katalon.core.annotation.BeforeTestCase' method: 'NewTestListener.sampleBeforeTestCase(...)' completed.

2018-09-04 09:53:51 - [TEST_STEP][PASSED] - verify_Test_Case_Number.getTestCaseNumber.getTCNo: verify_Test_Case_Number.getTestCaseNumber.getTCNo is PASSED

2018-09-04 09:53:51 - [MESSAGE][PASSED] - verify_Test_Case_Number.getTestCaseNumber.getTCNo is PASSED

2018-09-04 09:53:51 - [TEST_STEP][PASSED] - callTestCase: Call Test Case 'Test Cases/Login/TC1 Login to Mysdworx' successfully

2018-09-04 09:53:51 - [TEST_CASE][PASSED] - Test Cases/Login/TC1 Login to Mysdworx: Test Cases/Login/TC1 Login to Mysdworx

2018-09-04 09:53:51 - [TEST_STEP][PASSED] - openBrowser: Browser is opened with url: ''

2018-09-04 09:53:51 - [MESSAGE][WARNING] - A browser is already opened. Closing browser and opening a new one

2018-09-04 09:53:54 - [MESSAGE][PASSED] - Browser is opened with url: ''

2018-09-04 09:53:54 - [TEST_STEP][PASSED] - navigateToUrl: Navigate to 'https://internet.acc.sd.dika.be/ebloxreporting/web.sensitive/main/?lang=fr' successfully

2018-09-04 09:53:59 - [MESSAGE][PASSED] - Navigate to 'https://internet.acc.sd.dika.be/ebloxreporting/web.sensitive/main/?lang=fr' successfully

2018-09-04 09:53:59 - [TEST_STEP][PASSED] - maximizeWindow: Current window maximized

2018-09-04 09:54:00 - [MESSAGE][PASSED] - Current window maximized

2018-09-04 09:54:00 - [TEST_STEP][PASSED] - setText: Text 'DP_EBLOX_RPP_VASCO' is set on object 'Object Repository/Page_mysdworx - Log in/input_Username'

2018-09-04 09:54:13 - [MESSAGE][PASSED] - Text 'DP_EBLOX_RPP_VASCO' is set on object 'Object Repository/Page_mysdworx - Log in/input_Username'

2018-09-04 09:54:13 - [TEST_STEP][PASSED] - Statement - frame = new javax.swing.JFrame(User Input Frame): null

2018-09-04 09:54:13 - [TEST_STEP][PASSED] - Statement - frame.requestFocus(): null

2018-09-04 09:54:13 - [TEST_STEP][PASSED] - Statement - pass = javax.swing.JOptionPane.showInputDialog(frame, "Enter the password from token!!"): null

2018-09-04 09:54:16 - [TEST_STEP][PASSED] - delay: Delayed 2 second(s)

2018-09-04 09:54:18 - [MESSAGE][PASSED] - Delayed 2 second(s)

2018-09-04 09:54:18 - [TEST_STEP][PASSED] - setText: Text '401680' is set on object 'Object Repository/Page_mysdworx - Log in/input_Password'

2018-09-04 09:54:18 - [MESSAGE][PASSED] - Text '401680' is set on object 'Object Repository/Page_mysdworx - Log in/input_Password'

2018-09-04 09:54:18 - [TEST_STEP][PASSED] - click: Object: 'Object Repository/Page_mysdworx - Log in/button_Se connecter' is clicked on

2018-09-04 09:54:18 - [MESSAGE][PASSED] - Object: 'Object Repository/Page_mysdworx - Log in/button_Se connecter' is clicked on

2018-09-04 09:54:18 - [TEST_STEP][PASSED] - waitForPageLoad: Wait for page load successfully

2018-09-04 09:54:18 - [MESSAGE][PASSED] - Wait for page load successfully

2018-09-04 09:54:18 - [TEST_STEP][NOT_RUN] - closeBrowser: NOT_RUN: closeBrowser

2018-09-04 09:54:18 - [MESSAGE][NOT_RUN] - NOT_RUN: closeBrowser

2018-09-04 09:54:18 - [MESSAGE][PASSED] - Call Test Case 'Test Cases/Login/TC1 Login to Mysdworx' successfully

2018-09-04 09:54:18 - [TEST_STEP][PASSED] - callTestCase: Call Test Case 'Test Cases/Sub Script/Select Language/TC1 Verify NL language' successfully

2018-09-04 09:54:18 - [TEST_CASE][PASSED] - Test Cases/Sub Script/Select Language/TC1 Verify NL language: Test Cases/Sub Script/Select Language/TC1 Verify NL language

2018-09-04 09:54:18 - [TEST_STEP][PASSED] - waitForElementClickable: Object 'Object Repository/Change language link Obj/NL_language' is clickable

2018-09-04 09:54:44 - [MESSAGE][PASSED] - Object 'Object Repository/Change language link Obj/NL_language' is clickable

2018-09-04 09:54:44 - [TEST_STEP][PASSED] - Statement - verify_NL_link = com.kms.katalon.core.webui.keyword.WebUiBuiltInKeywords.verifyElementClickable(com.kms.katalon.core.testobject.ObjectRepository.findTestObject(Change language link Obj/NL_language)): Object 'Object Repository/Change language link Obj/NL_language' is clickable

2018-09-04 09:54:44 - [MESSAGE][PASSED] - Object 'Object Repository/Change language link Obj/NL_language' is clickable

2018-09-04 09:54:44 - [TEST_STEP][PASSED] - Statement - If (verify_NL_link.equals(true)): NL link is clickable !

2018-09-04 09:54:44 - [TEST_STEP][PASSED] - Statement - com.kms.katalon.core.util.KeywordUtil.markPassed("NL link is clickable !"): NL link is clickable !

2018-09-04 09:54:44 - [MESSAGE][PASSED] - NL link is clickable !

2018-09-04 09:54:44 - [TEST_STEP][PASSED] - click: Object: 'Object Repository/Change language link Obj/NL_language' is clicked on

2018-09-04 09:54:53 - [MESSAGE][PASSED] - Object: 'Object Repository/Change language link Obj/NL_language' is clicked on

2018-09-04 09:54:53 - [TEST_STEP][PASSED] - waitForPageLoad: Wait for page load successfully

2018-09-04 09:54:53 - [MESSAGE][PASSED] - Wait for page load successfully

2018-09-04 09:54:53 - [MESSAGE][PASSED] - Call Test Case 'Test Cases/Sub Script/Select Language/TC1 Verify NL language' successfully

2018-09-04 09:54:53 - [TEST_STEP][PASSED] - callTestCase: Call Test Case 'Test Cases/Sub Script/Navigation_Menu/Menu_Mes_rapports/TC Verify Mes rapports tab' successfully

2018-09-04 09:54:53 - [TEST_CASE][PASSED] - Test Cases/Sub Script/Navigation_Menu/Menu_Mes_rapports/TC Verify Mes rapports tab: Test Cases/Sub Script/Navigation_Menu/Menu_Mes_rapports/TC Verify Mes rapports tab

2018-09-04 09:54:53 - [TEST_STEP][PASSED] - click: Object: 'Object Repository/Mes rapports Obj/Mes rapports_tab' is clicked on

2018-09-04 09:54:53 - [MESSAGE][PASSED] - Object: 'Object Repository/Mes rapports Obj/Mes rapports_tab' is clicked on

2018-09-04 09:54:53 - [MESSAGE][PASSED] - Call Test Case 'Test Cases/Sub Script/Navigation_Menu/Menu_Mes_rapports/TC Verify Mes rapports tab' successfully

2018-09-04 09:54:53 - [TEST_STEP][PASSED] - callTestCase: Call Test Case 'Test Cases/Sub Script/Navigation_Menu/Menu_Mes_rapports/Main_Content/TC Input text in search textfield' successfully

2018-09-04 09:54:53 - [TEST_CASE][PASSED] - Test Cases/Sub Script/Navigation_Menu/Menu_Mes_rapports/Main_Content/TC Input text in search textfield: Test Cases/Sub Script/Navigation_Menu/Menu_Mes_rapports/Main_Content/TC Input text in search textfield

2018-09-04 09:54:53 - [TEST_STEP][PASSED] - Statement - excelData = com.kms.katalon.core.testdata.TestDataFactory.findTestData(Data Files/Data/TestData): Reading excel file with source file 'C:\Users\seeboruts\OneDrive - SD Worx\Desktop\Test_Data_Reg.xlsx' and sheet name 'TEST DATA'

2018-09-04 09:54:53 - [TEST_STEP][PASSED] - Statement - rowNo = java.lang.Integer.parseInt(currentTestCaseId): null

2018-09-04 09:54:53 - [TEST_STEP][PASSED] - Statement - If (excelData.getValue(3, rowNo) != ""): Text 'REG HIST GROEP' is set on object 'Object Repository/Mes rapports Obj/input search filter'

2018-09-04 09:54:53 - [TEST_STEP][PASSED] - setText: Text 'REG HIST GROEP' is set on object 'Object Repository/Mes rapports Obj/input search filter'

2018-09-04 09:54:56 - [MESSAGE][PASSED] - Text 'REG HIST GROEP' is set on object 'Object Repository/Mes rapports Obj/input search filter'

2018-09-04 09:54:56 - [MESSAGE][PASSED] - Call Test Case 'Test Cases/Sub Script/Navigation_Menu/Menu_Mes_rapports/Main_Content/TC Input text in search textfield' successfully

2018-09-04 09:54:56 - [TEST_STEP][PASSED] - callTestCase: Call Test Case 'Test Cases/Sub Script/Navigation_Menu/Menu_Mes_rapports/Main_Content/TC VErify Search icon' successfully

2018-09-04 09:54:57 - [TEST_CASE][PASSED] - Test Cases/Sub Script/Navigation_Menu/Menu_Mes_rapports/Main_Content/TC VErify Search icon: Test Cases/Sub Script/Navigation_Menu/Menu_Mes_rapports/Main_Content/TC VErify Search icon

2018-09-04 09:54:57 - [TEST_STEP][PASSED] - click: Object: 'Object Repository/Page_eBlox Reporting/Search_Icon' is clicked on

2018-09-04 09:54:57 - [MESSAGE][PASSED] - Object: 'Object Repository/Page_eBlox Reporting/Search_Icon' is clicked on

2018-09-04 09:54:57 - [TEST_STEP][PASSED] - waitForPageLoad: Wait for page load successfully

2018-09-04 09:54:57 - [MESSAGE][PASSED] - Wait for page load successfully

2018-09-04 09:54:57 - [MESSAGE][PASSED] - Call Test Case 'Test Cases/Sub Script/Navigation_Menu/Menu_Mes_rapports/Main_Content/TC VErify Search icon' successfully

2018-09-04 09:54:57 - [TEST_STEP][PASSED] - callTestCase: Call Test Case 'Test Cases/Sub Script/Navigation_Menu/Menu_Mes_rapports/Main_Content/TC Select report name' successfully

2018-09-04 09:54:57 - [TEST_CASE][PASSED] - Test Cases/Sub Script/Navigation_Menu/Menu_Mes_rapports/Main_Content/TC Select report name: Test Cases/Sub Script/Navigation_Menu/Menu_Mes_rapports/Main_Content/TC Select report name

2018-09-04 09:54:57 - [TEST_STEP][PASSED] - Statement - excelData = com.kms.katalon.core.testdata.TestDataFactory.findTestData(Data Files/Data/TestData): Reading excel file with source file 'C:\Users\seeboruts\OneDrive - SD Worx\Desktop\Test_Data_Reg.xlsx' and sheet name 'TEST DATA'

2018-09-04 09:54:57 - [TEST_STEP][PASSED] - Statement - rowNo = java.lang.Integer.parseInt(currentTestCaseId): null

2018-09-04 09:54:57 - [TEST_STEP][PASSED] - Statement - If (excelData.getValue(3, rowNo) != ""): Wait for page load successfully

2018-09-04 09:54:57 - [TEST_STEP][PASSED] - setText: Text 'REG HIST GROEP' is set on object 'Object Repository/Mes rapports Obj/input search filter'

2018-09-04 09:54:57 - [MESSAGE][PASSED] - Text 'REG HIST GROEP' is set on object 'Object Repository/Mes rapports Obj/input search filter'

2018-09-04 09:54:57 - [TEST_STEP][PASSED] - Statement - myTestObject = new com.kms.katalon.core.testobject.TestObject(Select_report_name): null

2018-09-04 09:54:57 - [TEST_STEP][PASSED] - Statement - myTestObject.addProperty("xpath", EQUALS, "//a[@class='hide-on-hover']//span[@text='" + excelData.getValue(3, rowNo) + "']"): null

2018-09-04 09:54:57 - [TEST_STEP][PASSED] - click: Object: 'Select_report_name' is clicked on

2018-09-04 09:54:58 - [MESSAGE][PASSED] - Object: 'Select_report_name' is clicked on

2018-09-04 09:54:58 - [TEST_STEP][PASSED] - waitForPageLoad: Wait for page load successfully

2018-09-04 09:54:58 - [MESSAGE][PASSED] - Wait for page load successfully

2018-09-04 09:54:58 - [TEST_STEP][PASSED] - delay: Delayed 2 second(s)

2018-09-04 09:55:00 - [MESSAGE][PASSED] - Delayed 2 second(s)

2018-09-04 09:55:00 - [MESSAGE][PASSED] - Call Test Case 'Test Cases/Sub Script/Navigation_Menu/Menu_Mes_rapports/Main_Content/TC Select report name' successfully

2018-09-04 09:55:00 - [TEST_STEP][PASSED] - callTestCase: Call Test Case 'Test Cases/Sub Script/Navigation_Menu/Menu_Mes_rapports/Nouveau_Rapport/Mes rapports - EXECUTION/Valeurs a indiquer/TC Verify Donnees calculees dropbox' successfully

2018-09-04 09:55:00 - [TEST_CASE][PASSED] - Test Cases/Sub Script/Navigation_Menu/Menu_Mes_rapports/Nouveau_Rapport/Mes rapports - EXECUTION/Valeurs a indiquer/TC Verify Donnees calculees dropbox: Test Cases/Sub Script/Navigation_Menu/Menu_Mes_rapports/Nouveau_Rapport/Mes rapports - EXECUTION/Valeurs a indiquer/TC Verify Donnees calculees dropbox

2018-09-04 09:55:00 - [TEST_STEP][PASSED] - Statement - myDonneeCalculees1 = com.kms.katalon.core.webui.keyword.WebUiBuiltInKeywords.modifyObjectProperty(com.kms.katalon.core.testobject.ObjectRepository.findTestObject(Mes rapports Obj/EXECUTION/Berekende gegevens - looncode komt voor in), "id", "contains", "s2id_autogen", true): Modify property of object successfully

2018-09-04 09:55:00 - [MESSAGE][PASSED] - Modify property of object successfully

2018-09-04 09:55:00 - [TEST_STEP][PASSED] - click: Object: 'Object Repository/Mes rapports Obj/EXECUTION/Berekende gegevens - looncode komt voor in' is clicked on

2018-09-04 09:55:02 - [MESSAGE][PASSED] - Object: 'Object Repository/Mes rapports Obj/EXECUTION/Berekende gegevens - looncode komt voor in' is clicked on

2018-09-04 09:55:02 - [TEST_STEP][PASSED] - Statement - myDonneeCalculees = new com.kms.katalon.core.testobject.TestObject(Select_donnee): null

2018-09-04 09:55:02 - [TEST_STEP][PASSED] - Statement - myDonneeCalculees.addProperty("xpath", EQUALS, "//div[@id='select2-drop']//ul[@class='select2-results']//li[@role='presentation']//div[contains(text(),'(alle looncodes)')]"): null

2018-09-04 09:55:02 - [TEST_STEP][PASSED] - click: Object: 'Select_donnee' is clicked on

2018-09-04 09:55:03 - [MESSAGE][PASSED] - Object: 'Select_donnee' is clicked on

2018-09-04 09:55:03 - [MESSAGE][PASSED] - Call Test Case 'Test Cases/Sub Script/Navigation_Menu/Menu_Mes_rapports/Nouveau_Rapport/Mes rapports - EXECUTION/Valeurs a indiquer/TC Verify Donnees calculees dropbox' successfully

2018-09-04 09:55:03 - [TEST_STEP][PASSED] - click: Object: 'Object Repository/Mes rapports Obj/SELECTION/Travailleur/Page_eBlox Reporting/Close_dropdown' is clicked on

2018-09-04 09:55:03 - [MESSAGE][PASSED] - Object: 'Object Repository/Mes rapports Obj/SELECTION/Travailleur/Page_eBlox Reporting/Close_dropdown' is clicked on

2018-09-04 09:55:03 - [TEST_STEP][PASSED] - callTestCase: Call Test Case 'Test Cases/Sub Script/Navigation_Menu/Menu_Mes_rapports/TC Verify Executer button' successfully

2018-09-04 09:55:03 - [TEST_CASE][PASSED] - Test Cases/Sub Script/Navigation_Menu/Menu_Mes_rapports/TC Verify Executer button: Test Cases/Sub Script/Navigation_Menu/Menu_Mes_rapports/TC Verify Executer button

2018-09-04 09:55:03 - [TEST_STEP][PASSED] - click: Object: 'Object Repository/Mes rapports Obj/EXECUTION/Button executer' is clicked on

2018-09-04 09:55:03 - [MESSAGE][PASSED] - Object: 'Object Repository/Mes rapports Obj/EXECUTION/Button executer' is clicked on

2018-09-04 09:55:03 - [TEST_STEP][PASSED] - waitForPageLoad: Wait for page load successfully

2018-09-04 09:55:03 - [MESSAGE][PASSED] - Wait for page load successfully

2018-09-04 09:55:03 - [TEST_STEP][PASSED] - delay: Delayed 3 second(s)

2018-09-04 09:55:06 - [MESSAGE][PASSED] - Delayed 3 second(s)

2018-09-04 09:55:06 - [MESSAGE][PASSED] - Call Test Case 'Test Cases/Sub Script/Navigation_Menu/Menu_Mes_rapports/TC Verify Executer button' successfully

2018-09-04 09:55:06 - [TEST_STEP][PASSED] - delay: Delayed 5 second(s)

2018-09-04 09:55:11 - [MESSAGE][PASSED] - Delayed 5 second(s)

2018-09-04 09:55:11 - [TEST_STEP][PASSED] - closeBrowser: Browser is closed

2018-09-04 09:55:12 - [MESSAGE][PASSED] - Browser is closed]]></system-out>
         <system-err><![CDATA[]]></system-err>
      </testcase>
      <testcase name="Test Cases/Main Script/TC10 BASED ON THE LIBRARY" classname="Test Cases/Main Script/TC10 BASED ON THE LIBRARY" status="FAILED">
         <failure type="FAILED" message="Unable to set text 'Naam werknemer' of object 'Object Repository/Mes rapports Obj/CONTENU/input_Contenu_Selecteur' (Root cause: com.kms.katalon.core.webui.exception.WebElementNotFoundException: Web element with id: 'Object Repository/Mes rapports Obj/CONTENU/input_Contenu_Selecteur' located by 'By.xpath: //*[@id=&quot;wizard-page&quot;]/div[2]/div/div/div[2]/div/div/div[2]/div/rapp-search-input/div/div/input' not found)"/>
         <system-out><![CDATA[2018-09-04 09:55:12 - [TEST_CASE][FAILED] - Test Cases/Main Script/TC10 BASED ON THE LIBRARY: Test Cases/Main Script/TC10 BASED ON THE LIBRARY FAILED because (of) Unable to set text 'Naam werknemer' of object 'Object Repository/Mes rapports Obj/CONTENU/input_Contenu_Selecteur' (Root cause: com.kms.katalon.core.webui.exception.WebElementNotFoundException: Web element with id: 'Object Repository/Mes rapports Obj/CONTENU/input_Contenu_Selecteur' located by 'By.xpath: //*[@id="wizard-page"]/div[2]/div/div/div[2]/div/div/div[2]/div/rapp-search-input/div/div/input' not found)

2018-09-04 09:55:12 - [TEST_STEP][PASSED] - Start listener action : sampleBeforeTestCase: Invoke 'com.kms.katalon.core.annotation.BeforeTestCase' method: 'NewTestListener.sampleBeforeTestCase(...)' completed.

2018-09-04 09:55:12 - [TEST_STEP][PASSED] - Statement - println(testCaseContext.getTextCaseId()=$testCaseContext.getTestCaseId()): null

2018-09-04 09:55:12 - [TEST_STEP][PASSED] - Statement - currentTestCaseId = testCaseContext.getTestCaseId(): Invoke 'com.kms.katalon.core.annotation.BeforeTestCase' method: 'NewTestListener.sampleBeforeTestCase(...)' completed.

2018-09-04 09:55:12 - [TEST_STEP][PASSED] - callTestCase: Call Test Case 'Test Cases/Login/TC1 Login to Mysdworx' successfully

2018-09-04 09:55:12 - [TEST_CASE][PASSED] - Test Cases/Login/TC1 Login to Mysdworx: Test Cases/Login/TC1 Login to Mysdworx

2018-09-04 09:55:12 - [TEST_STEP][PASSED] - openBrowser: Browser is opened with url: ''

2018-09-04 09:55:14 - [MESSAGE][PASSED] - Browser is opened with url: ''

2018-09-04 09:55:14 - [TEST_STEP][PASSED] - navigateToUrl: Navigate to 'https://internet.acc.sd.dika.be/ebloxreporting/web.sensitive/main/?lang=fr' successfully

2018-09-04 09:55:19 - [MESSAGE][PASSED] - Navigate to 'https://internet.acc.sd.dika.be/ebloxreporting/web.sensitive/main/?lang=fr' successfully

2018-09-04 09:55:19 - [TEST_STEP][PASSED] - maximizeWindow: Current window maximized

2018-09-04 09:55:20 - [MESSAGE][PASSED] - Current window maximized

2018-09-04 09:55:20 - [TEST_STEP][PASSED] - setText: Text 'DP_EBLOX_RPP_VASCO' is set on object 'Object Repository/Page_mysdworx - Log in/input_Username'

2018-09-04 09:55:28 - [MESSAGE][PASSED] - Text 'DP_EBLOX_RPP_VASCO' is set on object 'Object Repository/Page_mysdworx - Log in/input_Username'

2018-09-04 09:55:28 - [TEST_STEP][PASSED] - Statement - frame = new javax.swing.JFrame(User Input Frame): null

2018-09-04 09:55:28 - [TEST_STEP][PASSED] - Statement - frame.requestFocus(): null

2018-09-04 09:55:28 - [TEST_STEP][PASSED] - Statement - pass = javax.swing.JOptionPane.showInputDialog(frame, "Enter the password from token!!"): null

2018-09-04 09:55:36 - [TEST_STEP][PASSED] - delay: Delayed 2 second(s)

2018-09-04 09:55:38 - [MESSAGE][PASSED] - Delayed 2 second(s)

2018-09-04 09:55:38 - [TEST_STEP][PASSED] - setText: Text '590978' is set on object 'Object Repository/Page_mysdworx - Log in/input_Password'

2018-09-04 09:55:38 - [MESSAGE][PASSED] - Text '590978' is set on object 'Object Repository/Page_mysdworx - Log in/input_Password'

2018-09-04 09:55:38 - [TEST_STEP][PASSED] - click: Object: 'Object Repository/Page_mysdworx - Log in/button_Se connecter' is clicked on

2018-09-04 09:55:38 - [MESSAGE][PASSED] - Object: 'Object Repository/Page_mysdworx - Log in/button_Se connecter' is clicked on

2018-09-04 09:55:38 - [TEST_STEP][PASSED] - waitForPageLoad: Wait for page load successfully

2018-09-04 09:55:38 - [MESSAGE][PASSED] - Wait for page load successfully

2018-09-04 09:55:38 - [TEST_STEP][NOT_RUN] - closeBrowser: NOT_RUN: closeBrowser

2018-09-04 09:55:38 - [MESSAGE][NOT_RUN] - NOT_RUN: closeBrowser

2018-09-04 09:55:38 - [MESSAGE][PASSED] - Call Test Case 'Test Cases/Login/TC1 Login to Mysdworx' successfully

2018-09-04 09:55:38 - [TEST_STEP][PASSED] - callTestCase: Call Test Case 'Test Cases/Sub Script/Select Language/TC1 Verify NL language' successfully

2018-09-04 09:55:38 - [TEST_CASE][PASSED] - Test Cases/Sub Script/Select Language/TC1 Verify NL language: Test Cases/Sub Script/Select Language/TC1 Verify NL language

2018-09-04 09:55:38 - [TEST_STEP][PASSED] - waitForElementClickable: Object 'Object Repository/Change language link Obj/NL_language' is clickable

2018-09-04 09:56:18 - [MESSAGE][PASSED] - Object 'Object Repository/Change language link Obj/NL_language' is clickable

2018-09-04 09:56:18 - [TEST_STEP][PASSED] - Statement - verify_NL_link = com.kms.katalon.core.webui.keyword.WebUiBuiltInKeywords.verifyElementClickable(com.kms.katalon.core.testobject.ObjectRepository.findTestObject(Change language link Obj/NL_language)): Object 'Object Repository/Change language link Obj/NL_language' is clickable

2018-09-04 09:56:18 - [MESSAGE][PASSED] - Object 'Object Repository/Change language link Obj/NL_language' is clickable

2018-09-04 09:56:18 - [TEST_STEP][PASSED] - Statement - If (verify_NL_link.equals(true)): NL link is clickable !

2018-09-04 09:56:18 - [TEST_STEP][PASSED] - Statement - com.kms.katalon.core.util.KeywordUtil.markPassed("NL link is clickable !"): NL link is clickable !

2018-09-04 09:56:18 - [MESSAGE][PASSED] - NL link is clickable !

2018-09-04 09:56:18 - [TEST_STEP][PASSED] - click: Object: 'Object Repository/Change language link Obj/NL_language' is clicked on

2018-09-04 09:56:25 - [MESSAGE][PASSED] - Object: 'Object Repository/Change language link Obj/NL_language' is clicked on

2018-09-04 09:56:25 - [TEST_STEP][PASSED] - waitForPageLoad: Wait for page load successfully

2018-09-04 09:56:25 - [MESSAGE][PASSED] - Wait for page load successfully

2018-09-04 09:56:25 - [MESSAGE][PASSED] - Call Test Case 'Test Cases/Sub Script/Select Language/TC1 Verify NL language' successfully

2018-09-04 09:56:25 - [TEST_STEP][PASSED] - callTestCase: Call Test Case 'Test Cases/Sub Script/Navigation_Menu/Menu_Mes_rapports/TC Verify Nouveau rapport button' successfully

2018-09-04 09:56:25 - [TEST_CASE][PASSED] - Test Cases/Sub Script/Navigation_Menu/Menu_Mes_rapports/TC Verify Nouveau rapport button: Test Cases/Sub Script/Navigation_Menu/Menu_Mes_rapports/TC Verify Nouveau rapport button

2018-09-04 09:56:25 - [TEST_STEP][PASSED] - click: Object: 'Object Repository/Mes rapports Obj/button_Nouveau rapport' is clicked on

2018-09-04 09:56:28 - [MESSAGE][PASSED] - Object: 'Object Repository/Mes rapports Obj/button_Nouveau rapport' is clicked on

2018-09-04 09:56:28 - [TEST_STEP][PASSED] - waitForPageLoad: Wait for page load successfully

2018-09-04 09:56:28 - [MESSAGE][PASSED] - Wait for page load successfully

2018-09-04 09:56:28 - [MESSAGE][PASSED] - Call Test Case 'Test Cases/Sub Script/Navigation_Menu/Menu_Mes_rapports/TC Verify Nouveau rapport button' successfully

2018-09-04 09:56:28 - [TEST_STEP][PASSED] - callTestCase: Call Test Case 'Test Cases/Sub Script/Navigation_Menu/Menu_Mes_rapports/Nouveau_Rapport/Mes rapports - BASE DE RAPPORT/TC Verify radio button Baser sur un rapport de la Bibliotheque' successfully

2018-09-04 09:56:28 - [TEST_CASE][PASSED] - Test Cases/Sub Script/Navigation_Menu/Menu_Mes_rapports/Nouveau_Rapport/Mes rapports - BASE DE RAPPORT/TC Verify radio button Baser sur un rapport de la Bibliotheque: Test Cases/Sub Script/Navigation_Menu/Menu_Mes_rapports/Nouveau_Rapport/Mes rapports - BASE DE RAPPORT/TC Verify radio button Baser sur un rapport de la Bibliotheque

2018-09-04 09:56:28 - [TEST_STEP][PASSED] - click: Object: 'Object Repository/Mes rapports Obj/BASE DE RAPPORT/radioButton_Baser sur un rapport de la Bibliothque' is clicked on

2018-09-04 09:56:29 - [MESSAGE][PASSED] - Object: 'Object Repository/Mes rapports Obj/BASE DE RAPPORT/radioButton_Baser sur un rapport de la Bibliothque' is clicked on

2018-09-04 09:56:29 - [MESSAGE][PASSED] - Call Test Case 'Test Cases/Sub Script/Navigation_Menu/Menu_Mes_rapports/Nouveau_Rapport/Mes rapports - BASE DE RAPPORT/TC Verify radio button Baser sur un rapport de la Bibliotheque' successfully

2018-09-04 09:56:29 - [TEST_STEP][PASSED] - click: Object: 'Object Repository/Mes rapports Obj/BASE DE RAPPORT/Bibliotheque dropdown' is clicked on

2018-09-04 09:56:29 - [MESSAGE][PASSED] - Object: 'Object Repository/Mes rapports Obj/BASE DE RAPPORT/Bibliotheque dropdown' is clicked on

2018-09-04 09:56:29 - [TEST_STEP][PASSED] - setText: Text 'test huidig jaar' is set on object 'Object Repository/Mes rapports Obj/BASE DE RAPPORT/Bibliotheque - dropdowm input'

2018-09-04 09:56:29 - [MESSAGE][PASSED] - Text 'test huidig jaar' is set on object 'Object Repository/Mes rapports Obj/BASE DE RAPPORT/Bibliotheque - dropdowm input'

2018-09-04 09:56:29 - [TEST_STEP][PASSED] - sendKeys: Keys 'ENTER + ' sent to object: 'Object Repository/Mes rapports Obj/BASE DE RAPPORT/Bibliotheque - dropdowm input'

2018-09-04 09:56:29 - [MESSAGE][PASSED] - Keys 'ENTER + ' sent to object: 'Object Repository/Mes rapports Obj/BASE DE RAPPORT/Bibliotheque - dropdowm input'

2018-09-04 09:56:29 - [TEST_STEP][PASSED] - delay: Delayed 1 second(s)

2018-09-04 09:56:30 - [MESSAGE][PASSED] - Delayed 1 second(s)

2018-09-04 09:56:30 - [TEST_STEP][PASSED] - callTestCase: Call Test Case 'Test Cases/Sub Script/Navigation_Menu/Menu_Mes_rapports/TC Verify the next button arrow' successfully

2018-09-04 09:56:30 - [TEST_CASE][PASSED] - Test Cases/Sub Script/Navigation_Menu/Menu_Mes_rapports/TC Verify the next button arrow: Test Cases/Sub Script/Navigation_Menu/Menu_Mes_rapports/TC Verify the next button arrow

2018-09-04 09:56:30 - [TEST_STEP][PASSED] - waitForElementClickable: Object 'Object Repository/Mes rapports Obj/button_Next_Arrow' is clickable

2018-09-04 09:56:30 - [MESSAGE][PASSED] - Object 'Object Repository/Mes rapports Obj/button_Next_Arrow' is clickable

2018-09-04 09:56:30 - [TEST_STEP][PASSED] - click: Object: 'Object Repository/Mes rapports Obj/button_Next_Arrow' is clicked on

2018-09-04 09:56:31 - [MESSAGE][PASSED] - Object: 'Object Repository/Mes rapports Obj/button_Next_Arrow' is clicked on

2018-09-04 09:56:31 - [TEST_STEP][PASSED] - delay: Delayed 5 second(s)

2018-09-04 09:56:36 - [MESSAGE][PASSED] - Delayed 5 second(s)

2018-09-04 09:56:36 - [TEST_STEP][PASSED] - waitForPageLoad: Wait for page load successfully

2018-09-04 09:56:36 - [MESSAGE][PASSED] - Wait for page load successfully

2018-09-04 09:56:36 - [MESSAGE][PASSED] - Call Test Case 'Test Cases/Sub Script/Navigation_Menu/Menu_Mes_rapports/TC Verify the next button arrow' successfully

2018-09-04 09:56:36 - [TEST_STEP][PASSED] - waitForPageLoad: Wait for page load successfully

2018-09-04 09:56:36 - [MESSAGE][PASSED] - Wait for page load successfully

2018-09-04 09:56:36 - [TEST_STEP][FAILED] - callTestCase: Unable to call Test Case with id 'Test Cases/Sub Script/Navigation_Menu/Menu_Mes_rapports/Nouveau_Rapport/Mes rapports - CONTENU/TC Verify input field INTERNAL' (Root cause: Call Test Case 'Test Cases/Sub Script/Navigation_Menu/Menu_Mes_rapports/Nouveau_Rapport/Mes rapports - CONTENU/TC Verify input field INTERNAL' failed)

2018-09-04 09:56:36 - [TEST_CASE][FAILED] - Test Cases/Sub Script/Navigation_Menu/Menu_Mes_rapports/Nouveau_Rapport/Mes rapports - CONTENU/TC Verify input field INTERNAL: Test Cases/Sub Script/Navigation_Menu/Menu_Mes_rapports/Nouveau_Rapport/Mes rapports - CONTENU/TC Verify input field INTERNAL FAILED because (of) Unable to set text 'Naam werknemer' of object 'Object Repository/Mes rapports Obj/CONTENU/input_Contenu_Selecteur' (Root cause: com.kms.katalon.core.webui.exception.WebElementNotFoundException: Web element with id: 'Object Repository/Mes rapports Obj/CONTENU/input_Contenu_Selecteur' located by 'By.xpath: //*[@id="wizard-page"]/div[2]/div/div/div[2]/div/div/div[2]/div/rapp-search-input/div/div/input' not found)

2018-09-04 09:56:36 - [TEST_STEP][PASSED] - Statement - excelData = com.kms.katalon.core.testdata.TestDataFactory.findTestData(Data Files/Data/INTERNAL): Reading excel file with source file 'C:\Users\seeboruts\OneDrive - SD Worx\Desktop\test_DAta.xlsx' and sheet name 'INTERNAL'

2018-09-04 09:56:36 - [TEST_STEP][PASSED] - Statement - test = excelData.getRowNumbers(): null

2018-09-04 09:56:36 - [TEST_STEP][FAILED] - Statement - For ([i = 1, i <= test, (i++)]): Unable to set text 'Naam werknemer' of object 'Object Repository/Mes rapports Obj/CONTENU/input_Contenu_Selecteur' (Root cause: com.kms.katalon.core.webui.exception.WebElementNotFoundException: Web element with id: 'Object Repository/Mes rapports Obj/CONTENU/input_Contenu_Selecteur' located by 'By.xpath: //*[@id="wizard-page"]/div[2]/div/div/div[2]/div/div/div[2]/div/rapp-search-input/div/div/input' not found)

2018-09-04 09:56:36 - [TEST_STEP][FAILED] - setText: Unable to set text 'Naam werknemer' of object 'Object Repository/Mes rapports Obj/CONTENU/input_Contenu_Selecteur' (Root cause: com.kms.katalon.core.webui.exception.WebElementNotFoundException: Web element with id: 'Object Repository/Mes rapports Obj/CONTENU/input_Contenu_Selecteur' located by 'By.xpath: //*[@id="wizard-page"]/div[2]/div/div/div[2]/div/div/div[2]/div/rapp-search-input/div/div/input' not found)

2018-09-04 09:57:08 - [MESSAGE][FAILED] - Unable to set text 'Naam werknemer' of object 'Object Repository/Mes rapports Obj/CONTENU/input_Contenu_Selecteur' (Root cause: com.kms.katalon.core.webui.exception.WebElementNotFoundException: Web element with id: 'Object Repository/Mes rapports Obj/CONTENU/input_Contenu_Selecteur' located by 'By.xpath: //*[@id="wizard-page"]/div[2]/div/div/div[2]/div/div/div[2]/div/rapp-search-input/div/div/input' not found)
[[ATTACHMENT|C:\\Users\\seeboruts\\OneDrive - SD Worx\\Desktop\\Katalon_eBlox_Reporting\\Reports\\testing\\Demo\\20180904_094517\\1536040628045.png]]

2018-09-04 09:57:08 - [MESSAGE][FAILED] - Unable to call Test Case with id 'Test Cases/Sub Script/Navigation_Menu/Menu_Mes_rapports/Nouveau_Rapport/Mes rapports - CONTENU/TC Verify input field INTERNAL' (Root cause: Call Test Case 'Test Cases/Sub Script/Navigation_Menu/Menu_Mes_rapports/Nouveau_Rapport/Mes rapports - CONTENU/TC Verify input field INTERNAL' failed)]]></system-out>
         <system-err><![CDATA[2018-09-04 09:55:12 - [TEST_CASE][FAILED] - Test Cases/Main Script/TC10 BASED ON THE LIBRARY: Test Cases/Main Script/TC10 BASED ON THE LIBRARY FAILED because (of) Unable to set text 'Naam werknemer' of object 'Object Repository/Mes rapports Obj/CONTENU/input_Contenu_Selecteur' (Root cause: com.kms.katalon.core.webui.exception.WebElementNotFoundException: Web element with id: 'Object Repository/Mes rapports Obj/CONTENU/input_Contenu_Selecteur' located by 'By.xpath: //*[@id="wizard-page"]/div[2]/div/div/div[2]/div/div/div[2]/div/rapp-search-input/div/div/input' not found)]]></system-err>
      </testcase>
      <testcase name="Test Cases/Main Script/TC12 NEGATIVE VALUES" classname="Test Cases/Main Script/TC12 NEGATIVE VALUES" status="PASSED">
         <system-out><![CDATA[2018-09-04 09:57:08 - [TEST_CASE][PASSED] - Test Cases/Main Script/TC12 NEGATIVE VALUES: Test Cases/Main Script/TC12 NEGATIVE VALUES

2018-09-04 09:57:08 - [TEST_STEP][PASSED] - Start listener action : sampleBeforeTestCase: Invoke 'com.kms.katalon.core.annotation.BeforeTestCase' method: 'NewTestListener.sampleBeforeTestCase(...)' completed.

2018-09-04 09:57:08 - [TEST_STEP][PASSED] - Statement - println(testCaseContext.getTextCaseId()=$testCaseContext.getTestCaseId()): null

2018-09-04 09:57:08 - [TEST_STEP][PASSED] - Statement - currentTestCaseId = testCaseContext.getTestCaseId(): Invoke 'com.kms.katalon.core.annotation.BeforeTestCase' method: 'NewTestListener.sampleBeforeTestCase(...)' completed.

2018-09-04 09:57:08 - [TEST_STEP][PASSED] - verify_Test_Case_Number.getTestCaseNumber.getTCNo: verify_Test_Case_Number.getTestCaseNumber.getTCNo is PASSED

2018-09-04 09:57:08 - [MESSAGE][PASSED] - verify_Test_Case_Number.getTestCaseNumber.getTCNo is PASSED

2018-09-04 09:57:08 - [TEST_STEP][PASSED] - callTestCase: Call Test Case 'Test Cases/Login/TC1 Login to Mysdworx' successfully

2018-09-04 09:57:08 - [TEST_CASE][PASSED] - Test Cases/Login/TC1 Login to Mysdworx: Test Cases/Login/TC1 Login to Mysdworx

2018-09-04 09:57:08 - [TEST_STEP][PASSED] - openBrowser: Browser is opened with url: ''

2018-09-04 09:57:08 - [MESSAGE][WARNING] - A browser is already opened. Closing browser and opening a new one

2018-09-04 09:57:11 - [MESSAGE][PASSED] - Browser is opened with url: ''

2018-09-04 09:57:11 - [TEST_STEP][PASSED] - navigateToUrl: Navigate to 'https://internet.acc.sd.dika.be/ebloxreporting/web.sensitive/main/?lang=fr' successfully

2018-09-04 09:57:16 - [MESSAGE][PASSED] - Navigate to 'https://internet.acc.sd.dika.be/ebloxreporting/web.sensitive/main/?lang=fr' successfully

2018-09-04 09:57:16 - [TEST_STEP][PASSED] - maximizeWindow: Current window maximized

2018-09-04 09:57:17 - [MESSAGE][PASSED] - Current window maximized

2018-09-04 09:57:17 - [TEST_STEP][PASSED] - setText: Text 'DP_EBLOX_RPP_VASCO' is set on object 'Object Repository/Page_mysdworx - Log in/input_Username'

2018-09-04 09:57:24 - [MESSAGE][PASSED] - Text 'DP_EBLOX_RPP_VASCO' is set on object 'Object Repository/Page_mysdworx - Log in/input_Username'

2018-09-04 09:57:24 - [TEST_STEP][PASSED] - Statement - frame = new javax.swing.JFrame(User Input Frame): null

2018-09-04 09:57:24 - [TEST_STEP][PASSED] - Statement - frame.requestFocus(): null

2018-09-04 09:57:24 - [TEST_STEP][PASSED] - Statement - pass = javax.swing.JOptionPane.showInputDialog(frame, "Enter the password from token!!"): null

2018-09-04 09:57:26 - [TEST_STEP][PASSED] - delay: Delayed 2 second(s)

2018-09-04 09:57:28 - [MESSAGE][PASSED] - Delayed 2 second(s)

2018-09-04 09:57:28 - [TEST_STEP][PASSED] - setText: Text '086102' is set on object 'Object Repository/Page_mysdworx - Log in/input_Password'

2018-09-04 09:57:28 - [MESSAGE][PASSED] - Text '086102' is set on object 'Object Repository/Page_mysdworx - Log in/input_Password'

2018-09-04 09:57:28 - [TEST_STEP][PASSED] - click: Object: 'Object Repository/Page_mysdworx - Log in/button_Se connecter' is clicked on

2018-09-04 09:57:28 - [MESSAGE][PASSED] - Object: 'Object Repository/Page_mysdworx - Log in/button_Se connecter' is clicked on

2018-09-04 09:57:28 - [TEST_STEP][PASSED] - waitForPageLoad: Wait for page load successfully

2018-09-04 09:57:28 - [MESSAGE][PASSED] - Wait for page load successfully

2018-09-04 09:57:28 - [TEST_STEP][NOT_RUN] - closeBrowser: NOT_RUN: closeBrowser

2018-09-04 09:57:28 - [MESSAGE][NOT_RUN] - NOT_RUN: closeBrowser

2018-09-04 09:57:28 - [MESSAGE][PASSED] - Call Test Case 'Test Cases/Login/TC1 Login to Mysdworx' successfully

2018-09-04 09:57:28 - [TEST_STEP][PASSED] - callTestCase: Call Test Case 'Test Cases/Sub Script/Select Language/TC1 Verify NL language' successfully

2018-09-04 09:57:28 - [TEST_CASE][PASSED] - Test Cases/Sub Script/Select Language/TC1 Verify NL language: Test Cases/Sub Script/Select Language/TC1 Verify NL language

2018-09-04 09:57:28 - [TEST_STEP][PASSED] - waitForElementClickable: Web element with id: 'Object Repository/Change language link Obj/NL_language' located by 'By.xpath: id("navbar-anchor")/div[@class="nav nav-navbar"]/div[@class="user-info navbar-right hidden-xs"]/div[@class="user-actions"]/rapp-language-switcher[@class="ng-isolate-scope"]/ul[@class="list-inline list-unstyled lang"]/li[@class="ng-scope"]/a[@class="ng-binding"][count(. | //a[@ng-click = 'changeLanguageVm.switchPageToLanguage(lang)' and (text() = '
            NL   
        ' or . = '
            NL   
        ')]) = count(//a[@ng-click = 'changeLanguageVm.switchPageToLanguage(lang)' and (text() = '
            NL   
        ' or . = '
            NL   
        ')])]' not found

2018-09-04 09:58:20 - [MESSAGE][WARNING] - Web element with id: 'Object Repository/Change language link Obj/NL_language' located by 'By.xpath: id("navbar-anchor")/div[@class="nav nav-navbar"]/div[@class="user-info navbar-right hidden-xs"]/div[@class="user-actions"]/rapp-language-switcher[@class="ng-isolate-scope"]/ul[@class="list-inline list-unstyled lang"]/li[@class="ng-scope"]/a[@class="ng-binding"][count(. | //a[@ng-click = 'changeLanguageVm.switchPageToLanguage(lang)' and (text() = '
            NL   
        ' or . = '
            NL   
        ')]) = count(//a[@ng-click = 'changeLanguageVm.switchPageToLanguage(lang)' and (text() = '
            NL   
        ' or . = '
            NL   
        ')])]' not found

2018-09-04 09:58:20 - [TEST_STEP][PASSED] - Statement - verify_NL_link = com.kms.katalon.core.webui.keyword.WebUiBuiltInKeywords.verifyElementClickable(com.kms.katalon.core.testobject.ObjectRepository.findTestObject(Change language link Obj/NL_language)): Object 'Object Repository/Change language link Obj/NL_language' is clickable

2018-09-04 09:58:26 - [MESSAGE][PASSED] - Object 'Object Repository/Change language link Obj/NL_language' is clickable

2018-09-04 09:58:26 - [TEST_STEP][PASSED] - Statement - If (verify_NL_link.equals(true)): NL link is clickable !

2018-09-04 09:58:26 - [TEST_STEP][PASSED] - Statement - com.kms.katalon.core.util.KeywordUtil.markPassed("NL link is clickable !"): NL link is clickable !

2018-09-04 09:58:26 - [MESSAGE][PASSED] - NL link is clickable !

2018-09-04 09:58:26 - [TEST_STEP][PASSED] - click: Object: 'Object Repository/Change language link Obj/NL_language' is clicked on

2018-09-04 09:58:43 - [MESSAGE][PASSED] - Object: 'Object Repository/Change language link Obj/NL_language' is clicked on

2018-09-04 09:58:43 - [TEST_STEP][PASSED] - waitForPageLoad: Wait for page load successfully

2018-09-04 09:58:43 - [MESSAGE][PASSED] - Wait for page load successfully

2018-09-04 09:58:43 - [MESSAGE][PASSED] - Call Test Case 'Test Cases/Sub Script/Select Language/TC1 Verify NL language' successfully

2018-09-04 09:58:43 - [TEST_STEP][PASSED] - callTestCase: Call Test Case 'Test Cases/Sub Script/Navigation_Menu/Menu_Mes_rapports/Main_Content/TC Input text in search textfield' successfully

2018-09-04 09:58:43 - [TEST_CASE][PASSED] - Test Cases/Sub Script/Navigation_Menu/Menu_Mes_rapports/Main_Content/TC Input text in search textfield: Test Cases/Sub Script/Navigation_Menu/Menu_Mes_rapports/Main_Content/TC Input text in search textfield

2018-09-04 09:58:43 - [TEST_STEP][PASSED] - Statement - excelData = com.kms.katalon.core.testdata.TestDataFactory.findTestData(Data Files/Data/TestData): Reading excel file with source file 'C:\Users\seeboruts\OneDrive - SD Worx\Desktop\Test_Data_Reg.xlsx' and sheet name 'TEST DATA'

2018-09-04 09:58:43 - [TEST_STEP][PASSED] - Statement - rowNo = java.lang.Integer.parseInt(currentTestCaseId): null

2018-09-04 09:58:43 - [TEST_STEP][PASSED] - Statement - If (excelData.getValue(3, rowNo) != ""): Text 'REG NEGATIEF' is set on object 'Object Repository/Mes rapports Obj/input search filter'

2018-09-04 09:58:43 - [TEST_STEP][PASSED] - setText: Text 'REG NEGATIEF' is set on object 'Object Repository/Mes rapports Obj/input search filter'

2018-09-04 09:58:48 - [MESSAGE][PASSED] - Text 'REG NEGATIEF' is set on object 'Object Repository/Mes rapports Obj/input search filter'

2018-09-04 09:58:48 - [MESSAGE][PASSED] - Call Test Case 'Test Cases/Sub Script/Navigation_Menu/Menu_Mes_rapports/Main_Content/TC Input text in search textfield' successfully

2018-09-04 09:58:48 - [TEST_STEP][PASSED] - callTestCase: Call Test Case 'Test Cases/Sub Script/Navigation_Menu/Menu_Mes_rapports/Main_Content/TC VErify Search icon' successfully

2018-09-04 09:58:48 - [TEST_CASE][PASSED] - Test Cases/Sub Script/Navigation_Menu/Menu_Mes_rapports/Main_Content/TC VErify Search icon: Test Cases/Sub Script/Navigation_Menu/Menu_Mes_rapports/Main_Content/TC VErify Search icon

2018-09-04 09:58:48 - [TEST_STEP][PASSED] - click: Object: 'Object Repository/Page_eBlox Reporting/Search_Icon' is clicked on

2018-09-04 09:58:48 - [MESSAGE][PASSED] - Object: 'Object Repository/Page_eBlox Reporting/Search_Icon' is clicked on

2018-09-04 09:58:48 - [TEST_STEP][PASSED] - waitForPageLoad: Wait for page load successfully

2018-09-04 09:58:48 - [MESSAGE][PASSED] - Wait for page load successfully

2018-09-04 09:58:48 - [MESSAGE][PASSED] - Call Test Case 'Test Cases/Sub Script/Navigation_Menu/Menu_Mes_rapports/Main_Content/TC VErify Search icon' successfully

2018-09-04 09:58:48 - [TEST_STEP][PASSED] - callTestCase: Call Test Case 'Test Cases/Sub Script/Navigation_Menu/Menu_Mes_rapports/Main_Content/TC Select report name' successfully

2018-09-04 09:58:48 - [TEST_CASE][PASSED] - Test Cases/Sub Script/Navigation_Menu/Menu_Mes_rapports/Main_Content/TC Select report name: Test Cases/Sub Script/Navigation_Menu/Menu_Mes_rapports/Main_Content/TC Select report name

2018-09-04 09:58:48 - [TEST_STEP][PASSED] - Statement - excelData = com.kms.katalon.core.testdata.TestDataFactory.findTestData(Data Files/Data/TestData): Reading excel file with source file 'C:\Users\seeboruts\OneDrive - SD Worx\Desktop\Test_Data_Reg.xlsx' and sheet name 'TEST DATA'

2018-09-04 09:58:48 - [TEST_STEP][PASSED] - Statement - rowNo = java.lang.Integer.parseInt(currentTestCaseId): null

2018-09-04 09:58:48 - [TEST_STEP][PASSED] - Statement - If (excelData.getValue(3, rowNo) != ""): Wait for page load successfully

2018-09-04 09:58:48 - [TEST_STEP][PASSED] - setText: Text 'REG NEGATIEF' is set on object 'Object Repository/Mes rapports Obj/input search filter'

2018-09-04 09:58:48 - [MESSAGE][PASSED] - Text 'REG NEGATIEF' is set on object 'Object Repository/Mes rapports Obj/input search filter'

2018-09-04 09:58:48 - [TEST_STEP][PASSED] - Statement - myTestObject = new com.kms.katalon.core.testobject.TestObject(Select_report_name): null

2018-09-04 09:58:48 - [TEST_STEP][PASSED] - Statement - myTestObject.addProperty("xpath", EQUALS, "//a[@class='hide-on-hover']//span[@text='" + excelData.getValue(3, rowNo) + "']"): null

2018-09-04 09:58:48 - [TEST_STEP][PASSED] - click: Object: 'Select_report_name' is clicked on

2018-09-04 09:58:49 - [MESSAGE][PASSED] - Object: 'Select_report_name' is clicked on

2018-09-04 09:58:49 - [TEST_STEP][PASSED] - waitForPageLoad: Wait for page load successfully

2018-09-04 09:58:49 - [MESSAGE][PASSED] - Wait for page load successfully

2018-09-04 09:58:49 - [TEST_STEP][PASSED] - delay: Delayed 2 second(s)

2018-09-04 09:58:51 - [MESSAGE][PASSED] - Delayed 2 second(s)

2018-09-04 09:58:51 - [MESSAGE][PASSED] - Call Test Case 'Test Cases/Sub Script/Navigation_Menu/Menu_Mes_rapports/Main_Content/TC Select report name' successfully

2018-09-04 09:58:51 - [TEST_STEP][PASSED] - callTestCase: Call Test Case 'Test Cases/Sub Script/Navigation_Menu/Menu_Mes_rapports/Nouveau_Rapport/Mes rapports - EXECUTION/Valeurs a indiquer/TC Click on Date de reference historique' successfully

2018-09-04 09:58:51 - [TEST_CASE][PASSED] - Test Cases/Sub Script/Navigation_Menu/Menu_Mes_rapports/Nouveau_Rapport/Mes rapports - EXECUTION/Valeurs a indiquer/TC Click on Date de reference historique: Test Cases/Sub Script/Navigation_Menu/Menu_Mes_rapports/Nouveau_Rapport/Mes rapports - EXECUTION/Valeurs a indiquer/TC Click on Date de reference historique

2018-09-04 09:58:51 - [TEST_STEP][PASSED] - waitForPageLoad: Wait for page load successfully

2018-09-04 09:58:51 - [MESSAGE][PASSED] - Wait for page load successfully

2018-09-04 09:58:51 - [TEST_STEP][PASSED] - waitForElementPresent: Object 'Object Repository/Mes rapports Obj/EXECUTION/Date de reference historique' is present

2018-09-04 09:58:51 - [MESSAGE][PASSED] - Object 'Object Repository/Mes rapports Obj/EXECUTION/Date de reference historique' is present

2018-09-04 09:58:51 - [TEST_STEP][PASSED] - click: Object: 'Object Repository/Mes rapports Obj/EXECUTION/Date de reference historique' is clicked on

2018-09-04 09:58:51 - [MESSAGE][PASSED] - Object: 'Object Repository/Mes rapports Obj/EXECUTION/Date de reference historique' is clicked on

2018-09-04 09:58:51 - [TEST_STEP][PASSED] - delay: Delayed 2 second(s)

2018-09-04 09:58:53 - [MESSAGE][PASSED] - Delayed 2 second(s)

2018-09-04 09:58:53 - [MESSAGE][PASSED] - Call Test Case 'Test Cases/Sub Script/Navigation_Menu/Menu_Mes_rapports/Nouveau_Rapport/Mes rapports - EXECUTION/Valeurs a indiquer/TC Click on Date de reference historique' successfully

2018-09-04 09:58:53 - [TEST_STEP][PASSED] - callTestCase: Call Test Case 'Test Cases/Sub Script/Navigation_Menu/Menu_Mes_rapports/Nouveau_Rapport/Mes rapports - EXECUTION/Valeurs a indiquer/TC Select ref date' successfully

2018-09-04 09:58:53 - [TEST_CASE][PASSED] - Test Cases/Sub Script/Navigation_Menu/Menu_Mes_rapports/Nouveau_Rapport/Mes rapports - EXECUTION/Valeurs a indiquer/TC Select ref date: Test Cases/Sub Script/Navigation_Menu/Menu_Mes_rapports/Nouveau_Rapport/Mes rapports - EXECUTION/Valeurs a indiquer/TC Select ref date

2018-09-04 09:58:53 - [TEST_STEP][PASSED] - Statement - rowNo = java.lang.Integer.parseInt(currentTestCaseId): null

2018-09-04 09:58:53 - [TEST_STEP][PASSED] - Statement - excelData = com.kms.katalon.core.testdata.TestDataFactory.findTestData(Data Files/Data/TestData): Reading excel file with source file 'C:\Users\seeboruts\OneDrive - SD Worx\Desktop\Test_Data_Reg.xlsx' and sheet name 'TEST DATA'

2018-09-04 09:58:53 - [TEST_STEP][PASSED] - Statement - If (excelData.getValue(45, rowNo) != ""): Object: 'Select_historic_date' is clicked on

2018-09-04 09:58:53 - [TEST_STEP][PASSED] - Statement - dateREF = new com.kms.katalon.core.testobject.TestObject(Select_historic_date): null

2018-09-04 09:58:53 - [TEST_STEP][PASSED] - Statement - dateREF.addProperty("xpath", EQUALS, "//a//span[contains(text(),'" + excelData.getValue(45, rowNo) + "')]"): null

2018-09-04 09:58:53 - [TEST_STEP][PASSED] - click: Object: 'Select_historic_date' is clicked on

2018-09-04 09:58:53 - [MESSAGE][PASSED] - Object: 'Select_historic_date' is clicked on

2018-09-04 09:58:53 - [TEST_STEP][PASSED] - delay: Delayed 1 second(s)

2018-09-04 09:58:54 - [MESSAGE][PASSED] - Delayed 1 second(s)

2018-09-04 09:58:54 - [MESSAGE][PASSED] - Call Test Case 'Test Cases/Sub Script/Navigation_Menu/Menu_Mes_rapports/Nouveau_Rapport/Mes rapports - EXECUTION/Valeurs a indiquer/TC Select ref date' successfully

2018-09-04 09:58:54 - [TEST_STEP][PASSED] - callTestCase: Call Test Case 'Test Cases/Sub Script/Navigation_Menu/Menu_Mes_rapports/TC Verify Executer button' successfully

2018-09-04 09:58:54 - [TEST_CASE][PASSED] - Test Cases/Sub Script/Navigation_Menu/Menu_Mes_rapports/TC Verify Executer button: Test Cases/Sub Script/Navigation_Menu/Menu_Mes_rapports/TC Verify Executer button

2018-09-04 09:58:54 - [TEST_STEP][PASSED] - click: Object: 'Object Repository/Mes rapports Obj/EXECUTION/Button executer' is clicked on

2018-09-04 09:58:55 - [MESSAGE][PASSED] - Object: 'Object Repository/Mes rapports Obj/EXECUTION/Button executer' is clicked on

2018-09-04 09:58:55 - [TEST_STEP][PASSED] - waitForPageLoad: Wait for page load successfully

2018-09-04 09:58:55 - [MESSAGE][PASSED] - Wait for page load successfully

2018-09-04 09:58:55 - [TEST_STEP][PASSED] - delay: Delayed 3 second(s)

2018-09-04 09:58:58 - [MESSAGE][PASSED] - Delayed 3 second(s)

2018-09-04 09:58:58 - [MESSAGE][PASSED] - Call Test Case 'Test Cases/Sub Script/Navigation_Menu/Menu_Mes_rapports/TC Verify Executer button' successfully

2018-09-04 09:58:58 - [TEST_STEP][PASSED] - closeBrowser: Browser is closed

2018-09-04 09:58:58 - [MESSAGE][PASSED] - Browser is closed]]></system-out>
         <system-err><![CDATA[]]></system-err>
      </testcase>
      <testcase name="Test Cases/Main Script/TC13 DIVIDED BY ZERO" classname="Test Cases/Main Script/TC13 DIVIDED BY ZERO" status="ERROR">
         <error type="ERROR" message="Test Cases/Main Script/TC13 DIVIDED BY ZERO FAILED because (of) java.lang.NumberFormatException: For input string: &quot;Test Cases/Main Script/TC13 DIVIDED BY ZERO&quot;"/>
         <system-out><![CDATA[2018-09-04 09:58:58 - [TEST_CASE][ERROR] - Test Cases/Main Script/TC13 DIVIDED BY ZERO: Test Cases/Main Script/TC13 DIVIDED BY ZERO FAILED because (of) java.lang.NumberFormatException: For input string: "Test Cases/Main Script/TC13 DIVIDED BY ZERO"

2018-09-04 09:58:58 - [TEST_STEP][PASSED] - Start listener action : sampleBeforeTestCase: Invoke 'com.kms.katalon.core.annotation.BeforeTestCase' method: 'NewTestListener.sampleBeforeTestCase(...)' completed.

2018-09-04 09:58:58 - [TEST_STEP][PASSED] - Statement - println(testCaseContext.getTextCaseId()=$testCaseContext.getTestCaseId()): null

2018-09-04 09:58:58 - [TEST_STEP][PASSED] - Statement - currentTestCaseId = testCaseContext.getTestCaseId(): Invoke 'com.kms.katalon.core.annotation.BeforeTestCase' method: 'NewTestListener.sampleBeforeTestCase(...)' completed.

2018-09-04 09:58:58 - [TEST_STEP][PASSED] - callTestCase: Call Test Case 'Test Cases/Login/TC1 Login to Mysdworx' successfully

2018-09-04 09:58:59 - [TEST_CASE][PASSED] - Test Cases/Login/TC1 Login to Mysdworx: Test Cases/Login/TC1 Login to Mysdworx

2018-09-04 09:58:59 - [TEST_STEP][PASSED] - openBrowser: Browser is opened with url: ''

2018-09-04 09:59:01 - [MESSAGE][PASSED] - Browser is opened with url: ''

2018-09-04 09:59:01 - [TEST_STEP][PASSED] - navigateToUrl: Navigate to 'https://internet.acc.sd.dika.be/ebloxreporting/web.sensitive/main/?lang=fr' successfully

2018-09-04 09:59:07 - [MESSAGE][PASSED] - Navigate to 'https://internet.acc.sd.dika.be/ebloxreporting/web.sensitive/main/?lang=fr' successfully

2018-09-04 09:59:07 - [TEST_STEP][PASSED] - maximizeWindow: Current window maximized

2018-09-04 09:59:08 - [MESSAGE][PASSED] - Current window maximized

2018-09-04 09:59:08 - [TEST_STEP][PASSED] - setText: Text 'DP_EBLOX_RPP_VASCO' is set on object 'Object Repository/Page_mysdworx - Log in/input_Username'

2018-09-04 09:59:19 - [MESSAGE][PASSED] - Text 'DP_EBLOX_RPP_VASCO' is set on object 'Object Repository/Page_mysdworx - Log in/input_Username'

2018-09-04 09:59:19 - [TEST_STEP][PASSED] - Statement - frame = new javax.swing.JFrame(User Input Frame): null

2018-09-04 09:59:20 - [TEST_STEP][PASSED] - Statement - frame.requestFocus(): null

2018-09-04 09:59:20 - [TEST_STEP][PASSED] - Statement - pass = javax.swing.JOptionPane.showInputDialog(frame, "Enter the password from token!!"): null

2018-09-04 09:59:21 - [TEST_STEP][PASSED] - delay: Delayed 2 second(s)

2018-09-04 09:59:23 - [MESSAGE][PASSED] - Delayed 2 second(s)

2018-09-04 09:59:23 - [TEST_STEP][PASSED] - setText: Text '655062' is set on object 'Object Repository/Page_mysdworx - Log in/input_Password'

2018-09-04 09:59:24 - [MESSAGE][PASSED] - Text '655062' is set on object 'Object Repository/Page_mysdworx - Log in/input_Password'

2018-09-04 09:59:24 - [TEST_STEP][PASSED] - click: Object: 'Object Repository/Page_mysdworx - Log in/button_Se connecter' is clicked on

2018-09-04 09:59:24 - [MESSAGE][PASSED] - Object: 'Object Repository/Page_mysdworx - Log in/button_Se connecter' is clicked on

2018-09-04 09:59:24 - [TEST_STEP][PASSED] - waitForPageLoad: Wait for page load successfully

2018-09-04 09:59:24 - [MESSAGE][PASSED] - Wait for page load successfully

2018-09-04 09:59:24 - [TEST_STEP][NOT_RUN] - closeBrowser: NOT_RUN: closeBrowser

2018-09-04 09:59:24 - [MESSAGE][NOT_RUN] - NOT_RUN: closeBrowser

2018-09-04 09:59:24 - [MESSAGE][PASSED] - Call Test Case 'Test Cases/Login/TC1 Login to Mysdworx' successfully

2018-09-04 09:59:24 - [TEST_STEP][PASSED] - callTestCase: Call Test Case 'Test Cases/Sub Script/Select Language/TC1 Verify NL language' successfully

2018-09-04 09:59:24 - [TEST_CASE][PASSED] - Test Cases/Sub Script/Select Language/TC1 Verify NL language: Test Cases/Sub Script/Select Language/TC1 Verify NL language

2018-09-04 09:59:24 - [TEST_STEP][PASSED] - waitForElementClickable: Object 'Object Repository/Change language link Obj/NL_language' is clickable

2018-09-04 10:00:14 - [MESSAGE][PASSED] - Object 'Object Repository/Change language link Obj/NL_language' is clickable

2018-09-04 10:00:14 - [TEST_STEP][PASSED] - Statement - verify_NL_link = com.kms.katalon.core.webui.keyword.WebUiBuiltInKeywords.verifyElementClickable(com.kms.katalon.core.testobject.ObjectRepository.findTestObject(Change language link Obj/NL_language)): Object 'Object Repository/Change language link Obj/NL_language' is clickable

2018-09-04 10:00:14 - [MESSAGE][PASSED] - Object 'Object Repository/Change language link Obj/NL_language' is clickable

2018-09-04 10:00:14 - [TEST_STEP][PASSED] - Statement - If (verify_NL_link.equals(true)): NL link is clickable !

2018-09-04 10:00:14 - [TEST_STEP][PASSED] - Statement - com.kms.katalon.core.util.KeywordUtil.markPassed("NL link is clickable !"): NL link is clickable !

2018-09-04 10:00:14 - [MESSAGE][PASSED] - NL link is clickable !

2018-09-04 10:00:14 - [TEST_STEP][PASSED] - click: Object: 'Object Repository/Change language link Obj/NL_language' is clicked on

2018-09-04 10:00:27 - [MESSAGE][PASSED] - Object: 'Object Repository/Change language link Obj/NL_language' is clicked on

2018-09-04 10:00:27 - [TEST_STEP][PASSED] - waitForPageLoad: Wait for page load successfully

2018-09-04 10:00:27 - [MESSAGE][PASSED] - Wait for page load successfully

2018-09-04 10:00:27 - [MESSAGE][PASSED] - Call Test Case 'Test Cases/Sub Script/Select Language/TC1 Verify NL language' successfully

2018-09-04 10:00:27 - [TEST_STEP][FAILED] - callTestCase: Unable to call Test Case with id 'Test Cases/Sub Script/Navigation_Menu/Menu_Mes_rapports/Main_Content/TC Input text in search textfield' (Root cause: Call Test Case 'Test Cases/Sub Script/Navigation_Menu/Menu_Mes_rapports/Main_Content/TC Input text in search textfield' failed because of error(s))

2018-09-04 10:00:27 - [TEST_CASE][ERROR] - Test Cases/Sub Script/Navigation_Menu/Menu_Mes_rapports/Main_Content/TC Input text in search textfield: Test Cases/Sub Script/Navigation_Menu/Menu_Mes_rapports/Main_Content/TC Input text in search textfield FAILED because (of) java.lang.NumberFormatException: For input string: "Test Cases/Main Script/TC13 DIVIDED BY ZERO"

2018-09-04 10:00:27 - [TEST_STEP][PASSED] - Statement - excelData = com.kms.katalon.core.testdata.TestDataFactory.findTestData(Data Files/Data/TestData): Reading excel file with source file 'C:\Users\seeboruts\OneDrive - SD Worx\Desktop\Test_Data_Reg.xlsx' and sheet name 'TEST DATA'

2018-09-04 10:00:27 - [TEST_STEP][PASSED] - Statement - rowNo = java.lang.Integer.parseInt(currentTestCaseId): null

2018-09-04 10:00:27 - [MESSAGE][FAILED] - Unable to call Test Case with id 'Test Cases/Sub Script/Navigation_Menu/Menu_Mes_rapports/Main_Content/TC Input text in search textfield' (Root cause: Call Test Case 'Test Cases/Sub Script/Navigation_Menu/Menu_Mes_rapports/Main_Content/TC Input text in search textfield' failed because of error(s))]]></system-out>
         <system-err><![CDATA[2018-09-04 09:58:58 - [TEST_CASE][ERROR] - Test Cases/Main Script/TC13 DIVIDED BY ZERO: Test Cases/Main Script/TC13 DIVIDED BY ZERO FAILED because (of) java.lang.NumberFormatException: For input string: "Test Cases/Main Script/TC13 DIVIDED BY ZERO"]]></system-err>
      </testcase>
      <testcase name="Test Cases/Main Script/TC14 OWN COLUMNS" classname="Test Cases/Main Script/TC14 OWN COLUMNS" status="PASSED">
         <system-out><![CDATA[2018-09-04 10:00:27 - [TEST_CASE][PASSED] - Test Cases/Main Script/TC14 OWN COLUMNS: Test Cases/Main Script/TC14 OWN COLUMNS

2018-09-04 10:00:27 - [TEST_STEP][PASSED] - Start listener action : sampleBeforeTestCase: Invoke 'com.kms.katalon.core.annotation.BeforeTestCase' method: 'NewTestListener.sampleBeforeTestCase(...)' completed.

2018-09-04 10:00:27 - [TEST_STEP][PASSED] - Statement - println(testCaseContext.getTextCaseId()=$testCaseContext.getTestCaseId()): null

2018-09-04 10:00:27 - [TEST_STEP][PASSED] - Statement - currentTestCaseId = testCaseContext.getTestCaseId(): Invoke 'com.kms.katalon.core.annotation.BeforeTestCase' method: 'NewTestListener.sampleBeforeTestCase(...)' completed.

2018-09-04 10:00:27 - [TEST_STEP][PASSED] - verify_Test_Case_Number.getTestCaseNumber.getTCNo: verify_Test_Case_Number.getTestCaseNumber.getTCNo is PASSED

2018-09-04 10:00:27 - [MESSAGE][PASSED] - verify_Test_Case_Number.getTestCaseNumber.getTCNo is PASSED

2018-09-04 10:00:27 - [TEST_STEP][PASSED] - callTestCase: Call Test Case 'Test Cases/Login/TC1 Login to Mysdworx' successfully

2018-09-04 10:00:27 - [TEST_CASE][PASSED] - Test Cases/Login/TC1 Login to Mysdworx: Test Cases/Login/TC1 Login to Mysdworx

2018-09-04 10:00:27 - [TEST_STEP][PASSED] - openBrowser: Browser is opened with url: ''

2018-09-04 10:00:27 - [MESSAGE][WARNING] - A browser is already opened. Closing browser and opening a new one

2018-09-04 10:00:30 - [MESSAGE][PASSED] - Browser is opened with url: ''

2018-09-04 10:00:30 - [TEST_STEP][PASSED] - navigateToUrl: Navigate to 'https://internet.acc.sd.dika.be/ebloxreporting/web.sensitive/main/?lang=fr' successfully

2018-09-04 10:00:36 - [MESSAGE][PASSED] - Navigate to 'https://internet.acc.sd.dika.be/ebloxreporting/web.sensitive/main/?lang=fr' successfully

2018-09-04 10:00:36 - [TEST_STEP][PASSED] - maximizeWindow: Current window maximized

2018-09-04 10:00:37 - [MESSAGE][PASSED] - Current window maximized

2018-09-04 10:00:37 - [TEST_STEP][PASSED] - setText: Text 'DP_EBLOX_RPP_VASCO' is set on object 'Object Repository/Page_mysdworx - Log in/input_Username'

2018-09-04 10:00:46 - [MESSAGE][PASSED] - Text 'DP_EBLOX_RPP_VASCO' is set on object 'Object Repository/Page_mysdworx - Log in/input_Username'

2018-09-04 10:00:46 - [TEST_STEP][PASSED] - Statement - frame = new javax.swing.JFrame(User Input Frame): null

2018-09-04 10:00:46 - [TEST_STEP][PASSED] - Statement - frame.requestFocus(): null

2018-09-04 10:00:46 - [TEST_STEP][PASSED] - Statement - pass = javax.swing.JOptionPane.showInputDialog(frame, "Enter the password from token!!"): null

2018-09-04 10:01:03 - [TEST_STEP][PASSED] - delay: Delayed 2 second(s)

2018-09-04 10:01:05 - [MESSAGE][PASSED] - Delayed 2 second(s)

2018-09-04 10:01:05 - [TEST_STEP][PASSED] - setText: Text '547426' is set on object 'Object Repository/Page_mysdworx - Log in/input_Password'

2018-09-04 10:01:05 - [MESSAGE][PASSED] - Text '547426' is set on object 'Object Repository/Page_mysdworx - Log in/input_Password'

2018-09-04 10:01:05 - [TEST_STEP][PASSED] - click: Object: 'Object Repository/Page_mysdworx - Log in/button_Se connecter' is clicked on

2018-09-04 10:01:05 - [MESSAGE][PASSED] - Object: 'Object Repository/Page_mysdworx - Log in/button_Se connecter' is clicked on

2018-09-04 10:01:05 - [TEST_STEP][PASSED] - waitForPageLoad: Wait for page load successfully

2018-09-04 10:01:05 - [MESSAGE][PASSED] - Wait for page load successfully

2018-09-04 10:01:05 - [TEST_STEP][NOT_RUN] - closeBrowser: NOT_RUN: closeBrowser

2018-09-04 10:01:05 - [MESSAGE][NOT_RUN] - NOT_RUN: closeBrowser

2018-09-04 10:01:05 - [MESSAGE][PASSED] - Call Test Case 'Test Cases/Login/TC1 Login to Mysdworx' successfully

2018-09-04 10:01:05 - [TEST_STEP][PASSED] - callTestCase: Call Test Case 'Test Cases/Sub Script/Select Language/TC1 Verify NL language' successfully

2018-09-04 10:01:05 - [TEST_CASE][PASSED] - Test Cases/Sub Script/Select Language/TC1 Verify NL language: Test Cases/Sub Script/Select Language/TC1 Verify NL language

2018-09-04 10:01:05 - [TEST_STEP][PASSED] - waitForElementClickable: Object 'Object Repository/Change language link Obj/NL_language' is clickable

2018-09-04 10:01:47 - [MESSAGE][PASSED] - Object 'Object Repository/Change language link Obj/NL_language' is clickable

2018-09-04 10:01:47 - [TEST_STEP][PASSED] - Statement - verify_NL_link = com.kms.katalon.core.webui.keyword.WebUiBuiltInKeywords.verifyElementClickable(com.kms.katalon.core.testobject.ObjectRepository.findTestObject(Change language link Obj/NL_language)): Object 'Object Repository/Change language link Obj/NL_language' is clickable

2018-09-04 10:01:47 - [MESSAGE][PASSED] - Object 'Object Repository/Change language link Obj/NL_language' is clickable

2018-09-04 10:01:47 - [TEST_STEP][PASSED] - Statement - If (verify_NL_link.equals(true)): NL link is clickable !

2018-09-04 10:01:47 - [TEST_STEP][PASSED] - Statement - com.kms.katalon.core.util.KeywordUtil.markPassed("NL link is clickable !"): NL link is clickable !

2018-09-04 10:01:47 - [MESSAGE][PASSED] - NL link is clickable !

2018-09-04 10:01:47 - [TEST_STEP][PASSED] - click: Object: 'Object Repository/Change language link Obj/NL_language' is clicked on

2018-09-04 10:01:58 - [MESSAGE][PASSED] - Object: 'Object Repository/Change language link Obj/NL_language' is clicked on

2018-09-04 10:01:58 - [TEST_STEP][PASSED] - waitForPageLoad: Wait for page load successfully

2018-09-04 10:01:58 - [MESSAGE][PASSED] - Wait for page load successfully

2018-09-04 10:01:58 - [MESSAGE][PASSED] - Call Test Case 'Test Cases/Sub Script/Select Language/TC1 Verify NL language' successfully

2018-09-04 10:01:58 - [TEST_STEP][PASSED] - callTestCase: Call Test Case 'Test Cases/Sub Script/Navigation_Menu/Menu_Mes_rapports/Main_Content/TC Input text in search textfield' successfully

2018-09-04 10:01:58 - [TEST_CASE][PASSED] - Test Cases/Sub Script/Navigation_Menu/Menu_Mes_rapports/Main_Content/TC Input text in search textfield: Test Cases/Sub Script/Navigation_Menu/Menu_Mes_rapports/Main_Content/TC Input text in search textfield

2018-09-04 10:01:58 - [TEST_STEP][PASSED] - Statement - excelData = com.kms.katalon.core.testdata.TestDataFactory.findTestData(Data Files/Data/TestData): Reading excel file with source file 'C:\Users\seeboruts\OneDrive - SD Worx\Desktop\Test_Data_Reg.xlsx' and sheet name 'TEST DATA'

2018-09-04 10:01:58 - [TEST_STEP][PASSED] - Statement - rowNo = java.lang.Integer.parseInt(currentTestCaseId): null

2018-09-04 10:01:58 - [TEST_STEP][PASSED] - Statement - If (excelData.getValue(3, rowNo) != ""): Text 'REG EIGEN RUBRIEK' is set on object 'Object Repository/Mes rapports Obj/input search filter'

2018-09-04 10:01:58 - [TEST_STEP][PASSED] - setText: Text 'REG EIGEN RUBRIEK' is set on object 'Object Repository/Mes rapports Obj/input search filter'

2018-09-04 10:02:02 - [MESSAGE][PASSED] - Text 'REG EIGEN RUBRIEK' is set on object 'Object Repository/Mes rapports Obj/input search filter'

2018-09-04 10:02:02 - [MESSAGE][PASSED] - Call Test Case 'Test Cases/Sub Script/Navigation_Menu/Menu_Mes_rapports/Main_Content/TC Input text in search textfield' successfully

2018-09-04 10:02:02 - [TEST_STEP][PASSED] - callTestCase: Call Test Case 'Test Cases/Sub Script/Navigation_Menu/Menu_Mes_rapports/Main_Content/TC VErify Search icon' successfully

2018-09-04 10:02:02 - [TEST_CASE][PASSED] - Test Cases/Sub Script/Navigation_Menu/Menu_Mes_rapports/Main_Content/TC VErify Search icon: Test Cases/Sub Script/Navigation_Menu/Menu_Mes_rapports/Main_Content/TC VErify Search icon

2018-09-04 10:02:02 - [TEST_STEP][PASSED] - click: Object: 'Object Repository/Page_eBlox Reporting/Search_Icon' is clicked on

2018-09-04 10:02:02 - [MESSAGE][PASSED] - Object: 'Object Repository/Page_eBlox Reporting/Search_Icon' is clicked on

2018-09-04 10:02:02 - [TEST_STEP][PASSED] - waitForPageLoad: Wait for page load successfully

2018-09-04 10:02:02 - [MESSAGE][PASSED] - Wait for page load successfully

2018-09-04 10:02:02 - [MESSAGE][PASSED] - Call Test Case 'Test Cases/Sub Script/Navigation_Menu/Menu_Mes_rapports/Main_Content/TC VErify Search icon' successfully

2018-09-04 10:02:02 - [TEST_STEP][PASSED] - callTestCase: Call Test Case 'Test Cases/Sub Script/Navigation_Menu/Menu_Mes_rapports/Main_Content/TC Select report name' successfully

2018-09-04 10:02:02 - [TEST_CASE][PASSED] - Test Cases/Sub Script/Navigation_Menu/Menu_Mes_rapports/Main_Content/TC Select report name: Test Cases/Sub Script/Navigation_Menu/Menu_Mes_rapports/Main_Content/TC Select report name

2018-09-04 10:02:02 - [TEST_STEP][PASSED] - Statement - excelData = com.kms.katalon.core.testdata.TestDataFactory.findTestData(Data Files/Data/TestData): Reading excel file with source file 'C:\Users\seeboruts\OneDrive - SD Worx\Desktop\Test_Data_Reg.xlsx' and sheet name 'TEST DATA'

2018-09-04 10:02:02 - [TEST_STEP][PASSED] - Statement - rowNo = java.lang.Integer.parseInt(currentTestCaseId): null

2018-09-04 10:02:02 - [TEST_STEP][PASSED] - Statement - If (excelData.getValue(3, rowNo) != ""): Wait for page load successfully

2018-09-04 10:02:02 - [TEST_STEP][PASSED] - setText: Text 'REG EIGEN RUBRIEK' is set on object 'Object Repository/Mes rapports Obj/input search filter'

2018-09-04 10:02:02 - [MESSAGE][PASSED] - Text 'REG EIGEN RUBRIEK' is set on object 'Object Repository/Mes rapports Obj/input search filter'

2018-09-04 10:02:02 - [TEST_STEP][PASSED] - Statement - myTestObject = new com.kms.katalon.core.testobject.TestObject(Select_report_name): null

2018-09-04 10:02:02 - [TEST_STEP][PASSED] - Statement - myTestObject.addProperty("xpath", EQUALS, "//a[@class='hide-on-hover']//span[@text='" + excelData.getValue(3, rowNo) + "']"): null

2018-09-04 10:02:02 - [TEST_STEP][PASSED] - click: Object: 'Select_report_name' is clicked on

2018-09-04 10:02:02 - [MESSAGE][PASSED] - Object: 'Select_report_name' is clicked on

2018-09-04 10:02:02 - [TEST_STEP][PASSED] - waitForPageLoad: Wait for page load successfully

2018-09-04 10:02:02 - [MESSAGE][PASSED] - Wait for page load successfully

2018-09-04 10:02:02 - [TEST_STEP][PASSED] - delay: Delayed 2 second(s)

2018-09-04 10:02:04 - [MESSAGE][PASSED] - Delayed 2 second(s)

2018-09-04 10:02:04 - [MESSAGE][PASSED] - Call Test Case 'Test Cases/Sub Script/Navigation_Menu/Menu_Mes_rapports/Main_Content/TC Select report name' successfully

2018-09-04 10:02:04 - [TEST_STEP][PASSED] - callTestCase: Call Test Case 'Test Cases/Sub Script/Navigation_Menu/Menu_Mes_rapports/Nouveau_Rapport/Mes rapports - EXECUTION/Valeurs a indiquer/TC Click on Date de reference historique' successfully

2018-09-04 10:02:04 - [TEST_CASE][PASSED] - Test Cases/Sub Script/Navigation_Menu/Menu_Mes_rapports/Nouveau_Rapport/Mes rapports - EXECUTION/Valeurs a indiquer/TC Click on Date de reference historique: Test Cases/Sub Script/Navigation_Menu/Menu_Mes_rapports/Nouveau_Rapport/Mes rapports - EXECUTION/Valeurs a indiquer/TC Click on Date de reference historique

2018-09-04 10:02:04 - [TEST_STEP][PASSED] - waitForPageLoad: Wait for page load successfully

2018-09-04 10:02:04 - [MESSAGE][PASSED] - Wait for page load successfully

2018-09-04 10:02:04 - [TEST_STEP][PASSED] - waitForElementPresent: Object 'Object Repository/Mes rapports Obj/EXECUTION/Date de reference historique' is present

2018-09-04 10:02:04 - [MESSAGE][PASSED] - Object 'Object Repository/Mes rapports Obj/EXECUTION/Date de reference historique' is present

2018-09-04 10:02:04 - [TEST_STEP][PASSED] - click: Object: 'Object Repository/Mes rapports Obj/EXECUTION/Date de reference historique' is clicked on

2018-09-04 10:02:05 - [MESSAGE][PASSED] - Object: 'Object Repository/Mes rapports Obj/EXECUTION/Date de reference historique' is clicked on

2018-09-04 10:02:05 - [TEST_STEP][PASSED] - delay: Delayed 2 second(s)

2018-09-04 10:02:07 - [MESSAGE][PASSED] - Delayed 2 second(s)

2018-09-04 10:02:07 - [MESSAGE][PASSED] - Call Test Case 'Test Cases/Sub Script/Navigation_Menu/Menu_Mes_rapports/Nouveau_Rapport/Mes rapports - EXECUTION/Valeurs a indiquer/TC Click on Date de reference historique' successfully

2018-09-04 10:02:07 - [TEST_STEP][PASSED] - callTestCase: Call Test Case 'Test Cases/Sub Script/Navigation_Menu/Menu_Mes_rapports/Nouveau_Rapport/Mes rapports - EXECUTION/Valeurs a indiquer/TC Select ref date' successfully

2018-09-04 10:02:07 - [TEST_CASE][PASSED] - Test Cases/Sub Script/Navigation_Menu/Menu_Mes_rapports/Nouveau_Rapport/Mes rapports - EXECUTION/Valeurs a indiquer/TC Select ref date: Test Cases/Sub Script/Navigation_Menu/Menu_Mes_rapports/Nouveau_Rapport/Mes rapports - EXECUTION/Valeurs a indiquer/TC Select ref date

2018-09-04 10:02:07 - [TEST_STEP][PASSED] - Statement - rowNo = java.lang.Integer.parseInt(currentTestCaseId): null

2018-09-04 10:02:07 - [TEST_STEP][PASSED] - Statement - excelData = com.kms.katalon.core.testdata.TestDataFactory.findTestData(Data Files/Data/TestData): Reading excel file with source file 'C:\Users\seeboruts\OneDrive - SD Worx\Desktop\Test_Data_Reg.xlsx' and sheet name 'TEST DATA'

2018-09-04 10:02:07 - [TEST_STEP][PASSED] - Statement - If (excelData.getValue(45, rowNo) != ""): Object: 'Select_historic_date' is clicked on

2018-09-04 10:02:07 - [TEST_STEP][PASSED] - Statement - dateREF = new com.kms.katalon.core.testobject.TestObject(Select_historic_date): null

2018-09-04 10:02:07 - [TEST_STEP][PASSED] - Statement - dateREF.addProperty("xpath", EQUALS, "//a//span[contains(text(),'" + excelData.getValue(45, rowNo) + "')]"): null

2018-09-04 10:02:07 - [TEST_STEP][PASSED] - click: Object: 'Select_historic_date' is clicked on

2018-09-04 10:02:07 - [MESSAGE][PASSED] - Object: 'Select_historic_date' is clicked on

2018-09-04 10:02:07 - [TEST_STEP][PASSED] - delay: Delayed 1 second(s)

2018-09-04 10:02:08 - [MESSAGE][PASSED] - Delayed 1 second(s)

2018-09-04 10:02:08 - [MESSAGE][PASSED] - Call Test Case 'Test Cases/Sub Script/Navigation_Menu/Menu_Mes_rapports/Nouveau_Rapport/Mes rapports - EXECUTION/Valeurs a indiquer/TC Select ref date' successfully

2018-09-04 10:02:08 - [TEST_STEP][PASSED] - callTestCase: Call Test Case 'Test Cases/Sub Script/Navigation_Menu/Menu_Mes_rapports/TC Verify Executer button' successfully

2018-09-04 10:02:08 - [TEST_CASE][PASSED] - Test Cases/Sub Script/Navigation_Menu/Menu_Mes_rapports/TC Verify Executer button: Test Cases/Sub Script/Navigation_Menu/Menu_Mes_rapports/TC Verify Executer button

2018-09-04 10:02:08 - [TEST_STEP][PASSED] - click: Object: 'Object Repository/Mes rapports Obj/EXECUTION/Button executer' is clicked on

2018-09-04 10:02:08 - [MESSAGE][PASSED] - Object: 'Object Repository/Mes rapports Obj/EXECUTION/Button executer' is clicked on

2018-09-04 10:02:08 - [TEST_STEP][PASSED] - waitForPageLoad: Wait for page load successfully

2018-09-04 10:02:08 - [MESSAGE][PASSED] - Wait for page load successfully

2018-09-04 10:02:08 - [TEST_STEP][PASSED] - delay: Delayed 3 second(s)

2018-09-04 10:02:11 - [MESSAGE][PASSED] - Delayed 3 second(s)

2018-09-04 10:02:11 - [MESSAGE][PASSED] - Call Test Case 'Test Cases/Sub Script/Navigation_Menu/Menu_Mes_rapports/TC Verify Executer button' successfully

2018-09-04 10:02:11 - [TEST_STEP][PASSED] - closeBrowser: Browser is closed

2018-09-04 10:02:12 - [MESSAGE][PASSED] - Browser is closed]]></system-out>
         <system-err><![CDATA[]]></system-err>
      </testcase>
      <testcase name="Test Cases/Main Script/TC15 COLUMNS" classname="Test Cases/Main Script/TC15 COLUMNS" status="PASSED">
         <system-out><![CDATA[2018-09-04 10:02:12 - [TEST_CASE][PASSED] - Test Cases/Main Script/TC15 COLUMNS: Test Cases/Main Script/TC15 COLUMNS

2018-09-04 10:02:12 - [TEST_STEP][PASSED] - Start listener action : sampleBeforeTestCase: Invoke 'com.kms.katalon.core.annotation.BeforeTestCase' method: 'NewTestListener.sampleBeforeTestCase(...)' completed.

2018-09-04 10:02:12 - [TEST_STEP][PASSED] - Statement - println(testCaseContext.getTextCaseId()=$testCaseContext.getTestCaseId()): null

2018-09-04 10:02:12 - [TEST_STEP][PASSED] - Statement - currentTestCaseId = testCaseContext.getTestCaseId(): Invoke 'com.kms.katalon.core.annotation.BeforeTestCase' method: 'NewTestListener.sampleBeforeTestCase(...)' completed.

2018-09-04 10:02:12 - [TEST_STEP][PASSED] - verify_Test_Case_Number.getTestCaseNumber.getTCNo: verify_Test_Case_Number.getTestCaseNumber.getTCNo is PASSED

2018-09-04 10:02:12 - [MESSAGE][PASSED] - verify_Test_Case_Number.getTestCaseNumber.getTCNo is PASSED

2018-09-04 10:02:12 - [TEST_STEP][PASSED] - callTestCase: Call Test Case 'Test Cases/Login/TC1 Login to Mysdworx' successfully

2018-09-04 10:02:12 - [TEST_CASE][PASSED] - Test Cases/Login/TC1 Login to Mysdworx: Test Cases/Login/TC1 Login to Mysdworx

2018-09-04 10:02:12 - [TEST_STEP][PASSED] - openBrowser: Browser is opened with url: ''

2018-09-04 10:02:14 - [MESSAGE][PASSED] - Browser is opened with url: ''

2018-09-04 10:02:14 - [TEST_STEP][PASSED] - navigateToUrl: Navigate to 'https://internet.acc.sd.dika.be/ebloxreporting/web.sensitive/main/?lang=fr' successfully

2018-09-04 10:02:19 - [MESSAGE][PASSED] - Navigate to 'https://internet.acc.sd.dika.be/ebloxreporting/web.sensitive/main/?lang=fr' successfully

2018-09-04 10:02:19 - [TEST_STEP][PASSED] - maximizeWindow: Current window maximized

2018-09-04 10:02:20 - [MESSAGE][PASSED] - Current window maximized

2018-09-04 10:02:20 - [TEST_STEP][PASSED] - setText: Text 'DP_EBLOX_RPP_VASCO' is set on object 'Object Repository/Page_mysdworx - Log in/input_Username'

2018-09-04 10:02:31 - [MESSAGE][PASSED] - Text 'DP_EBLOX_RPP_VASCO' is set on object 'Object Repository/Page_mysdworx - Log in/input_Username'

2018-09-04 10:02:31 - [TEST_STEP][PASSED] - Statement - frame = new javax.swing.JFrame(User Input Frame): null

2018-09-04 10:02:31 - [TEST_STEP][PASSED] - Statement - frame.requestFocus(): null

2018-09-04 10:02:31 - [TEST_STEP][PASSED] - Statement - pass = javax.swing.JOptionPane.showInputDialog(frame, "Enter the password from token!!"): null

2018-09-04 10:02:33 - [TEST_STEP][PASSED] - delay: Delayed 2 second(s)

2018-09-04 10:02:35 - [MESSAGE][PASSED] - Delayed 2 second(s)

2018-09-04 10:02:35 - [TEST_STEP][PASSED] - setText: Text '383039' is set on object 'Object Repository/Page_mysdworx - Log in/input_Password'

2018-09-04 10:02:35 - [MESSAGE][PASSED] - Text '383039' is set on object 'Object Repository/Page_mysdworx - Log in/input_Password'

2018-09-04 10:02:35 - [TEST_STEP][PASSED] - click: Object: 'Object Repository/Page_mysdworx - Log in/button_Se connecter' is clicked on

2018-09-04 10:02:35 - [MESSAGE][PASSED] - Object: 'Object Repository/Page_mysdworx - Log in/button_Se connecter' is clicked on

2018-09-04 10:02:35 - [TEST_STEP][PASSED] - waitForPageLoad: Wait for page load successfully

2018-09-04 10:02:35 - [MESSAGE][PASSED] - Wait for page load successfully

2018-09-04 10:02:35 - [TEST_STEP][NOT_RUN] - closeBrowser: NOT_RUN: closeBrowser

2018-09-04 10:02:35 - [MESSAGE][NOT_RUN] - NOT_RUN: closeBrowser

2018-09-04 10:02:35 - [MESSAGE][PASSED] - Call Test Case 'Test Cases/Login/TC1 Login to Mysdworx' successfully

2018-09-04 10:02:35 - [TEST_STEP][PASSED] - callTestCase: Call Test Case 'Test Cases/Sub Script/Select Language/TC1 Verify NL language' successfully

2018-09-04 10:02:35 - [TEST_CASE][PASSED] - Test Cases/Sub Script/Select Language/TC1 Verify NL language: Test Cases/Sub Script/Select Language/TC1 Verify NL language

2018-09-04 10:02:35 - [TEST_STEP][PASSED] - waitForElementClickable: Object 'Object Repository/Change language link Obj/NL_language' is clickable

2018-09-04 10:03:15 - [MESSAGE][PASSED] - Object 'Object Repository/Change language link Obj/NL_language' is clickable

2018-09-04 10:03:15 - [TEST_STEP][PASSED] - Statement - verify_NL_link = com.kms.katalon.core.webui.keyword.WebUiBuiltInKeywords.verifyElementClickable(com.kms.katalon.core.testobject.ObjectRepository.findTestObject(Change language link Obj/NL_language)): Object 'Object Repository/Change language link Obj/NL_language' is clickable

2018-09-04 10:03:15 - [MESSAGE][PASSED] - Object 'Object Repository/Change language link Obj/NL_language' is clickable

2018-09-04 10:03:15 - [TEST_STEP][PASSED] - Statement - If (verify_NL_link.equals(true)): NL link is clickable !

2018-09-04 10:03:15 - [TEST_STEP][PASSED] - Statement - com.kms.katalon.core.util.KeywordUtil.markPassed("NL link is clickable !"): NL link is clickable !

2018-09-04 10:03:15 - [MESSAGE][PASSED] - NL link is clickable !

2018-09-04 10:03:15 - [TEST_STEP][PASSED] - click: Object: 'Object Repository/Change language link Obj/NL_language' is clicked on

2018-09-04 10:03:26 - [MESSAGE][PASSED] - Object: 'Object Repository/Change language link Obj/NL_language' is clicked on

2018-09-04 10:03:26 - [TEST_STEP][PASSED] - waitForPageLoad: Wait for page load successfully

2018-09-04 10:03:26 - [MESSAGE][PASSED] - Wait for page load successfully

2018-09-04 10:03:26 - [MESSAGE][PASSED] - Call Test Case 'Test Cases/Sub Script/Select Language/TC1 Verify NL language' successfully

2018-09-04 10:03:26 - [TEST_STEP][PASSED] - callTestCase: Call Test Case 'Test Cases/Sub Script/Navigation_Menu/Menu_Mes_rapports/Main_Content/TC Input text in search textfield' successfully

2018-09-04 10:03:26 - [TEST_CASE][PASSED] - Test Cases/Sub Script/Navigation_Menu/Menu_Mes_rapports/Main_Content/TC Input text in search textfield: Test Cases/Sub Script/Navigation_Menu/Menu_Mes_rapports/Main_Content/TC Input text in search textfield

2018-09-04 10:03:26 - [TEST_STEP][PASSED] - Statement - excelData = com.kms.katalon.core.testdata.TestDataFactory.findTestData(Data Files/Data/TestData): Reading excel file with source file 'C:\Users\seeboruts\OneDrive - SD Worx\Desktop\Test_Data_Reg.xlsx' and sheet name 'TEST DATA'

2018-09-04 10:03:26 - [TEST_STEP][PASSED] - Statement - rowNo = java.lang.Integer.parseInt(currentTestCaseId): null

2018-09-04 10:03:26 - [TEST_STEP][PASSED] - Statement - If (excelData.getValue(3, rowNo) != ""): Text 'REG + RUBRIEK' is set on object 'Object Repository/Mes rapports Obj/input search filter'

2018-09-04 10:03:26 - [TEST_STEP][PASSED] - setText: Text 'REG + RUBRIEK' is set on object 'Object Repository/Mes rapports Obj/input search filter'

2018-09-04 10:03:30 - [MESSAGE][PASSED] - Text 'REG + RUBRIEK' is set on object 'Object Repository/Mes rapports Obj/input search filter'

2018-09-04 10:03:30 - [MESSAGE][PASSED] - Call Test Case 'Test Cases/Sub Script/Navigation_Menu/Menu_Mes_rapports/Main_Content/TC Input text in search textfield' successfully

2018-09-04 10:03:30 - [TEST_STEP][PASSED] - callTestCase: Call Test Case 'Test Cases/Sub Script/Navigation_Menu/Menu_Mes_rapports/Main_Content/TC VErify Search icon' successfully

2018-09-04 10:03:30 - [TEST_CASE][PASSED] - Test Cases/Sub Script/Navigation_Menu/Menu_Mes_rapports/Main_Content/TC VErify Search icon: Test Cases/Sub Script/Navigation_Menu/Menu_Mes_rapports/Main_Content/TC VErify Search icon

2018-09-04 10:03:30 - [TEST_STEP][PASSED] - click: Object: 'Object Repository/Page_eBlox Reporting/Search_Icon' is clicked on

2018-09-04 10:03:30 - [MESSAGE][PASSED] - Object: 'Object Repository/Page_eBlox Reporting/Search_Icon' is clicked on

2018-09-04 10:03:30 - [TEST_STEP][PASSED] - waitForPageLoad: Wait for page load successfully

2018-09-04 10:03:30 - [MESSAGE][PASSED] - Wait for page load successfully

2018-09-04 10:03:30 - [MESSAGE][PASSED] - Call Test Case 'Test Cases/Sub Script/Navigation_Menu/Menu_Mes_rapports/Main_Content/TC VErify Search icon' successfully

2018-09-04 10:03:30 - [TEST_STEP][PASSED] - callTestCase: Call Test Case 'Test Cases/Sub Script/Navigation_Menu/Menu_Mes_rapports/Main_Content/TC Select report name' successfully

2018-09-04 10:03:30 - [TEST_CASE][PASSED] - Test Cases/Sub Script/Navigation_Menu/Menu_Mes_rapports/Main_Content/TC Select report name: Test Cases/Sub Script/Navigation_Menu/Menu_Mes_rapports/Main_Content/TC Select report name

2018-09-04 10:03:30 - [TEST_STEP][PASSED] - Statement - excelData = com.kms.katalon.core.testdata.TestDataFactory.findTestData(Data Files/Data/TestData): Reading excel file with source file 'C:\Users\seeboruts\OneDrive - SD Worx\Desktop\Test_Data_Reg.xlsx' and sheet name 'TEST DATA'

2018-09-04 10:03:30 - [TEST_STEP][PASSED] - Statement - rowNo = java.lang.Integer.parseInt(currentTestCaseId): null

2018-09-04 10:03:30 - [TEST_STEP][PASSED] - Statement - If (excelData.getValue(3, rowNo) != ""): Wait for page load successfully

2018-09-04 10:03:30 - [TEST_STEP][PASSED] - setText: Text 'REG + RUBRIEK' is set on object 'Object Repository/Mes rapports Obj/input search filter'

2018-09-04 10:03:31 - [MESSAGE][PASSED] - Text 'REG + RUBRIEK' is set on object 'Object Repository/Mes rapports Obj/input search filter'

2018-09-04 10:03:31 - [TEST_STEP][PASSED] - Statement - myTestObject = new com.kms.katalon.core.testobject.TestObject(Select_report_name): null

2018-09-04 10:03:31 - [TEST_STEP][PASSED] - Statement - myTestObject.addProperty("xpath", EQUALS, "//a[@class='hide-on-hover']//span[@text='" + excelData.getValue(3, rowNo) + "']"): null

2018-09-04 10:03:31 - [TEST_STEP][PASSED] - click: Object: 'Select_report_name' is clicked on

2018-09-04 10:03:31 - [MESSAGE][PASSED] - Object: 'Select_report_name' is clicked on

2018-09-04 10:03:31 - [TEST_STEP][PASSED] - waitForPageLoad: Wait for page load successfully

2018-09-04 10:03:31 - [MESSAGE][PASSED] - Wait for page load successfully

2018-09-04 10:03:31 - [TEST_STEP][PASSED] - delay: Delayed 2 second(s)

2018-09-04 10:03:33 - [MESSAGE][PASSED] - Delayed 2 second(s)

2018-09-04 10:03:33 - [MESSAGE][PASSED] - Call Test Case 'Test Cases/Sub Script/Navigation_Menu/Menu_Mes_rapports/Main_Content/TC Select report name' successfully

2018-09-04 10:03:33 - [TEST_STEP][PASSED] - callTestCase: Call Test Case 'Test Cases/Sub Script/Navigation_Menu/Menu_Mes_rapports/Inner_Content/TC Verify Definition tab' successfully

2018-09-04 10:03:33 - [TEST_CASE][PASSED] - Test Cases/Sub Script/Navigation_Menu/Menu_Mes_rapports/Inner_Content/TC Verify Definition tab: Test Cases/Sub Script/Navigation_Menu/Menu_Mes_rapports/Inner_Content/TC Verify Definition tab

2018-09-04 10:03:33 - [TEST_STEP][PASSED] - waitForElementClickable: Object 'Object Repository/Page_eBlox Rapportering/Definition' is clickable

2018-09-04 10:03:33 - [MESSAGE][PASSED] - Object 'Object Repository/Page_eBlox Rapportering/Definition' is clickable

2018-09-04 10:03:33 - [TEST_STEP][PASSED] - Statement - definition = com.kms.katalon.core.webui.keyword.WebUiBuiltInKeywords.modifyObjectProperty(com.kms.katalon.core.testobject.ObjectRepository.findTestObject(Page_eBlox Rapportering/Definition), "xpath", "contains", "//a[contains(text(),'Definitie')]", true): Modify property of object successfully

2018-09-04 10:03:33 - [MESSAGE][PASSED] - Modify property of object successfully

2018-09-04 10:03:33 - [TEST_STEP][PASSED] - click: Object: 'Object Repository/Page_eBlox Rapportering/Definition' is clicked on

2018-09-04 10:03:33 - [MESSAGE][PASSED] - Object: 'Object Repository/Page_eBlox Rapportering/Definition' is clicked on

2018-09-04 10:03:33 - [TEST_STEP][PASSED] - waitForPageLoad: Wait for page load successfully

2018-09-04 10:03:33 - [MESSAGE][PASSED] - Wait for page load successfully

2018-09-04 10:03:33 - [MESSAGE][PASSED] - Call Test Case 'Test Cases/Sub Script/Navigation_Menu/Menu_Mes_rapports/Inner_Content/TC Verify Definition tab' successfully

2018-09-04 10:03:33 - [TEST_STEP][PASSED] - callTestCase: Call Test Case 'Test Cases/Sub Script/Navigation_Menu/Menu_Mes_rapports/TC Verify Executer button' successfully

2018-09-04 10:03:34 - [TEST_CASE][PASSED] - Test Cases/Sub Script/Navigation_Menu/Menu_Mes_rapports/TC Verify Executer button: Test Cases/Sub Script/Navigation_Menu/Menu_Mes_rapports/TC Verify Executer button

2018-09-04 10:03:34 - [TEST_STEP][PASSED] - click: Object: 'Object Repository/Mes rapports Obj/EXECUTION/Button executer' is clicked on

2018-09-04 10:03:34 - [MESSAGE][PASSED] - Object: 'Object Repository/Mes rapports Obj/EXECUTION/Button executer' is clicked on

2018-09-04 10:03:34 - [TEST_STEP][PASSED] - waitForPageLoad: Wait for page load successfully

2018-09-04 10:03:34 - [MESSAGE][PASSED] - Wait for page load successfully

2018-09-04 10:03:34 - [TEST_STEP][PASSED] - delay: Delayed 3 second(s)

2018-09-04 10:03:37 - [MESSAGE][PASSED] - Delayed 3 second(s)

2018-09-04 10:03:37 - [MESSAGE][PASSED] - Call Test Case 'Test Cases/Sub Script/Navigation_Menu/Menu_Mes_rapports/TC Verify Executer button' successfully

2018-09-04 10:03:37 - [TEST_STEP][PASSED] - closeBrowser: Browser is closed

2018-09-04 10:03:37 - [MESSAGE][PASSED] - Browser is closed]]></system-out>
         <system-err><![CDATA[]]></system-err>
      </testcase>
      <testcase name="Test Cases/Main Script/TC16 HISTORIC WITHOUT" classname="Test Cases/Main Script/TC16 HISTORIC WITHOUT" status="FAILED">
         <failure type="FAILED" message="Unable to click on object 'Select_donnee' (Root cause: org.openqa.selenium.InvalidSelectorException: invalid selector: Unable to locate an element with the xpath expression '//div[@id='select2-drop']//ul[@class='select2-results']//li[@role='presentation']//div[contains(text(),'(alle looncodes)')] because of the following error:
SyntaxError: Failed to execute 'evaluate' on 'Document': The string ''//div[@id='select2-drop']//ul[@class='select2-results']//li[@role='presentation']//div[contains(text(),'(alle looncodes)')]' is not a valid XPath expression.
  (Session info: chrome=68.0.3440.106)
  (Driver info: chromedriver=2.35.528161 (5b82f2d2aae0ca24b877009200ced9065a772e73),platform=Windows NT 10.0.16299 x86_64) (WARNING: The server did not provide any stacktrace information)
Command duration or timeout: 0 milliseconds
For documentation on this error, please visit: http://seleniumhq.org/exceptions/invalid_selector_exception.html
Build info: version: '3.7.1', revision: '8a0099a', time: '2017-11-06T21:07:36.161Z'
System info: host: '5CG7062KWD', ip: '10.136.82.135', os.name: 'Windows 10', os.arch: 'amd64', os.version: '10.0', java.version: '1.8.0_181'
Driver info: com.kms.katalon.selenium.driver.CChromeDriver
Capabilities {acceptInsecureCerts: false, acceptSslCerts: false, applicationCacheEnabled: false, browserConnectionEnabled: false, browserName: chrome, chrome: {chromedriverVersion: 2.35.528161 (5b82f2d2aae0ca..., userDataDir: C:\Users\SEEBOR~1\AppData\L...}, cssSelectorsEnabled: true, databaseEnabled: false, handlesAlerts: true, hasTouchScreen: false, javascriptEnabled: true, locationContextEnabled: true, mobileEmulationEnabled: false, nativeEvents: true, networkConnectionEnabled: false, pageLoadStrategy: normal, platform: XP, platformName: XP, rotatable: false, setWindowRect: true, takesHeapSnapshot: true, takesScreenshot: true, unexpectedAlertBehaviour: , unhandledPromptBehavior: , version: 68.0.3440.106, webStorageEnabled: true}
Session ID: 5e2a3f73c9b957f09579619ffd2aa041
*** Element info: {Using=xpath, value='//div[@id='select2-drop']//ul[@class='select2-results']//li[@role='presentation']//div[contains(text(),'(alle looncodes)')]})"/>
         <system-out><![CDATA[2018-09-04 10:03:37 - [TEST_CASE][FAILED] - Test Cases/Main Script/TC16 HISTORIC WITHOUT: Test Cases/Main Script/TC16 HISTORIC WITHOUT FAILED because (of) Unable to click on object 'Select_donnee' (Root cause: org.openqa.selenium.InvalidSelectorException: invalid selector: Unable to locate an element with the xpath expression '//div[@id='select2-drop']//ul[@class='select2-results']//li[@role='presentation']//div[contains(text(),'(alle looncodes)')] because of the following error:
SyntaxError: Failed to execute 'evaluate' on 'Document': The string ''//div[@id='select2-drop']//ul[@class='select2-results']//li[@role='presentation']//div[contains(text(),'(alle looncodes)')]' is not a valid XPath expression.
  (Session info: chrome=68.0.3440.106)
  (Driver info: chromedriver=2.35.528161 (5b82f2d2aae0ca24b877009200ced9065a772e73),platform=Windows NT 10.0.16299 x86_64) (WARNING: The server did not provide any stacktrace information)
Command duration or timeout: 0 milliseconds
For documentation on this error, please visit: http://seleniumhq.org/exceptions/invalid_selector_exception.html
Build info: version: '3.7.1', revision: '8a0099a', time: '2017-11-06T21:07:36.161Z'
System info: host: '5CG7062KWD', ip: '10.136.82.135', os.name: 'Windows 10', os.arch: 'amd64', os.version: '10.0', java.version: '1.8.0_181'
Driver info: com.kms.katalon.selenium.driver.CChromeDriver
Capabilities {acceptInsecureCerts: false, acceptSslCerts: false, applicationCacheEnabled: false, browserConnectionEnabled: false, browserName: chrome, chrome: {chromedriverVersion: 2.35.528161 (5b82f2d2aae0ca..., userDataDir: C:\Users\SEEBOR~1\AppData\L...}, cssSelectorsEnabled: true, databaseEnabled: false, handlesAlerts: true, hasTouchScreen: false, javascriptEnabled: true, locationContextEnabled: true, mobileEmulationEnabled: false, nativeEvents: true, networkConnectionEnabled: false, pageLoadStrategy: normal, platform: XP, platformName: XP, rotatable: false, setWindowRect: true, takesHeapSnapshot: true, takesScreenshot: true, unexpectedAlertBehaviour: , unhandledPromptBehavior: , version: 68.0.3440.106, webStorageEnabled: true}
Session ID: 5e2a3f73c9b957f09579619ffd2aa041
*** Element info: {Using=xpath, value='//div[@id='select2-drop']//ul[@class='select2-results']//li[@role='presentation']//div[contains(text(),'(alle looncodes)')]})

2018-09-04 10:03:37 - [TEST_STEP][PASSED] - Start listener action : sampleBeforeTestCase: Invoke 'com.kms.katalon.core.annotation.BeforeTestCase' method: 'NewTestListener.sampleBeforeTestCase(...)' completed.

2018-09-04 10:03:37 - [TEST_STEP][PASSED] - Statement - println(testCaseContext.getTextCaseId()=$testCaseContext.getTestCaseId()): null

2018-09-04 10:03:37 - [TEST_STEP][PASSED] - Statement - currentTestCaseId = testCaseContext.getTestCaseId(): Invoke 'com.kms.katalon.core.annotation.BeforeTestCase' method: 'NewTestListener.sampleBeforeTestCase(...)' completed.

2018-09-04 10:03:38 - [TEST_STEP][PASSED] - verify_Test_Case_Number.getTestCaseNumber.getTCNo: verify_Test_Case_Number.getTestCaseNumber.getTCNo is PASSED

2018-09-04 10:03:38 - [MESSAGE][PASSED] - verify_Test_Case_Number.getTestCaseNumber.getTCNo is PASSED

2018-09-04 10:03:38 - [TEST_STEP][PASSED] - callTestCase: Call Test Case 'Test Cases/Login/TC1 Login to Mysdworx' successfully

2018-09-04 10:03:38 - [TEST_CASE][PASSED] - Test Cases/Login/TC1 Login to Mysdworx: Test Cases/Login/TC1 Login to Mysdworx

2018-09-04 10:03:38 - [TEST_STEP][PASSED] - openBrowser: Browser is opened with url: ''

2018-09-04 10:03:40 - [MESSAGE][PASSED] - Browser is opened with url: ''

2018-09-04 10:03:40 - [TEST_STEP][PASSED] - navigateToUrl: Navigate to 'https://internet.acc.sd.dika.be/ebloxreporting/web.sensitive/main/?lang=fr' successfully

2018-09-04 10:03:46 - [MESSAGE][PASSED] - Navigate to 'https://internet.acc.sd.dika.be/ebloxreporting/web.sensitive/main/?lang=fr' successfully

2018-09-04 10:03:46 - [TEST_STEP][PASSED] - maximizeWindow: Current window maximized

2018-09-04 10:03:47 - [MESSAGE][PASSED] - Current window maximized

2018-09-04 10:03:47 - [TEST_STEP][PASSED] - setText: Text 'DP_EBLOX_RPP_VASCO' is set on object 'Object Repository/Page_mysdworx - Log in/input_Username'

2018-09-04 10:03:56 - [MESSAGE][PASSED] - Text 'DP_EBLOX_RPP_VASCO' is set on object 'Object Repository/Page_mysdworx - Log in/input_Username'

2018-09-04 10:03:56 - [TEST_STEP][PASSED] - Statement - frame = new javax.swing.JFrame(User Input Frame): null

2018-09-04 10:03:56 - [TEST_STEP][PASSED] - Statement - frame.requestFocus(): null

2018-09-04 10:03:56 - [TEST_STEP][PASSED] - Statement - pass = javax.swing.JOptionPane.showInputDialog(frame, "Enter the password from token!!"): null

2018-09-04 10:04:08 - [TEST_STEP][PASSED] - delay: Delayed 2 second(s)

2018-09-04 10:04:10 - [MESSAGE][PASSED] - Delayed 2 second(s)

2018-09-04 10:04:10 - [TEST_STEP][PASSED] - setText: Text '632193' is set on object 'Object Repository/Page_mysdworx - Log in/input_Password'

2018-09-04 10:04:10 - [MESSAGE][PASSED] - Text '632193' is set on object 'Object Repository/Page_mysdworx - Log in/input_Password'

2018-09-04 10:04:10 - [TEST_STEP][PASSED] - click: Object: 'Object Repository/Page_mysdworx - Log in/button_Se connecter' is clicked on

2018-09-04 10:04:10 - [MESSAGE][PASSED] - Object: 'Object Repository/Page_mysdworx - Log in/button_Se connecter' is clicked on

2018-09-04 10:04:10 - [TEST_STEP][PASSED] - waitForPageLoad: Wait for page load successfully

2018-09-04 10:04:10 - [MESSAGE][PASSED] - Wait for page load successfully

2018-09-04 10:04:10 - [TEST_STEP][NOT_RUN] - closeBrowser: NOT_RUN: closeBrowser

2018-09-04 10:04:10 - [MESSAGE][NOT_RUN] - NOT_RUN: closeBrowser

2018-09-04 10:04:10 - [MESSAGE][PASSED] - Call Test Case 'Test Cases/Login/TC1 Login to Mysdworx' successfully

2018-09-04 10:04:10 - [TEST_STEP][PASSED] - callTestCase: Call Test Case 'Test Cases/Sub Script/Select Language/TC1 Verify NL language' successfully

2018-09-04 10:04:10 - [TEST_CASE][PASSED] - Test Cases/Sub Script/Select Language/TC1 Verify NL language: Test Cases/Sub Script/Select Language/TC1 Verify NL language

2018-09-04 10:04:10 - [TEST_STEP][PASSED] - waitForElementClickable: Web element with id: 'Object Repository/Change language link Obj/NL_language' located by 'By.xpath: id("navbar-anchor")/div[@class="nav nav-navbar"]/div[@class="user-info navbar-right hidden-xs"]/div[@class="user-actions"]/rapp-language-switcher[@class="ng-isolate-scope"]/ul[@class="list-inline list-unstyled lang"]/li[@class="ng-scope"]/a[@class="ng-binding"][count(. | //a[@ng-click = 'changeLanguageVm.switchPageToLanguage(lang)' and (text() = '
            NL   
        ' or . = '
            NL   
        ')]) = count(//a[@ng-click = 'changeLanguageVm.switchPageToLanguage(lang)' and (text() = '
            NL   
        ' or . = '
            NL   
        ')])]' not found

2018-09-04 10:05:03 - [MESSAGE][WARNING] - Web element with id: 'Object Repository/Change language link Obj/NL_language' located by 'By.xpath: id("navbar-anchor")/div[@class="nav nav-navbar"]/div[@class="user-info navbar-right hidden-xs"]/div[@class="user-actions"]/rapp-language-switcher[@class="ng-isolate-scope"]/ul[@class="list-inline list-unstyled lang"]/li[@class="ng-scope"]/a[@class="ng-binding"][count(. | //a[@ng-click = 'changeLanguageVm.switchPageToLanguage(lang)' and (text() = '
            NL   
        ' or . = '
            NL   
        ')]) = count(//a[@ng-click = 'changeLanguageVm.switchPageToLanguage(lang)' and (text() = '
            NL   
        ' or . = '
            NL   
        ')])]' not found

2018-09-04 10:05:03 - [TEST_STEP][PASSED] - Statement - verify_NL_link = com.kms.katalon.core.webui.keyword.WebUiBuiltInKeywords.verifyElementClickable(com.kms.katalon.core.testobject.ObjectRepository.findTestObject(Change language link Obj/NL_language)): Object 'Object Repository/Change language link Obj/NL_language' is clickable

2018-09-04 10:05:17 - [MESSAGE][PASSED] - Object 'Object Repository/Change language link Obj/NL_language' is clickable

2018-09-04 10:05:17 - [TEST_STEP][PASSED] - Statement - If (verify_NL_link.equals(true)): NL link is clickable !

2018-09-04 10:05:17 - [TEST_STEP][PASSED] - Statement - com.kms.katalon.core.util.KeywordUtil.markPassed("NL link is clickable !"): NL link is clickable !

2018-09-04 10:05:17 - [MESSAGE][PASSED] - NL link is clickable !

2018-09-04 10:05:17 - [TEST_STEP][PASSED] - click: Object: 'Object Repository/Change language link Obj/NL_language' is clicked on

2018-09-04 10:05:30 - [MESSAGE][PASSED] - Object: 'Object Repository/Change language link Obj/NL_language' is clicked on

2018-09-04 10:05:30 - [TEST_STEP][PASSED] - waitForPageLoad: Wait for page load successfully

2018-09-04 10:05:30 - [MESSAGE][PASSED] - Wait for page load successfully

2018-09-04 10:05:30 - [MESSAGE][PASSED] - Call Test Case 'Test Cases/Sub Script/Select Language/TC1 Verify NL language' successfully

2018-09-04 10:05:30 - [TEST_STEP][PASSED] - callTestCase: Call Test Case 'Test Cases/Sub Script/Navigation_Menu/Menu_Mes_rapports/Main_Content/TC Input text in search textfield' successfully

2018-09-04 10:05:30 - [TEST_CASE][PASSED] - Test Cases/Sub Script/Navigation_Menu/Menu_Mes_rapports/Main_Content/TC Input text in search textfield: Test Cases/Sub Script/Navigation_Menu/Menu_Mes_rapports/Main_Content/TC Input text in search textfield

2018-09-04 10:05:30 - [TEST_STEP][PASSED] - Statement - excelData = com.kms.katalon.core.testdata.TestDataFactory.findTestData(Data Files/Data/TestData): Reading excel file with source file 'C:\Users\seeboruts\OneDrive - SD Worx\Desktop\Test_Data_Reg.xlsx' and sheet name 'TEST DATA'

2018-09-04 10:05:30 - [TEST_STEP][PASSED] - Statement - rowNo = java.lang.Integer.parseInt(currentTestCaseId): null

2018-09-04 10:05:30 - [TEST_STEP][PASSED] - Statement - If (excelData.getValue(3, rowNo) != ""): Text 'REG HIST GROEP' is set on object 'Object Repository/Mes rapports Obj/input search filter'

2018-09-04 10:05:30 - [TEST_STEP][PASSED] - setText: Text 'REG HIST GROEP' is set on object 'Object Repository/Mes rapports Obj/input search filter'

2018-09-04 10:05:33 - [MESSAGE][PASSED] - Text 'REG HIST GROEP' is set on object 'Object Repository/Mes rapports Obj/input search filter'

2018-09-04 10:05:33 - [MESSAGE][PASSED] - Call Test Case 'Test Cases/Sub Script/Navigation_Menu/Menu_Mes_rapports/Main_Content/TC Input text in search textfield' successfully

2018-09-04 10:05:33 - [TEST_STEP][PASSED] - callTestCase: Call Test Case 'Test Cases/Sub Script/Navigation_Menu/Menu_Mes_rapports/Main_Content/TC VErify Search icon' successfully

2018-09-04 10:05:34 - [TEST_CASE][PASSED] - Test Cases/Sub Script/Navigation_Menu/Menu_Mes_rapports/Main_Content/TC VErify Search icon: Test Cases/Sub Script/Navigation_Menu/Menu_Mes_rapports/Main_Content/TC VErify Search icon

2018-09-04 10:05:34 - [TEST_STEP][PASSED] - click: Object: 'Object Repository/Page_eBlox Reporting/Search_Icon' is clicked on

2018-09-04 10:05:34 - [MESSAGE][PASSED] - Object: 'Object Repository/Page_eBlox Reporting/Search_Icon' is clicked on

2018-09-04 10:05:34 - [TEST_STEP][PASSED] - waitForPageLoad: Wait for page load successfully

2018-09-04 10:05:34 - [MESSAGE][PASSED] - Wait for page load successfully

2018-09-04 10:05:34 - [MESSAGE][PASSED] - Call Test Case 'Test Cases/Sub Script/Navigation_Menu/Menu_Mes_rapports/Main_Content/TC VErify Search icon' successfully

2018-09-04 10:05:34 - [TEST_STEP][PASSED] - callTestCase: Call Test Case 'Test Cases/Sub Script/Navigation_Menu/Menu_Mes_rapports/Main_Content/TC Select report name' successfully

2018-09-04 10:05:34 - [TEST_CASE][PASSED] - Test Cases/Sub Script/Navigation_Menu/Menu_Mes_rapports/Main_Content/TC Select report name: Test Cases/Sub Script/Navigation_Menu/Menu_Mes_rapports/Main_Content/TC Select report name

2018-09-04 10:05:34 - [TEST_STEP][PASSED] - Statement - excelData = com.kms.katalon.core.testdata.TestDataFactory.findTestData(Data Files/Data/TestData): Reading excel file with source file 'C:\Users\seeboruts\OneDrive - SD Worx\Desktop\Test_Data_Reg.xlsx' and sheet name 'TEST DATA'

2018-09-04 10:05:34 - [TEST_STEP][PASSED] - Statement - rowNo = java.lang.Integer.parseInt(currentTestCaseId): null

2018-09-04 10:05:34 - [TEST_STEP][PASSED] - Statement - If (excelData.getValue(3, rowNo) != ""): Wait for page load successfully

2018-09-04 10:05:34 - [TEST_STEP][PASSED] - setText: Text 'REG HIST GROEP' is set on object 'Object Repository/Mes rapports Obj/input search filter'

2018-09-04 10:05:34 - [MESSAGE][PASSED] - Text 'REG HIST GROEP' is set on object 'Object Repository/Mes rapports Obj/input search filter'

2018-09-04 10:05:34 - [TEST_STEP][PASSED] - Statement - myTestObject = new com.kms.katalon.core.testobject.TestObject(Select_report_name): null

2018-09-04 10:05:34 - [TEST_STEP][PASSED] - Statement - myTestObject.addProperty("xpath", EQUALS, "//a[@class='hide-on-hover']//span[@text='" + excelData.getValue(3, rowNo) + "']"): null

2018-09-04 10:05:34 - [TEST_STEP][PASSED] - click: Object: 'Select_report_name' is clicked on

2018-09-04 10:05:35 - [MESSAGE][PASSED] - Object: 'Select_report_name' is clicked on

2018-09-04 10:05:35 - [TEST_STEP][PASSED] - waitForPageLoad: Wait for page load successfully

2018-09-04 10:05:35 - [MESSAGE][PASSED] - Wait for page load successfully

2018-09-04 10:05:35 - [TEST_STEP][PASSED] - delay: Delayed 2 second(s)

2018-09-04 10:05:37 - [MESSAGE][PASSED] - Delayed 2 second(s)

2018-09-04 10:05:37 - [MESSAGE][PASSED] - Call Test Case 'Test Cases/Sub Script/Navigation_Menu/Menu_Mes_rapports/Main_Content/TC Select report name' successfully

2018-09-04 10:05:37 - [TEST_STEP][PASSED] - callTestCase: Call Test Case 'Test Cases/Sub Script/Navigation_Menu/Menu_Mes_rapports/Nouveau_Rapport/Mes rapports - EXECUTION/Valeurs a indiquer/TC Click on donnees calculees' successfully

2018-09-04 10:05:37 - [TEST_CASE][PASSED] - Test Cases/Sub Script/Navigation_Menu/Menu_Mes_rapports/Nouveau_Rapport/Mes rapports - EXECUTION/Valeurs a indiquer/TC Click on donnees calculees: Test Cases/Sub Script/Navigation_Menu/Menu_Mes_rapports/Nouveau_Rapport/Mes rapports - EXECUTION/Valeurs a indiquer/TC Click on donnees calculees

2018-09-04 10:05:37 - [TEST_STEP][PASSED] - Statement - inputDossier = com.kms.katalon.core.webui.keyword.WebUiBuiltInKeywords.modifyObjectProperty(com.kms.katalon.core.testobject.ObjectRepository.findTestObject(Mes rapports Obj/EXECUTION/Donnees calculees - Le code salarial apparait dans), "id", "contains", "s2id_autogen", true): Modify property of object successfully

2018-09-04 10:05:37 - [MESSAGE][PASSED] - Modify property of object successfully

2018-09-04 10:05:37 - [TEST_STEP][PASSED] - click: Object: 'Object Repository/Mes rapports Obj/EXECUTION/Donnees calculees - Le code salarial apparait dans' is clicked on

2018-09-04 10:05:39 - [MESSAGE][PASSED] - Object: 'Object Repository/Mes rapports Obj/EXECUTION/Donnees calculees - Le code salarial apparait dans' is clicked on

2018-09-04 10:05:39 - [MESSAGE][PASSED] - Call Test Case 'Test Cases/Sub Script/Navigation_Menu/Menu_Mes_rapports/Nouveau_Rapport/Mes rapports - EXECUTION/Valeurs a indiquer/TC Click on donnees calculees' successfully

2018-09-04 10:05:39 - [TEST_STEP][FAILED] - callTestCase: Unable to call Test Case with id 'Test Cases/Sub Script/Navigation_Menu/Menu_Mes_rapports/Nouveau_Rapport/Mes rapports - EXECUTION/Valeurs a indiquer/TC Select Donnees calculees type' (Root cause: Call Test Case 'Test Cases/Sub Script/Navigation_Menu/Menu_Mes_rapports/Nouveau_Rapport/Mes rapports - EXECUTION/Valeurs a indiquer/TC Select Donnees calculees type' failed)

2018-09-04 10:05:40 - [TEST_CASE][FAILED] - Test Cases/Sub Script/Navigation_Menu/Menu_Mes_rapports/Nouveau_Rapport/Mes rapports - EXECUTION/Valeurs a indiquer/TC Select Donnees calculees type: Test Cases/Sub Script/Navigation_Menu/Menu_Mes_rapports/Nouveau_Rapport/Mes rapports - EXECUTION/Valeurs a indiquer/TC Select Donnees calculees type FAILED because (of) Unable to click on object 'Select_donnee' (Root cause: org.openqa.selenium.InvalidSelectorException: invalid selector: Unable to locate an element with the xpath expression '//div[@id='select2-drop']//ul[@class='select2-results']//li[@role='presentation']//div[contains(text(),'(alle looncodes)')] because of the following error:
SyntaxError: Failed to execute 'evaluate' on 'Document': The string ''//div[@id='select2-drop']//ul[@class='select2-results']//li[@role='presentation']//div[contains(text(),'(alle looncodes)')]' is not a valid XPath expression.
  (Session info: chrome=68.0.3440.106)
  (Driver info: chromedriver=2.35.528161 (5b82f2d2aae0ca24b877009200ced9065a772e73),platform=Windows NT 10.0.16299 x86_64) (WARNING: The server did not provide any stacktrace information)
Command duration or timeout: 0 milliseconds
For documentation on this error, please visit: http://seleniumhq.org/exceptions/invalid_selector_exception.html
Build info: version: '3.7.1', revision: '8a0099a', time: '2017-11-06T21:07:36.161Z'
System info: host: '5CG7062KWD', ip: '10.136.82.135', os.name: 'Windows 10', os.arch: 'amd64', os.version: '10.0', java.version: '1.8.0_181'
Driver info: com.kms.katalon.selenium.driver.CChromeDriver
Capabilities {acceptInsecureCerts: false, acceptSslCerts: false, applicationCacheEnabled: false, browserConnectionEnabled: false, browserName: chrome, chrome: {chromedriverVersion: 2.35.528161 (5b82f2d2aae0ca..., userDataDir: C:\Users\SEEBOR~1\AppData\L...}, cssSelectorsEnabled: true, databaseEnabled: false, handlesAlerts: true, hasTouchScreen: false, javascriptEnabled: true, locationContextEnabled: true, mobileEmulationEnabled: false, nativeEvents: true, networkConnectionEnabled: false, pageLoadStrategy: normal, platform: XP, platformName: XP, rotatable: false, setWindowRect: true, takesHeapSnapshot: true, takesScreenshot: true, unexpectedAlertBehaviour: , unhandledPromptBehavior: , version: 68.0.3440.106, webStorageEnabled: true}
Session ID: 5e2a3f73c9b957f09579619ffd2aa041
*** Element info: {Using=xpath, value='//div[@id='select2-drop']//ul[@class='select2-results']//li[@role='presentation']//div[contains(text(),'(alle looncodes)')]})

2018-09-04 10:05:40 - [TEST_STEP][PASSED] - Statement - excelData = com.kms.katalon.core.testdata.TestDataFactory.findTestData(Data Files/Data/TestData): Reading excel file with source file 'C:\Users\seeboruts\OneDrive - SD Worx\Desktop\Test_Data_Reg.xlsx' and sheet name 'TEST DATA'

2018-09-04 10:05:40 - [TEST_STEP][PASSED] - Statement - rowNo = java.lang.Integer.parseInt(currentTestCaseId): null

2018-09-04 10:05:40 - [TEST_STEP][FAILED] - Statement - For ([i = 47, i <= 51, (i++)]): Unable to click on object 'Select_donnee' (Root cause: org.openqa.selenium.InvalidSelectorException: invalid selector: Unable to locate an element with the xpath expression '//div[@id='select2-drop']//ul[@class='select2-results']//li[@role='presentation']//div[contains(text(),'(alle looncodes)')] because of the following error:
SyntaxError: Failed to execute 'evaluate' on 'Document': The string ''//div[@id='select2-drop']//ul[@class='select2-results']//li[@role='presentation']//div[contains(text(),'(alle looncodes)')]' is not a valid XPath expression.
  (Session info: chrome=68.0.3440.106)
  (Driver info: chromedriver=2.35.528161 (5b82f2d2aae0ca24b877009200ced9065a772e73),platform=Windows NT 10.0.16299 x86_64) (WARNING: The server did not provide any stacktrace information)
Command duration or timeout: 0 milliseconds
For documentation on this error, please visit: http://seleniumhq.org/exceptions/invalid_selector_exception.html
Build info: version: '3.7.1', revision: '8a0099a', time: '2017-11-06T21:07:36.161Z'
System info: host: '5CG7062KWD', ip: '10.136.82.135', os.name: 'Windows 10', os.arch: 'amd64', os.version: '10.0', java.version: '1.8.0_181'
Driver info: com.kms.katalon.selenium.driver.CChromeDriver
Capabilities {acceptInsecureCerts: false, acceptSslCerts: false, applicationCacheEnabled: false, browserConnectionEnabled: false, browserName: chrome, chrome: {chromedriverVersion: 2.35.528161 (5b82f2d2aae0ca..., userDataDir: C:\Users\SEEBOR~1\AppData\L...}, cssSelectorsEnabled: true, databaseEnabled: false, handlesAlerts: true, hasTouchScreen: false, javascriptEnabled: true, locationContextEnabled: true, mobileEmulationEnabled: false, nativeEvents: true, networkConnectionEnabled: false, pageLoadStrategy: normal, platform: XP, platformName: XP, rotatable: false, setWindowRect: true, takesHeapSnapshot: true, takesScreenshot: true, unexpectedAlertBehaviour: , unhandledPromptBehavior: , version: 68.0.3440.106, webStorageEnabled: true}
Session ID: 5e2a3f73c9b957f09579619ffd2aa041
*** Element info: {Using=xpath, value='//div[@id='select2-drop']//ul[@class='select2-results']//li[@role='presentation']//div[contains(text(),'(alle looncodes)')]})

2018-09-04 10:05:40 - [TEST_STEP][FAILED] - Statement - If (excelData.getValue(i, rowNo) != ""): Unable to click on object 'Select_donnee' (Root cause: org.openqa.selenium.InvalidSelectorException: invalid selector: Unable to locate an element with the xpath expression '//div[@id='select2-drop']//ul[@class='select2-results']//li[@role='presentation']//div[contains(text(),'(alle looncodes)')] because of the following error:
SyntaxError: Failed to execute 'evaluate' on 'Document': The string ''//div[@id='select2-drop']//ul[@class='select2-results']//li[@role='presentation']//div[contains(text(),'(alle looncodes)')]' is not a valid XPath expression.
  (Session info: chrome=68.0.3440.106)
  (Driver info: chromedriver=2.35.528161 (5b82f2d2aae0ca24b877009200ced9065a772e73),platform=Windows NT 10.0.16299 x86_64) (WARNING: The server did not provide any stacktrace information)
Command duration or timeout: 0 milliseconds
For documentation on this error, please visit: http://seleniumhq.org/exceptions/invalid_selector_exception.html
Build info: version: '3.7.1', revision: '8a0099a', time: '2017-11-06T21:07:36.161Z'
System info: host: '5CG7062KWD', ip: '10.136.82.135', os.name: 'Windows 10', os.arch: 'amd64', os.version: '10.0', java.version: '1.8.0_181'
Driver info: com.kms.katalon.selenium.driver.CChromeDriver
Capabilities {acceptInsecureCerts: false, acceptSslCerts: false, applicationCacheEnabled: false, browserConnectionEnabled: false, browserName: chrome, chrome: {chromedriverVersion: 2.35.528161 (5b82f2d2aae0ca..., userDataDir: C:\Users\SEEBOR~1\AppData\L...}, cssSelectorsEnabled: true, databaseEnabled: false, handlesAlerts: true, hasTouchScreen: false, javascriptEnabled: true, locationContextEnabled: true, mobileEmulationEnabled: false, nativeEvents: true, networkConnectionEnabled: false, pageLoadStrategy: normal, platform: XP, platformName: XP, rotatable: false, setWindowRect: true, takesHeapSnapshot: true, takesScreenshot: true, unexpectedAlertBehaviour: , unhandledPromptBehavior: , version: 68.0.3440.106, webStorageEnabled: true}
Session ID: 5e2a3f73c9b957f09579619ffd2aa041
*** Element info: {Using=xpath, value='//div[@id='select2-drop']//ul[@class='select2-results']//li[@role='presentation']//div[contains(text(),'(alle looncodes)')]})

2018-09-04 10:05:40 - [TEST_STEP][PASSED] - Statement - myDonneeCalculees = new com.kms.katalon.core.testobject.TestObject(Select_donnee): null

2018-09-04 10:05:40 - [TEST_STEP][PASSED] - Statement - myDonneeCalculees.addProperty("xpath", EQUALS, "'//div[@id='select2-drop']//ul[@class='select2-results']//li[@role='presentation']//div[contains(text(),'" + excelData.getValue(i, rowNo) + "')]"): null

2018-09-04 10:05:40 - [TEST_STEP][FAILED] - click: Unable to click on object 'Select_donnee' (Root cause: org.openqa.selenium.InvalidSelectorException: invalid selector: Unable to locate an element with the xpath expression '//div[@id='select2-drop']//ul[@class='select2-results']//li[@role='presentation']//div[contains(text(),'(alle looncodes)')] because of the following error:
SyntaxError: Failed to execute 'evaluate' on 'Document': The string ''//div[@id='select2-drop']//ul[@class='select2-results']//li[@role='presentation']//div[contains(text(),'(alle looncodes)')]' is not a valid XPath expression.
  (Session info: chrome=68.0.3440.106)
  (Driver info: chromedriver=2.35.528161 (5b82f2d2aae0ca24b877009200ced9065a772e73),platform=Windows NT 10.0.16299 x86_64) (WARNING: The server did not provide any stacktrace information)
Command duration or timeout: 0 milliseconds
For documentation on this error, please visit: http://seleniumhq.org/exceptions/invalid_selector_exception.html
Build info: version: '3.7.1', revision: '8a0099a', time: '2017-11-06T21:07:36.161Z'
System info: host: '5CG7062KWD', ip: '10.136.82.135', os.name: 'Windows 10', os.arch: 'amd64', os.version: '10.0', java.version: '1.8.0_181'
Driver info: com.kms.katalon.selenium.driver.CChromeDriver
Capabilities {acceptInsecureCerts: false, acceptSslCerts: false, applicationCacheEnabled: false, browserConnectionEnabled: false, browserName: chrome, chrome: {chromedriverVersion: 2.35.528161 (5b82f2d2aae0ca..., userDataDir: C:\Users\SEEBOR~1\AppData\L...}, cssSelectorsEnabled: true, databaseEnabled: false, handlesAlerts: true, hasTouchScreen: false, javascriptEnabled: true, locationContextEnabled: true, mobileEmulationEnabled: false, nativeEvents: true, networkConnectionEnabled: false, pageLoadStrategy: normal, platform: XP, platformName: XP, rotatable: false, setWindowRect: true, takesHeapSnapshot: true, takesScreenshot: true, unexpectedAlertBehaviour: , unhandledPromptBehavior: , version: 68.0.3440.106, webStorageEnabled: true}
Session ID: 5e2a3f73c9b957f09579619ffd2aa041
*** Element info: {Using=xpath, value='//div[@id='select2-drop']//ul[@class='select2-results']//li[@role='presentation']//div[contains(text(),'(alle looncodes)')]})

2018-09-04 10:06:11 - [MESSAGE][FAILED] - Unable to click on object 'Select_donnee' (Root cause: org.openqa.selenium.InvalidSelectorException: invalid selector: Unable to locate an element with the xpath expression '//div[@id='select2-drop']//ul[@class='select2-results']//li[@role='presentation']//div[contains(text(),'(alle looncodes)')] because of the following error:
SyntaxError: Failed to execute 'evaluate' on 'Document': The string ''//div[@id='select2-drop']//ul[@class='select2-results']//li[@role='presentation']//div[contains(text(),'(alle looncodes)')]' is not a valid XPath expression.
  (Session info: chrome=68.0.3440.106)
  (Driver info: chromedriver=2.35.528161 (5b82f2d2aae0ca24b877009200ced9065a772e73),platform=Windows NT 10.0.16299 x86_64) (WARNING: The server did not provide any stacktrace information)
Command duration or timeout: 0 milliseconds
For documentation on this error, please visit: http://seleniumhq.org/exceptions/invalid_selector_exception.html
Build info: version: '3.7.1', revision: '8a0099a', time: '2017-11-06T21:07:36.161Z'
System info: host: '5CG7062KWD', ip: '10.136.82.135', os.name: 'Windows 10', os.arch: 'amd64', os.version: '10.0', java.version: '1.8.0_181'
Driver info: com.kms.katalon.selenium.driver.CChromeDriver
Capabilities {acceptInsecureCerts: false, acceptSslCerts: false, applicationCacheEnabled: false, browserConnectionEnabled: false, browserName: chrome, chrome: {chromedriverVersion: 2.35.528161 (5b82f2d2aae0ca..., userDataDir: C:\Users\SEEBOR~1\AppData\L...}, cssSelectorsEnabled: true, databaseEnabled: false, handlesAlerts: true, hasTouchScreen: false, javascriptEnabled: true, locationContextEnabled: true, mobileEmulationEnabled: false, nativeEvents: true, networkConnectionEnabled: false, pageLoadStrategy: normal, platform: XP, platformName: XP, rotatable: false, setWindowRect: true, takesHeapSnapshot: true, takesScreenshot: true, unexpectedAlertBehaviour: , unhandledPromptBehavior: , version: 68.0.3440.106, webStorageEnabled: true}
Session ID: 5e2a3f73c9b957f09579619ffd2aa041
*** Element info: {Using=xpath, value='//div[@id='select2-drop']//ul[@class='select2-results']//li[@role='presentation']//div[contains(text(),'(alle looncodes)')]})
[[ATTACHMENT|C:\\Users\\seeboruts\\OneDrive - SD Worx\\Desktop\\Katalon_eBlox_Reporting\\Reports\\testing\\Demo\\20180904_094517\\1536041171231.png]]

2018-09-04 10:06:11 - [MESSAGE][FAILED] - Unable to call Test Case with id 'Test Cases/Sub Script/Navigation_Menu/Menu_Mes_rapports/Nouveau_Rapport/Mes rapports - EXECUTION/Valeurs a indiquer/TC Select Donnees calculees type' (Root cause: Call Test Case 'Test Cases/Sub Script/Navigation_Menu/Menu_Mes_rapports/Nouveau_Rapport/Mes rapports - EXECUTION/Valeurs a indiquer/TC Select Donnees calculees type' failed)]]></system-out>
         <system-err><![CDATA[2018-09-04 10:03:37 - [TEST_CASE][FAILED] - Test Cases/Main Script/TC16 HISTORIC WITHOUT: Test Cases/Main Script/TC16 HISTORIC WITHOUT FAILED because (of) Unable to click on object 'Select_donnee' (Root cause: org.openqa.selenium.InvalidSelectorException: invalid selector: Unable to locate an element with the xpath expression '//div[@id='select2-drop']//ul[@class='select2-results']//li[@role='presentation']//div[contains(text(),'(alle looncodes)')] because of the following error:
SyntaxError: Failed to execute 'evaluate' on 'Document': The string ''//div[@id='select2-drop']//ul[@class='select2-results']//li[@role='presentation']//div[contains(text(),'(alle looncodes)')]' is not a valid XPath expression.
  (Session info: chrome=68.0.3440.106)
  (Driver info: chromedriver=2.35.528161 (5b82f2d2aae0ca24b877009200ced9065a772e73),platform=Windows NT 10.0.16299 x86_64) (WARNING: The server did not provide any stacktrace information)
Command duration or timeout: 0 milliseconds
For documentation on this error, please visit: http://seleniumhq.org/exceptions/invalid_selector_exception.html
Build info: version: '3.7.1', revision: '8a0099a', time: '2017-11-06T21:07:36.161Z'
System info: host: '5CG7062KWD', ip: '10.136.82.135', os.name: 'Windows 10', os.arch: 'amd64', os.version: '10.0', java.version: '1.8.0_181'
Driver info: com.kms.katalon.selenium.driver.CChromeDriver
Capabilities {acceptInsecureCerts: false, acceptSslCerts: false, applicationCacheEnabled: false, browserConnectionEnabled: false, browserName: chrome, chrome: {chromedriverVersion: 2.35.528161 (5b82f2d2aae0ca..., userDataDir: C:\Users\SEEBOR~1\AppData\L...}, cssSelectorsEnabled: true, databaseEnabled: false, handlesAlerts: true, hasTouchScreen: false, javascriptEnabled: true, locationContextEnabled: true, mobileEmulationEnabled: false, nativeEvents: true, networkConnectionEnabled: false, pageLoadStrategy: normal, platform: XP, platformName: XP, rotatable: false, setWindowRect: true, takesHeapSnapshot: true, takesScreenshot: true, unexpectedAlertBehaviour: , unhandledPromptBehavior: , version: 68.0.3440.106, webStorageEnabled: true}
Session ID: 5e2a3f73c9b957f09579619ffd2aa041
*** Element info: {Using=xpath, value='//div[@id='select2-drop']//ul[@class='select2-results']//li[@role='presentation']//div[contains(text(),'(alle looncodes)')]})]]></system-err>
      </testcase>
      <testcase name="Test Cases/Main Script/TC17 ARGUMENT AGE" classname="Test Cases/Main Script/TC17 ARGUMENT AGE" status="FAILED">
         <failure type="FAILED" message="Unable to click on object 'Select_historic_date' (Root cause: org.openqa.selenium.ElementNotVisibleException: element not visible
  (Session info: chrome=68.0.3440.106)
  (Driver info: chromedriver=2.35.528161 (5b82f2d2aae0ca24b877009200ced9065a772e73),platform=Windows NT 10.0.16299 x86_64) (WARNING: The server did not provide any stacktrace information)
Command duration or timeout: 0 milliseconds
Build info: version: '3.7.1', revision: '8a0099a', time: '2017-11-06T21:07:36.161Z'
System info: host: '5CG7062KWD', ip: '10.136.82.135', os.name: 'Windows 10', os.arch: 'amd64', os.version: '10.0', java.version: '1.8.0_181'
Driver info: com.kms.katalon.selenium.driver.CChromeDriver
Capabilities {acceptInsecureCerts: false, acceptSslCerts: false, applicationCacheEnabled: false, browserConnectionEnabled: false, browserName: chrome, chrome: {chromedriverVersion: 2.35.528161 (5b82f2d2aae0ca..., userDataDir: C:\Users\SEEBOR~1\AppData\L...}, cssSelectorsEnabled: true, databaseEnabled: false, handlesAlerts: true, hasTouchScreen: false, javascriptEnabled: true, locationContextEnabled: true, mobileEmulationEnabled: false, nativeEvents: true, networkConnectionEnabled: false, pageLoadStrategy: normal, platform: XP, platformName: XP, rotatable: false, setWindowRect: true, takesHeapSnapshot: true, takesScreenshot: true, unexpectedAlertBehaviour: , unhandledPromptBehavior: , version: 68.0.3440.106, webStorageEnabled: true}
Session ID: 4c8a0d964126fb63f0be1b08cbebf99b)"/>
         <system-out><![CDATA[2018-09-04 10:06:11 - [TEST_CASE][FAILED] - Test Cases/Main Script/TC17 ARGUMENT AGE: Test Cases/Main Script/TC17 ARGUMENT AGE FAILED because (of) Unable to click on object 'Select_historic_date' (Root cause: org.openqa.selenium.ElementNotVisibleException: element not visible
  (Session info: chrome=68.0.3440.106)
  (Driver info: chromedriver=2.35.528161 (5b82f2d2aae0ca24b877009200ced9065a772e73),platform=Windows NT 10.0.16299 x86_64) (WARNING: The server did not provide any stacktrace information)
Command duration or timeout: 0 milliseconds
Build info: version: '3.7.1', revision: '8a0099a', time: '2017-11-06T21:07:36.161Z'
System info: host: '5CG7062KWD', ip: '10.136.82.135', os.name: 'Windows 10', os.arch: 'amd64', os.version: '10.0', java.version: '1.8.0_181'
Driver info: com.kms.katalon.selenium.driver.CChromeDriver
Capabilities {acceptInsecureCerts: false, acceptSslCerts: false, applicationCacheEnabled: false, browserConnectionEnabled: false, browserName: chrome, chrome: {chromedriverVersion: 2.35.528161 (5b82f2d2aae0ca..., userDataDir: C:\Users\SEEBOR~1\AppData\L...}, cssSelectorsEnabled: true, databaseEnabled: false, handlesAlerts: true, hasTouchScreen: false, javascriptEnabled: true, locationContextEnabled: true, mobileEmulationEnabled: false, nativeEvents: true, networkConnectionEnabled: false, pageLoadStrategy: normal, platform: XP, platformName: XP, rotatable: false, setWindowRect: true, takesHeapSnapshot: true, takesScreenshot: true, unexpectedAlertBehaviour: , unhandledPromptBehavior: , version: 68.0.3440.106, webStorageEnabled: true}
Session ID: 4c8a0d964126fb63f0be1b08cbebf99b)

2018-09-04 10:06:11 - [TEST_STEP][PASSED] - Start listener action : sampleBeforeTestCase: Invoke 'com.kms.katalon.core.annotation.BeforeTestCase' method: 'NewTestListener.sampleBeforeTestCase(...)' completed.

2018-09-04 10:06:11 - [TEST_STEP][PASSED] - Statement - println(testCaseContext.getTextCaseId()=$testCaseContext.getTestCaseId()): null

2018-09-04 10:06:11 - [TEST_STEP][PASSED] - Statement - currentTestCaseId = testCaseContext.getTestCaseId(): Invoke 'com.kms.katalon.core.annotation.BeforeTestCase' method: 'NewTestListener.sampleBeforeTestCase(...)' completed.

2018-09-04 10:06:11 - [TEST_STEP][PASSED] - verify_Test_Case_Number.getTestCaseNumber.getTCNo: verify_Test_Case_Number.getTestCaseNumber.getTCNo is PASSED

2018-09-04 10:06:11 - [MESSAGE][PASSED] - verify_Test_Case_Number.getTestCaseNumber.getTCNo is PASSED

2018-09-04 10:06:11 - [TEST_STEP][PASSED] - callTestCase: Call Test Case 'Test Cases/Login/TC1 Login to Mysdworx' successfully

2018-09-04 10:06:11 - [TEST_CASE][PASSED] - Test Cases/Login/TC1 Login to Mysdworx: Test Cases/Login/TC1 Login to Mysdworx

2018-09-04 10:06:11 - [TEST_STEP][PASSED] - openBrowser: Browser is opened with url: ''

2018-09-04 10:06:11 - [MESSAGE][WARNING] - A browser is already opened. Closing browser and opening a new one

2018-09-04 10:06:14 - [MESSAGE][PASSED] - Browser is opened with url: ''

2018-09-04 10:06:14 - [TEST_STEP][PASSED] - navigateToUrl: Navigate to 'https://internet.acc.sd.dika.be/ebloxreporting/web.sensitive/main/?lang=fr' successfully

2018-09-04 10:06:19 - [MESSAGE][PASSED] - Navigate to 'https://internet.acc.sd.dika.be/ebloxreporting/web.sensitive/main/?lang=fr' successfully

2018-09-04 10:06:19 - [TEST_STEP][PASSED] - maximizeWindow: Current window maximized

2018-09-04 10:06:20 - [MESSAGE][PASSED] - Current window maximized

2018-09-04 10:06:20 - [TEST_STEP][PASSED] - setText: Text 'DP_EBLOX_RPP_VASCO' is set on object 'Object Repository/Page_mysdworx - Log in/input_Username'

2018-09-04 10:06:30 - [MESSAGE][PASSED] - Text 'DP_EBLOX_RPP_VASCO' is set on object 'Object Repository/Page_mysdworx - Log in/input_Username'

2018-09-04 10:06:30 - [TEST_STEP][PASSED] - Statement - frame = new javax.swing.JFrame(User Input Frame): null

2018-09-04 10:06:30 - [TEST_STEP][PASSED] - Statement - frame.requestFocus(): null

2018-09-04 10:06:30 - [TEST_STEP][PASSED] - Statement - pass = javax.swing.JOptionPane.showInputDialog(frame, "Enter the password from token!!"): null

2018-09-04 10:06:32 - [TEST_STEP][PASSED] - delay: Delayed 2 second(s)

2018-09-04 10:06:34 - [MESSAGE][PASSED] - Delayed 2 second(s)

2018-09-04 10:06:34 - [TEST_STEP][PASSED] - setText: Text '753862' is set on object 'Object Repository/Page_mysdworx - Log in/input_Password'

2018-09-04 10:06:34 - [MESSAGE][PASSED] - Text '753862' is set on object 'Object Repository/Page_mysdworx - Log in/input_Password'

2018-09-04 10:06:34 - [TEST_STEP][PASSED] - click: Object: 'Object Repository/Page_mysdworx - Log in/button_Se connecter' is clicked on

2018-09-04 10:06:34 - [MESSAGE][PASSED] - Object: 'Object Repository/Page_mysdworx - Log in/button_Se connecter' is clicked on

2018-09-04 10:06:34 - [TEST_STEP][PASSED] - waitForPageLoad: Wait for page load successfully

2018-09-04 10:06:34 - [MESSAGE][PASSED] - Wait for page load successfully

2018-09-04 10:06:34 - [TEST_STEP][NOT_RUN] - closeBrowser: NOT_RUN: closeBrowser

2018-09-04 10:06:34 - [MESSAGE][NOT_RUN] - NOT_RUN: closeBrowser

2018-09-04 10:06:34 - [MESSAGE][PASSED] - Call Test Case 'Test Cases/Login/TC1 Login to Mysdworx' successfully

2018-09-04 10:06:34 - [TEST_STEP][PASSED] - callTestCase: Call Test Case 'Test Cases/Sub Script/Select Language/TC1 Verify NL language' successfully

2018-09-04 10:06:34 - [TEST_CASE][PASSED] - Test Cases/Sub Script/Select Language/TC1 Verify NL language: Test Cases/Sub Script/Select Language/TC1 Verify NL language

2018-09-04 10:06:34 - [TEST_STEP][PASSED] - waitForElementClickable: Web element with id: 'Object Repository/Change language link Obj/NL_language' located by 'By.xpath: id("navbar-anchor")/div[@class="nav nav-navbar"]/div[@class="user-info navbar-right hidden-xs"]/div[@class="user-actions"]/rapp-language-switcher[@class="ng-isolate-scope"]/ul[@class="list-inline list-unstyled lang"]/li[@class="ng-scope"]/a[@class="ng-binding"][count(. | //a[@ng-click = 'changeLanguageVm.switchPageToLanguage(lang)' and (text() = '
            NL   
        ' or . = '
            NL   
        ')]) = count(//a[@ng-click = 'changeLanguageVm.switchPageToLanguage(lang)' and (text() = '
            NL   
        ' or . = '
            NL   
        ')])]' not found

2018-09-04 10:07:26 - [MESSAGE][WARNING] - Web element with id: 'Object Repository/Change language link Obj/NL_language' located by 'By.xpath: id("navbar-anchor")/div[@class="nav nav-navbar"]/div[@class="user-info navbar-right hidden-xs"]/div[@class="user-actions"]/rapp-language-switcher[@class="ng-isolate-scope"]/ul[@class="list-inline list-unstyled lang"]/li[@class="ng-scope"]/a[@class="ng-binding"][count(. | //a[@ng-click = 'changeLanguageVm.switchPageToLanguage(lang)' and (text() = '
            NL   
        ' or . = '
            NL   
        ')]) = count(//a[@ng-click = 'changeLanguageVm.switchPageToLanguage(lang)' and (text() = '
            NL   
        ' or . = '
            NL   
        ')])]' not found

2018-09-04 10:07:26 - [TEST_STEP][PASSED] - Statement - verify_NL_link = com.kms.katalon.core.webui.keyword.WebUiBuiltInKeywords.verifyElementClickable(com.kms.katalon.core.testobject.ObjectRepository.findTestObject(Change language link Obj/NL_language)): Object 'Object Repository/Change language link Obj/NL_language' is clickable

2018-09-04 10:07:38 - [MESSAGE][PASSED] - Object 'Object Repository/Change language link Obj/NL_language' is clickable

2018-09-04 10:07:38 - [TEST_STEP][PASSED] - Statement - If (verify_NL_link.equals(true)): NL link is clickable !

2018-09-04 10:07:38 - [TEST_STEP][PASSED] - Statement - com.kms.katalon.core.util.KeywordUtil.markPassed("NL link is clickable !"): NL link is clickable !

2018-09-04 10:07:38 - [MESSAGE][PASSED] - NL link is clickable !

2018-09-04 10:07:38 - [TEST_STEP][PASSED] - click: Object: 'Object Repository/Change language link Obj/NL_language' is clicked on

2018-09-04 10:07:50 - [MESSAGE][PASSED] - Object: 'Object Repository/Change language link Obj/NL_language' is clicked on

2018-09-04 10:07:50 - [TEST_STEP][PASSED] - waitForPageLoad: Wait for page load successfully

2018-09-04 10:07:50 - [MESSAGE][PASSED] - Wait for page load successfully

2018-09-04 10:07:50 - [MESSAGE][PASSED] - Call Test Case 'Test Cases/Sub Script/Select Language/TC1 Verify NL language' successfully

2018-09-04 10:07:50 - [TEST_STEP][PASSED] - callTestCase: Call Test Case 'Test Cases/Sub Script/Navigation_Menu/Menu_Mes_rapports/TC Verify Mes rapports tab' successfully

2018-09-04 10:07:51 - [TEST_CASE][PASSED] - Test Cases/Sub Script/Navigation_Menu/Menu_Mes_rapports/TC Verify Mes rapports tab: Test Cases/Sub Script/Navigation_Menu/Menu_Mes_rapports/TC Verify Mes rapports tab

2018-09-04 10:07:51 - [TEST_STEP][PASSED] - click: Object: 'Object Repository/Mes rapports Obj/Mes rapports_tab' is clicked on

2018-09-04 10:07:51 - [MESSAGE][PASSED] - Object: 'Object Repository/Mes rapports Obj/Mes rapports_tab' is clicked on

2018-09-04 10:07:51 - [MESSAGE][PASSED] - Call Test Case 'Test Cases/Sub Script/Navigation_Menu/Menu_Mes_rapports/TC Verify Mes rapports tab' successfully

2018-09-04 10:07:51 - [TEST_STEP][PASSED] - callTestCase: Call Test Case 'Test Cases/Sub Script/Navigation_Menu/Menu_Mes_rapports/Main_Content/TC Input text in search textfield' successfully

2018-09-04 10:07:51 - [TEST_CASE][PASSED] - Test Cases/Sub Script/Navigation_Menu/Menu_Mes_rapports/Main_Content/TC Input text in search textfield: Test Cases/Sub Script/Navigation_Menu/Menu_Mes_rapports/Main_Content/TC Input text in search textfield

2018-09-04 10:07:51 - [TEST_STEP][PASSED] - Statement - excelData = com.kms.katalon.core.testdata.TestDataFactory.findTestData(Data Files/Data/TestData): Reading excel file with source file 'C:\Users\seeboruts\OneDrive - SD Worx\Desktop\Test_Data_Reg.xlsx' and sheet name 'TEST DATA'

2018-09-04 10:07:51 - [TEST_STEP][PASSED] - Statement - rowNo = java.lang.Integer.parseInt(currentTestCaseId): null

2018-09-04 10:07:51 - [TEST_STEP][PASSED] - Statement - If (excelData.getValue(3, rowNo) != ""): Text 'REG LEEFTIJD ARGUMENT' is set on object 'Object Repository/Mes rapports Obj/input search filter'

2018-09-04 10:07:51 - [TEST_STEP][PASSED] - setText: Text 'REG LEEFTIJD ARGUMENT' is set on object 'Object Repository/Mes rapports Obj/input search filter'

2018-09-04 10:07:58 - [MESSAGE][PASSED] - Text 'REG LEEFTIJD ARGUMENT' is set on object 'Object Repository/Mes rapports Obj/input search filter'

2018-09-04 10:07:58 - [MESSAGE][PASSED] - Call Test Case 'Test Cases/Sub Script/Navigation_Menu/Menu_Mes_rapports/Main_Content/TC Input text in search textfield' successfully

2018-09-04 10:07:58 - [TEST_STEP][PASSED] - callTestCase: Call Test Case 'Test Cases/Sub Script/Navigation_Menu/Menu_Mes_rapports/Main_Content/TC VErify Search icon' successfully

2018-09-04 10:07:58 - [TEST_CASE][PASSED] - Test Cases/Sub Script/Navigation_Menu/Menu_Mes_rapports/Main_Content/TC VErify Search icon: Test Cases/Sub Script/Navigation_Menu/Menu_Mes_rapports/Main_Content/TC VErify Search icon

2018-09-04 10:07:58 - [TEST_STEP][PASSED] - click: Object: 'Object Repository/Page_eBlox Reporting/Search_Icon' is clicked on

2018-09-04 10:07:58 - [MESSAGE][PASSED] - Object: 'Object Repository/Page_eBlox Reporting/Search_Icon' is clicked on

2018-09-04 10:07:58 - [TEST_STEP][PASSED] - waitForPageLoad: Wait for page load successfully

2018-09-04 10:07:58 - [MESSAGE][PASSED] - Wait for page load successfully

2018-09-04 10:07:58 - [MESSAGE][PASSED] - Call Test Case 'Test Cases/Sub Script/Navigation_Menu/Menu_Mes_rapports/Main_Content/TC VErify Search icon' successfully

2018-09-04 10:07:58 - [TEST_STEP][PASSED] - callTestCase: Call Test Case 'Test Cases/Sub Script/Navigation_Menu/Menu_Mes_rapports/Main_Content/TC Select report name' successfully

2018-09-04 10:07:58 - [TEST_CASE][PASSED] - Test Cases/Sub Script/Navigation_Menu/Menu_Mes_rapports/Main_Content/TC Select report name: Test Cases/Sub Script/Navigation_Menu/Menu_Mes_rapports/Main_Content/TC Select report name

2018-09-04 10:07:58 - [TEST_STEP][PASSED] - Statement - excelData = com.kms.katalon.core.testdata.TestDataFactory.findTestData(Data Files/Data/TestData): Reading excel file with source file 'C:\Users\seeboruts\OneDrive - SD Worx\Desktop\Test_Data_Reg.xlsx' and sheet name 'TEST DATA'

2018-09-04 10:07:58 - [TEST_STEP][PASSED] - Statement - rowNo = java.lang.Integer.parseInt(currentTestCaseId): null

2018-09-04 10:07:58 - [TEST_STEP][PASSED] - Statement - If (excelData.getValue(3, rowNo) != ""): Wait for page load successfully

2018-09-04 10:07:58 - [TEST_STEP][PASSED] - setText: Text 'REG LEEFTIJD ARGUMENT' is set on object 'Object Repository/Mes rapports Obj/input search filter'

2018-09-04 10:07:59 - [MESSAGE][PASSED] - Text 'REG LEEFTIJD ARGUMENT' is set on object 'Object Repository/Mes rapports Obj/input search filter'

2018-09-04 10:07:59 - [TEST_STEP][PASSED] - Statement - myTestObject = new com.kms.katalon.core.testobject.TestObject(Select_report_name): null

2018-09-04 10:07:59 - [TEST_STEP][PASSED] - Statement - myTestObject.addProperty("xpath", EQUALS, "//a[@class='hide-on-hover']//span[@text='" + excelData.getValue(3, rowNo) + "']"): null

2018-09-04 10:07:59 - [TEST_STEP][PASSED] - click: Object: 'Select_report_name' is clicked on

2018-09-04 10:07:59 - [MESSAGE][PASSED] - Object: 'Select_report_name' is clicked on

2018-09-04 10:07:59 - [TEST_STEP][PASSED] - waitForPageLoad: Wait for page load successfully

2018-09-04 10:07:59 - [MESSAGE][PASSED] - Wait for page load successfully

2018-09-04 10:07:59 - [TEST_STEP][PASSED] - delay: Delayed 2 second(s)

2018-09-04 10:08:01 - [MESSAGE][PASSED] - Delayed 2 second(s)

2018-09-04 10:08:01 - [MESSAGE][PASSED] - Call Test Case 'Test Cases/Sub Script/Navigation_Menu/Menu_Mes_rapports/Main_Content/TC Select report name' successfully

2018-09-04 10:08:01 - [TEST_STEP][PASSED] - callTestCase: Call Test Case 'Test Cases/Sub Script/Navigation_Menu/Menu_Mes_rapports/Nouveau_Rapport/Mes rapports - EXECUTION/Valeurs a indiquer/TC Click on Date de reference historique' successfully

2018-09-04 10:08:01 - [TEST_CASE][PASSED] - Test Cases/Sub Script/Navigation_Menu/Menu_Mes_rapports/Nouveau_Rapport/Mes rapports - EXECUTION/Valeurs a indiquer/TC Click on Date de reference historique: Test Cases/Sub Script/Navigation_Menu/Menu_Mes_rapports/Nouveau_Rapport/Mes rapports - EXECUTION/Valeurs a indiquer/TC Click on Date de reference historique

2018-09-04 10:08:01 - [TEST_STEP][PASSED] - waitForPageLoad: Wait for page load successfully

2018-09-04 10:08:01 - [MESSAGE][PASSED] - Wait for page load successfully

2018-09-04 10:08:01 - [TEST_STEP][PASSED] - waitForElementPresent: Object 'Object Repository/Mes rapports Obj/EXECUTION/Date de reference historique' is present

2018-09-04 10:08:05 - [MESSAGE][PASSED] - Object 'Object Repository/Mes rapports Obj/EXECUTION/Date de reference historique' is present

2018-09-04 10:08:05 - [TEST_STEP][PASSED] - click: Object: 'Object Repository/Mes rapports Obj/EXECUTION/Date de reference historique' is clicked on

2018-09-04 10:08:05 - [MESSAGE][PASSED] - Object: 'Object Repository/Mes rapports Obj/EXECUTION/Date de reference historique' is clicked on

2018-09-04 10:08:05 - [TEST_STEP][PASSED] - delay: Delayed 2 second(s)

2018-09-04 10:08:07 - [MESSAGE][PASSED] - Delayed 2 second(s)

2018-09-04 10:08:07 - [MESSAGE][PASSED] - Call Test Case 'Test Cases/Sub Script/Navigation_Menu/Menu_Mes_rapports/Nouveau_Rapport/Mes rapports - EXECUTION/Valeurs a indiquer/TC Click on Date de reference historique' successfully

2018-09-04 10:08:07 - [TEST_STEP][FAILED] - callTestCase: Unable to call Test Case with id 'Test Cases/Sub Script/Navigation_Menu/Menu_Mes_rapports/Nouveau_Rapport/Mes rapports - EXECUTION/Valeurs a indiquer/TC Select ref date' (Root cause: Call Test Case 'Test Cases/Sub Script/Navigation_Menu/Menu_Mes_rapports/Nouveau_Rapport/Mes rapports - EXECUTION/Valeurs a indiquer/TC Select ref date' failed)

2018-09-04 10:08:07 - [TEST_CASE][FAILED] - Test Cases/Sub Script/Navigation_Menu/Menu_Mes_rapports/Nouveau_Rapport/Mes rapports - EXECUTION/Valeurs a indiquer/TC Select ref date: Test Cases/Sub Script/Navigation_Menu/Menu_Mes_rapports/Nouveau_Rapport/Mes rapports - EXECUTION/Valeurs a indiquer/TC Select ref date FAILED because (of) Unable to click on object 'Select_historic_date' (Root cause: org.openqa.selenium.ElementNotVisibleException: element not visible
  (Session info: chrome=68.0.3440.106)
  (Driver info: chromedriver=2.35.528161 (5b82f2d2aae0ca24b877009200ced9065a772e73),platform=Windows NT 10.0.16299 x86_64) (WARNING: The server did not provide any stacktrace information)
Command duration or timeout: 0 milliseconds
Build info: version: '3.7.1', revision: '8a0099a', time: '2017-11-06T21:07:36.161Z'
System info: host: '5CG7062KWD', ip: '10.136.82.135', os.name: 'Windows 10', os.arch: 'amd64', os.version: '10.0', java.version: '1.8.0_181'
Driver info: com.kms.katalon.selenium.driver.CChromeDriver
Capabilities {acceptInsecureCerts: false, acceptSslCerts: false, applicationCacheEnabled: false, browserConnectionEnabled: false, browserName: chrome, chrome: {chromedriverVersion: 2.35.528161 (5b82f2d2aae0ca..., userDataDir: C:\Users\SEEBOR~1\AppData\L...}, cssSelectorsEnabled: true, databaseEnabled: false, handlesAlerts: true, hasTouchScreen: false, javascriptEnabled: true, locationContextEnabled: true, mobileEmulationEnabled: false, nativeEvents: true, networkConnectionEnabled: false, pageLoadStrategy: normal, platform: XP, platformName: XP, rotatable: false, setWindowRect: true, takesHeapSnapshot: true, takesScreenshot: true, unexpectedAlertBehaviour: , unhandledPromptBehavior: , version: 68.0.3440.106, webStorageEnabled: true}
Session ID: 4c8a0d964126fb63f0be1b08cbebf99b)

2018-09-04 10:08:07 - [TEST_STEP][PASSED] - Statement - rowNo = java.lang.Integer.parseInt(currentTestCaseId): null

2018-09-04 10:08:07 - [TEST_STEP][PASSED] - Statement - excelData = com.kms.katalon.core.testdata.TestDataFactory.findTestData(Data Files/Data/TestData): Reading excel file with source file 'C:\Users\seeboruts\OneDrive - SD Worx\Desktop\Test_Data_Reg.xlsx' and sheet name 'TEST DATA'

2018-09-04 10:08:07 - [TEST_STEP][FAILED] - Statement - If (excelData.getValue(45, rowNo) != ""): Unable to click on object 'Select_historic_date' (Root cause: org.openqa.selenium.ElementNotVisibleException: element not visible
  (Session info: chrome=68.0.3440.106)
  (Driver info: chromedriver=2.35.528161 (5b82f2d2aae0ca24b877009200ced9065a772e73),platform=Windows NT 10.0.16299 x86_64) (WARNING: The server did not provide any stacktrace information)
Command duration or timeout: 0 milliseconds
Build info: version: '3.7.1', revision: '8a0099a', time: '2017-11-06T21:07:36.161Z'
System info: host: '5CG7062KWD', ip: '10.136.82.135', os.name: 'Windows 10', os.arch: 'amd64', os.version: '10.0', java.version: '1.8.0_181'
Driver info: com.kms.katalon.selenium.driver.CChromeDriver
Capabilities {acceptInsecureCerts: false, acceptSslCerts: false, applicationCacheEnabled: false, browserConnectionEnabled: false, browserName: chrome, chrome: {chromedriverVersion: 2.35.528161 (5b82f2d2aae0ca..., userDataDir: C:\Users\SEEBOR~1\AppData\L...}, cssSelectorsEnabled: true, databaseEnabled: false, handlesAlerts: true, hasTouchScreen: false, javascriptEnabled: true, locationContextEnabled: true, mobileEmulationEnabled: false, nativeEvents: true, networkConnectionEnabled: false, pageLoadStrategy: normal, platform: XP, platformName: XP, rotatable: false, setWindowRect: true, takesHeapSnapshot: true, takesScreenshot: true, unexpectedAlertBehaviour: , unhandledPromptBehavior: , version: 68.0.3440.106, webStorageEnabled: true}
Session ID: 4c8a0d964126fb63f0be1b08cbebf99b)

2018-09-04 10:08:07 - [TEST_STEP][PASSED] - Statement - dateREF = new com.kms.katalon.core.testobject.TestObject(Select_historic_date): null

2018-09-04 10:08:07 - [TEST_STEP][PASSED] - Statement - dateREF.addProperty("xpath", EQUALS, "//a//span[contains(text(),'" + excelData.getValue(45, rowNo) + "')]"): null

2018-09-04 10:08:07 - [TEST_STEP][FAILED] - click: Unable to click on object 'Select_historic_date' (Root cause: org.openqa.selenium.ElementNotVisibleException: element not visible
  (Session info: chrome=68.0.3440.106)
  (Driver info: chromedriver=2.35.528161 (5b82f2d2aae0ca24b877009200ced9065a772e73),platform=Windows NT 10.0.16299 x86_64) (WARNING: The server did not provide any stacktrace information)
Command duration or timeout: 0 milliseconds
Build info: version: '3.7.1', revision: '8a0099a', time: '2017-11-06T21:07:36.161Z'
System info: host: '5CG7062KWD', ip: '10.136.82.135', os.name: 'Windows 10', os.arch: 'amd64', os.version: '10.0', java.version: '1.8.0_181'
Driver info: com.kms.katalon.selenium.driver.CChromeDriver
Capabilities {acceptInsecureCerts: false, acceptSslCerts: false, applicationCacheEnabled: false, browserConnectionEnabled: false, browserName: chrome, chrome: {chromedriverVersion: 2.35.528161 (5b82f2d2aae0ca..., userDataDir: C:\Users\SEEBOR~1\AppData\L...}, cssSelectorsEnabled: true, databaseEnabled: false, handlesAlerts: true, hasTouchScreen: false, javascriptEnabled: true, locationContextEnabled: true, mobileEmulationEnabled: false, nativeEvents: true, networkConnectionEnabled: false, pageLoadStrategy: normal, platform: XP, platformName: XP, rotatable: false, setWindowRect: true, takesHeapSnapshot: true, takesScreenshot: true, unexpectedAlertBehaviour: , unhandledPromptBehavior: , version: 68.0.3440.106, webStorageEnabled: true}
Session ID: 4c8a0d964126fb63f0be1b08cbebf99b)

2018-09-04 10:08:08 - [MESSAGE][FAILED] - Unable to click on object 'Select_historic_date' (Root cause: org.openqa.selenium.ElementNotVisibleException: element not visible
  (Session info: chrome=68.0.3440.106)
  (Driver info: chromedriver=2.35.528161 (5b82f2d2aae0ca24b877009200ced9065a772e73),platform=Windows NT 10.0.16299 x86_64) (WARNING: The server did not provide any stacktrace information)
Command duration or timeout: 0 milliseconds
Build info: version: '3.7.1', revision: '8a0099a', time: '2017-11-06T21:07:36.161Z'
System info: host: '5CG7062KWD', ip: '10.136.82.135', os.name: 'Windows 10', os.arch: 'amd64', os.version: '10.0', java.version: '1.8.0_181'
Driver info: com.kms.katalon.selenium.driver.CChromeDriver
Capabilities {acceptInsecureCerts: false, acceptSslCerts: false, applicationCacheEnabled: false, browserConnectionEnabled: false, browserName: chrome, chrome: {chromedriverVersion: 2.35.528161 (5b82f2d2aae0ca..., userDataDir: C:\Users\SEEBOR~1\AppData\L...}, cssSelectorsEnabled: true, databaseEnabled: false, handlesAlerts: true, hasTouchScreen: false, javascriptEnabled: true, locationContextEnabled: true, mobileEmulationEnabled: false, nativeEvents: true, networkConnectionEnabled: false, pageLoadStrategy: normal, platform: XP, platformName: XP, rotatable: false, setWindowRect: true, takesHeapSnapshot: true, takesScreenshot: true, unexpectedAlertBehaviour: , unhandledPromptBehavior: , version: 68.0.3440.106, webStorageEnabled: true}
Session ID: 4c8a0d964126fb63f0be1b08cbebf99b)
[[ATTACHMENT|C:\\Users\\seeboruts\\OneDrive - SD Worx\\Desktop\\Katalon_eBlox_Reporting\\Reports\\testing\\Demo\\20180904_094517\\1536041287910.png]]

2018-09-04 10:08:08 - [MESSAGE][FAILED] - Unable to call Test Case with id 'Test Cases/Sub Script/Navigation_Menu/Menu_Mes_rapports/Nouveau_Rapport/Mes rapports - EXECUTION/Valeurs a indiquer/TC Select ref date' (Root cause: Call Test Case 'Test Cases/Sub Script/Navigation_Menu/Menu_Mes_rapports/Nouveau_Rapport/Mes rapports - EXECUTION/Valeurs a indiquer/TC Select ref date' failed)]]></system-out>
         <system-err><![CDATA[2018-09-04 10:06:11 - [TEST_CASE][FAILED] - Test Cases/Main Script/TC17 ARGUMENT AGE: Test Cases/Main Script/TC17 ARGUMENT AGE FAILED because (of) Unable to click on object 'Select_historic_date' (Root cause: org.openqa.selenium.ElementNotVisibleException: element not visible
  (Session info: chrome=68.0.3440.106)
  (Driver info: chromedriver=2.35.528161 (5b82f2d2aae0ca24b877009200ced9065a772e73),platform=Windows NT 10.0.16299 x86_64) (WARNING: The server did not provide any stacktrace information)
Command duration or timeout: 0 milliseconds
Build info: version: '3.7.1', revision: '8a0099a', time: '2017-11-06T21:07:36.161Z'
System info: host: '5CG7062KWD', ip: '10.136.82.135', os.name: 'Windows 10', os.arch: 'amd64', os.version: '10.0', java.version: '1.8.0_181'
Driver info: com.kms.katalon.selenium.driver.CChromeDriver
Capabilities {acceptInsecureCerts: false, acceptSslCerts: false, applicationCacheEnabled: false, browserConnectionEnabled: false, browserName: chrome, chrome: {chromedriverVersion: 2.35.528161 (5b82f2d2aae0ca..., userDataDir: C:\Users\SEEBOR~1\AppData\L...}, cssSelectorsEnabled: true, databaseEnabled: false, handlesAlerts: true, hasTouchScreen: false, javascriptEnabled: true, locationContextEnabled: true, mobileEmulationEnabled: false, nativeEvents: true, networkConnectionEnabled: false, pageLoadStrategy: normal, platform: XP, platformName: XP, rotatable: false, setWindowRect: true, takesHeapSnapshot: true, takesScreenshot: true, unexpectedAlertBehaviour: , unhandledPromptBehavior: , version: 68.0.3440.106, webStorageEnabled: true}
Session ID: 4c8a0d964126fb63f0be1b08cbebf99b)]]></system-err>
      </testcase>
      <testcase name="Test Cases/Main Script/TC11 INTERNAL" classname="Test Cases/Main Script/TC11 INTERNAL" status="FAILED">
         <failure type="FAILED" message="Unable to click on object 'Object Repository/Page_eBlox Rapportering/Operation/Operation - Sauvegarder button' (Root cause: org.openqa.selenium.InvalidSelectorException: invalid selector: Unable to locate an element with the xpath expression  because of the following error:
SyntaxError: Failed to execute 'evaluate' on 'Document': The string '' is not a valid XPath expression.
  (Session info: chrome=68.0.3440.106)
  (Driver info: chromedriver=2.35.528161 (5b82f2d2aae0ca24b877009200ced9065a772e73),platform=Windows NT 10.0.16299 x86_64) (WARNING: The server did not provide any stacktrace information)
Command duration or timeout: 0 milliseconds
For documentation on this error, please visit: http://seleniumhq.org/exceptions/invalid_selector_exception.html
Build info: version: '3.7.1', revision: '8a0099a', time: '2017-11-06T21:07:36.161Z'
System info: host: '5CG7062KWD', ip: '10.136.82.135', os.name: 'Windows 10', os.arch: 'amd64', os.version: '10.0', java.version: '1.8.0_181'
Driver info: com.kms.katalon.selenium.driver.CChromeDriver
Capabilities {acceptInsecureCerts: false, acceptSslCerts: false, applicationCacheEnabled: false, browserConnectionEnabled: false, browserName: chrome, chrome: {chromedriverVersion: 2.35.528161 (5b82f2d2aae0ca..., userDataDir: C:\Users\SEEBOR~1\AppData\L...}, cssSelectorsEnabled: true, databaseEnabled: false, handlesAlerts: true, hasTouchScreen: false, javascriptEnabled: true, locationContextEnabled: true, mobileEmulationEnabled: false, nativeEvents: true, networkConnectionEnabled: false, pageLoadStrategy: normal, platform: XP, platformName: XP, rotatable: false, setWindowRect: true, takesHeapSnapshot: true, takesScreenshot: true, unexpectedAlertBehaviour: , unhandledPromptBehavior: , version: 68.0.3440.106, webStorageEnabled: true}
Session ID: bf71df4a56a12c732ae7c23b0cc5710d
*** Element info: {Using=xpath, value=})"/>
         <system-out><![CDATA[2018-09-04 10:08:08 - [TEST_CASE][FAILED] - Test Cases/Main Script/TC11 INTERNAL: Test Cases/Main Script/TC11 INTERNAL FAILED because (of) Unable to click on object 'Object Repository/Page_eBlox Rapportering/Operation/Operation - Sauvegarder button' (Root cause: org.openqa.selenium.InvalidSelectorException: invalid selector: Unable to locate an element with the xpath expression  because of the following error:
SyntaxError: Failed to execute 'evaluate' on 'Document': The string '' is not a valid XPath expression.
  (Session info: chrome=68.0.3440.106)
  (Driver info: chromedriver=2.35.528161 (5b82f2d2aae0ca24b877009200ced9065a772e73),platform=Windows NT 10.0.16299 x86_64) (WARNING: The server did not provide any stacktrace information)
Command duration or timeout: 0 milliseconds
For documentation on this error, please visit: http://seleniumhq.org/exceptions/invalid_selector_exception.html
Build info: version: '3.7.1', revision: '8a0099a', time: '2017-11-06T21:07:36.161Z'
System info: host: '5CG7062KWD', ip: '10.136.82.135', os.name: 'Windows 10', os.arch: 'amd64', os.version: '10.0', java.version: '1.8.0_181'
Driver info: com.kms.katalon.selenium.driver.CChromeDriver
Capabilities {acceptInsecureCerts: false, acceptSslCerts: false, applicationCacheEnabled: false, browserConnectionEnabled: false, browserName: chrome, chrome: {chromedriverVersion: 2.35.528161 (5b82f2d2aae0ca..., userDataDir: C:\Users\SEEBOR~1\AppData\L...}, cssSelectorsEnabled: true, databaseEnabled: false, handlesAlerts: true, hasTouchScreen: false, javascriptEnabled: true, locationContextEnabled: true, mobileEmulationEnabled: false, nativeEvents: true, networkConnectionEnabled: false, pageLoadStrategy: normal, platform: XP, platformName: XP, rotatable: false, setWindowRect: true, takesHeapSnapshot: true, takesScreenshot: true, unexpectedAlertBehaviour: , unhandledPromptBehavior: , version: 68.0.3440.106, webStorageEnabled: true}
Session ID: bf71df4a56a12c732ae7c23b0cc5710d
*** Element info: {Using=xpath, value=})

2018-09-04 10:08:08 - [TEST_STEP][PASSED] - Start listener action : sampleBeforeTestCase: Invoke 'com.kms.katalon.core.annotation.BeforeTestCase' method: 'NewTestListener.sampleBeforeTestCase(...)' completed.

2018-09-04 10:08:08 - [TEST_STEP][PASSED] - Statement - println(testCaseContext.getTextCaseId()=$testCaseContext.getTestCaseId()): null

2018-09-04 10:08:08 - [TEST_STEP][PASSED] - Statement - currentTestCaseId = testCaseContext.getTestCaseId(): Invoke 'com.kms.katalon.core.annotation.BeforeTestCase' method: 'NewTestListener.sampleBeforeTestCase(...)' completed.

2018-09-04 10:08:08 - [TEST_STEP][PASSED] - verify_Test_Case_Number.getTestCaseNumber.getTCNo: verify_Test_Case_Number.getTestCaseNumber.getTCNo is PASSED

2018-09-04 10:08:08 - [MESSAGE][PASSED] - verify_Test_Case_Number.getTestCaseNumber.getTCNo is PASSED

2018-09-04 10:08:08 - [TEST_STEP][PASSED] - callTestCase: Call Test Case 'Test Cases/Login/TC1 Login to Mysdworx' successfully

2018-09-04 10:08:08 - [TEST_CASE][PASSED] - Test Cases/Login/TC1 Login to Mysdworx: Test Cases/Login/TC1 Login to Mysdworx

2018-09-04 10:08:08 - [TEST_STEP][PASSED] - openBrowser: Browser is opened with url: ''

2018-09-04 10:08:08 - [MESSAGE][WARNING] - A browser is already opened. Closing browser and opening a new one

2018-09-04 10:08:11 - [MESSAGE][PASSED] - Browser is opened with url: ''

2018-09-04 10:08:11 - [TEST_STEP][PASSED] - navigateToUrl: Navigate to 'https://internet.acc.sd.dika.be/ebloxreporting/web.sensitive/main/?lang=fr' successfully

2018-09-04 10:08:17 - [MESSAGE][PASSED] - Navigate to 'https://internet.acc.sd.dika.be/ebloxreporting/web.sensitive/main/?lang=fr' successfully

2018-09-04 10:08:17 - [TEST_STEP][PASSED] - maximizeWindow: Current window maximized

2018-09-04 10:08:18 - [MESSAGE][PASSED] - Current window maximized

2018-09-04 10:08:18 - [TEST_STEP][PASSED] - setText: Text 'DP_EBLOX_RPP_VASCO' is set on object 'Object Repository/Page_mysdworx - Log in/input_Username'

2018-09-04 10:08:26 - [MESSAGE][PASSED] - Text 'DP_EBLOX_RPP_VASCO' is set on object 'Object Repository/Page_mysdworx - Log in/input_Username'

2018-09-04 10:08:26 - [TEST_STEP][PASSED] - Statement - frame = new javax.swing.JFrame(User Input Frame): null

2018-09-04 10:08:26 - [TEST_STEP][PASSED] - Statement - frame.requestFocus(): null

2018-09-04 10:08:26 - [TEST_STEP][PASSED] - Statement - pass = javax.swing.JOptionPane.showInputDialog(frame, "Enter the password from token!!"): null

2018-09-04 10:08:35 - [TEST_STEP][PASSED] - delay: Delayed 2 second(s)

2018-09-04 10:08:37 - [MESSAGE][PASSED] - Delayed 2 second(s)

2018-09-04 10:08:37 - [TEST_STEP][PASSED] - setText: Text '156261' is set on object 'Object Repository/Page_mysdworx - Log in/input_Password'

2018-09-04 10:08:37 - [MESSAGE][PASSED] - Text '156261' is set on object 'Object Repository/Page_mysdworx - Log in/input_Password'

2018-09-04 10:08:37 - [TEST_STEP][PASSED] - click: Object: 'Object Repository/Page_mysdworx - Log in/button_Se connecter' is clicked on

2018-09-04 10:08:37 - [MESSAGE][PASSED] - Object: 'Object Repository/Page_mysdworx - Log in/button_Se connecter' is clicked on

2018-09-04 10:08:37 - [TEST_STEP][PASSED] - waitForPageLoad: Wait for page load successfully

2018-09-04 10:08:37 - [MESSAGE][PASSED] - Wait for page load successfully

2018-09-04 10:08:37 - [TEST_STEP][NOT_RUN] - closeBrowser: NOT_RUN: closeBrowser

2018-09-04 10:08:37 - [MESSAGE][NOT_RUN] - NOT_RUN: closeBrowser

2018-09-04 10:08:37 - [MESSAGE][PASSED] - Call Test Case 'Test Cases/Login/TC1 Login to Mysdworx' successfully

2018-09-04 10:08:37 - [TEST_STEP][PASSED] - callTestCase: Call Test Case 'Test Cases/Sub Script/Select Language/TC1 Verify NL language' successfully

2018-09-04 10:08:37 - [TEST_CASE][PASSED] - Test Cases/Sub Script/Select Language/TC1 Verify NL language: Test Cases/Sub Script/Select Language/TC1 Verify NL language

2018-09-04 10:08:37 - [TEST_STEP][PASSED] - waitForElementClickable: Web element with id: 'Object Repository/Change language link Obj/NL_language' located by 'By.xpath: id("navbar-anchor")/div[@class="nav nav-navbar"]/div[@class="user-info navbar-right hidden-xs"]/div[@class="user-actions"]/rapp-language-switcher[@class="ng-isolate-scope"]/ul[@class="list-inline list-unstyled lang"]/li[@class="ng-scope"]/a[@class="ng-binding"][count(. | //a[@ng-click = 'changeLanguageVm.switchPageToLanguage(lang)' and (text() = '
            NL   
        ' or . = '
            NL   
        ')]) = count(//a[@ng-click = 'changeLanguageVm.switchPageToLanguage(lang)' and (text() = '
            NL   
        ' or . = '
            NL   
        ')])]' not found

2018-09-04 10:09:29 - [MESSAGE][WARNING] - Web element with id: 'Object Repository/Change language link Obj/NL_language' located by 'By.xpath: id("navbar-anchor")/div[@class="nav nav-navbar"]/div[@class="user-info navbar-right hidden-xs"]/div[@class="user-actions"]/rapp-language-switcher[@class="ng-isolate-scope"]/ul[@class="list-inline list-unstyled lang"]/li[@class="ng-scope"]/a[@class="ng-binding"][count(. | //a[@ng-click = 'changeLanguageVm.switchPageToLanguage(lang)' and (text() = '
            NL   
        ' or . = '
            NL   
        ')]) = count(//a[@ng-click = 'changeLanguageVm.switchPageToLanguage(lang)' and (text() = '
            NL   
        ' or . = '
            NL   
        ')])]' not found

2018-09-04 10:09:29 - [TEST_STEP][PASSED] - Statement - verify_NL_link = com.kms.katalon.core.webui.keyword.WebUiBuiltInKeywords.verifyElementClickable(com.kms.katalon.core.testobject.ObjectRepository.findTestObject(Change language link Obj/NL_language)): Object 'Object Repository/Change language link Obj/NL_language' is clickable

2018-09-04 10:09:31 - [MESSAGE][PASSED] - Object 'Object Repository/Change language link Obj/NL_language' is clickable

2018-09-04 10:09:31 - [TEST_STEP][PASSED] - Statement - If (verify_NL_link.equals(true)): NL link is clickable !

2018-09-04 10:09:31 - [TEST_STEP][PASSED] - Statement - com.kms.katalon.core.util.KeywordUtil.markPassed("NL link is clickable !"): NL link is clickable !

2018-09-04 10:09:31 - [MESSAGE][PASSED] - NL link is clickable !

2018-09-04 10:09:31 - [TEST_STEP][PASSED] - click: Object: 'Object Repository/Change language link Obj/NL_language' is clicked on

2018-09-04 10:09:45 - [MESSAGE][PASSED] - Object: 'Object Repository/Change language link Obj/NL_language' is clicked on

2018-09-04 10:09:45 - [TEST_STEP][PASSED] - waitForPageLoad: Wait for page load successfully

2018-09-04 10:09:45 - [MESSAGE][PASSED] - Wait for page load successfully

2018-09-04 10:09:45 - [MESSAGE][PASSED] - Call Test Case 'Test Cases/Sub Script/Select Language/TC1 Verify NL language' successfully

2018-09-04 10:09:45 - [TEST_STEP][PASSED] - callTestCase: Call Test Case 'Test Cases/Sub Script/Navigation_Menu/Menu_Mes_rapports/Nouveau_Rapport/TC Click on Nouveau rapport drpodown button' successfully

2018-09-04 10:09:45 - [TEST_CASE][PASSED] - Test Cases/Sub Script/Navigation_Menu/Menu_Mes_rapports/Nouveau_Rapport/TC Click on Nouveau rapport drpodown button: Test Cases/Sub Script/Navigation_Menu/Menu_Mes_rapports/Nouveau_Rapport/TC Click on Nouveau rapport drpodown button

2018-09-04 10:09:45 - [TEST_STEP][PASSED] - click: Object: 'Object Repository/Mes rapports Obj/New button dropdown' is clicked on

2018-09-04 10:09:48 - [MESSAGE][PASSED] - Object: 'Object Repository/Mes rapports Obj/New button dropdown' is clicked on

2018-09-04 10:09:48 - [TEST_STEP][PASSED] - delay: Delayed 1 second(s)

2018-09-04 10:09:49 - [MESSAGE][PASSED] - Delayed 1 second(s)

2018-09-04 10:09:49 - [MESSAGE][PASSED] - Call Test Case 'Test Cases/Sub Script/Navigation_Menu/Menu_Mes_rapports/Nouveau_Rapport/TC Click on Nouveau rapport drpodown button' successfully

2018-09-04 10:09:49 - [TEST_STEP][PASSED] - callTestCase: Call Test Case 'Test Cases/Sub Script/Navigation_Menu/Menu_Mes_rapports/Nouveau_Rapport/TC Select interne option' successfully

2018-09-04 10:09:49 - [TEST_CASE][PASSED] - Test Cases/Sub Script/Navigation_Menu/Menu_Mes_rapports/Nouveau_Rapport/TC Select interne option: Test Cases/Sub Script/Navigation_Menu/Menu_Mes_rapports/Nouveau_Rapport/TC Select interne option

2018-09-04 10:09:50 - [TEST_STEP][PASSED] - click: Object: 'Object Repository/Mes rapports Obj/intern option' is clicked on

2018-09-04 10:09:50 - [MESSAGE][PASSED] - Object: 'Object Repository/Mes rapports Obj/intern option' is clicked on

2018-09-04 10:09:50 - [TEST_STEP][PASSED] - delay: Delayed 1 second(s)

2018-09-04 10:09:51 - [MESSAGE][PASSED] - Delayed 1 second(s)

2018-09-04 10:09:51 - [MESSAGE][PASSED] - Call Test Case 'Test Cases/Sub Script/Navigation_Menu/Menu_Mes_rapports/Nouveau_Rapport/TC Select interne option' successfully

2018-09-04 10:09:51 - [TEST_STEP][PASSED] - callTestCase: Call Test Case 'Test Cases/Sub Script/Navigation_Menu/Menu_Mes_rapports/Nouveau_Rapport/Mes rapports - BASE DE RAPPORT/TC Verify radio button creer un tout nouveau rapport' successfully

2018-09-04 10:09:51 - [TEST_CASE][PASSED] - Test Cases/Sub Script/Navigation_Menu/Menu_Mes_rapports/Nouveau_Rapport/Mes rapports - BASE DE RAPPORT/TC Verify radio button creer un tout nouveau rapport: Test Cases/Sub Script/Navigation_Menu/Menu_Mes_rapports/Nouveau_Rapport/Mes rapports - BASE DE RAPPORT/TC Verify radio button creer un tout nouveau rapport

2018-09-04 10:09:51 - [TEST_STEP][PASSED] - Statement - radioButton = com.kms.katalon.core.webui.keyword.WebUiBuiltInKeywords.modifyObjectProperty(com.kms.katalon.core.testobject.ObjectRepository.findTestObject(Mes rapports Obj/BASE DE RAPPORT/radioButton_Creer un tout nouveau rapport), "name", "equals", "typeRapport", true): Modify property of object successfully

2018-09-04 10:09:51 - [MESSAGE][PASSED] - Modify property of object successfully

2018-09-04 10:09:51 - [TEST_STEP][PASSED] - click: Object: 'Object Repository/Mes rapports Obj/BASE DE RAPPORT/radioButton_Creer un tout nouveau rapport' is clicked on

2018-09-04 10:09:51 - [MESSAGE][PASSED] - Object: 'Object Repository/Mes rapports Obj/BASE DE RAPPORT/radioButton_Creer un tout nouveau rapport' is clicked on

2018-09-04 10:09:51 - [MESSAGE][PASSED] - Call Test Case 'Test Cases/Sub Script/Navigation_Menu/Menu_Mes_rapports/Nouveau_Rapport/Mes rapports - BASE DE RAPPORT/TC Verify radio button creer un tout nouveau rapport' successfully

2018-09-04 10:09:51 - [TEST_STEP][PASSED] - callTestCase: Call Test Case 'Test Cases/Sub Script/Navigation_Menu/Menu_Mes_rapports/TC Verify the next button arrow' successfully

2018-09-04 10:09:51 - [TEST_CASE][PASSED] - Test Cases/Sub Script/Navigation_Menu/Menu_Mes_rapports/TC Verify the next button arrow: Test Cases/Sub Script/Navigation_Menu/Menu_Mes_rapports/TC Verify the next button arrow

2018-09-04 10:09:51 - [TEST_STEP][PASSED] - waitForElementClickable: Object 'Object Repository/Mes rapports Obj/button_Next_Arrow' is clickable

2018-09-04 10:09:51 - [MESSAGE][PASSED] - Object 'Object Repository/Mes rapports Obj/button_Next_Arrow' is clickable

2018-09-04 10:09:51 - [TEST_STEP][PASSED] - click: Object: 'Object Repository/Mes rapports Obj/button_Next_Arrow' is clicked on

2018-09-04 10:09:51 - [MESSAGE][PASSED] - Object: 'Object Repository/Mes rapports Obj/button_Next_Arrow' is clicked on

2018-09-04 10:09:51 - [TEST_STEP][PASSED] - delay: Delayed 5 second(s)

2018-09-04 10:09:56 - [MESSAGE][PASSED] - Delayed 5 second(s)

2018-09-04 10:09:56 - [TEST_STEP][PASSED] - waitForPageLoad: Wait for page load successfully

2018-09-04 10:09:56 - [MESSAGE][PASSED] - Wait for page load successfully

2018-09-04 10:09:56 - [MESSAGE][PASSED] - Call Test Case 'Test Cases/Sub Script/Navigation_Menu/Menu_Mes_rapports/TC Verify the next button arrow' successfully

2018-09-04 10:09:56 - [TEST_STEP][PASSED] - callTestCase: Call Test Case 'Test Cases/Sub Script/Navigation_Menu/Menu_Mes_rapports/Nouveau_Rapport/Mes rapports - CONTENU/TC Verify input field - Contenu' successfully

2018-09-04 10:09:56 - [TEST_CASE][PASSED] - Test Cases/Sub Script/Navigation_Menu/Menu_Mes_rapports/Nouveau_Rapport/Mes rapports - CONTENU/TC Verify input field - Contenu: Test Cases/Sub Script/Navigation_Menu/Menu_Mes_rapports/Nouveau_Rapport/Mes rapports - CONTENU/TC Verify input field - Contenu

2018-09-04 10:09:56 - [TEST_STEP][PASSED] - Statement - excelData = com.kms.katalon.core.testdata.TestDataFactory.findTestData(Data Files/Data/TestData): Reading excel file with source file 'C:\Users\seeboruts\OneDrive - SD Worx\Desktop\Test_Data_Reg.xlsx' and sheet name 'TEST DATA'

2018-09-04 10:09:56 - [TEST_STEP][PASSED] - Statement - rowNo = java.lang.Integer.parseInt(currentTestCaseId): null

2018-09-04 10:09:56 - [TEST_STEP][PASSED] - Statement - For ([i = 4, i <= 13, (i++)]): null

2018-09-04 10:09:56 - [TEST_STEP][PASSED] - Statement - If (excelData.getValue(i, rowNo) != ""): Object: 'Object Repository/Mes rapports Obj/CONTENU/click_Remove_text' is clicked on

2018-09-04 10:09:56 - [TEST_STEP][PASSED] - setText: Text 'Naam werknemer' is set on object 'Object Repository/Mes rapports Obj/CONTENU/input_Contenu_Selecteur'

2018-09-04 10:09:56 - [MESSAGE][PASSED] - Text 'Naam werknemer' is set on object 'Object Repository/Mes rapports Obj/CONTENU/input_Contenu_Selecteur'

2018-09-04 10:09:56 - [TEST_STEP][PASSED] - delay: Delayed 3 second(s)

2018-09-04 10:09:59 - [MESSAGE][PASSED] - Delayed 3 second(s)

2018-09-04 10:09:59 - [TEST_STEP][PASSED] - Statement - selecteur = new com.kms.katalon.core.testobject.TestObject(Choisir_selecteur): null

2018-09-04 10:09:59 - [TEST_STEP][PASSED] - Statement - selecteur.addProperty("xpath", EQUALS, "//span[contains(text(),'" + excelData.getValue(i, rowNo) + "')]"): null

2018-09-04 10:09:59 - [TEST_STEP][PASSED] - click: Object: 'Choisir_selecteur' is clicked on

2018-09-04 10:10:00 - [MESSAGE][PASSED] - Object: 'Choisir_selecteur' is clicked on

2018-09-04 10:10:00 - [TEST_STEP][PASSED] - delay: Delayed 3 second(s)

2018-09-04 10:10:03 - [MESSAGE][PASSED] - Delayed 3 second(s)

2018-09-04 10:10:03 - [TEST_STEP][PASSED] - click: Object: 'Object Repository/Mes rapports Obj/CONTENU/click_Remove_text' is clicked on

2018-09-04 10:10:03 - [MESSAGE][PASSED] - Object: 'Object Repository/Mes rapports Obj/CONTENU/click_Remove_text' is clicked on

2018-09-04 10:10:03 - [TEST_STEP][PASSED] - Statement - If (excelData.getValue(i, rowNo) != ""): Object: 'Object Repository/Mes rapports Obj/CONTENU/click_Remove_text' is clicked on

2018-09-04 10:10:03 - [TEST_STEP][PASSED] - setText: Text 'Afdeling' is set on object 'Object Repository/Mes rapports Obj/CONTENU/input_Contenu_Selecteur'

2018-09-04 10:10:03 - [MESSAGE][PASSED] - Text 'Afdeling' is set on object 'Object Repository/Mes rapports Obj/CONTENU/input_Contenu_Selecteur'

2018-09-04 10:10:03 - [TEST_STEP][PASSED] - delay: Delayed 3 second(s)

2018-09-04 10:10:06 - [MESSAGE][PASSED] - Delayed 3 second(s)

2018-09-04 10:10:06 - [TEST_STEP][PASSED] - Statement - selecteur = new com.kms.katalon.core.testobject.TestObject(Choisir_selecteur): null

2018-09-04 10:10:06 - [TEST_STEP][PASSED] - Statement - selecteur.addProperty("xpath", EQUALS, "//span[contains(text(),'" + excelData.getValue(i, rowNo) + "')]"): null

2018-09-04 10:10:06 - [TEST_STEP][PASSED] - click: Object: 'Choisir_selecteur' is clicked on

2018-09-04 10:10:06 - [MESSAGE][PASSED] - Object: 'Choisir_selecteur' is clicked on

2018-09-04 10:10:06 - [TEST_STEP][PASSED] - delay: Delayed 3 second(s)

2018-09-04 10:10:09 - [MESSAGE][PASSED] - Delayed 3 second(s)

2018-09-04 10:10:09 - [TEST_STEP][PASSED] - click: Object: 'Object Repository/Mes rapports Obj/CONTENU/click_Remove_text' is clicked on

2018-09-04 10:10:09 - [MESSAGE][PASSED] - Object: 'Object Repository/Mes rapports Obj/CONTENU/click_Remove_text' is clicked on

2018-09-04 10:10:09 - [TEST_STEP][PASSED] - Statement - If (excelData.getValue(i, rowNo) != ""): Object: 'Object Repository/Mes rapports Obj/CONTENU/click_Remove_text' is clicked on

2018-09-04 10:10:09 - [TEST_STEP][PASSED] - setText: Text 'Brutoloon' is set on object 'Object Repository/Mes rapports Obj/CONTENU/input_Contenu_Selecteur'

2018-09-04 10:10:10 - [MESSAGE][PASSED] - Text 'Brutoloon' is set on object 'Object Repository/Mes rapports Obj/CONTENU/input_Contenu_Selecteur'

2018-09-04 10:10:10 - [TEST_STEP][PASSED] - delay: Delayed 3 second(s)

2018-09-04 10:10:13 - [MESSAGE][PASSED] - Delayed 3 second(s)

2018-09-04 10:10:13 - [TEST_STEP][PASSED] - Statement - selecteur = new com.kms.katalon.core.testobject.TestObject(Choisir_selecteur): null

2018-09-04 10:10:13 - [TEST_STEP][PASSED] - Statement - selecteur.addProperty("xpath", EQUALS, "//span[contains(text(),'" + excelData.getValue(i, rowNo) + "')]"): null

2018-09-04 10:10:13 - [TEST_STEP][PASSED] - click: Object: 'Choisir_selecteur' is clicked on

2018-09-04 10:10:13 - [MESSAGE][PASSED] - Object: 'Choisir_selecteur' is clicked on

2018-09-04 10:10:13 - [TEST_STEP][PASSED] - delay: Delayed 3 second(s)

2018-09-04 10:10:16 - [MESSAGE][PASSED] - Delayed 3 second(s)

2018-09-04 10:10:16 - [TEST_STEP][PASSED] - click: Object: 'Object Repository/Mes rapports Obj/CONTENU/click_Remove_text' is clicked on

2018-09-04 10:10:16 - [MESSAGE][PASSED] - Object: 'Object Repository/Mes rapports Obj/CONTENU/click_Remove_text' is clicked on

2018-09-04 10:10:16 - [TEST_STEP][PASSED] - Statement - If (excelData.getValue(i, rowNo) != ""): null

2018-09-04 10:10:16 - [TEST_STEP][PASSED] - Statement - If (excelData.getValue(i, rowNo) != ""): null

2018-09-04 10:10:16 - [TEST_STEP][PASSED] - Statement - If (excelData.getValue(i, rowNo) != ""): null

2018-09-04 10:10:16 - [TEST_STEP][PASSED] - Statement - If (excelData.getValue(i, rowNo) != ""): null

2018-09-04 10:10:16 - [TEST_STEP][PASSED] - Statement - If (excelData.getValue(i, rowNo) != ""): null

2018-09-04 10:10:16 - [TEST_STEP][PASSED] - Statement - If (excelData.getValue(i, rowNo) != ""): null

2018-09-04 10:10:16 - [TEST_STEP][PASSED] - Statement - If (excelData.getValue(i, rowNo) != ""): null

2018-09-04 10:10:16 - [MESSAGE][PASSED] - Call Test Case 'Test Cases/Sub Script/Navigation_Menu/Menu_Mes_rapports/Nouveau_Rapport/Mes rapports - CONTENU/TC Verify input field - Contenu' successfully

2018-09-04 10:10:16 - [TEST_STEP][PASSED] - callTestCase: Call Test Case 'Test Cases/Sub Script/Navigation_Menu/Menu_Mes_rapports/TC Verify the next button arrow' successfully

2018-09-04 10:10:16 - [TEST_CASE][PASSED] - Test Cases/Sub Script/Navigation_Menu/Menu_Mes_rapports/TC Verify the next button arrow: Test Cases/Sub Script/Navigation_Menu/Menu_Mes_rapports/TC Verify the next button arrow

2018-09-04 10:10:16 - [TEST_STEP][PASSED] - waitForElementClickable: Object 'Object Repository/Mes rapports Obj/button_Next_Arrow' is clickable

2018-09-04 10:10:16 - [MESSAGE][PASSED] - Object 'Object Repository/Mes rapports Obj/button_Next_Arrow' is clickable

2018-09-04 10:10:16 - [TEST_STEP][PASSED] - click: Object: 'Object Repository/Mes rapports Obj/button_Next_Arrow' is clicked on

2018-09-04 10:10:16 - [MESSAGE][PASSED] - Object: 'Object Repository/Mes rapports Obj/button_Next_Arrow' is clicked on

2018-09-04 10:10:16 - [TEST_STEP][PASSED] - delay: Delayed 5 second(s)

2018-09-04 10:10:21 - [MESSAGE][PASSED] - Delayed 5 second(s)

2018-09-04 10:10:21 - [TEST_STEP][PASSED] - waitForPageLoad: Wait for page load successfully

2018-09-04 10:10:21 - [MESSAGE][PASSED] - Wait for page load successfully

2018-09-04 10:10:21 - [MESSAGE][PASSED] - Call Test Case 'Test Cases/Sub Script/Navigation_Menu/Menu_Mes_rapports/TC Verify the next button arrow' successfully

2018-09-04 10:10:21 - [TEST_STEP][PASSED] - callTestCase: Call Test Case 'Test Cases/Sub Script/Navigation_Menu/Menu_Mes_rapports/Nouveau_Rapport/Mes rapports - SELECTION/Verify if checkbox is unchecked/TC 10 Deselect all checkbox' successfully

2018-09-04 10:10:21 - [TEST_CASE][PASSED] - Test Cases/Sub Script/Navigation_Menu/Menu_Mes_rapports/Nouveau_Rapport/Mes rapports - SELECTION/Verify if checkbox is unchecked/TC 10 Deselect all checkbox: Test Cases/Sub Script/Navigation_Menu/Menu_Mes_rapports/Nouveau_Rapport/Mes rapports - SELECTION/Verify if checkbox is unchecked/TC 10 Deselect all checkbox

2018-09-04 10:10:21 - [TEST_STEP][PASSED] - callTestCase: Call Test Case 'Test Cases/Sub Script/Navigation_Menu/Menu_Mes_rapports/Nouveau_Rapport/Mes rapports - SELECTION/Verify if checkbox is unchecked/TC 1 Verify Contrats actifs checkbox  is un-checked' successfully

2018-09-04 10:10:21 - [TEST_CASE][PASSED] - Test Cases/Sub Script/Navigation_Menu/Menu_Mes_rapports/Nouveau_Rapport/Mes rapports - SELECTION/Verify if checkbox is unchecked/TC 1 Verify Contrats actifs checkbox  is un-checked: Test Cases/Sub Script/Navigation_Menu/Menu_Mes_rapports/Nouveau_Rapport/Mes rapports - SELECTION/Verify if checkbox is unchecked/TC 1 Verify Contrats actifs checkbox  is un-checked

2018-09-04 10:10:21 - [TEST_STEP][PASSED] - uncheck: Object 'Object Repository/Mes rapports Obj/SELECTION/Contracts actifs' is un-checked

2018-09-04 10:10:21 - [MESSAGE][PASSED] - Object 'Object Repository/Mes rapports Obj/SELECTION/Contracts actifs' is un-checked

2018-09-04 10:10:21 - [MESSAGE][PASSED] - Call Test Case 'Test Cases/Sub Script/Navigation_Menu/Menu_Mes_rapports/Nouveau_Rapport/Mes rapports - SELECTION/Verify if checkbox is unchecked/TC 1 Verify Contrats actifs checkbox  is un-checked' successfully

2018-09-04 10:10:21 - [TEST_STEP][PASSED] - callTestCase: Call Test Case 'Test Cases/Sub Script/Navigation_Menu/Menu_Mes_rapports/Nouveau_Rapport/Mes rapports - SELECTION/Verify if checkbox is unchecked/TC 2 VErify Dossier and Groupe checkBox  is un-checked' successfully

2018-09-04 10:10:22 - [TEST_CASE][PASSED] - Test Cases/Sub Script/Navigation_Menu/Menu_Mes_rapports/Nouveau_Rapport/Mes rapports - SELECTION/Verify if checkbox is unchecked/TC 2 VErify Dossier and Groupe checkBox  is un-checked: Test Cases/Sub Script/Navigation_Menu/Menu_Mes_rapports/Nouveau_Rapport/Mes rapports - SELECTION/Verify if checkbox is unchecked/TC 2 VErify Dossier and Groupe checkBox  is un-checked

2018-09-04 10:10:22 - [TEST_STEP][PASSED] - uncheck: Object 'Object Repository/Mes rapports Obj/SELECTION/Dossier and Groupe checkbox' is un-checked

2018-09-04 10:10:22 - [MESSAGE][PASSED] - Object 'Object Repository/Mes rapports Obj/SELECTION/Dossier and Groupe checkbox' is un-checked

2018-09-04 10:10:22 - [MESSAGE][PASSED] - Call Test Case 'Test Cases/Sub Script/Navigation_Menu/Menu_Mes_rapports/Nouveau_Rapport/Mes rapports - SELECTION/Verify if checkbox is unchecked/TC 2 VErify Dossier and Groupe checkBox  is un-checked' successfully

2018-09-04 10:10:22 - [TEST_STEP][PASSED] - callTestCase: Call Test Case 'Test Cases/Sub Script/Navigation_Menu/Menu_Mes_rapports/Nouveau_Rapport/Mes rapports - SELECTION/Verify if checkbox is unchecked/TC 3 Verify Travailleur checkBox  is un-checked' successfully

2018-09-04 10:10:22 - [TEST_CASE][PASSED] - Test Cases/Sub Script/Navigation_Menu/Menu_Mes_rapports/Nouveau_Rapport/Mes rapports - SELECTION/Verify if checkbox is unchecked/TC 3 Verify Travailleur checkBox  is un-checked: Test Cases/Sub Script/Navigation_Menu/Menu_Mes_rapports/Nouveau_Rapport/Mes rapports - SELECTION/Verify if checkbox is unchecked/TC 3 Verify Travailleur checkBox  is un-checked

2018-09-04 10:10:22 - [TEST_STEP][PASSED] - uncheck: Object 'Object Repository/Mes rapports Obj/SELECTION/Travailleur checkbox' is un-checked

2018-09-04 10:10:22 - [MESSAGE][PASSED] - Object 'Object Repository/Mes rapports Obj/SELECTION/Travailleur checkbox' is un-checked

2018-09-04 10:10:22 - [MESSAGE][PASSED] - Call Test Case 'Test Cases/Sub Script/Navigation_Menu/Menu_Mes_rapports/Nouveau_Rapport/Mes rapports - SELECTION/Verify if checkbox is unchecked/TC 3 Verify Travailleur checkBox  is un-checked' successfully

2018-09-04 10:10:22 - [TEST_STEP][PASSED] - callTestCase: Call Test Case 'Test Cases/Sub Script/Navigation_Menu/Menu_Mes_rapports/Nouveau_Rapport/Mes rapports - SELECTION/Verify if checkbox is unchecked/TC 4 Verify Departement checkBox  is un-checked' successfully

2018-09-04 10:10:22 - [TEST_CASE][PASSED] - Test Cases/Sub Script/Navigation_Menu/Menu_Mes_rapports/Nouveau_Rapport/Mes rapports - SELECTION/Verify if checkbox is unchecked/TC 4 Verify Departement checkBox  is un-checked: Test Cases/Sub Script/Navigation_Menu/Menu_Mes_rapports/Nouveau_Rapport/Mes rapports - SELECTION/Verify if checkbox is unchecked/TC 4 Verify Departement checkBox  is un-checked

2018-09-04 10:10:22 - [TEST_STEP][PASSED] - uncheck: Object 'Object Repository/Mes rapports Obj/SELECTION/Departement' is un-checked

2018-09-04 10:10:22 - [MESSAGE][PASSED] - Object 'Object Repository/Mes rapports Obj/SELECTION/Departement' is un-checked

2018-09-04 10:10:22 - [MESSAGE][PASSED] - Call Test Case 'Test Cases/Sub Script/Navigation_Menu/Menu_Mes_rapports/Nouveau_Rapport/Mes rapports - SELECTION/Verify if checkbox is unchecked/TC 4 Verify Departement checkBox  is un-checked' successfully

2018-09-04 10:10:22 - [TEST_STEP][PASSED] - callTestCase: Call Test Case 'Test Cases/Sub Script/Navigation_Menu/Menu_Mes_rapports/Nouveau_Rapport/Mes rapports - SELECTION/Verify if checkbox is unchecked/TC 5 Verify Caractere juridique du contract checBox  is un-checked' successfully

2018-09-04 10:10:22 - [TEST_CASE][PASSED] - Test Cases/Sub Script/Navigation_Menu/Menu_Mes_rapports/Nouveau_Rapport/Mes rapports - SELECTION/Verify if checkbox is unchecked/TC 5 Verify Caractere juridique du contract checBox  is un-checked: Test Cases/Sub Script/Navigation_Menu/Menu_Mes_rapports/Nouveau_Rapport/Mes rapports - SELECTION/Verify if checkbox is unchecked/TC 5 Verify Caractere juridique du contract checBox  is un-checked

2018-09-04 10:10:22 - [TEST_STEP][PASSED] - uncheck: Object 'Object Repository/Mes rapports Obj/SELECTION/Caratere juridique du contrat' is un-checked

2018-09-04 10:10:22 - [MESSAGE][PASSED] - Object 'Object Repository/Mes rapports Obj/SELECTION/Caratere juridique du contrat' is un-checked

2018-09-04 10:10:22 - [MESSAGE][PASSED] - Call Test Case 'Test Cases/Sub Script/Navigation_Menu/Menu_Mes_rapports/Nouveau_Rapport/Mes rapports - SELECTION/Verify if checkbox is unchecked/TC 5 Verify Caractere juridique du contract checBox  is un-checked' successfully

2018-09-04 10:10:22 - [TEST_STEP][PASSED] - callTestCase: Call Test Case 'Test Cases/Sub Script/Navigation_Menu/Menu_Mes_rapports/Nouveau_Rapport/Mes rapports - SELECTION/Verify if checkbox is unchecked/TC 6 Verify Pays de naissance checkBox  is un-checked' successfully

2018-09-04 10:10:22 - [TEST_CASE][PASSED] - Test Cases/Sub Script/Navigation_Menu/Menu_Mes_rapports/Nouveau_Rapport/Mes rapports - SELECTION/Verify if checkbox is unchecked/TC 6 Verify Pays de naissance checkBox  is un-checked: Test Cases/Sub Script/Navigation_Menu/Menu_Mes_rapports/Nouveau_Rapport/Mes rapports - SELECTION/Verify if checkbox is unchecked/TC 6 Verify Pays de naissance checkBox  is un-checked

2018-09-04 10:10:22 - [TEST_STEP][PASSED] - uncheck: Object 'Object Repository/Mes rapports Obj/SELECTION/Pays de naissance' is un-checked

2018-09-04 10:10:22 - [MESSAGE][PASSED] - Object 'Object Repository/Mes rapports Obj/SELECTION/Pays de naissance' is un-checked

2018-09-04 10:10:22 - [MESSAGE][PASSED] - Call Test Case 'Test Cases/Sub Script/Navigation_Menu/Menu_Mes_rapports/Nouveau_Rapport/Mes rapports - SELECTION/Verify if checkbox is unchecked/TC 6 Verify Pays de naissance checkBox  is un-checked' successfully

2018-09-04 10:10:22 - [TEST_STEP][PASSED] - callTestCase: Call Test Case 'Test Cases/Sub Script/Navigation_Menu/Menu_Mes_rapports/Nouveau_Rapport/Mes rapports - SELECTION/Verify if checkbox is unchecked/TC 7 Verify Sexe checkBox  is un-checked' successfully

2018-09-04 10:10:22 - [TEST_CASE][PASSED] - Test Cases/Sub Script/Navigation_Menu/Menu_Mes_rapports/Nouveau_Rapport/Mes rapports - SELECTION/Verify if checkbox is unchecked/TC 7 Verify Sexe checkBox  is un-checked: Test Cases/Sub Script/Navigation_Menu/Menu_Mes_rapports/Nouveau_Rapport/Mes rapports - SELECTION/Verify if checkbox is unchecked/TC 7 Verify Sexe checkBox  is un-checked

2018-09-04 10:10:22 - [TEST_STEP][PASSED] - uncheck: Object 'Object Repository/Mes rapports Obj/SELECTION/Sexe' is un-checked

2018-09-04 10:10:22 - [MESSAGE][PASSED] - Object 'Object Repository/Mes rapports Obj/SELECTION/Sexe' is un-checked

2018-09-04 10:10:22 - [MESSAGE][PASSED] - Call Test Case 'Test Cases/Sub Script/Navigation_Menu/Menu_Mes_rapports/Nouveau_Rapport/Mes rapports - SELECTION/Verify if checkbox is unchecked/TC 7 Verify Sexe checkBox  is un-checked' successfully

2018-09-04 10:10:22 - [TEST_STEP][PASSED] - callTestCase: Call Test Case 'Test Cases/Sub Script/Navigation_Menu/Menu_Mes_rapports/Nouveau_Rapport/Mes rapports - SELECTION/Verify if checkbox is unchecked/TC 8 Verify Mode de remuneration checkBox  is un-checked' successfully

2018-09-04 10:10:22 - [TEST_CASE][PASSED] - Test Cases/Sub Script/Navigation_Menu/Menu_Mes_rapports/Nouveau_Rapport/Mes rapports - SELECTION/Verify if checkbox is unchecked/TC 8 Verify Mode de remuneration checkBox  is un-checked: Test Cases/Sub Script/Navigation_Menu/Menu_Mes_rapports/Nouveau_Rapport/Mes rapports - SELECTION/Verify if checkbox is unchecked/TC 8 Verify Mode de remuneration checkBox  is un-checked

2018-09-04 10:10:22 - [TEST_STEP][PASSED] - uncheck: Object 'Object Repository/Mes rapports Obj/SELECTION/Mode de remuneration' is un-checked

2018-09-04 10:10:23 - [MESSAGE][PASSED] - Object 'Object Repository/Mes rapports Obj/SELECTION/Mode de remuneration' is un-checked

2018-09-04 10:10:23 - [MESSAGE][PASSED] - Call Test Case 'Test Cases/Sub Script/Navigation_Menu/Menu_Mes_rapports/Nouveau_Rapport/Mes rapports - SELECTION/Verify if checkbox is unchecked/TC 8 Verify Mode de remuneration checkBox  is un-checked' successfully

2018-09-04 10:10:23 - [TEST_STEP][PASSED] - callTestCase: Call Test Case 'Test Cases/Sub Script/Navigation_Menu/Menu_Mes_rapports/Nouveau_Rapport/Mes rapports - SELECTION/Verify if checkbox is unchecked/TC 9 Verify Suspension checkBox  is un-checked' successfully

2018-09-04 10:10:23 - [TEST_CASE][PASSED] - Test Cases/Sub Script/Navigation_Menu/Menu_Mes_rapports/Nouveau_Rapport/Mes rapports - SELECTION/Verify if checkbox is unchecked/TC 9 Verify Suspension checkBox  is un-checked: Test Cases/Sub Script/Navigation_Menu/Menu_Mes_rapports/Nouveau_Rapport/Mes rapports - SELECTION/Verify if checkbox is unchecked/TC 9 Verify Suspension checkBox  is un-checked

2018-09-04 10:10:23 - [TEST_STEP][PASSED] - uncheck: Object 'Object Repository/Mes rapports Obj/SELECTION/Suspension' is un-checked

2018-09-04 10:10:23 - [MESSAGE][PASSED] - Object 'Object Repository/Mes rapports Obj/SELECTION/Suspension' is un-checked

2018-09-04 10:10:23 - [MESSAGE][PASSED] - Call Test Case 'Test Cases/Sub Script/Navigation_Menu/Menu_Mes_rapports/Nouveau_Rapport/Mes rapports - SELECTION/Verify if checkbox is unchecked/TC 9 Verify Suspension checkBox  is un-checked' successfully

2018-09-04 10:10:23 - [MESSAGE][PASSED] - Call Test Case 'Test Cases/Sub Script/Navigation_Menu/Menu_Mes_rapports/Nouveau_Rapport/Mes rapports - SELECTION/Verify if checkbox is unchecked/TC 10 Deselect all checkbox' successfully

2018-09-04 10:10:23 - [TEST_STEP][PASSED] - callTestCase: Call Test Case 'Test Cases/Sub Script/Navigation_Menu/Menu_Mes_rapports/TC Verify the next button arrow' successfully

2018-09-04 10:10:23 - [TEST_CASE][PASSED] - Test Cases/Sub Script/Navigation_Menu/Menu_Mes_rapports/TC Verify the next button arrow: Test Cases/Sub Script/Navigation_Menu/Menu_Mes_rapports/TC Verify the next button arrow

2018-09-04 10:10:23 - [TEST_STEP][PASSED] - waitForElementClickable: Object 'Object Repository/Mes rapports Obj/button_Next_Arrow' is clickable

2018-09-04 10:10:23 - [MESSAGE][PASSED] - Object 'Object Repository/Mes rapports Obj/button_Next_Arrow' is clickable

2018-09-04 10:10:23 - [TEST_STEP][PASSED] - click: Object: 'Object Repository/Mes rapports Obj/button_Next_Arrow' is clicked on

2018-09-04 10:10:23 - [MESSAGE][PASSED] - Object: 'Object Repository/Mes rapports Obj/button_Next_Arrow' is clicked on

2018-09-04 10:10:23 - [TEST_STEP][PASSED] - delay: Delayed 5 second(s)

2018-09-04 10:10:28 - [MESSAGE][PASSED] - Delayed 5 second(s)

2018-09-04 10:10:28 - [TEST_STEP][PASSED] - waitForPageLoad: Wait for page load successfully

2018-09-04 10:10:28 - [MESSAGE][PASSED] - Wait for page load successfully

2018-09-04 10:10:28 - [MESSAGE][PASSED] - Call Test Case 'Test Cases/Sub Script/Navigation_Menu/Menu_Mes_rapports/TC Verify the next button arrow' successfully

2018-09-04 10:10:28 - [TEST_STEP][PASSED] - callTestCase: Call Test Case 'Test Cases/Sub Script/Navigation_Menu/Menu_Mes_rapports/TC Verify Executer button' successfully

2018-09-04 10:10:28 - [TEST_CASE][PASSED] - Test Cases/Sub Script/Navigation_Menu/Menu_Mes_rapports/TC Verify Executer button: Test Cases/Sub Script/Navigation_Menu/Menu_Mes_rapports/TC Verify Executer button

2018-09-04 10:10:28 - [TEST_STEP][PASSED] - click: Object: 'Object Repository/Mes rapports Obj/EXECUTION/Button executer' is clicked on

2018-09-04 10:10:28 - [MESSAGE][PASSED] - Object: 'Object Repository/Mes rapports Obj/EXECUTION/Button executer' is clicked on

2018-09-04 10:10:28 - [TEST_STEP][PASSED] - waitForPageLoad: Wait for page load successfully

2018-09-04 10:10:28 - [MESSAGE][PASSED] - Wait for page load successfully

2018-09-04 10:10:28 - [TEST_STEP][PASSED] - delay: Delayed 3 second(s)

2018-09-04 10:10:31 - [MESSAGE][PASSED] - Delayed 3 second(s)

2018-09-04 10:10:31 - [MESSAGE][PASSED] - Call Test Case 'Test Cases/Sub Script/Navigation_Menu/Menu_Mes_rapports/TC Verify Executer button' successfully

2018-09-04 10:10:31 - [TEST_STEP][PASSED] - callTestCase: Call Test Case 'Test Cases/Sub Script/Navigation_Menu/Menu_Mes_rapports/TC Verify the next button arrow' successfully

2018-09-04 10:10:31 - [TEST_CASE][PASSED] - Test Cases/Sub Script/Navigation_Menu/Menu_Mes_rapports/TC Verify the next button arrow: Test Cases/Sub Script/Navigation_Menu/Menu_Mes_rapports/TC Verify the next button arrow

2018-09-04 10:10:31 - [TEST_STEP][PASSED] - waitForElementClickable: Object 'Object Repository/Mes rapports Obj/button_Next_Arrow' is clickable

2018-09-04 10:10:31 - [MESSAGE][PASSED] - Object 'Object Repository/Mes rapports Obj/button_Next_Arrow' is clickable

2018-09-04 10:10:31 - [TEST_STEP][PASSED] - click: Object: 'Object Repository/Mes rapports Obj/button_Next_Arrow' is clicked on

2018-09-04 10:10:31 - [MESSAGE][PASSED] - Object: 'Object Repository/Mes rapports Obj/button_Next_Arrow' is clicked on

2018-09-04 10:10:31 - [TEST_STEP][PASSED] - delay: Delayed 5 second(s)

2018-09-04 10:10:36 - [MESSAGE][PASSED] - Delayed 5 second(s)

2018-09-04 10:10:36 - [TEST_STEP][PASSED] - waitForPageLoad: Wait for page load successfully

2018-09-04 10:10:36 - [MESSAGE][PASSED] - Wait for page load successfully

2018-09-04 10:10:36 - [MESSAGE][PASSED] - Call Test Case 'Test Cases/Sub Script/Navigation_Menu/Menu_Mes_rapports/TC Verify the next button arrow' successfully

2018-09-04 10:10:36 - [TEST_STEP][PASSED] - waitForElementPresent: Object 'Object Repository/Mes rapports Obj/PROPRIETES/Generalites - input name' is present

2018-09-04 10:10:36 - [MESSAGE][PASSED] - Object 'Object Repository/Mes rapports Obj/PROPRIETES/Generalites - input name' is present

2018-09-04 10:10:36 - [TEST_STEP][PASSED] - waitForElementClickable: Object 'Object Repository/Mes rapports Obj/PROPRIETES/Name - Language dropdown' is clickable

2018-09-04 10:10:36 - [MESSAGE][PASSED] - Object 'Object Repository/Mes rapports Obj/PROPRIETES/Name - Language dropdown' is clickable

2018-09-04 10:10:36 - [TEST_STEP][PASSED] - click: Object: 'Object Repository/Mes rapports Obj/PROPRIETES/Name - Language dropdown' is clicked on

2018-09-04 10:10:36 - [MESSAGE][PASSED] - Object: 'Object Repository/Mes rapports Obj/PROPRIETES/Name - Language dropdown' is clicked on

2018-09-04 10:10:36 - [TEST_STEP][PASSED] - delay: Delayed 1 second(s)

2018-09-04 10:10:37 - [MESSAGE][PASSED] - Delayed 1 second(s)

2018-09-04 10:10:37 - [TEST_STEP][PASSED] - click: Object: 'Object Repository/Mes rapports Obj/PROPRIETES/Name - Francais' is clicked on

2018-09-04 10:10:38 - [MESSAGE][PASSED] - Object: 'Object Repository/Mes rapports Obj/PROPRIETES/Name - Francais' is clicked on

2018-09-04 10:10:38 - [TEST_STEP][PASSED] - focus: Object: 'Object Repository/Mes rapports Obj/PROPRIETES/Generalites - input name' is focused

2018-09-04 10:10:38 - [MESSAGE][PASSED] - Object: 'Object Repository/Mes rapports Obj/PROPRIETES/Generalites - input name' is focused

2018-09-04 10:10:38 - [TEST_STEP][PASSED] - callTestCase: Call Test Case 'Test Cases/Sub Script/Navigation_Menu/Menu_Mes_rapports/Nouveau_Rapport/Mes rapports - PROPRIETES/Generalites section/TC Input name' successfully

2018-09-04 10:10:38 - [TEST_CASE][PASSED] - Test Cases/Sub Script/Navigation_Menu/Menu_Mes_rapports/Nouveau_Rapport/Mes rapports - PROPRIETES/Generalites section/TC Input name: Test Cases/Sub Script/Navigation_Menu/Menu_Mes_rapports/Nouveau_Rapport/Mes rapports - PROPRIETES/Generalites section/TC Input name

2018-09-04 10:10:38 - [TEST_STEP][PASSED] - Statement - rowNo = java.lang.Integer.parseInt(currentTestCaseId): null

2018-09-04 10:10:38 - [TEST_STEP][PASSED] - Statement - excelData = com.kms.katalon.core.testdata.TestDataFactory.findTestData(Data Files/Data/TestData): Reading excel file with source file 'C:\Users\seeboruts\OneDrive - SD Worx\Desktop\Test_Data_Reg.xlsx' and sheet name 'TEST DATA'

2018-09-04 10:10:38 - [TEST_STEP][PASSED] - Statement - If (excelData.getValue(58, rowNo) != ""): null

2018-09-04 10:10:38 - [TEST_STEP][PASSED] - delay: Delayed 1 second(s)

2018-09-04 10:10:39 - [MESSAGE][PASSED] - Delayed 1 second(s)

2018-09-04 10:10:39 - [MESSAGE][PASSED] - Call Test Case 'Test Cases/Sub Script/Navigation_Menu/Menu_Mes_rapports/Nouveau_Rapport/Mes rapports - PROPRIETES/Generalites section/TC Input name' successfully

2018-09-04 10:10:39 - [TEST_STEP][PASSED] - callTestCase: Call Test Case 'Test Cases/Sub Script/Navigation_Menu/Menu_Mes_rapports/Nouveau_Rapport/Mes rapports - PROPRIETES/Generalites section/TC Click on dossier dropdown' successfully

2018-09-04 10:10:39 - [TEST_CASE][PASSED] - Test Cases/Sub Script/Navigation_Menu/Menu_Mes_rapports/Nouveau_Rapport/Mes rapports - PROPRIETES/Generalites section/TC Click on dossier dropdown: Test Cases/Sub Script/Navigation_Menu/Menu_Mes_rapports/Nouveau_Rapport/Mes rapports - PROPRIETES/Generalites section/TC Click on dossier dropdown

2018-09-04 10:10:39 - [TEST_STEP][PASSED] - Statement - dossier = com.kms.katalon.core.webui.keyword.WebUiBuiltInKeywords.modifyObjectProperty(com.kms.katalon.core.testobject.ObjectRepository.findTestObject(Mes rapports Obj/PROPRIETES/Generalities - Dossier dropdown), "xpath", "contains", "//*[@id="s2id_autogen17"]/a", true): Modify property of object successfully

2018-09-04 10:10:39 - [MESSAGE][PASSED] - Modify property of object successfully

2018-09-04 10:10:39 - [TEST_STEP][PASSED] - click: Object: 'Object Repository/Mes rapports Obj/PROPRIETES/Generalities - Dossier dropdown' is clicked on

2018-09-04 10:10:39 - [MESSAGE][PASSED] - Object: 'Object Repository/Mes rapports Obj/PROPRIETES/Generalities - Dossier dropdown' is clicked on

2018-09-04 10:10:39 - [TEST_STEP][PASSED] - delay: Delayed 1 second(s)

2018-09-04 10:10:40 - [MESSAGE][PASSED] - Delayed 1 second(s)

2018-09-04 10:10:40 - [MESSAGE][PASSED] - Call Test Case 'Test Cases/Sub Script/Navigation_Menu/Menu_Mes_rapports/Nouveau_Rapport/Mes rapports - PROPRIETES/Generalites section/TC Click on dossier dropdown' successfully

2018-09-04 10:10:40 - [TEST_STEP][PASSED] - callTestCase: Call Test Case 'Test Cases/Sub Script/Navigation_Menu/Menu_Mes_rapports/Nouveau_Rapport/Mes rapports - PROPRIETES/Generalites section/TC input dossier to be save' successfully

2018-09-04 10:10:40 - [TEST_CASE][PASSED] - Test Cases/Sub Script/Navigation_Menu/Menu_Mes_rapports/Nouveau_Rapport/Mes rapports - PROPRIETES/Generalites section/TC input dossier to be save: Test Cases/Sub Script/Navigation_Menu/Menu_Mes_rapports/Nouveau_Rapport/Mes rapports - PROPRIETES/Generalites section/TC input dossier to be save

2018-09-04 10:10:41 - [TEST_STEP][PASSED] - Statement - rowNo = java.lang.Integer.parseInt(currentTestCaseId): null

2018-09-04 10:10:41 - [TEST_STEP][PASSED] - Statement - excelData = com.kms.katalon.core.testdata.TestDataFactory.findTestData(Data Files/Data/TestData): Reading excel file with source file 'C:\Users\seeboruts\OneDrive - SD Worx\Desktop\Test_Data_Reg.xlsx' and sheet name 'TEST DATA'

2018-09-04 10:10:41 - [TEST_STEP][PASSED] - Statement - If (excelData.getValue(59, rowNo) != ""): null

2018-09-04 10:10:41 - [TEST_STEP][PASSED] - delay: Delayed 1 second(s)

2018-09-04 10:10:42 - [MESSAGE][PASSED] - Delayed 1 second(s)

2018-09-04 10:10:42 - [MESSAGE][PASSED] - Call Test Case 'Test Cases/Sub Script/Navigation_Menu/Menu_Mes_rapports/Nouveau_Rapport/Mes rapports - PROPRIETES/Generalites section/TC input dossier to be save' successfully

2018-09-04 10:10:42 - [TEST_STEP][FAILED] - callTestCase: Unable to call Test Case with id 'Test Cases/Sub Script/Navigation_Menu/Menu_Mes_rapports/TC Verify Sauvegarder button' (Root cause: Call Test Case 'Test Cases/Sub Script/Navigation_Menu/Menu_Mes_rapports/TC Verify Sauvegarder button' failed)

2018-09-04 10:10:42 - [TEST_CASE][FAILED] - Test Cases/Sub Script/Navigation_Menu/Menu_Mes_rapports/TC Verify Sauvegarder button: Test Cases/Sub Script/Navigation_Menu/Menu_Mes_rapports/TC Verify Sauvegarder button FAILED because (of) Unable to click on object 'Object Repository/Page_eBlox Rapportering/Operation/Operation - Sauvegarder button' (Root cause: org.openqa.selenium.InvalidSelectorException: invalid selector: Unable to locate an element with the xpath expression  because of the following error:
SyntaxError: Failed to execute 'evaluate' on 'Document': The string '' is not a valid XPath expression.
  (Session info: chrome=68.0.3440.106)
  (Driver info: chromedriver=2.35.528161 (5b82f2d2aae0ca24b877009200ced9065a772e73),platform=Windows NT 10.0.16299 x86_64) (WARNING: The server did not provide any stacktrace information)
Command duration or timeout: 0 milliseconds
For documentation on this error, please visit: http://seleniumhq.org/exceptions/invalid_selector_exception.html
Build info: version: '3.7.1', revision: '8a0099a', time: '2017-11-06T21:07:36.161Z'
System info: host: '5CG7062KWD', ip: '10.136.82.135', os.name: 'Windows 10', os.arch: 'amd64', os.version: '10.0', java.version: '1.8.0_181'
Driver info: com.kms.katalon.selenium.driver.CChromeDriver
Capabilities {acceptInsecureCerts: false, acceptSslCerts: false, applicationCacheEnabled: false, browserConnectionEnabled: false, browserName: chrome, chrome: {chromedriverVersion: 2.35.528161 (5b82f2d2aae0ca..., userDataDir: C:\Users\SEEBOR~1\AppData\L...}, cssSelectorsEnabled: true, databaseEnabled: false, handlesAlerts: true, hasTouchScreen: false, javascriptEnabled: true, locationContextEnabled: true, mobileEmulationEnabled: false, nativeEvents: true, networkConnectionEnabled: false, pageLoadStrategy: normal, platform: XP, platformName: XP, rotatable: false, setWindowRect: true, takesHeapSnapshot: true, takesScreenshot: true, unexpectedAlertBehaviour: , unhandledPromptBehavior: , version: 68.0.3440.106, webStorageEnabled: true}
Session ID: bf71df4a56a12c732ae7c23b0cc5710d
*** Element info: {Using=xpath, value=})

2018-09-04 10:10:42 - [TEST_STEP][FAILED] - click: Unable to click on object 'Object Repository/Page_eBlox Rapportering/Operation/Operation - Sauvegarder button' (Root cause: org.openqa.selenium.InvalidSelectorException: invalid selector: Unable to locate an element with the xpath expression  because of the following error:
SyntaxError: Failed to execute 'evaluate' on 'Document': The string '' is not a valid XPath expression.
  (Session info: chrome=68.0.3440.106)
  (Driver info: chromedriver=2.35.528161 (5b82f2d2aae0ca24b877009200ced9065a772e73),platform=Windows NT 10.0.16299 x86_64) (WARNING: The server did not provide any stacktrace information)
Command duration or timeout: 0 milliseconds
For documentation on this error, please visit: http://seleniumhq.org/exceptions/invalid_selector_exception.html
Build info: version: '3.7.1', revision: '8a0099a', time: '2017-11-06T21:07:36.161Z'
System info: host: '5CG7062KWD', ip: '10.136.82.135', os.name: 'Windows 10', os.arch: 'amd64', os.version: '10.0', java.version: '1.8.0_181'
Driver info: com.kms.katalon.selenium.driver.CChromeDriver
Capabilities {acceptInsecureCerts: false, acceptSslCerts: false, applicationCacheEnabled: false, browserConnectionEnabled: false, browserName: chrome, chrome: {chromedriverVersion: 2.35.528161 (5b82f2d2aae0ca..., userDataDir: C:\Users\SEEBOR~1\AppData\L...}, cssSelectorsEnabled: true, databaseEnabled: false, handlesAlerts: true, hasTouchScreen: false, javascriptEnabled: true, locationContextEnabled: true, mobileEmulationEnabled: false, nativeEvents: true, networkConnectionEnabled: false, pageLoadStrategy: normal, platform: XP, platformName: XP, rotatable: false, setWindowRect: true, takesHeapSnapshot: true, takesScreenshot: true, unexpectedAlertBehaviour: , unhandledPromptBehavior: , version: 68.0.3440.106, webStorageEnabled: true}
Session ID: bf71df4a56a12c732ae7c23b0cc5710d
*** Element info: {Using=xpath, value=})

2018-09-04 10:11:13 - [MESSAGE][FAILED] - Unable to click on object 'Object Repository/Page_eBlox Rapportering/Operation/Operation - Sauvegarder button' (Root cause: org.openqa.selenium.InvalidSelectorException: invalid selector: Unable to locate an element with the xpath expression  because of the following error:
SyntaxError: Failed to execute 'evaluate' on 'Document': The string '' is not a valid XPath expression.
  (Session info: chrome=68.0.3440.106)
  (Driver info: chromedriver=2.35.528161 (5b82f2d2aae0ca24b877009200ced9065a772e73),platform=Windows NT 10.0.16299 x86_64) (WARNING: The server did not provide any stacktrace information)
Command duration or timeout: 0 milliseconds
For documentation on this error, please visit: http://seleniumhq.org/exceptions/invalid_selector_exception.html
Build info: version: '3.7.1', revision: '8a0099a', time: '2017-11-06T21:07:36.161Z'
System info: host: '5CG7062KWD', ip: '10.136.82.135', os.name: 'Windows 10', os.arch: 'amd64', os.version: '10.0', java.version: '1.8.0_181'
Driver info: com.kms.katalon.selenium.driver.CChromeDriver
Capabilities {acceptInsecureCerts: false, acceptSslCerts: false, applicationCacheEnabled: false, browserConnectionEnabled: false, browserName: chrome, chrome: {chromedriverVersion: 2.35.528161 (5b82f2d2aae0ca..., userDataDir: C:\Users\SEEBOR~1\AppData\L...}, cssSelectorsEnabled: true, databaseEnabled: false, handlesAlerts: true, hasTouchScreen: false, javascriptEnabled: true, locationContextEnabled: true, mobileEmulationEnabled: false, nativeEvents: true, networkConnectionEnabled: false, pageLoadStrategy: normal, platform: XP, platformName: XP, rotatable: false, setWindowRect: true, takesHeapSnapshot: true, takesScreenshot: true, unexpectedAlertBehaviour: , unhandledPromptBehavior: , version: 68.0.3440.106, webStorageEnabled: true}
Session ID: bf71df4a56a12c732ae7c23b0cc5710d
*** Element info: {Using=xpath, value=})
[[ATTACHMENT|C:\\Users\\seeboruts\\OneDrive - SD Worx\\Desktop\\Katalon_eBlox_Reporting\\Reports\\testing\\Demo\\20180904_094517\\1536041473219.png]]

2018-09-04 10:11:13 - [MESSAGE][FAILED] - Unable to call Test Case with id 'Test Cases/Sub Script/Navigation_Menu/Menu_Mes_rapports/TC Verify Sauvegarder button' (Root cause: Call Test Case 'Test Cases/Sub Script/Navigation_Menu/Menu_Mes_rapports/TC Verify Sauvegarder button' failed)]]></system-out>
         <system-err><![CDATA[2018-09-04 10:08:08 - [TEST_CASE][FAILED] - Test Cases/Main Script/TC11 INTERNAL: Test Cases/Main Script/TC11 INTERNAL FAILED because (of) Unable to click on object 'Object Repository/Page_eBlox Rapportering/Operation/Operation - Sauvegarder button' (Root cause: org.openqa.selenium.InvalidSelectorException: invalid selector: Unable to locate an element with the xpath expression  because of the following error:
SyntaxError: Failed to execute 'evaluate' on 'Document': The string '' is not a valid XPath expression.
  (Session info: chrome=68.0.3440.106)
  (Driver info: chromedriver=2.35.528161 (5b82f2d2aae0ca24b877009200ced9065a772e73),platform=Windows NT 10.0.16299 x86_64) (WARNING: The server did not provide any stacktrace information)
Command duration or timeout: 0 milliseconds
For documentation on this error, please visit: http://seleniumhq.org/exceptions/invalid_selector_exception.html
Build info: version: '3.7.1', revision: '8a0099a', time: '2017-11-06T21:07:36.161Z'
System info: host: '5CG7062KWD', ip: '10.136.82.135', os.name: 'Windows 10', os.arch: 'amd64', os.version: '10.0', java.version: '1.8.0_181'
Driver info: com.kms.katalon.selenium.driver.CChromeDriver
Capabilities {acceptInsecureCerts: false, acceptSslCerts: false, applicationCacheEnabled: false, browserConnectionEnabled: false, browserName: chrome, chrome: {chromedriverVersion: 2.35.528161 (5b82f2d2aae0ca..., userDataDir: C:\Users\SEEBOR~1\AppData\L...}, cssSelectorsEnabled: true, databaseEnabled: false, handlesAlerts: true, hasTouchScreen: false, javascriptEnabled: true, locationContextEnabled: true, mobileEmulationEnabled: false, nativeEvents: true, networkConnectionEnabled: false, pageLoadStrategy: normal, platform: XP, platformName: XP, rotatable: false, setWindowRect: true, takesHeapSnapshot: true, takesScreenshot: true, unexpectedAlertBehaviour: , unhandledPromptBehavior: , version: 68.0.3440.106, webStorageEnabled: true}
Session ID: bf71df4a56a12c732ae7c23b0cc5710d
*** Element info: {Using=xpath, value=})]]></system-err>
      </testcase>
      <testcase name="Test Cases/Main Script/TC5 BASIC" classname="Test Cases/Main Script/TC5 BASIC" status="PASSED">
         <system-out><![CDATA[2018-09-04 10:11:13 - [TEST_CASE][PASSED] - Test Cases/Main Script/TC5 BASIC: Test Cases/Main Script/TC5 BASIC

2018-09-04 10:11:13 - [TEST_STEP][PASSED] - Start listener action : sampleBeforeTestCase: Invoke 'com.kms.katalon.core.annotation.BeforeTestCase' method: 'NewTestListener.sampleBeforeTestCase(...)' completed.

2018-09-04 10:11:13 - [TEST_STEP][PASSED] - Statement - println(testCaseContext.getTextCaseId()=$testCaseContext.getTestCaseId()): null

2018-09-04 10:11:13 - [TEST_STEP][PASSED] - Statement - currentTestCaseId = testCaseContext.getTestCaseId(): Invoke 'com.kms.katalon.core.annotation.BeforeTestCase' method: 'NewTestListener.sampleBeforeTestCase(...)' completed.

2018-09-04 10:11:13 - [TEST_STEP][PASSED] - verify_Test_Case_Number.getTestCaseNumber.getTCNo: verify_Test_Case_Number.getTestCaseNumber.getTCNo is PASSED

2018-09-04 10:11:13 - [MESSAGE][PASSED] - verify_Test_Case_Number.getTestCaseNumber.getTCNo is PASSED

2018-09-04 10:11:13 - [TEST_STEP][PASSED] - callTestCase: Call Test Case 'Test Cases/Login/TC1 Login to Mysdworx' successfully

2018-09-04 10:11:13 - [TEST_CASE][PASSED] - Test Cases/Login/TC1 Login to Mysdworx: Test Cases/Login/TC1 Login to Mysdworx

2018-09-04 10:11:13 - [TEST_STEP][PASSED] - openBrowser: Browser is opened with url: ''

2018-09-04 10:11:13 - [MESSAGE][WARNING] - A browser is already opened. Closing browser and opening a new one

2018-09-04 10:11:16 - [MESSAGE][PASSED] - Browser is opened with url: ''

2018-09-04 10:11:16 - [TEST_STEP][PASSED] - navigateToUrl: Navigate to 'https://internet.acc.sd.dika.be/ebloxreporting/web.sensitive/main/?lang=fr' successfully

2018-09-04 10:11:21 - [MESSAGE][PASSED] - Navigate to 'https://internet.acc.sd.dika.be/ebloxreporting/web.sensitive/main/?lang=fr' successfully

2018-09-04 10:11:21 - [TEST_STEP][PASSED] - maximizeWindow: Current window maximized

2018-09-04 10:11:22 - [MESSAGE][PASSED] - Current window maximized

2018-09-04 10:11:22 - [TEST_STEP][PASSED] - setText: Text 'DP_EBLOX_RPP_VASCO' is set on object 'Object Repository/Page_mysdworx - Log in/input_Username'

2018-09-04 10:11:29 - [MESSAGE][PASSED] - Text 'DP_EBLOX_RPP_VASCO' is set on object 'Object Repository/Page_mysdworx - Log in/input_Username'

2018-09-04 10:11:29 - [TEST_STEP][PASSED] - Statement - frame = new javax.swing.JFrame(User Input Frame): null

2018-09-04 10:11:29 - [TEST_STEP][PASSED] - Statement - frame.requestFocus(): null

2018-09-04 10:11:29 - [TEST_STEP][PASSED] - Statement - pass = javax.swing.JOptionPane.showInputDialog(frame, "Enter the password from token!!"): null

2018-09-04 10:11:31 - [TEST_STEP][PASSED] - delay: Delayed 2 second(s)

2018-09-04 10:11:33 - [MESSAGE][PASSED] - Delayed 2 second(s)

2018-09-04 10:11:33 - [TEST_STEP][PASSED] - setText: Text '763261' is set on object 'Object Repository/Page_mysdworx - Log in/input_Password'

2018-09-04 10:11:33 - [MESSAGE][PASSED] - Text '763261' is set on object 'Object Repository/Page_mysdworx - Log in/input_Password'

2018-09-04 10:11:33 - [TEST_STEP][PASSED] - click: Object: 'Object Repository/Page_mysdworx - Log in/button_Se connecter' is clicked on

2018-09-04 10:11:33 - [MESSAGE][PASSED] - Object: 'Object Repository/Page_mysdworx - Log in/button_Se connecter' is clicked on

2018-09-04 10:11:33 - [TEST_STEP][PASSED] - waitForPageLoad: Wait for page load successfully

2018-09-04 10:11:33 - [MESSAGE][PASSED] - Wait for page load successfully

2018-09-04 10:11:33 - [TEST_STEP][NOT_RUN] - closeBrowser: NOT_RUN: closeBrowser

2018-09-04 10:11:33 - [MESSAGE][NOT_RUN] - NOT_RUN: closeBrowser

2018-09-04 10:11:33 - [MESSAGE][PASSED] - Call Test Case 'Test Cases/Login/TC1 Login to Mysdworx' successfully

2018-09-04 10:11:33 - [TEST_STEP][PASSED] - callTestCase: Call Test Case 'Test Cases/Sub Script/Select Language/TC1 Verify NL language' successfully

2018-09-04 10:11:33 - [TEST_CASE][PASSED] - Test Cases/Sub Script/Select Language/TC1 Verify NL language: Test Cases/Sub Script/Select Language/TC1 Verify NL language

2018-09-04 10:11:33 - [TEST_STEP][PASSED] - waitForElementClickable: Object 'Object Repository/Change language link Obj/NL_language' is clickable

2018-09-04 10:12:21 - [MESSAGE][PASSED] - Object 'Object Repository/Change language link Obj/NL_language' is clickable

2018-09-04 10:12:21 - [TEST_STEP][PASSED] - Statement - verify_NL_link = com.kms.katalon.core.webui.keyword.WebUiBuiltInKeywords.verifyElementClickable(com.kms.katalon.core.testobject.ObjectRepository.findTestObject(Change language link Obj/NL_language)): Object 'Object Repository/Change language link Obj/NL_language' is clickable

2018-09-04 10:12:21 - [MESSAGE][PASSED] - Object 'Object Repository/Change language link Obj/NL_language' is clickable

2018-09-04 10:12:21 - [TEST_STEP][PASSED] - Statement - If (verify_NL_link.equals(true)): NL link is clickable !

2018-09-04 10:12:21 - [TEST_STEP][PASSED] - Statement - com.kms.katalon.core.util.KeywordUtil.markPassed("NL link is clickable !"): NL link is clickable !

2018-09-04 10:12:21 - [MESSAGE][PASSED] - NL link is clickable !

2018-09-04 10:12:21 - [TEST_STEP][PASSED] - click: Object: 'Object Repository/Change language link Obj/NL_language' is clicked on

2018-09-04 10:12:34 - [MESSAGE][PASSED] - Object: 'Object Repository/Change language link Obj/NL_language' is clicked on

2018-09-04 10:12:34 - [TEST_STEP][PASSED] - waitForPageLoad: Wait for page load successfully

2018-09-04 10:12:34 - [MESSAGE][PASSED] - Wait for page load successfully

2018-09-04 10:12:34 - [MESSAGE][PASSED] - Call Test Case 'Test Cases/Sub Script/Select Language/TC1 Verify NL language' successfully

2018-09-04 10:12:34 - [TEST_STEP][PASSED] - callTestCase: Call Test Case 'Test Cases/Sub Script/Navigation_Menu/Menu_Mes_rapports/TC Verify Mes rapports tab' successfully

2018-09-04 10:12:34 - [TEST_CASE][PASSED] - Test Cases/Sub Script/Navigation_Menu/Menu_Mes_rapports/TC Verify Mes rapports tab: Test Cases/Sub Script/Navigation_Menu/Menu_Mes_rapports/TC Verify Mes rapports tab

2018-09-04 10:12:34 - [TEST_STEP][PASSED] - click: Object: 'Object Repository/Mes rapports Obj/Mes rapports_tab' is clicked on

2018-09-04 10:12:34 - [MESSAGE][PASSED] - Object: 'Object Repository/Mes rapports Obj/Mes rapports_tab' is clicked on

2018-09-04 10:12:34 - [MESSAGE][PASSED] - Call Test Case 'Test Cases/Sub Script/Navigation_Menu/Menu_Mes_rapports/TC Verify Mes rapports tab' successfully

2018-09-04 10:12:34 - [TEST_STEP][PASSED] - callTestCase: Call Test Case 'Test Cases/Sub Script/Navigation_Menu/Menu_Mes_rapports/Main_Content/TC Input text in search textfield' successfully

2018-09-04 10:12:34 - [TEST_CASE][PASSED] - Test Cases/Sub Script/Navigation_Menu/Menu_Mes_rapports/Main_Content/TC Input text in search textfield: Test Cases/Sub Script/Navigation_Menu/Menu_Mes_rapports/Main_Content/TC Input text in search textfield

2018-09-04 10:12:34 - [TEST_STEP][PASSED] - Statement - excelData = com.kms.katalon.core.testdata.TestDataFactory.findTestData(Data Files/Data/TestData): Reading excel file with source file 'C:\Users\seeboruts\OneDrive - SD Worx\Desktop\Test_Data_Reg.xlsx' and sheet name 'TEST DATA'

2018-09-04 10:12:34 - [TEST_STEP][PASSED] - Statement - rowNo = java.lang.Integer.parseInt(currentTestCaseId): null

2018-09-04 10:12:34 - [TEST_STEP][PASSED] - Statement - If (excelData.getValue(3, rowNo) != ""): Text 'TEST RAPPORT REGRESSIE' is set on object 'Object Repository/Mes rapports Obj/input search filter'

2018-09-04 10:12:34 - [TEST_STEP][PASSED] - setText: Text 'TEST RAPPORT REGRESSIE' is set on object 'Object Repository/Mes rapports Obj/input search filter'

2018-09-04 10:12:40 - [MESSAGE][PASSED] - Text 'TEST RAPPORT REGRESSIE' is set on object 'Object Repository/Mes rapports Obj/input search filter'

2018-09-04 10:12:40 - [MESSAGE][PASSED] - Call Test Case 'Test Cases/Sub Script/Navigation_Menu/Menu_Mes_rapports/Main_Content/TC Input text in search textfield' successfully

2018-09-04 10:12:40 - [TEST_STEP][PASSED] - callTestCase: Call Test Case 'Test Cases/Sub Script/Navigation_Menu/Menu_Mes_rapports/Main_Content/TC Verify info icon function' successfully

2018-09-04 10:12:40 - [TEST_CASE][PASSED] - Test Cases/Sub Script/Navigation_Menu/Menu_Mes_rapports/Main_Content/TC Verify info icon function: Test Cases/Sub Script/Navigation_Menu/Menu_Mes_rapports/Main_Content/TC Verify info icon function

2018-09-04 10:12:40 - [TEST_STEP][PASSED] - click: Object: 'Object Repository/Mes rapports Obj/info_Icon' is clicked on

2018-09-04 10:12:40 - [MESSAGE][PASSED] - Object: 'Object Repository/Mes rapports Obj/info_Icon' is clicked on

2018-09-04 10:12:40 - [TEST_STEP][PASSED] - waitForPageLoad: Wait for page load successfully

2018-09-04 10:12:40 - [MESSAGE][PASSED] - Wait for page load successfully

2018-09-04 10:12:40 - [MESSAGE][PASSED] - Call Test Case 'Test Cases/Sub Script/Navigation_Menu/Menu_Mes_rapports/Main_Content/TC Verify info icon function' successfully

2018-09-04 10:12:40 - [TEST_STEP][PASSED] - callTestCase: Call Test Case 'Test Cases/Sub Script/Navigation_Menu/Menu_Mes_rapports/Main_Content/TC Select report name' successfully

2018-09-04 10:12:40 - [TEST_CASE][PASSED] - Test Cases/Sub Script/Navigation_Menu/Menu_Mes_rapports/Main_Content/TC Select report name: Test Cases/Sub Script/Navigation_Menu/Menu_Mes_rapports/Main_Content/TC Select report name

2018-09-04 10:12:40 - [TEST_STEP][PASSED] - Statement - excelData = com.kms.katalon.core.testdata.TestDataFactory.findTestData(Data Files/Data/TestData): Reading excel file with source file 'C:\Users\seeboruts\OneDrive - SD Worx\Desktop\Test_Data_Reg.xlsx' and sheet name 'TEST DATA'

2018-09-04 10:12:40 - [TEST_STEP][PASSED] - Statement - rowNo = java.lang.Integer.parseInt(currentTestCaseId): null

2018-09-04 10:12:40 - [TEST_STEP][PASSED] - Statement - If (excelData.getValue(3, rowNo) != ""): Wait for page load successfully

2018-09-04 10:12:40 - [TEST_STEP][PASSED] - setText: Text 'TEST RAPPORT REGRESSIE' is set on object 'Object Repository/Mes rapports Obj/input search filter'

2018-09-04 10:12:41 - [MESSAGE][PASSED] - Text 'TEST RAPPORT REGRESSIE' is set on object 'Object Repository/Mes rapports Obj/input search filter'

2018-09-04 10:12:41 - [TEST_STEP][PASSED] - Statement - myTestObject = new com.kms.katalon.core.testobject.TestObject(Select_report_name): null

2018-09-04 10:12:41 - [TEST_STEP][PASSED] - Statement - myTestObject.addProperty("xpath", EQUALS, "//a[@class='hide-on-hover']//span[@text='" + excelData.getValue(3, rowNo) + "']"): null

2018-09-04 10:12:41 - [TEST_STEP][PASSED] - click: Object: 'Select_report_name' is clicked on

2018-09-04 10:12:41 - [MESSAGE][PASSED] - Object: 'Select_report_name' is clicked on

2018-09-04 10:12:41 - [TEST_STEP][PASSED] - waitForPageLoad: Wait for page load successfully

2018-09-04 10:12:41 - [MESSAGE][PASSED] - Wait for page load successfully

2018-09-04 10:12:41 - [TEST_STEP][PASSED] - delay: Delayed 2 second(s)

2018-09-04 10:12:43 - [MESSAGE][PASSED] - Delayed 2 second(s)

2018-09-04 10:12:43 - [MESSAGE][PASSED] - Call Test Case 'Test Cases/Sub Script/Navigation_Menu/Menu_Mes_rapports/Main_Content/TC Select report name' successfully

2018-09-04 10:12:43 - [TEST_STEP][PASSED] - callTestCase: Call Test Case 'Test Cases/Sub Script/Navigation_Menu/Menu_Mes_rapports/Inner_Content/TC Verify Definition tab' successfully

2018-09-04 10:12:43 - [TEST_CASE][PASSED] - Test Cases/Sub Script/Navigation_Menu/Menu_Mes_rapports/Inner_Content/TC Verify Definition tab: Test Cases/Sub Script/Navigation_Menu/Menu_Mes_rapports/Inner_Content/TC Verify Definition tab

2018-09-04 10:12:43 - [TEST_STEP][PASSED] - waitForElementClickable: Object 'Object Repository/Page_eBlox Rapportering/Definition' is clickable

2018-09-04 10:12:43 - [MESSAGE][PASSED] - Object 'Object Repository/Page_eBlox Rapportering/Definition' is clickable

2018-09-04 10:12:43 - [TEST_STEP][PASSED] - Statement - definition = com.kms.katalon.core.webui.keyword.WebUiBuiltInKeywords.modifyObjectProperty(com.kms.katalon.core.testobject.ObjectRepository.findTestObject(Page_eBlox Rapportering/Definition), "xpath", "contains", "//a[contains(text(),'Definitie')]", true): Modify property of object successfully

2018-09-04 10:12:43 - [MESSAGE][PASSED] - Modify property of object successfully

2018-09-04 10:12:43 - [TEST_STEP][PASSED] - click: Object: 'Object Repository/Page_eBlox Rapportering/Definition' is clicked on

2018-09-04 10:12:43 - [MESSAGE][PASSED] - Object: 'Object Repository/Page_eBlox Rapportering/Definition' is clicked on

2018-09-04 10:12:43 - [TEST_STEP][PASSED] - waitForPageLoad: Wait for page load successfully

2018-09-04 10:12:43 - [MESSAGE][PASSED] - Wait for page load successfully

2018-09-04 10:12:43 - [MESSAGE][PASSED] - Call Test Case 'Test Cases/Sub Script/Navigation_Menu/Menu_Mes_rapports/Inner_Content/TC Verify Definition tab' successfully

2018-09-04 10:12:43 - [TEST_STEP][PASSED] - callTestCase: Call Test Case 'Test Cases/Sub Script/Navigation_Menu/Menu_Mes_rapports/Inner_Content/Content_Navigation/TC VErify Contenu tab' successfully

2018-09-04 10:12:43 - [TEST_CASE][PASSED] - Test Cases/Sub Script/Navigation_Menu/Menu_Mes_rapports/Inner_Content/Content_Navigation/TC VErify Contenu tab: Test Cases/Sub Script/Navigation_Menu/Menu_Mes_rapports/Inner_Content/Content_Navigation/TC VErify Contenu tab

2018-09-04 10:12:43 - [TEST_STEP][PASSED] - click: Object: 'Object Repository/Page_eBlox Rapportering/Contenu' is clicked on

2018-09-04 10:12:46 - [MESSAGE][PASSED] - Object: 'Object Repository/Page_eBlox Rapportering/Contenu' is clicked on

2018-09-04 10:12:46 - [TEST_STEP][PASSED] - waitForPageLoad: Wait for page load successfully

2018-09-04 10:12:46 - [MESSAGE][PASSED] - Wait for page load successfully

2018-09-04 10:12:46 - [MESSAGE][PASSED] - Call Test Case 'Test Cases/Sub Script/Navigation_Menu/Menu_Mes_rapports/Inner_Content/Content_Navigation/TC VErify Contenu tab' successfully

2018-09-04 10:12:46 - [TEST_STEP][PASSED] - callTestCase: Call Test Case 'Test Cases/Sub Script/Verify URL/TC Verify Url' successfully

2018-09-04 10:12:46 - [TEST_CASE][PASSED] - Test Cases/Sub Script/Verify URL/TC Verify Url: Test Cases/Sub Script/Verify URL/TC Verify Url

2018-09-04 10:12:46 - [TEST_STEP][PASSED] - waitForPageLoad: Wait for page load successfully

2018-09-04 10:12:46 - [MESSAGE][PASSED] - Wait for page load successfully

2018-09-04 10:12:46 - [TEST_STEP][PASSED] - Statement - url = com.kms.katalon.core.webui.keyword.WebUiBuiltInKeywords.getUrl(): Current window's url is: 'https://internet.acc.sd.dika.be/ebloxreporting/web.sensitive/main/FpyDF/iIz9g8MffKNXfNyb1H/NL/#/definitie/edit/28455/inhoud'

2018-09-04 10:12:46 - [MESSAGE][PASSED] - Current window's url is: 'https://internet.acc.sd.dika.be/ebloxreporting/web.sensitive/main/FpyDF/iIz9g8MffKNXfNyb1H/NL/#/definitie/edit/28455/inhoud'

2018-09-04 10:12:46 - [TEST_STEP][PASSED] - Statement - p = java.util.regex.Pattern.compile("00040 ANTILOPE GROEP"): null

2018-09-04 10:12:46 - [TEST_STEP][PASSED] - Statement - m = p.matcher(url): null

2018-09-04 10:12:46 - [TEST_STEP][PASSED] - Statement - If (m.find()): null

2018-09-04 10:12:46 - [TEST_STEP][PASSED] - Statement - Else: The user name and the concern number are not present in the URL

2018-09-04 10:12:46 - [TEST_STEP][PASSED] - Statement - com.kms.katalon.core.util.KeywordUtil.markPassed("The user name and the concern number are not present in the URL"): The user name and the concern number are not present in the URL

2018-09-04 10:12:46 - [MESSAGE][PASSED] - The user name and the concern number are not present in the URL

2018-09-04 10:12:46 - [TEST_STEP][PASSED] - delay: Delayed 2 second(s)

2018-09-04 10:12:48 - [MESSAGE][PASSED] - Delayed 2 second(s)

2018-09-04 10:12:48 - [MESSAGE][PASSED] - Call Test Case 'Test Cases/Sub Script/Verify URL/TC Verify Url' successfully

2018-09-04 10:12:48 - [TEST_STEP][PASSED] - callTestCase: Call Test Case 'Test Cases/Sub Script/Navigation_Menu/Menu_Mes_rapports/Inner_Content/Content_Navigation/TC Verify Selection tab' successfully

2018-09-04 10:12:48 - [TEST_CASE][PASSED] - Test Cases/Sub Script/Navigation_Menu/Menu_Mes_rapports/Inner_Content/Content_Navigation/TC Verify Selection tab: Test Cases/Sub Script/Navigation_Menu/Menu_Mes_rapports/Inner_Content/Content_Navigation/TC Verify Selection tab

2018-09-04 10:12:48 - [TEST_STEP][PASSED] - click: Object: 'Object Repository/Page_eBlox Rapportering/Selection' is clicked on

2018-09-04 10:12:49 - [MESSAGE][PASSED] - Object: 'Object Repository/Page_eBlox Rapportering/Selection' is clicked on

2018-09-04 10:12:49 - [TEST_STEP][PASSED] - waitForPageLoad: Wait for page load successfully

2018-09-04 10:12:49 - [MESSAGE][PASSED] - Wait for page load successfully

2018-09-04 10:12:49 - [MESSAGE][PASSED] - Call Test Case 'Test Cases/Sub Script/Navigation_Menu/Menu_Mes_rapports/Inner_Content/Content_Navigation/TC Verify Selection tab' successfully

2018-09-04 10:12:49 - [TEST_STEP][PASSED] - callTestCase: Call Test Case 'Test Cases/Sub Script/Verify URL/TC Verify Url' successfully

2018-09-04 10:12:49 - [TEST_CASE][PASSED] - Test Cases/Sub Script/Verify URL/TC Verify Url: Test Cases/Sub Script/Verify URL/TC Verify Url

2018-09-04 10:12:49 - [TEST_STEP][PASSED] - waitForPageLoad: Wait for page load successfully

2018-09-04 10:12:49 - [MESSAGE][PASSED] - Wait for page load successfully

2018-09-04 10:12:49 - [TEST_STEP][PASSED] - Statement - url = com.kms.katalon.core.webui.keyword.WebUiBuiltInKeywords.getUrl(): Current window's url is: 'https://internet.acc.sd.dika.be/ebloxreporting/web.sensitive/main/FpyDF/iIz9g8MffKNXfNyb1H/NL/#/definitie/edit/28455/inhoud'

2018-09-04 10:12:49 - [MESSAGE][PASSED] - Current window's url is: 'https://internet.acc.sd.dika.be/ebloxreporting/web.sensitive/main/FpyDF/iIz9g8MffKNXfNyb1H/NL/#/definitie/edit/28455/inhoud'

2018-09-04 10:12:49 - [TEST_STEP][PASSED] - Statement - p = java.util.regex.Pattern.compile("00040 ANTILOPE GROEP"): null

2018-09-04 10:12:49 - [TEST_STEP][PASSED] - Statement - m = p.matcher(url): null

2018-09-04 10:12:49 - [TEST_STEP][PASSED] - Statement - If (m.find()): null

2018-09-04 10:12:49 - [TEST_STEP][PASSED] - Statement - Else: The user name and the concern number are not present in the URL

2018-09-04 10:12:49 - [TEST_STEP][PASSED] - Statement - com.kms.katalon.core.util.KeywordUtil.markPassed("The user name and the concern number are not present in the URL"): The user name and the concern number are not present in the URL

2018-09-04 10:12:49 - [MESSAGE][PASSED] - The user name and the concern number are not present in the URL

2018-09-04 10:12:49 - [TEST_STEP][PASSED] - delay: Delayed 2 second(s)

2018-09-04 10:12:51 - [MESSAGE][PASSED] - Delayed 2 second(s)

2018-09-04 10:12:51 - [MESSAGE][PASSED] - Call Test Case 'Test Cases/Sub Script/Verify URL/TC Verify Url' successfully

2018-09-04 10:12:51 - [TEST_STEP][PASSED] - callTestCase: Call Test Case 'Test Cases/Sub Script/Navigation_Menu/Menu_Mes_rapports/Inner_Content/Content_Navigation/TC Tableau croise tab' successfully

2018-09-04 10:12:51 - [TEST_CASE][PASSED] - Test Cases/Sub Script/Navigation_Menu/Menu_Mes_rapports/Inner_Content/Content_Navigation/TC Tableau croise tab: Test Cases/Sub Script/Navigation_Menu/Menu_Mes_rapports/Inner_Content/Content_Navigation/TC Tableau croise tab

2018-09-04 10:12:51 - [TEST_STEP][PASSED] - click: Object: 'Object Repository/Page_eBlox Rapportering/Tableau croise' is clicked on

2018-09-04 10:12:52 - [MESSAGE][PASSED] - Object: 'Object Repository/Page_eBlox Rapportering/Tableau croise' is clicked on

2018-09-04 10:12:52 - [TEST_STEP][PASSED] - waitForPageLoad: Wait for page load successfully

2018-09-04 10:12:52 - [MESSAGE][PASSED] - Wait for page load successfully

2018-09-04 10:12:52 - [MESSAGE][PASSED] - Call Test Case 'Test Cases/Sub Script/Navigation_Menu/Menu_Mes_rapports/Inner_Content/Content_Navigation/TC Tableau croise tab' successfully

2018-09-04 10:12:52 - [TEST_STEP][PASSED] - callTestCase: Call Test Case 'Test Cases/Sub Script/Verify URL/TC Verify Url' successfully

2018-09-04 10:12:52 - [TEST_CASE][PASSED] - Test Cases/Sub Script/Verify URL/TC Verify Url: Test Cases/Sub Script/Verify URL/TC Verify Url

2018-09-04 10:12:52 - [TEST_STEP][PASSED] - waitForPageLoad: Wait for page load successfully

2018-09-04 10:12:52 - [MESSAGE][PASSED] - Wait for page load successfully

2018-09-04 10:12:52 - [TEST_STEP][PASSED] - Statement - url = com.kms.katalon.core.webui.keyword.WebUiBuiltInKeywords.getUrl(): Current window's url is: 'https://internet.acc.sd.dika.be/ebloxreporting/web.sensitive/main/FpyDF/iIz9g8MffKNXfNyb1H/NL/#/definitie/edit/28455/selectie'

2018-09-04 10:12:52 - [MESSAGE][PASSED] - Current window's url is: 'https://internet.acc.sd.dika.be/ebloxreporting/web.sensitive/main/FpyDF/iIz9g8MffKNXfNyb1H/NL/#/definitie/edit/28455/selectie'

2018-09-04 10:12:52 - [TEST_STEP][PASSED] - Statement - p = java.util.regex.Pattern.compile("00040 ANTILOPE GROEP"): null

2018-09-04 10:12:52 - [TEST_STEP][PASSED] - Statement - m = p.matcher(url): null

2018-09-04 10:12:52 - [TEST_STEP][PASSED] - Statement - If (m.find()): null

2018-09-04 10:12:52 - [TEST_STEP][PASSED] - Statement - Else: The user name and the concern number are not present in the URL

2018-09-04 10:12:52 - [TEST_STEP][PASSED] - Statement - com.kms.katalon.core.util.KeywordUtil.markPassed("The user name and the concern number are not present in the URL"): The user name and the concern number are not present in the URL

2018-09-04 10:12:52 - [MESSAGE][PASSED] - The user name and the concern number are not present in the URL

2018-09-04 10:12:52 - [TEST_STEP][PASSED] - delay: Delayed 2 second(s)

2018-09-04 10:12:54 - [MESSAGE][PASSED] - Delayed 2 second(s)

2018-09-04 10:12:54 - [MESSAGE][PASSED] - Call Test Case 'Test Cases/Sub Script/Verify URL/TC Verify Url' successfully

2018-09-04 10:12:54 - [TEST_STEP][PASSED] - callTestCase: Call Test Case 'Test Cases/Sub Script/Navigation_Menu/Menu_Mes_rapports/Inner_Content/Content_Navigation/TC VErify Graphiques tab' successfully

2018-09-04 10:12:54 - [TEST_CASE][PASSED] - Test Cases/Sub Script/Navigation_Menu/Menu_Mes_rapports/Inner_Content/Content_Navigation/TC VErify Graphiques tab: Test Cases/Sub Script/Navigation_Menu/Menu_Mes_rapports/Inner_Content/Content_Navigation/TC VErify Graphiques tab

2018-09-04 10:12:54 - [TEST_STEP][PASSED] - click: Object: 'Object Repository/Page_eBlox Rapportering/Graphiques' is clicked on

2018-09-04 10:12:54 - [MESSAGE][PASSED] - Object: 'Object Repository/Page_eBlox Rapportering/Graphiques' is clicked on

2018-09-04 10:12:54 - [TEST_STEP][PASSED] - waitForPageLoad: Wait for page load successfully

2018-09-04 10:12:54 - [MESSAGE][PASSED] - Wait for page load successfully

2018-09-04 10:12:54 - [MESSAGE][PASSED] - Call Test Case 'Test Cases/Sub Script/Navigation_Menu/Menu_Mes_rapports/Inner_Content/Content_Navigation/TC VErify Graphiques tab' successfully

2018-09-04 10:12:54 - [TEST_STEP][PASSED] - callTestCase: Call Test Case 'Test Cases/Sub Script/Verify URL/TC Verify Url' successfully

2018-09-04 10:12:54 - [TEST_CASE][PASSED] - Test Cases/Sub Script/Verify URL/TC Verify Url: Test Cases/Sub Script/Verify URL/TC Verify Url

2018-09-04 10:12:54 - [TEST_STEP][PASSED] - waitForPageLoad: Wait for page load successfully

2018-09-04 10:12:54 - [MESSAGE][PASSED] - Wait for page load successfully

2018-09-04 10:12:54 - [TEST_STEP][PASSED] - Statement - url = com.kms.katalon.core.webui.keyword.WebUiBuiltInKeywords.getUrl(): Current window's url is: 'https://internet.acc.sd.dika.be/ebloxreporting/web.sensitive/main/FpyDF/iIz9g8MffKNXfNyb1H/NL/#/definitie/edit/28455/kruistabel'

2018-09-04 10:12:54 - [MESSAGE][PASSED] - Current window's url is: 'https://internet.acc.sd.dika.be/ebloxreporting/web.sensitive/main/FpyDF/iIz9g8MffKNXfNyb1H/NL/#/definitie/edit/28455/kruistabel'

2018-09-04 10:12:54 - [TEST_STEP][PASSED] - Statement - p = java.util.regex.Pattern.compile("00040 ANTILOPE GROEP"): null

2018-09-04 10:12:54 - [TEST_STEP][PASSED] - Statement - m = p.matcher(url): null

2018-09-04 10:12:54 - [TEST_STEP][PASSED] - Statement - If (m.find()): null

2018-09-04 10:12:54 - [TEST_STEP][PASSED] - Statement - Else: The user name and the concern number are not present in the URL

2018-09-04 10:12:54 - [TEST_STEP][PASSED] - Statement - com.kms.katalon.core.util.KeywordUtil.markPassed("The user name and the concern number are not present in the URL"): The user name and the concern number are not present in the URL

2018-09-04 10:12:54 - [MESSAGE][PASSED] - The user name and the concern number are not present in the URL

2018-09-04 10:12:54 - [TEST_STEP][PASSED] - delay: Delayed 2 second(s)

2018-09-04 10:12:56 - [MESSAGE][PASSED] - Delayed 2 second(s)

2018-09-04 10:12:56 - [MESSAGE][PASSED] - Call Test Case 'Test Cases/Sub Script/Verify URL/TC Verify Url' successfully

2018-09-04 10:12:56 - [TEST_STEP][PASSED] - callTestCase: Call Test Case 'Test Cases/Sub Script/Navigation_Menu/Menu_Mes_rapports/Inner_Content/Content_Navigation/TC Verify Operations tab' successfully

2018-09-04 10:12:56 - [TEST_CASE][PASSED] - Test Cases/Sub Script/Navigation_Menu/Menu_Mes_rapports/Inner_Content/Content_Navigation/TC Verify Operations tab: Test Cases/Sub Script/Navigation_Menu/Menu_Mes_rapports/Inner_Content/Content_Navigation/TC Verify Operations tab

2018-09-04 10:12:56 - [TEST_STEP][PASSED] - click: Object: 'Object Repository/Page_eBlox Rapportering/Operations' is clicked on

2018-09-04 10:12:57 - [MESSAGE][PASSED] - Object: 'Object Repository/Page_eBlox Rapportering/Operations' is clicked on

2018-09-04 10:12:57 - [TEST_STEP][PASSED] - waitForPageLoad: Wait for page load successfully

2018-09-04 10:12:57 - [MESSAGE][PASSED] - Wait for page load successfully

2018-09-04 10:12:57 - [MESSAGE][PASSED] - Call Test Case 'Test Cases/Sub Script/Navigation_Menu/Menu_Mes_rapports/Inner_Content/Content_Navigation/TC Verify Operations tab' successfully

2018-09-04 10:12:57 - [TEST_STEP][PASSED] - callTestCase: Call Test Case 'Test Cases/Sub Script/Verify URL/TC Verify Url' successfully

2018-09-04 10:12:57 - [TEST_CASE][PASSED] - Test Cases/Sub Script/Verify URL/TC Verify Url: Test Cases/Sub Script/Verify URL/TC Verify Url

2018-09-04 10:12:57 - [TEST_STEP][PASSED] - waitForPageLoad: Wait for page load successfully

2018-09-04 10:12:57 - [MESSAGE][PASSED] - Wait for page load successfully

2018-09-04 10:12:57 - [TEST_STEP][PASSED] - Statement - url = com.kms.katalon.core.webui.keyword.WebUiBuiltInKeywords.getUrl(): Current window's url is: 'https://internet.acc.sd.dika.be/ebloxreporting/web.sensitive/main/FpyDF/iIz9g8MffKNXfNyb1H/NL/#/definitie/edit/28455/grafieken'

2018-09-04 10:12:57 - [MESSAGE][PASSED] - Current window's url is: 'https://internet.acc.sd.dika.be/ebloxreporting/web.sensitive/main/FpyDF/iIz9g8MffKNXfNyb1H/NL/#/definitie/edit/28455/grafieken'

2018-09-04 10:12:57 - [TEST_STEP][PASSED] - Statement - p = java.util.regex.Pattern.compile("00040 ANTILOPE GROEP"): null

2018-09-04 10:12:57 - [TEST_STEP][PASSED] - Statement - m = p.matcher(url): null

2018-09-04 10:12:57 - [TEST_STEP][PASSED] - Statement - If (m.find()): null

2018-09-04 10:12:57 - [TEST_STEP][PASSED] - Statement - Else: The user name and the concern number are not present in the URL

2018-09-04 10:12:57 - [TEST_STEP][PASSED] - Statement - com.kms.katalon.core.util.KeywordUtil.markPassed("The user name and the concern number are not present in the URL"): The user name and the concern number are not present in the URL

2018-09-04 10:12:57 - [MESSAGE][PASSED] - The user name and the concern number are not present in the URL

2018-09-04 10:12:57 - [TEST_STEP][PASSED] - delay: Delayed 2 second(s)

2018-09-04 10:12:59 - [MESSAGE][PASSED] - Delayed 2 second(s)

2018-09-04 10:12:59 - [MESSAGE][PASSED] - Call Test Case 'Test Cases/Sub Script/Verify URL/TC Verify Url' successfully

2018-09-04 10:12:59 - [TEST_STEP][PASSED] - callTestCase: Call Test Case 'Test Cases/Sub Script/Navigation_Menu/Menu_Mes_rapports/Inner_Content/Content_Navigation/TC Verify List button icon' successfully

2018-09-04 10:12:59 - [TEST_CASE][PASSED] - Test Cases/Sub Script/Navigation_Menu/Menu_Mes_rapports/Inner_Content/Content_Navigation/TC Verify List button icon: Test Cases/Sub Script/Navigation_Menu/Menu_Mes_rapports/Inner_Content/Content_Navigation/TC Verify List button icon

2018-09-04 10:12:59 - [TEST_STEP][PASSED] - click: Object: 'Object Repository/Page_eBlox Rapportering/List button' is clicked on

2018-09-04 10:13:02 - [MESSAGE][PASSED] - Object: 'Object Repository/Page_eBlox Rapportering/List button' is clicked on

2018-09-04 10:13:02 - [MESSAGE][PASSED] - Call Test Case 'Test Cases/Sub Script/Navigation_Menu/Menu_Mes_rapports/Inner_Content/Content_Navigation/TC Verify List button icon' successfully

2018-09-04 10:13:02 - [TEST_STEP][PASSED] - callTestCase: Call Test Case 'Test Cases/Sub Script/Navigation_Menu/Menu_Mes_rapports/Main_Content/TC VErify text in search textfield' successfully

2018-09-04 10:13:02 - [TEST_CASE][PASSED] - Test Cases/Sub Script/Navigation_Menu/Menu_Mes_rapports/Main_Content/TC VErify text in search textfield: Test Cases/Sub Script/Navigation_Menu/Menu_Mes_rapports/Main_Content/TC VErify text in search textfield

2018-09-04 10:13:02 - [TEST_STEP][PASSED] - Statement - excelData = com.kms.katalon.core.testdata.TestDataFactory.findTestData(Data Files/Data/TestData): Reading excel file with source file 'C:\Users\seeboruts\OneDrive - SD Worx\Desktop\Test_Data_Reg.xlsx' and sheet name 'TEST DATA'

2018-09-04 10:13:02 - [TEST_STEP][PASSED] - Statement - rowNo = java.lang.Integer.parseInt(currentTestCaseId): null

2018-09-04 10:13:02 - [TEST_STEP][PASSED] - Statement - result = com.kms.katalon.core.webui.keyword.WebUiBuiltInKeywords.getText(com.kms.katalon.core.testobject.ObjectRepository.findTestObject(Mes rapports Obj/input search filter)): Text of object 'Object Repository/Mes rapports Obj/input search filter' is: ''

2018-09-04 10:13:03 - [MESSAGE][PASSED] - Text of object 'Object Repository/Mes rapports Obj/input search filter' is: ''

2018-09-04 10:13:03 - [TEST_STEP][PASSED] - Statement - If (result == excelData.getValue(3, rowNo)): null

2018-09-04 10:13:03 - [MESSAGE][PASSED] - Call Test Case 'Test Cases/Sub Script/Navigation_Menu/Menu_Mes_rapports/Main_Content/TC VErify text in search textfield' successfully

2018-09-04 10:13:03 - [TEST_STEP][PASSED] - callTestCase: Call Test Case 'Test Cases/Sub Script/Navigation_Menu/Menu_Mes_rapports/Main_Content/TC Input text in search textfield' successfully

2018-09-04 10:13:03 - [TEST_CASE][PASSED] - Test Cases/Sub Script/Navigation_Menu/Menu_Mes_rapports/Main_Content/TC Input text in search textfield: Test Cases/Sub Script/Navigation_Menu/Menu_Mes_rapports/Main_Content/TC Input text in search textfield

2018-09-04 10:13:03 - [TEST_STEP][PASSED] - Statement - excelData = com.kms.katalon.core.testdata.TestDataFactory.findTestData(Data Files/Data/TestData): Reading excel file with source file 'C:\Users\seeboruts\OneDrive - SD Worx\Desktop\Test_Data_Reg.xlsx' and sheet name 'TEST DATA'

2018-09-04 10:13:03 - [TEST_STEP][PASSED] - Statement - rowNo = java.lang.Integer.parseInt(currentTestCaseId): null

2018-09-04 10:13:03 - [TEST_STEP][PASSED] - Statement - If (excelData.getValue(3, rowNo) != ""): Text 'TEST RAPPORT REGRESSIE' is set on object 'Object Repository/Mes rapports Obj/input search filter'

2018-09-04 10:13:03 - [TEST_STEP][PASSED] - setText: Text 'TEST RAPPORT REGRESSIE' is set on object 'Object Repository/Mes rapports Obj/input search filter'

2018-09-04 10:13:04 - [MESSAGE][PASSED] - Text 'TEST RAPPORT REGRESSIE' is set on object 'Object Repository/Mes rapports Obj/input search filter'

2018-09-04 10:13:04 - [MESSAGE][PASSED] - Call Test Case 'Test Cases/Sub Script/Navigation_Menu/Menu_Mes_rapports/Main_Content/TC Input text in search textfield' successfully

2018-09-04 10:13:04 - [TEST_STEP][PASSED] - callTestCase: Call Test Case 'Test Cases/Sub Script/Navigation_Menu/Menu_Mes_rapports/Main_Content/TC VErify Search icon' successfully

2018-09-04 10:13:04 - [TEST_CASE][PASSED] - Test Cases/Sub Script/Navigation_Menu/Menu_Mes_rapports/Main_Content/TC VErify Search icon: Test Cases/Sub Script/Navigation_Menu/Menu_Mes_rapports/Main_Content/TC VErify Search icon

2018-09-04 10:13:04 - [TEST_STEP][PASSED] - click: Object: 'Object Repository/Page_eBlox Reporting/Search_Icon' is clicked on

2018-09-04 10:13:04 - [MESSAGE][PASSED] - Object: 'Object Repository/Page_eBlox Reporting/Search_Icon' is clicked on

2018-09-04 10:13:04 - [TEST_STEP][PASSED] - waitForPageLoad: Wait for page load successfully

2018-09-04 10:13:04 - [MESSAGE][PASSED] - Wait for page load successfully

2018-09-04 10:13:04 - [MESSAGE][PASSED] - Call Test Case 'Test Cases/Sub Script/Navigation_Menu/Menu_Mes_rapports/Main_Content/TC VErify Search icon' successfully

2018-09-04 10:13:04 - [TEST_STEP][PASSED] - callTestCase: Call Test Case 'Test Cases/Sub Script/Navigation_Menu/Menu_Mes_rapports/Main_Content/TC Select report name' successfully

2018-09-04 10:13:04 - [TEST_CASE][PASSED] - Test Cases/Sub Script/Navigation_Menu/Menu_Mes_rapports/Main_Content/TC Select report name: Test Cases/Sub Script/Navigation_Menu/Menu_Mes_rapports/Main_Content/TC Select report name

2018-09-04 10:13:04 - [TEST_STEP][PASSED] - Statement - excelData = com.kms.katalon.core.testdata.TestDataFactory.findTestData(Data Files/Data/TestData): Reading excel file with source file 'C:\Users\seeboruts\OneDrive - SD Worx\Desktop\Test_Data_Reg.xlsx' and sheet name 'TEST DATA'

2018-09-04 10:13:04 - [TEST_STEP][PASSED] - Statement - rowNo = java.lang.Integer.parseInt(currentTestCaseId): null

2018-09-04 10:13:04 - [TEST_STEP][PASSED] - Statement - If (excelData.getValue(3, rowNo) != ""): Wait for page load successfully

2018-09-04 10:13:04 - [TEST_STEP][PASSED] - setText: Text 'TEST RAPPORT REGRESSIE' is set on object 'Object Repository/Mes rapports Obj/input search filter'

2018-09-04 10:13:04 - [MESSAGE][PASSED] - Text 'TEST RAPPORT REGRESSIE' is set on object 'Object Repository/Mes rapports Obj/input search filter'

2018-09-04 10:13:04 - [TEST_STEP][PASSED] - Statement - myTestObject = new com.kms.katalon.core.testobject.TestObject(Select_report_name): null

2018-09-04 10:13:04 - [TEST_STEP][PASSED] - Statement - myTestObject.addProperty("xpath", EQUALS, "//a[@class='hide-on-hover']//span[@text='" + excelData.getValue(3, rowNo) + "']"): null

2018-09-04 10:13:04 - [TEST_STEP][PASSED] - click: Object: 'Select_report_name' is clicked on

2018-09-04 10:13:04 - [MESSAGE][PASSED] - Object: 'Select_report_name' is clicked on

2018-09-04 10:13:04 - [TEST_STEP][PASSED] - waitForPageLoad: Wait for page load successfully

2018-09-04 10:13:04 - [MESSAGE][PASSED] - Wait for page load successfully

2018-09-04 10:13:04 - [TEST_STEP][PASSED] - delay: Delayed 2 second(s)

2018-09-04 10:13:06 - [MESSAGE][PASSED] - Delayed 2 second(s)

2018-09-04 10:13:06 - [MESSAGE][PASSED] - Call Test Case 'Test Cases/Sub Script/Navigation_Menu/Menu_Mes_rapports/Main_Content/TC Select report name' successfully

2018-09-04 10:13:06 - [TEST_STEP][PASSED] - callTestCase: Call Test Case 'Test Cases/Sub Script/Verify URL/TC Verify Url' successfully

2018-09-04 10:13:06 - [TEST_CASE][PASSED] - Test Cases/Sub Script/Verify URL/TC Verify Url: Test Cases/Sub Script/Verify URL/TC Verify Url

2018-09-04 10:13:06 - [TEST_STEP][PASSED] - waitForPageLoad: Wait for page load successfully

2018-09-04 10:13:06 - [MESSAGE][PASSED] - Wait for page load successfully

2018-09-04 10:13:06 - [TEST_STEP][PASSED] - Statement - url = com.kms.katalon.core.webui.keyword.WebUiBuiltInKeywords.getUrl(): Current window's url is: 'https://internet.acc.sd.dika.be/ebloxreporting/web.sensitive/main/FpyDF/iIz9g8MffKNXfNyb1H/NL/#/uitvoering/26329'

2018-09-04 10:13:06 - [MESSAGE][PASSED] - Current window's url is: 'https://internet.acc.sd.dika.be/ebloxreporting/web.sensitive/main/FpyDF/iIz9g8MffKNXfNyb1H/NL/#/uitvoering/26329'

2018-09-04 10:13:06 - [TEST_STEP][PASSED] - Statement - p = java.util.regex.Pattern.compile("00040 ANTILOPE GROEP"): null

2018-09-04 10:13:06 - [TEST_STEP][PASSED] - Statement - m = p.matcher(url): null

2018-09-04 10:13:06 - [TEST_STEP][PASSED] - Statement - If (m.find()): null

2018-09-04 10:13:06 - [TEST_STEP][PASSED] - Statement - Else: The user name and the concern number are not present in the URL

2018-09-04 10:13:06 - [TEST_STEP][PASSED] - Statement - com.kms.katalon.core.util.KeywordUtil.markPassed("The user name and the concern number are not present in the URL"): The user name and the concern number are not present in the URL

2018-09-04 10:13:06 - [MESSAGE][PASSED] - The user name and the concern number are not present in the URL

2018-09-04 10:13:06 - [TEST_STEP][PASSED] - delay: Delayed 2 second(s)

2018-09-04 10:13:08 - [MESSAGE][PASSED] - Delayed 2 second(s)

2018-09-04 10:13:08 - [MESSAGE][PASSED] - Call Test Case 'Test Cases/Sub Script/Verify URL/TC Verify Url' successfully

2018-09-04 10:13:08 - [TEST_STEP][PASSED] - callTestCase: Call Test Case 'Test Cases/Sub Script/Navigation_Menu/Menu_Mes_rapports/Nouveau_Rapport/Mes rapports - EXECUTION/Saisissez les valeurs souhaitees section/TC Click on reference historic dropdown' successfully

2018-09-04 10:13:08 - [TEST_CASE][PASSED] - Test Cases/Sub Script/Navigation_Menu/Menu_Mes_rapports/Nouveau_Rapport/Mes rapports - EXECUTION/Saisissez les valeurs souhaitees section/TC Click on reference historic dropdown: Test Cases/Sub Script/Navigation_Menu/Menu_Mes_rapports/Nouveau_Rapport/Mes rapports - EXECUTION/Saisissez les valeurs souhaitees section/TC Click on reference historic dropdown

2018-09-04 10:13:08 - [TEST_STEP][PASSED] - Statement - historic = com.kms.katalon.core.webui.keyword.WebUiBuiltInKeywords.modifyObjectProperty(com.kms.katalon.core.testobject.ObjectRepository.findTestObject(Mes rapports Obj/EXECUTION/Description _Date de reference historique), "xpath", "equals", "//*[@id="uitvoering-parameters"]/div/div[2]/div/div/table/tbody/tr[2]/td[2]/div/div/rapp-date-prompt/div/div/rapp-special-values/div/button", true): Modify property of object successfully

2018-09-04 10:13:08 - [MESSAGE][PASSED] - Modify property of object successfully

2018-09-04 10:13:08 - [TEST_STEP][PASSED] - click: Object: 'Object Repository/Mes rapports Obj/EXECUTION/Description _Date de reference historique' is clicked on

2018-09-04 10:13:09 - [MESSAGE][PASSED] - Object: 'Object Repository/Mes rapports Obj/EXECUTION/Description _Date de reference historique' is clicked on

2018-09-04 10:13:09 - [TEST_STEP][PASSED] - delay: Delayed 2 second(s)

2018-09-04 10:13:11 - [MESSAGE][PASSED] - Delayed 2 second(s)

2018-09-04 10:13:11 - [MESSAGE][PASSED] - Call Test Case 'Test Cases/Sub Script/Navigation_Menu/Menu_Mes_rapports/Nouveau_Rapport/Mes rapports - EXECUTION/Saisissez les valeurs souhaitees section/TC Click on reference historic dropdown' successfully

2018-09-04 10:13:11 - [TEST_STEP][PASSED] - callTestCase: Call Test Case 'Test Cases/Sub Script/Navigation_Menu/Menu_Mes_rapports/Nouveau_Rapport/Mes rapports - EXECUTION/Saisissez les valeurs souhaitees section/TC Select historic type from the dropdown' successfully

2018-09-04 10:13:11 - [TEST_CASE][PASSED] - Test Cases/Sub Script/Navigation_Menu/Menu_Mes_rapports/Nouveau_Rapport/Mes rapports - EXECUTION/Saisissez les valeurs souhaitees section/TC Select historic type from the dropdown: Test Cases/Sub Script/Navigation_Menu/Menu_Mes_rapports/Nouveau_Rapport/Mes rapports - EXECUTION/Saisissez les valeurs souhaitees section/TC Select historic type from the dropdown

2018-09-04 10:13:11 - [TEST_STEP][PASSED] - Statement - excelData = com.kms.katalon.core.testdata.TestDataFactory.findTestData(Data Files/Data/TestData): Reading excel file with source file 'C:\Users\seeboruts\OneDrive - SD Worx\Desktop\Test_Data_Reg.xlsx' and sheet name 'TEST DATA'

2018-09-04 10:13:11 - [TEST_STEP][PASSED] - Statement - rowNo = java.lang.Integer.parseInt(currentTestCaseId): null

2018-09-04 10:13:11 - [TEST_STEP][PASSED] - Statement - If (excelData.getValue(45, rowNo) != ""): Object: 'Select_historic_Type' is clicked on

2018-09-04 10:13:11 - [TEST_STEP][PASSED] - Statement - historicRef = new com.kms.katalon.core.testobject.TestObject(Select_historic_Type): null

2018-09-04 10:13:11 - [TEST_STEP][PASSED] - Statement - historicRef.addProperty("xpath", EQUALS, "//a//span[contains(text(),'" + excelData.getValue(45, rowNo) + "')]"): null

2018-09-04 10:13:11 - [TEST_STEP][PASSED] - click: Object: 'Select_historic_Type' is clicked on

2018-09-04 10:13:11 - [MESSAGE][PASSED] - Object: 'Select_historic_Type' is clicked on

2018-09-04 10:13:11 - [TEST_STEP][PASSED] - waitForPageLoad: Wait for page load successfully

2018-09-04 10:13:11 - [MESSAGE][PASSED] - Wait for page load successfully

2018-09-04 10:13:11 - [TEST_STEP][PASSED] - delay: Delayed 2 second(s)

2018-09-04 10:13:13 - [MESSAGE][PASSED] - Delayed 2 second(s)

2018-09-04 10:13:13 - [MESSAGE][PASSED] - Call Test Case 'Test Cases/Sub Script/Navigation_Menu/Menu_Mes_rapports/Nouveau_Rapport/Mes rapports - EXECUTION/Saisissez les valeurs souhaitees section/TC Select historic type from the dropdown' successfully

2018-09-04 10:13:13 - [TEST_STEP][PASSED] - callTestCase: Call Test Case 'Test Cases/Sub Script/Navigation_Menu/Menu_Mes_rapports/TC Verify Executer button' successfully

2018-09-04 10:13:13 - [TEST_CASE][PASSED] - Test Cases/Sub Script/Navigation_Menu/Menu_Mes_rapports/TC Verify Executer button: Test Cases/Sub Script/Navigation_Menu/Menu_Mes_rapports/TC Verify Executer button

2018-09-04 10:13:13 - [TEST_STEP][PASSED] - click: Object: 'Object Repository/Mes rapports Obj/EXECUTION/Button executer' is clicked on

2018-09-04 10:13:13 - [MESSAGE][PASSED] - Object: 'Object Repository/Mes rapports Obj/EXECUTION/Button executer' is clicked on

2018-09-04 10:13:13 - [TEST_STEP][PASSED] - waitForPageLoad: Wait for page load successfully

2018-09-04 10:13:13 - [MESSAGE][PASSED] - Wait for page load successfully

2018-09-04 10:13:13 - [TEST_STEP][PASSED] - delay: Delayed 3 second(s)

2018-09-04 10:13:16 - [MESSAGE][PASSED] - Delayed 3 second(s)

2018-09-04 10:13:16 - [MESSAGE][PASSED] - Call Test Case 'Test Cases/Sub Script/Navigation_Menu/Menu_Mes_rapports/TC Verify Executer button' successfully

2018-09-04 10:13:16 - [TEST_STEP][PASSED] - callTestCase: Call Test Case 'Test Cases/Sub Script/Navigation_Menu/Menu_Mes_rapports/TC Verify Graphique button' successfully

2018-09-04 10:13:16 - [TEST_CASE][PASSED] - Test Cases/Sub Script/Navigation_Menu/Menu_Mes_rapports/TC Verify Graphique button: Test Cases/Sub Script/Navigation_Menu/Menu_Mes_rapports/TC Verify Graphique button

2018-09-04 10:13:16 - [TEST_STEP][PASSED] - waitForElementClickable: Object 'Object Repository/Mes rapports Obj/EXECUTION/Graphique button' is clickable

2018-09-04 10:13:16 - [MESSAGE][PASSED] - Object 'Object Repository/Mes rapports Obj/EXECUTION/Graphique button' is clickable

2018-09-04 10:13:16 - [TEST_STEP][PASSED] - click: Object: 'Object Repository/Mes rapports Obj/EXECUTION/Graphique button' is clicked on

2018-09-04 10:13:17 - [MESSAGE][PASSED] - Object: 'Object Repository/Mes rapports Obj/EXECUTION/Graphique button' is clicked on

2018-09-04 10:13:17 - [TEST_STEP][PASSED] - waitForPageLoad: Wait for page load successfully

2018-09-04 10:13:17 - [MESSAGE][PASSED] - Wait for page load successfully

2018-09-04 10:13:17 - [MESSAGE][PASSED] - Call Test Case 'Test Cases/Sub Script/Navigation_Menu/Menu_Mes_rapports/TC Verify Graphique button' successfully

2018-09-04 10:13:17 - [TEST_STEP][PASSED] - callTestCase: Call Test Case 'Test Cases/Sub Script/Select Language/TC2 Verify FR Language' successfully

2018-09-04 10:13:17 - [TEST_CASE][PASSED] - Test Cases/Sub Script/Select Language/TC2 Verify FR Language: Test Cases/Sub Script/Select Language/TC2 Verify FR Language

2018-09-04 10:13:17 - [TEST_STEP][PASSED] - Statement - verify_FR_link = com.kms.katalon.core.webui.keyword.WebUiBuiltInKeywords.verifyElementClickable(com.kms.katalon.core.testobject.ObjectRepository.findTestObject(Change language link Obj/FR_language)): Object 'Object Repository/Change language link Obj/FR_language' is clickable

2018-09-04 10:13:17 - [MESSAGE][PASSED] - Object 'Object Repository/Change language link Obj/FR_language' is clickable

2018-09-04 10:13:17 - [TEST_STEP][PASSED] - Statement - If (verify_FR_link.equals(true)): NL link is clickable !

2018-09-04 10:13:17 - [TEST_STEP][PASSED] - Statement - com.kms.katalon.core.util.KeywordUtil.markPassed("NL link is clickable !"): NL link is clickable !

2018-09-04 10:13:17 - [MESSAGE][PASSED] - NL link is clickable !

2018-09-04 10:13:17 - [TEST_STEP][PASSED] - click: Object: 'Object Repository/Change language link Obj/FR_language' is clicked on

2018-09-04 10:13:31 - [MESSAGE][PASSED] - Object: 'Object Repository/Change language link Obj/FR_language' is clicked on

2018-09-04 10:13:31 - [TEST_STEP][PASSED] - waitForPageLoad: Wait for page load successfully

2018-09-04 10:13:31 - [MESSAGE][PASSED] - Wait for page load successfully

2018-09-04 10:13:31 - [MESSAGE][PASSED] - Call Test Case 'Test Cases/Sub Script/Select Language/TC2 Verify FR Language' successfully

2018-09-04 10:13:31 - [TEST_STEP][PASSED] - closeBrowser: Browser is closed

2018-09-04 10:13:32 - [MESSAGE][PASSED] - Browser is closed]]></system-out>
         <system-err><![CDATA[]]></system-err>
      </testcase>
      <testcase name="Test Cases/Main Script/TC4 BASED ON MY REPORTS" classname="Test Cases/Main Script/TC4 BASED ON MY REPORTS" status="PASSED">
         <system-out><![CDATA[2018-09-04 10:13:32 - [TEST_CASE][PASSED] - Test Cases/Main Script/TC4 BASED ON MY REPORTS: Test Cases/Main Script/TC4 BASED ON MY REPORTS

2018-09-04 10:13:32 - [TEST_STEP][PASSED] - Start listener action : sampleBeforeTestCase: Invoke 'com.kms.katalon.core.annotation.BeforeTestCase' method: 'NewTestListener.sampleBeforeTestCase(...)' completed.

2018-09-04 10:13:32 - [TEST_STEP][PASSED] - Statement - println(testCaseContext.getTextCaseId()=$testCaseContext.getTestCaseId()): null

2018-09-04 10:13:32 - [TEST_STEP][PASSED] - Statement - currentTestCaseId = testCaseContext.getTestCaseId(): Invoke 'com.kms.katalon.core.annotation.BeforeTestCase' method: 'NewTestListener.sampleBeforeTestCase(...)' completed.

2018-09-04 10:13:32 - [TEST_STEP][PASSED] - verify_Test_Case_Number.getTestCaseNumber.getTCNo: verify_Test_Case_Number.getTestCaseNumber.getTCNo is PASSED

2018-09-04 10:13:32 - [MESSAGE][PASSED] - verify_Test_Case_Number.getTestCaseNumber.getTCNo is PASSED

2018-09-04 10:13:32 - [TEST_STEP][PASSED] - callTestCase: Call Test Case 'Test Cases/Login/TC1 Login to Mysdworx' successfully

2018-09-04 10:13:32 - [TEST_CASE][PASSED] - Test Cases/Login/TC1 Login to Mysdworx: Test Cases/Login/TC1 Login to Mysdworx

2018-09-04 10:13:32 - [TEST_STEP][PASSED] - openBrowser: Browser is opened with url: ''

2018-09-04 10:13:34 - [MESSAGE][PASSED] - Browser is opened with url: ''

2018-09-04 10:13:34 - [TEST_STEP][PASSED] - navigateToUrl: Navigate to 'https://internet.acc.sd.dika.be/ebloxreporting/web.sensitive/main/?lang=fr' successfully

2018-09-04 10:13:40 - [MESSAGE][PASSED] - Navigate to 'https://internet.acc.sd.dika.be/ebloxreporting/web.sensitive/main/?lang=fr' successfully

2018-09-04 10:13:40 - [TEST_STEP][PASSED] - maximizeWindow: Current window maximized

2018-09-04 10:13:41 - [MESSAGE][PASSED] - Current window maximized

2018-09-04 10:13:41 - [TEST_STEP][PASSED] - setText: Text 'DP_EBLOX_RPP_VASCO' is set on object 'Object Repository/Page_mysdworx - Log in/input_Username'

2018-09-04 10:13:52 - [MESSAGE][PASSED] - Text 'DP_EBLOX_RPP_VASCO' is set on object 'Object Repository/Page_mysdworx - Log in/input_Username'

2018-09-04 10:13:52 - [TEST_STEP][PASSED] - Statement - frame = new javax.swing.JFrame(User Input Frame): null

2018-09-04 10:13:52 - [TEST_STEP][PASSED] - Statement - frame.requestFocus(): null

2018-09-04 10:13:52 - [TEST_STEP][PASSED] - Statement - pass = javax.swing.JOptionPane.showInputDialog(frame, "Enter the password from token!!"): null

2018-09-04 10:13:55 - [TEST_STEP][PASSED] - delay: Delayed 2 second(s)

2018-09-04 10:13:57 - [MESSAGE][PASSED] - Delayed 2 second(s)

2018-09-04 10:13:57 - [TEST_STEP][PASSED] - setText: Text '591220' is set on object 'Object Repository/Page_mysdworx - Log in/input_Password'

2018-09-04 10:13:57 - [MESSAGE][PASSED] - Text '591220' is set on object 'Object Repository/Page_mysdworx - Log in/input_Password'

2018-09-04 10:13:57 - [TEST_STEP][PASSED] - click: Object: 'Object Repository/Page_mysdworx - Log in/button_Se connecter' is clicked on

2018-09-04 10:13:57 - [MESSAGE][PASSED] - Object: 'Object Repository/Page_mysdworx - Log in/button_Se connecter' is clicked on

2018-09-04 10:13:57 - [TEST_STEP][PASSED] - waitForPageLoad: Wait for page load successfully

2018-09-04 10:13:57 - [MESSAGE][PASSED] - Wait for page load successfully

2018-09-04 10:13:57 - [TEST_STEP][NOT_RUN] - closeBrowser: NOT_RUN: closeBrowser

2018-09-04 10:13:57 - [MESSAGE][NOT_RUN] - NOT_RUN: closeBrowser

2018-09-04 10:13:57 - [MESSAGE][PASSED] - Call Test Case 'Test Cases/Login/TC1 Login to Mysdworx' successfully

2018-09-04 10:13:57 - [TEST_STEP][PASSED] - callTestCase: Call Test Case 'Test Cases/Sub Script/Select Language/TC1 Verify NL language' successfully

2018-09-04 10:13:57 - [TEST_CASE][PASSED] - Test Cases/Sub Script/Select Language/TC1 Verify NL language: Test Cases/Sub Script/Select Language/TC1 Verify NL language

2018-09-04 10:13:57 - [TEST_STEP][PASSED] - waitForElementClickable: Object 'Object Repository/Change language link Obj/NL_language' is clickable

2018-09-04 10:14:45 - [MESSAGE][PASSED] - Object 'Object Repository/Change language link Obj/NL_language' is clickable

2018-09-04 10:14:45 - [TEST_STEP][PASSED] - Statement - verify_NL_link = com.kms.katalon.core.webui.keyword.WebUiBuiltInKeywords.verifyElementClickable(com.kms.katalon.core.testobject.ObjectRepository.findTestObject(Change language link Obj/NL_language)): Object 'Object Repository/Change language link Obj/NL_language' is clickable

2018-09-04 10:14:45 - [MESSAGE][PASSED] - Object 'Object Repository/Change language link Obj/NL_language' is clickable

2018-09-04 10:14:45 - [TEST_STEP][PASSED] - Statement - If (verify_NL_link.equals(true)): NL link is clickable !

2018-09-04 10:14:45 - [TEST_STEP][PASSED] - Statement - com.kms.katalon.core.util.KeywordUtil.markPassed("NL link is clickable !"): NL link is clickable !

2018-09-04 10:14:45 - [MESSAGE][PASSED] - NL link is clickable !

2018-09-04 10:14:45 - [TEST_STEP][PASSED] - click: Object: 'Object Repository/Change language link Obj/NL_language' is clicked on

2018-09-04 10:14:53 - [MESSAGE][PASSED] - Object: 'Object Repository/Change language link Obj/NL_language' is clicked on

2018-09-04 10:14:53 - [TEST_STEP][PASSED] - waitForPageLoad: Wait for page load successfully

2018-09-04 10:14:53 - [MESSAGE][PASSED] - Wait for page load successfully

2018-09-04 10:14:53 - [MESSAGE][PASSED] - Call Test Case 'Test Cases/Sub Script/Select Language/TC1 Verify NL language' successfully

2018-09-04 10:14:53 - [TEST_STEP][PASSED] - callTestCase: Call Test Case 'Test Cases/Sub Script/Navigation_Menu/Menu_Mes_rapports/TC Verify Nouveau rapport button' successfully

2018-09-04 10:14:53 - [TEST_CASE][PASSED] - Test Cases/Sub Script/Navigation_Menu/Menu_Mes_rapports/TC Verify Nouveau rapport button: Test Cases/Sub Script/Navigation_Menu/Menu_Mes_rapports/TC Verify Nouveau rapport button

2018-09-04 10:14:53 - [TEST_STEP][PASSED] - click: Object: 'Object Repository/Mes rapports Obj/button_Nouveau rapport' is clicked on

2018-09-04 10:14:59 - [MESSAGE][PASSED] - Object: 'Object Repository/Mes rapports Obj/button_Nouveau rapport' is clicked on

2018-09-04 10:14:59 - [TEST_STEP][PASSED] - waitForPageLoad: Wait for page load successfully

2018-09-04 10:14:59 - [MESSAGE][PASSED] - Wait for page load successfully

2018-09-04 10:14:59 - [MESSAGE][PASSED] - Call Test Case 'Test Cases/Sub Script/Navigation_Menu/Menu_Mes_rapports/TC Verify Nouveau rapport button' successfully

2018-09-04 10:14:59 - [TEST_STEP][PASSED] - callTestCase: Call Test Case 'Test Cases/Sub Script/Navigation_Menu/Menu_Mes_rapports/Nouveau_Rapport/Mes rapports - BASE DE RAPPORT/TC Verify radio button Baser sur un rapport issu de Mes rapports' successfully

2018-09-04 10:14:59 - [TEST_CASE][PASSED] - Test Cases/Sub Script/Navigation_Menu/Menu_Mes_rapports/Nouveau_Rapport/Mes rapports - BASE DE RAPPORT/TC Verify radio button Baser sur un rapport issu de Mes rapports: Test Cases/Sub Script/Navigation_Menu/Menu_Mes_rapports/Nouveau_Rapport/Mes rapports - BASE DE RAPPORT/TC Verify radio button Baser sur un rapport issu de Mes rapports

2018-09-04 10:14:59 - [TEST_STEP][PASSED] - click: Object: 'Object Repository/Mes rapports Obj/BASE DE RAPPORT/radioButton_Baser sur un rapport issu de Mes rapports' is clicked on

2018-09-04 10:15:00 - [MESSAGE][PASSED] - Object: 'Object Repository/Mes rapports Obj/BASE DE RAPPORT/radioButton_Baser sur un rapport issu de Mes rapports' is clicked on

2018-09-04 10:15:00 - [MESSAGE][PASSED] - Call Test Case 'Test Cases/Sub Script/Navigation_Menu/Menu_Mes_rapports/Nouveau_Rapport/Mes rapports - BASE DE RAPPORT/TC Verify radio button Baser sur un rapport issu de Mes rapports' successfully

2018-09-04 10:15:00 - [TEST_STEP][PASSED] - callTestCase: Call Test Case 'Test Cases/Sub Script/Navigation_Menu/Menu_Mes_rapports/Main_Content/TC Click on mes rapport dropdown' successfully

2018-09-04 10:15:01 - [TEST_CASE][PASSED] - Test Cases/Sub Script/Navigation_Menu/Menu_Mes_rapports/Main_Content/TC Click on mes rapport dropdown: Test Cases/Sub Script/Navigation_Menu/Menu_Mes_rapports/Main_Content/TC Click on mes rapport dropdown

2018-09-04 10:15:01 - [TEST_STEP][PASSED] - click: Object: 'Object Repository/Mes rapports Obj/BASE DE RAPPORT/Baser sur un rapport issu de mes rapport dropdown' is clicked on

2018-09-04 10:15:01 - [MESSAGE][PASSED] - Object: 'Object Repository/Mes rapports Obj/BASE DE RAPPORT/Baser sur un rapport issu de mes rapport dropdown' is clicked on

2018-09-04 10:15:01 - [TEST_STEP][PASSED] - delay: Delayed 2 second(s)

2018-09-04 10:15:03 - [MESSAGE][PASSED] - Delayed 2 second(s)

2018-09-04 10:15:03 - [MESSAGE][PASSED] - Call Test Case 'Test Cases/Sub Script/Navigation_Menu/Menu_Mes_rapports/Main_Content/TC Click on mes rapport dropdown' successfully

2018-09-04 10:15:03 - [TEST_STEP][NOT_RUN] - callTestCase: NOT_RUN: callTestCase

2018-09-04 10:15:03 - [MESSAGE][NOT_RUN] - NOT_RUN: callTestCase

2018-09-04 10:15:03 - [TEST_STEP][PASSED] - setText: Text 'TEST 2 MAU JAN 2018 (SANJIV)' is set on object 'Object Repository/Mes rapports Obj/BASE DE RAPPORT/Mes rapport input'

2018-09-04 10:15:04 - [MESSAGE][PASSED] - Text 'TEST 2 MAU JAN 2018 (SANJIV)' is set on object 'Object Repository/Mes rapports Obj/BASE DE RAPPORT/Mes rapport input'

2018-09-04 10:15:04 - [TEST_STEP][PASSED] - sendKeys: Keys 'ENTER + ' sent to object: 'Object Repository/Mes rapports Obj/BASE DE RAPPORT/Mes rapport input'

2018-09-04 10:15:04 - [MESSAGE][PASSED] - Keys 'ENTER + ' sent to object: 'Object Repository/Mes rapports Obj/BASE DE RAPPORT/Mes rapport input'

2018-09-04 10:15:04 - [TEST_STEP][PASSED] - callTestCase: Call Test Case 'Test Cases/Sub Script/Navigation_Menu/Menu_Mes_rapports/TC Verify the next button arrow' successfully

2018-09-04 10:15:04 - [TEST_CASE][PASSED] - Test Cases/Sub Script/Navigation_Menu/Menu_Mes_rapports/TC Verify the next button arrow: Test Cases/Sub Script/Navigation_Menu/Menu_Mes_rapports/TC Verify the next button arrow

2018-09-04 10:15:04 - [TEST_STEP][PASSED] - waitForElementClickable: Object 'Object Repository/Mes rapports Obj/button_Next_Arrow' is clickable

2018-09-04 10:15:04 - [MESSAGE][PASSED] - Object 'Object Repository/Mes rapports Obj/button_Next_Arrow' is clickable

2018-09-04 10:15:04 - [TEST_STEP][PASSED] - click: Object: 'Object Repository/Mes rapports Obj/button_Next_Arrow' is clicked on

2018-09-04 10:15:04 - [MESSAGE][PASSED] - Object: 'Object Repository/Mes rapports Obj/button_Next_Arrow' is clicked on

2018-09-04 10:15:04 - [TEST_STEP][PASSED] - delay: Delayed 5 second(s)

2018-09-04 10:15:09 - [MESSAGE][PASSED] - Delayed 5 second(s)

2018-09-04 10:15:09 - [TEST_STEP][PASSED] - waitForPageLoad: Wait for page load successfully

2018-09-04 10:15:09 - [MESSAGE][PASSED] - Wait for page load successfully

2018-09-04 10:15:09 - [MESSAGE][PASSED] - Call Test Case 'Test Cases/Sub Script/Navigation_Menu/Menu_Mes_rapports/TC Verify the next button arrow' successfully

2018-09-04 10:15:09 - [TEST_STEP][PASSED] - callTestCase: Call Test Case 'Test Cases/Sub Script/Navigation_Menu/TC Read data in table' successfully

2018-09-04 10:15:09 - [TEST_CASE][PASSED] - Test Cases/Sub Script/Navigation_Menu/TC Read data in table: Test Cases/Sub Script/Navigation_Menu/TC Read data in table

2018-09-04 10:15:09 - [TEST_STEP][PASSED] - Statement - driver = com.kms.katalon.core.webui.driver.DriverFactory.getWebDriver(): null

2018-09-04 10:15:09 - [TEST_STEP][PASSED] - Statement - ExpectedValue = "Bedrijfswagen: nummerplaat": null

2018-09-04 10:15:09 - [TEST_STEP][PASSED] - Statement - Table = driver.findElement(org.openqa.selenium.By.xpath("//table/tbody")): null

2018-09-04 10:15:09 - [TEST_STEP][PASSED] - Statement - rows_table = Table.findElements(org.openqa.selenium.By.tagName("tr")): null

2018-09-04 10:15:09 - [TEST_STEP][PASSED] - Statement - rows_count = rows_table.size(): null

2018-09-04 10:15:09 - [TEST_STEP][PASSED] - Statement - For ([row = 0, row < rows_count, (row++)]): null

2018-09-04 10:15:09 - [TEST_STEP][PASSED] - Statement - Columns_row = rows_table.get(row).findElements(org.openqa.selenium.By.tagName("td")): null

2018-09-04 10:15:09 - [TEST_STEP][PASSED] - Statement - columns_count = Columns_row.size(): null

2018-09-04 10:15:09 - [TEST_STEP][PASSED] - Statement - println("Number of cells In Row " + row + " are " + columns_count): null

2018-09-04 10:15:09 - [TEST_STEP][PASSED] - Statement - For ([column = 0, column < columns_count, (column++)]): null

2018-09-04 10:15:09 - [TEST_STEP][PASSED] - Statement - celltext = Columns_row.get(column).getText(): null

2018-09-04 10:15:09 - [TEST_STEP][PASSED] - Statement - println("Cell Value Of row number " + row + " and column number " + column + " Is " + celltext): null

2018-09-04 10:15:09 - [TEST_STEP][PASSED] - Statement - If (celltext == ExpectedValue): null

2018-09-04 10:15:09 - [TEST_STEP][PASSED] - Statement - celltext = Columns_row.get(column).getText(): null

2018-09-04 10:15:09 - [TEST_STEP][PASSED] - Statement - println("Cell Value Of row number " + row + " and column number " + column + " Is " + celltext): null

2018-09-04 10:15:09 - [TEST_STEP][PASSED] - Statement - If (celltext == ExpectedValue): null

2018-09-04 10:15:09 - [TEST_STEP][PASSED] - Statement - celltext = Columns_row.get(column).getText(): null

2018-09-04 10:15:09 - [TEST_STEP][PASSED] - Statement - println("Cell Value Of row number " + row + " and column number " + column + " Is " + celltext): null

2018-09-04 10:15:09 - [TEST_STEP][PASSED] - Statement - If (celltext == ExpectedValue): null

2018-09-04 10:15:09 - [TEST_STEP][PASSED] - Statement - Columns_row = rows_table.get(row).findElements(org.openqa.selenium.By.tagName("td")): null

2018-09-04 10:15:09 - [TEST_STEP][PASSED] - Statement - columns_count = Columns_row.size(): null

2018-09-04 10:15:09 - [TEST_STEP][PASSED] - Statement - println("Number of cells In Row " + row + " are " + columns_count): null

2018-09-04 10:15:09 - [TEST_STEP][PASSED] - Statement - For ([column = 0, column < columns_count, (column++)]): null

2018-09-04 10:15:09 - [TEST_STEP][PASSED] - Statement - celltext = Columns_row.get(column).getText(): null

2018-09-04 10:15:09 - [TEST_STEP][PASSED] - Statement - println("Cell Value Of row number " + row + " and column number " + column + " Is " + celltext): null

2018-09-04 10:15:09 - [TEST_STEP][PASSED] - Statement - If (celltext == ExpectedValue): null

2018-09-04 10:15:09 - [TEST_STEP][PASSED] - Statement - celltext = Columns_row.get(column).getText(): null

2018-09-04 10:15:09 - [TEST_STEP][PASSED] - Statement - println("Cell Value Of row number " + row + " and column number " + column + " Is " + celltext): null

2018-09-04 10:15:09 - [TEST_STEP][PASSED] - Statement - If (celltext == ExpectedValue): null

2018-09-04 10:15:09 - [TEST_STEP][PASSED] - Statement - celltext = Columns_row.get(column).getText(): null

2018-09-04 10:15:09 - [TEST_STEP][PASSED] - Statement - println("Cell Value Of row number " + row + " and column number " + column + " Is " + celltext): null

2018-09-04 10:15:09 - [TEST_STEP][PASSED] - Statement - If (celltext == ExpectedValue): null

2018-09-04 10:15:09 - [TEST_STEP][PASSED] - Statement - Columns_row = rows_table.get(row).findElements(org.openqa.selenium.By.tagName("td")): null

2018-09-04 10:15:09 - [TEST_STEP][PASSED] - Statement - columns_count = Columns_row.size(): null

2018-09-04 10:15:09 - [TEST_STEP][PASSED] - Statement - println("Number of cells In Row " + row + " are " + columns_count): null

2018-09-04 10:15:09 - [TEST_STEP][PASSED] - Statement - For ([column = 0, column < columns_count, (column++)]): null

2018-09-04 10:15:09 - [TEST_STEP][PASSED] - Statement - celltext = Columns_row.get(column).getText(): null

2018-09-04 10:15:09 - [TEST_STEP][PASSED] - Statement - println("Cell Value Of row number " + row + " and column number " + column + " Is " + celltext): null

2018-09-04 10:15:09 - [TEST_STEP][PASSED] - Statement - If (celltext == ExpectedValue): null

2018-09-04 10:15:09 - [TEST_STEP][PASSED] - Statement - celltext = Columns_row.get(column).getText(): null

2018-09-04 10:15:09 - [TEST_STEP][PASSED] - Statement - println("Cell Value Of row number " + row + " and column number " + column + " Is " + celltext): null

2018-09-04 10:15:09 - [TEST_STEP][PASSED] - Statement - If (celltext == ExpectedValue): null

2018-09-04 10:15:09 - [TEST_STEP][PASSED] - Statement - celltext = Columns_row.get(column).getText(): null

2018-09-04 10:15:10 - [TEST_STEP][PASSED] - Statement - println("Cell Value Of row number " + row + " and column number " + column + " Is " + celltext): null

2018-09-04 10:15:10 - [TEST_STEP][PASSED] - Statement - If (celltext == ExpectedValue): null

2018-09-04 10:15:10 - [TEST_STEP][PASSED] - Statement - Columns_row = rows_table.get(row).findElements(org.openqa.selenium.By.tagName("td")): null

2018-09-04 10:15:10 - [TEST_STEP][PASSED] - Statement - columns_count = Columns_row.size(): null

2018-09-04 10:15:10 - [TEST_STEP][PASSED] - Statement - println("Number of cells In Row " + row + " are " + columns_count): null

2018-09-04 10:15:10 - [TEST_STEP][PASSED] - Statement - For ([column = 0, column < columns_count, (column++)]): null

2018-09-04 10:15:10 - [TEST_STEP][PASSED] - Statement - celltext = Columns_row.get(column).getText(): null

2018-09-04 10:15:10 - [TEST_STEP][PASSED] - Statement - println("Cell Value Of row number " + row + " and column number " + column + " Is " + celltext): null

2018-09-04 10:15:10 - [TEST_STEP][PASSED] - Statement - If (celltext == ExpectedValue): null

2018-09-04 10:15:10 - [TEST_STEP][PASSED] - Statement - clickOnContenu = new com.kms.katalon.core.testobject.TestObject(clickOnContenu): null

2018-09-04 10:15:10 - [TEST_STEP][PASSED] - Statement - clickOnContenu.addProperty("xpath", EQUALS, "//tr//td//strong[contains(text(),'Bedrijfswagen: nummerplaat')]"): null

2018-09-04 10:15:10 - [TEST_STEP][PASSED] - click: Object: 'clickOnContenu' is clicked on

2018-09-04 10:15:10 - [MESSAGE][PASSED] - Object: 'clickOnContenu' is clicked on

2018-09-04 10:15:10 - [TEST_STEP][PASSED] - Statement - deleteContenu = new com.kms.katalon.core.testobject.TestObject(Delete_icon): null

2018-09-04 10:15:10 - [TEST_STEP][PASSED] - Statement - deleteContenu.addProperty("xpath", EQUALS, "//*[@id="veldInEdit"]/div/div[1]/div[3]/div/button"): null

2018-09-04 10:15:10 - [TEST_STEP][PASSED] - click: Object: 'Delete_icon' is clicked on

2018-09-04 10:15:10 - [MESSAGE][PASSED] - Object: 'Delete_icon' is clicked on

2018-09-04 10:15:10 - [TEST_STEP][PASSED] - Statement - Break: null

2018-09-04 10:15:10 - [MESSAGE][PASSED] - Call Test Case 'Test Cases/Sub Script/Navigation_Menu/TC Read data in table' successfully

2018-09-04 10:15:10 - [TEST_STEP][PASSED] - callTestCase: Call Test Case 'Test Cases/Sub Script/Verify URL/TC Verify Url' successfully

2018-09-04 10:15:10 - [TEST_CASE][PASSED] - Test Cases/Sub Script/Verify URL/TC Verify Url: Test Cases/Sub Script/Verify URL/TC Verify Url

2018-09-04 10:15:10 - [TEST_STEP][PASSED] - waitForPageLoad: Wait for page load successfully

2018-09-04 10:15:10 - [MESSAGE][PASSED] - Wait for page load successfully

2018-09-04 10:15:10 - [TEST_STEP][PASSED] - Statement - url = com.kms.katalon.core.webui.keyword.WebUiBuiltInKeywords.getUrl(): Current window's url is: 'https://internet.acc.sd.dika.be/ebloxreporting/web.sensitive/main/FpyDF/iIz9g8MffKNXfNyb1H/NL/#/definitie/wizard/extern/index/28456/inhoud/324898/1'

2018-09-04 10:15:10 - [MESSAGE][PASSED] - Current window's url is: 'https://internet.acc.sd.dika.be/ebloxreporting/web.sensitive/main/FpyDF/iIz9g8MffKNXfNyb1H/NL/#/definitie/wizard/extern/index/28456/inhoud/324898/1'

2018-09-04 10:15:10 - [TEST_STEP][PASSED] - Statement - p = java.util.regex.Pattern.compile("00040 ANTILOPE GROEP"): null

2018-09-04 10:15:10 - [TEST_STEP][PASSED] - Statement - m = p.matcher(url): null

2018-09-04 10:15:10 - [TEST_STEP][PASSED] - Statement - If (m.find()): null

2018-09-04 10:15:10 - [TEST_STEP][PASSED] - Statement - Else: The user name and the concern number are not present in the URL

2018-09-04 10:15:10 - [TEST_STEP][PASSED] - Statement - com.kms.katalon.core.util.KeywordUtil.markPassed("The user name and the concern number are not present in the URL"): The user name and the concern number are not present in the URL

2018-09-04 10:15:10 - [MESSAGE][PASSED] - The user name and the concern number are not present in the URL

2018-09-04 10:15:10 - [TEST_STEP][PASSED] - delay: Delayed 2 second(s)

2018-09-04 10:15:12 - [MESSAGE][PASSED] - Delayed 2 second(s)

2018-09-04 10:15:12 - [MESSAGE][PASSED] - Call Test Case 'Test Cases/Sub Script/Verify URL/TC Verify Url' successfully

2018-09-04 10:15:12 - [TEST_STEP][PASSED] - callTestCase: Call Test Case 'Test Cases/Sub Script/Navigation_Menu/Menu_Mes_rapports/TC Verify the next button arrow' successfully

2018-09-04 10:15:12 - [TEST_CASE][PASSED] - Test Cases/Sub Script/Navigation_Menu/Menu_Mes_rapports/TC Verify the next button arrow: Test Cases/Sub Script/Navigation_Menu/Menu_Mes_rapports/TC Verify the next button arrow

2018-09-04 10:15:12 - [TEST_STEP][PASSED] - waitForElementClickable: Object 'Object Repository/Mes rapports Obj/button_Next_Arrow' is clickable

2018-09-04 10:15:12 - [MESSAGE][PASSED] - Object 'Object Repository/Mes rapports Obj/button_Next_Arrow' is clickable

2018-09-04 10:15:12 - [TEST_STEP][PASSED] - click: Object: 'Object Repository/Mes rapports Obj/button_Next_Arrow' is clicked on

2018-09-04 10:15:13 - [MESSAGE][PASSED] - Object: 'Object Repository/Mes rapports Obj/button_Next_Arrow' is clicked on

2018-09-04 10:15:13 - [TEST_STEP][PASSED] - delay: Delayed 5 second(s)

2018-09-04 10:15:18 - [MESSAGE][PASSED] - Delayed 5 second(s)

2018-09-04 10:15:18 - [TEST_STEP][PASSED] - waitForPageLoad: Wait for page load successfully

2018-09-04 10:15:18 - [MESSAGE][PASSED] - Wait for page load successfully

2018-09-04 10:15:18 - [MESSAGE][PASSED] - Call Test Case 'Test Cases/Sub Script/Navigation_Menu/Menu_Mes_rapports/TC Verify the next button arrow' successfully

2018-09-04 10:15:18 - [TEST_STEP][PASSED] - callTestCase: Call Test Case 'Test Cases/Sub Script/Navigation_Menu/Menu_Mes_rapports/Nouveau_Rapport/Mes rapports - SELECTION/Verify if checkbox is unchecked/TC 10 Deselect all checkbox' successfully

2018-09-04 10:15:18 - [TEST_CASE][PASSED] - Test Cases/Sub Script/Navigation_Menu/Menu_Mes_rapports/Nouveau_Rapport/Mes rapports - SELECTION/Verify if checkbox is unchecked/TC 10 Deselect all checkbox: Test Cases/Sub Script/Navigation_Menu/Menu_Mes_rapports/Nouveau_Rapport/Mes rapports - SELECTION/Verify if checkbox is unchecked/TC 10 Deselect all checkbox

2018-09-04 10:15:18 - [TEST_STEP][PASSED] - callTestCase: Call Test Case 'Test Cases/Sub Script/Navigation_Menu/Menu_Mes_rapports/Nouveau_Rapport/Mes rapports - SELECTION/Verify if checkbox is unchecked/TC 1 Verify Contrats actifs checkbox  is un-checked' successfully

2018-09-04 10:15:18 - [TEST_CASE][PASSED] - Test Cases/Sub Script/Navigation_Menu/Menu_Mes_rapports/Nouveau_Rapport/Mes rapports - SELECTION/Verify if checkbox is unchecked/TC 1 Verify Contrats actifs checkbox  is un-checked: Test Cases/Sub Script/Navigation_Menu/Menu_Mes_rapports/Nouveau_Rapport/Mes rapports - SELECTION/Verify if checkbox is unchecked/TC 1 Verify Contrats actifs checkbox  is un-checked

2018-09-04 10:15:18 - [TEST_STEP][PASSED] - uncheck: Object 'Object Repository/Mes rapports Obj/SELECTION/Contracts actifs' is un-checked

2018-09-04 10:15:18 - [MESSAGE][PASSED] - Object 'Object Repository/Mes rapports Obj/SELECTION/Contracts actifs' is un-checked

2018-09-04 10:15:18 - [MESSAGE][PASSED] - Call Test Case 'Test Cases/Sub Script/Navigation_Menu/Menu_Mes_rapports/Nouveau_Rapport/Mes rapports - SELECTION/Verify if checkbox is unchecked/TC 1 Verify Contrats actifs checkbox  is un-checked' successfully

2018-09-04 10:15:18 - [TEST_STEP][PASSED] - callTestCase: Call Test Case 'Test Cases/Sub Script/Navigation_Menu/Menu_Mes_rapports/Nouveau_Rapport/Mes rapports - SELECTION/Verify if checkbox is unchecked/TC 2 VErify Dossier and Groupe checkBox  is un-checked' successfully

2018-09-04 10:15:18 - [TEST_CASE][PASSED] - Test Cases/Sub Script/Navigation_Menu/Menu_Mes_rapports/Nouveau_Rapport/Mes rapports - SELECTION/Verify if checkbox is unchecked/TC 2 VErify Dossier and Groupe checkBox  is un-checked: Test Cases/Sub Script/Navigation_Menu/Menu_Mes_rapports/Nouveau_Rapport/Mes rapports - SELECTION/Verify if checkbox is unchecked/TC 2 VErify Dossier and Groupe checkBox  is un-checked

2018-09-04 10:15:18 - [TEST_STEP][PASSED] - uncheck: Object 'Object Repository/Mes rapports Obj/SELECTION/Dossier and Groupe checkbox' is un-checked

2018-09-04 10:15:18 - [MESSAGE][PASSED] - Object 'Object Repository/Mes rapports Obj/SELECTION/Dossier and Groupe checkbox' is un-checked

2018-09-04 10:15:18 - [MESSAGE][PASSED] - Call Test Case 'Test Cases/Sub Script/Navigation_Menu/Menu_Mes_rapports/Nouveau_Rapport/Mes rapports - SELECTION/Verify if checkbox is unchecked/TC 2 VErify Dossier and Groupe checkBox  is un-checked' successfully

2018-09-04 10:15:18 - [TEST_STEP][PASSED] - callTestCase: Call Test Case 'Test Cases/Sub Script/Navigation_Menu/Menu_Mes_rapports/Nouveau_Rapport/Mes rapports - SELECTION/Verify if checkbox is unchecked/TC 3 Verify Travailleur checkBox  is un-checked' successfully

2018-09-04 10:15:18 - [TEST_CASE][PASSED] - Test Cases/Sub Script/Navigation_Menu/Menu_Mes_rapports/Nouveau_Rapport/Mes rapports - SELECTION/Verify if checkbox is unchecked/TC 3 Verify Travailleur checkBox  is un-checked: Test Cases/Sub Script/Navigation_Menu/Menu_Mes_rapports/Nouveau_Rapport/Mes rapports - SELECTION/Verify if checkbox is unchecked/TC 3 Verify Travailleur checkBox  is un-checked

2018-09-04 10:15:18 - [TEST_STEP][PASSED] - uncheck: Object 'Object Repository/Mes rapports Obj/SELECTION/Travailleur checkbox' is un-checked

2018-09-04 10:15:18 - [MESSAGE][PASSED] - Object 'Object Repository/Mes rapports Obj/SELECTION/Travailleur checkbox' is un-checked

2018-09-04 10:15:18 - [MESSAGE][PASSED] - Call Test Case 'Test Cases/Sub Script/Navigation_Menu/Menu_Mes_rapports/Nouveau_Rapport/Mes rapports - SELECTION/Verify if checkbox is unchecked/TC 3 Verify Travailleur checkBox  is un-checked' successfully

2018-09-04 10:15:18 - [TEST_STEP][PASSED] - callTestCase: Call Test Case 'Test Cases/Sub Script/Navigation_Menu/Menu_Mes_rapports/Nouveau_Rapport/Mes rapports - SELECTION/Verify if checkbox is unchecked/TC 4 Verify Departement checkBox  is un-checked' successfully

2018-09-04 10:15:18 - [TEST_CASE][PASSED] - Test Cases/Sub Script/Navigation_Menu/Menu_Mes_rapports/Nouveau_Rapport/Mes rapports - SELECTION/Verify if checkbox is unchecked/TC 4 Verify Departement checkBox  is un-checked: Test Cases/Sub Script/Navigation_Menu/Menu_Mes_rapports/Nouveau_Rapport/Mes rapports - SELECTION/Verify if checkbox is unchecked/TC 4 Verify Departement checkBox  is un-checked

2018-09-04 10:15:18 - [TEST_STEP][PASSED] - uncheck: Object 'Object Repository/Mes rapports Obj/SELECTION/Departement' is un-checked

2018-09-04 10:15:18 - [MESSAGE][PASSED] - Object 'Object Repository/Mes rapports Obj/SELECTION/Departement' is un-checked

2018-09-04 10:15:18 - [MESSAGE][PASSED] - Call Test Case 'Test Cases/Sub Script/Navigation_Menu/Menu_Mes_rapports/Nouveau_Rapport/Mes rapports - SELECTION/Verify if checkbox is unchecked/TC 4 Verify Departement checkBox  is un-checked' successfully

2018-09-04 10:15:18 - [TEST_STEP][PASSED] - callTestCase: Call Test Case 'Test Cases/Sub Script/Navigation_Menu/Menu_Mes_rapports/Nouveau_Rapport/Mes rapports - SELECTION/Verify if checkbox is unchecked/TC 5 Verify Caractere juridique du contract checBox  is un-checked' successfully

2018-09-04 10:15:18 - [TEST_CASE][PASSED] - Test Cases/Sub Script/Navigation_Menu/Menu_Mes_rapports/Nouveau_Rapport/Mes rapports - SELECTION/Verify if checkbox is unchecked/TC 5 Verify Caractere juridique du contract checBox  is un-checked: Test Cases/Sub Script/Navigation_Menu/Menu_Mes_rapports/Nouveau_Rapport/Mes rapports - SELECTION/Verify if checkbox is unchecked/TC 5 Verify Caractere juridique du contract checBox  is un-checked

2018-09-04 10:15:18 - [TEST_STEP][PASSED] - uncheck: Object 'Object Repository/Mes rapports Obj/SELECTION/Caratere juridique du contrat' is un-checked

2018-09-04 10:15:18 - [MESSAGE][PASSED] - Object 'Object Repository/Mes rapports Obj/SELECTION/Caratere juridique du contrat' is un-checked

2018-09-04 10:15:18 - [MESSAGE][PASSED] - Call Test Case 'Test Cases/Sub Script/Navigation_Menu/Menu_Mes_rapports/Nouveau_Rapport/Mes rapports - SELECTION/Verify if checkbox is unchecked/TC 5 Verify Caractere juridique du contract checBox  is un-checked' successfully

2018-09-04 10:15:18 - [TEST_STEP][PASSED] - callTestCase: Call Test Case 'Test Cases/Sub Script/Navigation_Menu/Menu_Mes_rapports/Nouveau_Rapport/Mes rapports - SELECTION/Verify if checkbox is unchecked/TC 6 Verify Pays de naissance checkBox  is un-checked' successfully

2018-09-04 10:15:18 - [TEST_CASE][PASSED] - Test Cases/Sub Script/Navigation_Menu/Menu_Mes_rapports/Nouveau_Rapport/Mes rapports - SELECTION/Verify if checkbox is unchecked/TC 6 Verify Pays de naissance checkBox  is un-checked: Test Cases/Sub Script/Navigation_Menu/Menu_Mes_rapports/Nouveau_Rapport/Mes rapports - SELECTION/Verify if checkbox is unchecked/TC 6 Verify Pays de naissance checkBox  is un-checked

2018-09-04 10:15:18 - [TEST_STEP][PASSED] - uncheck: Object 'Object Repository/Mes rapports Obj/SELECTION/Pays de naissance' is un-checked

2018-09-04 10:15:18 - [MESSAGE][PASSED] - Object 'Object Repository/Mes rapports Obj/SELECTION/Pays de naissance' is un-checked

2018-09-04 10:15:18 - [MESSAGE][PASSED] - Call Test Case 'Test Cases/Sub Script/Navigation_Menu/Menu_Mes_rapports/Nouveau_Rapport/Mes rapports - SELECTION/Verify if checkbox is unchecked/TC 6 Verify Pays de naissance checkBox  is un-checked' successfully

2018-09-04 10:15:18 - [TEST_STEP][PASSED] - callTestCase: Call Test Case 'Test Cases/Sub Script/Navigation_Menu/Menu_Mes_rapports/Nouveau_Rapport/Mes rapports - SELECTION/Verify if checkbox is unchecked/TC 7 Verify Sexe checkBox  is un-checked' successfully

2018-09-04 10:15:18 - [TEST_CASE][PASSED] - Test Cases/Sub Script/Navigation_Menu/Menu_Mes_rapports/Nouveau_Rapport/Mes rapports - SELECTION/Verify if checkbox is unchecked/TC 7 Verify Sexe checkBox  is un-checked: Test Cases/Sub Script/Navigation_Menu/Menu_Mes_rapports/Nouveau_Rapport/Mes rapports - SELECTION/Verify if checkbox is unchecked/TC 7 Verify Sexe checkBox  is un-checked

2018-09-04 10:15:18 - [TEST_STEP][PASSED] - uncheck: Object 'Object Repository/Mes rapports Obj/SELECTION/Sexe' is un-checked

2018-09-04 10:15:18 - [MESSAGE][PASSED] - Object 'Object Repository/Mes rapports Obj/SELECTION/Sexe' is un-checked

2018-09-04 10:15:18 - [MESSAGE][PASSED] - Call Test Case 'Test Cases/Sub Script/Navigation_Menu/Menu_Mes_rapports/Nouveau_Rapport/Mes rapports - SELECTION/Verify if checkbox is unchecked/TC 7 Verify Sexe checkBox  is un-checked' successfully

2018-09-04 10:15:18 - [TEST_STEP][PASSED] - callTestCase: Call Test Case 'Test Cases/Sub Script/Navigation_Menu/Menu_Mes_rapports/Nouveau_Rapport/Mes rapports - SELECTION/Verify if checkbox is unchecked/TC 8 Verify Mode de remuneration checkBox  is un-checked' successfully

2018-09-04 10:15:19 - [TEST_CASE][PASSED] - Test Cases/Sub Script/Navigation_Menu/Menu_Mes_rapports/Nouveau_Rapport/Mes rapports - SELECTION/Verify if checkbox is unchecked/TC 8 Verify Mode de remuneration checkBox  is un-checked: Test Cases/Sub Script/Navigation_Menu/Menu_Mes_rapports/Nouveau_Rapport/Mes rapports - SELECTION/Verify if checkbox is unchecked/TC 8 Verify Mode de remuneration checkBox  is un-checked

2018-09-04 10:15:19 - [TEST_STEP][PASSED] - uncheck: Object 'Object Repository/Mes rapports Obj/SELECTION/Mode de remuneration' is un-checked

2018-09-04 10:15:19 - [MESSAGE][PASSED] - Object 'Object Repository/Mes rapports Obj/SELECTION/Mode de remuneration' is un-checked

2018-09-04 10:15:19 - [MESSAGE][PASSED] - Call Test Case 'Test Cases/Sub Script/Navigation_Menu/Menu_Mes_rapports/Nouveau_Rapport/Mes rapports - SELECTION/Verify if checkbox is unchecked/TC 8 Verify Mode de remuneration checkBox  is un-checked' successfully

2018-09-04 10:15:19 - [TEST_STEP][PASSED] - callTestCase: Call Test Case 'Test Cases/Sub Script/Navigation_Menu/Menu_Mes_rapports/Nouveau_Rapport/Mes rapports - SELECTION/Verify if checkbox is unchecked/TC 9 Verify Suspension checkBox  is un-checked' successfully

2018-09-04 10:15:19 - [TEST_CASE][PASSED] - Test Cases/Sub Script/Navigation_Menu/Menu_Mes_rapports/Nouveau_Rapport/Mes rapports - SELECTION/Verify if checkbox is unchecked/TC 9 Verify Suspension checkBox  is un-checked: Test Cases/Sub Script/Navigation_Menu/Menu_Mes_rapports/Nouveau_Rapport/Mes rapports - SELECTION/Verify if checkbox is unchecked/TC 9 Verify Suspension checkBox  is un-checked

2018-09-04 10:15:19 - [TEST_STEP][PASSED] - uncheck: Object 'Object Repository/Mes rapports Obj/SELECTION/Suspension' is un-checked

2018-09-04 10:15:19 - [MESSAGE][PASSED] - Object 'Object Repository/Mes rapports Obj/SELECTION/Suspension' is un-checked

2018-09-04 10:15:19 - [MESSAGE][PASSED] - Call Test Case 'Test Cases/Sub Script/Navigation_Menu/Menu_Mes_rapports/Nouveau_Rapport/Mes rapports - SELECTION/Verify if checkbox is unchecked/TC 9 Verify Suspension checkBox  is un-checked' successfully

2018-09-04 10:15:19 - [MESSAGE][PASSED] - Call Test Case 'Test Cases/Sub Script/Navigation_Menu/Menu_Mes_rapports/Nouveau_Rapport/Mes rapports - SELECTION/Verify if checkbox is unchecked/TC 10 Deselect all checkbox' successfully

2018-09-04 10:15:19 - [TEST_STEP][PASSED] - callTestCase: Call Test Case 'Test Cases/Sub Script/Verify URL/TC Verify Url' successfully

2018-09-04 10:15:19 - [TEST_CASE][PASSED] - Test Cases/Sub Script/Verify URL/TC Verify Url: Test Cases/Sub Script/Verify URL/TC Verify Url

2018-09-04 10:15:19 - [TEST_STEP][PASSED] - waitForPageLoad: Wait for page load successfully

2018-09-04 10:15:19 - [MESSAGE][PASSED] - Wait for page load successfully

2018-09-04 10:15:19 - [TEST_STEP][PASSED] - Statement - url = com.kms.katalon.core.webui.keyword.WebUiBuiltInKeywords.getUrl(): Current window's url is: 'https://internet.acc.sd.dika.be/ebloxreporting/web.sensitive/main/FpyDF/iIz9g8MffKNXfNyb1H/NL/#/definitie/wizard/extern/index/28456/selectie'

2018-09-04 10:15:19 - [MESSAGE][PASSED] - Current window's url is: 'https://internet.acc.sd.dika.be/ebloxreporting/web.sensitive/main/FpyDF/iIz9g8MffKNXfNyb1H/NL/#/definitie/wizard/extern/index/28456/selectie'

2018-09-04 10:15:19 - [TEST_STEP][PASSED] - Statement - p = java.util.regex.Pattern.compile("00040 ANTILOPE GROEP"): null

2018-09-04 10:15:19 - [TEST_STEP][PASSED] - Statement - m = p.matcher(url): null

2018-09-04 10:15:19 - [TEST_STEP][PASSED] - Statement - If (m.find()): null

2018-09-04 10:15:19 - [TEST_STEP][PASSED] - Statement - Else: The user name and the concern number are not present in the URL

2018-09-04 10:15:19 - [TEST_STEP][PASSED] - Statement - com.kms.katalon.core.util.KeywordUtil.markPassed("The user name and the concern number are not present in the URL"): The user name and the concern number are not present in the URL

2018-09-04 10:15:19 - [MESSAGE][PASSED] - The user name and the concern number are not present in the URL

2018-09-04 10:15:19 - [TEST_STEP][PASSED] - delay: Delayed 2 second(s)

2018-09-04 10:15:21 - [MESSAGE][PASSED] - Delayed 2 second(s)

2018-09-04 10:15:21 - [MESSAGE][PASSED] - Call Test Case 'Test Cases/Sub Script/Verify URL/TC Verify Url' successfully

2018-09-04 10:15:21 - [TEST_STEP][PASSED] - callTestCase: Call Test Case 'Test Cases/Sub Script/Navigation_Menu/Menu_Mes_rapports/TC Verify the next button arrow' successfully

2018-09-04 10:15:21 - [TEST_CASE][PASSED] - Test Cases/Sub Script/Navigation_Menu/Menu_Mes_rapports/TC Verify the next button arrow: Test Cases/Sub Script/Navigation_Menu/Menu_Mes_rapports/TC Verify the next button arrow

2018-09-04 10:15:21 - [TEST_STEP][PASSED] - waitForElementClickable: Object 'Object Repository/Mes rapports Obj/button_Next_Arrow' is clickable

2018-09-04 10:15:21 - [MESSAGE][PASSED] - Object 'Object Repository/Mes rapports Obj/button_Next_Arrow' is clickable

2018-09-04 10:15:21 - [TEST_STEP][PASSED] - click: Object: 'Object Repository/Mes rapports Obj/button_Next_Arrow' is clicked on

2018-09-04 10:15:21 - [MESSAGE][PASSED] - Object: 'Object Repository/Mes rapports Obj/button_Next_Arrow' is clicked on

2018-09-04 10:15:21 - [TEST_STEP][PASSED] - delay: Delayed 5 second(s)

2018-09-04 10:15:26 - [MESSAGE][PASSED] - Delayed 5 second(s)

2018-09-04 10:15:26 - [TEST_STEP][PASSED] - waitForPageLoad: Wait for page load successfully

2018-09-04 10:15:26 - [MESSAGE][PASSED] - Wait for page load successfully

2018-09-04 10:15:26 - [MESSAGE][PASSED] - Call Test Case 'Test Cases/Sub Script/Navigation_Menu/Menu_Mes_rapports/TC Verify the next button arrow' successfully

2018-09-04 10:15:26 - [TEST_STEP][PASSED] - callTestCase: Call Test Case 'Test Cases/Sub Script/Verify URL/TC Verify Url' successfully

2018-09-04 10:15:26 - [TEST_CASE][PASSED] - Test Cases/Sub Script/Verify URL/TC Verify Url: Test Cases/Sub Script/Verify URL/TC Verify Url

2018-09-04 10:15:26 - [TEST_STEP][PASSED] - waitForPageLoad: Wait for page load successfully

2018-09-04 10:15:26 - [MESSAGE][PASSED] - Wait for page load successfully

2018-09-04 10:15:26 - [TEST_STEP][PASSED] - Statement - url = com.kms.katalon.core.webui.keyword.WebUiBuiltInKeywords.getUrl(): Current window's url is: 'https://internet.acc.sd.dika.be/ebloxreporting/web.sensitive/main/FpyDF/iIz9g8MffKNXfNyb1H/NL/#/definitie/wizard/extern/index/28456/uitvoering'

2018-09-04 10:15:26 - [MESSAGE][PASSED] - Current window's url is: 'https://internet.acc.sd.dika.be/ebloxreporting/web.sensitive/main/FpyDF/iIz9g8MffKNXfNyb1H/NL/#/definitie/wizard/extern/index/28456/uitvoering'

2018-09-04 10:15:26 - [TEST_STEP][PASSED] - Statement - p = java.util.regex.Pattern.compile("00040 ANTILOPE GROEP"): null

2018-09-04 10:15:26 - [TEST_STEP][PASSED] - Statement - m = p.matcher(url): null

2018-09-04 10:15:26 - [TEST_STEP][PASSED] - Statement - If (m.find()): null

2018-09-04 10:15:26 - [TEST_STEP][PASSED] - Statement - Else: The user name and the concern number are not present in the URL

2018-09-04 10:15:26 - [TEST_STEP][PASSED] - Statement - com.kms.katalon.core.util.KeywordUtil.markPassed("The user name and the concern number are not present in the URL"): The user name and the concern number are not present in the URL

2018-09-04 10:15:26 - [MESSAGE][PASSED] - The user name and the concern number are not present in the URL

2018-09-04 10:15:26 - [TEST_STEP][PASSED] - delay: Delayed 2 second(s)

2018-09-04 10:15:28 - [MESSAGE][PASSED] - Delayed 2 second(s)

2018-09-04 10:15:28 - [MESSAGE][PASSED] - Call Test Case 'Test Cases/Sub Script/Verify URL/TC Verify Url' successfully

2018-09-04 10:15:28 - [TEST_STEP][PASSED] - callTestCase: Call Test Case 'Test Cases/Sub Script/Navigation_Menu/Menu_Mes_rapports/Nouveau_Rapport/Mes rapports - EXECUTION/Saisissez les valeurs souhaitees section/TC Click on reference historic dropdown' successfully

2018-09-04 10:15:28 - [TEST_CASE][PASSED] - Test Cases/Sub Script/Navigation_Menu/Menu_Mes_rapports/Nouveau_Rapport/Mes rapports - EXECUTION/Saisissez les valeurs souhaitees section/TC Click on reference historic dropdown: Test Cases/Sub Script/Navigation_Menu/Menu_Mes_rapports/Nouveau_Rapport/Mes rapports - EXECUTION/Saisissez les valeurs souhaitees section/TC Click on reference historic dropdown

2018-09-04 10:15:28 - [TEST_STEP][PASSED] - Statement - historic = com.kms.katalon.core.webui.keyword.WebUiBuiltInKeywords.modifyObjectProperty(com.kms.katalon.core.testobject.ObjectRepository.findTestObject(Mes rapports Obj/EXECUTION/Description _Date de reference historique), "xpath", "equals", "//*[@id="uitvoering-parameters"]/div/div[2]/div/div/table/tbody/tr[2]/td[2]/div/div/rapp-date-prompt/div/div/rapp-special-values/div/button", true): Modify property of object successfully

2018-09-04 10:15:28 - [MESSAGE][PASSED] - Modify property of object successfully

2018-09-04 10:15:28 - [TEST_STEP][PASSED] - click: Object: 'Object Repository/Mes rapports Obj/EXECUTION/Description _Date de reference historique' is clicked on

2018-09-04 10:15:28 - [MESSAGE][PASSED] - Object: 'Object Repository/Mes rapports Obj/EXECUTION/Description _Date de reference historique' is clicked on

2018-09-04 10:15:28 - [TEST_STEP][PASSED] - delay: Delayed 2 second(s)

2018-09-04 10:15:30 - [MESSAGE][PASSED] - Delayed 2 second(s)

2018-09-04 10:15:30 - [MESSAGE][PASSED] - Call Test Case 'Test Cases/Sub Script/Navigation_Menu/Menu_Mes_rapports/Nouveau_Rapport/Mes rapports - EXECUTION/Saisissez les valeurs souhaitees section/TC Click on reference historic dropdown' successfully

2018-09-04 10:15:30 - [TEST_STEP][PASSED] - callTestCase: Call Test Case 'Test Cases/Sub Script/Navigation_Menu/Menu_Mes_rapports/Nouveau_Rapport/Mes rapports - EXECUTION/Saisissez les valeurs souhaitees section/TC Select historic type from the dropdown' successfully

2018-09-04 10:15:30 - [TEST_CASE][PASSED] - Test Cases/Sub Script/Navigation_Menu/Menu_Mes_rapports/Nouveau_Rapport/Mes rapports - EXECUTION/Saisissez les valeurs souhaitees section/TC Select historic type from the dropdown: Test Cases/Sub Script/Navigation_Menu/Menu_Mes_rapports/Nouveau_Rapport/Mes rapports - EXECUTION/Saisissez les valeurs souhaitees section/TC Select historic type from the dropdown

2018-09-04 10:15:30 - [TEST_STEP][PASSED] - Statement - excelData = com.kms.katalon.core.testdata.TestDataFactory.findTestData(Data Files/Data/TestData): Reading excel file with source file 'C:\Users\seeboruts\OneDrive - SD Worx\Desktop\Test_Data_Reg.xlsx' and sheet name 'TEST DATA'

2018-09-04 10:15:31 - [TEST_STEP][PASSED] - Statement - rowNo = java.lang.Integer.parseInt(currentTestCaseId): null

2018-09-04 10:15:31 - [TEST_STEP][PASSED] - Statement - If (excelData.getValue(45, rowNo) != ""): null

2018-09-04 10:15:31 - [TEST_STEP][PASSED] - waitForPageLoad: Wait for page load successfully

2018-09-04 10:15:31 - [MESSAGE][PASSED] - Wait for page load successfully

2018-09-04 10:15:31 - [TEST_STEP][PASSED] - delay: Delayed 2 second(s)

2018-09-04 10:15:33 - [MESSAGE][PASSED] - Delayed 2 second(s)

2018-09-04 10:15:33 - [MESSAGE][PASSED] - Call Test Case 'Test Cases/Sub Script/Navigation_Menu/Menu_Mes_rapports/Nouveau_Rapport/Mes rapports - EXECUTION/Saisissez les valeurs souhaitees section/TC Select historic type from the dropdown' successfully

2018-09-04 10:15:33 - [TEST_STEP][PASSED] - callTestCase: Call Test Case 'Test Cases/Sub Script/Navigation_Menu/Menu_Mes_rapports/TC Verify Exporter button' successfully

2018-09-04 10:15:33 - [TEST_CASE][PASSED] - Test Cases/Sub Script/Navigation_Menu/Menu_Mes_rapports/TC Verify Exporter button: Test Cases/Sub Script/Navigation_Menu/Menu_Mes_rapports/TC Verify Exporter button

2018-09-04 10:15:33 - [TEST_STEP][PASSED] - Statement - export1 = com.kms.katalon.core.webui.keyword.WebUiBuiltInKeywords.modifyObjectProperty(com.kms.katalon.core.testobject.ObjectRepository.findTestObject(Mes rapports Obj/EXECUTION/Exporter button), "title", "equals", "Exporteer naar excel", true): Modify property of object successfully

2018-09-04 10:15:33 - [MESSAGE][PASSED] - Modify property of object successfully

2018-09-04 10:15:33 - [TEST_STEP][PASSED] - click: Object: 'Object Repository/Mes rapports Obj/EXECUTION/Exporter button' is clicked on

2018-09-04 10:15:33 - [MESSAGE][PASSED] - Object: 'Object Repository/Mes rapports Obj/EXECUTION/Exporter button' is clicked on

2018-09-04 10:15:33 - [TEST_STEP][PASSED] - waitForPageLoad: Wait for page load successfully

2018-09-04 10:15:33 - [MESSAGE][PASSED] - Wait for page load successfully

2018-09-04 10:15:33 - [MESSAGE][PASSED] - Call Test Case 'Test Cases/Sub Script/Navigation_Menu/Menu_Mes_rapports/TC Verify Exporter button' successfully

2018-09-04 10:15:33 - [TEST_STEP][PASSED] - waitForPageLoad: Wait for page load successfully

2018-09-04 10:15:33 - [MESSAGE][PASSED] - Wait for page load successfully

2018-09-04 10:15:33 - [TEST_STEP][PASSED] - closeBrowser: Browser is closed

2018-09-04 10:15:34 - [MESSAGE][PASSED] - Browser is closed]]></system-out>
         <system-err><![CDATA[]]></system-err>
      </testcase>
      <system-out><![CDATA[2018-09-04 09:45:20 - [TEST_SUITE][FAILED] - Demo: Test Cases/Main Script/TC2 NEW FAILED because (of) Unable to click on object 'Object Repository/Mes rapports Obj/EXECUTION/Description _Date de reference historique' (Root cause: com.kms.katalon.core.webui.exception.WebElementNotFoundException: Web element with id: 'Object Repository/Mes rapports Obj/EXECUTION/Description _Date de reference historique' located by 'By.xpath: //*[@id="uitvoering-parameters"]/div/div[2]/div/div/table/tbody/tr[2]/td[2]/div/div/rapp-date-prompt/div/div/rapp-special-values/div/button[count(. | //button[@type = 'button' and @class = 'btn pull-left btn-default rapp-selected-prompt-button dropdown-toggle ' and @data-toggle = 'dropdown' and @style = 'font-weight: normal; text-align: left; width: 100%;']) = count(//button[@type = 'button' and @class = 'btn pull-left btn-default rapp-selected-prompt-button dropdown-toggle ' and @data-toggle = 'dropdown' and @style = 'font-weight: normal; text-align: left; width: 100%;'])]' not found)]]></system-out>
      <system-err><![CDATA[2018-09-04 09:45:20 - [TEST_SUITE][FAILED] - Demo: Test Cases/Main Script/TC2 NEW FAILED because (of) Unable to click on object 'Object Repository/Mes rapports Obj/EXECUTION/Description _Date de reference historique' (Root cause: com.kms.katalon.core.webui.exception.WebElementNotFoundException: Web element with id: 'Object Repository/Mes rapports Obj/EXECUTION/Description _Date de reference historique' located by 'By.xpath: //*[@id="uitvoering-parameters"]/div/div[2]/div/div/table/tbody/tr[2]/td[2]/div/div/rapp-date-prompt/div/div/rapp-special-values/div/button[count(. | //button[@type = 'button' and @class = 'btn pull-left btn-default rapp-selected-prompt-button dropdown-toggle ' and @data-toggle = 'dropdown' and @style = 'font-weight: normal; text-align: left; width: 100%;']) = count(//button[@type = 'button' and @class = 'btn pull-left btn-default rapp-selected-prompt-button dropdown-toggle ' and @data-toggle = 'dropdown' and @style = 'font-weight: normal; text-align: left; width: 100%;'])]' not found)]]></system-err>
   </testsuite>
</testsuites>
