<?xml version="1.0" encoding="UTF-8"?>
<testsuites name="New Test Suite" time="1533" tests="6" failures="10" errors="1">
   <testsuite name="New Test Suite" tests="6" failures="10" errors="1" time="1533" timestamp="2018-08-21 09:57:48" hostname="SEEBORUTS - 5CG7062KWD.SD.DIKA.BE" id="Test Suites/testing/New Test Suite">
      <properties>
         <property name="deviceName" value=""/>
         <property name="devicePlatform" value=""/>
         <property name="logFolder" value="C:\\Users\\seeboruts\\OneDrive - SD Worx\\Desktop\\Katalon_eBlox_Reporting\\Reports\\testing\\New Test Suite\\20180821_095745"/>
         <property name="logFiles" value="C:\\Users\\seeboruts\\OneDrive - SD Worx\\Desktop\\Katalon_eBlox_Reporting\\Reports\\testing\\New Test Suite\\20180821_095745\\execution0.log"/>
         <property name="attachments" value="C:\\Users\\seeboruts\\OneDrive - SD Worx\\Desktop\\Katalon_eBlox_Reporting\\Reports\\testing\\New Test Suite\\20180821_095745\\1534831430619.png, C:\\Users\\seeboruts\\OneDrive - SD Worx\\Desktop\\Katalon_eBlox_Reporting\\Reports\\testing\\New Test Suite\\20180821_095745\\1534831552011.png, C:\\Users\\seeboruts\\OneDrive - SD Worx\\Desktop\\Katalon_eBlox_Reporting\\Reports\\testing\\New Test Suite\\20180821_095745\\1534831759139.png, C:\\Users\\seeboruts\\OneDrive - SD Worx\\Desktop\\Katalon_eBlox_Reporting\\Reports\\testing\\New Test Suite\\20180821_095745\\1534831857089.png, C:\\Users\\seeboruts\\OneDrive - SD Worx\\Desktop\\Katalon_eBlox_Reporting\\Reports\\testing\\New Test Suite\\20180821_095745\\1534832054257.png, C:\\Users\\seeboruts\\OneDrive - SD Worx\\Desktop\\Katalon_eBlox_Reporting\\Reports\\testing\\New Test Suite\\20180821_095745\\1534832138785.png, C:\\Users\\seeboruts\\OneDrive - SD Worx\\Desktop\\Katalon_eBlox_Reporting\\Reports\\testing\\New Test Suite\\20180821_095745\\1534832343664.png, C:\\Users\\seeboruts\\OneDrive - SD Worx\\Desktop\\Katalon_eBlox_Reporting\\Reports\\testing\\New Test Suite\\20180821_095745\\1534832423262.png, C:\\Users\\seeboruts\\OneDrive - SD Worx\\Desktop\\Katalon_eBlox_Reporting\\Reports\\testing\\New Test Suite\\20180821_095745\\1534832520038.png, C:\\Users\\seeboruts\\OneDrive - SD Worx\\Desktop\\Katalon_eBlox_Reporting\\Reports\\testing\\New Test Suite\\20180821_095745\\1534832601353.png"/>
         <property name="hostName" value="SEEBORUTS - 5CG7062KWD.SD.DIKA.BE"/>
         <property name="os" value="Windows 10 64bit"/>
         <property name="katalonVersion" value="5.6.0.1"/>
         <property name="browser" value="Chrome 68.0.3440.106"/>
         <property name="hostAddress" value="10.136.82.137"/>
         <property name="sessionId" value="dc0afc89944b03813837739d86f01f1f"/>
         <property name="seleniumVersion" value="3.7.1"/>
         <property name="proxyInformation" value="ProxyInformation{proxyOption=NO_PROXY, proxyServerType=HTTP, password=, proxyServerAddress=, proxyServerPort=0}"/>
         <property name="platform" value="Windows 10"/>
      </properties>
      <testcase name="Test Cases/New Folder/TC1 LANGUAGE" classname="Test Cases/New Folder/TC1 LANGUAGE" status="PASSED">
         <system-out><![CDATA[2018-08-21 09:57:48 - [TEST_CASE][PASSED] - Test Cases/New Folder/TC1 LANGUAGE: Test Cases/New Folder/TC1 LANGUAGE

2018-08-21 09:57:49 - [TEST_STEP][PASSED] - callTestCase: Call Test Case 'Test Cases/Login/TC1 Login to Mysdworx' successfully

2018-08-21 09:57:49 - [TEST_CASE][PASSED] - Test Cases/Login/TC1 Login to Mysdworx: Test Cases/Login/TC1 Login to Mysdworx

2018-08-21 09:57:49 - [TEST_STEP][PASSED] - openBrowser: Browser is opened with url: ''

2018-08-21 09:57:53 - [MESSAGE][PASSED] - Browser is opened with url: ''

2018-08-21 09:57:53 - [TEST_STEP][PASSED] - navigateToUrl: Navigate to 'https://internet.acc.sd.dika.be/ebloxreporting/web.sensitive/main/?lang=fr' successfully

2018-08-21 09:57:57 - [MESSAGE][PASSED] - Navigate to 'https://internet.acc.sd.dika.be/ebloxreporting/web.sensitive/main/?lang=fr' successfully

2018-08-21 09:57:57 - [TEST_STEP][PASSED] - maximizeWindow: Current window maximized

2018-08-21 09:57:59 - [MESSAGE][PASSED] - Current window maximized

2018-08-21 09:57:59 - [TEST_STEP][PASSED] - setText: Text 'DP_EBLOX_RPP_VASCO' is set on object 'Object Repository/Page_mysdworx - Log in/input_Username'

2018-08-21 09:58:02 - [MESSAGE][PASSED] - Text 'DP_EBLOX_RPP_VASCO' is set on object 'Object Repository/Page_mysdworx - Log in/input_Username'

2018-08-21 09:58:02 - [TEST_STEP][PASSED] - Statement - frame = new javax.swing.JFrame(User Input Frame): null

2018-08-21 09:58:02 - [TEST_STEP][PASSED] - Statement - frame.requestFocus(): null

2018-08-21 09:58:02 - [TEST_STEP][PASSED] - Statement - pass = javax.swing.JOptionPane.showInputDialog(frame, "Enter the password from token!!"): null

2018-08-21 09:58:08 - [TEST_STEP][PASSED] - delay: Delayed 2 second(s)

2018-08-21 09:58:10 - [MESSAGE][PASSED] - Delayed 2 second(s)

2018-08-21 09:58:10 - [TEST_STEP][PASSED] - setText: Text '018944' is set on object 'Object Repository/Page_mysdworx - Log in/input_Password'

2018-08-21 09:58:10 - [MESSAGE][PASSED] - Text '018944' is set on object 'Object Repository/Page_mysdworx - Log in/input_Password'

2018-08-21 09:58:10 - [TEST_STEP][PASSED] - click: Object: 'Object Repository/Page_mysdworx - Log in/button_Se connecter' is clicked on

2018-08-21 09:58:10 - [MESSAGE][PASSED] - Object: 'Object Repository/Page_mysdworx - Log in/button_Se connecter' is clicked on

2018-08-21 09:58:10 - [TEST_STEP][PASSED] - waitForPageLoad: Wait for page load successfully

2018-08-21 09:58:10 - [MESSAGE][PASSED] - Wait for page load successfully

2018-08-21 09:58:10 - [TEST_STEP][NOT_RUN] - closeBrowser: NOT_RUN: closeBrowser

2018-08-21 09:58:10 - [MESSAGE][NOT_RUN] - NOT_RUN: closeBrowser

2018-08-21 09:58:10 - [MESSAGE][PASSED] - Call Test Case 'Test Cases/Login/TC1 Login to Mysdworx' successfully

2018-08-21 09:58:10 - [TEST_STEP][PASSED] - waitForPageLoad: Wait for page load successfully

2018-08-21 09:58:10 - [MESSAGE][PASSED] - Wait for page load successfully

2018-08-21 09:58:10 - [TEST_STEP][PASSED] - callTestCase: Call Test Case 'Test Cases/Select Language/TC1 Verify NL language' successfully

2018-08-21 09:58:10 - [TEST_CASE][PASSED] - Test Cases/Select Language/TC1 Verify NL language: Test Cases/Select Language/TC1 Verify NL language

2018-08-21 09:58:10 - [TEST_STEP][PASSED] - waitForElementClickable: Object 'Object Repository/Change language link Obj/NL_language' is clickable

2018-08-21 09:58:31 - [MESSAGE][PASSED] - Object 'Object Repository/Change language link Obj/NL_language' is clickable

2018-08-21 09:58:31 - [TEST_STEP][PASSED] - click: Object: 'Object Repository/Change language link Obj/NL_language' is clicked on

2018-08-21 09:58:37 - [MESSAGE][PASSED] - Object: 'Object Repository/Change language link Obj/NL_language' is clicked on

2018-08-21 09:58:37 - [TEST_STEP][PASSED] - waitForPageLoad: Wait for page load successfully

2018-08-21 09:58:37 - [MESSAGE][PASSED] - Wait for page load successfully

2018-08-21 09:58:37 - [MESSAGE][PASSED] - Call Test Case 'Test Cases/Select Language/TC1 Verify NL language' successfully

2018-08-21 09:58:37 - [TEST_STEP][PASSED] - waitForPageLoad: Wait for page load successfully

2018-08-21 09:58:37 - [MESSAGE][PASSED] - Wait for page load successfully

2018-08-21 09:58:37 - [TEST_STEP][PASSED] - callTestCase: Call Test Case 'Test Cases/Mes rapports/Main Page/TC Verify Mes rapports tab' successfully

2018-08-21 09:58:37 - [TEST_CASE][PASSED] - Test Cases/Mes rapports/Main Page/TC Verify Mes rapports tab: Test Cases/Mes rapports/Main Page/TC Verify Mes rapports tab

2018-08-21 09:58:37 - [TEST_STEP][PASSED] - click: Object: 'Object Repository/Mes rapports Obj/Mes rapports_tab' is clicked on

2018-08-21 09:58:37 - [MESSAGE][PASSED] - Object: 'Object Repository/Mes rapports Obj/Mes rapports_tab' is clicked on

2018-08-21 09:58:37 - [MESSAGE][PASSED] - Call Test Case 'Test Cases/Mes rapports/Main Page/TC Verify Mes rapports tab' successfully

2018-08-21 09:58:37 - [TEST_STEP][PASSED] - waitForPageLoad: Wait for page load successfully

2018-08-21 09:58:37 - [MESSAGE][PASSED] - Wait for page load successfully

2018-08-21 09:58:37 - [TEST_STEP][PASSED] - callTestCase: Call Test Case 'Test Cases/Mes rapports/Main Page/TC Verify Deployer function' successfully

2018-08-21 09:58:37 - [TEST_CASE][PASSED] - Test Cases/Mes rapports/Main Page/TC Verify Deployer function: Test Cases/Mes rapports/Main Page/TC Verify Deployer function

2018-08-21 09:58:37 - [TEST_STEP][PASSED] - waitForPageLoad: Wait for page load successfully

2018-08-21 09:58:37 - [MESSAGE][PASSED] - Wait for page load successfully

2018-08-21 09:58:37 - [TEST_STEP][PASSED] - waitForElementClickable: Object 'Object Repository/Mes rapports Obj/button_setting_dropdown' is clickable

2018-08-21 09:58:39 - [MESSAGE][PASSED] - Object 'Object Repository/Mes rapports Obj/button_setting_dropdown' is clickable

2018-08-21 09:58:39 - [TEST_STEP][PASSED] - click: Object: 'Object Repository/Mes rapports Obj/button_setting_dropdown' is clicked on

2018-08-21 09:58:39 - [MESSAGE][PASSED] - Object: 'Object Repository/Mes rapports Obj/button_setting_dropdown' is clicked on

2018-08-21 09:58:39 - [TEST_STEP][PASSED] - click: Object: 'Object Repository/Mes rapports Obj/a_Dployer tout' is clicked on

2018-08-21 09:58:43 - [MESSAGE][PASSED] - Object: 'Object Repository/Mes rapports Obj/a_Dployer tout' is clicked on

2018-08-21 09:58:43 - [MESSAGE][PASSED] - Call Test Case 'Test Cases/Mes rapports/Main Page/TC Verify Deployer function' successfully

2018-08-21 09:58:43 - [TEST_STEP][PASSED] - waitForPageLoad: Wait for page load successfully

2018-08-21 09:58:43 - [MESSAGE][PASSED] - Wait for page load successfully

2018-08-21 09:58:43 - [TEST_STEP][PASSED] - callTestCase: Call Test Case 'Test Cases/Mes rapports/Main Page/TC Verify Masquer function' successfully

2018-08-21 09:58:43 - [TEST_CASE][PASSED] - Test Cases/Mes rapports/Main Page/TC Verify Masquer function: Test Cases/Mes rapports/Main Page/TC Verify Masquer function

2018-08-21 09:58:43 - [TEST_STEP][PASSED] - click: Object: 'Object Repository/Mes rapports Obj/button_setting_dropdown' is clicked on

2018-08-21 09:58:43 - [MESSAGE][PASSED] - Object: 'Object Repository/Mes rapports Obj/button_setting_dropdown' is clicked on

2018-08-21 09:58:43 - [TEST_STEP][PASSED] - click: Object: 'Object Repository/Mes rapports Obj/a_Masquer tout' is clicked on

2018-08-21 09:58:43 - [MESSAGE][PASSED] - Object: 'Object Repository/Mes rapports Obj/a_Masquer tout' is clicked on

2018-08-21 09:58:43 - [MESSAGE][PASSED] - Call Test Case 'Test Cases/Mes rapports/Main Page/TC Verify Masquer function' successfully

2018-08-21 09:58:43 - [TEST_STEP][PASSED] - callTestCase: Call Test Case 'Test Cases/Mes rapports/Main Page/TC Verify info icon function' successfully

2018-08-21 09:58:43 - [TEST_CASE][PASSED] - Test Cases/Mes rapports/Main Page/TC Verify info icon function: Test Cases/Mes rapports/Main Page/TC Verify info icon function

2018-08-21 09:58:43 - [TEST_STEP][PASSED] - click: Object: 'Object Repository/Mes rapports Obj/info_Icon' is clicked on

2018-08-21 09:58:43 - [MESSAGE][PASSED] - Object: 'Object Repository/Mes rapports Obj/info_Icon' is clicked on

2018-08-21 09:58:43 - [MESSAGE][PASSED] - Call Test Case 'Test Cases/Mes rapports/Main Page/TC Verify info icon function' successfully

2018-08-21 09:58:43 - [TEST_STEP][PASSED] - callTestCase: Call Test Case 'Test Cases/Mes rapports/Main Page/TC Verify Url' successfully

2018-08-21 09:58:44 - [TEST_CASE][PASSED] - Test Cases/Mes rapports/Main Page/TC Verify Url: Test Cases/Mes rapports/Main Page/TC Verify Url

2018-08-21 09:58:44 - [TEST_STEP][PASSED] - waitForPageLoad: Wait for page load successfully

2018-08-21 09:58:44 - [MESSAGE][PASSED] - Wait for page load successfully

2018-08-21 09:58:44 - [TEST_STEP][PASSED] - Statement - url = com.kms.katalon.core.webui.keyword.WebUiBuiltInKeywords.getUrl(): Current window's url is: 'https://internet.acc.sd.dika.be/ebloxreporting/web.sensitive/main/FpyDF/iIz9g8MffKNXfNyb1H/NL/#/mijnrapporten'

2018-08-21 09:58:44 - [MESSAGE][PASSED] - Current window's url is: 'https://internet.acc.sd.dika.be/ebloxreporting/web.sensitive/main/FpyDF/iIz9g8MffKNXfNyb1H/NL/#/mijnrapporten'

2018-08-21 09:58:44 - [TEST_STEP][PASSED] - Statement - p = java.util.regex.Pattern.compile("00040 ANTILOPE GROEP"): null

2018-08-21 09:58:44 - [TEST_STEP][PASSED] - Statement - m = p.matcher(url): null

2018-08-21 09:58:44 - [TEST_STEP][PASSED] - Statement - If (m.find()): null

2018-08-21 09:58:44 - [TEST_STEP][PASSED] - Statement - Else: The user name and the concern number are not present in the URL

2018-08-21 09:58:44 - [TEST_STEP][PASSED] - Statement - com.kms.katalon.core.util.KeywordUtil.markPassed("The user name and the concern number are not present in the URL"): The user name and the concern number are not present in the URL

2018-08-21 09:58:44 - [MESSAGE][PASSED] - The user name and the concern number are not present in the URL

2018-08-21 09:58:44 - [MESSAGE][PASSED] - Call Test Case 'Test Cases/Mes rapports/Main Page/TC Verify Url' successfully

2018-08-21 09:58:44 - [TEST_STEP][PASSED] - waitForPageLoad: Wait for page load successfully

2018-08-21 09:58:44 - [MESSAGE][PASSED] - Wait for page load successfully

2018-08-21 09:58:44 - [TEST_STEP][PASSED] - callTestCase: Call Test Case 'Test Cases/Select Language/TC2 Verify FR Language' successfully

2018-08-21 09:58:44 - [TEST_CASE][PASSED] - Test Cases/Select Language/TC2 Verify FR Language: Test Cases/Select Language/TC2 Verify FR Language

2018-08-21 09:58:44 - [TEST_STEP][PASSED] - click: Object: 'Object Repository/Change language link Obj/FR_language' is clicked on

2018-08-21 09:58:48 - [MESSAGE][PASSED] - Object: 'Object Repository/Change language link Obj/FR_language' is clicked on

2018-08-21 09:58:48 - [TEST_STEP][PASSED] - waitForPageLoad: Wait for page load successfully

2018-08-21 09:58:48 - [MESSAGE][PASSED] - Wait for page load successfully

2018-08-21 09:58:48 - [MESSAGE][PASSED] - Call Test Case 'Test Cases/Select Language/TC2 Verify FR Language' successfully

2018-08-21 09:58:48 - [TEST_STEP][PASSED] - waitForPageLoad: Wait for page load successfully

2018-08-21 09:58:48 - [MESSAGE][PASSED] - Wait for page load successfully

2018-08-21 09:58:48 - [TEST_STEP][PASSED] - callTestCase: Call Test Case 'Test Cases/Mes rapports/Main Page/TC Verify Mes rapports tab' successfully

2018-08-21 09:58:48 - [TEST_CASE][PASSED] - Test Cases/Mes rapports/Main Page/TC Verify Mes rapports tab: Test Cases/Mes rapports/Main Page/TC Verify Mes rapports tab

2018-08-21 09:58:48 - [TEST_STEP][PASSED] - click: Object: 'Object Repository/Mes rapports Obj/Mes rapports_tab' is clicked on

2018-08-21 09:58:49 - [MESSAGE][PASSED] - Object: 'Object Repository/Mes rapports Obj/Mes rapports_tab' is clicked on

2018-08-21 09:58:49 - [MESSAGE][PASSED] - Call Test Case 'Test Cases/Mes rapports/Main Page/TC Verify Mes rapports tab' successfully

2018-08-21 09:58:49 - [TEST_STEP][PASSED] - waitForPageLoad: Wait for page load successfully

2018-08-21 09:58:49 - [MESSAGE][PASSED] - Wait for page load successfully

2018-08-21 09:58:49 - [TEST_STEP][PASSED] - callTestCase: Call Test Case 'Test Cases/Mes rapports/Main Page/TC Verify Deployer function' successfully

2018-08-21 09:58:49 - [TEST_CASE][PASSED] - Test Cases/Mes rapports/Main Page/TC Verify Deployer function: Test Cases/Mes rapports/Main Page/TC Verify Deployer function

2018-08-21 09:58:49 - [TEST_STEP][PASSED] - waitForPageLoad: Wait for page load successfully

2018-08-21 09:58:49 - [MESSAGE][PASSED] - Wait for page load successfully

2018-08-21 09:58:49 - [TEST_STEP][PASSED] - waitForElementClickable: Object 'Object Repository/Mes rapports Obj/button_setting_dropdown' is clickable

2018-08-21 09:58:51 - [MESSAGE][PASSED] - Object 'Object Repository/Mes rapports Obj/button_setting_dropdown' is clickable

2018-08-21 09:58:51 - [TEST_STEP][PASSED] - click: Object: 'Object Repository/Mes rapports Obj/button_setting_dropdown' is clicked on

2018-08-21 09:58:51 - [MESSAGE][PASSED] - Object: 'Object Repository/Mes rapports Obj/button_setting_dropdown' is clicked on

2018-08-21 09:58:51 - [TEST_STEP][PASSED] - click: Object: 'Object Repository/Mes rapports Obj/a_Dployer tout' is clicked on

2018-08-21 09:58:54 - [MESSAGE][PASSED] - Object: 'Object Repository/Mes rapports Obj/a_Dployer tout' is clicked on

2018-08-21 09:58:54 - [MESSAGE][PASSED] - Call Test Case 'Test Cases/Mes rapports/Main Page/TC Verify Deployer function' successfully

2018-08-21 09:58:54 - [TEST_STEP][PASSED] - waitForPageLoad: Wait for page load successfully

2018-08-21 09:58:55 - [MESSAGE][PASSED] - Wait for page load successfully

2018-08-21 09:58:55 - [TEST_STEP][PASSED] - callTestCase: Call Test Case 'Test Cases/Mes rapports/Main Page/TC Verify Masquer function' successfully

2018-08-21 09:58:55 - [TEST_CASE][PASSED] - Test Cases/Mes rapports/Main Page/TC Verify Masquer function: Test Cases/Mes rapports/Main Page/TC Verify Masquer function

2018-08-21 09:58:55 - [TEST_STEP][PASSED] - click: Object: 'Object Repository/Mes rapports Obj/button_setting_dropdown' is clicked on

2018-08-21 09:58:55 - [MESSAGE][PASSED] - Object: 'Object Repository/Mes rapports Obj/button_setting_dropdown' is clicked on

2018-08-21 09:58:55 - [TEST_STEP][PASSED] - click: Object: 'Object Repository/Mes rapports Obj/a_Masquer tout' is clicked on

2018-08-21 09:58:55 - [MESSAGE][PASSED] - Object: 'Object Repository/Mes rapports Obj/a_Masquer tout' is clicked on

2018-08-21 09:58:55 - [MESSAGE][PASSED] - Call Test Case 'Test Cases/Mes rapports/Main Page/TC Verify Masquer function' successfully

2018-08-21 09:58:55 - [TEST_STEP][PASSED] - callTestCase: Call Test Case 'Test Cases/Mes rapports/Main Page/TC Verify info icon function' successfully

2018-08-21 09:58:55 - [TEST_CASE][PASSED] - Test Cases/Mes rapports/Main Page/TC Verify info icon function: Test Cases/Mes rapports/Main Page/TC Verify info icon function

2018-08-21 09:58:55 - [TEST_STEP][PASSED] - click: Object: 'Object Repository/Mes rapports Obj/info_Icon' is clicked on

2018-08-21 09:58:55 - [MESSAGE][PASSED] - Object: 'Object Repository/Mes rapports Obj/info_Icon' is clicked on

2018-08-21 09:58:55 - [MESSAGE][PASSED] - Call Test Case 'Test Cases/Mes rapports/Main Page/TC Verify info icon function' successfully

2018-08-21 09:58:55 - [TEST_STEP][PASSED] - callTestCase: Call Test Case 'Test Cases/Mes rapports/Main Page/TC Verify Url' successfully

2018-08-21 09:58:55 - [TEST_CASE][PASSED] - Test Cases/Mes rapports/Main Page/TC Verify Url: Test Cases/Mes rapports/Main Page/TC Verify Url

2018-08-21 09:58:55 - [TEST_STEP][PASSED] - waitForPageLoad: Wait for page load successfully

2018-08-21 09:58:55 - [MESSAGE][PASSED] - Wait for page load successfully

2018-08-21 09:58:55 - [TEST_STEP][PASSED] - Statement - url = com.kms.katalon.core.webui.keyword.WebUiBuiltInKeywords.getUrl(): Current window's url is: 'https://internet.acc.sd.dika.be/ebloxreporting/web.sensitive/main/FpyDF/iIz9g8MffKNXfNyb1H/FR/#/mijnrapporten'

2018-08-21 09:58:55 - [MESSAGE][PASSED] - Current window's url is: 'https://internet.acc.sd.dika.be/ebloxreporting/web.sensitive/main/FpyDF/iIz9g8MffKNXfNyb1H/FR/#/mijnrapporten'

2018-08-21 09:58:55 - [TEST_STEP][PASSED] - Statement - p = java.util.regex.Pattern.compile("00040 ANTILOPE GROEP"): null

2018-08-21 09:58:55 - [TEST_STEP][PASSED] - Statement - m = p.matcher(url): null

2018-08-21 09:58:55 - [TEST_STEP][PASSED] - Statement - If (m.find()): null

2018-08-21 09:58:55 - [TEST_STEP][PASSED] - Statement - Else: The user name and the concern number are not present in the URL

2018-08-21 09:58:55 - [TEST_STEP][PASSED] - Statement - com.kms.katalon.core.util.KeywordUtil.markPassed("The user name and the concern number are not present in the URL"): The user name and the concern number are not present in the URL

2018-08-21 09:58:55 - [MESSAGE][PASSED] - The user name and the concern number are not present in the URL

2018-08-21 09:58:55 - [MESSAGE][PASSED] - Call Test Case 'Test Cases/Mes rapports/Main Page/TC Verify Url' successfully

2018-08-21 09:58:55 - [TEST_STEP][PASSED] - waitForPageLoad: Wait for page load successfully

2018-08-21 09:58:55 - [MESSAGE][PASSED] - Wait for page load successfully

2018-08-21 09:58:55 - [TEST_STEP][PASSED] - callTestCase: Call Test Case 'Test Cases/Select Language/TC2 Verify FR Language' successfully

2018-08-21 09:58:55 - [TEST_CASE][PASSED] - Test Cases/Select Language/TC2 Verify FR Language: Test Cases/Select Language/TC2 Verify FR Language

2018-08-21 09:58:55 - [TEST_STEP][PASSED] - click: Object: 'Object Repository/Change language link Obj/FR_language' is clicked on

2018-08-21 09:58:55 - [MESSAGE][PASSED] - Object: 'Object Repository/Change language link Obj/FR_language' is clicked on

2018-08-21 09:58:55 - [TEST_STEP][PASSED] - waitForPageLoad: Wait for page load successfully

2018-08-21 09:58:55 - [MESSAGE][PASSED] - Wait for page load successfully

2018-08-21 09:58:55 - [MESSAGE][PASSED] - Call Test Case 'Test Cases/Select Language/TC2 Verify FR Language' successfully

2018-08-21 09:58:55 - [TEST_STEP][PASSED] - waitForPageLoad: Wait for page load successfully

2018-08-21 09:58:55 - [MESSAGE][PASSED] - Wait for page load successfully

2018-08-21 09:58:55 - [TEST_STEP][PASSED] - callTestCase: Call Test Case 'Test Cases/Select Language/TC1 Verify NL language' successfully

2018-08-21 09:58:55 - [TEST_CASE][PASSED] - Test Cases/Select Language/TC1 Verify NL language: Test Cases/Select Language/TC1 Verify NL language

2018-08-21 09:58:55 - [TEST_STEP][PASSED] - waitForElementClickable: Object 'Object Repository/Change language link Obj/NL_language' is clickable

2018-08-21 09:58:55 - [MESSAGE][PASSED] - Object 'Object Repository/Change language link Obj/NL_language' is clickable

2018-08-21 09:58:55 - [TEST_STEP][PASSED] - click: Object: 'Object Repository/Change language link Obj/NL_language' is clicked on

2018-08-21 09:59:00 - [MESSAGE][PASSED] - Object: 'Object Repository/Change language link Obj/NL_language' is clicked on

2018-08-21 09:59:00 - [TEST_STEP][PASSED] - waitForPageLoad: Wait for page load successfully

2018-08-21 09:59:00 - [MESSAGE][PASSED] - Wait for page load successfully

2018-08-21 09:59:00 - [MESSAGE][PASSED] - Call Test Case 'Test Cases/Select Language/TC1 Verify NL language' successfully

2018-08-21 09:59:00 - [TEST_STEP][PASSED] - waitForPageLoad: Wait for page load successfully

2018-08-21 09:59:00 - [MESSAGE][PASSED] - Wait for page load successfully

2018-08-21 09:59:00 - [TEST_STEP][PASSED] - callTestCase: Call Test Case 'Test Cases/Menu- Bibliotheque/TC Verify Bibliotheque tab' successfully

2018-08-21 09:59:00 - [TEST_CASE][PASSED] - Test Cases/Menu- Bibliotheque/TC Verify Bibliotheque tab: Test Cases/Menu- Bibliotheque/TC Verify Bibliotheque tab

2018-08-21 09:59:00 - [TEST_STEP][PASSED] - click: Object: 'Object Repository/Bibliotheque Obj/Bibliothque_tab' is clicked on

2018-08-21 09:59:00 - [MESSAGE][PASSED] - Object: 'Object Repository/Bibliotheque Obj/Bibliothque_tab' is clicked on

2018-08-21 09:59:00 - [MESSAGE][PASSED] - Call Test Case 'Test Cases/Menu- Bibliotheque/TC Verify Bibliotheque tab' successfully

2018-08-21 09:59:00 - [TEST_STEP][PASSED] - waitForPageLoad: Wait for page load successfully

2018-08-21 09:59:00 - [MESSAGE][PASSED] - Wait for page load successfully

2018-08-21 09:59:00 - [TEST_STEP][PASSED] - callTestCase: Call Test Case 'Test Cases/Menu- Bibliotheque/TC1 Verify Deployer function' successfully

2018-08-21 09:59:00 - [TEST_CASE][PASSED] - Test Cases/Menu- Bibliotheque/TC1 Verify Deployer function: Test Cases/Menu- Bibliotheque/TC1 Verify Deployer function

2018-08-21 09:59:00 - [TEST_STEP][PASSED] - waitForPageLoad: Wait for page load successfully

2018-08-21 09:59:00 - [MESSAGE][PASSED] - Wait for page load successfully

2018-08-21 09:59:00 - [TEST_STEP][PASSED] - click: Object: 'Object Repository/Bibliotheque Obj/button_setting_dropdown' is clicked on

2018-08-21 09:59:03 - [MESSAGE][PASSED] - Object: 'Object Repository/Bibliotheque Obj/button_setting_dropdown' is clicked on

2018-08-21 09:59:03 - [TEST_STEP][PASSED] - click: Object: 'Object Repository/Bibliotheque Obj/a_Dployer tout' is clicked on

2018-08-21 09:59:03 - [MESSAGE][PASSED] - Object: 'Object Repository/Bibliotheque Obj/a_Dployer tout' is clicked on

2018-08-21 09:59:03 - [MESSAGE][PASSED] - Call Test Case 'Test Cases/Menu- Bibliotheque/TC1 Verify Deployer function' successfully

2018-08-21 09:59:03 - [TEST_STEP][PASSED] - waitForPageLoad: Wait for page load successfully

2018-08-21 09:59:03 - [MESSAGE][PASSED] - Wait for page load successfully

2018-08-21 09:59:03 - [TEST_STEP][PASSED] - callTestCase: Call Test Case 'Test Cases/Menu- Bibliotheque/TC2 Verify Masquer function' successfully

2018-08-21 09:59:03 - [TEST_CASE][PASSED] - Test Cases/Menu- Bibliotheque/TC2 Verify Masquer function: Test Cases/Menu- Bibliotheque/TC2 Verify Masquer function

2018-08-21 09:59:04 - [TEST_STEP][PASSED] - click: Object: 'Object Repository/Bibliotheque Obj/button_setting_dropdown' is clicked on

2018-08-21 09:59:04 - [MESSAGE][PASSED] - Object: 'Object Repository/Bibliotheque Obj/button_setting_dropdown' is clicked on

2018-08-21 09:59:04 - [TEST_STEP][PASSED] - click: Object: 'Object Repository/Bibliotheque Obj/a_Masquer tout' is clicked on

2018-08-21 09:59:04 - [MESSAGE][PASSED] - Object: 'Object Repository/Bibliotheque Obj/a_Masquer tout' is clicked on

2018-08-21 09:59:04 - [MESSAGE][PASSED] - Call Test Case 'Test Cases/Menu- Bibliotheque/TC2 Verify Masquer function' successfully

2018-08-21 09:59:04 - [TEST_STEP][PASSED] - callTestCase: Call Test Case 'Test Cases/Menu- Bibliotheque/TC3 Verify info icon function' successfully

2018-08-21 09:59:04 - [TEST_CASE][PASSED] - Test Cases/Menu- Bibliotheque/TC3 Verify info icon function: Test Cases/Menu- Bibliotheque/TC3 Verify info icon function

2018-08-21 09:59:04 - [TEST_STEP][PASSED] - click: Object: 'Object Repository/Bibliotheque Obj/info_Icon' is clicked on

2018-08-21 09:59:04 - [MESSAGE][PASSED] - Object: 'Object Repository/Bibliotheque Obj/info_Icon' is clicked on

2018-08-21 09:59:04 - [MESSAGE][PASSED] - Call Test Case 'Test Cases/Menu- Bibliotheque/TC3 Verify info icon function' successfully

2018-08-21 09:59:04 - [TEST_STEP][PASSED] - callTestCase: Call Test Case 'Test Cases/Menu- Bibliotheque/TC4 Verify Url' successfully

2018-08-21 09:59:04 - [TEST_CASE][PASSED] - Test Cases/Menu- Bibliotheque/TC4 Verify Url: Test Cases/Menu- Bibliotheque/TC4 Verify Url

2018-08-21 09:59:05 - [TEST_STEP][PASSED] - waitForPageLoad: Wait for page load successfully

2018-08-21 09:59:05 - [MESSAGE][PASSED] - Wait for page load successfully

2018-08-21 09:59:05 - [TEST_STEP][PASSED] - Statement - url = com.kms.katalon.core.webui.keyword.WebUiBuiltInKeywords.getUrl(): Current window's url is: 'https://internet.acc.sd.dika.be/ebloxreporting/web.sensitive/main/FpyDF/iIz9g8MffKNXfNyb1H/NL/#/bibliotheek/'

2018-08-21 09:59:05 - [MESSAGE][PASSED] - Current window's url is: 'https://internet.acc.sd.dika.be/ebloxreporting/web.sensitive/main/FpyDF/iIz9g8MffKNXfNyb1H/NL/#/bibliotheek/'

2018-08-21 09:59:05 - [TEST_STEP][PASSED] - Statement - p = java.util.regex.Pattern.compile("00040 ANTILOPE GROEP"): null

2018-08-21 09:59:05 - [TEST_STEP][PASSED] - Statement - m = p.matcher(url): null

2018-08-21 09:59:05 - [TEST_STEP][PASSED] - Statement - If (m.find()): null

2018-08-21 09:59:05 - [TEST_STEP][PASSED] - Statement - Else: The user name and the concern number are not present in the URL

2018-08-21 09:59:05 - [TEST_STEP][PASSED] - Statement - com.kms.katalon.core.util.KeywordUtil.markPassed("The user name and the concern number are not present in the URL"): The user name and the concern number are not present in the URL

2018-08-21 09:59:05 - [MESSAGE][PASSED] - The user name and the concern number are not present in the URL

2018-08-21 09:59:05 - [MESSAGE][PASSED] - Call Test Case 'Test Cases/Menu- Bibliotheque/TC4 Verify Url' successfully

2018-08-21 09:59:05 - [TEST_STEP][PASSED] - callTestCase: Call Test Case 'Test Cases/Menu- Comptages/TC Verify Comptages tab' successfully

2018-08-21 09:59:05 - [TEST_CASE][PASSED] - Test Cases/Menu- Comptages/TC Verify Comptages tab: Test Cases/Menu- Comptages/TC Verify Comptages tab

2018-08-21 09:59:05 - [TEST_STEP][PASSED] - click: Object: 'Object Repository/Comptages Obj/Comptages_tab' is clicked on

2018-08-21 09:59:05 - [MESSAGE][PASSED] - Object: 'Object Repository/Comptages Obj/Comptages_tab' is clicked on

2018-08-21 09:59:05 - [MESSAGE][PASSED] - Call Test Case 'Test Cases/Menu- Comptages/TC Verify Comptages tab' successfully

2018-08-21 09:59:05 - [TEST_STEP][PASSED] - callTestCase: Call Test Case 'Test Cases/Menu- Comptages/TC2 Verify Nouveau comptage button' successfully

2018-08-21 09:59:05 - [TEST_CASE][PASSED] - Test Cases/Menu- Comptages/TC2 Verify Nouveau comptage button: Test Cases/Menu- Comptages/TC2 Verify Nouveau comptage button

2018-08-21 09:59:05 - [TEST_STEP][PASSED] - click: Object: 'Object Repository/Comptages Obj/button_Nouveau comptage' is clicked on

2018-08-21 09:59:07 - [MESSAGE][PASSED] - Object: 'Object Repository/Comptages Obj/button_Nouveau comptage' is clicked on

2018-08-21 09:59:07 - [MESSAGE][PASSED] - Call Test Case 'Test Cases/Menu- Comptages/TC2 Verify Nouveau comptage button' successfully

2018-08-21 09:59:07 - [TEST_STEP][PASSED] - callTestCase: Call Test Case 'Test Cases/Menu- Comptages/TC3 Verify Montants Function' successfully

2018-08-21 09:59:07 - [TEST_CASE][PASSED] - Test Cases/Menu- Comptages/TC3 Verify Montants Function: Test Cases/Menu- Comptages/TC3 Verify Montants Function

2018-08-21 09:59:07 - [TEST_STEP][PASSED] - click: Object: 'Object Repository/Comptages Obj/a_Montants' is clicked on

2018-08-21 09:59:07 - [MESSAGE][PASSED] - Object: 'Object Repository/Comptages Obj/a_Montants' is clicked on

2018-08-21 09:59:07 - [MESSAGE][PASSED] - Call Test Case 'Test Cases/Menu- Comptages/TC3 Verify Montants Function' successfully

2018-08-21 09:59:07 - [TEST_STEP][PASSED] - callTestCase: Call Test Case 'Test Cases/Menu- Comptages/TC4 Verify the creation of a new Comptage' successfully

2018-08-21 09:59:08 - [TEST_CASE][PASSED] - Test Cases/Menu- Comptages/TC4 Verify the creation of a new Comptage: Test Cases/Menu- Comptages/TC4 Verify the creation of a new Comptage

2018-08-21 09:59:08 - [TEST_STEP][PASSED] - setText: Text 'testing' is set on object 'Object Repository/Comptages Obj/input_comptage_name'

2018-08-21 09:59:08 - [MESSAGE][PASSED] - Text 'testing' is set on object 'Object Repository/Comptages Obj/input_comptage_name'

2018-08-21 09:59:08 - [TEST_STEP][PASSED] - delay: Delayed 5 second(s)

2018-08-21 09:59:13 - [MESSAGE][PASSED] - Delayed 5 second(s)

2018-08-21 09:59:13 - [TEST_STEP][PASSED] - click: Object: 'Object Repository/Comptages Obj/dropdown_arrow' is clicked on

2018-08-21 09:59:14 - [MESSAGE][PASSED] - Object: 'Object Repository/Comptages Obj/dropdown_arrow' is clicked on

2018-08-21 09:59:14 - [TEST_STEP][PASSED] - delay: Delayed 5 second(s)

2018-08-21 09:59:19 - [MESSAGE][PASSED] - Delayed 5 second(s)

2018-08-21 09:59:19 - [TEST_STEP][PASSED] - setText: Text 'Attest loonlasten' is set on object 'Object Repository/Comptages Obj/input_comptage_type'

2018-08-21 09:59:19 - [MESSAGE][PASSED] - Text 'Attest loonlasten' is set on object 'Object Repository/Comptages Obj/input_comptage_type'

2018-08-21 09:59:19 - [TEST_STEP][PASSED] - sendKeys: Keys 'ENTER + ' sent to object: 'Object Repository/Comptages Obj/input_comptage_type'

2018-08-21 09:59:19 - [MESSAGE][PASSED] - Keys 'ENTER + ' sent to object: 'Object Repository/Comptages Obj/input_comptage_type'

2018-08-21 09:59:19 - [MESSAGE][PASSED] - Call Test Case 'Test Cases/Menu- Comptages/TC4 Verify the creation of a new Comptage' successfully

2018-08-21 09:59:19 - [TEST_STEP][PASSED] - callTestCase: Call Test Case 'Test Cases/Menu- Comptages/TC7 Verify Sauvegarder button' successfully

2018-08-21 09:59:19 - [TEST_CASE][PASSED] - Test Cases/Menu- Comptages/TC7 Verify Sauvegarder button: Test Cases/Menu- Comptages/TC7 Verify Sauvegarder button

2018-08-21 09:59:19 - [TEST_STEP][PASSED] - click: Object: 'Object Repository/Comptages Obj/button_Sauvegarder' is clicked on

2018-08-21 09:59:19 - [MESSAGE][PASSED] - Object: 'Object Repository/Comptages Obj/button_Sauvegarder' is clicked on

2018-08-21 09:59:19 - [MESSAGE][PASSED] - Call Test Case 'Test Cases/Menu- Comptages/TC7 Verify Sauvegarder button' successfully

2018-08-21 09:59:19 - [TEST_STEP][PASSED] - closeBrowser: Browser is closed

2018-08-21 09:59:20 - [MESSAGE][PASSED] - Browser is closed]]></system-out>
         <system-err><![CDATA[]]></system-err>
      </testcase>
      <testcase name="Test Cases/New Folder/TC10 BASED ON THE LIBRARY" classname="Test Cases/New Folder/TC10 BASED ON THE LIBRARY" status="PASSED">
         <system-out><![CDATA[2018-08-21 09:59:20 - [TEST_CASE][PASSED] - Test Cases/New Folder/TC10 BASED ON THE LIBRARY: Test Cases/New Folder/TC10 BASED ON THE LIBRARY

2018-08-21 09:59:20 - [TEST_STEP][PASSED] - callTestCase: Call Test Case 'Test Cases/Login/TC1 Login to Mysdworx' successfully

2018-08-21 09:59:20 - [TEST_CASE][PASSED] - Test Cases/Login/TC1 Login to Mysdworx: Test Cases/Login/TC1 Login to Mysdworx

2018-08-21 09:59:20 - [TEST_STEP][PASSED] - openBrowser: Browser is opened with url: ''

2018-08-21 09:59:22 - [MESSAGE][PASSED] - Browser is opened with url: ''

2018-08-21 09:59:22 - [TEST_STEP][PASSED] - navigateToUrl: Navigate to 'https://internet.acc.sd.dika.be/ebloxreporting/web.sensitive/main/?lang=fr' successfully

2018-08-21 09:59:27 - [MESSAGE][PASSED] - Navigate to 'https://internet.acc.sd.dika.be/ebloxreporting/web.sensitive/main/?lang=fr' successfully

2018-08-21 09:59:27 - [TEST_STEP][PASSED] - maximizeWindow: Current window maximized

2018-08-21 09:59:28 - [MESSAGE][PASSED] - Current window maximized

2018-08-21 09:59:28 - [TEST_STEP][PASSED] - setText: Text 'DP_EBLOX_RPP_VASCO' is set on object 'Object Repository/Page_mysdworx - Log in/input_Username'

2018-08-21 09:59:32 - [MESSAGE][PASSED] - Text 'DP_EBLOX_RPP_VASCO' is set on object 'Object Repository/Page_mysdworx - Log in/input_Username'

2018-08-21 09:59:32 - [TEST_STEP][PASSED] - Statement - frame = new javax.swing.JFrame(User Input Frame): null

2018-08-21 09:59:32 - [TEST_STEP][PASSED] - Statement - frame.requestFocus(): null

2018-08-21 09:59:32 - [TEST_STEP][PASSED] - Statement - pass = javax.swing.JOptionPane.showInputDialog(frame, "Enter the password from token!!"): null

2018-08-21 09:59:34 - [TEST_STEP][PASSED] - delay: Delayed 2 second(s)

2018-08-21 09:59:36 - [MESSAGE][PASSED] - Delayed 2 second(s)

2018-08-21 09:59:36 - [TEST_STEP][PASSED] - setText: Text '284134' is set on object 'Object Repository/Page_mysdworx - Log in/input_Password'

2018-08-21 09:59:36 - [MESSAGE][PASSED] - Text '284134' is set on object 'Object Repository/Page_mysdworx - Log in/input_Password'

2018-08-21 09:59:36 - [TEST_STEP][PASSED] - click: Object: 'Object Repository/Page_mysdworx - Log in/button_Se connecter' is clicked on

2018-08-21 09:59:36 - [MESSAGE][PASSED] - Object: 'Object Repository/Page_mysdworx - Log in/button_Se connecter' is clicked on

2018-08-21 09:59:36 - [TEST_STEP][PASSED] - waitForPageLoad: Wait for page load successfully

2018-08-21 09:59:36 - [MESSAGE][PASSED] - Wait for page load successfully

2018-08-21 09:59:36 - [TEST_STEP][NOT_RUN] - closeBrowser: NOT_RUN: closeBrowser

2018-08-21 09:59:36 - [MESSAGE][NOT_RUN] - NOT_RUN: closeBrowser

2018-08-21 09:59:36 - [MESSAGE][PASSED] - Call Test Case 'Test Cases/Login/TC1 Login to Mysdworx' successfully

2018-08-21 09:59:36 - [TEST_STEP][PASSED] - waitForPageLoad: Wait for page load successfully

2018-08-21 09:59:36 - [MESSAGE][PASSED] - Wait for page load successfully

2018-08-21 09:59:36 - [TEST_STEP][PASSED] - callTestCase: Call Test Case 'Test Cases/Select Language/TC1 Verify NL language' successfully

2018-08-21 09:59:36 - [TEST_CASE][PASSED] - Test Cases/Select Language/TC1 Verify NL language: Test Cases/Select Language/TC1 Verify NL language

2018-08-21 09:59:36 - [TEST_STEP][PASSED] - waitForElementClickable: Object 'Object Repository/Change language link Obj/NL_language' is clickable

2018-08-21 09:59:57 - [MESSAGE][PASSED] - Object 'Object Repository/Change language link Obj/NL_language' is clickable

2018-08-21 09:59:57 - [TEST_STEP][PASSED] - click: Object: 'Object Repository/Change language link Obj/NL_language' is clicked on

2018-08-21 10:00:05 - [MESSAGE][PASSED] - Object: 'Object Repository/Change language link Obj/NL_language' is clicked on

2018-08-21 10:00:05 - [TEST_STEP][PASSED] - waitForPageLoad: Wait for page load successfully

2018-08-21 10:00:05 - [MESSAGE][PASSED] - Wait for page load successfully

2018-08-21 10:00:05 - [MESSAGE][PASSED] - Call Test Case 'Test Cases/Select Language/TC1 Verify NL language' successfully

2018-08-21 10:00:05 - [TEST_STEP][PASSED] - waitForPageLoad: Wait for page load successfully

2018-08-21 10:00:05 - [MESSAGE][PASSED] - Wait for page load successfully

2018-08-21 10:00:05 - [TEST_STEP][PASSED] - callTestCase: Call Test Case 'Test Cases/Mes rapports/Verify Nouveau rapport button' successfully

2018-08-21 10:00:05 - [TEST_CASE][PASSED] - Test Cases/Mes rapports/Verify Nouveau rapport button: Test Cases/Mes rapports/Verify Nouveau rapport button

2018-08-21 10:00:05 - [TEST_STEP][PASSED] - click: Object: 'Object Repository/Mes rapports Obj/button_Nouveau rapport' is clicked on

2018-08-21 10:00:07 - [MESSAGE][PASSED] - Object: 'Object Repository/Mes rapports Obj/button_Nouveau rapport' is clicked on

2018-08-21 10:00:07 - [TEST_STEP][PASSED] - waitForPageLoad: Wait for page load successfully

2018-08-21 10:00:07 - [MESSAGE][PASSED] - Wait for page load successfully

2018-08-21 10:00:07 - [MESSAGE][PASSED] - Call Test Case 'Test Cases/Mes rapports/Verify Nouveau rapport button' successfully

2018-08-21 10:00:07 - [TEST_STEP][PASSED] - waitForPageLoad: Wait for page load successfully

2018-08-21 10:00:07 - [MESSAGE][PASSED] - Wait for page load successfully

2018-08-21 10:00:07 - [TEST_STEP][PASSED] - callTestCase: Call Test Case 'Test Cases/Mes rapports/Mes rapports - BASE DE RAPPORT/TC3  Verify radio button Baser sur un rapport de la Bibliotheque' successfully

2018-08-21 10:00:07 - [TEST_CASE][PASSED] - Test Cases/Mes rapports/Mes rapports - BASE DE RAPPORT/TC3  Verify radio button Baser sur un rapport de la Bibliotheque: Test Cases/Mes rapports/Mes rapports - BASE DE RAPPORT/TC3  Verify radio button Baser sur un rapport de la Bibliotheque

2018-08-21 10:00:07 - [TEST_STEP][PASSED] - click: Object: 'Object Repository/Mes rapports Obj/BASE DE RAPPORT/radioButton_Baser sur un rapport de la Bibliothque' is clicked on

2018-08-21 10:00:08 - [MESSAGE][PASSED] - Object: 'Object Repository/Mes rapports Obj/BASE DE RAPPORT/radioButton_Baser sur un rapport de la Bibliothque' is clicked on

2018-08-21 10:00:08 - [MESSAGE][PASSED] - Call Test Case 'Test Cases/Mes rapports/Mes rapports - BASE DE RAPPORT/TC3  Verify radio button Baser sur un rapport de la Bibliotheque' successfully

2018-08-21 10:00:08 - [TEST_STEP][PASSED] - click: Object: 'Object Repository/Mes rapports Obj/BASE DE RAPPORT/Bibliotheque dropdown' is clicked on

2018-08-21 10:00:08 - [MESSAGE][PASSED] - Object: 'Object Repository/Mes rapports Obj/BASE DE RAPPORT/Bibliotheque dropdown' is clicked on

2018-08-21 10:00:08 - [TEST_STEP][PASSED] - setText: Text 'test huidig jaar' is set on object 'Object Repository/Mes rapports Obj/BASE DE RAPPORT/Bibliotheque - dropdowm input'

2018-08-21 10:00:09 - [MESSAGE][PASSED] - Text 'test huidig jaar' is set on object 'Object Repository/Mes rapports Obj/BASE DE RAPPORT/Bibliotheque - dropdowm input'

2018-08-21 10:00:09 - [TEST_STEP][PASSED] - sendKeys: Keys 'ENTER + ' sent to object: 'Object Repository/Mes rapports Obj/BASE DE RAPPORT/Bibliotheque - dropdowm input'

2018-08-21 10:00:09 - [MESSAGE][PASSED] - Keys 'ENTER + ' sent to object: 'Object Repository/Mes rapports Obj/BASE DE RAPPORT/Bibliotheque - dropdowm input'

2018-08-21 10:00:09 - [TEST_STEP][PASSED] - delay: Delayed 1 second(s)

2018-08-21 10:00:10 - [MESSAGE][PASSED] - Delayed 1 second(s)

2018-08-21 10:00:10 - [TEST_STEP][PASSED] - callTestCase: Call Test Case 'Test Cases/Mes rapports/TC Verify the next button arrow' successfully

2018-08-21 10:00:10 - [TEST_CASE][PASSED] - Test Cases/Mes rapports/TC Verify the next button arrow: Test Cases/Mes rapports/TC Verify the next button arrow

2018-08-21 10:00:10 - [TEST_STEP][PASSED] - waitForElementClickable: Object 'Object Repository/Mes rapports Obj/button_Next_Arrow' is clickable

2018-08-21 10:00:10 - [MESSAGE][PASSED] - Object 'Object Repository/Mes rapports Obj/button_Next_Arrow' is clickable

2018-08-21 10:00:10 - [TEST_STEP][PASSED] - click: Object: 'Object Repository/Mes rapports Obj/button_Next_Arrow' is clicked on

2018-08-21 10:00:10 - [MESSAGE][PASSED] - Object: 'Object Repository/Mes rapports Obj/button_Next_Arrow' is clicked on

2018-08-21 10:00:10 - [TEST_STEP][PASSED] - delay: Delayed 5 second(s)

2018-08-21 10:00:15 - [MESSAGE][PASSED] - Delayed 5 second(s)

2018-08-21 10:00:15 - [MESSAGE][PASSED] - Call Test Case 'Test Cases/Mes rapports/TC Verify the next button arrow' successfully

2018-08-21 10:00:15 - [TEST_STEP][PASSED] - waitForPageLoad: Wait for page load successfully

2018-08-21 10:00:15 - [MESSAGE][PASSED] - Wait for page load successfully

2018-08-21 10:00:15 - [TEST_STEP][PASSED] - callTestCase: Call Test Case 'Test Cases/Mes rapports/Mes rapports - CONTENU/TC Verify input field INTERNAL' successfully

2018-08-21 10:00:15 - [TEST_CASE][PASSED] - Test Cases/Mes rapports/Mes rapports - CONTENU/TC Verify input field INTERNAL: Test Cases/Mes rapports/Mes rapports - CONTENU/TC Verify input field INTERNAL

2018-08-21 10:00:15 - [TEST_STEP][PASSED] - Statement - excelData = com.kms.katalon.core.testdata.TestDataFactory.findTestData(Data Files/Data/INTERNAL): Reading excel file with source file 'C:\Users\seeboruts\OneDrive - SD Worx\Desktop\test_DAta.xlsx' and sheet name 'INTERNAL'

2018-08-21 10:00:16 - [TEST_STEP][PASSED] - Statement - test = excelData.getRowNumbers(): null

2018-08-21 10:00:16 - [TEST_STEP][PASSED] - Statement - println("No of rows" + test): null

2018-08-21 10:00:16 - [TEST_STEP][PASSED] - Statement - For ([i = 1, i <= test, (i++)]): Object: 'Object Repository/Mes rapports Obj/CONTENU/click_Remove_text' is clicked on

2018-08-21 10:00:16 - [TEST_STEP][PASSED] - setText: Text 'Naam werknemer' is set on object 'Object Repository/Mes rapports Obj/CONTENU/input_Contenu_Selecteur'

2018-08-21 10:00:16 - [MESSAGE][PASSED] - Text 'Naam werknemer' is set on object 'Object Repository/Mes rapports Obj/CONTENU/input_Contenu_Selecteur'

2018-08-21 10:00:16 - [TEST_STEP][PASSED] - delay: Delayed 3 second(s)

2018-08-21 10:00:19 - [MESSAGE][PASSED] - Delayed 3 second(s)

2018-08-21 10:00:19 - [TEST_STEP][PASSED] - click: Object: 'Object Repository/Mes rapports Obj/CONTENU/Selecteur Obj NL/Naam werknemer' is clicked on

2018-08-21 10:00:19 - [MESSAGE][PASSED] - Object: 'Object Repository/Mes rapports Obj/CONTENU/Selecteur Obj NL/Naam werknemer' is clicked on

2018-08-21 10:00:19 - [TEST_STEP][PASSED] - delay: Delayed 3 second(s)

2018-08-21 10:00:22 - [MESSAGE][PASSED] - Delayed 3 second(s)

2018-08-21 10:00:22 - [TEST_STEP][PASSED] - click: Object: 'Object Repository/Mes rapports Obj/CONTENU/click_Remove_text' is clicked on

2018-08-21 10:00:23 - [MESSAGE][PASSED] - Object: 'Object Repository/Mes rapports Obj/CONTENU/click_Remove_text' is clicked on

2018-08-21 10:00:23 - [TEST_STEP][PASSED] - setText: Text 'Afdeling' is set on object 'Object Repository/Mes rapports Obj/CONTENU/input_Contenu_Selecteur'

2018-08-21 10:00:23 - [MESSAGE][PASSED] - Text 'Afdeling' is set on object 'Object Repository/Mes rapports Obj/CONTENU/input_Contenu_Selecteur'

2018-08-21 10:00:23 - [TEST_STEP][PASSED] - delay: Delayed 3 second(s)

2018-08-21 10:00:26 - [MESSAGE][PASSED] - Delayed 3 second(s)

2018-08-21 10:00:26 - [TEST_STEP][PASSED] - click: Object: 'Object Repository/Mes rapports Obj/CONTENU/Selecteur Obj NL/Afdeling' is clicked on

2018-08-21 10:00:26 - [MESSAGE][PASSED] - Object: 'Object Repository/Mes rapports Obj/CONTENU/Selecteur Obj NL/Afdeling' is clicked on

2018-08-21 10:00:26 - [TEST_STEP][PASSED] - delay: Delayed 3 second(s)

2018-08-21 10:00:29 - [MESSAGE][PASSED] - Delayed 3 second(s)

2018-08-21 10:00:29 - [TEST_STEP][PASSED] - click: Object: 'Object Repository/Mes rapports Obj/CONTENU/click_Remove_text' is clicked on

2018-08-21 10:00:29 - [MESSAGE][PASSED] - Object: 'Object Repository/Mes rapports Obj/CONTENU/click_Remove_text' is clicked on

2018-08-21 10:00:29 - [TEST_STEP][PASSED] - setText: Text 'Brutoloon' is set on object 'Object Repository/Mes rapports Obj/CONTENU/input_Contenu_Selecteur'

2018-08-21 10:00:29 - [MESSAGE][PASSED] - Text 'Brutoloon' is set on object 'Object Repository/Mes rapports Obj/CONTENU/input_Contenu_Selecteur'

2018-08-21 10:00:29 - [TEST_STEP][PASSED] - delay: Delayed 3 second(s)

2018-08-21 10:00:32 - [MESSAGE][PASSED] - Delayed 3 second(s)

2018-08-21 10:00:32 - [TEST_STEP][PASSED] - click: Object: 'Object Repository/Mes rapports Obj/CONTENU/Selecteur Obj NL/Brutoloon' is clicked on

2018-08-21 10:00:33 - [MESSAGE][PASSED] - Object: 'Object Repository/Mes rapports Obj/CONTENU/Selecteur Obj NL/Brutoloon' is clicked on

2018-08-21 10:00:33 - [TEST_STEP][PASSED] - delay: Delayed 3 second(s)

2018-08-21 10:00:36 - [MESSAGE][PASSED] - Delayed 3 second(s)

2018-08-21 10:00:36 - [TEST_STEP][PASSED] - click: Object: 'Object Repository/Mes rapports Obj/CONTENU/click_Remove_text' is clicked on

2018-08-21 10:00:36 - [MESSAGE][PASSED] - Object: 'Object Repository/Mes rapports Obj/CONTENU/click_Remove_text' is clicked on

2018-08-21 10:00:36 - [MESSAGE][PASSED] - Call Test Case 'Test Cases/Mes rapports/Mes rapports - CONTENU/TC Verify input field INTERNAL' successfully

2018-08-21 10:00:36 - [TEST_STEP][PASSED] - callTestCase: Call Test Case 'Test Cases/Verify URL/TC Verify Url' successfully

2018-08-21 10:00:36 - [TEST_CASE][PASSED] - Test Cases/Verify URL/TC Verify Url: Test Cases/Verify URL/TC Verify Url

2018-08-21 10:00:36 - [TEST_STEP][PASSED] - waitForPageLoad: Wait for page load successfully

2018-08-21 10:00:36 - [MESSAGE][PASSED] - Wait for page load successfully

2018-08-21 10:00:36 - [TEST_STEP][PASSED] - Statement - url = com.kms.katalon.core.webui.keyword.WebUiBuiltInKeywords.getUrl(): Current window's url is: 'https://internet.acc.sd.dika.be/ebloxreporting/web.sensitive/main/FpyDF/iIz9g8MffKNXfNyb1H/NL/#/definitie/wizard/extern/index/28140/inhoud'

2018-08-21 10:00:36 - [MESSAGE][PASSED] - Current window's url is: 'https://internet.acc.sd.dika.be/ebloxreporting/web.sensitive/main/FpyDF/iIz9g8MffKNXfNyb1H/NL/#/definitie/wizard/extern/index/28140/inhoud'

2018-08-21 10:00:36 - [TEST_STEP][PASSED] - Statement - p = java.util.regex.Pattern.compile("00040 ANTILOPE GROEP"): null

2018-08-21 10:00:36 - [TEST_STEP][PASSED] - Statement - m = p.matcher(url): null

2018-08-21 10:00:36 - [TEST_STEP][PASSED] - Statement - If (m.find()): null

2018-08-21 10:00:36 - [TEST_STEP][PASSED] - Statement - Else: The user name and the concern number are not present in the URL

2018-08-21 10:00:36 - [TEST_STEP][PASSED] - Statement - com.kms.katalon.core.util.KeywordUtil.markPassed("The user name and the concern number are not present in the URL"): The user name and the concern number are not present in the URL

2018-08-21 10:00:36 - [MESSAGE][PASSED] - The user name and the concern number are not present in the URL

2018-08-21 10:00:36 - [MESSAGE][PASSED] - Call Test Case 'Test Cases/Verify URL/TC Verify Url' successfully

2018-08-21 10:00:36 - [TEST_STEP][PASSED] - callTestCase: Call Test Case 'Test Cases/Mes rapports/TC Verify the next button arrow' successfully

2018-08-21 10:00:36 - [TEST_CASE][PASSED] - Test Cases/Mes rapports/TC Verify the next button arrow: Test Cases/Mes rapports/TC Verify the next button arrow

2018-08-21 10:00:36 - [TEST_STEP][PASSED] - waitForElementClickable: Object 'Object Repository/Mes rapports Obj/button_Next_Arrow' is clickable

2018-08-21 10:00:36 - [MESSAGE][PASSED] - Object 'Object Repository/Mes rapports Obj/button_Next_Arrow' is clickable

2018-08-21 10:00:36 - [TEST_STEP][PASSED] - click: Object: 'Object Repository/Mes rapports Obj/button_Next_Arrow' is clicked on

2018-08-21 10:00:36 - [MESSAGE][PASSED] - Object: 'Object Repository/Mes rapports Obj/button_Next_Arrow' is clicked on

2018-08-21 10:00:36 - [TEST_STEP][PASSED] - delay: Delayed 5 second(s)

2018-08-21 10:00:41 - [MESSAGE][PASSED] - Delayed 5 second(s)

2018-08-21 10:00:41 - [MESSAGE][PASSED] - Call Test Case 'Test Cases/Mes rapports/TC Verify the next button arrow' successfully

2018-08-21 10:00:41 - [TEST_STEP][PASSED] - waitForPageLoad: Wait for page load successfully

2018-08-21 10:00:41 - [MESSAGE][PASSED] - Wait for page load successfully

2018-08-21 10:00:41 - [TEST_STEP][PASSED] - callTestCase: Call Test Case 'Test Cases/Mes rapports/Mes rapports - SELECTION/Verify if checkbox is unchecked/TC 10 Deselect all checkbox' successfully

2018-08-21 10:00:42 - [TEST_CASE][PASSED] - Test Cases/Mes rapports/Mes rapports - SELECTION/Verify if checkbox is unchecked/TC 10 Deselect all checkbox: Test Cases/Mes rapports/Mes rapports - SELECTION/Verify if checkbox is unchecked/TC 10 Deselect all checkbox

2018-08-21 10:00:42 - [TEST_STEP][PASSED] - callTestCase: Call Test Case 'Test Cases/Mes rapports/Mes rapports - SELECTION/Verify if checkbox is unchecked/TC 1 Verify Contrats actifs checkbox  is un-checked' successfully

2018-08-21 10:00:42 - [TEST_CASE][PASSED] - Test Cases/Mes rapports/Mes rapports - SELECTION/Verify if checkbox is unchecked/TC 1 Verify Contrats actifs checkbox  is un-checked: Test Cases/Mes rapports/Mes rapports - SELECTION/Verify if checkbox is unchecked/TC 1 Verify Contrats actifs checkbox  is un-checked

2018-08-21 10:00:42 - [TEST_STEP][PASSED] - uncheck: Object 'Object Repository/Mes rapports Obj/SELECTION/Contrats actifs checkBox' is un-checked

2018-08-21 10:01:00 - [MESSAGE][PASSED] - Object 'Object Repository/Mes rapports Obj/SELECTION/Contrats actifs checkBox' is un-checked

2018-08-21 10:01:00 - [MESSAGE][PASSED] - Call Test Case 'Test Cases/Mes rapports/Mes rapports - SELECTION/Verify if checkbox is unchecked/TC 1 Verify Contrats actifs checkbox  is un-checked' successfully

2018-08-21 10:01:00 - [TEST_STEP][PASSED] - callTestCase: Call Test Case 'Test Cases/Mes rapports/Mes rapports - SELECTION/Verify if checkbox is unchecked/TC 2 VErify Dossier and Groupe checkBox  is un-checked' successfully

2018-08-21 10:01:00 - [TEST_CASE][PASSED] - Test Cases/Mes rapports/Mes rapports - SELECTION/Verify if checkbox is unchecked/TC 2 VErify Dossier and Groupe checkBox  is un-checked: Test Cases/Mes rapports/Mes rapports - SELECTION/Verify if checkbox is unchecked/TC 2 VErify Dossier and Groupe checkBox  is un-checked

2018-08-21 10:01:00 - [TEST_STEP][PASSED] - uncheck: Object 'Object Repository/Mes rapports Obj/SELECTION/Dossier and Groupe checkbox' is un-checked

2018-08-21 10:01:00 - [MESSAGE][PASSED] - Object 'Object Repository/Mes rapports Obj/SELECTION/Dossier and Groupe checkbox' is un-checked

2018-08-21 10:01:00 - [MESSAGE][PASSED] - Call Test Case 'Test Cases/Mes rapports/Mes rapports - SELECTION/Verify if checkbox is unchecked/TC 2 VErify Dossier and Groupe checkBox  is un-checked' successfully

2018-08-21 10:01:00 - [TEST_STEP][PASSED] - callTestCase: Call Test Case 'Test Cases/Mes rapports/Mes rapports - SELECTION/Verify if checkbox is unchecked/TC 3 Verify Travailleur checkBox  is un-checked' successfully

2018-08-21 10:01:01 - [TEST_CASE][PASSED] - Test Cases/Mes rapports/Mes rapports - SELECTION/Verify if checkbox is unchecked/TC 3 Verify Travailleur checkBox  is un-checked: Test Cases/Mes rapports/Mes rapports - SELECTION/Verify if checkbox is unchecked/TC 3 Verify Travailleur checkBox  is un-checked

2018-08-21 10:01:01 - [TEST_STEP][PASSED] - uncheck: Object 'Object Repository/Mes rapports Obj/SELECTION/Travailleur checkbox' is un-checked

2018-08-21 10:01:01 - [MESSAGE][PASSED] - Object 'Object Repository/Mes rapports Obj/SELECTION/Travailleur checkbox' is un-checked

2018-08-21 10:01:01 - [MESSAGE][PASSED] - Call Test Case 'Test Cases/Mes rapports/Mes rapports - SELECTION/Verify if checkbox is unchecked/TC 3 Verify Travailleur checkBox  is un-checked' successfully

2018-08-21 10:01:01 - [TEST_STEP][PASSED] - callTestCase: Call Test Case 'Test Cases/Mes rapports/Mes rapports - SELECTION/Verify if checkbox is unchecked/TC 4 Verify Departement checkBox  is un-checked' successfully

2018-08-21 10:01:01 - [TEST_CASE][PASSED] - Test Cases/Mes rapports/Mes rapports - SELECTION/Verify if checkbox is unchecked/TC 4 Verify Departement checkBox  is un-checked: Test Cases/Mes rapports/Mes rapports - SELECTION/Verify if checkbox is unchecked/TC 4 Verify Departement checkBox  is un-checked

2018-08-21 10:01:01 - [TEST_STEP][PASSED] - uncheck: Object 'Object Repository/Mes rapports Obj/SELECTION/Departement checkbox' is un-checked

2018-08-21 10:01:01 - [MESSAGE][PASSED] - Object 'Object Repository/Mes rapports Obj/SELECTION/Departement checkbox' is un-checked

2018-08-21 10:01:01 - [MESSAGE][PASSED] - Call Test Case 'Test Cases/Mes rapports/Mes rapports - SELECTION/Verify if checkbox is unchecked/TC 4 Verify Departement checkBox  is un-checked' successfully

2018-08-21 10:01:01 - [TEST_STEP][PASSED] - callTestCase: Call Test Case 'Test Cases/Mes rapports/Mes rapports - SELECTION/Verify if checkbox is unchecked/TC 5 Verify Caractere juridique du contract checBox  is un-checked' successfully

2018-08-21 10:01:01 - [TEST_CASE][PASSED] - Test Cases/Mes rapports/Mes rapports - SELECTION/Verify if checkbox is unchecked/TC 5 Verify Caractere juridique du contract checBox  is un-checked: Test Cases/Mes rapports/Mes rapports - SELECTION/Verify if checkbox is unchecked/TC 5 Verify Caractere juridique du contract checBox  is un-checked

2018-08-21 10:01:01 - [TEST_STEP][PASSED] - uncheck: Object 'Object Repository/Mes rapports Obj/SELECTION/Caractere juridique de contrat' is un-checked

2018-08-21 10:01:01 - [MESSAGE][PASSED] - Object 'Object Repository/Mes rapports Obj/SELECTION/Caractere juridique de contrat' is un-checked

2018-08-21 10:01:01 - [MESSAGE][PASSED] - Call Test Case 'Test Cases/Mes rapports/Mes rapports - SELECTION/Verify if checkbox is unchecked/TC 5 Verify Caractere juridique du contract checBox  is un-checked' successfully

2018-08-21 10:01:01 - [TEST_STEP][PASSED] - callTestCase: Call Test Case 'Test Cases/Mes rapports/Mes rapports - SELECTION/Verify if checkbox is unchecked/TC 6 Verify Pays de naissance checkBox  is un-checked' successfully

2018-08-21 10:01:01 - [TEST_CASE][PASSED] - Test Cases/Mes rapports/Mes rapports - SELECTION/Verify if checkbox is unchecked/TC 6 Verify Pays de naissance checkBox  is un-checked: Test Cases/Mes rapports/Mes rapports - SELECTION/Verify if checkbox is unchecked/TC 6 Verify Pays de naissance checkBox  is un-checked

2018-08-21 10:01:02 - [TEST_STEP][PASSED] - uncheck: Object 'Object Repository/Mes rapports Obj/SELECTION/Pays de naisssance checkbox' is un-checked

2018-08-21 10:01:02 - [MESSAGE][PASSED] - Object 'Object Repository/Mes rapports Obj/SELECTION/Pays de naisssance checkbox' is un-checked

2018-08-21 10:01:02 - [MESSAGE][PASSED] - Call Test Case 'Test Cases/Mes rapports/Mes rapports - SELECTION/Verify if checkbox is unchecked/TC 6 Verify Pays de naissance checkBox  is un-checked' successfully

2018-08-21 10:01:02 - [TEST_STEP][PASSED] - callTestCase: Call Test Case 'Test Cases/Mes rapports/Mes rapports - SELECTION/Verify if checkbox is unchecked/TC 7 Verify Sexe checkBox  is un-checked' successfully

2018-08-21 10:01:02 - [TEST_CASE][PASSED] - Test Cases/Mes rapports/Mes rapports - SELECTION/Verify if checkbox is unchecked/TC 7 Verify Sexe checkBox  is un-checked: Test Cases/Mes rapports/Mes rapports - SELECTION/Verify if checkbox is unchecked/TC 7 Verify Sexe checkBox  is un-checked

2018-08-21 10:01:02 - [TEST_STEP][PASSED] - uncheck: Object 'Object Repository/Mes rapports Obj/SELECTION/Sexe checkbox' is un-checked

2018-08-21 10:01:02 - [MESSAGE][PASSED] - Object 'Object Repository/Mes rapports Obj/SELECTION/Sexe checkbox' is un-checked

2018-08-21 10:01:02 - [MESSAGE][PASSED] - Call Test Case 'Test Cases/Mes rapports/Mes rapports - SELECTION/Verify if checkbox is unchecked/TC 7 Verify Sexe checkBox  is un-checked' successfully

2018-08-21 10:01:02 - [TEST_STEP][PASSED] - callTestCase: Call Test Case 'Test Cases/Mes rapports/Mes rapports - SELECTION/Verify if checkbox is unchecked/TC 8 Verify Mode de remuneration checkBox  is un-checked' successfully

2018-08-21 10:01:02 - [TEST_CASE][PASSED] - Test Cases/Mes rapports/Mes rapports - SELECTION/Verify if checkbox is unchecked/TC 8 Verify Mode de remuneration checkBox  is un-checked: Test Cases/Mes rapports/Mes rapports - SELECTION/Verify if checkbox is unchecked/TC 8 Verify Mode de remuneration checkBox  is un-checked

2018-08-21 10:01:02 - [TEST_STEP][PASSED] - uncheck: Object 'Object Repository/Mes rapports Obj/SELECTION/Mode de remuneration checkbox' is un-checked

2018-08-21 10:01:02 - [MESSAGE][PASSED] - Object 'Object Repository/Mes rapports Obj/SELECTION/Mode de remuneration checkbox' is un-checked

2018-08-21 10:01:02 - [MESSAGE][PASSED] - Call Test Case 'Test Cases/Mes rapports/Mes rapports - SELECTION/Verify if checkbox is unchecked/TC 8 Verify Mode de remuneration checkBox  is un-checked' successfully

2018-08-21 10:01:02 - [TEST_STEP][PASSED] - callTestCase: Call Test Case 'Test Cases/Mes rapports/Mes rapports - SELECTION/Verify if checkbox is unchecked/TC 9 Verify Suspension checkBox  is un-checked' successfully

2018-08-21 10:01:02 - [TEST_CASE][PASSED] - Test Cases/Mes rapports/Mes rapports - SELECTION/Verify if checkbox is unchecked/TC 9 Verify Suspension checkBox  is un-checked: Test Cases/Mes rapports/Mes rapports - SELECTION/Verify if checkbox is unchecked/TC 9 Verify Suspension checkBox  is un-checked

2018-08-21 10:01:03 - [TEST_STEP][PASSED] - uncheck: Object 'Object Repository/Mes rapports Obj/SELECTION/Suspension checkbox' is un-checked

2018-08-21 10:01:03 - [MESSAGE][PASSED] - Object 'Object Repository/Mes rapports Obj/SELECTION/Suspension checkbox' is un-checked

2018-08-21 10:01:03 - [MESSAGE][PASSED] - Call Test Case 'Test Cases/Mes rapports/Mes rapports - SELECTION/Verify if checkbox is unchecked/TC 9 Verify Suspension checkBox  is un-checked' successfully

2018-08-21 10:01:03 - [MESSAGE][PASSED] - Call Test Case 'Test Cases/Mes rapports/Mes rapports - SELECTION/Verify if checkbox is unchecked/TC 10 Deselect all checkbox' successfully

2018-08-21 10:01:03 - [TEST_STEP][PASSED] - callTestCase: Call Test Case 'Test Cases/Verify URL/TC Verify Url' successfully

2018-08-21 10:01:03 - [TEST_CASE][PASSED] - Test Cases/Verify URL/TC Verify Url: Test Cases/Verify URL/TC Verify Url

2018-08-21 10:01:03 - [TEST_STEP][PASSED] - waitForPageLoad: Wait for page load successfully

2018-08-21 10:01:03 - [MESSAGE][PASSED] - Wait for page load successfully

2018-08-21 10:01:03 - [TEST_STEP][PASSED] - Statement - url = com.kms.katalon.core.webui.keyword.WebUiBuiltInKeywords.getUrl(): Current window's url is: 'https://internet.acc.sd.dika.be/ebloxreporting/web.sensitive/main/FpyDF/iIz9g8MffKNXfNyb1H/NL/#/definitie/wizard/extern/index/28140/selectie'

2018-08-21 10:01:03 - [MESSAGE][PASSED] - Current window's url is: 'https://internet.acc.sd.dika.be/ebloxreporting/web.sensitive/main/FpyDF/iIz9g8MffKNXfNyb1H/NL/#/definitie/wizard/extern/index/28140/selectie'

2018-08-21 10:01:03 - [TEST_STEP][PASSED] - Statement - p = java.util.regex.Pattern.compile("00040 ANTILOPE GROEP"): null

2018-08-21 10:01:03 - [TEST_STEP][PASSED] - Statement - m = p.matcher(url): null

2018-08-21 10:01:03 - [TEST_STEP][PASSED] - Statement - If (m.find()): null

2018-08-21 10:01:03 - [TEST_STEP][PASSED] - Statement - Else: The user name and the concern number are not present in the URL

2018-08-21 10:01:03 - [TEST_STEP][PASSED] - Statement - com.kms.katalon.core.util.KeywordUtil.markPassed("The user name and the concern number are not present in the URL"): The user name and the concern number are not present in the URL

2018-08-21 10:01:03 - [MESSAGE][PASSED] - The user name and the concern number are not present in the URL

2018-08-21 10:01:03 - [MESSAGE][PASSED] - Call Test Case 'Test Cases/Verify URL/TC Verify Url' successfully

2018-08-21 10:01:03 - [TEST_STEP][PASSED] - waitForPageLoad: Wait for page load successfully

2018-08-21 10:01:03 - [MESSAGE][PASSED] - Wait for page load successfully

2018-08-21 10:01:03 - [TEST_STEP][PASSED] - callTestCase: Call Test Case 'Test Cases/Mes rapports/TC Verify the next button arrow' successfully

2018-08-21 10:01:03 - [TEST_CASE][PASSED] - Test Cases/Mes rapports/TC Verify the next button arrow: Test Cases/Mes rapports/TC Verify the next button arrow

2018-08-21 10:01:03 - [TEST_STEP][PASSED] - waitForElementClickable: Object 'Object Repository/Mes rapports Obj/button_Next_Arrow' is clickable

2018-08-21 10:01:03 - [MESSAGE][PASSED] - Object 'Object Repository/Mes rapports Obj/button_Next_Arrow' is clickable

2018-08-21 10:01:03 - [TEST_STEP][PASSED] - click: Object: 'Object Repository/Mes rapports Obj/button_Next_Arrow' is clicked on

2018-08-21 10:01:03 - [MESSAGE][PASSED] - Object: 'Object Repository/Mes rapports Obj/button_Next_Arrow' is clicked on

2018-08-21 10:01:03 - [TEST_STEP][PASSED] - delay: Delayed 5 second(s)

2018-08-21 10:01:08 - [MESSAGE][PASSED] - Delayed 5 second(s)

2018-08-21 10:01:08 - [MESSAGE][PASSED] - Call Test Case 'Test Cases/Mes rapports/TC Verify the next button arrow' successfully

2018-08-21 10:01:08 - [TEST_STEP][PASSED] - click: Object: 'Object Repository/Mes rapports Obj/EXECUTION/Button executer' is clicked on

2018-08-21 10:01:08 - [MESSAGE][PASSED] - Object: 'Object Repository/Mes rapports Obj/EXECUTION/Button executer' is clicked on

2018-08-21 10:01:08 - [TEST_STEP][PASSED] - closeBrowser: Browser is closed

2018-08-21 10:01:09 - [MESSAGE][PASSED] - Browser is closed]]></system-out>
         <system-err><![CDATA[]]></system-err>
      </testcase>
      <testcase name="Test Cases/New Folder/TC11 INTERNAL" classname="Test Cases/New Folder/TC11 INTERNAL" status="FAILED">
         <failure type="FAILED" message="Unable to click on object 'Object Repository/Mes rapports Obj/EXECUTION/Annuler nouveau rapport' (Root cause: com.kms.katalon.core.webui.exception.WebElementNotFoundException: Web element with id: 'Object Repository/Mes rapports Obj/EXECUTION/Annuler nouveau rapport' located by 'By.xpath: /html/body/div[5]/div/div/div[3]/button[1]' not found)"/>
         <system-out><![CDATA[2018-08-21 10:01:09 - [TEST_CASE][FAILED] - Test Cases/New Folder/TC11 INTERNAL: Test Cases/New Folder/TC11 INTERNAL FAILED because (of) Unable to click on object 'Object Repository/Mes rapports Obj/EXECUTION/Annuler nouveau rapport' (Root cause: com.kms.katalon.core.webui.exception.WebElementNotFoundException: Web element with id: 'Object Repository/Mes rapports Obj/EXECUTION/Annuler nouveau rapport' located by 'By.xpath: /html/body/div[5]/div/div/div[3]/button[1]' not found)

2018-08-21 10:01:09 - [TEST_STEP][PASSED] - callTestCase: Call Test Case 'Test Cases/Login/TC1 Login to Mysdworx' successfully

2018-08-21 10:01:09 - [TEST_CASE][PASSED] - Test Cases/Login/TC1 Login to Mysdworx: Test Cases/Login/TC1 Login to Mysdworx

2018-08-21 10:01:09 - [TEST_STEP][PASSED] - openBrowser: Browser is opened with url: ''

2018-08-21 10:01:11 - [MESSAGE][PASSED] - Browser is opened with url: ''

2018-08-21 10:01:11 - [TEST_STEP][PASSED] - navigateToUrl: Navigate to 'https://internet.acc.sd.dika.be/ebloxreporting/web.sensitive/main/?lang=fr' successfully

2018-08-21 10:01:16 - [MESSAGE][PASSED] - Navigate to 'https://internet.acc.sd.dika.be/ebloxreporting/web.sensitive/main/?lang=fr' successfully

2018-08-21 10:01:16 - [TEST_STEP][PASSED] - maximizeWindow: Current window maximized

2018-08-21 10:01:17 - [MESSAGE][PASSED] - Current window maximized

2018-08-21 10:01:17 - [TEST_STEP][PASSED] - setText: Text 'DP_EBLOX_RPP_VASCO' is set on object 'Object Repository/Page_mysdworx - Log in/input_Username'

2018-08-21 10:01:21 - [MESSAGE][PASSED] - Text 'DP_EBLOX_RPP_VASCO' is set on object 'Object Repository/Page_mysdworx - Log in/input_Username'

2018-08-21 10:01:21 - [TEST_STEP][PASSED] - Statement - frame = new javax.swing.JFrame(User Input Frame): null

2018-08-21 10:01:21 - [TEST_STEP][PASSED] - Statement - frame.requestFocus(): null

2018-08-21 10:01:21 - [TEST_STEP][PASSED] - Statement - pass = javax.swing.JOptionPane.showInputDialog(frame, "Enter the password from token!!"): null

2018-08-21 10:01:35 - [TEST_STEP][PASSED] - delay: Delayed 2 second(s)

2018-08-21 10:01:37 - [MESSAGE][PASSED] - Delayed 2 second(s)

2018-08-21 10:01:37 - [TEST_STEP][PASSED] - setText: Text '693574' is set on object 'Object Repository/Page_mysdworx - Log in/input_Password'

2018-08-21 10:01:37 - [MESSAGE][PASSED] - Text '693574' is set on object 'Object Repository/Page_mysdworx - Log in/input_Password'

2018-08-21 10:01:37 - [TEST_STEP][PASSED] - click: Object: 'Object Repository/Page_mysdworx - Log in/button_Se connecter' is clicked on

2018-08-21 10:01:37 - [MESSAGE][PASSED] - Object: 'Object Repository/Page_mysdworx - Log in/button_Se connecter' is clicked on

2018-08-21 10:01:37 - [TEST_STEP][PASSED] - waitForPageLoad: Wait for page load successfully

2018-08-21 10:01:37 - [MESSAGE][PASSED] - Wait for page load successfully

2018-08-21 10:01:37 - [TEST_STEP][NOT_RUN] - closeBrowser: NOT_RUN: closeBrowser

2018-08-21 10:01:37 - [MESSAGE][NOT_RUN] - NOT_RUN: closeBrowser

2018-08-21 10:01:37 - [MESSAGE][PASSED] - Call Test Case 'Test Cases/Login/TC1 Login to Mysdworx' successfully

2018-08-21 10:01:37 - [TEST_STEP][PASSED] - waitForPageLoad: Wait for page load successfully

2018-08-21 10:01:37 - [MESSAGE][PASSED] - Wait for page load successfully

2018-08-21 10:01:37 - [TEST_STEP][PASSED] - callTestCase: Call Test Case 'Test Cases/Select Language/TC1 Verify NL language' successfully

2018-08-21 10:01:37 - [TEST_CASE][PASSED] - Test Cases/Select Language/TC1 Verify NL language: Test Cases/Select Language/TC1 Verify NL language

2018-08-21 10:01:37 - [TEST_STEP][PASSED] - waitForElementClickable: Object 'Object Repository/Change language link Obj/NL_language' is clickable

2018-08-21 10:02:06 - [MESSAGE][PASSED] - Object 'Object Repository/Change language link Obj/NL_language' is clickable

2018-08-21 10:02:06 - [TEST_STEP][PASSED] - click: Object: 'Object Repository/Change language link Obj/NL_language' is clicked on

2018-08-21 10:02:12 - [MESSAGE][PASSED] - Object: 'Object Repository/Change language link Obj/NL_language' is clicked on

2018-08-21 10:02:12 - [TEST_STEP][PASSED] - waitForPageLoad: Wait for page load successfully

2018-08-21 10:02:12 - [MESSAGE][PASSED] - Wait for page load successfully

2018-08-21 10:02:12 - [MESSAGE][PASSED] - Call Test Case 'Test Cases/Select Language/TC1 Verify NL language' successfully

2018-08-21 10:02:12 - [TEST_STEP][PASSED] - waitForPageLoad: Wait for page load successfully

2018-08-21 10:02:12 - [MESSAGE][PASSED] - Wait for page load successfully

2018-08-21 10:02:12 - [TEST_STEP][PASSED] - click: Object: 'Object Repository/Mes rapports Obj/New button dropdown' is clicked on

2018-08-21 10:02:14 - [MESSAGE][PASSED] - Object: 'Object Repository/Mes rapports Obj/New button dropdown' is clicked on

2018-08-21 10:02:14 - [TEST_STEP][PASSED] - click: Object: 'Object Repository/Mes rapports Obj/intern option' is clicked on

2018-08-21 10:02:14 - [MESSAGE][PASSED] - Object: 'Object Repository/Mes rapports Obj/intern option' is clicked on

2018-08-21 10:02:14 - [TEST_STEP][PASSED] - callTestCase: Call Test Case 'Test Cases/Mes rapports/Mes rapports - BASE DE RAPPORT/TC1  Verify radio button creer un tout nouveau rapport' successfully

2018-08-21 10:02:14 - [TEST_CASE][PASSED] - Test Cases/Mes rapports/Mes rapports - BASE DE RAPPORT/TC1  Verify radio button creer un tout nouveau rapport: Test Cases/Mes rapports/Mes rapports - BASE DE RAPPORT/TC1  Verify radio button creer un tout nouveau rapport

2018-08-21 10:02:15 - [TEST_STEP][PASSED] - Statement - radioButton = com.kms.katalon.core.webui.keyword.WebUiBuiltInKeywords.modifyObjectProperty(com.kms.katalon.core.testobject.ObjectRepository.findTestObject(Mes rapports Obj/BASE DE RAPPORT/radioButton_Creer un tout nouveau rapport), "name", "equals", "typeRapport", true): Modify property of object successfully

2018-08-21 10:02:15 - [MESSAGE][PASSED] - Modify property of object successfully

2018-08-21 10:02:15 - [TEST_STEP][PASSED] - click: Object: 'Object Repository/Mes rapports Obj/BASE DE RAPPORT/radioButton_Creer un tout nouveau rapport' is clicked on

2018-08-21 10:02:15 - [MESSAGE][PASSED] - Object: 'Object Repository/Mes rapports Obj/BASE DE RAPPORT/radioButton_Creer un tout nouveau rapport' is clicked on

2018-08-21 10:02:15 - [MESSAGE][PASSED] - Call Test Case 'Test Cases/Mes rapports/Mes rapports - BASE DE RAPPORT/TC1  Verify radio button creer un tout nouveau rapport' successfully

2018-08-21 10:02:15 - [TEST_STEP][PASSED] - callTestCase: Call Test Case 'Test Cases/Mes rapports/TC Verify the next button arrow' successfully

2018-08-21 10:02:15 - [TEST_CASE][PASSED] - Test Cases/Mes rapports/TC Verify the next button arrow: Test Cases/Mes rapports/TC Verify the next button arrow

2018-08-21 10:02:15 - [TEST_STEP][PASSED] - waitForElementClickable: Object 'Object Repository/Mes rapports Obj/button_Next_Arrow' is clickable

2018-08-21 10:02:15 - [MESSAGE][PASSED] - Object 'Object Repository/Mes rapports Obj/button_Next_Arrow' is clickable

2018-08-21 10:02:15 - [TEST_STEP][PASSED] - click: Object: 'Object Repository/Mes rapports Obj/button_Next_Arrow' is clicked on

2018-08-21 10:02:15 - [MESSAGE][PASSED] - Object: 'Object Repository/Mes rapports Obj/button_Next_Arrow' is clicked on

2018-08-21 10:02:15 - [TEST_STEP][PASSED] - delay: Delayed 5 second(s)

2018-08-21 10:02:20 - [MESSAGE][PASSED] - Delayed 5 second(s)

2018-08-21 10:02:20 - [MESSAGE][PASSED] - Call Test Case 'Test Cases/Mes rapports/TC Verify the next button arrow' successfully

2018-08-21 10:02:20 - [TEST_STEP][PASSED] - waitForPageLoad: Wait for page load successfully

2018-08-21 10:02:20 - [MESSAGE][PASSED] - Wait for page load successfully

2018-08-21 10:02:20 - [TEST_STEP][PASSED] - callTestCase: Call Test Case 'Test Cases/Mes rapports/Mes rapports - CONTENU/TC Verify input field INTERNAL' successfully

2018-08-21 10:02:20 - [TEST_CASE][PASSED] - Test Cases/Mes rapports/Mes rapports - CONTENU/TC Verify input field INTERNAL: Test Cases/Mes rapports/Mes rapports - CONTENU/TC Verify input field INTERNAL

2018-08-21 10:02:20 - [TEST_STEP][PASSED] - Statement - excelData = com.kms.katalon.core.testdata.TestDataFactory.findTestData(Data Files/Data/INTERNAL): Reading excel file with source file 'C:\Users\seeboruts\OneDrive - SD Worx\Desktop\test_DAta.xlsx' and sheet name 'INTERNAL'

2018-08-21 10:02:21 - [TEST_STEP][PASSED] - Statement - test = excelData.getRowNumbers(): null

2018-08-21 10:02:21 - [TEST_STEP][PASSED] - Statement - println("No of rows" + test): null

2018-08-21 10:02:21 - [TEST_STEP][PASSED] - Statement - For ([i = 1, i <= test, (i++)]): Object: 'Object Repository/Mes rapports Obj/CONTENU/click_Remove_text' is clicked on

2018-08-21 10:02:21 - [TEST_STEP][PASSED] - setText: Text 'Naam werknemer' is set on object 'Object Repository/Mes rapports Obj/CONTENU/input_Contenu_Selecteur'

2018-08-21 10:02:21 - [MESSAGE][PASSED] - Text 'Naam werknemer' is set on object 'Object Repository/Mes rapports Obj/CONTENU/input_Contenu_Selecteur'

2018-08-21 10:02:21 - [TEST_STEP][PASSED] - delay: Delayed 3 second(s)

2018-08-21 10:02:24 - [MESSAGE][PASSED] - Delayed 3 second(s)

2018-08-21 10:02:24 - [TEST_STEP][PASSED] - click: Object: 'Object Repository/Mes rapports Obj/CONTENU/Selecteur Obj NL/Naam werknemer' is clicked on

2018-08-21 10:02:24 - [MESSAGE][PASSED] - Object: 'Object Repository/Mes rapports Obj/CONTENU/Selecteur Obj NL/Naam werknemer' is clicked on

2018-08-21 10:02:24 - [TEST_STEP][PASSED] - delay: Delayed 3 second(s)

2018-08-21 10:02:27 - [MESSAGE][PASSED] - Delayed 3 second(s)

2018-08-21 10:02:27 - [TEST_STEP][PASSED] - click: Object: 'Object Repository/Mes rapports Obj/CONTENU/click_Remove_text' is clicked on

2018-08-21 10:02:27 - [MESSAGE][PASSED] - Object: 'Object Repository/Mes rapports Obj/CONTENU/click_Remove_text' is clicked on

2018-08-21 10:02:27 - [TEST_STEP][PASSED] - setText: Text 'Afdeling' is set on object 'Object Repository/Mes rapports Obj/CONTENU/input_Contenu_Selecteur'

2018-08-21 10:02:27 - [MESSAGE][PASSED] - Text 'Afdeling' is set on object 'Object Repository/Mes rapports Obj/CONTENU/input_Contenu_Selecteur'

2018-08-21 10:02:27 - [TEST_STEP][PASSED] - delay: Delayed 3 second(s)

2018-08-21 10:02:30 - [MESSAGE][PASSED] - Delayed 3 second(s)

2018-08-21 10:02:30 - [TEST_STEP][PASSED] - click: Object: 'Object Repository/Mes rapports Obj/CONTENU/Selecteur Obj NL/Afdeling' is clicked on

2018-08-21 10:02:30 - [MESSAGE][PASSED] - Object: 'Object Repository/Mes rapports Obj/CONTENU/Selecteur Obj NL/Afdeling' is clicked on

2018-08-21 10:02:30 - [TEST_STEP][PASSED] - delay: Delayed 3 second(s)

2018-08-21 10:02:33 - [MESSAGE][PASSED] - Delayed 3 second(s)

2018-08-21 10:02:33 - [TEST_STEP][PASSED] - click: Object: 'Object Repository/Mes rapports Obj/CONTENU/click_Remove_text' is clicked on

2018-08-21 10:02:34 - [MESSAGE][PASSED] - Object: 'Object Repository/Mes rapports Obj/CONTENU/click_Remove_text' is clicked on

2018-08-21 10:02:34 - [TEST_STEP][PASSED] - setText: Text 'Brutoloon' is set on object 'Object Repository/Mes rapports Obj/CONTENU/input_Contenu_Selecteur'

2018-08-21 10:02:34 - [MESSAGE][PASSED] - Text 'Brutoloon' is set on object 'Object Repository/Mes rapports Obj/CONTENU/input_Contenu_Selecteur'

2018-08-21 10:02:34 - [TEST_STEP][PASSED] - delay: Delayed 3 second(s)

2018-08-21 10:02:37 - [MESSAGE][PASSED] - Delayed 3 second(s)

2018-08-21 10:02:37 - [TEST_STEP][PASSED] - click: Object: 'Object Repository/Mes rapports Obj/CONTENU/Selecteur Obj NL/Brutoloon' is clicked on

2018-08-21 10:02:37 - [MESSAGE][PASSED] - Object: 'Object Repository/Mes rapports Obj/CONTENU/Selecteur Obj NL/Brutoloon' is clicked on

2018-08-21 10:02:37 - [TEST_STEP][PASSED] - delay: Delayed 3 second(s)

2018-08-21 10:02:40 - [MESSAGE][PASSED] - Delayed 3 second(s)

2018-08-21 10:02:40 - [TEST_STEP][PASSED] - click: Object: 'Object Repository/Mes rapports Obj/CONTENU/click_Remove_text' is clicked on

2018-08-21 10:02:40 - [MESSAGE][PASSED] - Object: 'Object Repository/Mes rapports Obj/CONTENU/click_Remove_text' is clicked on

2018-08-21 10:02:40 - [MESSAGE][PASSED] - Call Test Case 'Test Cases/Mes rapports/Mes rapports - CONTENU/TC Verify input field INTERNAL' successfully

2018-08-21 10:02:40 - [TEST_STEP][PASSED] - callTestCase: Call Test Case 'Test Cases/Mes rapports/TC Verify the next button arrow' successfully

2018-08-21 10:02:40 - [TEST_CASE][PASSED] - Test Cases/Mes rapports/TC Verify the next button arrow: Test Cases/Mes rapports/TC Verify the next button arrow

2018-08-21 10:02:40 - [TEST_STEP][PASSED] - waitForElementClickable: Object 'Object Repository/Mes rapports Obj/button_Next_Arrow' is clickable

2018-08-21 10:02:40 - [MESSAGE][PASSED] - Object 'Object Repository/Mes rapports Obj/button_Next_Arrow' is clickable

2018-08-21 10:02:40 - [TEST_STEP][PASSED] - click: Object: 'Object Repository/Mes rapports Obj/button_Next_Arrow' is clicked on

2018-08-21 10:02:40 - [MESSAGE][PASSED] - Object: 'Object Repository/Mes rapports Obj/button_Next_Arrow' is clicked on

2018-08-21 10:02:40 - [TEST_STEP][PASSED] - delay: Delayed 5 second(s)

2018-08-21 10:02:45 - [MESSAGE][PASSED] - Delayed 5 second(s)

2018-08-21 10:02:45 - [MESSAGE][PASSED] - Call Test Case 'Test Cases/Mes rapports/TC Verify the next button arrow' successfully

2018-08-21 10:02:45 - [TEST_STEP][PASSED] - waitForPageLoad: Wait for page load successfully

2018-08-21 10:02:45 - [MESSAGE][PASSED] - Wait for page load successfully

2018-08-21 10:02:45 - [TEST_STEP][PASSED] - callTestCase: Call Test Case 'Test Cases/Mes rapports/Mes rapports - SELECTION/Verify if checkbox is unchecked/TC 10 Deselect all checkbox' successfully

2018-08-21 10:02:46 - [TEST_CASE][PASSED] - Test Cases/Mes rapports/Mes rapports - SELECTION/Verify if checkbox is unchecked/TC 10 Deselect all checkbox: Test Cases/Mes rapports/Mes rapports - SELECTION/Verify if checkbox is unchecked/TC 10 Deselect all checkbox

2018-08-21 10:02:46 - [TEST_STEP][PASSED] - callTestCase: Call Test Case 'Test Cases/Mes rapports/Mes rapports - SELECTION/Verify if checkbox is unchecked/TC 1 Verify Contrats actifs checkbox  is un-checked' successfully

2018-08-21 10:02:46 - [TEST_CASE][PASSED] - Test Cases/Mes rapports/Mes rapports - SELECTION/Verify if checkbox is unchecked/TC 1 Verify Contrats actifs checkbox  is un-checked: Test Cases/Mes rapports/Mes rapports - SELECTION/Verify if checkbox is unchecked/TC 1 Verify Contrats actifs checkbox  is un-checked

2018-08-21 10:02:46 - [TEST_STEP][PASSED] - uncheck: Object 'Object Repository/Mes rapports Obj/SELECTION/Contrats actifs checkBox' is un-checked

2018-08-21 10:03:04 - [MESSAGE][PASSED] - Object 'Object Repository/Mes rapports Obj/SELECTION/Contrats actifs checkBox' is un-checked

2018-08-21 10:03:04 - [MESSAGE][PASSED] - Call Test Case 'Test Cases/Mes rapports/Mes rapports - SELECTION/Verify if checkbox is unchecked/TC 1 Verify Contrats actifs checkbox  is un-checked' successfully

2018-08-21 10:03:04 - [TEST_STEP][PASSED] - callTestCase: Call Test Case 'Test Cases/Mes rapports/Mes rapports - SELECTION/Verify if checkbox is unchecked/TC 2 VErify Dossier and Groupe checkBox  is un-checked' successfully

2018-08-21 10:03:04 - [TEST_CASE][PASSED] - Test Cases/Mes rapports/Mes rapports - SELECTION/Verify if checkbox is unchecked/TC 2 VErify Dossier and Groupe checkBox  is un-checked: Test Cases/Mes rapports/Mes rapports - SELECTION/Verify if checkbox is unchecked/TC 2 VErify Dossier and Groupe checkBox  is un-checked

2018-08-21 10:03:04 - [TEST_STEP][PASSED] - uncheck: Object 'Object Repository/Mes rapports Obj/SELECTION/Dossier and Groupe checkbox' is un-checked

2018-08-21 10:03:04 - [MESSAGE][PASSED] - Object 'Object Repository/Mes rapports Obj/SELECTION/Dossier and Groupe checkbox' is un-checked

2018-08-21 10:03:04 - [MESSAGE][PASSED] - Call Test Case 'Test Cases/Mes rapports/Mes rapports - SELECTION/Verify if checkbox is unchecked/TC 2 VErify Dossier and Groupe checkBox  is un-checked' successfully

2018-08-21 10:03:04 - [TEST_STEP][PASSED] - callTestCase: Call Test Case 'Test Cases/Mes rapports/Mes rapports - SELECTION/Verify if checkbox is unchecked/TC 3 Verify Travailleur checkBox  is un-checked' successfully

2018-08-21 10:03:04 - [TEST_CASE][PASSED] - Test Cases/Mes rapports/Mes rapports - SELECTION/Verify if checkbox is unchecked/TC 3 Verify Travailleur checkBox  is un-checked: Test Cases/Mes rapports/Mes rapports - SELECTION/Verify if checkbox is unchecked/TC 3 Verify Travailleur checkBox  is un-checked

2018-08-21 10:03:04 - [TEST_STEP][PASSED] - uncheck: Object 'Object Repository/Mes rapports Obj/SELECTION/Travailleur checkbox' is un-checked

2018-08-21 10:03:04 - [MESSAGE][PASSED] - Object 'Object Repository/Mes rapports Obj/SELECTION/Travailleur checkbox' is un-checked

2018-08-21 10:03:04 - [MESSAGE][PASSED] - Call Test Case 'Test Cases/Mes rapports/Mes rapports - SELECTION/Verify if checkbox is unchecked/TC 3 Verify Travailleur checkBox  is un-checked' successfully

2018-08-21 10:03:04 - [TEST_STEP][PASSED] - callTestCase: Call Test Case 'Test Cases/Mes rapports/Mes rapports - SELECTION/Verify if checkbox is unchecked/TC 4 Verify Departement checkBox  is un-checked' successfully

2018-08-21 10:03:05 - [TEST_CASE][PASSED] - Test Cases/Mes rapports/Mes rapports - SELECTION/Verify if checkbox is unchecked/TC 4 Verify Departement checkBox  is un-checked: Test Cases/Mes rapports/Mes rapports - SELECTION/Verify if checkbox is unchecked/TC 4 Verify Departement checkBox  is un-checked

2018-08-21 10:03:05 - [TEST_STEP][PASSED] - uncheck: Object 'Object Repository/Mes rapports Obj/SELECTION/Departement checkbox' is un-checked

2018-08-21 10:03:05 - [MESSAGE][PASSED] - Object 'Object Repository/Mes rapports Obj/SELECTION/Departement checkbox' is un-checked

2018-08-21 10:03:05 - [MESSAGE][PASSED] - Call Test Case 'Test Cases/Mes rapports/Mes rapports - SELECTION/Verify if checkbox is unchecked/TC 4 Verify Departement checkBox  is un-checked' successfully

2018-08-21 10:03:05 - [TEST_STEP][PASSED] - callTestCase: Call Test Case 'Test Cases/Mes rapports/Mes rapports - SELECTION/Verify if checkbox is unchecked/TC 5 Verify Caractere juridique du contract checBox  is un-checked' successfully

2018-08-21 10:03:05 - [TEST_CASE][PASSED] - Test Cases/Mes rapports/Mes rapports - SELECTION/Verify if checkbox is unchecked/TC 5 Verify Caractere juridique du contract checBox  is un-checked: Test Cases/Mes rapports/Mes rapports - SELECTION/Verify if checkbox is unchecked/TC 5 Verify Caractere juridique du contract checBox  is un-checked

2018-08-21 10:03:05 - [TEST_STEP][PASSED] - uncheck: Object 'Object Repository/Mes rapports Obj/SELECTION/Caractere juridique de contrat' is un-checked

2018-08-21 10:03:05 - [MESSAGE][PASSED] - Object 'Object Repository/Mes rapports Obj/SELECTION/Caractere juridique de contrat' is un-checked

2018-08-21 10:03:05 - [MESSAGE][PASSED] - Call Test Case 'Test Cases/Mes rapports/Mes rapports - SELECTION/Verify if checkbox is unchecked/TC 5 Verify Caractere juridique du contract checBox  is un-checked' successfully

2018-08-21 10:03:05 - [TEST_STEP][PASSED] - callTestCase: Call Test Case 'Test Cases/Mes rapports/Mes rapports - SELECTION/Verify if checkbox is unchecked/TC 6 Verify Pays de naissance checkBox  is un-checked' successfully

2018-08-21 10:03:05 - [TEST_CASE][PASSED] - Test Cases/Mes rapports/Mes rapports - SELECTION/Verify if checkbox is unchecked/TC 6 Verify Pays de naissance checkBox  is un-checked: Test Cases/Mes rapports/Mes rapports - SELECTION/Verify if checkbox is unchecked/TC 6 Verify Pays de naissance checkBox  is un-checked

2018-08-21 10:03:05 - [TEST_STEP][PASSED] - uncheck: Object 'Object Repository/Mes rapports Obj/SELECTION/Pays de naisssance checkbox' is un-checked

2018-08-21 10:03:05 - [MESSAGE][PASSED] - Object 'Object Repository/Mes rapports Obj/SELECTION/Pays de naisssance checkbox' is un-checked

2018-08-21 10:03:05 - [MESSAGE][PASSED] - Call Test Case 'Test Cases/Mes rapports/Mes rapports - SELECTION/Verify if checkbox is unchecked/TC 6 Verify Pays de naissance checkBox  is un-checked' successfully

2018-08-21 10:03:05 - [TEST_STEP][PASSED] - callTestCase: Call Test Case 'Test Cases/Mes rapports/Mes rapports - SELECTION/Verify if checkbox is unchecked/TC 7 Verify Sexe checkBox  is un-checked' successfully

2018-08-21 10:03:05 - [TEST_CASE][PASSED] - Test Cases/Mes rapports/Mes rapports - SELECTION/Verify if checkbox is unchecked/TC 7 Verify Sexe checkBox  is un-checked: Test Cases/Mes rapports/Mes rapports - SELECTION/Verify if checkbox is unchecked/TC 7 Verify Sexe checkBox  is un-checked

2018-08-21 10:03:05 - [TEST_STEP][PASSED] - uncheck: Object 'Object Repository/Mes rapports Obj/SELECTION/Sexe checkbox' is un-checked

2018-08-21 10:03:05 - [MESSAGE][PASSED] - Object 'Object Repository/Mes rapports Obj/SELECTION/Sexe checkbox' is un-checked

2018-08-21 10:03:05 - [MESSAGE][PASSED] - Call Test Case 'Test Cases/Mes rapports/Mes rapports - SELECTION/Verify if checkbox is unchecked/TC 7 Verify Sexe checkBox  is un-checked' successfully

2018-08-21 10:03:05 - [TEST_STEP][PASSED] - callTestCase: Call Test Case 'Test Cases/Mes rapports/Mes rapports - SELECTION/Verify if checkbox is unchecked/TC 8 Verify Mode de remuneration checkBox  is un-checked' successfully

2018-08-21 10:03:05 - [TEST_CASE][PASSED] - Test Cases/Mes rapports/Mes rapports - SELECTION/Verify if checkbox is unchecked/TC 8 Verify Mode de remuneration checkBox  is un-checked: Test Cases/Mes rapports/Mes rapports - SELECTION/Verify if checkbox is unchecked/TC 8 Verify Mode de remuneration checkBox  is un-checked

2018-08-21 10:03:05 - [TEST_STEP][PASSED] - uncheck: Object 'Object Repository/Mes rapports Obj/SELECTION/Mode de remuneration checkbox' is un-checked

2018-08-21 10:03:05 - [MESSAGE][PASSED] - Object 'Object Repository/Mes rapports Obj/SELECTION/Mode de remuneration checkbox' is un-checked

2018-08-21 10:03:05 - [MESSAGE][PASSED] - Call Test Case 'Test Cases/Mes rapports/Mes rapports - SELECTION/Verify if checkbox is unchecked/TC 8 Verify Mode de remuneration checkBox  is un-checked' successfully

2018-08-21 10:03:05 - [TEST_STEP][PASSED] - callTestCase: Call Test Case 'Test Cases/Mes rapports/Mes rapports - SELECTION/Verify if checkbox is unchecked/TC 9 Verify Suspension checkBox  is un-checked' successfully

2018-08-21 10:03:05 - [TEST_CASE][PASSED] - Test Cases/Mes rapports/Mes rapports - SELECTION/Verify if checkbox is unchecked/TC 9 Verify Suspension checkBox  is un-checked: Test Cases/Mes rapports/Mes rapports - SELECTION/Verify if checkbox is unchecked/TC 9 Verify Suspension checkBox  is un-checked

2018-08-21 10:03:05 - [TEST_STEP][PASSED] - uncheck: Object 'Object Repository/Mes rapports Obj/SELECTION/Suspension checkbox' is un-checked

2018-08-21 10:03:05 - [MESSAGE][PASSED] - Object 'Object Repository/Mes rapports Obj/SELECTION/Suspension checkbox' is un-checked

2018-08-21 10:03:05 - [MESSAGE][PASSED] - Call Test Case 'Test Cases/Mes rapports/Mes rapports - SELECTION/Verify if checkbox is unchecked/TC 9 Verify Suspension checkBox  is un-checked' successfully

2018-08-21 10:03:05 - [MESSAGE][PASSED] - Call Test Case 'Test Cases/Mes rapports/Mes rapports - SELECTION/Verify if checkbox is unchecked/TC 10 Deselect all checkbox' successfully

2018-08-21 10:03:05 - [TEST_STEP][PASSED] - callTestCase: Call Test Case 'Test Cases/Mes rapports/TC Verify the next button arrow' successfully

2018-08-21 10:03:05 - [TEST_CASE][PASSED] - Test Cases/Mes rapports/TC Verify the next button arrow: Test Cases/Mes rapports/TC Verify the next button arrow

2018-08-21 10:03:05 - [TEST_STEP][PASSED] - waitForElementClickable: Object 'Object Repository/Mes rapports Obj/button_Next_Arrow' is clickable

2018-08-21 10:03:05 - [MESSAGE][PASSED] - Object 'Object Repository/Mes rapports Obj/button_Next_Arrow' is clickable

2018-08-21 10:03:05 - [TEST_STEP][PASSED] - click: Object: 'Object Repository/Mes rapports Obj/button_Next_Arrow' is clicked on

2018-08-21 10:03:05 - [MESSAGE][PASSED] - Object: 'Object Repository/Mes rapports Obj/button_Next_Arrow' is clicked on

2018-08-21 10:03:05 - [TEST_STEP][PASSED] - delay: Delayed 5 second(s)

2018-08-21 10:03:10 - [MESSAGE][PASSED] - Delayed 5 second(s)

2018-08-21 10:03:10 - [MESSAGE][PASSED] - Call Test Case 'Test Cases/Mes rapports/TC Verify the next button arrow' successfully

2018-08-21 10:03:10 - [TEST_STEP][PASSED] - waitForPageLoad: Wait for page load successfully

2018-08-21 10:03:10 - [MESSAGE][PASSED] - Wait for page load successfully

2018-08-21 10:03:10 - [TEST_STEP][PASSED] - waitForElementClickable: Object 'Object Repository/Mes rapports Obj/EXECUTION/Button executer' is clickable

2018-08-21 10:03:10 - [MESSAGE][PASSED] - Object 'Object Repository/Mes rapports Obj/EXECUTION/Button executer' is clickable

2018-08-21 10:03:10 - [TEST_STEP][PASSED] - click: Object: 'Object Repository/Mes rapports Obj/EXECUTION/Button executer' is clicked on

2018-08-21 10:03:11 - [MESSAGE][PASSED] - Object: 'Object Repository/Mes rapports Obj/EXECUTION/Button executer' is clicked on

2018-08-21 10:03:11 - [TEST_STEP][PASSED] - waitForPageLoad: Wait for page load successfully

2018-08-21 10:03:11 - [MESSAGE][PASSED] - Wait for page load successfully

2018-08-21 10:03:11 - [TEST_STEP][PASSED] - callTestCase: Call Test Case 'Test Cases/Mes rapports/TC Verify the next button arrow' successfully

2018-08-21 10:03:11 - [TEST_CASE][PASSED] - Test Cases/Mes rapports/TC Verify the next button arrow: Test Cases/Mes rapports/TC Verify the next button arrow

2018-08-21 10:03:11 - [TEST_STEP][PASSED] - waitForElementClickable: Object 'Object Repository/Mes rapports Obj/button_Next_Arrow' is clickable

2018-08-21 10:03:11 - [MESSAGE][PASSED] - Object 'Object Repository/Mes rapports Obj/button_Next_Arrow' is clickable

2018-08-21 10:03:11 - [TEST_STEP][PASSED] - click: Object: 'Object Repository/Mes rapports Obj/button_Next_Arrow' is clicked on

2018-08-21 10:03:11 - [MESSAGE][PASSED] - Object: 'Object Repository/Mes rapports Obj/button_Next_Arrow' is clicked on

2018-08-21 10:03:11 - [TEST_STEP][PASSED] - delay: Delayed 5 second(s)

2018-08-21 10:03:16 - [MESSAGE][PASSED] - Delayed 5 second(s)

2018-08-21 10:03:16 - [MESSAGE][PASSED] - Call Test Case 'Test Cases/Mes rapports/TC Verify the next button arrow' successfully

2018-08-21 10:03:16 - [TEST_STEP][PASSED] - waitForPageLoad: Wait for page load successfully

2018-08-21 10:03:16 - [MESSAGE][PASSED] - Wait for page load successfully

2018-08-21 10:03:16 - [TEST_STEP][PASSED] - waitForElementPresent: Object 'Object Repository/Mes rapports Obj/PROPRIETES/Generalites - input name' is present

2018-08-21 10:03:16 - [MESSAGE][PASSED] - Object 'Object Repository/Mes rapports Obj/PROPRIETES/Generalites - input name' is present

2018-08-21 10:03:16 - [TEST_STEP][PASSED] - waitForElementClickable: Object 'Object Repository/Mes rapports Obj/PROPRIETES/Name - Language dropdown' is clickable

2018-08-21 10:03:16 - [MESSAGE][PASSED] - Object 'Object Repository/Mes rapports Obj/PROPRIETES/Name - Language dropdown' is clickable

2018-08-21 10:03:16 - [TEST_STEP][PASSED] - click: Object: 'Object Repository/Mes rapports Obj/PROPRIETES/Name - Language dropdown' is clicked on

2018-08-21 10:03:16 - [MESSAGE][PASSED] - Object: 'Object Repository/Mes rapports Obj/PROPRIETES/Name - Language dropdown' is clicked on

2018-08-21 10:03:16 - [TEST_STEP][PASSED] - delay: Delayed 1 second(s)

2018-08-21 10:03:17 - [MESSAGE][PASSED] - Delayed 1 second(s)

2018-08-21 10:03:17 - [TEST_STEP][PASSED] - click: Object: 'Object Repository/Mes rapports Obj/PROPRIETES/Name - Francais' is clicked on

2018-08-21 10:03:17 - [MESSAGE][PASSED] - Object: 'Object Repository/Mes rapports Obj/PROPRIETES/Name - Francais' is clicked on

2018-08-21 10:03:17 - [TEST_STEP][PASSED] - focus: Object: 'Object Repository/Mes rapports Obj/PROPRIETES/Generalites - input name' is focused

2018-08-21 10:03:17 - [MESSAGE][PASSED] - Object: 'Object Repository/Mes rapports Obj/PROPRIETES/Generalites - input name' is focused

2018-08-21 10:03:17 - [TEST_STEP][PASSED] - setText: Text 'TEST REG IPS 12.08.2018' is set on object 'Object Repository/Mes rapports Obj/PROPRIETES/Generalites - input name'

2018-08-21 10:03:17 - [MESSAGE][PASSED] - Text 'TEST REG IPS 12.08.2018' is set on object 'Object Repository/Mes rapports Obj/PROPRIETES/Generalites - input name'

2018-08-21 10:03:17 - [TEST_STEP][PASSED] - Statement - map = com.kms.katalon.core.webui.keyword.WebUiBuiltInKeywords.modifyObjectProperty(com.kms.katalon.core.testobject.ObjectRepository.findTestObject(Mes rapports Obj/PROPRIETES/Generalities - Dossier dropdown), "xpath", "contains", "//*[@id="s2id_autogen17"]/a", true): Modify property of object successfully

2018-08-21 10:03:17 - [MESSAGE][PASSED] - Modify property of object successfully

2018-08-21 10:03:17 - [TEST_STEP][PASSED] - click: Object: 'Object Repository/Mes rapports Obj/PROPRIETES/Generalities - Dossier dropdown' is clicked on

2018-08-21 10:03:17 - [MESSAGE][PASSED] - Object: 'Object Repository/Mes rapports Obj/PROPRIETES/Generalities - Dossier dropdown' is clicked on

2018-08-21 10:03:17 - [TEST_STEP][PASSED] - delay: Delayed 1 second(s)

2018-08-21 10:03:18 - [MESSAGE][PASSED] - Delayed 1 second(s)

2018-08-21 10:03:18 - [TEST_STEP][PASSED] - Statement - mapName = new com.kms.katalon.core.testobject.TestObject(Select_map_name): null

2018-08-21 10:03:18 - [TEST_STEP][PASSED] - Statement - mapName.addProperty("xpath", EQUALS, "//div[contains(text(),'TEST REG IPS DATUM')]"): null

2018-08-21 10:03:18 - [TEST_STEP][PASSED] - click: Object: 'Select_map_name' is clicked on

2018-08-21 10:03:19 - [MESSAGE][PASSED] - Object: 'Select_map_name' is clicked on

2018-08-21 10:03:19 - [TEST_STEP][PASSED] - Statement - sauvegarder_Button = com.kms.katalon.core.webui.keyword.WebUiBuiltInKeywords.modifyObjectProperty(com.kms.katalon.core.testobject.ObjectRepository.findTestObject(Page_eBlox Reporting/button_Sauvegarder), "xpath", "equals", "//button[contains(text(),'Opslaan')]", true): Modify property of object successfully

2018-08-21 10:03:19 - [MESSAGE][PASSED] - Modify property of object successfully

2018-08-21 10:03:19 - [TEST_STEP][PASSED] - click: Object: 'Object Repository/Page_eBlox Reporting/button_Sauvegarder' is clicked on

2018-08-21 10:03:19 - [MESSAGE][PASSED] - Object: 'Object Repository/Page_eBlox Reporting/button_Sauvegarder' is clicked on

2018-08-21 10:03:19 - [TEST_STEP][PASSED] - waitForPageLoad: Wait for page load successfully

2018-08-21 10:03:19 - [MESSAGE][PASSED] - Wait for page load successfully

2018-08-21 10:03:19 - [TEST_STEP][FAILED] - click: Unable to click on object 'Object Repository/Mes rapports Obj/EXECUTION/Annuler nouveau rapport' (Root cause: com.kms.katalon.core.webui.exception.WebElementNotFoundException: Web element with id: 'Object Repository/Mes rapports Obj/EXECUTION/Annuler nouveau rapport' located by 'By.xpath: /html/body/div[5]/div/div/div[3]/button[1]' not found)

2018-08-21 10:03:50 - [MESSAGE][FAILED] - Unable to click on object 'Object Repository/Mes rapports Obj/EXECUTION/Annuler nouveau rapport' (Root cause: com.kms.katalon.core.webui.exception.WebElementNotFoundException: Web element with id: 'Object Repository/Mes rapports Obj/EXECUTION/Annuler nouveau rapport' located by 'By.xpath: /html/body/div[5]/div/div/div[3]/button[1]' not found)
[[ATTACHMENT|C:\\Users\\seeboruts\\OneDrive - SD Worx\\Desktop\\Katalon_eBlox_Reporting\\Reports\\testing\\New Test Suite\\20180821_095745\\1534831430619.png]]]]></system-out>
         <system-err><![CDATA[2018-08-21 10:01:09 - [TEST_CASE][FAILED] - Test Cases/New Folder/TC11 INTERNAL: Test Cases/New Folder/TC11 INTERNAL FAILED because (of) Unable to click on object 'Object Repository/Mes rapports Obj/EXECUTION/Annuler nouveau rapport' (Root cause: com.kms.katalon.core.webui.exception.WebElementNotFoundException: Web element with id: 'Object Repository/Mes rapports Obj/EXECUTION/Annuler nouveau rapport' located by 'By.xpath: /html/body/div[5]/div/div/div[3]/button[1]' not found)]]></system-err>
      </testcase>
      <testcase name="Test Cases/New Folder/TC12 NEGATIVE VALUES" classname="Test Cases/New Folder/TC12 NEGATIVE VALUES" status="PASSED">
         <system-out><![CDATA[2018-08-21 10:03:50 - [TEST_CASE][PASSED] - Test Cases/New Folder/TC12 NEGATIVE VALUES: Test Cases/New Folder/TC12 NEGATIVE VALUES

2018-08-21 10:03:51 - [TEST_STEP][PASSED] - callTestCase: Call Test Case 'Test Cases/Login/TC1 Login to Mysdworx' successfully

2018-08-21 10:03:51 - [TEST_CASE][PASSED] - Test Cases/Login/TC1 Login to Mysdworx: Test Cases/Login/TC1 Login to Mysdworx

2018-08-21 10:03:51 - [TEST_STEP][PASSED] - openBrowser: Browser is opened with url: ''

2018-08-21 10:03:51 - [MESSAGE][WARNING] - A browser is already opened. Closing browser and opening a new one

2018-08-21 10:03:53 - [MESSAGE][PASSED] - Browser is opened with url: ''

2018-08-21 10:03:53 - [TEST_STEP][PASSED] - navigateToUrl: Navigate to 'https://internet.acc.sd.dika.be/ebloxreporting/web.sensitive/main/?lang=fr' successfully

2018-08-21 10:03:58 - [MESSAGE][PASSED] - Navigate to 'https://internet.acc.sd.dika.be/ebloxreporting/web.sensitive/main/?lang=fr' successfully

2018-08-21 10:03:58 - [TEST_STEP][PASSED] - maximizeWindow: Current window maximized

2018-08-21 10:03:59 - [MESSAGE][PASSED] - Current window maximized

2018-08-21 10:03:59 - [TEST_STEP][PASSED] - setText: Text 'DP_EBLOX_RPP_VASCO' is set on object 'Object Repository/Page_mysdworx - Log in/input_Username'

2018-08-21 10:04:03 - [MESSAGE][PASSED] - Text 'DP_EBLOX_RPP_VASCO' is set on object 'Object Repository/Page_mysdworx - Log in/input_Username'

2018-08-21 10:04:03 - [TEST_STEP][PASSED] - Statement - frame = new javax.swing.JFrame(User Input Frame): null

2018-08-21 10:04:03 - [TEST_STEP][PASSED] - Statement - frame.requestFocus(): null

2018-08-21 10:04:03 - [TEST_STEP][PASSED] - Statement - pass = javax.swing.JOptionPane.showInputDialog(frame, "Enter the password from token!!"): null

2018-08-21 10:04:08 - [TEST_STEP][PASSED] - delay: Delayed 2 second(s)

2018-08-21 10:04:10 - [MESSAGE][PASSED] - Delayed 2 second(s)

2018-08-21 10:04:10 - [TEST_STEP][PASSED] - setText: Text '772474' is set on object 'Object Repository/Page_mysdworx - Log in/input_Password'

2018-08-21 10:04:10 - [MESSAGE][PASSED] - Text '772474' is set on object 'Object Repository/Page_mysdworx - Log in/input_Password'

2018-08-21 10:04:10 - [TEST_STEP][PASSED] - click: Object: 'Object Repository/Page_mysdworx - Log in/button_Se connecter' is clicked on

2018-08-21 10:04:10 - [MESSAGE][PASSED] - Object: 'Object Repository/Page_mysdworx - Log in/button_Se connecter' is clicked on

2018-08-21 10:04:10 - [TEST_STEP][PASSED] - waitForPageLoad: Wait for page load successfully

2018-08-21 10:04:10 - [MESSAGE][PASSED] - Wait for page load successfully

2018-08-21 10:04:10 - [TEST_STEP][NOT_RUN] - closeBrowser: NOT_RUN: closeBrowser

2018-08-21 10:04:10 - [MESSAGE][NOT_RUN] - NOT_RUN: closeBrowser

2018-08-21 10:04:10 - [MESSAGE][PASSED] - Call Test Case 'Test Cases/Login/TC1 Login to Mysdworx' successfully

2018-08-21 10:04:10 - [TEST_STEP][PASSED] - waitForPageLoad: Wait for page load successfully

2018-08-21 10:04:10 - [MESSAGE][PASSED] - Wait for page load successfully

2018-08-21 10:04:10 - [TEST_STEP][PASSED] - callTestCase: Call Test Case 'Test Cases/Select Language/TC1 Verify NL language' successfully

2018-08-21 10:04:10 - [TEST_CASE][PASSED] - Test Cases/Select Language/TC1 Verify NL language: Test Cases/Select Language/TC1 Verify NL language

2018-08-21 10:04:10 - [TEST_STEP][PASSED] - waitForElementClickable: Object 'Object Repository/Change language link Obj/NL_language' is clickable

2018-08-21 10:04:32 - [MESSAGE][PASSED] - Object 'Object Repository/Change language link Obj/NL_language' is clickable

2018-08-21 10:04:32 - [TEST_STEP][PASSED] - click: Object: 'Object Repository/Change language link Obj/NL_language' is clicked on

2018-08-21 10:04:37 - [MESSAGE][PASSED] - Object: 'Object Repository/Change language link Obj/NL_language' is clicked on

2018-08-21 10:04:37 - [TEST_STEP][PASSED] - waitForPageLoad: Wait for page load successfully

2018-08-21 10:04:37 - [MESSAGE][PASSED] - Wait for page load successfully

2018-08-21 10:04:37 - [MESSAGE][PASSED] - Call Test Case 'Test Cases/Select Language/TC1 Verify NL language' successfully

2018-08-21 10:04:37 - [TEST_STEP][PASSED] - waitForPageLoad: Wait for page load successfully

2018-08-21 10:04:37 - [MESSAGE][PASSED] - Wait for page load successfully

2018-08-21 10:04:37 - [TEST_STEP][PASSED] - setText: Text 'REG NEGATIEF' is set on object 'Object Repository/Mes rapports Obj/input search filter'

2018-08-21 10:04:40 - [MESSAGE][PASSED] - Text 'REG NEGATIEF' is set on object 'Object Repository/Mes rapports Obj/input search filter'

2018-08-21 10:04:40 - [TEST_STEP][PASSED] - click: Object: 'Object Repository/Page_eBlox Reporting/Search_Icon' is clicked on

2018-08-21 10:04:40 - [MESSAGE][PASSED] - Object: 'Object Repository/Page_eBlox Reporting/Search_Icon' is clicked on

2018-08-21 10:04:40 - [TEST_STEP][PASSED] - Statement - myTestObject = new com.kms.katalon.core.testobject.TestObject(Select_report_NEGATIEF): null

2018-08-21 10:04:40 - [TEST_STEP][PASSED] - Statement - myTestObject.addProperty("xpath", EQUALS, "//a[@ui-sref='uitvoering.index({id:item.id})']//span[@text='REG NEGATIEF']"): null

2018-08-21 10:04:40 - [TEST_STEP][PASSED] - click: Object: 'Select_report_NEGATIEF' is clicked on

2018-08-21 10:04:40 - [MESSAGE][PASSED] - Object: 'Select_report_NEGATIEF' is clicked on

2018-08-21 10:04:40 - [TEST_STEP][PASSED] - waitForPageLoad: Wait for page load successfully

2018-08-21 10:04:40 - [MESSAGE][PASSED] - Wait for page load successfully

2018-08-21 10:04:40 - [TEST_STEP][PASSED] - delay: Delayed 2 second(s)

2018-08-21 10:04:42 - [MESSAGE][PASSED] - Delayed 2 second(s)

2018-08-21 10:04:42 - [TEST_STEP][PASSED] - Statement - historic = com.kms.katalon.core.webui.keyword.WebUiBuiltInKeywords.modifyObjectProperty(com.kms.katalon.core.testobject.ObjectRepository.findTestObject(Mes rapports Obj/EXECUTION/Description _Date de reference historique), "xpath", "contains", "//*[@id="uitvoering-parameters"]/div/div[2]/div/div/table/tbody/tr[2]/td[2]/div/div/rapp-date-prompt/div/div/rapp-special-values/div/button", true): Modify property of object successfully

2018-08-21 10:04:42 - [MESSAGE][PASSED] - Modify property of object successfully

2018-08-21 10:04:42 - [TEST_STEP][PASSED] - click: Object: 'Object Repository/Mes rapports Obj/EXECUTION/Description _Date de reference historique' is clicked on

2018-08-21 10:04:42 - [MESSAGE][PASSED] - Object: 'Object Repository/Mes rapports Obj/EXECUTION/Description _Date de reference historique' is clicked on

2018-08-21 10:04:42 - [TEST_STEP][PASSED] - delay: Delayed 2 second(s)

2018-08-21 10:04:44 - [MESSAGE][PASSED] - Delayed 2 second(s)

2018-08-21 10:04:44 - [TEST_STEP][PASSED] - click: Object: 'Object Repository/Mes rapports Obj/EXECUTION/Aujourdhui - Vandaag' is clicked on

2018-08-21 10:04:44 - [MESSAGE][PASSED] - Object: 'Object Repository/Mes rapports Obj/EXECUTION/Aujourdhui - Vandaag' is clicked on

2018-08-21 10:04:44 - [TEST_STEP][PASSED] - click: Object: 'Object Repository/Mes rapports Obj/EXECUTION/Button executer' is clicked on

2018-08-21 10:04:45 - [MESSAGE][PASSED] - Object: 'Object Repository/Mes rapports Obj/EXECUTION/Button executer' is clicked on

2018-08-21 10:04:45 - [TEST_STEP][PASSED] - waitForPageLoad: Wait for page load successfully

2018-08-21 10:04:45 - [MESSAGE][PASSED] - Wait for page load successfully

2018-08-21 10:04:45 - [TEST_STEP][PASSED] - delay: Delayed 10 second(s)

2018-08-21 10:04:55 - [MESSAGE][PASSED] - Delayed 10 second(s)

2018-08-21 10:04:55 - [TEST_STEP][PASSED] - closeBrowser: Browser is closed

2018-08-21 10:04:55 - [MESSAGE][PASSED] - Browser is closed]]></system-out>
         <system-err><![CDATA[]]></system-err>
      </testcase>
      <testcase name="Test Cases/New Folder/TC13 DIVIDED BY 0" classname="Test Cases/New Folder/TC13 DIVIDED BY 0" status="FAILED">
         <failure type="FAILED" message="Unable to click on object 'Object Repository/Mes rapports Obj/EXECUTION/Description _Date de reference historique' (Root cause: org.openqa.selenium.StaleElementReferenceException: stale element reference: element is not attached to the page document
  (Session info: chrome=68.0.3440.106)
  (Driver info: chromedriver=2.35.528161 (5b82f2d2aae0ca24b877009200ced9065a772e73),platform=Windows NT 10.0.16299 x86_64) (WARNING: The server did not provide any stacktrace information)
Command duration or timeout: 0 milliseconds
For documentation on this error, please visit: http://seleniumhq.org/exceptions/stale_element_reference.html
Build info: version: '3.7.1', revision: '8a0099a', time: '2017-11-06T21:07:36.161Z'
System info: host: '5CG7062KWD', ip: '10.136.82.137', os.name: 'Windows 10', os.arch: 'amd64', os.version: '10.0', java.version: '1.8.0_181'
Driver info: com.kms.katalon.selenium.driver.CChromeDriver
Capabilities {acceptInsecureCerts: false, acceptSslCerts: false, applicationCacheEnabled: false, browserConnectionEnabled: false, browserName: chrome, chrome: {chromedriverVersion: 2.35.528161 (5b82f2d2aae0ca..., userDataDir: C:\Users\SEEBOR~1\AppData\L...}, cssSelectorsEnabled: true, databaseEnabled: false, handlesAlerts: true, hasTouchScreen: false, javascriptEnabled: true, locationContextEnabled: true, mobileEmulationEnabled: false, nativeEvents: true, networkConnectionEnabled: false, pageLoadStrategy: normal, platform: XP, platformName: XP, rotatable: false, setWindowRect: true, takesHeapSnapshot: true, takesScreenshot: true, unexpectedAlertBehaviour: , unhandledPromptBehavior: , version: 68.0.3440.106, webStorageEnabled: true}
Session ID: e50494986f5c1c5e1552e0f66a447119)"/>
         <system-out><![CDATA[2018-08-21 10:04:55 - [TEST_CASE][FAILED] - Test Cases/New Folder/TC13 DIVIDED BY 0: Test Cases/New Folder/TC13 DIVIDED BY 0 FAILED because (of) Unable to click on object 'Object Repository/Mes rapports Obj/EXECUTION/Description _Date de reference historique' (Root cause: org.openqa.selenium.StaleElementReferenceException: stale element reference: element is not attached to the page document
  (Session info: chrome=68.0.3440.106)
  (Driver info: chromedriver=2.35.528161 (5b82f2d2aae0ca24b877009200ced9065a772e73),platform=Windows NT 10.0.16299 x86_64) (WARNING: The server did not provide any stacktrace information)
Command duration or timeout: 0 milliseconds
For documentation on this error, please visit: http://seleniumhq.org/exceptions/stale_element_reference.html
Build info: version: '3.7.1', revision: '8a0099a', time: '2017-11-06T21:07:36.161Z'
System info: host: '5CG7062KWD', ip: '10.136.82.137', os.name: 'Windows 10', os.arch: 'amd64', os.version: '10.0', java.version: '1.8.0_181'
Driver info: com.kms.katalon.selenium.driver.CChromeDriver
Capabilities {acceptInsecureCerts: false, acceptSslCerts: false, applicationCacheEnabled: false, browserConnectionEnabled: false, browserName: chrome, chrome: {chromedriverVersion: 2.35.528161 (5b82f2d2aae0ca..., userDataDir: C:\Users\SEEBOR~1\AppData\L...}, cssSelectorsEnabled: true, databaseEnabled: false, handlesAlerts: true, hasTouchScreen: false, javascriptEnabled: true, locationContextEnabled: true, mobileEmulationEnabled: false, nativeEvents: true, networkConnectionEnabled: false, pageLoadStrategy: normal, platform: XP, platformName: XP, rotatable: false, setWindowRect: true, takesHeapSnapshot: true, takesScreenshot: true, unexpectedAlertBehaviour: , unhandledPromptBehavior: , version: 68.0.3440.106, webStorageEnabled: true}
Session ID: e50494986f5c1c5e1552e0f66a447119)

2018-08-21 10:04:55 - [TEST_STEP][PASSED] - callTestCase: Call Test Case 'Test Cases/Login/TC1 Login to Mysdworx' successfully

2018-08-21 10:04:56 - [TEST_CASE][PASSED] - Test Cases/Login/TC1 Login to Mysdworx: Test Cases/Login/TC1 Login to Mysdworx

2018-08-21 10:04:56 - [TEST_STEP][PASSED] - openBrowser: Browser is opened with url: ''

2018-08-21 10:04:58 - [MESSAGE][PASSED] - Browser is opened with url: ''

2018-08-21 10:04:58 - [TEST_STEP][PASSED] - navigateToUrl: Navigate to 'https://internet.acc.sd.dika.be/ebloxreporting/web.sensitive/main/?lang=fr' successfully

2018-08-21 10:05:03 - [MESSAGE][PASSED] - Navigate to 'https://internet.acc.sd.dika.be/ebloxreporting/web.sensitive/main/?lang=fr' successfully

2018-08-21 10:05:03 - [TEST_STEP][PASSED] - maximizeWindow: Current window maximized

2018-08-21 10:05:04 - [MESSAGE][PASSED] - Current window maximized

2018-08-21 10:05:04 - [TEST_STEP][PASSED] - setText: Text 'DP_EBLOX_RPP_VASCO' is set on object 'Object Repository/Page_mysdworx - Log in/input_Username'

2018-08-21 10:05:07 - [MESSAGE][PASSED] - Text 'DP_EBLOX_RPP_VASCO' is set on object 'Object Repository/Page_mysdworx - Log in/input_Username'

2018-08-21 10:05:07 - [TEST_STEP][PASSED] - Statement - frame = new javax.swing.JFrame(User Input Frame): null

2018-08-21 10:05:07 - [TEST_STEP][PASSED] - Statement - frame.requestFocus(): null

2018-08-21 10:05:07 - [TEST_STEP][PASSED] - Statement - pass = javax.swing.JOptionPane.showInputDialog(frame, "Enter the password from token!!"): null

2018-08-21 10:05:09 - [TEST_STEP][PASSED] - delay: Delayed 2 second(s)

2018-08-21 10:05:11 - [MESSAGE][PASSED] - Delayed 2 second(s)

2018-08-21 10:05:11 - [TEST_STEP][PASSED] - setText: Text '805861' is set on object 'Object Repository/Page_mysdworx - Log in/input_Password'

2018-08-21 10:05:12 - [MESSAGE][PASSED] - Text '805861' is set on object 'Object Repository/Page_mysdworx - Log in/input_Password'

2018-08-21 10:05:12 - [TEST_STEP][PASSED] - click: Object: 'Object Repository/Page_mysdworx - Log in/button_Se connecter' is clicked on

2018-08-21 10:05:12 - [MESSAGE][PASSED] - Object: 'Object Repository/Page_mysdworx - Log in/button_Se connecter' is clicked on

2018-08-21 10:05:12 - [TEST_STEP][PASSED] - waitForPageLoad: Wait for page load successfully

2018-08-21 10:05:12 - [MESSAGE][PASSED] - Wait for page load successfully

2018-08-21 10:05:12 - [TEST_STEP][NOT_RUN] - closeBrowser: NOT_RUN: closeBrowser

2018-08-21 10:05:12 - [MESSAGE][NOT_RUN] - NOT_RUN: closeBrowser

2018-08-21 10:05:12 - [MESSAGE][PASSED] - Call Test Case 'Test Cases/Login/TC1 Login to Mysdworx' successfully

2018-08-21 10:05:12 - [TEST_STEP][PASSED] - waitForPageLoad: Wait for page load successfully

2018-08-21 10:05:12 - [MESSAGE][PASSED] - Wait for page load successfully

2018-08-21 10:05:12 - [TEST_STEP][PASSED] - callTestCase: Call Test Case 'Test Cases/Select Language/TC1 Verify NL language' successfully

2018-08-21 10:05:12 - [TEST_CASE][PASSED] - Test Cases/Select Language/TC1 Verify NL language: Test Cases/Select Language/TC1 Verify NL language

2018-08-21 10:05:12 - [TEST_STEP][PASSED] - waitForElementClickable: Object 'Object Repository/Change language link Obj/NL_language' is clickable

2018-08-21 10:05:33 - [MESSAGE][PASSED] - Object 'Object Repository/Change language link Obj/NL_language' is clickable

2018-08-21 10:05:33 - [TEST_STEP][PASSED] - click: Object: 'Object Repository/Change language link Obj/NL_language' is clicked on

2018-08-21 10:05:38 - [MESSAGE][PASSED] - Object: 'Object Repository/Change language link Obj/NL_language' is clicked on

2018-08-21 10:05:38 - [TEST_STEP][PASSED] - waitForPageLoad: Wait for page load successfully

2018-08-21 10:05:38 - [MESSAGE][PASSED] - Wait for page load successfully

2018-08-21 10:05:38 - [MESSAGE][PASSED] - Call Test Case 'Test Cases/Select Language/TC1 Verify NL language' successfully

2018-08-21 10:05:38 - [TEST_STEP][PASSED] - waitForPageLoad: Wait for page load successfully

2018-08-21 10:05:38 - [MESSAGE][PASSED] - Wait for page load successfully

2018-08-21 10:05:38 - [TEST_STEP][PASSED] - setText: Text 'REG BEWERKING 0' is set on object 'Object Repository/Mes rapports Obj/input search filter'

2018-08-21 10:05:41 - [MESSAGE][PASSED] - Text 'REG BEWERKING 0' is set on object 'Object Repository/Mes rapports Obj/input search filter'

2018-08-21 10:05:41 - [TEST_STEP][PASSED] - click: Object: 'Object Repository/Page_eBlox Reporting/Search_Icon' is clicked on

2018-08-21 10:05:41 - [MESSAGE][PASSED] - Object: 'Object Repository/Page_eBlox Reporting/Search_Icon' is clicked on

2018-08-21 10:05:41 - [TEST_STEP][PASSED] - Statement - myTestObject = new com.kms.katalon.core.testobject.TestObject(Select_report): null

2018-08-21 10:05:41 - [TEST_STEP][PASSED] - Statement - myTestObject.addProperty("xpath", EQUALS, "//span[@text='REG BEWERKING']"): null

2018-08-21 10:05:41 - [TEST_STEP][PASSED] - click: Object: 'Select_report' is clicked on

2018-08-21 10:05:42 - [MESSAGE][PASSED] - Object: 'Select_report' is clicked on

2018-08-21 10:05:42 - [TEST_STEP][PASSED] - waitForElementClickable: Object 'Object Repository/Mes rapports Obj/EXECUTION/Description _Date de reference historique' is clickable

2018-08-21 10:05:43 - [MESSAGE][PASSED] - Object 'Object Repository/Mes rapports Obj/EXECUTION/Description _Date de reference historique' is clickable

2018-08-21 10:05:43 - [TEST_STEP][PASSED] - click: Object: 'Object Repository/Mes rapports Obj/EXECUTION/Description _Date de reference historique' is clicked on

2018-08-21 10:05:43 - [MESSAGE][PASSED] - Object: 'Object Repository/Mes rapports Obj/EXECUTION/Description _Date de reference historique' is clicked on

2018-08-21 10:05:43 - [TEST_STEP][PASSED] - click: Object: 'Object Repository/Mes rapports Obj/EXECUTION/Description_Date de reference historique - Dernier jour mois precedent' is clicked on

2018-08-21 10:05:44 - [MESSAGE][PASSED] - Object: 'Object Repository/Mes rapports Obj/EXECUTION/Description_Date de reference historique - Dernier jour mois precedent' is clicked on

2018-08-21 10:05:44 - [TEST_STEP][PASSED] - click: Object: 'Object Repository/Mes rapports Obj/EXECUTION/Button executer' is clicked on

2018-08-21 10:05:44 - [MESSAGE][PASSED] - Object: 'Object Repository/Mes rapports Obj/EXECUTION/Button executer' is clicked on

2018-08-21 10:05:44 - [TEST_STEP][PASSED] - waitForPageLoad: Wait for page load successfully

2018-08-21 10:05:44 - [MESSAGE][PASSED] - Wait for page load successfully

2018-08-21 10:05:44 - [TEST_STEP][PASSED] - callTestCase: Call Test Case 'Test Cases/Select Language/TC2 Verify FR Language' successfully

2018-08-21 10:05:44 - [TEST_CASE][PASSED] - Test Cases/Select Language/TC2 Verify FR Language: Test Cases/Select Language/TC2 Verify FR Language

2018-08-21 10:05:44 - [TEST_STEP][PASSED] - click: Object: 'Object Repository/Change language link Obj/FR_language' is clicked on

2018-08-21 10:05:49 - [MESSAGE][PASSED] - Object: 'Object Repository/Change language link Obj/FR_language' is clicked on

2018-08-21 10:05:49 - [TEST_STEP][PASSED] - waitForPageLoad: Wait for page load successfully

2018-08-21 10:05:49 - [MESSAGE][PASSED] - Wait for page load successfully

2018-08-21 10:05:49 - [MESSAGE][PASSED] - Call Test Case 'Test Cases/Select Language/TC2 Verify FR Language' successfully

2018-08-21 10:05:49 - [TEST_STEP][PASSED] - click: Object: 'Object Repository/Mes rapports Obj/EXECUTION/Button executer' is clicked on

2018-08-21 10:05:51 - [MESSAGE][PASSED] - Object: 'Object Repository/Mes rapports Obj/EXECUTION/Button executer' is clicked on

2018-08-21 10:05:51 - [TEST_STEP][FAILED] - click: Unable to click on object 'Object Repository/Mes rapports Obj/EXECUTION/Description _Date de reference historique' (Root cause: org.openqa.selenium.StaleElementReferenceException: stale element reference: element is not attached to the page document
  (Session info: chrome=68.0.3440.106)
  (Driver info: chromedriver=2.35.528161 (5b82f2d2aae0ca24b877009200ced9065a772e73),platform=Windows NT 10.0.16299 x86_64) (WARNING: The server did not provide any stacktrace information)
Command duration or timeout: 0 milliseconds
For documentation on this error, please visit: http://seleniumhq.org/exceptions/stale_element_reference.html
Build info: version: '3.7.1', revision: '8a0099a', time: '2017-11-06T21:07:36.161Z'
System info: host: '5CG7062KWD', ip: '10.136.82.137', os.name: 'Windows 10', os.arch: 'amd64', os.version: '10.0', java.version: '1.8.0_181'
Driver info: com.kms.katalon.selenium.driver.CChromeDriver
Capabilities {acceptInsecureCerts: false, acceptSslCerts: false, applicationCacheEnabled: false, browserConnectionEnabled: false, browserName: chrome, chrome: {chromedriverVersion: 2.35.528161 (5b82f2d2aae0ca..., userDataDir: C:\Users\SEEBOR~1\AppData\L...}, cssSelectorsEnabled: true, databaseEnabled: false, handlesAlerts: true, hasTouchScreen: false, javascriptEnabled: true, locationContextEnabled: true, mobileEmulationEnabled: false, nativeEvents: true, networkConnectionEnabled: false, pageLoadStrategy: normal, platform: XP, platformName: XP, rotatable: false, setWindowRect: true, takesHeapSnapshot: true, takesScreenshot: true, unexpectedAlertBehaviour: , unhandledPromptBehavior: , version: 68.0.3440.106, webStorageEnabled: true}
Session ID: e50494986f5c1c5e1552e0f66a447119)

2018-08-21 10:05:52 - [MESSAGE][FAILED] - Unable to click on object 'Object Repository/Mes rapports Obj/EXECUTION/Description _Date de reference historique' (Root cause: org.openqa.selenium.StaleElementReferenceException: stale element reference: element is not attached to the page document
  (Session info: chrome=68.0.3440.106)
  (Driver info: chromedriver=2.35.528161 (5b82f2d2aae0ca24b877009200ced9065a772e73),platform=Windows NT 10.0.16299 x86_64) (WARNING: The server did not provide any stacktrace information)
Command duration or timeout: 0 milliseconds
For documentation on this error, please visit: http://seleniumhq.org/exceptions/stale_element_reference.html
Build info: version: '3.7.1', revision: '8a0099a', time: '2017-11-06T21:07:36.161Z'
System info: host: '5CG7062KWD', ip: '10.136.82.137', os.name: 'Windows 10', os.arch: 'amd64', os.version: '10.0', java.version: '1.8.0_181'
Driver info: com.kms.katalon.selenium.driver.CChromeDriver
Capabilities {acceptInsecureCerts: false, acceptSslCerts: false, applicationCacheEnabled: false, browserConnectionEnabled: false, browserName: chrome, chrome: {chromedriverVersion: 2.35.528161 (5b82f2d2aae0ca..., userDataDir: C:\Users\SEEBOR~1\AppData\L...}, cssSelectorsEnabled: true, databaseEnabled: false, handlesAlerts: true, hasTouchScreen: false, javascriptEnabled: true, locationContextEnabled: true, mobileEmulationEnabled: false, nativeEvents: true, networkConnectionEnabled: false, pageLoadStrategy: normal, platform: XP, platformName: XP, rotatable: false, setWindowRect: true, takesHeapSnapshot: true, takesScreenshot: true, unexpectedAlertBehaviour: , unhandledPromptBehavior: , version: 68.0.3440.106, webStorageEnabled: true}
Session ID: e50494986f5c1c5e1552e0f66a447119)
[[ATTACHMENT|C:\\Users\\seeboruts\\OneDrive - SD Worx\\Desktop\\Katalon_eBlox_Reporting\\Reports\\testing\\New Test Suite\\20180821_095745\\1534831552011.png]]]]></system-out>
         <system-err><![CDATA[2018-08-21 10:04:55 - [TEST_CASE][FAILED] - Test Cases/New Folder/TC13 DIVIDED BY 0: Test Cases/New Folder/TC13 DIVIDED BY 0 FAILED because (of) Unable to click on object 'Object Repository/Mes rapports Obj/EXECUTION/Description _Date de reference historique' (Root cause: org.openqa.selenium.StaleElementReferenceException: stale element reference: element is not attached to the page document
  (Session info: chrome=68.0.3440.106)
  (Driver info: chromedriver=2.35.528161 (5b82f2d2aae0ca24b877009200ced9065a772e73),platform=Windows NT 10.0.16299 x86_64) (WARNING: The server did not provide any stacktrace information)
Command duration or timeout: 0 milliseconds
For documentation on this error, please visit: http://seleniumhq.org/exceptions/stale_element_reference.html
Build info: version: '3.7.1', revision: '8a0099a', time: '2017-11-06T21:07:36.161Z'
System info: host: '5CG7062KWD', ip: '10.136.82.137', os.name: 'Windows 10', os.arch: 'amd64', os.version: '10.0', java.version: '1.8.0_181'
Driver info: com.kms.katalon.selenium.driver.CChromeDriver
Capabilities {acceptInsecureCerts: false, acceptSslCerts: false, applicationCacheEnabled: false, browserConnectionEnabled: false, browserName: chrome, chrome: {chromedriverVersion: 2.35.528161 (5b82f2d2aae0ca..., userDataDir: C:\Users\SEEBOR~1\AppData\L...}, cssSelectorsEnabled: true, databaseEnabled: false, handlesAlerts: true, hasTouchScreen: false, javascriptEnabled: true, locationContextEnabled: true, mobileEmulationEnabled: false, nativeEvents: true, networkConnectionEnabled: false, pageLoadStrategy: normal, platform: XP, platformName: XP, rotatable: false, setWindowRect: true, takesHeapSnapshot: true, takesScreenshot: true, unexpectedAlertBehaviour: , unhandledPromptBehavior: , version: 68.0.3440.106, webStorageEnabled: true}
Session ID: e50494986f5c1c5e1552e0f66a447119)]]></system-err>
      </testcase>
      <testcase name="Test Cases/New Folder/TC14 OWN COLUMNS" classname="Test Cases/New Folder/TC14 OWN COLUMNS" status="PASSED">
         <system-out><![CDATA[2018-08-21 10:05:52 - [TEST_CASE][PASSED] - Test Cases/New Folder/TC14 OWN COLUMNS: Test Cases/New Folder/TC14 OWN COLUMNS

2018-08-21 10:05:52 - [TEST_STEP][PASSED] - callTestCase: Call Test Case 'Test Cases/Login/TC1 Login to Mysdworx' successfully

2018-08-21 10:05:52 - [TEST_CASE][PASSED] - Test Cases/Login/TC1 Login to Mysdworx: Test Cases/Login/TC1 Login to Mysdworx

2018-08-21 10:05:52 - [TEST_STEP][PASSED] - openBrowser: Browser is opened with url: ''

2018-08-21 10:05:52 - [MESSAGE][WARNING] - A browser is already opened. Closing browser and opening a new one

2018-08-21 10:05:55 - [MESSAGE][PASSED] - Browser is opened with url: ''

2018-08-21 10:05:55 - [TEST_STEP][PASSED] - navigateToUrl: Navigate to 'https://internet.acc.sd.dika.be/ebloxreporting/web.sensitive/main/?lang=fr' successfully

2018-08-21 10:06:00 - [MESSAGE][PASSED] - Navigate to 'https://internet.acc.sd.dika.be/ebloxreporting/web.sensitive/main/?lang=fr' successfully

2018-08-21 10:06:00 - [TEST_STEP][PASSED] - maximizeWindow: Current window maximized

2018-08-21 10:06:01 - [MESSAGE][PASSED] - Current window maximized

2018-08-21 10:06:01 - [TEST_STEP][PASSED] - setText: Text 'DP_EBLOX_RPP_VASCO' is set on object 'Object Repository/Page_mysdworx - Log in/input_Username'

2018-08-21 10:06:04 - [MESSAGE][PASSED] - Text 'DP_EBLOX_RPP_VASCO' is set on object 'Object Repository/Page_mysdworx - Log in/input_Username'

2018-08-21 10:06:04 - [TEST_STEP][PASSED] - Statement - frame = new javax.swing.JFrame(User Input Frame): null

2018-08-21 10:06:04 - [TEST_STEP][PASSED] - Statement - frame.requestFocus(): null

2018-08-21 10:06:04 - [TEST_STEP][PASSED] - Statement - pass = javax.swing.JOptionPane.showInputDialog(frame, "Enter the password from token!!"): null

2018-08-21 10:07:22 - [TEST_STEP][PASSED] - delay: Delayed 2 second(s)

2018-08-21 10:07:24 - [MESSAGE][PASSED] - Delayed 2 second(s)

2018-08-21 10:07:24 - [TEST_STEP][PASSED] - setText: Text '270351' is set on object 'Object Repository/Page_mysdworx - Log in/input_Password'

2018-08-21 10:07:25 - [MESSAGE][PASSED] - Text '270351' is set on object 'Object Repository/Page_mysdworx - Log in/input_Password'

2018-08-21 10:07:25 - [TEST_STEP][PASSED] - click: Object: 'Object Repository/Page_mysdworx - Log in/button_Se connecter' is clicked on

2018-08-21 10:07:25 - [MESSAGE][PASSED] - Object: 'Object Repository/Page_mysdworx - Log in/button_Se connecter' is clicked on

2018-08-21 10:07:25 - [TEST_STEP][PASSED] - waitForPageLoad: Wait for page load successfully

2018-08-21 10:07:25 - [MESSAGE][PASSED] - Wait for page load successfully

2018-08-21 10:07:25 - [TEST_STEP][NOT_RUN] - closeBrowser: NOT_RUN: closeBrowser

2018-08-21 10:07:25 - [MESSAGE][NOT_RUN] - NOT_RUN: closeBrowser

2018-08-21 10:07:25 - [MESSAGE][PASSED] - Call Test Case 'Test Cases/Login/TC1 Login to Mysdworx' successfully

2018-08-21 10:07:25 - [TEST_STEP][PASSED] - waitForPageLoad: Wait for page load successfully

2018-08-21 10:07:25 - [MESSAGE][PASSED] - Wait for page load successfully

2018-08-21 10:07:25 - [TEST_STEP][PASSED] - callTestCase: Call Test Case 'Test Cases/Select Language/TC1 Verify NL language' successfully

2018-08-21 10:07:25 - [TEST_CASE][PASSED] - Test Cases/Select Language/TC1 Verify NL language: Test Cases/Select Language/TC1 Verify NL language

2018-08-21 10:07:25 - [TEST_STEP][PASSED] - waitForElementClickable: Object 'Object Repository/Change language link Obj/NL_language' is clickable

2018-08-21 10:07:46 - [MESSAGE][PASSED] - Object 'Object Repository/Change language link Obj/NL_language' is clickable

2018-08-21 10:07:46 - [TEST_STEP][PASSED] - click: Object: 'Object Repository/Change language link Obj/NL_language' is clicked on

2018-08-21 10:07:51 - [MESSAGE][PASSED] - Object: 'Object Repository/Change language link Obj/NL_language' is clicked on

2018-08-21 10:07:51 - [TEST_STEP][PASSED] - waitForPageLoad: Wait for page load successfully

2018-08-21 10:07:51 - [MESSAGE][PASSED] - Wait for page load successfully

2018-08-21 10:07:51 - [MESSAGE][PASSED] - Call Test Case 'Test Cases/Select Language/TC1 Verify NL language' successfully

2018-08-21 10:07:51 - [TEST_STEP][PASSED] - waitForPageLoad: Wait for page load successfully

2018-08-21 10:07:51 - [MESSAGE][PASSED] - Wait for page load successfully

2018-08-21 10:07:51 - [TEST_STEP][PASSED] - setText: Text 'REG EIGEN RUBRIEK' is set on object 'Object Repository/Mes rapports Obj/input search filter'

2018-08-21 10:07:54 - [MESSAGE][PASSED] - Text 'REG EIGEN RUBRIEK' is set on object 'Object Repository/Mes rapports Obj/input search filter'

2018-08-21 10:07:54 - [TEST_STEP][PASSED] - click: Object: 'Object Repository/Page_eBlox Reporting/Search_Icon' is clicked on

2018-08-21 10:07:54 - [MESSAGE][PASSED] - Object: 'Object Repository/Page_eBlox Reporting/Search_Icon' is clicked on

2018-08-21 10:07:54 - [TEST_STEP][PASSED] - Statement - myTestObject = new com.kms.katalon.core.testobject.TestObject(Select_report): null

2018-08-21 10:07:54 - [TEST_STEP][PASSED] - Statement - myTestObject.addProperty("xpath", EQUALS, "//span[@text='REG EIGEN RUBRIEK']"): null

2018-08-21 10:07:54 - [TEST_STEP][PASSED] - click: Object: 'Select_report' is clicked on

2018-08-21 10:07:55 - [MESSAGE][PASSED] - Object: 'Select_report' is clicked on

2018-08-21 10:07:55 - [TEST_STEP][PASSED] - delay: Delayed 2 second(s)

2018-08-21 10:07:57 - [MESSAGE][PASSED] - Delayed 2 second(s)

2018-08-21 10:07:57 - [TEST_STEP][PASSED] - waitForElementClickable: Object 'Object Repository/Mes rapports Obj/EXECUTION/Description _Date de reference historique' is clickable

2018-08-21 10:07:57 - [MESSAGE][PASSED] - Object 'Object Repository/Mes rapports Obj/EXECUTION/Description _Date de reference historique' is clickable

2018-08-21 10:07:57 - [TEST_STEP][PASSED] - click: Object: 'Object Repository/Mes rapports Obj/EXECUTION/Description _Date de reference historique' is clicked on

2018-08-21 10:07:57 - [MESSAGE][PASSED] - Object: 'Object Repository/Mes rapports Obj/EXECUTION/Description _Date de reference historique' is clicked on

2018-08-21 10:07:57 - [TEST_STEP][PASSED] - delay: Delayed 2 second(s)

2018-08-21 10:07:59 - [MESSAGE][PASSED] - Delayed 2 second(s)

2018-08-21 10:07:59 - [TEST_STEP][PASSED] - click: Object: 'Object Repository/Mes rapports Obj/EXECUTION/Description_Date de reference historique - Dernier jour mois precedent' is clicked on

2018-08-21 10:07:59 - [MESSAGE][PASSED] - Object: 'Object Repository/Mes rapports Obj/EXECUTION/Description_Date de reference historique - Dernier jour mois precedent' is clicked on

2018-08-21 10:07:59 - [TEST_STEP][PASSED] - click: Object: 'Object Repository/Mes rapports Obj/EXECUTION/Button executer' is clicked on

2018-08-21 10:07:59 - [MESSAGE][PASSED] - Object: 'Object Repository/Mes rapports Obj/EXECUTION/Button executer' is clicked on

2018-08-21 10:07:59 - [TEST_STEP][PASSED] - closeBrowser: Browser is closed

2018-08-21 10:08:00 - [MESSAGE][PASSED] - Browser is closed]]></system-out>
         <system-err><![CDATA[]]></system-err>
      </testcase>
      <testcase name="Test Cases/New Folder/TC15 COLUMNS" classname="Test Cases/New Folder/TC15 COLUMNS" status="FAILED">
         <failure type="FAILED" message="Unable to click on object 'Object Repository/Page_eBlox Rapportering/Definition' (Root cause: com.kms.katalon.core.webui.exception.WebElementNotFoundException: Web element with id: 'Object Repository/Page_eBlox Rapportering/Definition' located by 'By.xpath: //a[contains(text(),\'Definitie\')]' not found)"/>
         <system-out><![CDATA[2018-08-21 10:08:00 - [TEST_CASE][FAILED] - Test Cases/New Folder/TC15 COLUMNS: Test Cases/New Folder/TC15 COLUMNS FAILED because (of) Unable to click on object 'Object Repository/Page_eBlox Rapportering/Definition' (Root cause: com.kms.katalon.core.webui.exception.WebElementNotFoundException: Web element with id: 'Object Repository/Page_eBlox Rapportering/Definition' located by 'By.xpath: //a[contains(text(),\'Definitie\')]' not found)

2018-08-21 10:08:00 - [TEST_STEP][PASSED] - callTestCase: Call Test Case 'Test Cases/Login/TC1 Login to Mysdworx' successfully

2018-08-21 10:08:00 - [TEST_CASE][PASSED] - Test Cases/Login/TC1 Login to Mysdworx: Test Cases/Login/TC1 Login to Mysdworx

2018-08-21 10:08:00 - [TEST_STEP][PASSED] - openBrowser: Browser is opened with url: ''

2018-08-21 10:08:02 - [MESSAGE][PASSED] - Browser is opened with url: ''

2018-08-21 10:08:02 - [TEST_STEP][PASSED] - navigateToUrl: Navigate to 'https://internet.acc.sd.dika.be/ebloxreporting/web.sensitive/main/?lang=fr' successfully

2018-08-21 10:08:07 - [MESSAGE][PASSED] - Navigate to 'https://internet.acc.sd.dika.be/ebloxreporting/web.sensitive/main/?lang=fr' successfully

2018-08-21 10:08:07 - [TEST_STEP][PASSED] - maximizeWindow: Current window maximized

2018-08-21 10:08:08 - [MESSAGE][PASSED] - Current window maximized

2018-08-21 10:08:08 - [TEST_STEP][PASSED] - setText: Text 'DP_EBLOX_RPP_VASCO' is set on object 'Object Repository/Page_mysdworx - Log in/input_Username'

2018-08-21 10:08:12 - [MESSAGE][PASSED] - Text 'DP_EBLOX_RPP_VASCO' is set on object 'Object Repository/Page_mysdworx - Log in/input_Username'

2018-08-21 10:08:12 - [TEST_STEP][PASSED] - Statement - frame = new javax.swing.JFrame(User Input Frame): null

2018-08-21 10:08:12 - [TEST_STEP][PASSED] - Statement - frame.requestFocus(): null

2018-08-21 10:08:12 - [TEST_STEP][PASSED] - Statement - pass = javax.swing.JOptionPane.showInputDialog(frame, "Enter the password from token!!"): null

2018-08-21 10:08:15 - [TEST_STEP][PASSED] - delay: Delayed 2 second(s)

2018-08-21 10:08:17 - [MESSAGE][PASSED] - Delayed 2 second(s)

2018-08-21 10:08:17 - [TEST_STEP][PASSED] - setText: Text '020993' is set on object 'Object Repository/Page_mysdworx - Log in/input_Password'

2018-08-21 10:08:17 - [MESSAGE][PASSED] - Text '020993' is set on object 'Object Repository/Page_mysdworx - Log in/input_Password'

2018-08-21 10:08:17 - [TEST_STEP][PASSED] - click: Object: 'Object Repository/Page_mysdworx - Log in/button_Se connecter' is clicked on

2018-08-21 10:08:17 - [MESSAGE][PASSED] - Object: 'Object Repository/Page_mysdworx - Log in/button_Se connecter' is clicked on

2018-08-21 10:08:17 - [TEST_STEP][PASSED] - waitForPageLoad: Wait for page load successfully

2018-08-21 10:08:17 - [MESSAGE][PASSED] - Wait for page load successfully

2018-08-21 10:08:17 - [TEST_STEP][NOT_RUN] - closeBrowser: NOT_RUN: closeBrowser

2018-08-21 10:08:17 - [MESSAGE][NOT_RUN] - NOT_RUN: closeBrowser

2018-08-21 10:08:17 - [MESSAGE][PASSED] - Call Test Case 'Test Cases/Login/TC1 Login to Mysdworx' successfully

2018-08-21 10:08:17 - [TEST_STEP][PASSED] - waitForPageLoad: Wait for page load successfully

2018-08-21 10:08:17 - [MESSAGE][PASSED] - Wait for page load successfully

2018-08-21 10:08:17 - [TEST_STEP][PASSED] - callTestCase: Call Test Case 'Test Cases/Select Language/TC1 Verify NL language' successfully

2018-08-21 10:08:17 - [TEST_CASE][PASSED] - Test Cases/Select Language/TC1 Verify NL language: Test Cases/Select Language/TC1 Verify NL language

2018-08-21 10:08:17 - [TEST_STEP][PASSED] - waitForElementClickable: Object 'Object Repository/Change language link Obj/NL_language' is clickable

2018-08-21 10:08:38 - [MESSAGE][PASSED] - Object 'Object Repository/Change language link Obj/NL_language' is clickable

2018-08-21 10:08:38 - [TEST_STEP][PASSED] - click: Object: 'Object Repository/Change language link Obj/NL_language' is clicked on

2018-08-21 10:08:43 - [MESSAGE][PASSED] - Object: 'Object Repository/Change language link Obj/NL_language' is clicked on

2018-08-21 10:08:43 - [TEST_STEP][PASSED] - waitForPageLoad: Wait for page load successfully

2018-08-21 10:08:43 - [MESSAGE][PASSED] - Wait for page load successfully

2018-08-21 10:08:43 - [MESSAGE][PASSED] - Call Test Case 'Test Cases/Select Language/TC1 Verify NL language' successfully

2018-08-21 10:08:43 - [TEST_STEP][PASSED] - waitForPageLoad: Wait for page load successfully

2018-08-21 10:08:43 - [MESSAGE][PASSED] - Wait for page load successfully

2018-08-21 10:08:43 - [TEST_STEP][PASSED] - setText: Text 'REG RUBRIEK' is set on object 'Object Repository/Mes rapports Obj/input search filter'

2018-08-21 10:08:46 - [MESSAGE][PASSED] - Text 'REG RUBRIEK' is set on object 'Object Repository/Mes rapports Obj/input search filter'

2018-08-21 10:08:46 - [TEST_STEP][PASSED] - click: Object: 'Object Repository/Page_eBlox Reporting/Search_Icon' is clicked on

2018-08-21 10:08:46 - [MESSAGE][PASSED] - Object: 'Object Repository/Page_eBlox Reporting/Search_Icon' is clicked on

2018-08-21 10:08:46 - [TEST_STEP][PASSED] - Statement - REG_RUBRIEK = new com.kms.katalon.core.testobject.TestObject(Select_report): null

2018-08-21 10:08:46 - [TEST_STEP][PASSED] - Statement - REG_RUBRIEK.addProperty("xpath", EQUALS, "//a[@class='hide-on-hover']//span[@text='REG + RUBRIEK']"): null

2018-08-21 10:08:46 - [TEST_STEP][PASSED] - click: Object: 'Select_report' is clicked on

2018-08-21 10:08:46 - [MESSAGE][PASSED] - Object: 'Select_report' is clicked on

2018-08-21 10:08:46 - [TEST_STEP][FAILED] - click: Unable to click on object 'Object Repository/Page_eBlox Rapportering/Definition' (Root cause: com.kms.katalon.core.webui.exception.WebElementNotFoundException: Web element with id: 'Object Repository/Page_eBlox Rapportering/Definition' located by 'By.xpath: //a[contains(text(),\'Definitie\')]' not found)

2018-08-21 10:09:19 - [MESSAGE][FAILED] - Unable to click on object 'Object Repository/Page_eBlox Rapportering/Definition' (Root cause: com.kms.katalon.core.webui.exception.WebElementNotFoundException: Web element with id: 'Object Repository/Page_eBlox Rapportering/Definition' located by 'By.xpath: //a[contains(text(),\'Definitie\')]' not found)
[[ATTACHMENT|C:\\Users\\seeboruts\\OneDrive - SD Worx\\Desktop\\Katalon_eBlox_Reporting\\Reports\\testing\\New Test Suite\\20180821_095745\\1534831759139.png]]]]></system-out>
         <system-err><![CDATA[2018-08-21 10:08:00 - [TEST_CASE][FAILED] - Test Cases/New Folder/TC15 COLUMNS: Test Cases/New Folder/TC15 COLUMNS FAILED because (of) Unable to click on object 'Object Repository/Page_eBlox Rapportering/Definition' (Root cause: com.kms.katalon.core.webui.exception.WebElementNotFoundException: Web element with id: 'Object Repository/Page_eBlox Rapportering/Definition' located by 'By.xpath: //a[contains(text(),\'Definitie\')]' not found)]]></system-err>
      </testcase>
      <testcase name="Test Cases/New Folder/TC16 HISTORIC WITHOUT" classname="Test Cases/New Folder/TC16 HISTORIC WITHOUT" status="FAILED">
         <failure type="FAILED" message="Unable to click on object 'Object Repository/Mes rapports Obj/EXECUTION/Description_Dossier and Groupe figure dans' (Root cause: com.kms.katalon.core.webui.exception.WebElementNotFoundException: Web element with id: 'Object Repository/Mes rapports Obj/EXECUTION/Description_Dossier and Groupe figure dans' located by 'By.xpath: //*[@id=&quot;s2id_autogen113&quot;][count(. | //input[contains(@id, 's2id_autogen') and @class = 'select2-input' and @autocomplete = 'off' and @autocorrect = 'off' and @autocapitalize = 'off' and @spellcheck = 'false' and @type = 'text']) = count(//input[contains(@id, 's2id_autogen') and @class = 'select2-input' and @autocomplete = 'off' and @autocorrect = 'off' and @autocapitalize = 'off' and @spellcheck = 'false' and @type = 'text'])]' not found)"/>
         <system-out><![CDATA[2018-08-21 10:09:19 - [TEST_CASE][FAILED] - Test Cases/New Folder/TC16 HISTORIC WITHOUT: Test Cases/New Folder/TC16 HISTORIC WITHOUT FAILED because (of) Unable to click on object 'Object Repository/Mes rapports Obj/EXECUTION/Description_Dossier and Groupe figure dans' (Root cause: com.kms.katalon.core.webui.exception.WebElementNotFoundException: Web element with id: 'Object Repository/Mes rapports Obj/EXECUTION/Description_Dossier and Groupe figure dans' located by 'By.xpath: //*[@id="s2id_autogen113"][count(. | //input[contains(@id, 's2id_autogen') and @class = 'select2-input' and @autocomplete = 'off' and @autocorrect = 'off' and @autocapitalize = 'off' and @spellcheck = 'false' and @type = 'text']) = count(//input[contains(@id, 's2id_autogen') and @class = 'select2-input' and @autocomplete = 'off' and @autocorrect = 'off' and @autocapitalize = 'off' and @spellcheck = 'false' and @type = 'text'])]' not found)

2018-08-21 10:09:19 - [TEST_STEP][PASSED] - callTestCase: Call Test Case 'Test Cases/Login/TC1 Login to Mysdworx' successfully

2018-08-21 10:09:19 - [TEST_CASE][PASSED] - Test Cases/Login/TC1 Login to Mysdworx: Test Cases/Login/TC1 Login to Mysdworx

2018-08-21 10:09:19 - [TEST_STEP][PASSED] - openBrowser: Browser is opened with url: ''

2018-08-21 10:09:19 - [MESSAGE][WARNING] - A browser is already opened. Closing browser and opening a new one

2018-08-21 10:09:22 - [MESSAGE][PASSED] - Browser is opened with url: ''

2018-08-21 10:09:22 - [TEST_STEP][PASSED] - navigateToUrl: Navigate to 'https://internet.acc.sd.dika.be/ebloxreporting/web.sensitive/main/?lang=fr' successfully

2018-08-21 10:09:27 - [MESSAGE][PASSED] - Navigate to 'https://internet.acc.sd.dika.be/ebloxreporting/web.sensitive/main/?lang=fr' successfully

2018-08-21 10:09:27 - [TEST_STEP][PASSED] - maximizeWindow: Current window maximized

2018-08-21 10:09:28 - [MESSAGE][PASSED] - Current window maximized

2018-08-21 10:09:28 - [TEST_STEP][PASSED] - setText: Text 'DP_EBLOX_RPP_VASCO' is set on object 'Object Repository/Page_mysdworx - Log in/input_Username'

2018-08-21 10:09:31 - [MESSAGE][PASSED] - Text 'DP_EBLOX_RPP_VASCO' is set on object 'Object Repository/Page_mysdworx - Log in/input_Username'

2018-08-21 10:09:31 - [TEST_STEP][PASSED] - Statement - frame = new javax.swing.JFrame(User Input Frame): null

2018-08-21 10:09:31 - [TEST_STEP][PASSED] - Statement - frame.requestFocus(): null

2018-08-21 10:09:31 - [TEST_STEP][PASSED] - Statement - pass = javax.swing.JOptionPane.showInputDialog(frame, "Enter the password from token!!"): null

2018-08-21 10:09:38 - [TEST_STEP][PASSED] - delay: Delayed 2 second(s)

2018-08-21 10:09:40 - [MESSAGE][PASSED] - Delayed 2 second(s)

2018-08-21 10:09:40 - [TEST_STEP][PASSED] - setText: Text '5515219' is set on object 'Object Repository/Page_mysdworx - Log in/input_Password'

2018-08-21 10:09:40 - [MESSAGE][PASSED] - Text '5515219' is set on object 'Object Repository/Page_mysdworx - Log in/input_Password'

2018-08-21 10:09:40 - [TEST_STEP][PASSED] - click: Object: 'Object Repository/Page_mysdworx - Log in/button_Se connecter' is clicked on

2018-08-21 10:09:41 - [MESSAGE][PASSED] - Object: 'Object Repository/Page_mysdworx - Log in/button_Se connecter' is clicked on

2018-08-21 10:09:41 - [TEST_STEP][PASSED] - waitForPageLoad: Wait for page load successfully

2018-08-21 10:09:41 - [MESSAGE][PASSED] - Wait for page load successfully

2018-08-21 10:09:41 - [TEST_STEP][NOT_RUN] - closeBrowser: NOT_RUN: closeBrowser

2018-08-21 10:09:41 - [MESSAGE][NOT_RUN] - NOT_RUN: closeBrowser

2018-08-21 10:09:41 - [MESSAGE][PASSED] - Call Test Case 'Test Cases/Login/TC1 Login to Mysdworx' successfully

2018-08-21 10:09:41 - [TEST_STEP][PASSED] - waitForPageLoad: Wait for page load successfully

2018-08-21 10:09:41 - [MESSAGE][PASSED] - Wait for page load successfully

2018-08-21 10:09:41 - [TEST_STEP][PASSED] - callTestCase: Call Test Case 'Test Cases/Select Language/TC1 Verify NL language' successfully

2018-08-21 10:09:41 - [TEST_CASE][PASSED] - Test Cases/Select Language/TC1 Verify NL language: Test Cases/Select Language/TC1 Verify NL language

2018-08-21 10:09:41 - [TEST_STEP][PASSED] - waitForElementClickable: Object 'Object Repository/Change language link Obj/NL_language' is clickable

2018-08-21 10:10:15 - [MESSAGE][PASSED] - Object 'Object Repository/Change language link Obj/NL_language' is clickable

2018-08-21 10:10:15 - [TEST_STEP][PASSED] - click: Object: 'Object Repository/Change language link Obj/NL_language' is clicked on

2018-08-21 10:10:20 - [MESSAGE][PASSED] - Object: 'Object Repository/Change language link Obj/NL_language' is clicked on

2018-08-21 10:10:20 - [TEST_STEP][PASSED] - waitForPageLoad: Wait for page load successfully

2018-08-21 10:10:20 - [MESSAGE][PASSED] - Wait for page load successfully

2018-08-21 10:10:20 - [MESSAGE][PASSED] - Call Test Case 'Test Cases/Select Language/TC1 Verify NL language' successfully

2018-08-21 10:10:20 - [TEST_STEP][PASSED] - setText: Text 'REG HIST GROEP' is set on object 'Object Repository/Mes rapports Obj/input search filter'

2018-08-21 10:10:23 - [MESSAGE][PASSED] - Text 'REG HIST GROEP' is set on object 'Object Repository/Mes rapports Obj/input search filter'

2018-08-21 10:10:23 - [TEST_STEP][PASSED] - click: Object: 'Object Repository/Page_eBlox Reporting/Search_Icon' is clicked on

2018-08-21 10:10:23 - [MESSAGE][PASSED] - Object: 'Object Repository/Page_eBlox Reporting/Search_Icon' is clicked on

2018-08-21 10:10:23 - [TEST_STEP][PASSED] - Statement - myTestObject = new com.kms.katalon.core.testobject.TestObject(Select_report): null

2018-08-21 10:10:23 - [TEST_STEP][PASSED] - Statement - myTestObject.addProperty("xpath", EQUALS, "//span[@text='REG HIST GROEP']"): null

2018-08-21 10:10:23 - [TEST_STEP][PASSED] - click: Object: 'Select_report' is clicked on

2018-08-21 10:10:24 - [MESSAGE][PASSED] - Object: 'Select_report' is clicked on

2018-08-21 10:10:24 - [TEST_STEP][PASSED] - Statement - inputDossier = com.kms.katalon.core.webui.keyword.WebUiBuiltInKeywords.modifyObjectProperty(com.kms.katalon.core.testobject.ObjectRepository.findTestObject(Mes rapports Obj/EXECUTION/Description_Dossier and Groupe figure dans), "id", "contains", "s2id_autogen", true): Modify property of object successfully

2018-08-21 10:10:24 - [MESSAGE][PASSED] - Modify property of object successfully

2018-08-21 10:10:24 - [TEST_STEP][FAILED] - click: Unable to click on object 'Object Repository/Mes rapports Obj/EXECUTION/Description_Dossier and Groupe figure dans' (Root cause: com.kms.katalon.core.webui.exception.WebElementNotFoundException: Web element with id: 'Object Repository/Mes rapports Obj/EXECUTION/Description_Dossier and Groupe figure dans' located by 'By.xpath: //*[@id="s2id_autogen113"][count(. | //input[contains(@id, 's2id_autogen') and @class = 'select2-input' and @autocomplete = 'off' and @autocorrect = 'off' and @autocapitalize = 'off' and @spellcheck = 'false' and @type = 'text']) = count(//input[contains(@id, 's2id_autogen') and @class = 'select2-input' and @autocomplete = 'off' and @autocorrect = 'off' and @autocapitalize = 'off' and @spellcheck = 'false' and @type = 'text'])]' not found)

2018-08-21 10:10:57 - [MESSAGE][FAILED] - Unable to click on object 'Object Repository/Mes rapports Obj/EXECUTION/Description_Dossier and Groupe figure dans' (Root cause: com.kms.katalon.core.webui.exception.WebElementNotFoundException: Web element with id: 'Object Repository/Mes rapports Obj/EXECUTION/Description_Dossier and Groupe figure dans' located by 'By.xpath: //*[@id="s2id_autogen113"][count(. | //input[contains(@id, 's2id_autogen') and @class = 'select2-input' and @autocomplete = 'off' and @autocorrect = 'off' and @autocapitalize = 'off' and @spellcheck = 'false' and @type = 'text']) = count(//input[contains(@id, 's2id_autogen') and @class = 'select2-input' and @autocomplete = 'off' and @autocorrect = 'off' and @autocapitalize = 'off' and @spellcheck = 'false' and @type = 'text'])]' not found)
[[ATTACHMENT|C:\\Users\\seeboruts\\OneDrive - SD Worx\\Desktop\\Katalon_eBlox_Reporting\\Reports\\testing\\New Test Suite\\20180821_095745\\1534831857089.png]]]]></system-out>
         <system-err><![CDATA[2018-08-21 10:09:19 - [TEST_CASE][FAILED] - Test Cases/New Folder/TC16 HISTORIC WITHOUT: Test Cases/New Folder/TC16 HISTORIC WITHOUT FAILED because (of) Unable to click on object 'Object Repository/Mes rapports Obj/EXECUTION/Description_Dossier and Groupe figure dans' (Root cause: com.kms.katalon.core.webui.exception.WebElementNotFoundException: Web element with id: 'Object Repository/Mes rapports Obj/EXECUTION/Description_Dossier and Groupe figure dans' located by 'By.xpath: //*[@id="s2id_autogen113"][count(. | //input[contains(@id, 's2id_autogen') and @class = 'select2-input' and @autocomplete = 'off' and @autocorrect = 'off' and @autocapitalize = 'off' and @spellcheck = 'false' and @type = 'text']) = count(//input[contains(@id, 's2id_autogen') and @class = 'select2-input' and @autocomplete = 'off' and @autocorrect = 'off' and @autocapitalize = 'off' and @spellcheck = 'false' and @type = 'text'])]' not found)]]></system-err>
      </testcase>
      <testcase name="Test Cases/New Folder/TC17 ARGUMENT AGE" classname="Test Cases/New Folder/TC17 ARGUMENT AGE" status="PASSED">
         <system-out><![CDATA[2018-08-21 10:10:57 - [TEST_CASE][PASSED] - Test Cases/New Folder/TC17 ARGUMENT AGE: Test Cases/New Folder/TC17 ARGUMENT AGE

2018-08-21 10:10:57 - [TEST_STEP][PASSED] - callTestCase: Call Test Case 'Test Cases/Login/TC1 Login to Mysdworx' successfully

2018-08-21 10:10:57 - [TEST_CASE][PASSED] - Test Cases/Login/TC1 Login to Mysdworx: Test Cases/Login/TC1 Login to Mysdworx

2018-08-21 10:10:57 - [TEST_STEP][PASSED] - openBrowser: Browser is opened with url: ''

2018-08-21 10:10:57 - [MESSAGE][WARNING] - A browser is already opened. Closing browser and opening a new one

2018-08-21 10:11:00 - [MESSAGE][PASSED] - Browser is opened with url: ''

2018-08-21 10:11:00 - [TEST_STEP][PASSED] - navigateToUrl: Navigate to 'https://internet.acc.sd.dika.be/ebloxreporting/web.sensitive/main/?lang=fr' successfully

2018-08-21 10:11:05 - [MESSAGE][PASSED] - Navigate to 'https://internet.acc.sd.dika.be/ebloxreporting/web.sensitive/main/?lang=fr' successfully

2018-08-21 10:11:05 - [TEST_STEP][PASSED] - maximizeWindow: Current window maximized

2018-08-21 10:11:06 - [MESSAGE][PASSED] - Current window maximized

2018-08-21 10:11:06 - [TEST_STEP][PASSED] - setText: Text 'DP_EBLOX_RPP_VASCO' is set on object 'Object Repository/Page_mysdworx - Log in/input_Username'

2018-08-21 10:11:10 - [MESSAGE][PASSED] - Text 'DP_EBLOX_RPP_VASCO' is set on object 'Object Repository/Page_mysdworx - Log in/input_Username'

2018-08-21 10:11:10 - [TEST_STEP][PASSED] - Statement - frame = new javax.swing.JFrame(User Input Frame): null

2018-08-21 10:11:10 - [TEST_STEP][PASSED] - Statement - frame.requestFocus(): null

2018-08-21 10:11:10 - [TEST_STEP][PASSED] - Statement - pass = javax.swing.JOptionPane.showInputDialog(frame, "Enter the password from token!!"): null

2018-08-21 10:11:12 - [TEST_STEP][PASSED] - delay: Delayed 2 second(s)

2018-08-21 10:11:14 - [MESSAGE][PASSED] - Delayed 2 second(s)

2018-08-21 10:11:14 - [TEST_STEP][PASSED] - setText: Text '294657' is set on object 'Object Repository/Page_mysdworx - Log in/input_Password'

2018-08-21 10:11:14 - [MESSAGE][PASSED] - Text '294657' is set on object 'Object Repository/Page_mysdworx - Log in/input_Password'

2018-08-21 10:11:14 - [TEST_STEP][PASSED] - click: Object: 'Object Repository/Page_mysdworx - Log in/button_Se connecter' is clicked on

2018-08-21 10:11:14 - [MESSAGE][PASSED] - Object: 'Object Repository/Page_mysdworx - Log in/button_Se connecter' is clicked on

2018-08-21 10:11:14 - [TEST_STEP][PASSED] - waitForPageLoad: Wait for page load successfully

2018-08-21 10:11:14 - [MESSAGE][PASSED] - Wait for page load successfully

2018-08-21 10:11:14 - [TEST_STEP][NOT_RUN] - closeBrowser: NOT_RUN: closeBrowser

2018-08-21 10:11:14 - [MESSAGE][NOT_RUN] - NOT_RUN: closeBrowser

2018-08-21 10:11:14 - [MESSAGE][PASSED] - Call Test Case 'Test Cases/Login/TC1 Login to Mysdworx' successfully

2018-08-21 10:11:14 - [TEST_STEP][PASSED] - waitForPageLoad: Wait for page load successfully

2018-08-21 10:11:14 - [MESSAGE][PASSED] - Wait for page load successfully

2018-08-21 10:11:14 - [TEST_STEP][PASSED] - callTestCase: Call Test Case 'Test Cases/Select Language/TC1 Verify NL language' successfully

2018-08-21 10:11:15 - [TEST_CASE][PASSED] - Test Cases/Select Language/TC1 Verify NL language: Test Cases/Select Language/TC1 Verify NL language

2018-08-21 10:11:15 - [TEST_STEP][PASSED] - waitForElementClickable: Object 'Object Repository/Change language link Obj/NL_language' is clickable

2018-08-21 10:11:35 - [MESSAGE][PASSED] - Object 'Object Repository/Change language link Obj/NL_language' is clickable

2018-08-21 10:11:35 - [TEST_STEP][PASSED] - click: Object: 'Object Repository/Change language link Obj/NL_language' is clicked on

2018-08-21 10:11:41 - [MESSAGE][PASSED] - Object: 'Object Repository/Change language link Obj/NL_language' is clicked on

2018-08-21 10:11:41 - [TEST_STEP][PASSED] - waitForPageLoad: Wait for page load successfully

2018-08-21 10:11:41 - [MESSAGE][PASSED] - Wait for page load successfully

2018-08-21 10:11:41 - [MESSAGE][PASSED] - Call Test Case 'Test Cases/Select Language/TC1 Verify NL language' successfully

2018-08-21 10:11:41 - [TEST_STEP][PASSED] - callTestCase: Call Test Case 'Test Cases/Mes rapports/Main Page/TC Verify Mes rapports tab' successfully

2018-08-21 10:11:41 - [TEST_CASE][PASSED] - Test Cases/Mes rapports/Main Page/TC Verify Mes rapports tab: Test Cases/Mes rapports/Main Page/TC Verify Mes rapports tab

2018-08-21 10:11:41 - [TEST_STEP][PASSED] - click: Object: 'Object Repository/Mes rapports Obj/Mes rapports_tab' is clicked on

2018-08-21 10:11:41 - [MESSAGE][PASSED] - Object: 'Object Repository/Mes rapports Obj/Mes rapports_tab' is clicked on

2018-08-21 10:11:41 - [MESSAGE][PASSED] - Call Test Case 'Test Cases/Mes rapports/Main Page/TC Verify Mes rapports tab' successfully

2018-08-21 10:11:41 - [TEST_STEP][PASSED] - setText: Text 'REG ARGUMENT LEEFTIJD' is set on object 'Object Repository/Mes rapports Obj/input search filter'

2018-08-21 10:11:44 - [MESSAGE][PASSED] - Text 'REG ARGUMENT LEEFTIJD' is set on object 'Object Repository/Mes rapports Obj/input search filter'

2018-08-21 10:11:44 - [TEST_STEP][PASSED] - click: Object: 'Object Repository/Page_eBlox Reporting/Search_Icon' is clicked on

2018-08-21 10:11:44 - [MESSAGE][PASSED] - Object: 'Object Repository/Page_eBlox Reporting/Search_Icon' is clicked on

2018-08-21 10:11:44 - [TEST_STEP][PASSED] - Statement - myTestObject = new com.kms.katalon.core.testobject.TestObject(Select_report): null

2018-08-21 10:11:44 - [TEST_STEP][PASSED] - Statement - myTestObject.addProperty("xpath", EQUALS, "//a[@class='hide-on-hover']//span[@text='REG LEEFTIJD ARGUMENT']"): null

2018-08-21 10:11:44 - [TEST_STEP][PASSED] - click: Object: 'Select_report' is clicked on

2018-08-21 10:11:44 - [MESSAGE][PASSED] - Object: 'Select_report' is clicked on

2018-08-21 10:11:44 - [TEST_STEP][PASSED] - delay: Delayed 2 second(s)

2018-08-21 10:11:46 - [MESSAGE][PASSED] - Delayed 2 second(s)

2018-08-21 10:11:46 - [TEST_STEP][PASSED] - waitForElementClickable: Object 'Object Repository/Mes rapports Obj/EXECUTION/Description _Date de reference historique' is clickable

2018-08-21 10:11:46 - [MESSAGE][PASSED] - Object 'Object Repository/Mes rapports Obj/EXECUTION/Description _Date de reference historique' is clickable

2018-08-21 10:11:46 - [TEST_STEP][PASSED] - click: Object: 'Object Repository/Mes rapports Obj/EXECUTION/Description _Date de reference historique' is clicked on

2018-08-21 10:11:47 - [MESSAGE][PASSED] - Object: 'Object Repository/Mes rapports Obj/EXECUTION/Description _Date de reference historique' is clicked on

2018-08-21 10:11:47 - [TEST_STEP][PASSED] - delay: Delayed 2 second(s)

2018-08-21 10:11:49 - [MESSAGE][PASSED] - Delayed 2 second(s)

2018-08-21 10:11:49 - [TEST_STEP][PASSED] - click: Object: 'Object Repository/Mes rapports Obj/EXECUTION/Aujourdhui - Vandaag' is clicked on

2018-08-21 10:11:49 - [MESSAGE][PASSED] - Object: 'Object Repository/Mes rapports Obj/EXECUTION/Aujourdhui - Vandaag' is clicked on

2018-08-21 10:11:49 - [TEST_STEP][PASSED] - click: Object: 'Object Repository/Mes rapports Obj/EXECUTION/Button executer' is clicked on

2018-08-21 10:11:49 - [MESSAGE][PASSED] - Object: 'Object Repository/Mes rapports Obj/EXECUTION/Button executer' is clicked on

2018-08-21 10:11:49 - [TEST_STEP][PASSED] - waitForPageLoad: Wait for page load successfully

2018-08-21 10:11:49 - [MESSAGE][PASSED] - Wait for page load successfully

2018-08-21 10:11:49 - [TEST_STEP][PASSED] - closeBrowser: Browser is closed

2018-08-21 10:11:49 - [MESSAGE][PASSED] - Browser is closed]]></system-out>
         <system-err><![CDATA[]]></system-err>
      </testcase>
      <testcase name="Test Cases/New Folder/TC2 NEW" classname="Test Cases/New Folder/TC2 NEW" status="FAILED">
         <failure type="FAILED" message="Unable to click on object 'Select_dossier_by_name' (Root cause: org.openqa.selenium.InvalidSelectorException: invalid selector: Unable to locate an element with the xpath expression //div[@id='select2-drop']//ul[@class='select2-results']//li[@role='presentation']//div[contains(text(),'1AF0273 - 03 - ANTILOPE KARTONNAGE because of the following error:
SyntaxError: Failed to execute 'evaluate' on 'Document': The string '//div[@id='select2-drop']//ul[@class='select2-results']//li[@role='presentation']//div[contains(text(),'1AF0273 - 03 - ANTILOPE KARTONNAGE' is not a valid XPath expression.
  (Session info: chrome=68.0.3440.106)
  (Driver info: chromedriver=2.35.528161 (5b82f2d2aae0ca24b877009200ced9065a772e73),platform=Windows NT 10.0.16299 x86_64) (WARNING: The server did not provide any stacktrace information)
Command duration or timeout: 0 milliseconds
For documentation on this error, please visit: http://seleniumhq.org/exceptions/invalid_selector_exception.html
Build info: version: '3.7.1', revision: '8a0099a', time: '2017-11-06T21:07:36.161Z'
System info: host: '5CG7062KWD', ip: '10.136.82.137', os.name: 'Windows 10', os.arch: 'amd64', os.version: '10.0', java.version: '1.8.0_181'
Driver info: com.kms.katalon.selenium.driver.CChromeDriver
Capabilities {acceptInsecureCerts: false, acceptSslCerts: false, applicationCacheEnabled: false, browserConnectionEnabled: false, browserName: chrome, chrome: {chromedriverVersion: 2.35.528161 (5b82f2d2aae0ca..., userDataDir: C:\Users\SEEBOR~1\AppData\L...}, cssSelectorsEnabled: true, databaseEnabled: false, handlesAlerts: true, hasTouchScreen: false, javascriptEnabled: true, locationContextEnabled: true, mobileEmulationEnabled: false, nativeEvents: true, networkConnectionEnabled: false, pageLoadStrategy: normal, platform: XP, platformName: XP, rotatable: false, setWindowRect: true, takesHeapSnapshot: true, takesScreenshot: true, unexpectedAlertBehaviour: , unhandledPromptBehavior: , version: 68.0.3440.106, webStorageEnabled: true}
Session ID: 1b7daa46db55af1759fbe7fa7519819b
*** Element info: {Using=xpath, value=//div[@id='select2-drop']//ul[@class='select2-results']//li[@role='presentation']//div[contains(text(),'1AF0273 - 03 - ANTILOPE KARTONNAGE})"/>
         <system-out><![CDATA[2018-08-21 10:11:49 - [TEST_CASE][FAILED] - Test Cases/New Folder/TC2 NEW: Test Cases/New Folder/TC2 NEW FAILED because (of) Unable to click on object 'Select_dossier_by_name' (Root cause: org.openqa.selenium.InvalidSelectorException: invalid selector: Unable to locate an element with the xpath expression //div[@id='select2-drop']//ul[@class='select2-results']//li[@role='presentation']//div[contains(text(),'1AF0273 - 03 - ANTILOPE KARTONNAGE because of the following error:
SyntaxError: Failed to execute 'evaluate' on 'Document': The string '//div[@id='select2-drop']//ul[@class='select2-results']//li[@role='presentation']//div[contains(text(),'1AF0273 - 03 - ANTILOPE KARTONNAGE' is not a valid XPath expression.
  (Session info: chrome=68.0.3440.106)
  (Driver info: chromedriver=2.35.528161 (5b82f2d2aae0ca24b877009200ced9065a772e73),platform=Windows NT 10.0.16299 x86_64) (WARNING: The server did not provide any stacktrace information)
Command duration or timeout: 0 milliseconds
For documentation on this error, please visit: http://seleniumhq.org/exceptions/invalid_selector_exception.html
Build info: version: '3.7.1', revision: '8a0099a', time: '2017-11-06T21:07:36.161Z'
System info: host: '5CG7062KWD', ip: '10.136.82.137', os.name: 'Windows 10', os.arch: 'amd64', os.version: '10.0', java.version: '1.8.0_181'
Driver info: com.kms.katalon.selenium.driver.CChromeDriver
Capabilities {acceptInsecureCerts: false, acceptSslCerts: false, applicationCacheEnabled: false, browserConnectionEnabled: false, browserName: chrome, chrome: {chromedriverVersion: 2.35.528161 (5b82f2d2aae0ca..., userDataDir: C:\Users\SEEBOR~1\AppData\L...}, cssSelectorsEnabled: true, databaseEnabled: false, handlesAlerts: true, hasTouchScreen: false, javascriptEnabled: true, locationContextEnabled: true, mobileEmulationEnabled: false, nativeEvents: true, networkConnectionEnabled: false, pageLoadStrategy: normal, platform: XP, platformName: XP, rotatable: false, setWindowRect: true, takesHeapSnapshot: true, takesScreenshot: true, unexpectedAlertBehaviour: , unhandledPromptBehavior: , version: 68.0.3440.106, webStorageEnabled: true}
Session ID: 1b7daa46db55af1759fbe7fa7519819b
*** Element info: {Using=xpath, value=//div[@id='select2-drop']//ul[@class='select2-results']//li[@role='presentation']//div[contains(text(),'1AF0273 - 03 - ANTILOPE KARTONNAGE})

2018-08-21 10:11:50 - [TEST_STEP][PASSED] - callTestCase: Call Test Case 'Test Cases/Login/TC1 Login to Mysdworx' successfully

2018-08-21 10:11:50 - [TEST_CASE][PASSED] - Test Cases/Login/TC1 Login to Mysdworx: Test Cases/Login/TC1 Login to Mysdworx

2018-08-21 10:11:50 - [TEST_STEP][PASSED] - openBrowser: Browser is opened with url: ''

2018-08-21 10:11:52 - [MESSAGE][PASSED] - Browser is opened with url: ''

2018-08-21 10:11:52 - [TEST_STEP][PASSED] - navigateToUrl: Navigate to 'https://internet.acc.sd.dika.be/ebloxreporting/web.sensitive/main/?lang=fr' successfully

2018-08-21 10:11:57 - [MESSAGE][PASSED] - Navigate to 'https://internet.acc.sd.dika.be/ebloxreporting/web.sensitive/main/?lang=fr' successfully

2018-08-21 10:11:57 - [TEST_STEP][PASSED] - maximizeWindow: Current window maximized

2018-08-21 10:11:58 - [MESSAGE][PASSED] - Current window maximized

2018-08-21 10:11:58 - [TEST_STEP][PASSED] - setText: Text 'DP_EBLOX_RPP_VASCO' is set on object 'Object Repository/Page_mysdworx - Log in/input_Username'

2018-08-21 10:12:01 - [MESSAGE][PASSED] - Text 'DP_EBLOX_RPP_VASCO' is set on object 'Object Repository/Page_mysdworx - Log in/input_Username'

2018-08-21 10:12:01 - [TEST_STEP][PASSED] - Statement - frame = new javax.swing.JFrame(User Input Frame): null

2018-08-21 10:12:01 - [TEST_STEP][PASSED] - Statement - frame.requestFocus(): null

2018-08-21 10:12:01 - [TEST_STEP][PASSED] - Statement - pass = javax.swing.JOptionPane.showInputDialog(frame, "Enter the password from token!!"): null

2018-08-21 10:12:04 - [TEST_STEP][PASSED] - delay: Delayed 2 second(s)

2018-08-21 10:12:06 - [MESSAGE][PASSED] - Delayed 2 second(s)

2018-08-21 10:12:06 - [TEST_STEP][PASSED] - setText: Text '256518' is set on object 'Object Repository/Page_mysdworx - Log in/input_Password'

2018-08-21 10:12:06 - [MESSAGE][PASSED] - Text '256518' is set on object 'Object Repository/Page_mysdworx - Log in/input_Password'

2018-08-21 10:12:06 - [TEST_STEP][PASSED] - click: Object: 'Object Repository/Page_mysdworx - Log in/button_Se connecter' is clicked on

2018-08-21 10:12:07 - [MESSAGE][PASSED] - Object: 'Object Repository/Page_mysdworx - Log in/button_Se connecter' is clicked on

2018-08-21 10:12:07 - [TEST_STEP][PASSED] - waitForPageLoad: Wait for page load successfully

2018-08-21 10:12:07 - [MESSAGE][PASSED] - Wait for page load successfully

2018-08-21 10:12:07 - [TEST_STEP][NOT_RUN] - closeBrowser: NOT_RUN: closeBrowser

2018-08-21 10:12:07 - [MESSAGE][NOT_RUN] - NOT_RUN: closeBrowser

2018-08-21 10:12:07 - [MESSAGE][PASSED] - Call Test Case 'Test Cases/Login/TC1 Login to Mysdworx' successfully

2018-08-21 10:12:07 - [TEST_STEP][PASSED] - waitForPageLoad: Wait for page load successfully

2018-08-21 10:12:07 - [MESSAGE][PASSED] - Wait for page load successfully

2018-08-21 10:12:07 - [TEST_STEP][PASSED] - callTestCase: Call Test Case 'Test Cases/Select Language/TC1 Verify NL language' successfully

2018-08-21 10:12:07 - [TEST_CASE][PASSED] - Test Cases/Select Language/TC1 Verify NL language: Test Cases/Select Language/TC1 Verify NL language

2018-08-21 10:12:07 - [TEST_STEP][PASSED] - waitForElementClickable: Object 'Object Repository/Change language link Obj/NL_language' is clickable

2018-08-21 10:12:27 - [MESSAGE][PASSED] - Object 'Object Repository/Change language link Obj/NL_language' is clickable

2018-08-21 10:12:27 - [TEST_STEP][PASSED] - click: Object: 'Object Repository/Change language link Obj/NL_language' is clicked on

2018-08-21 10:12:33 - [MESSAGE][PASSED] - Object: 'Object Repository/Change language link Obj/NL_language' is clicked on

2018-08-21 10:12:33 - [TEST_STEP][PASSED] - waitForPageLoad: Wait for page load successfully

2018-08-21 10:12:33 - [MESSAGE][PASSED] - Wait for page load successfully

2018-08-21 10:12:33 - [MESSAGE][PASSED] - Call Test Case 'Test Cases/Select Language/TC1 Verify NL language' successfully

2018-08-21 10:12:33 - [TEST_STEP][PASSED] - waitForPageLoad: Wait for page load successfully

2018-08-21 10:12:33 - [MESSAGE][PASSED] - Wait for page load successfully

2018-08-21 10:12:33 - [TEST_STEP][PASSED] - callTestCase: Call Test Case 'Test Cases/Mes rapports/Verify Nouveau rapport button' successfully

2018-08-21 10:12:33 - [TEST_CASE][PASSED] - Test Cases/Mes rapports/Verify Nouveau rapport button: Test Cases/Mes rapports/Verify Nouveau rapport button

2018-08-21 10:12:33 - [TEST_STEP][PASSED] - click: Object: 'Object Repository/Mes rapports Obj/button_Nouveau rapport' is clicked on

2018-08-21 10:12:35 - [MESSAGE][PASSED] - Object: 'Object Repository/Mes rapports Obj/button_Nouveau rapport' is clicked on

2018-08-21 10:12:35 - [TEST_STEP][PASSED] - waitForPageLoad: Wait for page load successfully

2018-08-21 10:12:35 - [MESSAGE][PASSED] - Wait for page load successfully

2018-08-21 10:12:35 - [MESSAGE][PASSED] - Call Test Case 'Test Cases/Mes rapports/Verify Nouveau rapport button' successfully

2018-08-21 10:12:35 - [TEST_STEP][PASSED] - waitForPageLoad: Wait for page load successfully

2018-08-21 10:12:35 - [MESSAGE][PASSED] - Wait for page load successfully

2018-08-21 10:12:35 - [TEST_STEP][PASSED] - callTestCase: Call Test Case 'Test Cases/Mes rapports/Mes rapports - BASE DE RAPPORT/TC1  Verify radio button creer un tout nouveau rapport' successfully

2018-08-21 10:12:35 - [TEST_CASE][PASSED] - Test Cases/Mes rapports/Mes rapports - BASE DE RAPPORT/TC1  Verify radio button creer un tout nouveau rapport: Test Cases/Mes rapports/Mes rapports - BASE DE RAPPORT/TC1  Verify radio button creer un tout nouveau rapport

2018-08-21 10:12:35 - [TEST_STEP][PASSED] - Statement - radioButton = com.kms.katalon.core.webui.keyword.WebUiBuiltInKeywords.modifyObjectProperty(com.kms.katalon.core.testobject.ObjectRepository.findTestObject(Mes rapports Obj/BASE DE RAPPORT/radioButton_Creer un tout nouveau rapport), "name", "equals", "typeRapport", true): Modify property of object successfully

2018-08-21 10:12:35 - [MESSAGE][PASSED] - Modify property of object successfully

2018-08-21 10:12:35 - [TEST_STEP][PASSED] - click: Object: 'Object Repository/Mes rapports Obj/BASE DE RAPPORT/radioButton_Creer un tout nouveau rapport' is clicked on

2018-08-21 10:12:36 - [MESSAGE][PASSED] - Object: 'Object Repository/Mes rapports Obj/BASE DE RAPPORT/radioButton_Creer un tout nouveau rapport' is clicked on

2018-08-21 10:12:36 - [MESSAGE][PASSED] - Call Test Case 'Test Cases/Mes rapports/Mes rapports - BASE DE RAPPORT/TC1  Verify radio button creer un tout nouveau rapport' successfully

2018-08-21 10:12:36 - [TEST_STEP][PASSED] - callTestCase: Call Test Case 'Test Cases/Verify URL/TC Verify Url' successfully

2018-08-21 10:12:36 - [TEST_CASE][PASSED] - Test Cases/Verify URL/TC Verify Url: Test Cases/Verify URL/TC Verify Url

2018-08-21 10:12:36 - [TEST_STEP][PASSED] - waitForPageLoad: Wait for page load successfully

2018-08-21 10:12:36 - [MESSAGE][PASSED] - Wait for page load successfully

2018-08-21 10:12:36 - [TEST_STEP][PASSED] - Statement - url = com.kms.katalon.core.webui.keyword.WebUiBuiltInKeywords.getUrl(): Current window's url is: 'https://internet.acc.sd.dika.be/ebloxreporting/web.sensitive/main/FpyDF/iIz9g8MffKNXfNyb1H/NL/#/definitie/wizard/extern/start'

2018-08-21 10:12:36 - [MESSAGE][PASSED] - Current window's url is: 'https://internet.acc.sd.dika.be/ebloxreporting/web.sensitive/main/FpyDF/iIz9g8MffKNXfNyb1H/NL/#/definitie/wizard/extern/start'

2018-08-21 10:12:36 - [TEST_STEP][PASSED] - Statement - p = java.util.regex.Pattern.compile("00040 ANTILOPE GROEP"): null

2018-08-21 10:12:36 - [TEST_STEP][PASSED] - Statement - m = p.matcher(url): null

2018-08-21 10:12:36 - [TEST_STEP][PASSED] - Statement - If (m.find()): null

2018-08-21 10:12:36 - [TEST_STEP][PASSED] - Statement - Else: The user name and the concern number are not present in the URL

2018-08-21 10:12:36 - [TEST_STEP][PASSED] - Statement - com.kms.katalon.core.util.KeywordUtil.markPassed("The user name and the concern number are not present in the URL"): The user name and the concern number are not present in the URL

2018-08-21 10:12:36 - [MESSAGE][PASSED] - The user name and the concern number are not present in the URL

2018-08-21 10:12:36 - [MESSAGE][PASSED] - Call Test Case 'Test Cases/Verify URL/TC Verify Url' successfully

2018-08-21 10:12:36 - [TEST_STEP][PASSED] - waitForPageLoad: Wait for page load successfully

2018-08-21 10:12:36 - [MESSAGE][PASSED] - Wait for page load successfully

2018-08-21 10:12:36 - [TEST_STEP][PASSED] - callTestCase: Call Test Case 'Test Cases/Mes rapports/TC Verify the next button arrow' successfully

2018-08-21 10:12:36 - [TEST_CASE][PASSED] - Test Cases/Mes rapports/TC Verify the next button arrow: Test Cases/Mes rapports/TC Verify the next button arrow

2018-08-21 10:12:36 - [TEST_STEP][PASSED] - waitForElementClickable: Object 'Object Repository/Mes rapports Obj/button_Next_Arrow' is clickable

2018-08-21 10:12:36 - [MESSAGE][PASSED] - Object 'Object Repository/Mes rapports Obj/button_Next_Arrow' is clickable

2018-08-21 10:12:36 - [TEST_STEP][PASSED] - click: Object: 'Object Repository/Mes rapports Obj/button_Next_Arrow' is clicked on

2018-08-21 10:12:36 - [MESSAGE][PASSED] - Object: 'Object Repository/Mes rapports Obj/button_Next_Arrow' is clicked on

2018-08-21 10:12:36 - [TEST_STEP][PASSED] - delay: Delayed 5 second(s)

2018-08-21 10:12:41 - [MESSAGE][PASSED] - Delayed 5 second(s)

2018-08-21 10:12:41 - [MESSAGE][PASSED] - Call Test Case 'Test Cases/Mes rapports/TC Verify the next button arrow' successfully

2018-08-21 10:12:41 - [TEST_STEP][PASSED] - waitForPageLoad: Wait for page load successfully

2018-08-21 10:12:41 - [MESSAGE][PASSED] - Wait for page load successfully

2018-08-21 10:12:41 - [TEST_STEP][PASSED] - callTestCase: Call Test Case 'Test Cases/Mes rapports/Mes rapports - CONTENU/TC Verify input field' successfully

2018-08-21 10:12:41 - [TEST_CASE][PASSED] - Test Cases/Mes rapports/Mes rapports - CONTENU/TC Verify input field: Test Cases/Mes rapports/Mes rapports - CONTENU/TC Verify input field

2018-08-21 10:12:41 - [TEST_STEP][PASSED] - Statement - excelData = com.kms.katalon.core.testdata.TestDataFactory.findTestData(Data Files/Data/testData): Reading excel file with source file 'C:\Users\seeboruts\OneDrive - SD Worx\Desktop\test_DAta.xlsx' and sheet name 'New'

2018-08-21 10:12:42 - [TEST_STEP][PASSED] - Statement - For ([i = 1, i <= 6, (i++)]): Object: 'Object Repository/Mes rapports Obj/CONTENU/click_Remove_text' is clicked on

2018-08-21 10:12:42 - [TEST_STEP][PASSED] - setText: Text 'Naam werknemer' is set on object 'Object Repository/Mes rapports Obj/CONTENU/input_Contenu_Selecteur'

2018-08-21 10:12:42 - [MESSAGE][PASSED] - Text 'Naam werknemer' is set on object 'Object Repository/Mes rapports Obj/CONTENU/input_Contenu_Selecteur'

2018-08-21 10:12:42 - [TEST_STEP][PASSED] - delay: Delayed 3 second(s)

2018-08-21 10:12:45 - [MESSAGE][PASSED] - Delayed 3 second(s)

2018-08-21 10:12:45 - [TEST_STEP][PASSED] - click: Object: 'Object Repository/Mes rapports Obj/CONTENU/Selecteur Obj NL/Naam werknemer' is clicked on

2018-08-21 10:12:45 - [MESSAGE][PASSED] - Object: 'Object Repository/Mes rapports Obj/CONTENU/Selecteur Obj NL/Naam werknemer' is clicked on

2018-08-21 10:12:45 - [TEST_STEP][PASSED] - delay: Delayed 3 second(s)

2018-08-21 10:12:48 - [MESSAGE][PASSED] - Delayed 3 second(s)

2018-08-21 10:12:48 - [TEST_STEP][PASSED] - click: Object: 'Object Repository/Mes rapports Obj/CONTENU/click_Remove_text' is clicked on

2018-08-21 10:12:48 - [MESSAGE][PASSED] - Object: 'Object Repository/Mes rapports Obj/CONTENU/click_Remove_text' is clicked on

2018-08-21 10:12:48 - [TEST_STEP][PASSED] - setText: Text 'Afdeling ' is set on object 'Object Repository/Mes rapports Obj/CONTENU/input_Contenu_Selecteur'

2018-08-21 10:12:48 - [MESSAGE][PASSED] - Text 'Afdeling ' is set on object 'Object Repository/Mes rapports Obj/CONTENU/input_Contenu_Selecteur'

2018-08-21 10:12:48 - [TEST_STEP][PASSED] - delay: Delayed 3 second(s)

2018-08-21 10:12:51 - [MESSAGE][PASSED] - Delayed 3 second(s)

2018-08-21 10:12:51 - [TEST_STEP][PASSED] - click: Object: 'Object Repository/Mes rapports Obj/CONTENU/Selecteur Obj NL/Afdeling' is clicked on

2018-08-21 10:12:51 - [MESSAGE][PASSED] - Object: 'Object Repository/Mes rapports Obj/CONTENU/Selecteur Obj NL/Afdeling' is clicked on

2018-08-21 10:12:51 - [TEST_STEP][PASSED] - delay: Delayed 3 second(s)

2018-08-21 10:12:54 - [MESSAGE][PASSED] - Delayed 3 second(s)

2018-08-21 10:12:54 - [TEST_STEP][PASSED] - click: Object: 'Object Repository/Mes rapports Obj/CONTENU/click_Remove_text' is clicked on

2018-08-21 10:12:55 - [MESSAGE][PASSED] - Object: 'Object Repository/Mes rapports Obj/CONTENU/click_Remove_text' is clicked on

2018-08-21 10:12:55 - [TEST_STEP][PASSED] - setText: Text 'Datum in dienst' is set on object 'Object Repository/Mes rapports Obj/CONTENU/input_Contenu_Selecteur'

2018-08-21 10:12:55 - [MESSAGE][PASSED] - Text 'Datum in dienst' is set on object 'Object Repository/Mes rapports Obj/CONTENU/input_Contenu_Selecteur'

2018-08-21 10:12:55 - [TEST_STEP][PASSED] - delay: Delayed 3 second(s)

2018-08-21 10:12:58 - [MESSAGE][PASSED] - Delayed 3 second(s)

2018-08-21 10:12:58 - [TEST_STEP][PASSED] - click: Object: 'Object Repository/Mes rapports Obj/CONTENU/Selecteur Obj NL/Datum in dienst' is clicked on

2018-08-21 10:12:58 - [MESSAGE][PASSED] - Object: 'Object Repository/Mes rapports Obj/CONTENU/Selecteur Obj NL/Datum in dienst' is clicked on

2018-08-21 10:12:58 - [TEST_STEP][PASSED] - delay: Delayed 3 second(s)

2018-08-21 10:13:01 - [MESSAGE][PASSED] - Delayed 3 second(s)

2018-08-21 10:13:01 - [TEST_STEP][PASSED] - click: Object: 'Object Repository/Mes rapports Obj/CONTENU/click_Remove_text' is clicked on

2018-08-21 10:13:01 - [MESSAGE][PASSED] - Object: 'Object Repository/Mes rapports Obj/CONTENU/click_Remove_text' is clicked on

2018-08-21 10:13:01 - [TEST_STEP][PASSED] - setText: Text '0010 - gewerkte dag' is set on object 'Object Repository/Mes rapports Obj/CONTENU/input_Contenu_Selecteur'

2018-08-21 10:13:01 - [MESSAGE][PASSED] - Text '0010 - gewerkte dag' is set on object 'Object Repository/Mes rapports Obj/CONTENU/input_Contenu_Selecteur'

2018-08-21 10:13:01 - [TEST_STEP][PASSED] - delay: Delayed 3 second(s)

2018-08-21 10:13:04 - [MESSAGE][PASSED] - Delayed 3 second(s)

2018-08-21 10:13:04 - [TEST_STEP][PASSED] - click: Object: 'Object Repository/Mes rapports Obj/CONTENU/Selecteur Obj NL/0010 - gewerkte dag' is clicked on

2018-08-21 10:13:05 - [MESSAGE][PASSED] - Object: 'Object Repository/Mes rapports Obj/CONTENU/Selecteur Obj NL/0010 - gewerkte dag' is clicked on

2018-08-21 10:13:05 - [TEST_STEP][PASSED] - delay: Delayed 3 second(s)

2018-08-21 10:13:08 - [MESSAGE][PASSED] - Delayed 3 second(s)

2018-08-21 10:13:08 - [TEST_STEP][PASSED] - click: Object: 'Object Repository/Mes rapports Obj/CONTENU/click_Remove_text' is clicked on

2018-08-21 10:13:08 - [MESSAGE][PASSED] - Object: 'Object Repository/Mes rapports Obj/CONTENU/click_Remove_text' is clicked on

2018-08-21 10:13:08 - [TEST_STEP][PASSED] - setText: Text '1010 - prestaties' is set on object 'Object Repository/Mes rapports Obj/CONTENU/input_Contenu_Selecteur'

2018-08-21 10:13:08 - [MESSAGE][PASSED] - Text '1010 - prestaties' is set on object 'Object Repository/Mes rapports Obj/CONTENU/input_Contenu_Selecteur'

2018-08-21 10:13:08 - [TEST_STEP][PASSED] - delay: Delayed 3 second(s)

2018-08-21 10:13:11 - [MESSAGE][PASSED] - Delayed 3 second(s)

2018-08-21 10:13:11 - [TEST_STEP][PASSED] - click: Object: 'Object Repository/Mes rapports Obj/CONTENU/Selecteur Obj NL/1010 - prestaties' is clicked on

2018-08-21 10:13:11 - [MESSAGE][PASSED] - Object: 'Object Repository/Mes rapports Obj/CONTENU/Selecteur Obj NL/1010 - prestaties' is clicked on

2018-08-21 10:13:11 - [TEST_STEP][PASSED] - delay: Delayed 3 second(s)

2018-08-21 10:13:14 - [MESSAGE][PASSED] - Delayed 3 second(s)

2018-08-21 10:13:14 - [TEST_STEP][PASSED] - click: Object: 'Object Repository/Mes rapports Obj/CONTENU/click_Remove_text' is clicked on

2018-08-21 10:13:14 - [MESSAGE][PASSED] - Object: 'Object Repository/Mes rapports Obj/CONTENU/click_Remove_text' is clicked on

2018-08-21 10:13:14 - [TEST_STEP][PASSED] - setText: Text '7010 - aantal gewerkte uren' is set on object 'Object Repository/Mes rapports Obj/CONTENU/input_Contenu_Selecteur'

2018-08-21 10:13:15 - [MESSAGE][PASSED] - Text '7010 - aantal gewerkte uren' is set on object 'Object Repository/Mes rapports Obj/CONTENU/input_Contenu_Selecteur'

2018-08-21 10:13:15 - [TEST_STEP][PASSED] - delay: Delayed 3 second(s)

2018-08-21 10:13:18 - [MESSAGE][PASSED] - Delayed 3 second(s)

2018-08-21 10:13:18 - [TEST_STEP][PASSED] - click: Object: 'Object Repository/Mes rapports Obj/CONTENU/Selecteur Obj NL/7010 - aantal gewerkte uren' is clicked on

2018-08-21 10:13:18 - [MESSAGE][PASSED] - Object: 'Object Repository/Mes rapports Obj/CONTENU/Selecteur Obj NL/7010 - aantal gewerkte uren' is clicked on

2018-08-21 10:13:18 - [TEST_STEP][PASSED] - delay: Delayed 3 second(s)

2018-08-21 10:13:21 - [MESSAGE][PASSED] - Delayed 3 second(s)

2018-08-21 10:13:21 - [TEST_STEP][PASSED] - click: Object: 'Object Repository/Mes rapports Obj/CONTENU/click_Remove_text' is clicked on

2018-08-21 10:13:21 - [MESSAGE][PASSED] - Object: 'Object Repository/Mes rapports Obj/CONTENU/click_Remove_text' is clicked on

2018-08-21 10:13:21 - [MESSAGE][PASSED] - Call Test Case 'Test Cases/Mes rapports/Mes rapports - CONTENU/TC Verify input field' successfully

2018-08-21 10:13:21 - [TEST_STEP][PASSED] - callTestCase: Call Test Case 'Test Cases/Verify URL/TC Verify Url' successfully

2018-08-21 10:13:21 - [TEST_CASE][PASSED] - Test Cases/Verify URL/TC Verify Url: Test Cases/Verify URL/TC Verify Url

2018-08-21 10:13:21 - [TEST_STEP][PASSED] - waitForPageLoad: Wait for page load successfully

2018-08-21 10:13:21 - [MESSAGE][PASSED] - Wait for page load successfully

2018-08-21 10:13:21 - [TEST_STEP][PASSED] - Statement - url = com.kms.katalon.core.webui.keyword.WebUiBuiltInKeywords.getUrl(): Current window's url is: 'https://internet.acc.sd.dika.be/ebloxreporting/web.sensitive/main/FpyDF/iIz9g8MffKNXfNyb1H/NL/#/definitie/wizard/extern/index/28142/inhoud/322948/7'

2018-08-21 10:13:21 - [MESSAGE][PASSED] - Current window's url is: 'https://internet.acc.sd.dika.be/ebloxreporting/web.sensitive/main/FpyDF/iIz9g8MffKNXfNyb1H/NL/#/definitie/wizard/extern/index/28142/inhoud/322948/7'

2018-08-21 10:13:21 - [TEST_STEP][PASSED] - Statement - p = java.util.regex.Pattern.compile("00040 ANTILOPE GROEP"): null

2018-08-21 10:13:21 - [TEST_STEP][PASSED] - Statement - m = p.matcher(url): null

2018-08-21 10:13:21 - [TEST_STEP][PASSED] - Statement - If (m.find()): null

2018-08-21 10:13:21 - [TEST_STEP][PASSED] - Statement - Else: The user name and the concern number are not present in the URL

2018-08-21 10:13:21 - [TEST_STEP][PASSED] - Statement - com.kms.katalon.core.util.KeywordUtil.markPassed("The user name and the concern number are not present in the URL"): The user name and the concern number are not present in the URL

2018-08-21 10:13:21 - [MESSAGE][PASSED] - The user name and the concern number are not present in the URL

2018-08-21 10:13:21 - [MESSAGE][PASSED] - Call Test Case 'Test Cases/Verify URL/TC Verify Url' successfully

2018-08-21 10:13:21 - [TEST_STEP][PASSED] - callTestCase: Call Test Case 'Test Cases/Mes rapports/TC Verify the next button arrow' successfully

2018-08-21 10:13:21 - [TEST_CASE][PASSED] - Test Cases/Mes rapports/TC Verify the next button arrow: Test Cases/Mes rapports/TC Verify the next button arrow

2018-08-21 10:13:21 - [TEST_STEP][PASSED] - waitForElementClickable: Object 'Object Repository/Mes rapports Obj/button_Next_Arrow' is clickable

2018-08-21 10:13:21 - [MESSAGE][PASSED] - Object 'Object Repository/Mes rapports Obj/button_Next_Arrow' is clickable

2018-08-21 10:13:21 - [TEST_STEP][PASSED] - click: Object: 'Object Repository/Mes rapports Obj/button_Next_Arrow' is clicked on

2018-08-21 10:13:22 - [MESSAGE][PASSED] - Object: 'Object Repository/Mes rapports Obj/button_Next_Arrow' is clicked on

2018-08-21 10:13:22 - [TEST_STEP][PASSED] - delay: Delayed 5 second(s)

2018-08-21 10:13:27 - [MESSAGE][PASSED] - Delayed 5 second(s)

2018-08-21 10:13:27 - [MESSAGE][PASSED] - Call Test Case 'Test Cases/Mes rapports/TC Verify the next button arrow' successfully

2018-08-21 10:13:27 - [TEST_STEP][PASSED] - waitForPageLoad: Wait for page load successfully

2018-08-21 10:13:27 - [MESSAGE][PASSED] - Wait for page load successfully

2018-08-21 10:13:27 - [TEST_STEP][PASSED] - callTestCase: Call Test Case 'Test Cases/Mes rapports/Mes rapports - SELECTION/Verify if checkbox is checked/TC 2 VErify Dossier and Groupe checkBox  is checked' successfully

2018-08-21 10:13:27 - [TEST_CASE][PASSED] - Test Cases/Mes rapports/Mes rapports - SELECTION/Verify if checkbox is checked/TC 2 VErify Dossier and Groupe checkBox  is checked: Test Cases/Mes rapports/Mes rapports - SELECTION/Verify if checkbox is checked/TC 2 VErify Dossier and Groupe checkBox  is checked

2018-08-21 10:13:27 - [TEST_STEP][PASSED] - check: Object 'Object Repository/Mes rapports Obj/SELECTION/Dossier and Groupe checkbox' is checked

2018-08-21 10:13:27 - [MESSAGE][PASSED] - Object 'Object Repository/Mes rapports Obj/SELECTION/Dossier and Groupe checkbox' is checked

2018-08-21 10:13:27 - [MESSAGE][PASSED] - Call Test Case 'Test Cases/Mes rapports/Mes rapports - SELECTION/Verify if checkbox is checked/TC 2 VErify Dossier and Groupe checkBox  is checked' successfully

2018-08-21 10:13:27 - [TEST_STEP][PASSED] - click: Object: 'Object Repository/Mes rapports Obj/SELECTION/Dossier and Groupe/click on Dossier and groupe dropdown' is clicked on

2018-08-21 10:13:27 - [MESSAGE][PASSED] - Object: 'Object Repository/Mes rapports Obj/SELECTION/Dossier and Groupe/click on Dossier and groupe dropdown' is clicked on

2018-08-21 10:13:27 - [TEST_STEP][PASSED] - delay: Delayed 2 second(s)

2018-08-21 10:13:29 - [MESSAGE][PASSED] - Delayed 2 second(s)

2018-08-21 10:13:29 - [TEST_STEP][PASSED] - click: Object: 'Object Repository/Mes rapports Obj/SELECTION/Dossier and Groupe/figure dans' is clicked on

2018-08-21 10:13:29 - [MESSAGE][PASSED] - Object: 'Object Repository/Mes rapports Obj/SELECTION/Dossier and Groupe/figure dans' is clicked on

2018-08-21 10:13:29 - [TEST_STEP][PASSED] - callTestCase: Call Test Case 'Test Cases/Mes rapports/Mes rapports - SELECTION/Verify if checkbox is checked/TC 3 Verify Travailleur checkBox  is checked' successfully

2018-08-21 10:13:29 - [TEST_CASE][PASSED] - Test Cases/Mes rapports/Mes rapports - SELECTION/Verify if checkbox is checked/TC 3 Verify Travailleur checkBox  is checked: Test Cases/Mes rapports/Mes rapports - SELECTION/Verify if checkbox is checked/TC 3 Verify Travailleur checkBox  is checked

2018-08-21 10:13:29 - [TEST_STEP][PASSED] - check: Object 'Object Repository/Mes rapports Obj/SELECTION/Travailleur checkbox' is checked

2018-08-21 10:13:29 - [MESSAGE][PASSED] - Object 'Object Repository/Mes rapports Obj/SELECTION/Travailleur checkbox' is checked

2018-08-21 10:13:29 - [MESSAGE][PASSED] - Call Test Case 'Test Cases/Mes rapports/Mes rapports - SELECTION/Verify if checkbox is checked/TC 3 Verify Travailleur checkBox  is checked' successfully

2018-08-21 10:13:29 - [TEST_STEP][PASSED] - click: Object: 'Object Repository/Mes rapports Obj/SELECTION/Travailleur/Click on Travailleur dropdown' is clicked on

2018-08-21 10:13:30 - [MESSAGE][PASSED] - Object: 'Object Repository/Mes rapports Obj/SELECTION/Travailleur/Click on Travailleur dropdown' is clicked on

2018-08-21 10:13:30 - [TEST_STEP][PASSED] - delay: Delayed 2 second(s)

2018-08-21 10:13:32 - [MESSAGE][PASSED] - Delayed 2 second(s)

2018-08-21 10:13:32 - [TEST_STEP][PASSED] - click: Object: 'Object Repository/Mes rapports Obj/SELECTION/Travailleur/figure dans' is clicked on

2018-08-21 10:13:32 - [MESSAGE][PASSED] - Object: 'Object Repository/Mes rapports Obj/SELECTION/Travailleur/figure dans' is clicked on

2018-08-21 10:13:32 - [TEST_STEP][PASSED] - click: Object: 'Object Repository/Mes rapports Obj/SELECTION/Travailleur/Select option to choose travailleur' is clicked on

2018-08-21 10:13:32 - [MESSAGE][PASSED] - Object: 'Object Repository/Mes rapports Obj/SELECTION/Travailleur/Select option to choose travailleur' is clicked on

2018-08-21 10:13:32 - [TEST_STEP][PASSED] - click: Object: 'Object Repository/Mes rapports Obj/SELECTION/Travailleur/travail - list option' is clicked on

2018-08-21 10:13:32 - [MESSAGE][PASSED] - Object: 'Object Repository/Mes rapports Obj/SELECTION/Travailleur/travail - list option' is clicked on

2018-08-21 10:13:32 - [TEST_STEP][PASSED] - Statement - inputWorker = com.kms.katalon.core.webui.keyword.WebUiBuiltInKeywords.modifyObjectProperty(com.kms.katalon.core.testobject.ObjectRepository.findTestObject(Mes rapports Obj/SELECTION/Travailleur/Input field for travailleur), "id", "contains", "s2id_autogen", true): Modify property of object successfully

2018-08-21 10:13:32 - [MESSAGE][PASSED] - Modify property of object successfully

2018-08-21 10:13:32 - [TEST_STEP][PASSED] - click: Object: 'Object Repository/Mes rapports Obj/SELECTION/Travailleur/Input field for travailleur' is clicked on

2018-08-21 10:13:32 - [MESSAGE][PASSED] - Object: 'Object Repository/Mes rapports Obj/SELECTION/Travailleur/Input field for travailleur' is clicked on

2018-08-21 10:13:32 - [TEST_STEP][PASSED] - Statement - myTestObject = new com.kms.katalon.core.testobject.TestObject(Select_travailleur_by_name): null

2018-08-21 10:13:32 - [TEST_STEP][PASSED] - Statement - myTestObject.addProperty("xpath", EQUALS, "//div[@id='select2-drop']//ul[@class='select2-results']//li[@role='presentation']//div[contains(text(),'0000013 - SIHAPAN GNA PHOUANGPHANH - 1AF0273 - ANTILOPE KARTONNAGE')]"): null

2018-08-21 10:13:32 - [TEST_STEP][PASSED] - click: Object: 'Select_travailleur_by_name' is clicked on

2018-08-21 10:13:32 - [MESSAGE][PASSED] - Object: 'Select_travailleur_by_name' is clicked on

2018-08-21 10:13:32 - [TEST_STEP][PASSED] - Statement - myTestObject2 = new com.kms.katalon.core.testobject.TestObject(Select_travailleur_by_name): null

2018-08-21 10:13:32 - [TEST_STEP][PASSED] - Statement - myTestObject2.addProperty("xpath", EQUALS, "//div[@id='select2-drop']//ul[@class='select2-results']//li[@role='presentation']//div[contains(text(),'0000041 - CHATEL MURIEL - 1AF0273 - ANTILOPE KARTONNAGE')]"): null

2018-08-21 10:13:32 - [TEST_STEP][PASSED] - click: Object: 'Select_travailleur_by_name' is clicked on

2018-08-21 10:13:32 - [MESSAGE][PASSED] - Object: 'Select_travailleur_by_name' is clicked on

2018-08-21 10:13:32 - [TEST_STEP][PASSED] - click: Object: 'Object Repository/Mes rapports Obj/SELECTION/Travailleur/Page_eBlox Reporting/New Test Object' is clicked on

2018-08-21 10:13:32 - [MESSAGE][PASSED] - Object: 'Object Repository/Mes rapports Obj/SELECTION/Travailleur/Page_eBlox Reporting/New Test Object' is clicked on

2018-08-21 10:13:32 - [TEST_STEP][PASSED] - callTestCase: Call Test Case 'Test Cases/Mes rapports/Mes rapports - SELECTION/Verify if checkbox is unchecked/TC 1 Verify Contrats actifs checkbox  is un-checked' successfully

2018-08-21 10:13:32 - [TEST_CASE][PASSED] - Test Cases/Mes rapports/Mes rapports - SELECTION/Verify if checkbox is unchecked/TC 1 Verify Contrats actifs checkbox  is un-checked: Test Cases/Mes rapports/Mes rapports - SELECTION/Verify if checkbox is unchecked/TC 1 Verify Contrats actifs checkbox  is un-checked

2018-08-21 10:13:32 - [TEST_STEP][PASSED] - uncheck: Object 'Object Repository/Mes rapports Obj/SELECTION/Contrats actifs checkBox' is un-checked

2018-08-21 10:13:32 - [MESSAGE][PASSED] - Object 'Object Repository/Mes rapports Obj/SELECTION/Contrats actifs checkBox' is un-checked

2018-08-21 10:13:32 - [MESSAGE][PASSED] - Call Test Case 'Test Cases/Mes rapports/Mes rapports - SELECTION/Verify if checkbox is unchecked/TC 1 Verify Contrats actifs checkbox  is un-checked' successfully

2018-08-21 10:13:32 - [TEST_STEP][PASSED] - callTestCase: Call Test Case 'Test Cases/Mes rapports/Mes rapports - SELECTION/Verify if checkbox is unchecked/TC 4 Verify Departement checkBox  is un-checked' successfully

2018-08-21 10:13:33 - [TEST_CASE][PASSED] - Test Cases/Mes rapports/Mes rapports - SELECTION/Verify if checkbox is unchecked/TC 4 Verify Departement checkBox  is un-checked: Test Cases/Mes rapports/Mes rapports - SELECTION/Verify if checkbox is unchecked/TC 4 Verify Departement checkBox  is un-checked

2018-08-21 10:13:33 - [TEST_STEP][PASSED] - uncheck: Object 'Object Repository/Mes rapports Obj/SELECTION/Departement checkbox' is un-checked

2018-08-21 10:13:33 - [MESSAGE][PASSED] - Object 'Object Repository/Mes rapports Obj/SELECTION/Departement checkbox' is un-checked

2018-08-21 10:13:33 - [MESSAGE][PASSED] - Call Test Case 'Test Cases/Mes rapports/Mes rapports - SELECTION/Verify if checkbox is unchecked/TC 4 Verify Departement checkBox  is un-checked' successfully

2018-08-21 10:13:33 - [TEST_STEP][PASSED] - callTestCase: Call Test Case 'Test Cases/Mes rapports/Mes rapports - SELECTION/Verify if checkbox is unchecked/TC 5 Verify Caractere juridique du contract checBox  is un-checked' successfully

2018-08-21 10:13:33 - [TEST_CASE][PASSED] - Test Cases/Mes rapports/Mes rapports - SELECTION/Verify if checkbox is unchecked/TC 5 Verify Caractere juridique du contract checBox  is un-checked: Test Cases/Mes rapports/Mes rapports - SELECTION/Verify if checkbox is unchecked/TC 5 Verify Caractere juridique du contract checBox  is un-checked

2018-08-21 10:13:33 - [TEST_STEP][PASSED] - uncheck: Object 'Object Repository/Mes rapports Obj/SELECTION/Caractere juridique de contrat' is un-checked

2018-08-21 10:13:33 - [MESSAGE][PASSED] - Object 'Object Repository/Mes rapports Obj/SELECTION/Caractere juridique de contrat' is un-checked

2018-08-21 10:13:33 - [MESSAGE][PASSED] - Call Test Case 'Test Cases/Mes rapports/Mes rapports - SELECTION/Verify if checkbox is unchecked/TC 5 Verify Caractere juridique du contract checBox  is un-checked' successfully

2018-08-21 10:13:33 - [TEST_STEP][PASSED] - callTestCase: Call Test Case 'Test Cases/Mes rapports/Mes rapports - SELECTION/Verify if checkbox is unchecked/TC 6 Verify Pays de naissance checkBox  is un-checked' successfully

2018-08-21 10:13:33 - [TEST_CASE][PASSED] - Test Cases/Mes rapports/Mes rapports - SELECTION/Verify if checkbox is unchecked/TC 6 Verify Pays de naissance checkBox  is un-checked: Test Cases/Mes rapports/Mes rapports - SELECTION/Verify if checkbox is unchecked/TC 6 Verify Pays de naissance checkBox  is un-checked

2018-08-21 10:13:33 - [TEST_STEP][PASSED] - uncheck: Object 'Object Repository/Mes rapports Obj/SELECTION/Pays de naisssance checkbox' is un-checked

2018-08-21 10:13:33 - [MESSAGE][PASSED] - Object 'Object Repository/Mes rapports Obj/SELECTION/Pays de naisssance checkbox' is un-checked

2018-08-21 10:13:33 - [MESSAGE][PASSED] - Call Test Case 'Test Cases/Mes rapports/Mes rapports - SELECTION/Verify if checkbox is unchecked/TC 6 Verify Pays de naissance checkBox  is un-checked' successfully

2018-08-21 10:13:33 - [TEST_STEP][PASSED] - callTestCase: Call Test Case 'Test Cases/Mes rapports/Mes rapports - SELECTION/Verify if checkbox is unchecked/TC 7 Verify Sexe checkBox  is un-checked' successfully

2018-08-21 10:13:33 - [TEST_CASE][PASSED] - Test Cases/Mes rapports/Mes rapports - SELECTION/Verify if checkbox is unchecked/TC 7 Verify Sexe checkBox  is un-checked: Test Cases/Mes rapports/Mes rapports - SELECTION/Verify if checkbox is unchecked/TC 7 Verify Sexe checkBox  is un-checked

2018-08-21 10:13:33 - [TEST_STEP][PASSED] - uncheck: Object 'Object Repository/Mes rapports Obj/SELECTION/Sexe checkbox' is un-checked

2018-08-21 10:13:33 - [MESSAGE][PASSED] - Object 'Object Repository/Mes rapports Obj/SELECTION/Sexe checkbox' is un-checked

2018-08-21 10:13:33 - [MESSAGE][PASSED] - Call Test Case 'Test Cases/Mes rapports/Mes rapports - SELECTION/Verify if checkbox is unchecked/TC 7 Verify Sexe checkBox  is un-checked' successfully

2018-08-21 10:13:33 - [TEST_STEP][PASSED] - callTestCase: Call Test Case 'Test Cases/Mes rapports/Mes rapports - SELECTION/Verify if checkbox is unchecked/TC 8 Verify Mode de remuneration checkBox  is un-checked' successfully

2018-08-21 10:13:33 - [TEST_CASE][PASSED] - Test Cases/Mes rapports/Mes rapports - SELECTION/Verify if checkbox is unchecked/TC 8 Verify Mode de remuneration checkBox  is un-checked: Test Cases/Mes rapports/Mes rapports - SELECTION/Verify if checkbox is unchecked/TC 8 Verify Mode de remuneration checkBox  is un-checked

2018-08-21 10:13:33 - [TEST_STEP][PASSED] - uncheck: Object 'Object Repository/Mes rapports Obj/SELECTION/Mode de remuneration checkbox' is un-checked

2018-08-21 10:13:33 - [MESSAGE][PASSED] - Object 'Object Repository/Mes rapports Obj/SELECTION/Mode de remuneration checkbox' is un-checked

2018-08-21 10:13:33 - [MESSAGE][PASSED] - Call Test Case 'Test Cases/Mes rapports/Mes rapports - SELECTION/Verify if checkbox is unchecked/TC 8 Verify Mode de remuneration checkBox  is un-checked' successfully

2018-08-21 10:13:33 - [TEST_STEP][PASSED] - callTestCase: Call Test Case 'Test Cases/Verify URL/TC Verify Url' successfully

2018-08-21 10:13:33 - [TEST_CASE][PASSED] - Test Cases/Verify URL/TC Verify Url: Test Cases/Verify URL/TC Verify Url

2018-08-21 10:13:33 - [TEST_STEP][PASSED] - waitForPageLoad: Wait for page load successfully

2018-08-21 10:13:33 - [MESSAGE][PASSED] - Wait for page load successfully

2018-08-21 10:13:33 - [TEST_STEP][PASSED] - Statement - url = com.kms.katalon.core.webui.keyword.WebUiBuiltInKeywords.getUrl(): Current window's url is: 'https://internet.acc.sd.dika.be/ebloxreporting/web.sensitive/main/FpyDF/iIz9g8MffKNXfNyb1H/NL/#/definitie/wizard/extern/index/28142/selectie'

2018-08-21 10:13:33 - [MESSAGE][PASSED] - Current window's url is: 'https://internet.acc.sd.dika.be/ebloxreporting/web.sensitive/main/FpyDF/iIz9g8MffKNXfNyb1H/NL/#/definitie/wizard/extern/index/28142/selectie'

2018-08-21 10:13:33 - [TEST_STEP][PASSED] - Statement - p = java.util.regex.Pattern.compile("00040 ANTILOPE GROEP"): null

2018-08-21 10:13:33 - [TEST_STEP][PASSED] - Statement - m = p.matcher(url): null

2018-08-21 10:13:33 - [TEST_STEP][PASSED] - Statement - If (m.find()): null

2018-08-21 10:13:33 - [TEST_STEP][PASSED] - Statement - Else: The user name and the concern number are not present in the URL

2018-08-21 10:13:33 - [TEST_STEP][PASSED] - Statement - com.kms.katalon.core.util.KeywordUtil.markPassed("The user name and the concern number are not present in the URL"): The user name and the concern number are not present in the URL

2018-08-21 10:13:33 - [MESSAGE][PASSED] - The user name and the concern number are not present in the URL

2018-08-21 10:13:33 - [MESSAGE][PASSED] - Call Test Case 'Test Cases/Verify URL/TC Verify Url' successfully

2018-08-21 10:13:33 - [TEST_STEP][PASSED] - callTestCase: Call Test Case 'Test Cases/Mes rapports/TC Verify the next button arrow' successfully

2018-08-21 10:13:33 - [TEST_CASE][PASSED] - Test Cases/Mes rapports/TC Verify the next button arrow: Test Cases/Mes rapports/TC Verify the next button arrow

2018-08-21 10:13:33 - [TEST_STEP][PASSED] - waitForElementClickable: Object 'Object Repository/Mes rapports Obj/button_Next_Arrow' is clickable

2018-08-21 10:13:33 - [MESSAGE][PASSED] - Object 'Object Repository/Mes rapports Obj/button_Next_Arrow' is clickable

2018-08-21 10:13:33 - [TEST_STEP][PASSED] - click: Object: 'Object Repository/Mes rapports Obj/button_Next_Arrow' is clicked on

2018-08-21 10:13:33 - [MESSAGE][PASSED] - Object: 'Object Repository/Mes rapports Obj/button_Next_Arrow' is clicked on

2018-08-21 10:13:33 - [TEST_STEP][PASSED] - delay: Delayed 5 second(s)

2018-08-21 10:13:38 - [MESSAGE][PASSED] - Delayed 5 second(s)

2018-08-21 10:13:38 - [MESSAGE][PASSED] - Call Test Case 'Test Cases/Mes rapports/TC Verify the next button arrow' successfully

2018-08-21 10:13:38 - [TEST_STEP][PASSED] - waitForPageLoad: Wait for page load successfully

2018-08-21 10:13:38 - [MESSAGE][PASSED] - Wait for page load successfully

2018-08-21 10:13:38 - [TEST_STEP][PASSED] - Statement - inputDossier = com.kms.katalon.core.webui.keyword.WebUiBuiltInKeywords.modifyObjectProperty(com.kms.katalon.core.testobject.ObjectRepository.findTestObject(Mes rapports Obj/EXECUTION/Description_Dossier and Groupe figure dans), "id", "contains", "s2id_autogen", true): Modify property of object successfully

2018-08-21 10:13:38 - [MESSAGE][PASSED] - Modify property of object successfully

2018-08-21 10:13:38 - [TEST_STEP][PASSED] - delay: Delayed 2 second(s)

2018-08-21 10:13:40 - [MESSAGE][PASSED] - Delayed 2 second(s)

2018-08-21 10:13:40 - [TEST_STEP][PASSED] - click: Object: 'Object Repository/Mes rapports Obj/EXECUTION/Description_Dossier and Groupe figure dans' is clicked on

2018-08-21 10:13:41 - [MESSAGE][PASSED] - Object: 'Object Repository/Mes rapports Obj/EXECUTION/Description_Dossier and Groupe figure dans' is clicked on

2018-08-21 10:13:41 - [TEST_STEP][PASSED] - Statement - myInputDossier = new com.kms.katalon.core.testobject.TestObject(Select_dossier_by_name): null

2018-08-21 10:13:41 - [TEST_STEP][PASSED] - Statement - myInputDossier.addProperty("xpath", EQUALS, "//div[@id='select2-drop']//ul[@class='select2-results']//li[@role='presentation']//div[contains(text(),'1AS1462 - 02 - ADDAX COMMUNICATIONS NV')]"): null

2018-08-21 10:13:41 - [TEST_STEP][PASSED] - click: Object: 'Select_dossier_by_name' is clicked on

2018-08-21 10:13:41 - [MESSAGE][PASSED] - Object: 'Select_dossier_by_name' is clicked on

2018-08-21 10:13:41 - [TEST_STEP][PASSED] - delay: Delayed 2 second(s)

2018-08-21 10:13:43 - [MESSAGE][PASSED] - Delayed 2 second(s)

2018-08-21 10:13:43 - [TEST_STEP][PASSED] - Statement - myInputDossier1 = new com.kms.katalon.core.testobject.TestObject(Select_dossier_by_name): null

2018-08-21 10:13:43 - [TEST_STEP][PASSED] - Statement - myInputDossier1.addProperty("xpath", EQUALS, "//div[@id='select2-drop']//ul[@class='select2-results']//li[@role='presentation']//div[contains(text(),'1AA0221 - 01 - DRUKKERIJ ANTILOPE NV')]"): null

2018-08-21 10:13:43 - [TEST_STEP][PASSED] - click: Object: 'Select_dossier_by_name' is clicked on

2018-08-21 10:13:43 - [MESSAGE][PASSED] - Object: 'Select_dossier_by_name' is clicked on

2018-08-21 10:13:43 - [TEST_STEP][PASSED] - Statement - myInputDossier2 = new com.kms.katalon.core.testobject.TestObject(Select_dossier_by_name): null

2018-08-21 10:13:43 - [TEST_STEP][PASSED] - Statement - myInputDossier2.addProperty("xpath", EQUALS, "//div[@id='select2-drop']//ul[@class='select2-results']//li[@role='presentation']//div[contains(text(),'1AF0273 - 03 - ANTILOPE KARTONNAGE"): null

2018-08-21 10:13:43 - [TEST_STEP][FAILED] - click: Unable to click on object 'Select_dossier_by_name' (Root cause: org.openqa.selenium.InvalidSelectorException: invalid selector: Unable to locate an element with the xpath expression //div[@id='select2-drop']//ul[@class='select2-results']//li[@role='presentation']//div[contains(text(),'1AF0273 - 03 - ANTILOPE KARTONNAGE because of the following error:
SyntaxError: Failed to execute 'evaluate' on 'Document': The string '//div[@id='select2-drop']//ul[@class='select2-results']//li[@role='presentation']//div[contains(text(),'1AF0273 - 03 - ANTILOPE KARTONNAGE' is not a valid XPath expression.
  (Session info: chrome=68.0.3440.106)
  (Driver info: chromedriver=2.35.528161 (5b82f2d2aae0ca24b877009200ced9065a772e73),platform=Windows NT 10.0.16299 x86_64) (WARNING: The server did not provide any stacktrace information)
Command duration or timeout: 0 milliseconds
For documentation on this error, please visit: http://seleniumhq.org/exceptions/invalid_selector_exception.html
Build info: version: '3.7.1', revision: '8a0099a', time: '2017-11-06T21:07:36.161Z'
System info: host: '5CG7062KWD', ip: '10.136.82.137', os.name: 'Windows 10', os.arch: 'amd64', os.version: '10.0', java.version: '1.8.0_181'
Driver info: com.kms.katalon.selenium.driver.CChromeDriver
Capabilities {acceptInsecureCerts: false, acceptSslCerts: false, applicationCacheEnabled: false, browserConnectionEnabled: false, browserName: chrome, chrome: {chromedriverVersion: 2.35.528161 (5b82f2d2aae0ca..., userDataDir: C:\Users\SEEBOR~1\AppData\L...}, cssSelectorsEnabled: true, databaseEnabled: false, handlesAlerts: true, hasTouchScreen: false, javascriptEnabled: true, locationContextEnabled: true, mobileEmulationEnabled: false, nativeEvents: true, networkConnectionEnabled: false, pageLoadStrategy: normal, platform: XP, platformName: XP, rotatable: false, setWindowRect: true, takesHeapSnapshot: true, takesScreenshot: true, unexpectedAlertBehaviour: , unhandledPromptBehavior: , version: 68.0.3440.106, webStorageEnabled: true}
Session ID: 1b7daa46db55af1759fbe7fa7519819b
*** Element info: {Using=xpath, value=//div[@id='select2-drop']//ul[@class='select2-results']//li[@role='presentation']//div[contains(text(),'1AF0273 - 03 - ANTILOPE KARTONNAGE})

2018-08-21 10:14:14 - [MESSAGE][FAILED] - Unable to click on object 'Select_dossier_by_name' (Root cause: org.openqa.selenium.InvalidSelectorException: invalid selector: Unable to locate an element with the xpath expression //div[@id='select2-drop']//ul[@class='select2-results']//li[@role='presentation']//div[contains(text(),'1AF0273 - 03 - ANTILOPE KARTONNAGE because of the following error:
SyntaxError: Failed to execute 'evaluate' on 'Document': The string '//div[@id='select2-drop']//ul[@class='select2-results']//li[@role='presentation']//div[contains(text(),'1AF0273 - 03 - ANTILOPE KARTONNAGE' is not a valid XPath expression.
  (Session info: chrome=68.0.3440.106)
  (Driver info: chromedriver=2.35.528161 (5b82f2d2aae0ca24b877009200ced9065a772e73),platform=Windows NT 10.0.16299 x86_64) (WARNING: The server did not provide any stacktrace information)
Command duration or timeout: 0 milliseconds
For documentation on this error, please visit: http://seleniumhq.org/exceptions/invalid_selector_exception.html
Build info: version: '3.7.1', revision: '8a0099a', time: '2017-11-06T21:07:36.161Z'
System info: host: '5CG7062KWD', ip: '10.136.82.137', os.name: 'Windows 10', os.arch: 'amd64', os.version: '10.0', java.version: '1.8.0_181'
Driver info: com.kms.katalon.selenium.driver.CChromeDriver
Capabilities {acceptInsecureCerts: false, acceptSslCerts: false, applicationCacheEnabled: false, browserConnectionEnabled: false, browserName: chrome, chrome: {chromedriverVersion: 2.35.528161 (5b82f2d2aae0ca..., userDataDir: C:\Users\SEEBOR~1\AppData\L...}, cssSelectorsEnabled: true, databaseEnabled: false, handlesAlerts: true, hasTouchScreen: false, javascriptEnabled: true, locationContextEnabled: true, mobileEmulationEnabled: false, nativeEvents: true, networkConnectionEnabled: false, pageLoadStrategy: normal, platform: XP, platformName: XP, rotatable: false, setWindowRect: true, takesHeapSnapshot: true, takesScreenshot: true, unexpectedAlertBehaviour: , unhandledPromptBehavior: , version: 68.0.3440.106, webStorageEnabled: true}
Session ID: 1b7daa46db55af1759fbe7fa7519819b
*** Element info: {Using=xpath, value=//div[@id='select2-drop']//ul[@class='select2-results']//li[@role='presentation']//div[contains(text(),'1AF0273 - 03 - ANTILOPE KARTONNAGE})
[[ATTACHMENT|C:\\Users\\seeboruts\\OneDrive - SD Worx\\Desktop\\Katalon_eBlox_Reporting\\Reports\\testing\\New Test Suite\\20180821_095745\\1534832054257.png]]]]></system-out>
         <system-err><![CDATA[2018-08-21 10:11:49 - [TEST_CASE][FAILED] - Test Cases/New Folder/TC2 NEW: Test Cases/New Folder/TC2 NEW FAILED because (of) Unable to click on object 'Select_dossier_by_name' (Root cause: org.openqa.selenium.InvalidSelectorException: invalid selector: Unable to locate an element with the xpath expression //div[@id='select2-drop']//ul[@class='select2-results']//li[@role='presentation']//div[contains(text(),'1AF0273 - 03 - ANTILOPE KARTONNAGE because of the following error:
SyntaxError: Failed to execute 'evaluate' on 'Document': The string '//div[@id='select2-drop']//ul[@class='select2-results']//li[@role='presentation']//div[contains(text(),'1AF0273 - 03 - ANTILOPE KARTONNAGE' is not a valid XPath expression.
  (Session info: chrome=68.0.3440.106)
  (Driver info: chromedriver=2.35.528161 (5b82f2d2aae0ca24b877009200ced9065a772e73),platform=Windows NT 10.0.16299 x86_64) (WARNING: The server did not provide any stacktrace information)
Command duration or timeout: 0 milliseconds
For documentation on this error, please visit: http://seleniumhq.org/exceptions/invalid_selector_exception.html
Build info: version: '3.7.1', revision: '8a0099a', time: '2017-11-06T21:07:36.161Z'
System info: host: '5CG7062KWD', ip: '10.136.82.137', os.name: 'Windows 10', os.arch: 'amd64', os.version: '10.0', java.version: '1.8.0_181'
Driver info: com.kms.katalon.selenium.driver.CChromeDriver
Capabilities {acceptInsecureCerts: false, acceptSslCerts: false, applicationCacheEnabled: false, browserConnectionEnabled: false, browserName: chrome, chrome: {chromedriverVersion: 2.35.528161 (5b82f2d2aae0ca..., userDataDir: C:\Users\SEEBOR~1\AppData\L...}, cssSelectorsEnabled: true, databaseEnabled: false, handlesAlerts: true, hasTouchScreen: false, javascriptEnabled: true, locationContextEnabled: true, mobileEmulationEnabled: false, nativeEvents: true, networkConnectionEnabled: false, pageLoadStrategy: normal, platform: XP, platformName: XP, rotatable: false, setWindowRect: true, takesHeapSnapshot: true, takesScreenshot: true, unexpectedAlertBehaviour: , unhandledPromptBehavior: , version: 68.0.3440.106, webStorageEnabled: true}
Session ID: 1b7daa46db55af1759fbe7fa7519819b
*** Element info: {Using=xpath, value=//div[@id='select2-drop']//ul[@class='select2-results']//li[@role='presentation']//div[contains(text(),'1AF0273 - 03 - ANTILOPE KARTONNAGE})]]></system-err>
      </testcase>
      <testcase name="Test Cases/New Folder/TC3 VALIDATION" classname="Test Cases/New Folder/TC3 VALIDATION" status="FAILED">
         <failure type="FAILED" message="Unable to click on object 'Object Repository/Mes rapports Obj/EXECUTION/Annuler button' (Root cause: org.openqa.selenium.WebDriverException: unknown error: Element &lt;button ng-click=&quot;navvm.gaNaarLijstZonderFormBehaviour()&quot; class=&quot;btn btn-default navbar-btn &quot;>...&lt;/button> is not clickable at point (1543, 80). Other element would receive the click: &lt;div tabindex=&quot;-1&quot; class=&quot;modal fade  ng-animate in-add in-add-active in-remove in-remove-active&quot; ng-class=&quot;{in: animate}&quot; ng-style=&quot;{'z-index': 1050 + index*10, display: 'block'}&quot; ng-click=&quot;close($event)&quot; modal-window=&quot;&quot; index=&quot;0&quot; animate=&quot;animate&quot; style=&quot;z-index: 1050; display: block;&quot; data-ng-animate=&quot;2&quot;>...&lt;/div>
  (Session info: chrome=68.0.3440.106)
  (Driver info: chromedriver=2.35.528161 (5b82f2d2aae0ca24b877009200ced9065a772e73),platform=Windows NT 10.0.16299 x86_64) (WARNING: The server did not provide any stacktrace information)
Command duration or timeout: 0 milliseconds
Build info: version: '3.7.1', revision: '8a0099a', time: '2017-11-06T21:07:36.161Z'
System info: host: '5CG7062KWD', ip: '10.136.82.137', os.name: 'Windows 10', os.arch: 'amd64', os.version: '10.0', java.version: '1.8.0_181'
Driver info: com.kms.katalon.selenium.driver.CChromeDriver
Capabilities {acceptInsecureCerts: false, acceptSslCerts: false, applicationCacheEnabled: false, browserConnectionEnabled: false, browserName: chrome, chrome: {chromedriverVersion: 2.35.528161 (5b82f2d2aae0ca..., userDataDir: C:\Users\SEEBOR~1\AppData\L...}, cssSelectorsEnabled: true, databaseEnabled: false, handlesAlerts: true, hasTouchScreen: false, javascriptEnabled: true, locationContextEnabled: true, mobileEmulationEnabled: false, nativeEvents: true, networkConnectionEnabled: false, pageLoadStrategy: normal, platform: XP, platformName: XP, rotatable: false, setWindowRect: true, takesHeapSnapshot: true, takesScreenshot: true, unexpectedAlertBehaviour: , unhandledPromptBehavior: , version: 68.0.3440.106, webStorageEnabled: true}
Session ID: 93d1bafbd1bdf097895214b15fa3f4e5)"/>
         <system-out><![CDATA[2018-08-21 10:14:14 - [TEST_CASE][FAILED] - Test Cases/New Folder/TC3 VALIDATION: Test Cases/New Folder/TC3 VALIDATION FAILED because (of) Unable to click on object 'Object Repository/Mes rapports Obj/EXECUTION/Annuler button' (Root cause: org.openqa.selenium.WebDriverException: unknown error: Element <button ng-click="navvm.gaNaarLijstZonderFormBehaviour()" class="btn btn-default navbar-btn ">...</button> is not clickable at point (1543, 80). Other element would receive the click: <div tabindex="-1" class="modal fade  ng-animate in-add in-add-active in-remove in-remove-active" ng-class="{in: animate}" ng-style="{'z-index': 1050 + index*10, display: 'block'}" ng-click="close($event)" modal-window="" index="0" animate="animate" style="z-index: 1050; display: block;" data-ng-animate="2">...</div>
  (Session info: chrome=68.0.3440.106)
  (Driver info: chromedriver=2.35.528161 (5b82f2d2aae0ca24b877009200ced9065a772e73),platform=Windows NT 10.0.16299 x86_64) (WARNING: The server did not provide any stacktrace information)
Command duration or timeout: 0 milliseconds
Build info: version: '3.7.1', revision: '8a0099a', time: '2017-11-06T21:07:36.161Z'
System info: host: '5CG7062KWD', ip: '10.136.82.137', os.name: 'Windows 10', os.arch: 'amd64', os.version: '10.0', java.version: '1.8.0_181'
Driver info: com.kms.katalon.selenium.driver.CChromeDriver
Capabilities {acceptInsecureCerts: false, acceptSslCerts: false, applicationCacheEnabled: false, browserConnectionEnabled: false, browserName: chrome, chrome: {chromedriverVersion: 2.35.528161 (5b82f2d2aae0ca..., userDataDir: C:\Users\SEEBOR~1\AppData\L...}, cssSelectorsEnabled: true, databaseEnabled: false, handlesAlerts: true, hasTouchScreen: false, javascriptEnabled: true, locationContextEnabled: true, mobileEmulationEnabled: false, nativeEvents: true, networkConnectionEnabled: false, pageLoadStrategy: normal, platform: XP, platformName: XP, rotatable: false, setWindowRect: true, takesHeapSnapshot: true, takesScreenshot: true, unexpectedAlertBehaviour: , unhandledPromptBehavior: , version: 68.0.3440.106, webStorageEnabled: true}
Session ID: 93d1bafbd1bdf097895214b15fa3f4e5)

2018-08-21 10:14:14 - [TEST_STEP][PASSED] - callTestCase: Call Test Case 'Test Cases/Login/TC1 Login to Mysdworx' successfully

2018-08-21 10:14:14 - [TEST_CASE][PASSED] - Test Cases/Login/TC1 Login to Mysdworx: Test Cases/Login/TC1 Login to Mysdworx

2018-08-21 10:14:14 - [TEST_STEP][PASSED] - openBrowser: Browser is opened with url: ''

2018-08-21 10:14:14 - [MESSAGE][WARNING] - A browser is already opened. Closing browser and opening a new one

2018-08-21 10:14:17 - [MESSAGE][PASSED] - Browser is opened with url: ''

2018-08-21 10:14:17 - [TEST_STEP][PASSED] - navigateToUrl: Navigate to 'https://internet.acc.sd.dika.be/ebloxreporting/web.sensitive/main/?lang=fr' successfully

2018-08-21 10:14:22 - [MESSAGE][PASSED] - Navigate to 'https://internet.acc.sd.dika.be/ebloxreporting/web.sensitive/main/?lang=fr' successfully

2018-08-21 10:14:22 - [TEST_STEP][PASSED] - maximizeWindow: Current window maximized

2018-08-21 10:14:23 - [MESSAGE][PASSED] - Current window maximized

2018-08-21 10:14:23 - [TEST_STEP][PASSED] - setText: Text 'DP_EBLOX_RPP_VASCO' is set on object 'Object Repository/Page_mysdworx - Log in/input_Username'

2018-08-21 10:14:27 - [MESSAGE][PASSED] - Text 'DP_EBLOX_RPP_VASCO' is set on object 'Object Repository/Page_mysdworx - Log in/input_Username'

2018-08-21 10:14:27 - [TEST_STEP][PASSED] - Statement - frame = new javax.swing.JFrame(User Input Frame): null

2018-08-21 10:14:27 - [TEST_STEP][PASSED] - Statement - frame.requestFocus(): null

2018-08-21 10:14:27 - [TEST_STEP][PASSED] - Statement - pass = javax.swing.JOptionPane.showInputDialog(frame, "Enter the password from token!!"): null

2018-08-21 10:14:29 - [TEST_STEP][PASSED] - delay: Delayed 2 second(s)

2018-08-21 10:14:31 - [MESSAGE][PASSED] - Delayed 2 second(s)

2018-08-21 10:14:31 - [TEST_STEP][PASSED] - setText: Text '780019' is set on object 'Object Repository/Page_mysdworx - Log in/input_Password'

2018-08-21 10:14:32 - [MESSAGE][PASSED] - Text '780019' is set on object 'Object Repository/Page_mysdworx - Log in/input_Password'

2018-08-21 10:14:32 - [TEST_STEP][PASSED] - click: Object: 'Object Repository/Page_mysdworx - Log in/button_Se connecter' is clicked on

2018-08-21 10:14:32 - [MESSAGE][PASSED] - Object: 'Object Repository/Page_mysdworx - Log in/button_Se connecter' is clicked on

2018-08-21 10:14:32 - [TEST_STEP][PASSED] - waitForPageLoad: Wait for page load successfully

2018-08-21 10:14:32 - [MESSAGE][PASSED] - Wait for page load successfully

2018-08-21 10:14:32 - [TEST_STEP][NOT_RUN] - closeBrowser: NOT_RUN: closeBrowser

2018-08-21 10:14:32 - [MESSAGE][NOT_RUN] - NOT_RUN: closeBrowser

2018-08-21 10:14:32 - [MESSAGE][PASSED] - Call Test Case 'Test Cases/Login/TC1 Login to Mysdworx' successfully

2018-08-21 10:14:32 - [TEST_STEP][PASSED] - waitForPageLoad: Wait for page load successfully

2018-08-21 10:14:32 - [MESSAGE][PASSED] - Wait for page load successfully

2018-08-21 10:14:32 - [TEST_STEP][PASSED] - callTestCase: Call Test Case 'Test Cases/Select Language/TC1 Verify NL language' successfully

2018-08-21 10:14:32 - [TEST_CASE][PASSED] - Test Cases/Select Language/TC1 Verify NL language: Test Cases/Select Language/TC1 Verify NL language

2018-08-21 10:14:32 - [TEST_STEP][PASSED] - waitForElementClickable: Object 'Object Repository/Change language link Obj/NL_language' is clickable

2018-08-21 10:14:53 - [MESSAGE][PASSED] - Object 'Object Repository/Change language link Obj/NL_language' is clickable

2018-08-21 10:14:53 - [TEST_STEP][PASSED] - click: Object: 'Object Repository/Change language link Obj/NL_language' is clicked on

2018-08-21 10:14:58 - [MESSAGE][PASSED] - Object: 'Object Repository/Change language link Obj/NL_language' is clicked on

2018-08-21 10:14:58 - [TEST_STEP][PASSED] - waitForPageLoad: Wait for page load successfully

2018-08-21 10:14:58 - [MESSAGE][PASSED] - Wait for page load successfully

2018-08-21 10:14:58 - [MESSAGE][PASSED] - Call Test Case 'Test Cases/Select Language/TC1 Verify NL language' successfully

2018-08-21 10:14:58 - [TEST_STEP][PASSED] - callTestCase: Call Test Case 'Test Cases/Mes rapports/Verify Nouveau rapport button' successfully

2018-08-21 10:14:58 - [TEST_CASE][PASSED] - Test Cases/Mes rapports/Verify Nouveau rapport button: Test Cases/Mes rapports/Verify Nouveau rapport button

2018-08-21 10:14:58 - [TEST_STEP][PASSED] - click: Object: 'Object Repository/Mes rapports Obj/button_Nouveau rapport' is clicked on

2018-08-21 10:15:01 - [MESSAGE][PASSED] - Object: 'Object Repository/Mes rapports Obj/button_Nouveau rapport' is clicked on

2018-08-21 10:15:01 - [TEST_STEP][PASSED] - waitForPageLoad: Wait for page load successfully

2018-08-21 10:15:01 - [MESSAGE][PASSED] - Wait for page load successfully

2018-08-21 10:15:01 - [MESSAGE][PASSED] - Call Test Case 'Test Cases/Mes rapports/Verify Nouveau rapport button' successfully

2018-08-21 10:15:01 - [TEST_STEP][PASSED] - callTestCase: Call Test Case 'Test Cases/Mes rapports/Mes rapports - BASE DE RAPPORT/TC1  Verify radio button creer un tout nouveau rapport' successfully

2018-08-21 10:15:01 - [TEST_CASE][PASSED] - Test Cases/Mes rapports/Mes rapports - BASE DE RAPPORT/TC1  Verify radio button creer un tout nouveau rapport: Test Cases/Mes rapports/Mes rapports - BASE DE RAPPORT/TC1  Verify radio button creer un tout nouveau rapport

2018-08-21 10:15:01 - [TEST_STEP][PASSED] - Statement - radioButton = com.kms.katalon.core.webui.keyword.WebUiBuiltInKeywords.modifyObjectProperty(com.kms.katalon.core.testobject.ObjectRepository.findTestObject(Mes rapports Obj/BASE DE RAPPORT/radioButton_Creer un tout nouveau rapport), "name", "equals", "typeRapport", true): Modify property of object successfully

2018-08-21 10:15:01 - [MESSAGE][PASSED] - Modify property of object successfully

2018-08-21 10:15:01 - [TEST_STEP][PASSED] - click: Object: 'Object Repository/Mes rapports Obj/BASE DE RAPPORT/radioButton_Creer un tout nouveau rapport' is clicked on

2018-08-21 10:15:02 - [MESSAGE][PASSED] - Object: 'Object Repository/Mes rapports Obj/BASE DE RAPPORT/radioButton_Creer un tout nouveau rapport' is clicked on

2018-08-21 10:15:02 - [MESSAGE][PASSED] - Call Test Case 'Test Cases/Mes rapports/Mes rapports - BASE DE RAPPORT/TC1  Verify radio button creer un tout nouveau rapport' successfully

2018-08-21 10:15:02 - [TEST_STEP][PASSED] - callTestCase: Call Test Case 'Test Cases/Mes rapports/TC Verify the next button arrow' successfully

2018-08-21 10:15:02 - [TEST_CASE][PASSED] - Test Cases/Mes rapports/TC Verify the next button arrow: Test Cases/Mes rapports/TC Verify the next button arrow

2018-08-21 10:15:02 - [TEST_STEP][PASSED] - waitForElementClickable: Object 'Object Repository/Mes rapports Obj/button_Next_Arrow' is clickable

2018-08-21 10:15:02 - [MESSAGE][PASSED] - Object 'Object Repository/Mes rapports Obj/button_Next_Arrow' is clickable

2018-08-21 10:15:02 - [TEST_STEP][PASSED] - click: Object: 'Object Repository/Mes rapports Obj/button_Next_Arrow' is clicked on

2018-08-21 10:15:02 - [MESSAGE][PASSED] - Object: 'Object Repository/Mes rapports Obj/button_Next_Arrow' is clicked on

2018-08-21 10:15:02 - [TEST_STEP][PASSED] - delay: Delayed 5 second(s)

2018-08-21 10:15:07 - [MESSAGE][PASSED] - Delayed 5 second(s)

2018-08-21 10:15:07 - [MESSAGE][PASSED] - Call Test Case 'Test Cases/Mes rapports/TC Verify the next button arrow' successfully

2018-08-21 10:15:07 - [TEST_STEP][PASSED] - waitForPageLoad: Wait for page load successfully

2018-08-21 10:15:07 - [MESSAGE][PASSED] - Wait for page load successfully

2018-08-21 10:15:07 - [TEST_STEP][PASSED] - callTestCase: Call Test Case 'Test Cases/Mes rapports/TC Verify the next button arrow' successfully

2018-08-21 10:15:07 - [TEST_CASE][PASSED] - Test Cases/Mes rapports/TC Verify the next button arrow: Test Cases/Mes rapports/TC Verify the next button arrow

2018-08-21 10:15:07 - [TEST_STEP][PASSED] - waitForElementClickable: Object 'Object Repository/Mes rapports Obj/button_Next_Arrow' is clickable

2018-08-21 10:15:07 - [MESSAGE][PASSED] - Object 'Object Repository/Mes rapports Obj/button_Next_Arrow' is clickable

2018-08-21 10:15:07 - [TEST_STEP][PASSED] - click: Object: 'Object Repository/Mes rapports Obj/button_Next_Arrow' is clicked on

2018-08-21 10:15:07 - [MESSAGE][PASSED] - Object: 'Object Repository/Mes rapports Obj/button_Next_Arrow' is clicked on

2018-08-21 10:15:07 - [TEST_STEP][PASSED] - delay: Delayed 5 second(s)

2018-08-21 10:15:12 - [MESSAGE][PASSED] - Delayed 5 second(s)

2018-08-21 10:15:12 - [MESSAGE][PASSED] - Call Test Case 'Test Cases/Mes rapports/TC Verify the next button arrow' successfully

2018-08-21 10:15:12 - [TEST_STEP][PASSED] - verifyTextPresent: Text 'Gelieve minstens één kolom toe te voegen.' is present on page  using regular expression

2018-08-21 10:15:13 - [MESSAGE][PASSED] - Text 'Gelieve minstens één kolom toe te voegen.' is present on page  using regular expression

2018-08-21 10:15:13 - [TEST_STEP][PASSED] - callTestCase: Call Test Case 'Test Cases/Mes rapports/Mes rapports - CONTENU/TC Verify input field - Copy' successfully

2018-08-21 10:15:13 - [TEST_CASE][PASSED] - Test Cases/Mes rapports/Mes rapports - CONTENU/TC Verify input field - Copy: Test Cases/Mes rapports/Mes rapports - CONTENU/TC Verify input field - Copy

2018-08-21 10:15:13 - [TEST_STEP][PASSED] - Statement - excelData = com.kms.katalon.core.testdata.TestDataFactory.findTestData(Data Files/Data/testData1): Reading excel file with source file 'C:\Users\seeboruts\OneDrive - SD Worx\Desktop\test_DAta.xlsx' and sheet name 'Validation'

2018-08-21 10:15:13 - [TEST_STEP][PASSED] - Statement - For ([i = 1, i <= 2, (i++)]): Object: 'Object Repository/Mes rapports Obj/CONTENU/click_Remove_text' is clicked on

2018-08-21 10:15:13 - [TEST_STEP][PASSED] - setText: Text 'Naam werknemer' is set on object 'Object Repository/Mes rapports Obj/CONTENU/input_Contenu_Selecteur'

2018-08-21 10:15:13 - [MESSAGE][PASSED] - Text 'Naam werknemer' is set on object 'Object Repository/Mes rapports Obj/CONTENU/input_Contenu_Selecteur'

2018-08-21 10:15:13 - [TEST_STEP][PASSED] - delay: Delayed 3 second(s)

2018-08-21 10:15:16 - [MESSAGE][PASSED] - Delayed 3 second(s)

2018-08-21 10:15:16 - [TEST_STEP][PASSED] - click: Object: 'Object Repository/Mes rapports Obj/CONTENU/Selecteur Obj NL/Naam werknemer' is clicked on

2018-08-21 10:15:16 - [MESSAGE][PASSED] - Object: 'Object Repository/Mes rapports Obj/CONTENU/Selecteur Obj NL/Naam werknemer' is clicked on

2018-08-21 10:15:16 - [TEST_STEP][PASSED] - delay: Delayed 3 second(s)

2018-08-21 10:15:19 - [MESSAGE][PASSED] - Delayed 3 second(s)

2018-08-21 10:15:19 - [TEST_STEP][PASSED] - click: Object: 'Object Repository/Mes rapports Obj/CONTENU/click_Remove_text' is clicked on

2018-08-21 10:15:19 - [MESSAGE][PASSED] - Object: 'Object Repository/Mes rapports Obj/CONTENU/click_Remove_text' is clicked on

2018-08-21 10:15:19 - [TEST_STEP][PASSED] - setText: Text 'Brutoloon' is set on object 'Object Repository/Mes rapports Obj/CONTENU/input_Contenu_Selecteur'

2018-08-21 10:15:20 - [MESSAGE][PASSED] - Text 'Brutoloon' is set on object 'Object Repository/Mes rapports Obj/CONTENU/input_Contenu_Selecteur'

2018-08-21 10:15:20 - [TEST_STEP][PASSED] - delay: Delayed 3 second(s)

2018-08-21 10:15:23 - [MESSAGE][PASSED] - Delayed 3 second(s)

2018-08-21 10:15:23 - [TEST_STEP][PASSED] - click: Object: 'Object Repository/Mes rapports Obj/CONTENU/Selecteur Obj NL/Brutoloon' is clicked on

2018-08-21 10:15:23 - [MESSAGE][PASSED] - Object: 'Object Repository/Mes rapports Obj/CONTENU/Selecteur Obj NL/Brutoloon' is clicked on

2018-08-21 10:15:23 - [TEST_STEP][PASSED] - delay: Delayed 3 second(s)

2018-08-21 10:15:26 - [MESSAGE][PASSED] - Delayed 3 second(s)

2018-08-21 10:15:26 - [TEST_STEP][PASSED] - click: Object: 'Object Repository/Mes rapports Obj/CONTENU/click_Remove_text' is clicked on

2018-08-21 10:15:26 - [MESSAGE][PASSED] - Object: 'Object Repository/Mes rapports Obj/CONTENU/click_Remove_text' is clicked on

2018-08-21 10:15:26 - [MESSAGE][PASSED] - Call Test Case 'Test Cases/Mes rapports/Mes rapports - CONTENU/TC Verify input field - Copy' successfully

2018-08-21 10:15:26 - [TEST_STEP][PASSED] - callTestCase: Call Test Case 'Test Cases/Mes rapports/TC Verify the next button arrow' successfully

2018-08-21 10:15:26 - [TEST_CASE][PASSED] - Test Cases/Mes rapports/TC Verify the next button arrow: Test Cases/Mes rapports/TC Verify the next button arrow

2018-08-21 10:15:26 - [TEST_STEP][PASSED] - waitForElementClickable: Object 'Object Repository/Mes rapports Obj/button_Next_Arrow' is clickable

2018-08-21 10:15:26 - [MESSAGE][PASSED] - Object 'Object Repository/Mes rapports Obj/button_Next_Arrow' is clickable

2018-08-21 10:15:26 - [TEST_STEP][PASSED] - click: Object: 'Object Repository/Mes rapports Obj/button_Next_Arrow' is clicked on

2018-08-21 10:15:26 - [MESSAGE][PASSED] - Object: 'Object Repository/Mes rapports Obj/button_Next_Arrow' is clicked on

2018-08-21 10:15:26 - [TEST_STEP][PASSED] - delay: Delayed 5 second(s)

2018-08-21 10:15:31 - [MESSAGE][PASSED] - Delayed 5 second(s)

2018-08-21 10:15:31 - [MESSAGE][PASSED] - Call Test Case 'Test Cases/Mes rapports/TC Verify the next button arrow' successfully

2018-08-21 10:15:31 - [TEST_STEP][PASSED] - waitForPageLoad: Wait for page load successfully

2018-08-21 10:15:31 - [MESSAGE][PASSED] - Wait for page load successfully

2018-08-21 10:15:31 - [TEST_STEP][PASSED] - verifyElementPresent: Object 'Object Repository/Mes rapports Obj/SELECTION/Active Contrat/exclamation icon' is present

2018-08-21 10:15:31 - [MESSAGE][PASSED] - Object 'Object Repository/Mes rapports Obj/SELECTION/Active Contrat/exclamation icon' is present

2018-08-21 10:15:31 - [TEST_STEP][PASSED] - callTestCase: Call Test Case 'Test Cases/Mes rapports/Mes rapports - SELECTION/Verify if checkbox is unchecked/TC 10 Deselect all checkbox' successfully

2018-08-21 10:15:31 - [TEST_CASE][PASSED] - Test Cases/Mes rapports/Mes rapports - SELECTION/Verify if checkbox is unchecked/TC 10 Deselect all checkbox: Test Cases/Mes rapports/Mes rapports - SELECTION/Verify if checkbox is unchecked/TC 10 Deselect all checkbox

2018-08-21 10:15:31 - [TEST_STEP][PASSED] - callTestCase: Call Test Case 'Test Cases/Mes rapports/Mes rapports - SELECTION/Verify if checkbox is unchecked/TC 1 Verify Contrats actifs checkbox  is un-checked' successfully

2018-08-21 10:15:31 - [TEST_CASE][PASSED] - Test Cases/Mes rapports/Mes rapports - SELECTION/Verify if checkbox is unchecked/TC 1 Verify Contrats actifs checkbox  is un-checked: Test Cases/Mes rapports/Mes rapports - SELECTION/Verify if checkbox is unchecked/TC 1 Verify Contrats actifs checkbox  is un-checked

2018-08-21 10:15:31 - [TEST_STEP][PASSED] - uncheck: Object 'Object Repository/Mes rapports Obj/SELECTION/Contrats actifs checkBox' is un-checked

2018-08-21 10:15:32 - [MESSAGE][PASSED] - Object 'Object Repository/Mes rapports Obj/SELECTION/Contrats actifs checkBox' is un-checked

2018-08-21 10:15:32 - [MESSAGE][PASSED] - Call Test Case 'Test Cases/Mes rapports/Mes rapports - SELECTION/Verify if checkbox is unchecked/TC 1 Verify Contrats actifs checkbox  is un-checked' successfully

2018-08-21 10:15:32 - [TEST_STEP][PASSED] - callTestCase: Call Test Case 'Test Cases/Mes rapports/Mes rapports - SELECTION/Verify if checkbox is unchecked/TC 2 VErify Dossier and Groupe checkBox  is un-checked' successfully

2018-08-21 10:15:32 - [TEST_CASE][PASSED] - Test Cases/Mes rapports/Mes rapports - SELECTION/Verify if checkbox is unchecked/TC 2 VErify Dossier and Groupe checkBox  is un-checked: Test Cases/Mes rapports/Mes rapports - SELECTION/Verify if checkbox is unchecked/TC 2 VErify Dossier and Groupe checkBox  is un-checked

2018-08-21 10:15:32 - [TEST_STEP][PASSED] - uncheck: Object 'Object Repository/Mes rapports Obj/SELECTION/Dossier and Groupe checkbox' is un-checked

2018-08-21 10:15:32 - [MESSAGE][PASSED] - Object 'Object Repository/Mes rapports Obj/SELECTION/Dossier and Groupe checkbox' is un-checked

2018-08-21 10:15:32 - [MESSAGE][PASSED] - Call Test Case 'Test Cases/Mes rapports/Mes rapports - SELECTION/Verify if checkbox is unchecked/TC 2 VErify Dossier and Groupe checkBox  is un-checked' successfully

2018-08-21 10:15:32 - [TEST_STEP][PASSED] - callTestCase: Call Test Case 'Test Cases/Mes rapports/Mes rapports - SELECTION/Verify if checkbox is unchecked/TC 3 Verify Travailleur checkBox  is un-checked' successfully

2018-08-21 10:15:32 - [TEST_CASE][PASSED] - Test Cases/Mes rapports/Mes rapports - SELECTION/Verify if checkbox is unchecked/TC 3 Verify Travailleur checkBox  is un-checked: Test Cases/Mes rapports/Mes rapports - SELECTION/Verify if checkbox is unchecked/TC 3 Verify Travailleur checkBox  is un-checked

2018-08-21 10:15:32 - [TEST_STEP][PASSED] - uncheck: Object 'Object Repository/Mes rapports Obj/SELECTION/Travailleur checkbox' is un-checked

2018-08-21 10:15:32 - [MESSAGE][PASSED] - Object 'Object Repository/Mes rapports Obj/SELECTION/Travailleur checkbox' is un-checked

2018-08-21 10:15:32 - [MESSAGE][PASSED] - Call Test Case 'Test Cases/Mes rapports/Mes rapports - SELECTION/Verify if checkbox is unchecked/TC 3 Verify Travailleur checkBox  is un-checked' successfully

2018-08-21 10:15:32 - [TEST_STEP][PASSED] - callTestCase: Call Test Case 'Test Cases/Mes rapports/Mes rapports - SELECTION/Verify if checkbox is unchecked/TC 4 Verify Departement checkBox  is un-checked' successfully

2018-08-21 10:15:32 - [TEST_CASE][PASSED] - Test Cases/Mes rapports/Mes rapports - SELECTION/Verify if checkbox is unchecked/TC 4 Verify Departement checkBox  is un-checked: Test Cases/Mes rapports/Mes rapports - SELECTION/Verify if checkbox is unchecked/TC 4 Verify Departement checkBox  is un-checked

2018-08-21 10:15:32 - [TEST_STEP][PASSED] - uncheck: Object 'Object Repository/Mes rapports Obj/SELECTION/Departement checkbox' is un-checked

2018-08-21 10:15:32 - [MESSAGE][PASSED] - Object 'Object Repository/Mes rapports Obj/SELECTION/Departement checkbox' is un-checked

2018-08-21 10:15:32 - [MESSAGE][PASSED] - Call Test Case 'Test Cases/Mes rapports/Mes rapports - SELECTION/Verify if checkbox is unchecked/TC 4 Verify Departement checkBox  is un-checked' successfully

2018-08-21 10:15:32 - [TEST_STEP][PASSED] - callTestCase: Call Test Case 'Test Cases/Mes rapports/Mes rapports - SELECTION/Verify if checkbox is unchecked/TC 5 Verify Caractere juridique du contract checBox  is un-checked' successfully

2018-08-21 10:15:32 - [TEST_CASE][PASSED] - Test Cases/Mes rapports/Mes rapports - SELECTION/Verify if checkbox is unchecked/TC 5 Verify Caractere juridique du contract checBox  is un-checked: Test Cases/Mes rapports/Mes rapports - SELECTION/Verify if checkbox is unchecked/TC 5 Verify Caractere juridique du contract checBox  is un-checked

2018-08-21 10:15:32 - [TEST_STEP][PASSED] - uncheck: Object 'Object Repository/Mes rapports Obj/SELECTION/Caractere juridique de contrat' is un-checked

2018-08-21 10:15:32 - [MESSAGE][PASSED] - Object 'Object Repository/Mes rapports Obj/SELECTION/Caractere juridique de contrat' is un-checked

2018-08-21 10:15:32 - [MESSAGE][PASSED] - Call Test Case 'Test Cases/Mes rapports/Mes rapports - SELECTION/Verify if checkbox is unchecked/TC 5 Verify Caractere juridique du contract checBox  is un-checked' successfully

2018-08-21 10:15:32 - [TEST_STEP][PASSED] - callTestCase: Call Test Case 'Test Cases/Mes rapports/Mes rapports - SELECTION/Verify if checkbox is unchecked/TC 6 Verify Pays de naissance checkBox  is un-checked' successfully

2018-08-21 10:15:32 - [TEST_CASE][PASSED] - Test Cases/Mes rapports/Mes rapports - SELECTION/Verify if checkbox is unchecked/TC 6 Verify Pays de naissance checkBox  is un-checked: Test Cases/Mes rapports/Mes rapports - SELECTION/Verify if checkbox is unchecked/TC 6 Verify Pays de naissance checkBox  is un-checked

2018-08-21 10:15:32 - [TEST_STEP][PASSED] - uncheck: Object 'Object Repository/Mes rapports Obj/SELECTION/Pays de naisssance checkbox' is un-checked

2018-08-21 10:15:32 - [MESSAGE][PASSED] - Object 'Object Repository/Mes rapports Obj/SELECTION/Pays de naisssance checkbox' is un-checked

2018-08-21 10:15:32 - [MESSAGE][PASSED] - Call Test Case 'Test Cases/Mes rapports/Mes rapports - SELECTION/Verify if checkbox is unchecked/TC 6 Verify Pays de naissance checkBox  is un-checked' successfully

2018-08-21 10:15:32 - [TEST_STEP][PASSED] - callTestCase: Call Test Case 'Test Cases/Mes rapports/Mes rapports - SELECTION/Verify if checkbox is unchecked/TC 7 Verify Sexe checkBox  is un-checked' successfully

2018-08-21 10:15:32 - [TEST_CASE][PASSED] - Test Cases/Mes rapports/Mes rapports - SELECTION/Verify if checkbox is unchecked/TC 7 Verify Sexe checkBox  is un-checked: Test Cases/Mes rapports/Mes rapports - SELECTION/Verify if checkbox is unchecked/TC 7 Verify Sexe checkBox  is un-checked

2018-08-21 10:15:32 - [TEST_STEP][PASSED] - uncheck: Object 'Object Repository/Mes rapports Obj/SELECTION/Sexe checkbox' is un-checked

2018-08-21 10:15:32 - [MESSAGE][PASSED] - Object 'Object Repository/Mes rapports Obj/SELECTION/Sexe checkbox' is un-checked

2018-08-21 10:15:32 - [MESSAGE][PASSED] - Call Test Case 'Test Cases/Mes rapports/Mes rapports - SELECTION/Verify if checkbox is unchecked/TC 7 Verify Sexe checkBox  is un-checked' successfully

2018-08-21 10:15:32 - [TEST_STEP][PASSED] - callTestCase: Call Test Case 'Test Cases/Mes rapports/Mes rapports - SELECTION/Verify if checkbox is unchecked/TC 8 Verify Mode de remuneration checkBox  is un-checked' successfully

2018-08-21 10:15:33 - [TEST_CASE][PASSED] - Test Cases/Mes rapports/Mes rapports - SELECTION/Verify if checkbox is unchecked/TC 8 Verify Mode de remuneration checkBox  is un-checked: Test Cases/Mes rapports/Mes rapports - SELECTION/Verify if checkbox is unchecked/TC 8 Verify Mode de remuneration checkBox  is un-checked

2018-08-21 10:15:33 - [TEST_STEP][PASSED] - uncheck: Object 'Object Repository/Mes rapports Obj/SELECTION/Mode de remuneration checkbox' is un-checked

2018-08-21 10:15:33 - [MESSAGE][PASSED] - Object 'Object Repository/Mes rapports Obj/SELECTION/Mode de remuneration checkbox' is un-checked

2018-08-21 10:15:33 - [MESSAGE][PASSED] - Call Test Case 'Test Cases/Mes rapports/Mes rapports - SELECTION/Verify if checkbox is unchecked/TC 8 Verify Mode de remuneration checkBox  is un-checked' successfully

2018-08-21 10:15:33 - [TEST_STEP][PASSED] - callTestCase: Call Test Case 'Test Cases/Mes rapports/Mes rapports - SELECTION/Verify if checkbox is unchecked/TC 9 Verify Suspension checkBox  is un-checked' successfully

2018-08-21 10:15:33 - [TEST_CASE][PASSED] - Test Cases/Mes rapports/Mes rapports - SELECTION/Verify if checkbox is unchecked/TC 9 Verify Suspension checkBox  is un-checked: Test Cases/Mes rapports/Mes rapports - SELECTION/Verify if checkbox is unchecked/TC 9 Verify Suspension checkBox  is un-checked

2018-08-21 10:15:33 - [TEST_STEP][PASSED] - uncheck: Object 'Object Repository/Mes rapports Obj/SELECTION/Suspension checkbox' is un-checked

2018-08-21 10:15:33 - [MESSAGE][PASSED] - Object 'Object Repository/Mes rapports Obj/SELECTION/Suspension checkbox' is un-checked

2018-08-21 10:15:33 - [MESSAGE][PASSED] - Call Test Case 'Test Cases/Mes rapports/Mes rapports - SELECTION/Verify if checkbox is unchecked/TC 9 Verify Suspension checkBox  is un-checked' successfully

2018-08-21 10:15:33 - [MESSAGE][PASSED] - Call Test Case 'Test Cases/Mes rapports/Mes rapports - SELECTION/Verify if checkbox is unchecked/TC 10 Deselect all checkbox' successfully

2018-08-21 10:15:33 - [TEST_STEP][PASSED] - callTestCase: Call Test Case 'Test Cases/Mes rapports/TC Verify the next button arrow' successfully

2018-08-21 10:15:33 - [TEST_CASE][PASSED] - Test Cases/Mes rapports/TC Verify the next button arrow: Test Cases/Mes rapports/TC Verify the next button arrow

2018-08-21 10:15:33 - [TEST_STEP][PASSED] - waitForElementClickable: Object 'Object Repository/Mes rapports Obj/button_Next_Arrow' is clickable

2018-08-21 10:15:33 - [MESSAGE][PASSED] - Object 'Object Repository/Mes rapports Obj/button_Next_Arrow' is clickable

2018-08-21 10:15:33 - [TEST_STEP][PASSED] - click: Object: 'Object Repository/Mes rapports Obj/button_Next_Arrow' is clicked on

2018-08-21 10:15:33 - [MESSAGE][PASSED] - Object: 'Object Repository/Mes rapports Obj/button_Next_Arrow' is clicked on

2018-08-21 10:15:33 - [TEST_STEP][PASSED] - delay: Delayed 5 second(s)

2018-08-21 10:15:38 - [MESSAGE][PASSED] - Delayed 5 second(s)

2018-08-21 10:15:38 - [MESSAGE][PASSED] - Call Test Case 'Test Cases/Mes rapports/TC Verify the next button arrow' successfully

2018-08-21 10:15:38 - [TEST_STEP][PASSED] - waitForPageLoad: Wait for page load successfully

2018-08-21 10:15:38 - [MESSAGE][PASSED] - Wait for page load successfully

2018-08-21 10:15:38 - [TEST_STEP][PASSED] - click: Object: 'Object Repository/Mes rapports Obj/EXECUTION/Button executer' is clicked on

2018-08-21 10:15:38 - [MESSAGE][PASSED] - Object: 'Object Repository/Mes rapports Obj/EXECUTION/Button executer' is clicked on

2018-08-21 10:15:38 - [TEST_STEP][PASSED] - verifyElementPresent: Object 'Object Repository/Mes rapports Obj/SELECTION/Active Contrat/exclamation icon' is present

2018-08-21 10:15:38 - [MESSAGE][PASSED] - Object 'Object Repository/Mes rapports Obj/SELECTION/Active Contrat/exclamation icon' is present

2018-08-21 10:15:38 - [TEST_STEP][PASSED] - click: Object: 'Object Repository/Mes rapports Obj/EXECUTION/Annuler button' is clicked on

2018-08-21 10:15:38 - [MESSAGE][PASSED] - Object: 'Object Repository/Mes rapports Obj/EXECUTION/Annuler button' is clicked on

2018-08-21 10:15:38 - [TEST_STEP][PASSED] - click: Object: 'Object Repository/Page_mysdworx - Aanmelden/Terugkeren' is clicked on

2018-08-21 10:15:38 - [MESSAGE][PASSED] - Object: 'Object Repository/Page_mysdworx - Aanmelden/Terugkeren' is clicked on

2018-08-21 10:15:38 - [TEST_STEP][FAILED] - click: Unable to click on object 'Object Repository/Mes rapports Obj/EXECUTION/Annuler button' (Root cause: org.openqa.selenium.WebDriverException: unknown error: Element <button ng-click="navvm.gaNaarLijstZonderFormBehaviour()" class="btn btn-default navbar-btn ">...</button> is not clickable at point (1543, 80). Other element would receive the click: <div tabindex="-1" class="modal fade  ng-animate in-add in-add-active in-remove in-remove-active" ng-class="{in: animate}" ng-style="{'z-index': 1050 + index*10, display: 'block'}" ng-click="close($event)" modal-window="" index="0" animate="animate" style="z-index: 1050; display: block;" data-ng-animate="2">...</div>
  (Session info: chrome=68.0.3440.106)
  (Driver info: chromedriver=2.35.528161 (5b82f2d2aae0ca24b877009200ced9065a772e73),platform=Windows NT 10.0.16299 x86_64) (WARNING: The server did not provide any stacktrace information)
Command duration or timeout: 0 milliseconds
Build info: version: '3.7.1', revision: '8a0099a', time: '2017-11-06T21:07:36.161Z'
System info: host: '5CG7062KWD', ip: '10.136.82.137', os.name: 'Windows 10', os.arch: 'amd64', os.version: '10.0', java.version: '1.8.0_181'
Driver info: com.kms.katalon.selenium.driver.CChromeDriver
Capabilities {acceptInsecureCerts: false, acceptSslCerts: false, applicationCacheEnabled: false, browserConnectionEnabled: false, browserName: chrome, chrome: {chromedriverVersion: 2.35.528161 (5b82f2d2aae0ca..., userDataDir: C:\Users\SEEBOR~1\AppData\L...}, cssSelectorsEnabled: true, databaseEnabled: false, handlesAlerts: true, hasTouchScreen: false, javascriptEnabled: true, locationContextEnabled: true, mobileEmulationEnabled: false, nativeEvents: true, networkConnectionEnabled: false, pageLoadStrategy: normal, platform: XP, platformName: XP, rotatable: false, setWindowRect: true, takesHeapSnapshot: true, takesScreenshot: true, unexpectedAlertBehaviour: , unhandledPromptBehavior: , version: 68.0.3440.106, webStorageEnabled: true}
Session ID: 93d1bafbd1bdf097895214b15fa3f4e5)

2018-08-21 10:15:39 - [MESSAGE][FAILED] - Unable to click on object 'Object Repository/Mes rapports Obj/EXECUTION/Annuler button' (Root cause: org.openqa.selenium.WebDriverException: unknown error: Element <button ng-click="navvm.gaNaarLijstZonderFormBehaviour()" class="btn btn-default navbar-btn ">...</button> is not clickable at point (1543, 80). Other element would receive the click: <div tabindex="-1" class="modal fade  ng-animate in-add in-add-active in-remove in-remove-active" ng-class="{in: animate}" ng-style="{'z-index': 1050 + index*10, display: 'block'}" ng-click="close($event)" modal-window="" index="0" animate="animate" style="z-index: 1050; display: block;" data-ng-animate="2">...</div>
  (Session info: chrome=68.0.3440.106)
  (Driver info: chromedriver=2.35.528161 (5b82f2d2aae0ca24b877009200ced9065a772e73),platform=Windows NT 10.0.16299 x86_64) (WARNING: The server did not provide any stacktrace information)
Command duration or timeout: 0 milliseconds
Build info: version: '3.7.1', revision: '8a0099a', time: '2017-11-06T21:07:36.161Z'
System info: host: '5CG7062KWD', ip: '10.136.82.137', os.name: 'Windows 10', os.arch: 'amd64', os.version: '10.0', java.version: '1.8.0_181'
Driver info: com.kms.katalon.selenium.driver.CChromeDriver
Capabilities {acceptInsecureCerts: false, acceptSslCerts: false, applicationCacheEnabled: false, browserConnectionEnabled: false, browserName: chrome, chrome: {chromedriverVersion: 2.35.528161 (5b82f2d2aae0ca..., userDataDir: C:\Users\SEEBOR~1\AppData\L...}, cssSelectorsEnabled: true, databaseEnabled: false, handlesAlerts: true, hasTouchScreen: false, javascriptEnabled: true, locationContextEnabled: true, mobileEmulationEnabled: false, nativeEvents: true, networkConnectionEnabled: false, pageLoadStrategy: normal, platform: XP, platformName: XP, rotatable: false, setWindowRect: true, takesHeapSnapshot: true, takesScreenshot: true, unexpectedAlertBehaviour: , unhandledPromptBehavior: , version: 68.0.3440.106, webStorageEnabled: true}
Session ID: 93d1bafbd1bdf097895214b15fa3f4e5)
[[ATTACHMENT|C:\\Users\\seeboruts\\OneDrive - SD Worx\\Desktop\\Katalon_eBlox_Reporting\\Reports\\testing\\New Test Suite\\20180821_095745\\1534832138785.png]]]]></system-out>
         <system-err><![CDATA[2018-08-21 10:14:14 - [TEST_CASE][FAILED] - Test Cases/New Folder/TC3 VALIDATION: Test Cases/New Folder/TC3 VALIDATION FAILED because (of) Unable to click on object 'Object Repository/Mes rapports Obj/EXECUTION/Annuler button' (Root cause: org.openqa.selenium.WebDriverException: unknown error: Element <button ng-click="navvm.gaNaarLijstZonderFormBehaviour()" class="btn btn-default navbar-btn ">...</button> is not clickable at point (1543, 80). Other element would receive the click: <div tabindex="-1" class="modal fade  ng-animate in-add in-add-active in-remove in-remove-active" ng-class="{in: animate}" ng-style="{'z-index': 1050 + index*10, display: 'block'}" ng-click="close($event)" modal-window="" index="0" animate="animate" style="z-index: 1050; display: block;" data-ng-animate="2">...</div>
  (Session info: chrome=68.0.3440.106)
  (Driver info: chromedriver=2.35.528161 (5b82f2d2aae0ca24b877009200ced9065a772e73),platform=Windows NT 10.0.16299 x86_64) (WARNING: The server did not provide any stacktrace information)
Command duration or timeout: 0 milliseconds
Build info: version: '3.7.1', revision: '8a0099a', time: '2017-11-06T21:07:36.161Z'
System info: host: '5CG7062KWD', ip: '10.136.82.137', os.name: 'Windows 10', os.arch: 'amd64', os.version: '10.0', java.version: '1.8.0_181'
Driver info: com.kms.katalon.selenium.driver.CChromeDriver
Capabilities {acceptInsecureCerts: false, acceptSslCerts: false, applicationCacheEnabled: false, browserConnectionEnabled: false, browserName: chrome, chrome: {chromedriverVersion: 2.35.528161 (5b82f2d2aae0ca..., userDataDir: C:\Users\SEEBOR~1\AppData\L...}, cssSelectorsEnabled: true, databaseEnabled: false, handlesAlerts: true, hasTouchScreen: false, javascriptEnabled: true, locationContextEnabled: true, mobileEmulationEnabled: false, nativeEvents: true, networkConnectionEnabled: false, pageLoadStrategy: normal, platform: XP, platformName: XP, rotatable: false, setWindowRect: true, takesHeapSnapshot: true, takesScreenshot: true, unexpectedAlertBehaviour: , unhandledPromptBehavior: , version: 68.0.3440.106, webStorageEnabled: true}
Session ID: 93d1bafbd1bdf097895214b15fa3f4e5)]]></system-err>
      </testcase>
      <testcase name="Test Cases/New Folder/TC4 BASED ON MY REPORTS" classname="Test Cases/New Folder/TC4 BASED ON MY REPORTS" status="PASSED">
         <system-out><![CDATA[2018-08-21 10:15:39 - [TEST_CASE][PASSED] - Test Cases/New Folder/TC4 BASED ON MY REPORTS: Test Cases/New Folder/TC4 BASED ON MY REPORTS

2018-08-21 10:15:39 - [TEST_STEP][PASSED] - callTestCase: Call Test Case 'Test Cases/Login/TC1 Login to Mysdworx' successfully

2018-08-21 10:15:39 - [TEST_CASE][PASSED] - Test Cases/Login/TC1 Login to Mysdworx: Test Cases/Login/TC1 Login to Mysdworx

2018-08-21 10:15:39 - [TEST_STEP][PASSED] - openBrowser: Browser is opened with url: ''

2018-08-21 10:15:39 - [MESSAGE][WARNING] - A browser is already opened. Closing browser and opening a new one

2018-08-21 10:15:41 - [MESSAGE][PASSED] - Browser is opened with url: ''

2018-08-21 10:15:41 - [TEST_STEP][PASSED] - navigateToUrl: Navigate to 'https://internet.acc.sd.dika.be/ebloxreporting/web.sensitive/main/?lang=fr' successfully

2018-08-21 10:15:46 - [MESSAGE][PASSED] - Navigate to 'https://internet.acc.sd.dika.be/ebloxreporting/web.sensitive/main/?lang=fr' successfully

2018-08-21 10:15:46 - [TEST_STEP][PASSED] - maximizeWindow: Current window maximized

2018-08-21 10:15:48 - [MESSAGE][PASSED] - Current window maximized

2018-08-21 10:15:48 - [TEST_STEP][PASSED] - setText: Text 'DP_EBLOX_RPP_VASCO' is set on object 'Object Repository/Page_mysdworx - Log in/input_Username'

2018-08-21 10:15:51 - [MESSAGE][PASSED] - Text 'DP_EBLOX_RPP_VASCO' is set on object 'Object Repository/Page_mysdworx - Log in/input_Username'

2018-08-21 10:15:51 - [TEST_STEP][PASSED] - Statement - frame = new javax.swing.JFrame(User Input Frame): null

2018-08-21 10:15:51 - [TEST_STEP][PASSED] - Statement - frame.requestFocus(): null

2018-08-21 10:15:51 - [TEST_STEP][PASSED] - Statement - pass = javax.swing.JOptionPane.showInputDialog(frame, "Enter the password from token!!"): null

2018-08-21 10:15:55 - [TEST_STEP][PASSED] - delay: Delayed 2 second(s)

2018-08-21 10:15:57 - [MESSAGE][PASSED] - Delayed 2 second(s)

2018-08-21 10:15:57 - [TEST_STEP][PASSED] - setText: Text '730568' is set on object 'Object Repository/Page_mysdworx - Log in/input_Password'

2018-08-21 10:15:57 - [MESSAGE][PASSED] - Text '730568' is set on object 'Object Repository/Page_mysdworx - Log in/input_Password'

2018-08-21 10:15:57 - [TEST_STEP][PASSED] - click: Object: 'Object Repository/Page_mysdworx - Log in/button_Se connecter' is clicked on

2018-08-21 10:15:57 - [MESSAGE][PASSED] - Object: 'Object Repository/Page_mysdworx - Log in/button_Se connecter' is clicked on

2018-08-21 10:15:57 - [TEST_STEP][PASSED] - waitForPageLoad: Wait for page load successfully

2018-08-21 10:15:57 - [MESSAGE][PASSED] - Wait for page load successfully

2018-08-21 10:15:57 - [TEST_STEP][NOT_RUN] - closeBrowser: NOT_RUN: closeBrowser

2018-08-21 10:15:57 - [MESSAGE][NOT_RUN] - NOT_RUN: closeBrowser

2018-08-21 10:15:57 - [MESSAGE][PASSED] - Call Test Case 'Test Cases/Login/TC1 Login to Mysdworx' successfully

2018-08-21 10:15:57 - [TEST_STEP][PASSED] - waitForPageLoad: Wait for page load successfully

2018-08-21 10:15:57 - [MESSAGE][PASSED] - Wait for page load successfully

2018-08-21 10:15:57 - [TEST_STEP][PASSED] - callTestCase: Call Test Case 'Test Cases/Select Language/TC1 Verify NL language' successfully

2018-08-21 10:15:57 - [TEST_CASE][PASSED] - Test Cases/Select Language/TC1 Verify NL language: Test Cases/Select Language/TC1 Verify NL language

2018-08-21 10:15:57 - [TEST_STEP][PASSED] - waitForElementClickable: Object 'Object Repository/Change language link Obj/NL_language' is clickable

2018-08-21 10:16:18 - [MESSAGE][PASSED] - Object 'Object Repository/Change language link Obj/NL_language' is clickable

2018-08-21 10:16:18 - [TEST_STEP][PASSED] - click: Object: 'Object Repository/Change language link Obj/NL_language' is clicked on

2018-08-21 10:16:23 - [MESSAGE][PASSED] - Object: 'Object Repository/Change language link Obj/NL_language' is clicked on

2018-08-21 10:16:23 - [TEST_STEP][PASSED] - waitForPageLoad: Wait for page load successfully

2018-08-21 10:16:23 - [MESSAGE][PASSED] - Wait for page load successfully

2018-08-21 10:16:23 - [MESSAGE][PASSED] - Call Test Case 'Test Cases/Select Language/TC1 Verify NL language' successfully

2018-08-21 10:16:23 - [TEST_STEP][PASSED] - waitForPageLoad: Wait for page load successfully

2018-08-21 10:16:23 - [MESSAGE][PASSED] - Wait for page load successfully

2018-08-21 10:16:23 - [TEST_STEP][PASSED] - callTestCase: Call Test Case 'Test Cases/Mes rapports/Verify Nouveau rapport button' successfully

2018-08-21 10:16:24 - [TEST_CASE][PASSED] - Test Cases/Mes rapports/Verify Nouveau rapport button: Test Cases/Mes rapports/Verify Nouveau rapport button

2018-08-21 10:16:24 - [TEST_STEP][PASSED] - click: Object: 'Object Repository/Mes rapports Obj/button_Nouveau rapport' is clicked on

2018-08-21 10:16:26 - [MESSAGE][PASSED] - Object: 'Object Repository/Mes rapports Obj/button_Nouveau rapport' is clicked on

2018-08-21 10:16:26 - [TEST_STEP][PASSED] - waitForPageLoad: Wait for page load successfully

2018-08-21 10:16:26 - [MESSAGE][PASSED] - Wait for page load successfully

2018-08-21 10:16:26 - [MESSAGE][PASSED] - Call Test Case 'Test Cases/Mes rapports/Verify Nouveau rapport button' successfully

2018-08-21 10:16:26 - [TEST_STEP][PASSED] - callTestCase: Call Test Case 'Test Cases/Mes rapports/Mes rapports - BASE DE RAPPORT/TC2  Verify radio button Baser sur un rapport issu de Mes rapports' successfully

2018-08-21 10:16:26 - [TEST_CASE][PASSED] - Test Cases/Mes rapports/Mes rapports - BASE DE RAPPORT/TC2  Verify radio button Baser sur un rapport issu de Mes rapports: Test Cases/Mes rapports/Mes rapports - BASE DE RAPPORT/TC2  Verify radio button Baser sur un rapport issu de Mes rapports

2018-08-21 10:16:27 - [TEST_STEP][PASSED] - click: Object: 'Object Repository/Mes rapports Obj/BASE DE RAPPORT/radioButton_Baser sur un rapport issu de Mes rapports' is clicked on

2018-08-21 10:16:27 - [MESSAGE][PASSED] - Object: 'Object Repository/Mes rapports Obj/BASE DE RAPPORT/radioButton_Baser sur un rapport issu de Mes rapports' is clicked on

2018-08-21 10:16:27 - [MESSAGE][PASSED] - Call Test Case 'Test Cases/Mes rapports/Mes rapports - BASE DE RAPPORT/TC2  Verify radio button Baser sur un rapport issu de Mes rapports' successfully

2018-08-21 10:16:27 - [TEST_STEP][PASSED] - click: Object: 'Object Repository/Mes rapports Obj/BASE DE RAPPORT/Baser sur un rapport issu de mes rapport dropdown' is clicked on

2018-08-21 10:16:27 - [MESSAGE][PASSED] - Object: 'Object Repository/Mes rapports Obj/BASE DE RAPPORT/Baser sur un rapport issu de mes rapport dropdown' is clicked on

2018-08-21 10:16:27 - [TEST_STEP][PASSED] - setText: Text 'TEST 2 MAU JAN 2018 (SANJIV)' is set on object 'Object Repository/Mes rapports Obj/BASE DE RAPPORT/Mes rapport input'

2018-08-21 10:16:28 - [MESSAGE][PASSED] - Text 'TEST 2 MAU JAN 2018 (SANJIV)' is set on object 'Object Repository/Mes rapports Obj/BASE DE RAPPORT/Mes rapport input'

2018-08-21 10:16:28 - [TEST_STEP][PASSED] - sendKeys: Keys 'ENTER + ' sent to object: 'Object Repository/Mes rapports Obj/BASE DE RAPPORT/Mes rapport input'

2018-08-21 10:16:28 - [MESSAGE][PASSED] - Keys 'ENTER + ' sent to object: 'Object Repository/Mes rapports Obj/BASE DE RAPPORT/Mes rapport input'

2018-08-21 10:16:28 - [TEST_STEP][PASSED] - callTestCase: Call Test Case 'Test Cases/Mes rapports/TC Verify the next button arrow' successfully

2018-08-21 10:16:28 - [TEST_CASE][PASSED] - Test Cases/Mes rapports/TC Verify the next button arrow: Test Cases/Mes rapports/TC Verify the next button arrow

2018-08-21 10:16:28 - [TEST_STEP][PASSED] - waitForElementClickable: Object 'Object Repository/Mes rapports Obj/button_Next_Arrow' is clickable

2018-08-21 10:16:28 - [MESSAGE][PASSED] - Object 'Object Repository/Mes rapports Obj/button_Next_Arrow' is clickable

2018-08-21 10:16:28 - [TEST_STEP][PASSED] - click: Object: 'Object Repository/Mes rapports Obj/button_Next_Arrow' is clicked on

2018-08-21 10:16:28 - [MESSAGE][PASSED] - Object: 'Object Repository/Mes rapports Obj/button_Next_Arrow' is clicked on

2018-08-21 10:16:28 - [TEST_STEP][PASSED] - delay: Delayed 5 second(s)

2018-08-21 10:16:33 - [MESSAGE][PASSED] - Delayed 5 second(s)

2018-08-21 10:16:33 - [MESSAGE][PASSED] - Call Test Case 'Test Cases/Mes rapports/TC Verify the next button arrow' successfully

2018-08-21 10:16:33 - [TEST_STEP][PASSED] - click: Object: 'Object Repository/Mes rapports Obj/CONTENU/Click on contenu' is clicked on

2018-08-21 10:16:33 - [MESSAGE][PASSED] - Object: 'Object Repository/Mes rapports Obj/CONTENU/Click on contenu' is clicked on

2018-08-21 10:16:33 - [TEST_STEP][PASSED] - click: Object: 'Object Repository/Mes rapports Obj/CONTENU/delete' is clicked on

2018-08-21 10:16:34 - [MESSAGE][PASSED] - Object: 'Object Repository/Mes rapports Obj/CONTENU/delete' is clicked on

2018-08-21 10:16:34 - [TEST_STEP][PASSED] - callTestCase: Call Test Case 'Test Cases/Verify URL/TC Verify Url' successfully

2018-08-21 10:16:34 - [TEST_CASE][PASSED] - Test Cases/Verify URL/TC Verify Url: Test Cases/Verify URL/TC Verify Url

2018-08-21 10:16:34 - [TEST_STEP][PASSED] - waitForPageLoad: Wait for page load successfully

2018-08-21 10:16:34 - [MESSAGE][PASSED] - Wait for page load successfully

2018-08-21 10:16:34 - [TEST_STEP][PASSED] - Statement - url = com.kms.katalon.core.webui.keyword.WebUiBuiltInKeywords.getUrl(): Current window's url is: 'https://internet.acc.sd.dika.be/ebloxreporting/web.sensitive/main/FpyDF/iIz9g8MffKNXfNyb1H/NL/#/definitie/wizard/extern/index/28144/inhoud/322954/1'

2018-08-21 10:16:34 - [MESSAGE][PASSED] - Current window's url is: 'https://internet.acc.sd.dika.be/ebloxreporting/web.sensitive/main/FpyDF/iIz9g8MffKNXfNyb1H/NL/#/definitie/wizard/extern/index/28144/inhoud/322954/1'

2018-08-21 10:16:34 - [TEST_STEP][PASSED] - Statement - p = java.util.regex.Pattern.compile("00040 ANTILOPE GROEP"): null

2018-08-21 10:16:34 - [TEST_STEP][PASSED] - Statement - m = p.matcher(url): null

2018-08-21 10:16:34 - [TEST_STEP][PASSED] - Statement - If (m.find()): null

2018-08-21 10:16:34 - [TEST_STEP][PASSED] - Statement - Else: The user name and the concern number are not present in the URL

2018-08-21 10:16:34 - [TEST_STEP][PASSED] - Statement - com.kms.katalon.core.util.KeywordUtil.markPassed("The user name and the concern number are not present in the URL"): The user name and the concern number are not present in the URL

2018-08-21 10:16:34 - [MESSAGE][PASSED] - The user name and the concern number are not present in the URL

2018-08-21 10:16:34 - [MESSAGE][PASSED] - Call Test Case 'Test Cases/Verify URL/TC Verify Url' successfully

2018-08-21 10:16:34 - [TEST_STEP][PASSED] - callTestCase: Call Test Case 'Test Cases/Mes rapports/TC Verify the next button arrow' successfully

2018-08-21 10:16:34 - [TEST_CASE][PASSED] - Test Cases/Mes rapports/TC Verify the next button arrow: Test Cases/Mes rapports/TC Verify the next button arrow

2018-08-21 10:16:34 - [TEST_STEP][PASSED] - waitForElementClickable: Object 'Object Repository/Mes rapports Obj/button_Next_Arrow' is clickable

2018-08-21 10:16:34 - [MESSAGE][PASSED] - Object 'Object Repository/Mes rapports Obj/button_Next_Arrow' is clickable

2018-08-21 10:16:34 - [TEST_STEP][PASSED] - click: Object: 'Object Repository/Mes rapports Obj/button_Next_Arrow' is clicked on

2018-08-21 10:16:34 - [MESSAGE][PASSED] - Object: 'Object Repository/Mes rapports Obj/button_Next_Arrow' is clicked on

2018-08-21 10:16:34 - [TEST_STEP][PASSED] - delay: Delayed 5 second(s)

2018-08-21 10:16:39 - [MESSAGE][PASSED] - Delayed 5 second(s)

2018-08-21 10:16:39 - [MESSAGE][PASSED] - Call Test Case 'Test Cases/Mes rapports/TC Verify the next button arrow' successfully

2018-08-21 10:16:39 - [TEST_STEP][PASSED] - waitForPageLoad: Wait for page load successfully

2018-08-21 10:16:39 - [MESSAGE][PASSED] - Wait for page load successfully

2018-08-21 10:16:39 - [TEST_STEP][PASSED] - callTestCase: Call Test Case 'Test Cases/Mes rapports/Mes rapports - SELECTION/Verify if checkbox is unchecked/TC 1 Verify Contrats actifs checkbox  is un-checked' successfully

2018-08-21 10:16:39 - [TEST_CASE][PASSED] - Test Cases/Mes rapports/Mes rapports - SELECTION/Verify if checkbox is unchecked/TC 1 Verify Contrats actifs checkbox  is un-checked: Test Cases/Mes rapports/Mes rapports - SELECTION/Verify if checkbox is unchecked/TC 1 Verify Contrats actifs checkbox  is un-checked

2018-08-21 10:16:39 - [TEST_STEP][PASSED] - uncheck: Object 'Object Repository/Mes rapports Obj/SELECTION/Contrats actifs checkBox' is un-checked

2018-08-21 10:16:39 - [MESSAGE][PASSED] - Object 'Object Repository/Mes rapports Obj/SELECTION/Contrats actifs checkBox' is un-checked

2018-08-21 10:16:39 - [MESSAGE][PASSED] - Call Test Case 'Test Cases/Mes rapports/Mes rapports - SELECTION/Verify if checkbox is unchecked/TC 1 Verify Contrats actifs checkbox  is un-checked' successfully

2018-08-21 10:16:39 - [TEST_STEP][PASSED] - callTestCase: Call Test Case 'Test Cases/Verify URL/TC Verify Url' successfully

2018-08-21 10:16:39 - [TEST_CASE][PASSED] - Test Cases/Verify URL/TC Verify Url: Test Cases/Verify URL/TC Verify Url

2018-08-21 10:16:39 - [TEST_STEP][PASSED] - waitForPageLoad: Wait for page load successfully

2018-08-21 10:16:39 - [MESSAGE][PASSED] - Wait for page load successfully

2018-08-21 10:16:39 - [TEST_STEP][PASSED] - Statement - url = com.kms.katalon.core.webui.keyword.WebUiBuiltInKeywords.getUrl(): Current window's url is: 'https://internet.acc.sd.dika.be/ebloxreporting/web.sensitive/main/FpyDF/iIz9g8MffKNXfNyb1H/NL/#/definitie/wizard/extern/index/28144/selectie'

2018-08-21 10:16:39 - [MESSAGE][PASSED] - Current window's url is: 'https://internet.acc.sd.dika.be/ebloxreporting/web.sensitive/main/FpyDF/iIz9g8MffKNXfNyb1H/NL/#/definitie/wizard/extern/index/28144/selectie'

2018-08-21 10:16:39 - [TEST_STEP][PASSED] - Statement - p = java.util.regex.Pattern.compile("00040 ANTILOPE GROEP"): null

2018-08-21 10:16:39 - [TEST_STEP][PASSED] - Statement - m = p.matcher(url): null

2018-08-21 10:16:39 - [TEST_STEP][PASSED] - Statement - If (m.find()): null

2018-08-21 10:16:39 - [TEST_STEP][PASSED] - Statement - Else: The user name and the concern number are not present in the URL

2018-08-21 10:16:39 - [TEST_STEP][PASSED] - Statement - com.kms.katalon.core.util.KeywordUtil.markPassed("The user name and the concern number are not present in the URL"): The user name and the concern number are not present in the URL

2018-08-21 10:16:39 - [MESSAGE][PASSED] - The user name and the concern number are not present in the URL

2018-08-21 10:16:39 - [MESSAGE][PASSED] - Call Test Case 'Test Cases/Verify URL/TC Verify Url' successfully

2018-08-21 10:16:39 - [TEST_STEP][PASSED] - callTestCase: Call Test Case 'Test Cases/Mes rapports/TC Verify the next button arrow' successfully

2018-08-21 10:16:40 - [TEST_CASE][PASSED] - Test Cases/Mes rapports/TC Verify the next button arrow: Test Cases/Mes rapports/TC Verify the next button arrow

2018-08-21 10:16:40 - [TEST_STEP][PASSED] - waitForElementClickable: Object 'Object Repository/Mes rapports Obj/button_Next_Arrow' is clickable

2018-08-21 10:16:40 - [MESSAGE][PASSED] - Object 'Object Repository/Mes rapports Obj/button_Next_Arrow' is clickable

2018-08-21 10:16:40 - [TEST_STEP][PASSED] - click: Object: 'Object Repository/Mes rapports Obj/button_Next_Arrow' is clicked on

2018-08-21 10:16:40 - [MESSAGE][PASSED] - Object: 'Object Repository/Mes rapports Obj/button_Next_Arrow' is clicked on

2018-08-21 10:16:40 - [TEST_STEP][PASSED] - delay: Delayed 5 second(s)

2018-08-21 10:16:45 - [MESSAGE][PASSED] - Delayed 5 second(s)

2018-08-21 10:16:45 - [MESSAGE][PASSED] - Call Test Case 'Test Cases/Mes rapports/TC Verify the next button arrow' successfully

2018-08-21 10:16:45 - [TEST_STEP][PASSED] - waitForPageLoad: Wait for page load successfully

2018-08-21 10:16:45 - [MESSAGE][PASSED] - Wait for page load successfully

2018-08-21 10:16:45 - [TEST_STEP][PASSED] - callTestCase: Call Test Case 'Test Cases/Verify URL/TC Verify Url' successfully

2018-08-21 10:16:45 - [TEST_CASE][PASSED] - Test Cases/Verify URL/TC Verify Url: Test Cases/Verify URL/TC Verify Url

2018-08-21 10:16:45 - [TEST_STEP][PASSED] - waitForPageLoad: Wait for page load successfully

2018-08-21 10:16:45 - [MESSAGE][PASSED] - Wait for page load successfully

2018-08-21 10:16:45 - [TEST_STEP][PASSED] - Statement - url = com.kms.katalon.core.webui.keyword.WebUiBuiltInKeywords.getUrl(): Current window's url is: 'https://internet.acc.sd.dika.be/ebloxreporting/web.sensitive/main/FpyDF/iIz9g8MffKNXfNyb1H/NL/#/definitie/wizard/extern/index/28144/uitvoering'

2018-08-21 10:16:45 - [MESSAGE][PASSED] - Current window's url is: 'https://internet.acc.sd.dika.be/ebloxreporting/web.sensitive/main/FpyDF/iIz9g8MffKNXfNyb1H/NL/#/definitie/wizard/extern/index/28144/uitvoering'

2018-08-21 10:16:45 - [TEST_STEP][PASSED] - Statement - p = java.util.regex.Pattern.compile("00040 ANTILOPE GROEP"): null

2018-08-21 10:16:45 - [TEST_STEP][PASSED] - Statement - m = p.matcher(url): null

2018-08-21 10:16:45 - [TEST_STEP][PASSED] - Statement - If (m.find()): null

2018-08-21 10:16:45 - [TEST_STEP][PASSED] - Statement - Else: The user name and the concern number are not present in the URL

2018-08-21 10:16:45 - [TEST_STEP][PASSED] - Statement - com.kms.katalon.core.util.KeywordUtil.markPassed("The user name and the concern number are not present in the URL"): The user name and the concern number are not present in the URL

2018-08-21 10:16:45 - [MESSAGE][PASSED] - The user name and the concern number are not present in the URL

2018-08-21 10:16:45 - [MESSAGE][PASSED] - Call Test Case 'Test Cases/Verify URL/TC Verify Url' successfully

2018-08-21 10:16:45 - [TEST_STEP][PASSED] - delay: Delayed 2 second(s)

2018-08-21 10:16:47 - [MESSAGE][PASSED] - Delayed 2 second(s)

2018-08-21 10:16:47 - [TEST_STEP][PASSED] - click: Object: 'Object Repository/Mes rapports Obj/EXECUTION/Description _Date de reference historique' is clicked on

2018-08-21 10:16:47 - [MESSAGE][PASSED] - Object: 'Object Repository/Mes rapports Obj/EXECUTION/Description _Date de reference historique' is clicked on

2018-08-21 10:16:47 - [TEST_STEP][PASSED] - delay: Delayed 2 second(s)

2018-08-21 10:16:49 - [MESSAGE][PASSED] - Delayed 2 second(s)

2018-08-21 10:16:49 - [TEST_STEP][PASSED] - click: Object: 'Object Repository/Mes rapports Obj/EXECUTION/Description_Date de reference historique - Dernier jour mois precedent' is clicked on

2018-08-21 10:16:49 - [MESSAGE][PASSED] - Object: 'Object Repository/Mes rapports Obj/EXECUTION/Description_Date de reference historique - Dernier jour mois precedent' is clicked on

2018-08-21 10:16:49 - [TEST_STEP][PASSED] - click: Object: 'Object Repository/Mes rapports Obj/EXECUTION/Exporter button' is clicked on

2018-08-21 10:16:49 - [MESSAGE][PASSED] - Object: 'Object Repository/Mes rapports Obj/EXECUTION/Exporter button' is clicked on

2018-08-21 10:16:49 - [TEST_STEP][PASSED] - waitForPageLoad: Wait for page load successfully

2018-08-21 10:16:49 - [MESSAGE][PASSED] - Wait for page load successfully

2018-08-21 10:16:49 - [TEST_STEP][PASSED] - closeBrowser: Browser is closed

2018-08-21 10:16:50 - [MESSAGE][PASSED] - Browser is closed]]></system-out>
         <system-err><![CDATA[]]></system-err>
      </testcase>
      <testcase name="Test Cases/New Folder/TC5 BASIC" classname="Test Cases/New Folder/TC5 BASIC" status="ERROR">
         <error type="ERROR" message="Test Cases/New Folder/TC5 BASIC FAILED because (of) Variable 'ConditionType' is not defined for test case."/>
         <system-out><![CDATA[2018-08-21 10:16:50 - [TEST_CASE][ERROR] - Test Cases/New Folder/TC5 BASIC: Test Cases/New Folder/TC5 BASIC FAILED because (of) Variable 'ConditionType' is not defined for test case.

2018-08-21 10:16:50 - [TEST_STEP][PASSED] - callTestCase: Call Test Case 'Test Cases/Login/TC1 Login to Mysdworx' successfully

2018-08-21 10:16:50 - [TEST_CASE][PASSED] - Test Cases/Login/TC1 Login to Mysdworx: Test Cases/Login/TC1 Login to Mysdworx

2018-08-21 10:16:50 - [TEST_STEP][PASSED] - openBrowser: Browser is opened with url: ''

2018-08-21 10:16:52 - [MESSAGE][PASSED] - Browser is opened with url: ''

2018-08-21 10:16:52 - [TEST_STEP][PASSED] - navigateToUrl: Navigate to 'https://internet.acc.sd.dika.be/ebloxreporting/web.sensitive/main/?lang=fr' successfully

2018-08-21 10:16:57 - [MESSAGE][PASSED] - Navigate to 'https://internet.acc.sd.dika.be/ebloxreporting/web.sensitive/main/?lang=fr' successfully

2018-08-21 10:16:57 - [TEST_STEP][PASSED] - maximizeWindow: Current window maximized

2018-08-21 10:16:58 - [MESSAGE][PASSED] - Current window maximized

2018-08-21 10:16:58 - [TEST_STEP][PASSED] - setText: Text 'DP_EBLOX_RPP_VASCO' is set on object 'Object Repository/Page_mysdworx - Log in/input_Username'

2018-08-21 10:17:02 - [MESSAGE][PASSED] - Text 'DP_EBLOX_RPP_VASCO' is set on object 'Object Repository/Page_mysdworx - Log in/input_Username'

2018-08-21 10:17:02 - [TEST_STEP][PASSED] - Statement - frame = new javax.swing.JFrame(User Input Frame): null

2018-08-21 10:17:02 - [TEST_STEP][PASSED] - Statement - frame.requestFocus(): null

2018-08-21 10:17:02 - [TEST_STEP][PASSED] - Statement - pass = javax.swing.JOptionPane.showInputDialog(frame, "Enter the password from token!!"): null

2018-08-21 10:17:04 - [TEST_STEP][PASSED] - delay: Delayed 2 second(s)

2018-08-21 10:17:06 - [MESSAGE][PASSED] - Delayed 2 second(s)

2018-08-21 10:17:06 - [TEST_STEP][PASSED] - setText: Text '426116' is set on object 'Object Repository/Page_mysdworx - Log in/input_Password'

2018-08-21 10:17:06 - [MESSAGE][PASSED] - Text '426116' is set on object 'Object Repository/Page_mysdworx - Log in/input_Password'

2018-08-21 10:17:06 - [TEST_STEP][PASSED] - click: Object: 'Object Repository/Page_mysdworx - Log in/button_Se connecter' is clicked on

2018-08-21 10:17:06 - [MESSAGE][PASSED] - Object: 'Object Repository/Page_mysdworx - Log in/button_Se connecter' is clicked on

2018-08-21 10:17:06 - [TEST_STEP][PASSED] - waitForPageLoad: Wait for page load successfully

2018-08-21 10:17:06 - [MESSAGE][PASSED] - Wait for page load successfully

2018-08-21 10:17:06 - [TEST_STEP][NOT_RUN] - closeBrowser: NOT_RUN: closeBrowser

2018-08-21 10:17:06 - [MESSAGE][NOT_RUN] - NOT_RUN: closeBrowser

2018-08-21 10:17:06 - [MESSAGE][PASSED] - Call Test Case 'Test Cases/Login/TC1 Login to Mysdworx' successfully

2018-08-21 10:17:06 - [TEST_STEP][PASSED] - waitForPageLoad: Wait for page load successfully

2018-08-21 10:17:06 - [MESSAGE][PASSED] - Wait for page load successfully

2018-08-21 10:17:06 - [TEST_STEP][PASSED] - callTestCase: Call Test Case 'Test Cases/Select Language/TC1 Verify NL language' successfully

2018-08-21 10:17:07 - [TEST_CASE][PASSED] - Test Cases/Select Language/TC1 Verify NL language: Test Cases/Select Language/TC1 Verify NL language

2018-08-21 10:17:07 - [TEST_STEP][PASSED] - waitForElementClickable: Object 'Object Repository/Change language link Obj/NL_language' is clickable

2018-08-21 10:17:27 - [MESSAGE][PASSED] - Object 'Object Repository/Change language link Obj/NL_language' is clickable

2018-08-21 10:17:27 - [TEST_STEP][PASSED] - click: Object: 'Object Repository/Change language link Obj/NL_language' is clicked on

2018-08-21 10:17:35 - [MESSAGE][PASSED] - Object: 'Object Repository/Change language link Obj/NL_language' is clicked on

2018-08-21 10:17:35 - [TEST_STEP][PASSED] - waitForPageLoad: Wait for page load successfully

2018-08-21 10:17:35 - [MESSAGE][PASSED] - Wait for page load successfully

2018-08-21 10:17:35 - [MESSAGE][PASSED] - Call Test Case 'Test Cases/Select Language/TC1 Verify NL language' successfully

2018-08-21 10:17:35 - [TEST_STEP][PASSED] - waitForPageLoad: Wait for page load successfully

2018-08-21 10:17:35 - [MESSAGE][PASSED] - Wait for page load successfully

2018-08-21 10:17:35 - [TEST_STEP][PASSED] - callTestCase: Call Test Case 'Test Cases/Mes rapports/Main Page/TC Verify Mes rapports tab' successfully

2018-08-21 10:17:35 - [TEST_CASE][PASSED] - Test Cases/Mes rapports/Main Page/TC Verify Mes rapports tab: Test Cases/Mes rapports/Main Page/TC Verify Mes rapports tab

2018-08-21 10:17:35 - [TEST_STEP][PASSED] - click: Object: 'Object Repository/Mes rapports Obj/Mes rapports_tab' is clicked on

2018-08-21 10:17:35 - [MESSAGE][PASSED] - Object: 'Object Repository/Mes rapports Obj/Mes rapports_tab' is clicked on

2018-08-21 10:17:35 - [MESSAGE][PASSED] - Call Test Case 'Test Cases/Mes rapports/Main Page/TC Verify Mes rapports tab' successfully

2018-08-21 10:17:35 - [TEST_STEP][PASSED] - setText: Text 'TEST 2 MAU JAN 2018 (sanjiv)' is set on object 'Object Repository/Mes rapports Obj/input search filter'

2018-08-21 10:17:38 - [MESSAGE][PASSED] - Text 'TEST 2 MAU JAN 2018 (sanjiv)' is set on object 'Object Repository/Mes rapports Obj/input search filter'

2018-08-21 10:17:38 - [TEST_STEP][PASSED] - click: Object: 'Object Repository/Page_eBlox Reporting/Search_Icon' is clicked on

2018-08-21 10:17:38 - [MESSAGE][PASSED] - Object: 'Object Repository/Page_eBlox Reporting/Search_Icon' is clicked on

2018-08-21 10:17:38 - [TEST_STEP][PASSED] - Statement - myTestObject = new com.kms.katalon.core.testobject.TestObject(Select_report): null

2018-08-21 10:17:38 - [TEST_STEP][PASSED] - Statement - myTestObject.addProperty("xpath", EQUALS, "//a[@class='hide-on-hover']//span[@text='test 2 mau jan 2018 (sanjiv)']"): null]]></system-out>
         <system-err><![CDATA[2018-08-21 10:16:50 - [TEST_CASE][ERROR] - Test Cases/New Folder/TC5 BASIC: Test Cases/New Folder/TC5 BASIC FAILED because (of) Variable 'ConditionType' is not defined for test case.]]></system-err>
      </testcase>
      <testcase name="Test Cases/New Folder/TC6 OPERATIONS" classname="Test Cases/New Folder/TC6 OPERATIONS" status="FAILED">
         <failure type="FAILED" message="Unable to click on object 'Object Repository/Page_eBlox Rapportering/Definition' (Root cause: com.kms.katalon.core.webui.exception.WebElementNotFoundException: Web element with id: 'Object Repository/Page_eBlox Rapportering/Definition' located by 'By.xpath: //a[contains(text(),\'Definitie\')]' not found)"/>
         <system-out><![CDATA[2018-08-21 10:17:38 - [TEST_CASE][FAILED] - Test Cases/New Folder/TC6 OPERATIONS: Test Cases/New Folder/TC6 OPERATIONS FAILED because (of) Unable to click on object 'Object Repository/Page_eBlox Rapportering/Definition' (Root cause: com.kms.katalon.core.webui.exception.WebElementNotFoundException: Web element with id: 'Object Repository/Page_eBlox Rapportering/Definition' located by 'By.xpath: //a[contains(text(),\'Definitie\')]' not found)

2018-08-21 10:17:38 - [TEST_STEP][PASSED] - callTestCase: Call Test Case 'Test Cases/Login/TC1 Login to Mysdworx' successfully

2018-08-21 10:17:38 - [TEST_CASE][PASSED] - Test Cases/Login/TC1 Login to Mysdworx: Test Cases/Login/TC1 Login to Mysdworx

2018-08-21 10:17:38 - [TEST_STEP][PASSED] - openBrowser: Browser is opened with url: ''

2018-08-21 10:17:38 - [MESSAGE][WARNING] - A browser is already opened. Closing browser and opening a new one

2018-08-21 10:17:41 - [MESSAGE][PASSED] - Browser is opened with url: ''

2018-08-21 10:17:41 - [TEST_STEP][PASSED] - navigateToUrl: Navigate to 'https://internet.acc.sd.dika.be/ebloxreporting/web.sensitive/main/?lang=fr' successfully

2018-08-21 10:17:46 - [MESSAGE][PASSED] - Navigate to 'https://internet.acc.sd.dika.be/ebloxreporting/web.sensitive/main/?lang=fr' successfully

2018-08-21 10:17:46 - [TEST_STEP][PASSED] - maximizeWindow: Current window maximized

2018-08-21 10:17:47 - [MESSAGE][PASSED] - Current window maximized

2018-08-21 10:17:47 - [TEST_STEP][PASSED] - setText: Text 'DP_EBLOX_RPP_VASCO' is set on object 'Object Repository/Page_mysdworx - Log in/input_Username'

2018-08-21 10:17:50 - [MESSAGE][PASSED] - Text 'DP_EBLOX_RPP_VASCO' is set on object 'Object Repository/Page_mysdworx - Log in/input_Username'

2018-08-21 10:17:50 - [TEST_STEP][PASSED] - Statement - frame = new javax.swing.JFrame(User Input Frame): null

2018-08-21 10:17:50 - [TEST_STEP][PASSED] - Statement - frame.requestFocus(): null

2018-08-21 10:17:50 - [TEST_STEP][PASSED] - Statement - pass = javax.swing.JOptionPane.showInputDialog(frame, "Enter the password from token!!"): null

2018-08-21 10:17:55 - [TEST_STEP][PASSED] - delay: Delayed 2 second(s)

2018-08-21 10:17:57 - [MESSAGE][PASSED] - Delayed 2 second(s)

2018-08-21 10:17:57 - [TEST_STEP][PASSED] - setText: Text '879934' is set on object 'Object Repository/Page_mysdworx - Log in/input_Password'

2018-08-21 10:17:58 - [MESSAGE][PASSED] - Text '879934' is set on object 'Object Repository/Page_mysdworx - Log in/input_Password'

2018-08-21 10:17:58 - [TEST_STEP][PASSED] - click: Object: 'Object Repository/Page_mysdworx - Log in/button_Se connecter' is clicked on

2018-08-21 10:17:58 - [MESSAGE][PASSED] - Object: 'Object Repository/Page_mysdworx - Log in/button_Se connecter' is clicked on

2018-08-21 10:17:58 - [TEST_STEP][PASSED] - waitForPageLoad: Wait for page load successfully

2018-08-21 10:17:58 - [MESSAGE][PASSED] - Wait for page load successfully

2018-08-21 10:17:58 - [TEST_STEP][NOT_RUN] - closeBrowser: NOT_RUN: closeBrowser

2018-08-21 10:17:58 - [MESSAGE][NOT_RUN] - NOT_RUN: closeBrowser

2018-08-21 10:17:58 - [MESSAGE][PASSED] - Call Test Case 'Test Cases/Login/TC1 Login to Mysdworx' successfully

2018-08-21 10:17:58 - [TEST_STEP][PASSED] - waitForPageLoad: Wait for page load successfully

2018-08-21 10:17:58 - [MESSAGE][PASSED] - Wait for page load successfully

2018-08-21 10:17:58 - [TEST_STEP][PASSED] - callTestCase: Call Test Case 'Test Cases/Select Language/TC1 Verify NL language' successfully

2018-08-21 10:17:58 - [TEST_CASE][PASSED] - Test Cases/Select Language/TC1 Verify NL language: Test Cases/Select Language/TC1 Verify NL language

2018-08-21 10:17:58 - [TEST_STEP][PASSED] - waitForElementClickable: Object 'Object Repository/Change language link Obj/NL_language' is clickable

2018-08-21 10:18:19 - [MESSAGE][PASSED] - Object 'Object Repository/Change language link Obj/NL_language' is clickable

2018-08-21 10:18:19 - [TEST_STEP][PASSED] - click: Object: 'Object Repository/Change language link Obj/NL_language' is clicked on

2018-08-21 10:18:24 - [MESSAGE][PASSED] - Object: 'Object Repository/Change language link Obj/NL_language' is clicked on

2018-08-21 10:18:24 - [TEST_STEP][PASSED] - waitForPageLoad: Wait for page load successfully

2018-08-21 10:18:24 - [MESSAGE][PASSED] - Wait for page load successfully

2018-08-21 10:18:24 - [MESSAGE][PASSED] - Call Test Case 'Test Cases/Select Language/TC1 Verify NL language' successfully

2018-08-21 10:18:24 - [TEST_STEP][PASSED] - waitForPageLoad: Wait for page load successfully

2018-08-21 10:18:24 - [MESSAGE][PASSED] - Wait for page load successfully

2018-08-21 10:18:24 - [TEST_STEP][PASSED] - callTestCase: Call Test Case 'Test Cases/Mes rapports/Main Page/TC Verify Mes rapports tab' successfully

2018-08-21 10:18:25 - [TEST_CASE][PASSED] - Test Cases/Mes rapports/Main Page/TC Verify Mes rapports tab: Test Cases/Mes rapports/Main Page/TC Verify Mes rapports tab

2018-08-21 10:18:25 - [TEST_STEP][PASSED] - click: Object: 'Object Repository/Mes rapports Obj/Mes rapports_tab' is clicked on

2018-08-21 10:18:25 - [MESSAGE][PASSED] - Object: 'Object Repository/Mes rapports Obj/Mes rapports_tab' is clicked on

2018-08-21 10:18:25 - [MESSAGE][PASSED] - Call Test Case 'Test Cases/Mes rapports/Main Page/TC Verify Mes rapports tab' successfully

2018-08-21 10:18:25 - [TEST_STEP][PASSED] - setText: Text 'REG BEWERKINGEN' is set on object 'Object Repository/Mes rapports Obj/input search filter'

2018-08-21 10:18:27 - [MESSAGE][PASSED] - Text 'REG BEWERKINGEN' is set on object 'Object Repository/Mes rapports Obj/input search filter'

2018-08-21 10:18:27 - [TEST_STEP][PASSED] - click: Object: 'Object Repository/Page_eBlox Reporting/Search_Icon' is clicked on

2018-08-21 10:18:28 - [MESSAGE][PASSED] - Object: 'Object Repository/Page_eBlox Reporting/Search_Icon' is clicked on

2018-08-21 10:18:28 - [TEST_STEP][PASSED] - delay: Delayed 2 second(s)

2018-08-21 10:18:30 - [MESSAGE][PASSED] - Delayed 2 second(s)

2018-08-21 10:18:30 - [TEST_STEP][PASSED] - click: Object: 'Object Repository/Mes rapports Obj/select report' is clicked on

2018-08-21 10:18:30 - [MESSAGE][PASSED] - Object: 'Object Repository/Mes rapports Obj/select report' is clicked on

2018-08-21 10:18:30 - [TEST_STEP][PASSED] - waitForPageLoad: Wait for page load successfully

2018-08-21 10:18:30 - [MESSAGE][PASSED] - Wait for page load successfully

2018-08-21 10:18:30 - [TEST_STEP][FAILED] - click: Unable to click on object 'Object Repository/Page_eBlox Rapportering/Definition' (Root cause: com.kms.katalon.core.webui.exception.WebElementNotFoundException: Web element with id: 'Object Repository/Page_eBlox Rapportering/Definition' located by 'By.xpath: //a[contains(text(),\'Definitie\')]' not found)

2018-08-21 10:19:03 - [MESSAGE][FAILED] - Unable to click on object 'Object Repository/Page_eBlox Rapportering/Definition' (Root cause: com.kms.katalon.core.webui.exception.WebElementNotFoundException: Web element with id: 'Object Repository/Page_eBlox Rapportering/Definition' located by 'By.xpath: //a[contains(text(),\'Definitie\')]' not found)
[[ATTACHMENT|C:\\Users\\seeboruts\\OneDrive - SD Worx\\Desktop\\Katalon_eBlox_Reporting\\Reports\\testing\\New Test Suite\\20180821_095745\\1534832343664.png]]]]></system-out>
         <system-err><![CDATA[2018-08-21 10:17:38 - [TEST_CASE][FAILED] - Test Cases/New Folder/TC6 OPERATIONS: Test Cases/New Folder/TC6 OPERATIONS FAILED because (of) Unable to click on object 'Object Repository/Page_eBlox Rapportering/Definition' (Root cause: com.kms.katalon.core.webui.exception.WebElementNotFoundException: Web element with id: 'Object Repository/Page_eBlox Rapportering/Definition' located by 'By.xpath: //a[contains(text(),\'Definitie\')]' not found)]]></system-err>
      </testcase>
      <testcase name="Test Cases/New Folder/TC7 SELECTION" classname="Test Cases/New Folder/TC7 SELECTION" status="FAILED">
         <failure type="FAILED" message="Unable to click on object 'Object Repository/Page_eBlox Rapportering/Definition' (Root cause: com.kms.katalon.core.webui.exception.WebElementNotFoundException: Web element with id: 'Object Repository/Page_eBlox Rapportering/Definition' located by 'By.xpath: //a[contains(text(),\'Definitie\')]' not found)"/>
         <system-out><![CDATA[2018-08-21 10:19:03 - [TEST_CASE][FAILED] - Test Cases/New Folder/TC7 SELECTION: Test Cases/New Folder/TC7 SELECTION FAILED because (of) Unable to click on object 'Object Repository/Page_eBlox Rapportering/Definition' (Root cause: com.kms.katalon.core.webui.exception.WebElementNotFoundException: Web element with id: 'Object Repository/Page_eBlox Rapportering/Definition' located by 'By.xpath: //a[contains(text(),\'Definitie\')]' not found)

2018-08-21 10:19:04 - [TEST_STEP][PASSED] - callTestCase: Call Test Case 'Test Cases/Login/TC1 Login to Mysdworx' successfully

2018-08-21 10:19:04 - [TEST_CASE][PASSED] - Test Cases/Login/TC1 Login to Mysdworx: Test Cases/Login/TC1 Login to Mysdworx

2018-08-21 10:19:04 - [TEST_STEP][PASSED] - openBrowser: Browser is opened with url: ''

2018-08-21 10:19:04 - [MESSAGE][WARNING] - A browser is already opened. Closing browser and opening a new one

2018-08-21 10:19:06 - [MESSAGE][PASSED] - Browser is opened with url: ''

2018-08-21 10:19:06 - [TEST_STEP][PASSED] - navigateToUrl: Navigate to 'https://internet.acc.sd.dika.be/ebloxreporting/web.sensitive/main/?lang=fr' successfully

2018-08-21 10:19:11 - [MESSAGE][PASSED] - Navigate to 'https://internet.acc.sd.dika.be/ebloxreporting/web.sensitive/main/?lang=fr' successfully

2018-08-21 10:19:11 - [TEST_STEP][PASSED] - maximizeWindow: Current window maximized

2018-08-21 10:19:12 - [MESSAGE][PASSED] - Current window maximized

2018-08-21 10:19:12 - [TEST_STEP][PASSED] - setText: Text 'DP_EBLOX_RPP_VASCO' is set on object 'Object Repository/Page_mysdworx - Log in/input_Username'

2018-08-21 10:19:16 - [MESSAGE][PASSED] - Text 'DP_EBLOX_RPP_VASCO' is set on object 'Object Repository/Page_mysdworx - Log in/input_Username'

2018-08-21 10:19:16 - [TEST_STEP][PASSED] - Statement - frame = new javax.swing.JFrame(User Input Frame): null

2018-08-21 10:19:16 - [TEST_STEP][PASSED] - Statement - frame.requestFocus(): null

2018-08-21 10:19:16 - [TEST_STEP][PASSED] - Statement - pass = javax.swing.JOptionPane.showInputDialog(frame, "Enter the password from token!!"): null

2018-08-21 10:19:19 - [TEST_STEP][PASSED] - delay: Delayed 2 second(s)

2018-08-21 10:19:21 - [MESSAGE][PASSED] - Delayed 2 second(s)

2018-08-21 10:19:21 - [TEST_STEP][PASSED] - setText: Text '203656' is set on object 'Object Repository/Page_mysdworx - Log in/input_Password'

2018-08-21 10:19:21 - [MESSAGE][PASSED] - Text '203656' is set on object 'Object Repository/Page_mysdworx - Log in/input_Password'

2018-08-21 10:19:21 - [TEST_STEP][PASSED] - click: Object: 'Object Repository/Page_mysdworx - Log in/button_Se connecter' is clicked on

2018-08-21 10:19:21 - [MESSAGE][PASSED] - Object: 'Object Repository/Page_mysdworx - Log in/button_Se connecter' is clicked on

2018-08-21 10:19:21 - [TEST_STEP][PASSED] - waitForPageLoad: Wait for page load successfully

2018-08-21 10:19:21 - [MESSAGE][PASSED] - Wait for page load successfully

2018-08-21 10:19:21 - [TEST_STEP][NOT_RUN] - closeBrowser: NOT_RUN: closeBrowser

2018-08-21 10:19:21 - [MESSAGE][NOT_RUN] - NOT_RUN: closeBrowser

2018-08-21 10:19:21 - [MESSAGE][PASSED] - Call Test Case 'Test Cases/Login/TC1 Login to Mysdworx' successfully

2018-08-21 10:19:21 - [TEST_STEP][PASSED] - waitForPageLoad: Wait for page load successfully

2018-08-21 10:19:21 - [MESSAGE][PASSED] - Wait for page load successfully

2018-08-21 10:19:21 - [TEST_STEP][PASSED] - callTestCase: Call Test Case 'Test Cases/Select Language/TC1 Verify NL language' successfully

2018-08-21 10:19:21 - [TEST_CASE][PASSED] - Test Cases/Select Language/TC1 Verify NL language: Test Cases/Select Language/TC1 Verify NL language

2018-08-21 10:19:21 - [TEST_STEP][PASSED] - waitForElementClickable: Object 'Object Repository/Change language link Obj/NL_language' is clickable

2018-08-21 10:19:42 - [MESSAGE][PASSED] - Object 'Object Repository/Change language link Obj/NL_language' is clickable

2018-08-21 10:19:42 - [TEST_STEP][PASSED] - click: Object: 'Object Repository/Change language link Obj/NL_language' is clicked on

2018-08-21 10:19:47 - [MESSAGE][PASSED] - Object: 'Object Repository/Change language link Obj/NL_language' is clicked on

2018-08-21 10:19:47 - [TEST_STEP][PASSED] - waitForPageLoad: Wait for page load successfully

2018-08-21 10:19:47 - [MESSAGE][PASSED] - Wait for page load successfully

2018-08-21 10:19:47 - [MESSAGE][PASSED] - Call Test Case 'Test Cases/Select Language/TC1 Verify NL language' successfully

2018-08-21 10:19:47 - [TEST_STEP][PASSED] - setText: Text 'REG SELECTIE' is set on object 'Object Repository/Mes rapports Obj/input search filter'

2018-08-21 10:19:50 - [MESSAGE][PASSED] - Text 'REG SELECTIE' is set on object 'Object Repository/Mes rapports Obj/input search filter'

2018-08-21 10:19:50 - [TEST_STEP][NOT_RUN] - verifyTextPresent: NOT_RUN: verifyTextPresent

2018-08-21 10:19:50 - [MESSAGE][NOT_RUN] - NOT_RUN: verifyTextPresent

2018-08-21 10:19:50 - [TEST_STEP][PASSED] - click: Object: 'Object Repository/Mes rapports Obj/TESTING select a report' is clicked on

2018-08-21 10:19:50 - [MESSAGE][PASSED] - Object: 'Object Repository/Mes rapports Obj/TESTING select a report' is clicked on

2018-08-21 10:19:50 - [TEST_STEP][PASSED] - waitForPageLoad: Wait for page load successfully

2018-08-21 10:19:50 - [MESSAGE][PASSED] - Wait for page load successfully

2018-08-21 10:19:50 - [TEST_STEP][FAILED] - click: Unable to click on object 'Object Repository/Page_eBlox Rapportering/Definition' (Root cause: com.kms.katalon.core.webui.exception.WebElementNotFoundException: Web element with id: 'Object Repository/Page_eBlox Rapportering/Definition' located by 'By.xpath: //a[contains(text(),\'Definitie\')]' not found)

2018-08-21 10:20:23 - [MESSAGE][FAILED] - Unable to click on object 'Object Repository/Page_eBlox Rapportering/Definition' (Root cause: com.kms.katalon.core.webui.exception.WebElementNotFoundException: Web element with id: 'Object Repository/Page_eBlox Rapportering/Definition' located by 'By.xpath: //a[contains(text(),\'Definitie\')]' not found)
[[ATTACHMENT|C:\\Users\\seeboruts\\OneDrive - SD Worx\\Desktop\\Katalon_eBlox_Reporting\\Reports\\testing\\New Test Suite\\20180821_095745\\1534832423262.png]]]]></system-out>
         <system-err><![CDATA[2018-08-21 10:19:03 - [TEST_CASE][FAILED] - Test Cases/New Folder/TC7 SELECTION: Test Cases/New Folder/TC7 SELECTION FAILED because (of) Unable to click on object 'Object Repository/Page_eBlox Rapportering/Definition' (Root cause: com.kms.katalon.core.webui.exception.WebElementNotFoundException: Web element with id: 'Object Repository/Page_eBlox Rapportering/Definition' located by 'By.xpath: //a[contains(text(),\'Definitie\')]' not found)]]></system-err>
      </testcase>
      <testcase name="Test Cases/New Folder/TC8 EXPORT" classname="Test Cases/New Folder/TC8 EXPORT" status="FAILED">
         <failure type="FAILED" message="Unable to click on object 'Object Repository/Page_eBlox Rapportering/Definition' (Root cause: com.kms.katalon.core.webui.exception.WebElementNotFoundException: Web element with id: 'Object Repository/Page_eBlox Rapportering/Definition' located by 'By.xpath: //a[contains(text(),\'Definitie\')]' not found)"/>
         <system-out><![CDATA[2018-08-21 10:20:23 - [TEST_CASE][FAILED] - Test Cases/New Folder/TC8 EXPORT: Test Cases/New Folder/TC8 EXPORT FAILED because (of) Unable to click on object 'Object Repository/Page_eBlox Rapportering/Definition' (Root cause: com.kms.katalon.core.webui.exception.WebElementNotFoundException: Web element with id: 'Object Repository/Page_eBlox Rapportering/Definition' located by 'By.xpath: //a[contains(text(),\'Definitie\')]' not found)

2018-08-21 10:20:23 - [TEST_STEP][PASSED] - callTestCase: Call Test Case 'Test Cases/Login/TC1 Login to Mysdworx' successfully

2018-08-21 10:20:23 - [TEST_CASE][PASSED] - Test Cases/Login/TC1 Login to Mysdworx: Test Cases/Login/TC1 Login to Mysdworx

2018-08-21 10:20:23 - [TEST_STEP][PASSED] - openBrowser: Browser is opened with url: ''

2018-08-21 10:20:23 - [MESSAGE][WARNING] - A browser is already opened. Closing browser and opening a new one

2018-08-21 10:20:26 - [MESSAGE][PASSED] - Browser is opened with url: ''

2018-08-21 10:20:26 - [TEST_STEP][PASSED] - navigateToUrl: Navigate to 'https://internet.acc.sd.dika.be/ebloxreporting/web.sensitive/main/?lang=fr' successfully

2018-08-21 10:20:31 - [MESSAGE][PASSED] - Navigate to 'https://internet.acc.sd.dika.be/ebloxreporting/web.sensitive/main/?lang=fr' successfully

2018-08-21 10:20:31 - [TEST_STEP][PASSED] - maximizeWindow: Current window maximized

2018-08-21 10:20:32 - [MESSAGE][PASSED] - Current window maximized

2018-08-21 10:20:32 - [TEST_STEP][PASSED] - setText: Text 'DP_EBLOX_RPP_VASCO' is set on object 'Object Repository/Page_mysdworx - Log in/input_Username'

2018-08-21 10:20:36 - [MESSAGE][PASSED] - Text 'DP_EBLOX_RPP_VASCO' is set on object 'Object Repository/Page_mysdworx - Log in/input_Username'

2018-08-21 10:20:36 - [TEST_STEP][PASSED] - Statement - frame = new javax.swing.JFrame(User Input Frame): null

2018-08-21 10:20:36 - [TEST_STEP][PASSED] - Statement - frame.requestFocus(): null

2018-08-21 10:20:36 - [TEST_STEP][PASSED] - Statement - pass = javax.swing.JOptionPane.showInputDialog(frame, "Enter the password from token!!"): null

2018-08-21 10:20:40 - [TEST_STEP][PASSED] - delay: Delayed 2 second(s)

2018-08-21 10:20:42 - [MESSAGE][PASSED] - Delayed 2 second(s)

2018-08-21 10:20:42 - [TEST_STEP][PASSED] - setText: Text '203656' is set on object 'Object Repository/Page_mysdworx - Log in/input_Password'

2018-08-21 10:20:42 - [MESSAGE][PASSED] - Text '203656' is set on object 'Object Repository/Page_mysdworx - Log in/input_Password'

2018-08-21 10:20:42 - [TEST_STEP][PASSED] - click: Object: 'Object Repository/Page_mysdworx - Log in/button_Se connecter' is clicked on

2018-08-21 10:20:42 - [MESSAGE][PASSED] - Object: 'Object Repository/Page_mysdworx - Log in/button_Se connecter' is clicked on

2018-08-21 10:20:42 - [TEST_STEP][PASSED] - waitForPageLoad: Wait for page load successfully

2018-08-21 10:20:42 - [MESSAGE][PASSED] - Wait for page load successfully

2018-08-21 10:20:42 - [TEST_STEP][NOT_RUN] - closeBrowser: NOT_RUN: closeBrowser

2018-08-21 10:20:42 - [MESSAGE][NOT_RUN] - NOT_RUN: closeBrowser

2018-08-21 10:20:42 - [MESSAGE][PASSED] - Call Test Case 'Test Cases/Login/TC1 Login to Mysdworx' successfully

2018-08-21 10:20:42 - [TEST_STEP][PASSED] - callTestCase: Call Test Case 'Test Cases/Select Language/TC1 Verify NL language' successfully

2018-08-21 10:20:42 - [TEST_CASE][PASSED] - Test Cases/Select Language/TC1 Verify NL language: Test Cases/Select Language/TC1 Verify NL language

2018-08-21 10:20:42 - [TEST_STEP][PASSED] - waitForElementClickable: Object 'Object Repository/Change language link Obj/NL_language' is clickable

2018-08-21 10:21:17 - [MESSAGE][PASSED] - Object 'Object Repository/Change language link Obj/NL_language' is clickable

2018-08-21 10:21:17 - [TEST_STEP][PASSED] - click: Object: 'Object Repository/Change language link Obj/NL_language' is clicked on

2018-08-21 10:21:22 - [MESSAGE][PASSED] - Object: 'Object Repository/Change language link Obj/NL_language' is clicked on

2018-08-21 10:21:22 - [TEST_STEP][PASSED] - waitForPageLoad: Wait for page load successfully

2018-08-21 10:21:22 - [MESSAGE][PASSED] - Wait for page load successfully

2018-08-21 10:21:22 - [MESSAGE][PASSED] - Call Test Case 'Test Cases/Select Language/TC1 Verify NL language' successfully

2018-08-21 10:21:22 - [TEST_STEP][PASSED] - callTestCase: Call Test Case 'Test Cases/Mes rapports/Main Page/TC Verify Mes rapports tab' successfully

2018-08-21 10:21:22 - [TEST_CASE][PASSED] - Test Cases/Mes rapports/Main Page/TC Verify Mes rapports tab: Test Cases/Mes rapports/Main Page/TC Verify Mes rapports tab

2018-08-21 10:21:22 - [TEST_STEP][PASSED] - click: Object: 'Object Repository/Mes rapports Obj/Mes rapports_tab' is clicked on

2018-08-21 10:21:22 - [MESSAGE][PASSED] - Object: 'Object Repository/Mes rapports Obj/Mes rapports_tab' is clicked on

2018-08-21 10:21:22 - [MESSAGE][PASSED] - Call Test Case 'Test Cases/Mes rapports/Main Page/TC Verify Mes rapports tab' successfully

2018-08-21 10:21:22 - [TEST_STEP][PASSED] - setText: Text 'REG EXPORT' is set on object 'Object Repository/Mes rapports Obj/input search filter'

2018-08-21 10:21:25 - [MESSAGE][PASSED] - Text 'REG EXPORT' is set on object 'Object Repository/Mes rapports Obj/input search filter'

2018-08-21 10:21:25 - [TEST_STEP][PASSED] - click: Object: 'Object Repository/Page_eBlox Reporting/Search_Icon' is clicked on

2018-08-21 10:21:25 - [MESSAGE][PASSED] - Object: 'Object Repository/Page_eBlox Reporting/Search_Icon' is clicked on

2018-08-21 10:21:25 - [TEST_STEP][PASSED] - Statement - myTestObject = new com.kms.katalon.core.testobject.TestObject(Select_report): null

2018-08-21 10:21:25 - [TEST_STEP][PASSED] - Statement - myTestObject.addProperty("xpath", EQUALS, "//a[@class='hide-on-hover']//span[@text='REG EXPORT']"): null

2018-08-21 10:21:25 - [TEST_STEP][PASSED] - click: Object: 'Select_report' is clicked on

2018-08-21 10:21:26 - [MESSAGE][PASSED] - Object: 'Select_report' is clicked on

2018-08-21 10:21:26 - [TEST_STEP][PASSED] - waitForPageLoad: Wait for page load successfully

2018-08-21 10:21:26 - [MESSAGE][PASSED] - Wait for page load successfully

2018-08-21 10:21:26 - [TEST_STEP][PASSED] - Statement - definition = com.kms.katalon.core.webui.keyword.WebUiBuiltInKeywords.modifyObjectProperty(com.kms.katalon.core.testobject.ObjectRepository.findTestObject(Page_eBlox Rapportering/Definition), "xpath", "equals", "//a[contains(text(),'Definitie')]", true): Modify property of object successfully

2018-08-21 10:21:26 - [MESSAGE][PASSED] - Modify property of object successfully

2018-08-21 10:21:26 - [TEST_STEP][FAILED] - click: Unable to click on object 'Object Repository/Page_eBlox Rapportering/Definition' (Root cause: com.kms.katalon.core.webui.exception.WebElementNotFoundException: Web element with id: 'Object Repository/Page_eBlox Rapportering/Definition' located by 'By.xpath: //a[contains(text(),\'Definitie\')]' not found)

2018-08-21 10:22:00 - [MESSAGE][FAILED] - Unable to click on object 'Object Repository/Page_eBlox Rapportering/Definition' (Root cause: com.kms.katalon.core.webui.exception.WebElementNotFoundException: Web element with id: 'Object Repository/Page_eBlox Rapportering/Definition' located by 'By.xpath: //a[contains(text(),\'Definitie\')]' not found)
[[ATTACHMENT|C:\\Users\\seeboruts\\OneDrive - SD Worx\\Desktop\\Katalon_eBlox_Reporting\\Reports\\testing\\New Test Suite\\20180821_095745\\1534832520038.png]]]]></system-out>
         <system-err><![CDATA[2018-08-21 10:20:23 - [TEST_CASE][FAILED] - Test Cases/New Folder/TC8 EXPORT: Test Cases/New Folder/TC8 EXPORT FAILED because (of) Unable to click on object 'Object Repository/Page_eBlox Rapportering/Definition' (Root cause: com.kms.katalon.core.webui.exception.WebElementNotFoundException: Web element with id: 'Object Repository/Page_eBlox Rapportering/Definition' located by 'By.xpath: //a[contains(text(),\'Definitie\')]' not found)]]></system-err>
      </testcase>
      <testcase name="Test Cases/New Folder/TC9 HISTORIC WITH" classname="Test Cases/New Folder/TC9 HISTORIC WITH" status="FAILED">
         <failure type="FAILED" message="Unable to send keys '' to object 'Object Repository/Mes rapports Obj/EXECUTION/Berekende gegevens - looncode komt voor in' (Root cause: com.kms.katalon.core.webui.exception.WebElementNotFoundException: Web element with id: 'Object Repository/Mes rapports Obj/EXECUTION/Berekende gegevens - looncode komt voor in' located by 'By.xpath: //*[@id=&quot;s2id_autogen12&quot;][count(. | //input[@type = 'text' and @class = 'select2-input' and contains(@id, 's2id_autogen')]) = count(//input[@type = 'text' and @class = 'select2-input' and contains(@id, 's2id_autogen')])]' not found)"/>
         <system-out><![CDATA[2018-08-21 10:22:00 - [TEST_CASE][FAILED] - Test Cases/New Folder/TC9 HISTORIC WITH: Test Cases/New Folder/TC9 HISTORIC WITH FAILED because (of) Unable to send keys '' to object 'Object Repository/Mes rapports Obj/EXECUTION/Berekende gegevens - looncode komt voor in' (Root cause: com.kms.katalon.core.webui.exception.WebElementNotFoundException: Web element with id: 'Object Repository/Mes rapports Obj/EXECUTION/Berekende gegevens - looncode komt voor in' located by 'By.xpath: //*[@id="s2id_autogen12"][count(. | //input[@type = 'text' and @class = 'select2-input' and contains(@id, 's2id_autogen')]) = count(//input[@type = 'text' and @class = 'select2-input' and contains(@id, 's2id_autogen')])]' not found)

2018-08-21 10:22:00 - [TEST_STEP][PASSED] - callTestCase: Call Test Case 'Test Cases/Login/TC1 Login to Mysdworx' successfully

2018-08-21 10:22:00 - [TEST_CASE][PASSED] - Test Cases/Login/TC1 Login to Mysdworx: Test Cases/Login/TC1 Login to Mysdworx

2018-08-21 10:22:00 - [TEST_STEP][PASSED] - openBrowser: Browser is opened with url: ''

2018-08-21 10:22:00 - [MESSAGE][WARNING] - A browser is already opened. Closing browser and opening a new one

2018-08-21 10:22:03 - [MESSAGE][PASSED] - Browser is opened with url: ''

2018-08-21 10:22:03 - [TEST_STEP][PASSED] - navigateToUrl: Navigate to 'https://internet.acc.sd.dika.be/ebloxreporting/web.sensitive/main/?lang=fr' successfully

2018-08-21 10:22:08 - [MESSAGE][PASSED] - Navigate to 'https://internet.acc.sd.dika.be/ebloxreporting/web.sensitive/main/?lang=fr' successfully

2018-08-21 10:22:08 - [TEST_STEP][PASSED] - maximizeWindow: Current window maximized

2018-08-21 10:22:09 - [MESSAGE][PASSED] - Current window maximized

2018-08-21 10:22:09 - [TEST_STEP][PASSED] - setText: Text 'DP_EBLOX_RPP_VASCO' is set on object 'Object Repository/Page_mysdworx - Log in/input_Username'

2018-08-21 10:22:13 - [MESSAGE][PASSED] - Text 'DP_EBLOX_RPP_VASCO' is set on object 'Object Repository/Page_mysdworx - Log in/input_Username'

2018-08-21 10:22:13 - [TEST_STEP][PASSED] - Statement - frame = new javax.swing.JFrame(User Input Frame): null

2018-08-21 10:22:13 - [TEST_STEP][PASSED] - Statement - frame.requestFocus(): null

2018-08-21 10:22:13 - [TEST_STEP][PASSED] - Statement - pass = javax.swing.JOptionPane.showInputDialog(frame, "Enter the password from token!!"): null

2018-08-21 10:22:15 - [TEST_STEP][PASSED] - delay: Delayed 2 second(s)

2018-08-21 10:22:17 - [MESSAGE][PASSED] - Delayed 2 second(s)

2018-08-21 10:22:17 - [TEST_STEP][PASSED] - setText: Text '171731' is set on object 'Object Repository/Page_mysdworx - Log in/input_Password'

2018-08-21 10:22:17 - [MESSAGE][PASSED] - Text '171731' is set on object 'Object Repository/Page_mysdworx - Log in/input_Password'

2018-08-21 10:22:17 - [TEST_STEP][PASSED] - click: Object: 'Object Repository/Page_mysdworx - Log in/button_Se connecter' is clicked on

2018-08-21 10:22:17 - [MESSAGE][PASSED] - Object: 'Object Repository/Page_mysdworx - Log in/button_Se connecter' is clicked on

2018-08-21 10:22:17 - [TEST_STEP][PASSED] - waitForPageLoad: Wait for page load successfully

2018-08-21 10:22:17 - [MESSAGE][PASSED] - Wait for page load successfully

2018-08-21 10:22:17 - [TEST_STEP][NOT_RUN] - closeBrowser: NOT_RUN: closeBrowser

2018-08-21 10:22:17 - [MESSAGE][NOT_RUN] - NOT_RUN: closeBrowser

2018-08-21 10:22:17 - [MESSAGE][PASSED] - Call Test Case 'Test Cases/Login/TC1 Login to Mysdworx' successfully

2018-08-21 10:22:17 - [TEST_STEP][PASSED] - waitForPageLoad: Wait for page load successfully

2018-08-21 10:22:17 - [MESSAGE][PASSED] - Wait for page load successfully

2018-08-21 10:22:17 - [TEST_STEP][PASSED] - callTestCase: Call Test Case 'Test Cases/Select Language/TC1 Verify NL language' successfully

2018-08-21 10:22:17 - [TEST_CASE][PASSED] - Test Cases/Select Language/TC1 Verify NL language: Test Cases/Select Language/TC1 Verify NL language

2018-08-21 10:22:17 - [TEST_STEP][PASSED] - waitForElementClickable: Object 'Object Repository/Change language link Obj/NL_language' is clickable

2018-08-21 10:22:38 - [MESSAGE][PASSED] - Object 'Object Repository/Change language link Obj/NL_language' is clickable

2018-08-21 10:22:38 - [TEST_STEP][PASSED] - click: Object: 'Object Repository/Change language link Obj/NL_language' is clicked on

2018-08-21 10:22:43 - [MESSAGE][PASSED] - Object: 'Object Repository/Change language link Obj/NL_language' is clicked on

2018-08-21 10:22:43 - [TEST_STEP][PASSED] - waitForPageLoad: Wait for page load successfully

2018-08-21 10:22:43 - [MESSAGE][PASSED] - Wait for page load successfully

2018-08-21 10:22:43 - [MESSAGE][PASSED] - Call Test Case 'Test Cases/Select Language/TC1 Verify NL language' successfully

2018-08-21 10:22:43 - [TEST_STEP][PASSED] - waitForPageLoad: Wait for page load successfully

2018-08-21 10:22:43 - [MESSAGE][PASSED] - Wait for page load successfully

2018-08-21 10:22:43 - [TEST_STEP][PASSED] - callTestCase: Call Test Case 'Test Cases/Mes rapports/Main Page/TC Verify Mes rapports tab' successfully

2018-08-21 10:22:43 - [TEST_CASE][PASSED] - Test Cases/Mes rapports/Main Page/TC Verify Mes rapports tab: Test Cases/Mes rapports/Main Page/TC Verify Mes rapports tab

2018-08-21 10:22:43 - [TEST_STEP][PASSED] - click: Object: 'Object Repository/Mes rapports Obj/Mes rapports_tab' is clicked on

2018-08-21 10:22:43 - [MESSAGE][PASSED] - Object: 'Object Repository/Mes rapports Obj/Mes rapports_tab' is clicked on

2018-08-21 10:22:43 - [MESSAGE][PASSED] - Call Test Case 'Test Cases/Mes rapports/Main Page/TC Verify Mes rapports tab' successfully

2018-08-21 10:22:43 - [TEST_STEP][PASSED] - setText: Text 'REG HIST GROEP' is set on object 'Object Repository/Mes rapports Obj/input search filter'

2018-08-21 10:22:46 - [MESSAGE][PASSED] - Text 'REG HIST GROEP' is set on object 'Object Repository/Mes rapports Obj/input search filter'

2018-08-21 10:22:46 - [TEST_STEP][PASSED] - click: Object: 'Object Repository/Page_eBlox Reporting/Search_Icon' is clicked on

2018-08-21 10:22:46 - [MESSAGE][PASSED] - Object: 'Object Repository/Page_eBlox Reporting/Search_Icon' is clicked on

2018-08-21 10:22:46 - [TEST_STEP][PASSED] - Statement - myTestObject = new com.kms.katalon.core.testobject.TestObject(Select_report): null

2018-08-21 10:22:46 - [TEST_STEP][PASSED] - Statement - myTestObject.addProperty("xpath", EQUALS, "//a[@class='hide-on-hover']//span[@text='REG HIST GROEP']"): null

2018-08-21 10:22:46 - [TEST_STEP][PASSED] - click: Object: 'Select_report' is clicked on

2018-08-21 10:22:46 - [MESSAGE][PASSED] - Object: 'Select_report' is clicked on

2018-08-21 10:22:46 - [TEST_STEP][PASSED] - waitForPageLoad: Wait for page load successfully

2018-08-21 10:22:46 - [MESSAGE][PASSED] - Wait for page load successfully

2018-08-21 10:22:46 - [TEST_STEP][PASSED] - Statement - myDonneeCalculees1 = com.kms.katalon.core.webui.keyword.WebUiBuiltInKeywords.modifyObjectProperty(com.kms.katalon.core.testobject.ObjectRepository.findTestObject(Mes rapports Obj/EXECUTION/Berekende gegevens - looncode komt voor in), "id", "contains", "s2id_autogen", true): Modify property of object successfully

2018-08-21 10:22:46 - [MESSAGE][PASSED] - Modify property of object successfully

2018-08-21 10:22:46 - [TEST_STEP][PASSED] - Statement - myDonneeCalculees2 = com.kms.katalon.core.webui.keyword.WebUiBuiltInKeywords.modifyObjectProperty(com.kms.katalon.core.testobject.ObjectRepository.findTestObject(Mes rapports Obj/EXECUTION/Berekende gegevens - looncode komt voor in), "id", "contains", "s2id_autogen", true): Modify property of object successfully

2018-08-21 10:22:46 - [MESSAGE][PASSED] - Modify property of object successfully

2018-08-21 10:22:46 - [TEST_STEP][PASSED] - click: Object: 'Object Repository/Mes rapports Obj/EXECUTION/Berekende gegevens - looncode komt voor in' is clicked on

2018-08-21 10:22:49 - [MESSAGE][PASSED] - Object: 'Object Repository/Mes rapports Obj/EXECUTION/Berekende gegevens - looncode komt voor in' is clicked on

2018-08-21 10:22:49 - [TEST_STEP][PASSED] - Statement - myDonneeCalculees = new com.kms.katalon.core.testobject.TestObject(Select_donnee): null

2018-08-21 10:22:49 - [TEST_STEP][PASSED] - Statement - myDonneeCalculees.addProperty("xpath", EQUALS, "//div[@id='select2-drop']//ul[@class='select2-results']//li[@role='presentation']//div[contains(text(),'(alle looncodes)')]"): null

2018-08-21 10:22:49 - [TEST_STEP][PASSED] - click: Object: 'Select_donnee' is clicked on

2018-08-21 10:22:49 - [MESSAGE][PASSED] - Object: 'Select_donnee' is clicked on

2018-08-21 10:22:49 - [TEST_STEP][FAILED] - sendKeys: Unable to send keys '' to object 'Object Repository/Mes rapports Obj/EXECUTION/Berekende gegevens - looncode komt voor in' (Root cause: com.kms.katalon.core.webui.exception.WebElementNotFoundException: Web element with id: 'Object Repository/Mes rapports Obj/EXECUTION/Berekende gegevens - looncode komt voor in' located by 'By.xpath: //*[@id="s2id_autogen12"][count(. | //input[@type = 'text' and @class = 'select2-input' and contains(@id, 's2id_autogen')]) = count(//input[@type = 'text' and @class = 'select2-input' and contains(@id, 's2id_autogen')])]' not found)

2018-08-21 10:23:21 - [MESSAGE][FAILED] - Unable to send keys '' to object 'Object Repository/Mes rapports Obj/EXECUTION/Berekende gegevens - looncode komt voor in' (Root cause: com.kms.katalon.core.webui.exception.WebElementNotFoundException: Web element with id: 'Object Repository/Mes rapports Obj/EXECUTION/Berekende gegevens - looncode komt voor in' located by 'By.xpath: //*[@id="s2id_autogen12"][count(. | //input[@type = 'text' and @class = 'select2-input' and contains(@id, 's2id_autogen')]) = count(//input[@type = 'text' and @class = 'select2-input' and contains(@id, 's2id_autogen')])]' not found)
[[ATTACHMENT|C:\\Users\\seeboruts\\OneDrive - SD Worx\\Desktop\\Katalon_eBlox_Reporting\\Reports\\testing\\New Test Suite\\20180821_095745\\1534832601353.png]]]]></system-out>
         <system-err><![CDATA[2018-08-21 10:22:00 - [TEST_CASE][FAILED] - Test Cases/New Folder/TC9 HISTORIC WITH: Test Cases/New Folder/TC9 HISTORIC WITH FAILED because (of) Unable to send keys '' to object 'Object Repository/Mes rapports Obj/EXECUTION/Berekende gegevens - looncode komt voor in' (Root cause: com.kms.katalon.core.webui.exception.WebElementNotFoundException: Web element with id: 'Object Repository/Mes rapports Obj/EXECUTION/Berekende gegevens - looncode komt voor in' located by 'By.xpath: //*[@id="s2id_autogen12"][count(. | //input[@type = 'text' and @class = 'select2-input' and contains(@id, 's2id_autogen')]) = count(//input[@type = 'text' and @class = 'select2-input' and contains(@id, 's2id_autogen')])]' not found)]]></system-err>
      </testcase>
      <system-out><![CDATA[2018-08-21 09:57:48 - [TEST_SUITE][FAILED] - New Test Suite: Test Cases/New Folder/TC11 INTERNAL FAILED because (of) Unable to click on object 'Object Repository/Mes rapports Obj/EXECUTION/Annuler nouveau rapport' (Root cause: com.kms.katalon.core.webui.exception.WebElementNotFoundException: Web element with id: 'Object Repository/Mes rapports Obj/EXECUTION/Annuler nouveau rapport' located by 'By.xpath: /html/body/div[5]/div/div/div[3]/button[1]' not found)]]></system-out>
      <system-err><![CDATA[2018-08-21 09:57:48 - [TEST_SUITE][FAILED] - New Test Suite: Test Cases/New Folder/TC11 INTERNAL FAILED because (of) Unable to click on object 'Object Repository/Mes rapports Obj/EXECUTION/Annuler nouveau rapport' (Root cause: com.kms.katalon.core.webui.exception.WebElementNotFoundException: Web element with id: 'Object Repository/Mes rapports Obj/EXECUTION/Annuler nouveau rapport' located by 'By.xpath: /html/body/div[5]/div/div/div[3]/button[1]' not found)]]></system-err>
   </testsuite>
</testsuites>
