<?xml version="1.0" encoding="UTF-8"?>
<testsuites name="Eblox Reporting DEmo" time="116" tests="0" failures="1" errors="0">
   <testsuite name="Eblox Reporting DEmo" tests="0" failures="1" errors="0" time="116" timestamp="2018-08-22 14:42:13" hostname="SEEBORUTS - 5CG7062KWD.SD.DIKA.BE" id="Test Suites/testing/Eblox Reporting DEmo">
      <properties>
         <property name="deviceName" value=""/>
         <property name="devicePlatform" value=""/>
         <property name="logFolder" value="C:\\Users\\seeboruts\\OneDrive - SD Worx\\Desktop\\Katalon_eBlox_Reporting\\Reports\\testing\\Eblox Reporting DEmo\\20180822_144210"/>
         <property name="logFiles" value="C:\\Users\\seeboruts\\OneDrive - SD Worx\\Desktop\\Katalon_eBlox_Reporting\\Reports\\testing\\Eblox Reporting DEmo\\20180822_144210\\execution0.log"/>
         <property name="attachments" value="C:\\Users\\seeboruts\\OneDrive - SD Worx\\Desktop\\Katalon_eBlox_Reporting\\Reports\\testing\\Eblox Reporting DEmo\\20180822_144210\\1534934648860.png"/>
         <property name="hostName" value="SEEBORUTS - 5CG7062KWD.SD.DIKA.BE"/>
         <property name="os" value="Windows 10 64bit"/>
         <property name="katalonVersion" value="5.6.0.1"/>
         <property name="browser" value="Chrome 68.0.3440.106"/>
         <property name="hostAddress" value="10.136.82.137"/>
         <property name="sessionId" value="ae0ac267836fa5b34f928a7a454be2c1"/>
         <property name="seleniumVersion" value="3.7.1"/>
         <property name="proxyInformation" value="ProxyInformation{proxyOption=NO_PROXY, proxyServerType=HTTP, password=, proxyServerAddress=, proxyServerPort=0}"/>
         <property name="platform" value="Windows 10"/>
      </properties>
      <testcase name="Test Cases/New Folder/TC2 NEW" classname="Test Cases/New Folder/TC2 NEW" status="FAILED">
         <failure type="FAILED" message="Unable to set text 'DP_EBLOX_RPP_VASCO' of object 'Object Repository/Page_mysdworx - Log in/input_Username' (Root cause: com.kms.katalon.core.webui.exception.WebElementNotFoundException: Web element with id: 'Object Repository/Page_mysdworx - Log in/input_Username' located by 'By.xpath: //input[@id = 'Username' and @name = 'Username' and @type = 'text']' not found)"/>
         <system-out><![CDATA[2018-08-22 14:42:13 - [TEST_CASE][FAILED] - Test Cases/New Folder/TC2 NEW: Test Cases/New Folder/TC2 NEW FAILED because (of) Unable to set text 'DP_EBLOX_RPP_VASCO' of object 'Object Repository/Page_mysdworx - Log in/input_Username' (Root cause: com.kms.katalon.core.webui.exception.WebElementNotFoundException: Web element with id: 'Object Repository/Page_mysdworx - Log in/input_Username' located by 'By.xpath: //input[@id = 'Username' and @name = 'Username' and @type = 'text']' not found)

2018-08-22 14:42:13 - [TEST_STEP][FAILED] - callTestCase: Unable to call Test Case with id 'Test Cases/Login/TC1 Login to Mysdworx' (Root cause: Call Test Case 'Test Cases/Login/TC1 Login to Mysdworx' failed)

2018-08-22 14:42:14 - [TEST_CASE][FAILED] - Test Cases/Login/TC1 Login to Mysdworx: Test Cases/Login/TC1 Login to Mysdworx FAILED because (of) Unable to set text 'DP_EBLOX_RPP_VASCO' of object 'Object Repository/Page_mysdworx - Log in/input_Username' (Root cause: com.kms.katalon.core.webui.exception.WebElementNotFoundException: Web element with id: 'Object Repository/Page_mysdworx - Log in/input_Username' located by 'By.xpath: //input[@id = 'Username' and @name = 'Username' and @type = 'text']' not found)

2018-08-22 14:42:14 - [TEST_STEP][PASSED] - openBrowser: Browser is opened with url: ''

2018-08-22 14:42:17 - [MESSAGE][PASSED] - Browser is opened with url: ''

2018-08-22 14:42:17 - [TEST_STEP][PASSED] - navigateToUrl: Navigate to 'https://internet.acc.sd.dika.be/ebloxreporting/web.sensitive/main/?lang=fr' successfully

2018-08-22 14:43:36 - [MESSAGE][PASSED] - Navigate to 'https://internet.acc.sd.dika.be/ebloxreporting/web.sensitive/main/?lang=fr' successfully

2018-08-22 14:43:36 - [TEST_STEP][PASSED] - maximizeWindow: Current window maximized

2018-08-22 14:43:37 - [MESSAGE][PASSED] - Current window maximized

2018-08-22 14:43:37 - [TEST_STEP][FAILED] - setText: Unable to set text 'DP_EBLOX_RPP_VASCO' of object 'Object Repository/Page_mysdworx - Log in/input_Username' (Root cause: com.kms.katalon.core.webui.exception.WebElementNotFoundException: Web element with id: 'Object Repository/Page_mysdworx - Log in/input_Username' located by 'By.xpath: //input[@id = 'Username' and @name = 'Username' and @type = 'text']' not found)

2018-08-22 14:44:09 - [MESSAGE][FAILED] - Unable to set text 'DP_EBLOX_RPP_VASCO' of object 'Object Repository/Page_mysdworx - Log in/input_Username' (Root cause: com.kms.katalon.core.webui.exception.WebElementNotFoundException: Web element with id: 'Object Repository/Page_mysdworx - Log in/input_Username' located by 'By.xpath: //input[@id = 'Username' and @name = 'Username' and @type = 'text']' not found)
[[ATTACHMENT|C:\\Users\\seeboruts\\OneDrive - SD Worx\\Desktop\\Katalon_eBlox_Reporting\\Reports\\testing\\Eblox Reporting DEmo\\20180822_144210\\1534934648860.png]]

2018-08-22 14:44:09 - [MESSAGE][FAILED] - Unable to call Test Case with id 'Test Cases/Login/TC1 Login to Mysdworx' (Root cause: Call Test Case 'Test Cases/Login/TC1 Login to Mysdworx' failed)]]></system-out>
         <system-err><![CDATA[2018-08-22 14:42:13 - [TEST_CASE][FAILED] - Test Cases/New Folder/TC2 NEW: Test Cases/New Folder/TC2 NEW FAILED because (of) Unable to set text 'DP_EBLOX_RPP_VASCO' of object 'Object Repository/Page_mysdworx - Log in/input_Username' (Root cause: com.kms.katalon.core.webui.exception.WebElementNotFoundException: Web element with id: 'Object Repository/Page_mysdworx - Log in/input_Username' located by 'By.xpath: //input[@id = 'Username' and @name = 'Username' and @type = 'text']' not found)]]></system-err>
      </testcase>
      <system-out><![CDATA[2018-08-22 14:42:13 - [TEST_SUITE][FAILED] - Eblox Reporting DEmo: Test Cases/New Folder/TC2 NEW FAILED because (of) Unable to set text 'DP_EBLOX_RPP_VASCO' of object 'Object Repository/Page_mysdworx - Log in/input_Username' (Root cause: com.kms.katalon.core.webui.exception.WebElementNotFoundException: Web element with id: 'Object Repository/Page_mysdworx - Log in/input_Username' located by 'By.xpath: //input[@id = 'Username' and @name = 'Username' and @type = 'text']' not found)]]></system-out>
      <system-err><![CDATA[2018-08-22 14:42:13 - [TEST_SUITE][FAILED] - Eblox Reporting DEmo: Test Cases/New Folder/TC2 NEW FAILED because (of) Unable to set text 'DP_EBLOX_RPP_VASCO' of object 'Object Repository/Page_mysdworx - Log in/input_Username' (Root cause: com.kms.katalon.core.webui.exception.WebElementNotFoundException: Web element with id: 'Object Repository/Page_mysdworx - Log in/input_Username' located by 'By.xpath: //input[@id = 'Username' and @name = 'Username' and @type = 'text']' not found)]]></system-err>
   </testsuite>
</testsuites>
