<?xml version="1.0" encoding="UTF-8"?>
<testsuites name="Eblox Reporting DEmo" time="41" tests="0" failures="1" errors="0">
   <testsuite name="Eblox Reporting DEmo" tests="0" failures="1" errors="0" time="41" timestamp="2018-08-22 15:21:19" hostname="SEEBORUTS - 5CG7062KWD.SD.DIKA.BE" id="Test Suites/testing/Eblox Reporting DEmo">
      <properties>
         <property name="deviceName" value=""/>
         <property name="devicePlatform" value=""/>
         <property name="logFolder" value="C:\\Users\\seeboruts\\OneDrive - SD Worx\\Desktop\\Katalon_eBlox_Reporting\\Reports\\testing\\Eblox Reporting DEmo\\20180822_152117"/>
         <property name="logFiles" value="C:\\Users\\seeboruts\\OneDrive - SD Worx\\Desktop\\Katalon_eBlox_Reporting\\Reports\\testing\\Eblox Reporting DEmo\\20180822_152117\\execution0.log"/>
         <property name="attachments" value=""/>
         <property name="hostName" value="SEEBORUTS - 5CG7062KWD.SD.DIKA.BE"/>
         <property name="os" value="Windows 10 64bit"/>
         <property name="katalonVersion" value="5.6.0.1"/>
         <property name="browser" value="Chrome 68.0.3440.106"/>
         <property name="hostAddress" value="10.136.82.137"/>
         <property name="sessionId" value="c41453afc6b398d567088e9ce606cf61"/>
         <property name="seleniumVersion" value="3.7.1"/>
         <property name="proxyInformation" value="ProxyInformation{proxyOption=NO_PROXY, proxyServerType=HTTP, password=, proxyServerAddress=, proxyServerPort=0}"/>
         <property name="platform" value="Windows 10"/>
      </properties>
      <testcase name="Test Cases/New Folder/TC2 NEW" classname="Test Cases/New Folder/TC2 NEW" status="FAILED">
         <failure type="FAILED" message="Unable to wait for object 'Object Repository/Change language link Obj/NL_language' to be clickable (Root cause: org.openqa.selenium.NoSuchWindowException: no such window: target window already closed
from unknown error: web view not found
  (Session info: chrome=68.0.3440.106)
  (Driver info: chromedriver=2.35.528161 (5b82f2d2aae0ca24b877009200ced9065a772e73),platform=Windows NT 10.0.16299 x86_64) (WARNING: The server did not provide any stacktrace information)
Command duration or timeout: 0 milliseconds
Build info: version: '3.7.1', revision: '8a0099a', time: '2017-11-06T21:07:36.161Z'
System info: host: '5CG7062KWD', ip: '10.136.82.137', os.name: 'Windows 10', os.arch: 'amd64', os.version: '10.0', java.version: '1.8.0_181'
Driver info: com.kms.katalon.selenium.driver.CChromeDriver
Capabilities {acceptInsecureCerts: false, acceptSslCerts: false, applicationCacheEnabled: false, browserConnectionEnabled: false, browserName: chrome, chrome: {chromedriverVersion: 2.35.528161 (5b82f2d2aae0ca..., userDataDir: C:\Users\SEEBOR~1\AppData\L...}, cssSelectorsEnabled: true, databaseEnabled: false, handlesAlerts: true, hasTouchScreen: false, javascriptEnabled: true, locationContextEnabled: true, mobileEmulationEnabled: false, nativeEvents: true, networkConnectionEnabled: false, pageLoadStrategy: normal, platform: XP, platformName: XP, rotatable: false, setWindowRect: true, takesHeapSnapshot: true, takesScreenshot: true, unexpectedAlertBehaviour: , unhandledPromptBehavior: , version: 68.0.3440.106, webStorageEnabled: true}
Session ID: c41453afc6b398d567088e9ce606cf61
*** Element info: {Using=xpath, value=id(&quot;navbar-anchor&quot;)/div[@class=&quot;nav nav-navbar&quot;]/div[@class=&quot;user-info navbar-right hidden-xs&quot;]/div[@class=&quot;user-actions&quot;]/rapp-language-switcher[@class=&quot;ng-isolate-scope&quot;]/ul[@class=&quot;list-inline list-unstyled lang&quot;]/li[@class=&quot;ng-scope&quot;]/a[@class=&quot;ng-binding&quot;][count(. | //a[@ng-click = 'changeLanguageVm.switchPageToLanguage(lang)' and (text() = '
            NL   
        ' or . = '
            NL   
        ')]) = count(//a[@ng-click = 'changeLanguageVm.switchPageToLanguage(lang)' and (text() = '
            NL   
        ' or . = '
            NL   
        ')])]})"/>
         <system-out><![CDATA[2018-08-22 15:21:19 - [TEST_CASE][FAILED] - Test Cases/New Folder/TC2 NEW: Test Cases/New Folder/TC2 NEW FAILED because (of) Unable to wait for object 'Object Repository/Change language link Obj/NL_language' to be clickable (Root cause: org.openqa.selenium.NoSuchWindowException: no such window: target window already closed
from unknown error: web view not found
  (Session info: chrome=68.0.3440.106)
  (Driver info: chromedriver=2.35.528161 (5b82f2d2aae0ca24b877009200ced9065a772e73),platform=Windows NT 10.0.16299 x86_64) (WARNING: The server did not provide any stacktrace information)
Command duration or timeout: 0 milliseconds
Build info: version: '3.7.1', revision: '8a0099a', time: '2017-11-06T21:07:36.161Z'
System info: host: '5CG7062KWD', ip: '10.136.82.137', os.name: 'Windows 10', os.arch: 'amd64', os.version: '10.0', java.version: '1.8.0_181'
Driver info: com.kms.katalon.selenium.driver.CChromeDriver
Capabilities {acceptInsecureCerts: false, acceptSslCerts: false, applicationCacheEnabled: false, browserConnectionEnabled: false, browserName: chrome, chrome: {chromedriverVersion: 2.35.528161 (5b82f2d2aae0ca..., userDataDir: C:\Users\SEEBOR~1\AppData\L...}, cssSelectorsEnabled: true, databaseEnabled: false, handlesAlerts: true, hasTouchScreen: false, javascriptEnabled: true, locationContextEnabled: true, mobileEmulationEnabled: false, nativeEvents: true, networkConnectionEnabled: false, pageLoadStrategy: normal, platform: XP, platformName: XP, rotatable: false, setWindowRect: true, takesHeapSnapshot: true, takesScreenshot: true, unexpectedAlertBehaviour: , unhandledPromptBehavior: , version: 68.0.3440.106, webStorageEnabled: true}
Session ID: c41453afc6b398d567088e9ce606cf61
*** Element info: {Using=xpath, value=id("navbar-anchor")/div[@class="nav nav-navbar"]/div[@class="user-info navbar-right hidden-xs"]/div[@class="user-actions"]/rapp-language-switcher[@class="ng-isolate-scope"]/ul[@class="list-inline list-unstyled lang"]/li[@class="ng-scope"]/a[@class="ng-binding"][count(. | //a[@ng-click = 'changeLanguageVm.switchPageToLanguage(lang)' and (text() = '
            NL   
        ' or . = '
            NL   
        ')]) = count(//a[@ng-click = 'changeLanguageVm.switchPageToLanguage(lang)' and (text() = '
            NL   
        ' or . = '
            NL   
        ')])]})

2018-08-22 15:21:20 - [TEST_STEP][PASSED] - callTestCase: Call Test Case 'Test Cases/Login/TC1 Login to Mysdworx' successfully

2018-08-22 15:21:20 - [TEST_CASE][PASSED] - Test Cases/Login/TC1 Login to Mysdworx: Test Cases/Login/TC1 Login to Mysdworx

2018-08-22 15:21:20 - [TEST_STEP][PASSED] - openBrowser: Browser is opened with url: ''

2018-08-22 15:21:23 - [MESSAGE][PASSED] - Browser is opened with url: ''

2018-08-22 15:21:23 - [TEST_STEP][PASSED] - navigateToUrl: Navigate to 'https://internet.acc.sd.dika.be/ebloxreporting/web.sensitive/main/?lang=fr' successfully

2018-08-22 15:21:29 - [MESSAGE][PASSED] - Navigate to 'https://internet.acc.sd.dika.be/ebloxreporting/web.sensitive/main/?lang=fr' successfully

2018-08-22 15:21:29 - [TEST_STEP][PASSED] - maximizeWindow: Current window maximized

2018-08-22 15:21:30 - [MESSAGE][PASSED] - Current window maximized

2018-08-22 15:21:30 - [TEST_STEP][PASSED] - setText: Text 'DP_EBLOX_RPP_VASCO' is set on object 'Object Repository/Page_mysdworx - Log in/input_Username'

2018-08-22 15:21:39 - [MESSAGE][PASSED] - Text 'DP_EBLOX_RPP_VASCO' is set on object 'Object Repository/Page_mysdworx - Log in/input_Username'

2018-08-22 15:21:39 - [TEST_STEP][PASSED] - Statement - frame = new javax.swing.JFrame(User Input Frame): null

2018-08-22 15:21:39 - [TEST_STEP][PASSED] - Statement - frame.requestFocus(): null

2018-08-22 15:21:39 - [TEST_STEP][PASSED] - Statement - pass = javax.swing.JOptionPane.showInputDialog(frame, "Enter the password from token!!"): null

2018-08-22 15:21:42 - [TEST_STEP][PASSED] - delay: Delayed 2 second(s)

2018-08-22 15:21:44 - [MESSAGE][PASSED] - Delayed 2 second(s)

2018-08-22 15:21:44 - [TEST_STEP][PASSED] - setText: Text '5515219' is set on object 'Object Repository/Page_mysdworx - Log in/input_Password'

2018-08-22 15:21:44 - [MESSAGE][PASSED] - Text '5515219' is set on object 'Object Repository/Page_mysdworx - Log in/input_Password'

2018-08-22 15:21:44 - [TEST_STEP][PASSED] - click: Object: 'Object Repository/Page_mysdworx - Log in/button_Se connecter' is clicked on

2018-08-22 15:21:44 - [MESSAGE][PASSED] - Object: 'Object Repository/Page_mysdworx - Log in/button_Se connecter' is clicked on

2018-08-22 15:21:44 - [TEST_STEP][PASSED] - waitForPageLoad: Wait for page load successfully

2018-08-22 15:21:44 - [MESSAGE][PASSED] - Wait for page load successfully

2018-08-22 15:21:44 - [TEST_STEP][NOT_RUN] - closeBrowser: NOT_RUN: closeBrowser

2018-08-22 15:21:44 - [MESSAGE][NOT_RUN] - NOT_RUN: closeBrowser

2018-08-22 15:21:44 - [MESSAGE][PASSED] - Call Test Case 'Test Cases/Login/TC1 Login to Mysdworx' successfully

2018-08-22 15:21:44 - [TEST_STEP][PASSED] - waitForPageLoad: Wait for page load successfully

2018-08-22 15:21:44 - [MESSAGE][PASSED] - Wait for page load successfully

2018-08-22 15:21:44 - [TEST_STEP][FAILED] - callTestCase: Unable to call Test Case with id 'Test Cases/Select Language/TC1 Verify NL language' (Root cause: Call Test Case 'Test Cases/Select Language/TC1 Verify NL language' failed)

2018-08-22 15:21:44 - [TEST_CASE][FAILED] - Test Cases/Select Language/TC1 Verify NL language: Test Cases/Select Language/TC1 Verify NL language FAILED because (of) Unable to wait for object 'Object Repository/Change language link Obj/NL_language' to be clickable (Root cause: org.openqa.selenium.NoSuchWindowException: no such window: target window already closed
from unknown error: web view not found
  (Session info: chrome=68.0.3440.106)
  (Driver info: chromedriver=2.35.528161 (5b82f2d2aae0ca24b877009200ced9065a772e73),platform=Windows NT 10.0.16299 x86_64) (WARNING: The server did not provide any stacktrace information)
Command duration or timeout: 0 milliseconds
Build info: version: '3.7.1', revision: '8a0099a', time: '2017-11-06T21:07:36.161Z'
System info: host: '5CG7062KWD', ip: '10.136.82.137', os.name: 'Windows 10', os.arch: 'amd64', os.version: '10.0', java.version: '1.8.0_181'
Driver info: com.kms.katalon.selenium.driver.CChromeDriver
Capabilities {acceptInsecureCerts: false, acceptSslCerts: false, applicationCacheEnabled: false, browserConnectionEnabled: false, browserName: chrome, chrome: {chromedriverVersion: 2.35.528161 (5b82f2d2aae0ca..., userDataDir: C:\Users\SEEBOR~1\AppData\L...}, cssSelectorsEnabled: true, databaseEnabled: false, handlesAlerts: true, hasTouchScreen: false, javascriptEnabled: true, locationContextEnabled: true, mobileEmulationEnabled: false, nativeEvents: true, networkConnectionEnabled: false, pageLoadStrategy: normal, platform: XP, platformName: XP, rotatable: false, setWindowRect: true, takesHeapSnapshot: true, takesScreenshot: true, unexpectedAlertBehaviour: , unhandledPromptBehavior: , version: 68.0.3440.106, webStorageEnabled: true}
Session ID: c41453afc6b398d567088e9ce606cf61
*** Element info: {Using=xpath, value=id("navbar-anchor")/div[@class="nav nav-navbar"]/div[@class="user-info navbar-right hidden-xs"]/div[@class="user-actions"]/rapp-language-switcher[@class="ng-isolate-scope"]/ul[@class="list-inline list-unstyled lang"]/li[@class="ng-scope"]/a[@class="ng-binding"][count(. | //a[@ng-click = 'changeLanguageVm.switchPageToLanguage(lang)' and (text() = '
            NL   
        ' or . = '
            NL   
        ')]) = count(//a[@ng-click = 'changeLanguageVm.switchPageToLanguage(lang)' and (text() = '
            NL   
        ' or . = '
            NL   
        ')])]})

2018-08-22 15:21:45 - [TEST_STEP][FAILED] - waitForElementClickable: Unable to wait for object 'Object Repository/Change language link Obj/NL_language' to be clickable (Root cause: org.openqa.selenium.NoSuchWindowException: no such window: target window already closed
from unknown error: web view not found
  (Session info: chrome=68.0.3440.106)
  (Driver info: chromedriver=2.35.528161 (5b82f2d2aae0ca24b877009200ced9065a772e73),platform=Windows NT 10.0.16299 x86_64) (WARNING: The server did not provide any stacktrace information)
Command duration or timeout: 0 milliseconds
Build info: version: '3.7.1', revision: '8a0099a', time: '2017-11-06T21:07:36.161Z'
System info: host: '5CG7062KWD', ip: '10.136.82.137', os.name: 'Windows 10', os.arch: 'amd64', os.version: '10.0', java.version: '1.8.0_181'
Driver info: com.kms.katalon.selenium.driver.CChromeDriver
Capabilities {acceptInsecureCerts: false, acceptSslCerts: false, applicationCacheEnabled: false, browserConnectionEnabled: false, browserName: chrome, chrome: {chromedriverVersion: 2.35.528161 (5b82f2d2aae0ca..., userDataDir: C:\Users\SEEBOR~1\AppData\L...}, cssSelectorsEnabled: true, databaseEnabled: false, handlesAlerts: true, hasTouchScreen: false, javascriptEnabled: true, locationContextEnabled: true, mobileEmulationEnabled: false, nativeEvents: true, networkConnectionEnabled: false, pageLoadStrategy: normal, platform: XP, platformName: XP, rotatable: false, setWindowRect: true, takesHeapSnapshot: true, takesScreenshot: true, unexpectedAlertBehaviour: , unhandledPromptBehavior: , version: 68.0.3440.106, webStorageEnabled: true}
Session ID: c41453afc6b398d567088e9ce606cf61
*** Element info: {Using=xpath, value=id("navbar-anchor")/div[@class="nav nav-navbar"]/div[@class="user-info navbar-right hidden-xs"]/div[@class="user-actions"]/rapp-language-switcher[@class="ng-isolate-scope"]/ul[@class="list-inline list-unstyled lang"]/li[@class="ng-scope"]/a[@class="ng-binding"][count(. | //a[@ng-click = 'changeLanguageVm.switchPageToLanguage(lang)' and (text() = '
            NL   
        ' or . = '
            NL   
        ')]) = count(//a[@ng-click = 'changeLanguageVm.switchPageToLanguage(lang)' and (text() = '
            NL   
        ' or . = '
            NL   
        ')])]})

2018-08-22 15:22:00 - [MESSAGE][WARNING] - Cannot take screenshot

2018-08-22 15:22:00 - [MESSAGE][FAILED] - Unable to wait for object 'Object Repository/Change language link Obj/NL_language' to be clickable (Root cause: org.openqa.selenium.NoSuchWindowException: no such window: target window already closed
from unknown error: web view not found
  (Session info: chrome=68.0.3440.106)
  (Driver info: chromedriver=2.35.528161 (5b82f2d2aae0ca24b877009200ced9065a772e73),platform=Windows NT 10.0.16299 x86_64) (WARNING: The server did not provide any stacktrace information)
Command duration or timeout: 0 milliseconds
Build info: version: '3.7.1', revision: '8a0099a', time: '2017-11-06T21:07:36.161Z'
System info: host: '5CG7062KWD', ip: '10.136.82.137', os.name: 'Windows 10', os.arch: 'amd64', os.version: '10.0', java.version: '1.8.0_181'
Driver info: com.kms.katalon.selenium.driver.CChromeDriver
Capabilities {acceptInsecureCerts: false, acceptSslCerts: false, applicationCacheEnabled: false, browserConnectionEnabled: false, browserName: chrome, chrome: {chromedriverVersion: 2.35.528161 (5b82f2d2aae0ca..., userDataDir: C:\Users\SEEBOR~1\AppData\L...}, cssSelectorsEnabled: true, databaseEnabled: false, handlesAlerts: true, hasTouchScreen: false, javascriptEnabled: true, locationContextEnabled: true, mobileEmulationEnabled: false, nativeEvents: true, networkConnectionEnabled: false, pageLoadStrategy: normal, platform: XP, platformName: XP, rotatable: false, setWindowRect: true, takesHeapSnapshot: true, takesScreenshot: true, unexpectedAlertBehaviour: , unhandledPromptBehavior: , version: 68.0.3440.106, webStorageEnabled: true}
Session ID: c41453afc6b398d567088e9ce606cf61
*** Element info: {Using=xpath, value=id("navbar-anchor")/div[@class="nav nav-navbar"]/div[@class="user-info navbar-right hidden-xs"]/div[@class="user-actions"]/rapp-language-switcher[@class="ng-isolate-scope"]/ul[@class="list-inline list-unstyled lang"]/li[@class="ng-scope"]/a[@class="ng-binding"][count(. | //a[@ng-click = 'changeLanguageVm.switchPageToLanguage(lang)' and (text() = '
            NL   
        ' or . = '
            NL   
        ')]) = count(//a[@ng-click = 'changeLanguageVm.switchPageToLanguage(lang)' and (text() = '
            NL   
        ' or . = '
            NL   
        ')])]})

2018-08-22 15:22:00 - [MESSAGE][FAILED] - Unable to call Test Case with id 'Test Cases/Select Language/TC1 Verify NL language' (Root cause: Call Test Case 'Test Cases/Select Language/TC1 Verify NL language' failed)]]></system-out>
         <system-err><![CDATA[2018-08-22 15:21:19 - [TEST_CASE][FAILED] - Test Cases/New Folder/TC2 NEW: Test Cases/New Folder/TC2 NEW FAILED because (of) Unable to wait for object 'Object Repository/Change language link Obj/NL_language' to be clickable (Root cause: org.openqa.selenium.NoSuchWindowException: no such window: target window already closed
from unknown error: web view not found
  (Session info: chrome=68.0.3440.106)
  (Driver info: chromedriver=2.35.528161 (5b82f2d2aae0ca24b877009200ced9065a772e73),platform=Windows NT 10.0.16299 x86_64) (WARNING: The server did not provide any stacktrace information)
Command duration or timeout: 0 milliseconds
Build info: version: '3.7.1', revision: '8a0099a', time: '2017-11-06T21:07:36.161Z'
System info: host: '5CG7062KWD', ip: '10.136.82.137', os.name: 'Windows 10', os.arch: 'amd64', os.version: '10.0', java.version: '1.8.0_181'
Driver info: com.kms.katalon.selenium.driver.CChromeDriver
Capabilities {acceptInsecureCerts: false, acceptSslCerts: false, applicationCacheEnabled: false, browserConnectionEnabled: false, browserName: chrome, chrome: {chromedriverVersion: 2.35.528161 (5b82f2d2aae0ca..., userDataDir: C:\Users\SEEBOR~1\AppData\L...}, cssSelectorsEnabled: true, databaseEnabled: false, handlesAlerts: true, hasTouchScreen: false, javascriptEnabled: true, locationContextEnabled: true, mobileEmulationEnabled: false, nativeEvents: true, networkConnectionEnabled: false, pageLoadStrategy: normal, platform: XP, platformName: XP, rotatable: false, setWindowRect: true, takesHeapSnapshot: true, takesScreenshot: true, unexpectedAlertBehaviour: , unhandledPromptBehavior: , version: 68.0.3440.106, webStorageEnabled: true}
Session ID: c41453afc6b398d567088e9ce606cf61
*** Element info: {Using=xpath, value=id("navbar-anchor")/div[@class="nav nav-navbar"]/div[@class="user-info navbar-right hidden-xs"]/div[@class="user-actions"]/rapp-language-switcher[@class="ng-isolate-scope"]/ul[@class="list-inline list-unstyled lang"]/li[@class="ng-scope"]/a[@class="ng-binding"][count(. | //a[@ng-click = 'changeLanguageVm.switchPageToLanguage(lang)' and (text() = '
            NL   
        ' or . = '
            NL   
        ')]) = count(//a[@ng-click = 'changeLanguageVm.switchPageToLanguage(lang)' and (text() = '
            NL   
        ' or . = '
            NL   
        ')])]})]]></system-err>
      </testcase>
      <system-out><![CDATA[2018-08-22 15:21:19 - [TEST_SUITE][FAILED] - Eblox Reporting DEmo: Test Cases/New Folder/TC2 NEW FAILED because (of) Unable to wait for object 'Object Repository/Change language link Obj/NL_language' to be clickable (Root cause: org.openqa.selenium.NoSuchWindowException: no such window: target window already closed
from unknown error: web view not found
  (Session info: chrome=68.0.3440.106)
  (Driver info: chromedriver=2.35.528161 (5b82f2d2aae0ca24b877009200ced9065a772e73),platform=Windows NT 10.0.16299 x86_64) (WARNING: The server did not provide any stacktrace information)
Command duration or timeout: 0 milliseconds
Build info: version: '3.7.1', revision: '8a0099a', time: '2017-11-06T21:07:36.161Z'
System info: host: '5CG7062KWD', ip: '10.136.82.137', os.name: 'Windows 10', os.arch: 'amd64', os.version: '10.0', java.version: '1.8.0_181'
Driver info: com.kms.katalon.selenium.driver.CChromeDriver
Capabilities {acceptInsecureCerts: false, acceptSslCerts: false, applicationCacheEnabled: false, browserConnectionEnabled: false, browserName: chrome, chrome: {chromedriverVersion: 2.35.528161 (5b82f2d2aae0ca..., userDataDir: C:\Users\SEEBOR~1\AppData\L...}, cssSelectorsEnabled: true, databaseEnabled: false, handlesAlerts: true, hasTouchScreen: false, javascriptEnabled: true, locationContextEnabled: true, mobileEmulationEnabled: false, nativeEvents: true, networkConnectionEnabled: false, pageLoadStrategy: normal, platform: XP, platformName: XP, rotatable: false, setWindowRect: true, takesHeapSnapshot: true, takesScreenshot: true, unexpectedAlertBehaviour: , unhandledPromptBehavior: , version: 68.0.3440.106, webStorageEnabled: true}
Session ID: c41453afc6b398d567088e9ce606cf61
*** Element info: {Using=xpath, value=id("navbar-anchor")/div[@class="nav nav-navbar"]/div[@class="user-info navbar-right hidden-xs"]/div[@class="user-actions"]/rapp-language-switcher[@class="ng-isolate-scope"]/ul[@class="list-inline list-unstyled lang"]/li[@class="ng-scope"]/a[@class="ng-binding"][count(. | //a[@ng-click = 'changeLanguageVm.switchPageToLanguage(lang)' and (text() = '
            NL   
        ' or . = '
            NL   
        ')]) = count(//a[@ng-click = 'changeLanguageVm.switchPageToLanguage(lang)' and (text() = '
            NL   
        ' or . = '
            NL   
        ')])]})]]></system-out>
      <system-err><![CDATA[2018-08-22 15:21:19 - [TEST_SUITE][FAILED] - Eblox Reporting DEmo: Test Cases/New Folder/TC2 NEW FAILED because (of) Unable to wait for object 'Object Repository/Change language link Obj/NL_language' to be clickable (Root cause: org.openqa.selenium.NoSuchWindowException: no such window: target window already closed
from unknown error: web view not found
  (Session info: chrome=68.0.3440.106)
  (Driver info: chromedriver=2.35.528161 (5b82f2d2aae0ca24b877009200ced9065a772e73),platform=Windows NT 10.0.16299 x86_64) (WARNING: The server did not provide any stacktrace information)
Command duration or timeout: 0 milliseconds
Build info: version: '3.7.1', revision: '8a0099a', time: '2017-11-06T21:07:36.161Z'
System info: host: '5CG7062KWD', ip: '10.136.82.137', os.name: 'Windows 10', os.arch: 'amd64', os.version: '10.0', java.version: '1.8.0_181'
Driver info: com.kms.katalon.selenium.driver.CChromeDriver
Capabilities {acceptInsecureCerts: false, acceptSslCerts: false, applicationCacheEnabled: false, browserConnectionEnabled: false, browserName: chrome, chrome: {chromedriverVersion: 2.35.528161 (5b82f2d2aae0ca..., userDataDir: C:\Users\SEEBOR~1\AppData\L...}, cssSelectorsEnabled: true, databaseEnabled: false, handlesAlerts: true, hasTouchScreen: false, javascriptEnabled: true, locationContextEnabled: true, mobileEmulationEnabled: false, nativeEvents: true, networkConnectionEnabled: false, pageLoadStrategy: normal, platform: XP, platformName: XP, rotatable: false, setWindowRect: true, takesHeapSnapshot: true, takesScreenshot: true, unexpectedAlertBehaviour: , unhandledPromptBehavior: , version: 68.0.3440.106, webStorageEnabled: true}
Session ID: c41453afc6b398d567088e9ce606cf61
*** Element info: {Using=xpath, value=id("navbar-anchor")/div[@class="nav nav-navbar"]/div[@class="user-info navbar-right hidden-xs"]/div[@class="user-actions"]/rapp-language-switcher[@class="ng-isolate-scope"]/ul[@class="list-inline list-unstyled lang"]/li[@class="ng-scope"]/a[@class="ng-binding"][count(. | //a[@ng-click = 'changeLanguageVm.switchPageToLanguage(lang)' and (text() = '
            NL   
        ' or . = '
            NL   
        ')]) = count(//a[@ng-click = 'changeLanguageVm.switchPageToLanguage(lang)' and (text() = '
            NL   
        ' or . = '
            NL   
        ')])]})]]></system-err>
   </testsuite>
</testsuites>
