<?xml version="1.0" encoding="UTF-8"?>
<testsuites name="Demo" time="1274" tests="11" failures="4" errors="0">
   <testsuite name="Demo" tests="11" failures="4" errors="0" time="1274" timestamp="2018-08-22 11:01:55" hostname="SEEBORUTS - 5CG7062KWD.SD.DIKA.BE" id="Test Suites/testing/Demo">
      <properties>
         <property name="deviceName" value=""/>
         <property name="devicePlatform" value=""/>
         <property name="logFolder" value="C:\\Users\\seeboruts\\OneDrive - SD Worx\\Desktop\\Katalon_eBlox_Reporting\\Reports\\testing\\Demo\\20180822_110153"/>
         <property name="logFiles" value="C:\\Users\\seeboruts\\OneDrive - SD Worx\\Desktop\\Katalon_eBlox_Reporting\\Reports\\testing\\Demo\\20180822_110153\\execution0.log"/>
         <property name="attachments" value="C:\\Users\\seeboruts\\OneDrive - SD Worx\\Desktop\\Katalon_eBlox_Reporting\\Reports\\testing\\Demo\\20180822_110153\\1534921784529.png, C:\\Users\\seeboruts\\OneDrive - SD Worx\\Desktop\\Katalon_eBlox_Reporting\\Reports\\testing\\Demo\\20180822_110153\\1534921861070.png, C:\\Users\\seeboruts\\OneDrive - SD Worx\\Desktop\\Katalon_eBlox_Reporting\\Reports\\testing\\Demo\\20180822_110153\\1534922513541.png, C:\\Users\\seeboruts\\OneDrive - SD Worx\\Desktop\\Katalon_eBlox_Reporting\\Reports\\testing\\Demo\\20180822_110153\\1534922589142.png"/>
         <property name="hostName" value="SEEBORUTS - 5CG7062KWD.SD.DIKA.BE"/>
         <property name="os" value="Windows 10 64bit"/>
         <property name="katalonVersion" value="5.6.0.1"/>
         <property name="browser" value="Chrome 68.0.3440.106"/>
         <property name="hostAddress" value="10.136.82.137"/>
         <property name="sessionId" value="443352923012e922b57d998f4edbc924"/>
         <property name="seleniumVersion" value="3.7.1"/>
         <property name="proxyInformation" value="ProxyInformation{proxyOption=NO_PROXY, proxyServerType=HTTP, password=, proxyServerAddress=, proxyServerPort=0}"/>
         <property name="platform" value="Windows 10"/>
      </properties>
      <testcase name="Test Cases/New Folder/TC2 NEW" classname="Test Cases/New Folder/TC2 NEW" status="PASSED">
         <system-out><![CDATA[2018-08-22 11:01:56 - [TEST_CASE][PASSED] - Test Cases/New Folder/TC2 NEW: Test Cases/New Folder/TC2 NEW

2018-08-22 11:01:56 - [TEST_STEP][PASSED] - callTestCase: Call Test Case 'Test Cases/Login/TC1 Login to Mysdworx' successfully

2018-08-22 11:01:56 - [TEST_CASE][PASSED] - Test Cases/Login/TC1 Login to Mysdworx: Test Cases/Login/TC1 Login to Mysdworx

2018-08-22 11:01:57 - [TEST_STEP][PASSED] - openBrowser: Browser is opened with url: ''

2018-08-22 11:02:00 - [MESSAGE][PASSED] - Browser is opened with url: ''

2018-08-22 11:02:00 - [TEST_STEP][PASSED] - navigateToUrl: Navigate to 'https://internet.acc.sd.dika.be/ebloxreporting/web.sensitive/main/?lang=fr' successfully

2018-08-22 11:02:05 - [MESSAGE][PASSED] - Navigate to 'https://internet.acc.sd.dika.be/ebloxreporting/web.sensitive/main/?lang=fr' successfully

2018-08-22 11:02:05 - [TEST_STEP][PASSED] - maximizeWindow: Current window maximized

2018-08-22 11:02:06 - [MESSAGE][PASSED] - Current window maximized

2018-08-22 11:02:06 - [TEST_STEP][PASSED] - setText: Text 'DP_EBLOX_RPP_VASCO' is set on object 'Object Repository/Page_mysdworx - Log in/input_Username'

2018-08-22 11:02:10 - [MESSAGE][PASSED] - Text 'DP_EBLOX_RPP_VASCO' is set on object 'Object Repository/Page_mysdworx - Log in/input_Username'

2018-08-22 11:02:10 - [TEST_STEP][PASSED] - Statement - frame = new javax.swing.JFrame(User Input Frame): null

2018-08-22 11:02:10 - [TEST_STEP][PASSED] - Statement - frame.requestFocus(): null

2018-08-22 11:02:10 - [TEST_STEP][PASSED] - Statement - pass = javax.swing.JOptionPane.showInputDialog(frame, "Enter the password from token!!"): null

2018-08-22 11:02:51 - [TEST_STEP][PASSED] - delay: Delayed 2 second(s)

2018-08-22 11:02:53 - [MESSAGE][PASSED] - Delayed 2 second(s)

2018-08-22 11:02:53 - [TEST_STEP][PASSED] - setText: Text '128279' is set on object 'Object Repository/Page_mysdworx - Log in/input_Password'

2018-08-22 11:02:53 - [MESSAGE][PASSED] - Text '128279' is set on object 'Object Repository/Page_mysdworx - Log in/input_Password'

2018-08-22 11:02:53 - [TEST_STEP][PASSED] - click: Object: 'Object Repository/Page_mysdworx - Log in/button_Se connecter' is clicked on

2018-08-22 11:02:58 - [MESSAGE][PASSED] - Object: 'Object Repository/Page_mysdworx - Log in/button_Se connecter' is clicked on

2018-08-22 11:02:58 - [TEST_STEP][PASSED] - waitForPageLoad: Wait for page load successfully

2018-08-22 11:02:58 - [MESSAGE][PASSED] - Wait for page load successfully

2018-08-22 11:02:58 - [TEST_STEP][NOT_RUN] - closeBrowser: NOT_RUN: closeBrowser

2018-08-22 11:02:58 - [MESSAGE][NOT_RUN] - NOT_RUN: closeBrowser

2018-08-22 11:02:58 - [MESSAGE][PASSED] - Call Test Case 'Test Cases/Login/TC1 Login to Mysdworx' successfully

2018-08-22 11:02:58 - [TEST_STEP][PASSED] - waitForPageLoad: Wait for page load successfully

2018-08-22 11:02:58 - [MESSAGE][PASSED] - Wait for page load successfully

2018-08-22 11:02:58 - [TEST_STEP][PASSED] - callTestCase: Call Test Case 'Test Cases/Select Language/TC1 Verify NL language' successfully

2018-08-22 11:02:58 - [TEST_CASE][PASSED] - Test Cases/Select Language/TC1 Verify NL language: Test Cases/Select Language/TC1 Verify NL language

2018-08-22 11:02:58 - [TEST_STEP][PASSED] - waitForElementClickable: Object 'Object Repository/Change language link Obj/NL_language' is clickable

2018-08-22 11:03:20 - [MESSAGE][PASSED] - Object 'Object Repository/Change language link Obj/NL_language' is clickable

2018-08-22 11:03:20 - [TEST_STEP][PASSED] - click: Object: 'Object Repository/Change language link Obj/NL_language' is clicked on

2018-08-22 11:03:25 - [MESSAGE][PASSED] - Object: 'Object Repository/Change language link Obj/NL_language' is clicked on

2018-08-22 11:03:25 - [TEST_STEP][PASSED] - waitForPageLoad: Wait for page load successfully

2018-08-22 11:03:25 - [MESSAGE][PASSED] - Wait for page load successfully

2018-08-22 11:03:25 - [MESSAGE][PASSED] - Call Test Case 'Test Cases/Select Language/TC1 Verify NL language' successfully

2018-08-22 11:03:25 - [TEST_STEP][PASSED] - waitForPageLoad: Wait for page load successfully

2018-08-22 11:03:25 - [MESSAGE][PASSED] - Wait for page load successfully

2018-08-22 11:03:25 - [TEST_STEP][PASSED] - callTestCase: Call Test Case 'Test Cases/Mes rapports/Verify Nouveau rapport button' successfully

2018-08-22 11:03:25 - [TEST_CASE][PASSED] - Test Cases/Mes rapports/Verify Nouveau rapport button: Test Cases/Mes rapports/Verify Nouveau rapport button

2018-08-22 11:03:25 - [TEST_STEP][PASSED] - click: Object: 'Object Repository/Mes rapports Obj/button_Nouveau rapport' is clicked on

2018-08-22 11:03:27 - [MESSAGE][PASSED] - Object: 'Object Repository/Mes rapports Obj/button_Nouveau rapport' is clicked on

2018-08-22 11:03:27 - [TEST_STEP][PASSED] - waitForPageLoad: Wait for page load successfully

2018-08-22 11:03:27 - [MESSAGE][PASSED] - Wait for page load successfully

2018-08-22 11:03:27 - [MESSAGE][PASSED] - Call Test Case 'Test Cases/Mes rapports/Verify Nouveau rapport button' successfully

2018-08-22 11:03:27 - [TEST_STEP][PASSED] - waitForPageLoad: Wait for page load successfully

2018-08-22 11:03:27 - [MESSAGE][PASSED] - Wait for page load successfully

2018-08-22 11:03:27 - [TEST_STEP][PASSED] - callTestCase: Call Test Case 'Test Cases/Mes rapports/Mes rapports - BASE DE RAPPORT/TC1  Verify radio button creer un tout nouveau rapport' successfully

2018-08-22 11:03:27 - [TEST_CASE][PASSED] - Test Cases/Mes rapports/Mes rapports - BASE DE RAPPORT/TC1  Verify radio button creer un tout nouveau rapport: Test Cases/Mes rapports/Mes rapports - BASE DE RAPPORT/TC1  Verify radio button creer un tout nouveau rapport

2018-08-22 11:03:28 - [TEST_STEP][PASSED] - Statement - radioButton = com.kms.katalon.core.webui.keyword.WebUiBuiltInKeywords.modifyObjectProperty(com.kms.katalon.core.testobject.ObjectRepository.findTestObject(Mes rapports Obj/BASE DE RAPPORT/radioButton_Creer un tout nouveau rapport), "name", "equals", "typeRapport", true): Modify property of object successfully

2018-08-22 11:03:28 - [MESSAGE][PASSED] - Modify property of object successfully

2018-08-22 11:03:28 - [TEST_STEP][PASSED] - click: Object: 'Object Repository/Mes rapports Obj/BASE DE RAPPORT/radioButton_Creer un tout nouveau rapport' is clicked on

2018-08-22 11:03:28 - [MESSAGE][PASSED] - Object: 'Object Repository/Mes rapports Obj/BASE DE RAPPORT/radioButton_Creer un tout nouveau rapport' is clicked on

2018-08-22 11:03:28 - [MESSAGE][PASSED] - Call Test Case 'Test Cases/Mes rapports/Mes rapports - BASE DE RAPPORT/TC1  Verify radio button creer un tout nouveau rapport' successfully

2018-08-22 11:03:28 - [TEST_STEP][PASSED] - callTestCase: Call Test Case 'Test Cases/Verify URL/TC Verify Url' successfully

2018-08-22 11:03:28 - [TEST_CASE][PASSED] - Test Cases/Verify URL/TC Verify Url: Test Cases/Verify URL/TC Verify Url

2018-08-22 11:03:28 - [TEST_STEP][PASSED] - waitForPageLoad: Wait for page load successfully

2018-08-22 11:03:28 - [MESSAGE][PASSED] - Wait for page load successfully

2018-08-22 11:03:28 - [TEST_STEP][PASSED] - Statement - url = com.kms.katalon.core.webui.keyword.WebUiBuiltInKeywords.getUrl(): Current window's url is: 'https://internet.acc.sd.dika.be/ebloxreporting/web.sensitive/main/FpyDF/iIz9g8MffKNXfNyb1H/NL/#/definitie/wizard/extern/start'

2018-08-22 11:03:29 - [MESSAGE][PASSED] - Current window's url is: 'https://internet.acc.sd.dika.be/ebloxreporting/web.sensitive/main/FpyDF/iIz9g8MffKNXfNyb1H/NL/#/definitie/wizard/extern/start'

2018-08-22 11:03:29 - [TEST_STEP][PASSED] - Statement - p = java.util.regex.Pattern.compile("00040 ANTILOPE GROEP"): null

2018-08-22 11:03:29 - [TEST_STEP][PASSED] - Statement - m = p.matcher(url): null

2018-08-22 11:03:29 - [TEST_STEP][PASSED] - Statement - If (m.find()): null

2018-08-22 11:03:29 - [TEST_STEP][PASSED] - Statement - Else: The user name and the concern number are not present in the URL

2018-08-22 11:03:29 - [TEST_STEP][PASSED] - Statement - com.kms.katalon.core.util.KeywordUtil.markPassed("The user name and the concern number are not present in the URL"): The user name and the concern number are not present in the URL

2018-08-22 11:03:29 - [MESSAGE][PASSED] - The user name and the concern number are not present in the URL

2018-08-22 11:03:29 - [MESSAGE][PASSED] - Call Test Case 'Test Cases/Verify URL/TC Verify Url' successfully

2018-08-22 11:03:29 - [TEST_STEP][PASSED] - waitForPageLoad: Wait for page load successfully

2018-08-22 11:03:29 - [MESSAGE][PASSED] - Wait for page load successfully

2018-08-22 11:03:29 - [TEST_STEP][PASSED] - callTestCase: Call Test Case 'Test Cases/Mes rapports/TC Verify the next button arrow' successfully

2018-08-22 11:03:29 - [TEST_CASE][PASSED] - Test Cases/Mes rapports/TC Verify the next button arrow: Test Cases/Mes rapports/TC Verify the next button arrow

2018-08-22 11:03:29 - [TEST_STEP][PASSED] - waitForElementClickable: Object 'Object Repository/Mes rapports Obj/button_Next_Arrow' is clickable

2018-08-22 11:03:29 - [MESSAGE][PASSED] - Object 'Object Repository/Mes rapports Obj/button_Next_Arrow' is clickable

2018-08-22 11:03:29 - [TEST_STEP][PASSED] - click: Object: 'Object Repository/Mes rapports Obj/button_Next_Arrow' is clicked on

2018-08-22 11:03:29 - [MESSAGE][PASSED] - Object: 'Object Repository/Mes rapports Obj/button_Next_Arrow' is clicked on

2018-08-22 11:03:29 - [TEST_STEP][PASSED] - delay: Delayed 5 second(s)

2018-08-22 11:03:34 - [MESSAGE][PASSED] - Delayed 5 second(s)

2018-08-22 11:03:34 - [MESSAGE][PASSED] - Call Test Case 'Test Cases/Mes rapports/TC Verify the next button arrow' successfully

2018-08-22 11:03:34 - [TEST_STEP][PASSED] - waitForPageLoad: Wait for page load successfully

2018-08-22 11:03:34 - [MESSAGE][PASSED] - Wait for page load successfully

2018-08-22 11:03:34 - [TEST_STEP][PASSED] - delay: Delayed 2 second(s)

2018-08-22 11:03:36 - [MESSAGE][PASSED] - Delayed 2 second(s)

2018-08-22 11:03:36 - [TEST_STEP][PASSED] - callTestCase: Call Test Case 'Test Cases/Mes rapports/Mes rapports - CONTENU/TC Verify input field' successfully

2018-08-22 11:03:36 - [TEST_CASE][PASSED] - Test Cases/Mes rapports/Mes rapports - CONTENU/TC Verify input field: Test Cases/Mes rapports/Mes rapports - CONTENU/TC Verify input field

2018-08-22 11:03:36 - [TEST_STEP][PASSED] - Statement - excelData = com.kms.katalon.core.testdata.TestDataFactory.findTestData(Data Files/Data/testData): Reading excel file with source file 'C:\Users\seeboruts\OneDrive - SD Worx\Desktop\test_DAta.xlsx' and sheet name 'New'

2018-08-22 11:03:37 - [TEST_STEP][PASSED] - Statement - For ([i = 1, i <= 6, (i++)]): Object: 'Object Repository/Mes rapports Obj/CONTENU/click_Remove_text' is clicked on

2018-08-22 11:03:37 - [TEST_STEP][PASSED] - setText: Text 'Naam werknemer' is set on object 'Object Repository/Mes rapports Obj/CONTENU/input_Contenu_Selecteur'

2018-08-22 11:03:38 - [MESSAGE][PASSED] - Text 'Naam werknemer' is set on object 'Object Repository/Mes rapports Obj/CONTENU/input_Contenu_Selecteur'

2018-08-22 11:03:38 - [TEST_STEP][PASSED] - delay: Delayed 3 second(s)

2018-08-22 11:03:41 - [MESSAGE][PASSED] - Delayed 3 second(s)

2018-08-22 11:03:41 - [TEST_STEP][PASSED] - click: Object: 'Object Repository/Mes rapports Obj/CONTENU/Selecteur Obj NL/Naam werknemer' is clicked on

2018-08-22 11:03:41 - [MESSAGE][PASSED] - Object: 'Object Repository/Mes rapports Obj/CONTENU/Selecteur Obj NL/Naam werknemer' is clicked on

2018-08-22 11:03:41 - [TEST_STEP][PASSED] - delay: Delayed 3 second(s)

2018-08-22 11:03:44 - [MESSAGE][PASSED] - Delayed 3 second(s)

2018-08-22 11:03:44 - [TEST_STEP][PASSED] - click: Object: 'Object Repository/Mes rapports Obj/CONTENU/click_Remove_text' is clicked on

2018-08-22 11:03:44 - [MESSAGE][PASSED] - Object: 'Object Repository/Mes rapports Obj/CONTENU/click_Remove_text' is clicked on

2018-08-22 11:03:44 - [TEST_STEP][PASSED] - setText: Text 'Afdeling ' is set on object 'Object Repository/Mes rapports Obj/CONTENU/input_Contenu_Selecteur'

2018-08-22 11:03:44 - [MESSAGE][PASSED] - Text 'Afdeling ' is set on object 'Object Repository/Mes rapports Obj/CONTENU/input_Contenu_Selecteur'

2018-08-22 11:03:44 - [TEST_STEP][PASSED] - delay: Delayed 3 second(s)

2018-08-22 11:03:47 - [MESSAGE][PASSED] - Delayed 3 second(s)

2018-08-22 11:03:47 - [TEST_STEP][PASSED] - click: Object: 'Object Repository/Mes rapports Obj/CONTENU/Selecteur Obj NL/Afdeling' is clicked on

2018-08-22 11:03:47 - [MESSAGE][PASSED] - Object: 'Object Repository/Mes rapports Obj/CONTENU/Selecteur Obj NL/Afdeling' is clicked on

2018-08-22 11:03:47 - [TEST_STEP][PASSED] - delay: Delayed 3 second(s)

2018-08-22 11:03:50 - [MESSAGE][PASSED] - Delayed 3 second(s)

2018-08-22 11:03:50 - [TEST_STEP][PASSED] - click: Object: 'Object Repository/Mes rapports Obj/CONTENU/click_Remove_text' is clicked on

2018-08-22 11:03:51 - [MESSAGE][PASSED] - Object: 'Object Repository/Mes rapports Obj/CONTENU/click_Remove_text' is clicked on

2018-08-22 11:03:51 - [TEST_STEP][PASSED] - setText: Text 'Datum in dienst' is set on object 'Object Repository/Mes rapports Obj/CONTENU/input_Contenu_Selecteur'

2018-08-22 11:03:51 - [MESSAGE][PASSED] - Text 'Datum in dienst' is set on object 'Object Repository/Mes rapports Obj/CONTENU/input_Contenu_Selecteur'

2018-08-22 11:03:51 - [TEST_STEP][PASSED] - delay: Delayed 3 second(s)

2018-08-22 11:03:54 - [MESSAGE][PASSED] - Delayed 3 second(s)

2018-08-22 11:03:54 - [TEST_STEP][PASSED] - click: Object: 'Object Repository/Mes rapports Obj/CONTENU/Selecteur Obj NL/Datum in dienst' is clicked on

2018-08-22 11:03:54 - [MESSAGE][PASSED] - Object: 'Object Repository/Mes rapports Obj/CONTENU/Selecteur Obj NL/Datum in dienst' is clicked on

2018-08-22 11:03:54 - [TEST_STEP][PASSED] - delay: Delayed 3 second(s)

2018-08-22 11:03:57 - [MESSAGE][PASSED] - Delayed 3 second(s)

2018-08-22 11:03:57 - [TEST_STEP][PASSED] - click: Object: 'Object Repository/Mes rapports Obj/CONTENU/click_Remove_text' is clicked on

2018-08-22 11:03:57 - [MESSAGE][PASSED] - Object: 'Object Repository/Mes rapports Obj/CONTENU/click_Remove_text' is clicked on

2018-08-22 11:03:57 - [TEST_STEP][PASSED] - setText: Text '0010 - gewerkte dag' is set on object 'Object Repository/Mes rapports Obj/CONTENU/input_Contenu_Selecteur'

2018-08-22 11:03:57 - [MESSAGE][PASSED] - Text '0010 - gewerkte dag' is set on object 'Object Repository/Mes rapports Obj/CONTENU/input_Contenu_Selecteur'

2018-08-22 11:03:57 - [TEST_STEP][PASSED] - delay: Delayed 3 second(s)

2018-08-22 11:04:00 - [MESSAGE][PASSED] - Delayed 3 second(s)

2018-08-22 11:04:00 - [TEST_STEP][PASSED] - click: Object: 'Object Repository/Mes rapports Obj/CONTENU/Selecteur Obj NL/0010 - gewerkte dag' is clicked on

2018-08-22 11:04:00 - [MESSAGE][PASSED] - Object: 'Object Repository/Mes rapports Obj/CONTENU/Selecteur Obj NL/0010 - gewerkte dag' is clicked on

2018-08-22 11:04:00 - [TEST_STEP][PASSED] - delay: Delayed 3 second(s)

2018-08-22 11:04:03 - [MESSAGE][PASSED] - Delayed 3 second(s)

2018-08-22 11:04:03 - [TEST_STEP][PASSED] - click: Object: 'Object Repository/Mes rapports Obj/CONTENU/click_Remove_text' is clicked on

2018-08-22 11:04:04 - [MESSAGE][PASSED] - Object: 'Object Repository/Mes rapports Obj/CONTENU/click_Remove_text' is clicked on

2018-08-22 11:04:04 - [TEST_STEP][PASSED] - setText: Text '1010 - prestaties' is set on object 'Object Repository/Mes rapports Obj/CONTENU/input_Contenu_Selecteur'

2018-08-22 11:04:04 - [MESSAGE][PASSED] - Text '1010 - prestaties' is set on object 'Object Repository/Mes rapports Obj/CONTENU/input_Contenu_Selecteur'

2018-08-22 11:04:04 - [TEST_STEP][PASSED] - delay: Delayed 3 second(s)

2018-08-22 11:04:07 - [MESSAGE][PASSED] - Delayed 3 second(s)

2018-08-22 11:04:07 - [TEST_STEP][PASSED] - click: Object: 'Object Repository/Mes rapports Obj/CONTENU/Selecteur Obj NL/1010 - prestaties' is clicked on

2018-08-22 11:04:07 - [MESSAGE][PASSED] - Object: 'Object Repository/Mes rapports Obj/CONTENU/Selecteur Obj NL/1010 - prestaties' is clicked on

2018-08-22 11:04:07 - [TEST_STEP][PASSED] - delay: Delayed 3 second(s)

2018-08-22 11:04:10 - [MESSAGE][PASSED] - Delayed 3 second(s)

2018-08-22 11:04:10 - [TEST_STEP][PASSED] - click: Object: 'Object Repository/Mes rapports Obj/CONTENU/click_Remove_text' is clicked on

2018-08-22 11:04:10 - [MESSAGE][PASSED] - Object: 'Object Repository/Mes rapports Obj/CONTENU/click_Remove_text' is clicked on

2018-08-22 11:04:10 - [TEST_STEP][PASSED] - setText: Text '7010 - aantal gewerkte uren' is set on object 'Object Repository/Mes rapports Obj/CONTENU/input_Contenu_Selecteur'

2018-08-22 11:04:11 - [MESSAGE][PASSED] - Text '7010 - aantal gewerkte uren' is set on object 'Object Repository/Mes rapports Obj/CONTENU/input_Contenu_Selecteur'

2018-08-22 11:04:11 - [TEST_STEP][PASSED] - delay: Delayed 3 second(s)

2018-08-22 11:04:14 - [MESSAGE][PASSED] - Delayed 3 second(s)

2018-08-22 11:04:14 - [TEST_STEP][PASSED] - click: Object: 'Object Repository/Mes rapports Obj/CONTENU/Selecteur Obj NL/7010 - aantal gewerkte uren' is clicked on

2018-08-22 11:04:14 - [MESSAGE][PASSED] - Object: 'Object Repository/Mes rapports Obj/CONTENU/Selecteur Obj NL/7010 - aantal gewerkte uren' is clicked on

2018-08-22 11:04:14 - [TEST_STEP][PASSED] - delay: Delayed 3 second(s)

2018-08-22 11:04:17 - [MESSAGE][PASSED] - Delayed 3 second(s)

2018-08-22 11:04:17 - [TEST_STEP][PASSED] - click: Object: 'Object Repository/Mes rapports Obj/CONTENU/click_Remove_text' is clicked on

2018-08-22 11:04:17 - [MESSAGE][PASSED] - Object: 'Object Repository/Mes rapports Obj/CONTENU/click_Remove_text' is clicked on

2018-08-22 11:04:17 - [MESSAGE][PASSED] - Call Test Case 'Test Cases/Mes rapports/Mes rapports - CONTENU/TC Verify input field' successfully

2018-08-22 11:04:17 - [TEST_STEP][PASSED] - callTestCase: Call Test Case 'Test Cases/Verify URL/TC Verify Url' successfully

2018-08-22 11:04:17 - [TEST_CASE][PASSED] - Test Cases/Verify URL/TC Verify Url: Test Cases/Verify URL/TC Verify Url

2018-08-22 11:04:17 - [TEST_STEP][PASSED] - waitForPageLoad: Wait for page load successfully

2018-08-22 11:04:17 - [MESSAGE][PASSED] - Wait for page load successfully

2018-08-22 11:04:17 - [TEST_STEP][PASSED] - Statement - url = com.kms.katalon.core.webui.keyword.WebUiBuiltInKeywords.getUrl(): Current window's url is: 'https://internet.acc.sd.dika.be/ebloxreporting/web.sensitive/main/FpyDF/iIz9g8MffKNXfNyb1H/NL/#/definitie/wizard/extern/index/28201/inhoud/323254/7'

2018-08-22 11:04:17 - [MESSAGE][PASSED] - Current window's url is: 'https://internet.acc.sd.dika.be/ebloxreporting/web.sensitive/main/FpyDF/iIz9g8MffKNXfNyb1H/NL/#/definitie/wizard/extern/index/28201/inhoud/323254/7'

2018-08-22 11:04:17 - [TEST_STEP][PASSED] - Statement - p = java.util.regex.Pattern.compile("00040 ANTILOPE GROEP"): null

2018-08-22 11:04:17 - [TEST_STEP][PASSED] - Statement - m = p.matcher(url): null

2018-08-22 11:04:17 - [TEST_STEP][PASSED] - Statement - If (m.find()): null

2018-08-22 11:04:17 - [TEST_STEP][PASSED] - Statement - Else: The user name and the concern number are not present in the URL

2018-08-22 11:04:17 - [TEST_STEP][PASSED] - Statement - com.kms.katalon.core.util.KeywordUtil.markPassed("The user name and the concern number are not present in the URL"): The user name and the concern number are not present in the URL

2018-08-22 11:04:17 - [MESSAGE][PASSED] - The user name and the concern number are not present in the URL

2018-08-22 11:04:17 - [MESSAGE][PASSED] - Call Test Case 'Test Cases/Verify URL/TC Verify Url' successfully

2018-08-22 11:04:17 - [TEST_STEP][PASSED] - callTestCase: Call Test Case 'Test Cases/Mes rapports/TC Verify the next button arrow' successfully

2018-08-22 11:04:17 - [TEST_CASE][PASSED] - Test Cases/Mes rapports/TC Verify the next button arrow: Test Cases/Mes rapports/TC Verify the next button arrow

2018-08-22 11:04:17 - [TEST_STEP][PASSED] - waitForElementClickable: Object 'Object Repository/Mes rapports Obj/button_Next_Arrow' is clickable

2018-08-22 11:04:17 - [MESSAGE][PASSED] - Object 'Object Repository/Mes rapports Obj/button_Next_Arrow' is clickable

2018-08-22 11:04:17 - [TEST_STEP][PASSED] - click: Object: 'Object Repository/Mes rapports Obj/button_Next_Arrow' is clicked on

2018-08-22 11:04:18 - [MESSAGE][PASSED] - Object: 'Object Repository/Mes rapports Obj/button_Next_Arrow' is clicked on

2018-08-22 11:04:18 - [TEST_STEP][PASSED] - delay: Delayed 5 second(s)

2018-08-22 11:04:23 - [MESSAGE][PASSED] - Delayed 5 second(s)

2018-08-22 11:04:23 - [MESSAGE][PASSED] - Call Test Case 'Test Cases/Mes rapports/TC Verify the next button arrow' successfully

2018-08-22 11:04:23 - [TEST_STEP][PASSED] - waitForPageLoad: Wait for page load successfully

2018-08-22 11:04:23 - [MESSAGE][PASSED] - Wait for page load successfully

2018-08-22 11:04:23 - [TEST_STEP][PASSED] - delay: Delayed 2 second(s)

2018-08-22 11:04:25 - [MESSAGE][PASSED] - Delayed 2 second(s)

2018-08-22 11:04:25 - [TEST_STEP][PASSED] - callTestCase: Call Test Case 'Test Cases/Mes rapports/Mes rapports - SELECTION/Verify if checkbox is checked/TC 2 VErify Dossier and Groupe checkBox  is checked' successfully

2018-08-22 11:04:25 - [TEST_CASE][PASSED] - Test Cases/Mes rapports/Mes rapports - SELECTION/Verify if checkbox is checked/TC 2 VErify Dossier and Groupe checkBox  is checked: Test Cases/Mes rapports/Mes rapports - SELECTION/Verify if checkbox is checked/TC 2 VErify Dossier and Groupe checkBox  is checked

2018-08-22 11:04:25 - [TEST_STEP][PASSED] - check: Object 'Object Repository/Mes rapports Obj/SELECTION/Dossier and Groupe checkbox' is checked

2018-08-22 11:04:25 - [MESSAGE][PASSED] - Object 'Object Repository/Mes rapports Obj/SELECTION/Dossier and Groupe checkbox' is checked

2018-08-22 11:04:25 - [MESSAGE][PASSED] - Call Test Case 'Test Cases/Mes rapports/Mes rapports - SELECTION/Verify if checkbox is checked/TC 2 VErify Dossier and Groupe checkBox  is checked' successfully

2018-08-22 11:04:25 - [TEST_STEP][PASSED] - click: Object: 'Object Repository/Mes rapports Obj/SELECTION/Dossier and Groupe/click on Dossier and groupe dropdown' is clicked on

2018-08-22 11:04:25 - [MESSAGE][PASSED] - Object: 'Object Repository/Mes rapports Obj/SELECTION/Dossier and Groupe/click on Dossier and groupe dropdown' is clicked on

2018-08-22 11:04:25 - [TEST_STEP][PASSED] - delay: Delayed 2 second(s)

2018-08-22 11:04:27 - [MESSAGE][PASSED] - Delayed 2 second(s)

2018-08-22 11:04:27 - [TEST_STEP][PASSED] - click: Object: 'Object Repository/Mes rapports Obj/SELECTION/Dossier and Groupe/figure dans' is clicked on

2018-08-22 11:04:27 - [MESSAGE][PASSED] - Object: 'Object Repository/Mes rapports Obj/SELECTION/Dossier and Groupe/figure dans' is clicked on

2018-08-22 11:04:27 - [TEST_STEP][PASSED] - callTestCase: Call Test Case 'Test Cases/Mes rapports/Mes rapports - SELECTION/Verify if checkbox is checked/TC 3 Verify Travailleur checkBox  is checked' successfully

2018-08-22 11:04:27 - [TEST_CASE][PASSED] - Test Cases/Mes rapports/Mes rapports - SELECTION/Verify if checkbox is checked/TC 3 Verify Travailleur checkBox  is checked: Test Cases/Mes rapports/Mes rapports - SELECTION/Verify if checkbox is checked/TC 3 Verify Travailleur checkBox  is checked

2018-08-22 11:04:28 - [TEST_STEP][PASSED] - check: Object 'Object Repository/Mes rapports Obj/SELECTION/Travailleur checkbox' is checked

2018-08-22 11:04:28 - [MESSAGE][PASSED] - Object 'Object Repository/Mes rapports Obj/SELECTION/Travailleur checkbox' is checked

2018-08-22 11:04:28 - [MESSAGE][PASSED] - Call Test Case 'Test Cases/Mes rapports/Mes rapports - SELECTION/Verify if checkbox is checked/TC 3 Verify Travailleur checkBox  is checked' successfully

2018-08-22 11:04:28 - [TEST_STEP][PASSED] - click: Object: 'Object Repository/Mes rapports Obj/SELECTION/Travailleur/Click on Travailleur dropdown' is clicked on

2018-08-22 11:04:28 - [MESSAGE][PASSED] - Object: 'Object Repository/Mes rapports Obj/SELECTION/Travailleur/Click on Travailleur dropdown' is clicked on

2018-08-22 11:04:28 - [TEST_STEP][PASSED] - delay: Delayed 2 second(s)

2018-08-22 11:04:30 - [MESSAGE][PASSED] - Delayed 2 second(s)

2018-08-22 11:04:30 - [TEST_STEP][PASSED] - click: Object: 'Object Repository/Mes rapports Obj/SELECTION/Travailleur/figure dans' is clicked on

2018-08-22 11:04:30 - [MESSAGE][PASSED] - Object: 'Object Repository/Mes rapports Obj/SELECTION/Travailleur/figure dans' is clicked on

2018-08-22 11:04:30 - [TEST_STEP][PASSED] - click: Object: 'Object Repository/Mes rapports Obj/SELECTION/Travailleur/Select option to choose travailleur' is clicked on

2018-08-22 11:04:30 - [MESSAGE][PASSED] - Object: 'Object Repository/Mes rapports Obj/SELECTION/Travailleur/Select option to choose travailleur' is clicked on

2018-08-22 11:04:30 - [TEST_STEP][PASSED] - click: Object: 'Object Repository/Mes rapports Obj/SELECTION/Travailleur/travail - list option' is clicked on

2018-08-22 11:04:30 - [MESSAGE][PASSED] - Object: 'Object Repository/Mes rapports Obj/SELECTION/Travailleur/travail - list option' is clicked on

2018-08-22 11:04:30 - [TEST_STEP][PASSED] - Statement - inputWorker = com.kms.katalon.core.webui.keyword.WebUiBuiltInKeywords.modifyObjectProperty(com.kms.katalon.core.testobject.ObjectRepository.findTestObject(Mes rapports Obj/SELECTION/Travailleur/Input field for travailleur), "id", "contains", "s2id_autogen", true): Modify property of object successfully

2018-08-22 11:04:30 - [MESSAGE][PASSED] - Modify property of object successfully

2018-08-22 11:04:30 - [TEST_STEP][PASSED] - click: Object: 'Object Repository/Mes rapports Obj/SELECTION/Travailleur/Input field for travailleur' is clicked on

2018-08-22 11:04:30 - [MESSAGE][PASSED] - Object: 'Object Repository/Mes rapports Obj/SELECTION/Travailleur/Input field for travailleur' is clicked on

2018-08-22 11:04:30 - [TEST_STEP][PASSED] - Statement - myTestObject = new com.kms.katalon.core.testobject.TestObject(Select_travailleur_by_name): null

2018-08-22 11:04:30 - [TEST_STEP][PASSED] - Statement - myTestObject.addProperty("xpath", EQUALS, "//div[@id='select2-drop']//ul[@class='select2-results']//li[@role='presentation']//div[contains(text(),'0000013 - SIHAPAN GNA PHOUANGPHANH - 1AF0273 - ANTILOPE KARTONNAGE')]"): null

2018-08-22 11:04:30 - [TEST_STEP][PASSED] - click: Object: 'Select_travailleur_by_name' is clicked on

2018-08-22 11:04:30 - [MESSAGE][PASSED] - Object: 'Select_travailleur_by_name' is clicked on

2018-08-22 11:04:30 - [TEST_STEP][PASSED] - Statement - myTestObject2 = new com.kms.katalon.core.testobject.TestObject(Select_travailleur_by_name): null

2018-08-22 11:04:30 - [TEST_STEP][PASSED] - Statement - myTestObject2.addProperty("xpath", EQUALS, "//div[@id='select2-drop']//ul[@class='select2-results']//li[@role='presentation']//div[contains(text(),'0000041 - CHATEL MURIEL - 1AF0273 - ANTILOPE KARTONNAGE')]"): null

2018-08-22 11:04:30 - [TEST_STEP][PASSED] - click: Object: 'Select_travailleur_by_name' is clicked on

2018-08-22 11:04:31 - [MESSAGE][PASSED] - Object: 'Select_travailleur_by_name' is clicked on

2018-08-22 11:04:31 - [TEST_STEP][PASSED] - click: Object: 'Object Repository/Mes rapports Obj/SELECTION/Travailleur/Page_eBlox Reporting/New Test Object' is clicked on

2018-08-22 11:04:31 - [MESSAGE][PASSED] - Object: 'Object Repository/Mes rapports Obj/SELECTION/Travailleur/Page_eBlox Reporting/New Test Object' is clicked on

2018-08-22 11:04:31 - [TEST_STEP][PASSED] - callTestCase: Call Test Case 'Test Cases/Mes rapports/Mes rapports - SELECTION/Verify if checkbox is unchecked/TC 1 Verify Contrats actifs checkbox  is un-checked' successfully

2018-08-22 11:04:31 - [TEST_CASE][PASSED] - Test Cases/Mes rapports/Mes rapports - SELECTION/Verify if checkbox is unchecked/TC 1 Verify Contrats actifs checkbox  is un-checked: Test Cases/Mes rapports/Mes rapports - SELECTION/Verify if checkbox is unchecked/TC 1 Verify Contrats actifs checkbox  is un-checked

2018-08-22 11:04:31 - [TEST_STEP][PASSED] - uncheck: Object 'Object Repository/Mes rapports Obj/SELECTION/Contrats actifs checkBox' is un-checked

2018-08-22 11:04:31 - [MESSAGE][PASSED] - Object 'Object Repository/Mes rapports Obj/SELECTION/Contrats actifs checkBox' is un-checked

2018-08-22 11:04:31 - [MESSAGE][PASSED] - Call Test Case 'Test Cases/Mes rapports/Mes rapports - SELECTION/Verify if checkbox is unchecked/TC 1 Verify Contrats actifs checkbox  is un-checked' successfully

2018-08-22 11:04:31 - [TEST_STEP][PASSED] - callTestCase: Call Test Case 'Test Cases/Mes rapports/Mes rapports - SELECTION/Verify if checkbox is unchecked/TC 4 Verify Departement checkBox  is un-checked' successfully

2018-08-22 11:04:31 - [TEST_CASE][PASSED] - Test Cases/Mes rapports/Mes rapports - SELECTION/Verify if checkbox is unchecked/TC 4 Verify Departement checkBox  is un-checked: Test Cases/Mes rapports/Mes rapports - SELECTION/Verify if checkbox is unchecked/TC 4 Verify Departement checkBox  is un-checked

2018-08-22 11:04:31 - [TEST_STEP][PASSED] - uncheck: Object 'Object Repository/Mes rapports Obj/SELECTION/Departement checkbox' is un-checked

2018-08-22 11:04:31 - [MESSAGE][PASSED] - Object 'Object Repository/Mes rapports Obj/SELECTION/Departement checkbox' is un-checked

2018-08-22 11:04:31 - [MESSAGE][PASSED] - Call Test Case 'Test Cases/Mes rapports/Mes rapports - SELECTION/Verify if checkbox is unchecked/TC 4 Verify Departement checkBox  is un-checked' successfully

2018-08-22 11:04:31 - [TEST_STEP][PASSED] - callTestCase: Call Test Case 'Test Cases/Mes rapports/Mes rapports - SELECTION/Verify if checkbox is unchecked/TC 5 Verify Caractere juridique du contract checBox  is un-checked' successfully

2018-08-22 11:04:32 - [TEST_CASE][PASSED] - Test Cases/Mes rapports/Mes rapports - SELECTION/Verify if checkbox is unchecked/TC 5 Verify Caractere juridique du contract checBox  is un-checked: Test Cases/Mes rapports/Mes rapports - SELECTION/Verify if checkbox is unchecked/TC 5 Verify Caractere juridique du contract checBox  is un-checked

2018-08-22 11:04:32 - [TEST_STEP][PASSED] - uncheck: Object 'Object Repository/Mes rapports Obj/SELECTION/Caractere juridique de contrat' is un-checked

2018-08-22 11:04:32 - [MESSAGE][PASSED] - Object 'Object Repository/Mes rapports Obj/SELECTION/Caractere juridique de contrat' is un-checked

2018-08-22 11:04:32 - [MESSAGE][PASSED] - Call Test Case 'Test Cases/Mes rapports/Mes rapports - SELECTION/Verify if checkbox is unchecked/TC 5 Verify Caractere juridique du contract checBox  is un-checked' successfully

2018-08-22 11:04:32 - [TEST_STEP][PASSED] - callTestCase: Call Test Case 'Test Cases/Mes rapports/Mes rapports - SELECTION/Verify if checkbox is unchecked/TC 6 Verify Pays de naissance checkBox  is un-checked' successfully

2018-08-22 11:04:32 - [TEST_CASE][PASSED] - Test Cases/Mes rapports/Mes rapports - SELECTION/Verify if checkbox is unchecked/TC 6 Verify Pays de naissance checkBox  is un-checked: Test Cases/Mes rapports/Mes rapports - SELECTION/Verify if checkbox is unchecked/TC 6 Verify Pays de naissance checkBox  is un-checked

2018-08-22 11:04:32 - [TEST_STEP][PASSED] - uncheck: Object 'Object Repository/Mes rapports Obj/SELECTION/Pays de naisssance checkbox' is un-checked

2018-08-22 11:04:32 - [MESSAGE][PASSED] - Object 'Object Repository/Mes rapports Obj/SELECTION/Pays de naisssance checkbox' is un-checked

2018-08-22 11:04:32 - [MESSAGE][PASSED] - Call Test Case 'Test Cases/Mes rapports/Mes rapports - SELECTION/Verify if checkbox is unchecked/TC 6 Verify Pays de naissance checkBox  is un-checked' successfully

2018-08-22 11:04:32 - [TEST_STEP][PASSED] - callTestCase: Call Test Case 'Test Cases/Mes rapports/Mes rapports - SELECTION/Verify if checkbox is unchecked/TC 7 Verify Sexe checkBox  is un-checked' successfully

2018-08-22 11:04:32 - [TEST_CASE][PASSED] - Test Cases/Mes rapports/Mes rapports - SELECTION/Verify if checkbox is unchecked/TC 7 Verify Sexe checkBox  is un-checked: Test Cases/Mes rapports/Mes rapports - SELECTION/Verify if checkbox is unchecked/TC 7 Verify Sexe checkBox  is un-checked

2018-08-22 11:04:33 - [TEST_STEP][PASSED] - uncheck: Object 'Object Repository/Mes rapports Obj/SELECTION/Sexe checkbox' is un-checked

2018-08-22 11:04:33 - [MESSAGE][PASSED] - Object 'Object Repository/Mes rapports Obj/SELECTION/Sexe checkbox' is un-checked

2018-08-22 11:04:33 - [MESSAGE][PASSED] - Call Test Case 'Test Cases/Mes rapports/Mes rapports - SELECTION/Verify if checkbox is unchecked/TC 7 Verify Sexe checkBox  is un-checked' successfully

2018-08-22 11:04:33 - [TEST_STEP][PASSED] - callTestCase: Call Test Case 'Test Cases/Mes rapports/Mes rapports - SELECTION/Verify if checkbox is unchecked/TC 8 Verify Mode de remuneration checkBox  is un-checked' successfully

2018-08-22 11:04:33 - [TEST_CASE][PASSED] - Test Cases/Mes rapports/Mes rapports - SELECTION/Verify if checkbox is unchecked/TC 8 Verify Mode de remuneration checkBox  is un-checked: Test Cases/Mes rapports/Mes rapports - SELECTION/Verify if checkbox is unchecked/TC 8 Verify Mode de remuneration checkBox  is un-checked

2018-08-22 11:04:33 - [TEST_STEP][PASSED] - uncheck: Object 'Object Repository/Mes rapports Obj/SELECTION/Mode de remuneration checkbox' is un-checked

2018-08-22 11:04:33 - [MESSAGE][PASSED] - Object 'Object Repository/Mes rapports Obj/SELECTION/Mode de remuneration checkbox' is un-checked

2018-08-22 11:04:33 - [MESSAGE][PASSED] - Call Test Case 'Test Cases/Mes rapports/Mes rapports - SELECTION/Verify if checkbox is unchecked/TC 8 Verify Mode de remuneration checkBox  is un-checked' successfully

2018-08-22 11:04:33 - [TEST_STEP][PASSED] - callTestCase: Call Test Case 'Test Cases/Verify URL/TC Verify Url' successfully

2018-08-22 11:04:33 - [TEST_CASE][PASSED] - Test Cases/Verify URL/TC Verify Url: Test Cases/Verify URL/TC Verify Url

2018-08-22 11:04:33 - [TEST_STEP][PASSED] - waitForPageLoad: Wait for page load successfully

2018-08-22 11:04:33 - [MESSAGE][PASSED] - Wait for page load successfully

2018-08-22 11:04:33 - [TEST_STEP][PASSED] - Statement - url = com.kms.katalon.core.webui.keyword.WebUiBuiltInKeywords.getUrl(): Current window's url is: 'https://internet.acc.sd.dika.be/ebloxreporting/web.sensitive/main/FpyDF/iIz9g8MffKNXfNyb1H/NL/#/definitie/wizard/extern/index/28201/selectie'

2018-08-22 11:04:33 - [MESSAGE][PASSED] - Current window's url is: 'https://internet.acc.sd.dika.be/ebloxreporting/web.sensitive/main/FpyDF/iIz9g8MffKNXfNyb1H/NL/#/definitie/wizard/extern/index/28201/selectie'

2018-08-22 11:04:33 - [TEST_STEP][PASSED] - Statement - p = java.util.regex.Pattern.compile("00040 ANTILOPE GROEP"): null

2018-08-22 11:04:33 - [TEST_STEP][PASSED] - Statement - m = p.matcher(url): null

2018-08-22 11:04:33 - [TEST_STEP][PASSED] - Statement - If (m.find()): null

2018-08-22 11:04:33 - [TEST_STEP][PASSED] - Statement - Else: The user name and the concern number are not present in the URL

2018-08-22 11:04:33 - [TEST_STEP][PASSED] - Statement - com.kms.katalon.core.util.KeywordUtil.markPassed("The user name and the concern number are not present in the URL"): The user name and the concern number are not present in the URL

2018-08-22 11:04:33 - [MESSAGE][PASSED] - The user name and the concern number are not present in the URL

2018-08-22 11:04:33 - [MESSAGE][PASSED] - Call Test Case 'Test Cases/Verify URL/TC Verify Url' successfully

2018-08-22 11:04:33 - [TEST_STEP][PASSED] - callTestCase: Call Test Case 'Test Cases/Mes rapports/TC Verify the next button arrow' successfully

2018-08-22 11:04:33 - [TEST_CASE][PASSED] - Test Cases/Mes rapports/TC Verify the next button arrow: Test Cases/Mes rapports/TC Verify the next button arrow

2018-08-22 11:04:33 - [TEST_STEP][PASSED] - waitForElementClickable: Object 'Object Repository/Mes rapports Obj/button_Next_Arrow' is clickable

2018-08-22 11:04:33 - [MESSAGE][PASSED] - Object 'Object Repository/Mes rapports Obj/button_Next_Arrow' is clickable

2018-08-22 11:04:33 - [TEST_STEP][PASSED] - click: Object: 'Object Repository/Mes rapports Obj/button_Next_Arrow' is clicked on

2018-08-22 11:04:33 - [MESSAGE][PASSED] - Object: 'Object Repository/Mes rapports Obj/button_Next_Arrow' is clicked on

2018-08-22 11:04:33 - [TEST_STEP][PASSED] - delay: Delayed 5 second(s)

2018-08-22 11:04:38 - [MESSAGE][PASSED] - Delayed 5 second(s)

2018-08-22 11:04:38 - [MESSAGE][PASSED] - Call Test Case 'Test Cases/Mes rapports/TC Verify the next button arrow' successfully

2018-08-22 11:04:38 - [TEST_STEP][PASSED] - waitForPageLoad: Wait for page load successfully

2018-08-22 11:04:38 - [MESSAGE][PASSED] - Wait for page load successfully

2018-08-22 11:04:38 - [TEST_STEP][PASSED] - delay: Delayed 2 second(s)

2018-08-22 11:04:40 - [MESSAGE][PASSED] - Delayed 2 second(s)

2018-08-22 11:04:40 - [TEST_STEP][PASSED] - Statement - inputDossier = com.kms.katalon.core.webui.keyword.WebUiBuiltInKeywords.modifyObjectProperty(com.kms.katalon.core.testobject.ObjectRepository.findTestObject(Mes rapports Obj/EXECUTION/Description_Dossier and Groupe figure dans), "id", "contains", "s2id_autogen", true): Modify property of object successfully

2018-08-22 11:04:40 - [MESSAGE][PASSED] - Modify property of object successfully

2018-08-22 11:04:40 - [TEST_STEP][PASSED] - click: Object: 'Object Repository/Mes rapports Obj/EXECUTION/Description_Dossier and Groupe figure dans' is clicked on

2018-08-22 11:04:40 - [MESSAGE][PASSED] - Object: 'Object Repository/Mes rapports Obj/EXECUTION/Description_Dossier and Groupe figure dans' is clicked on

2018-08-22 11:04:40 - [TEST_STEP][PASSED] - delay: Delayed 2 second(s)

2018-08-22 11:04:42 - [MESSAGE][PASSED] - Delayed 2 second(s)

2018-08-22 11:04:42 - [TEST_STEP][PASSED] - Statement - myInputDossier = new com.kms.katalon.core.testobject.TestObject(Select_dossier_by_name): null

2018-08-22 11:04:42 - [TEST_STEP][PASSED] - Statement - myInputDossier.addProperty("xpath", EQUALS, "//div[@id='select2-drop']//ul[@class='select2-results']//li[@role='presentation']//div[contains(text(),'1AS1462 - 02 - ADDAX COMMUNICATIONS NV')]"): null

2018-08-22 11:04:42 - [TEST_STEP][PASSED] - click: Object: 'Select_dossier_by_name' is clicked on

2018-08-22 11:04:43 - [MESSAGE][PASSED] - Object: 'Select_dossier_by_name' is clicked on

2018-08-22 11:04:43 - [TEST_STEP][PASSED] - delay: Delayed 2 second(s)

2018-08-22 11:04:45 - [MESSAGE][PASSED] - Delayed 2 second(s)

2018-08-22 11:04:45 - [TEST_STEP][PASSED] - Statement - myInputDossier1 = new com.kms.katalon.core.testobject.TestObject(Select_dossier_by_name): null

2018-08-22 11:04:45 - [TEST_STEP][PASSED] - Statement - myInputDossier1.addProperty("xpath", EQUALS, "//div[@id='select2-drop']//ul[@class='select2-results']//li[@role='presentation']//div[contains(text(),'1AA0221 - 01 - DRUKKERIJ ANTILOPE NV')]"): null

2018-08-22 11:04:45 - [TEST_STEP][PASSED] - click: Object: 'Select_dossier_by_name' is clicked on

2018-08-22 11:04:45 - [MESSAGE][PASSED] - Object: 'Select_dossier_by_name' is clicked on

2018-08-22 11:04:45 - [TEST_STEP][PASSED] - Statement - myInputDossier2 = new com.kms.katalon.core.testobject.TestObject(Select_dossier_by_name): null

2018-08-22 11:04:45 - [TEST_STEP][PASSED] - Statement - myInputDossier2.addProperty("xpath", EQUALS, "//div[@id='select2-drop']//ul[@class='select2-results']//li[@role='presentation']//div[contains(text(),'1AF0273 - 03 - ANTILOPE KARTONNAGE')]"): null

2018-08-22 11:04:45 - [TEST_STEP][PASSED] - click: Object: 'Select_dossier_by_name' is clicked on

2018-08-22 11:04:45 - [MESSAGE][PASSED] - Object: 'Select_dossier_by_name' is clicked on

2018-08-22 11:04:45 - [TEST_STEP][PASSED] - click: Object: 'Object Repository/Mes rapports Obj/SELECTION/Travailleur/Page_eBlox Reporting/New Test Object' is clicked on

2018-08-22 11:04:45 - [MESSAGE][PASSED] - Object: 'Object Repository/Mes rapports Obj/SELECTION/Travailleur/Page_eBlox Reporting/New Test Object' is clicked on

2018-08-22 11:04:45 - [TEST_STEP][PASSED] - delay: Delayed 2 second(s)

2018-08-22 11:04:47 - [MESSAGE][PASSED] - Delayed 2 second(s)

2018-08-22 11:04:47 - [TEST_STEP][PASSED] - Statement - historic = com.kms.katalon.core.webui.keyword.WebUiBuiltInKeywords.modifyObjectProperty(com.kms.katalon.core.testobject.ObjectRepository.findTestObject(Mes rapports Obj/EXECUTION/Description _Date de reference historique), "xpath", "equals", "//*[@id="uitvoering-parameters"]/div/div[2]/div/div/table/tbody/tr[4]/td[2]/div/div/rapp-date-prompt/div/div/rapp-special-values/div/button", true): Modify property of object successfully

2018-08-22 11:04:47 - [MESSAGE][PASSED] - Modify property of object successfully

2018-08-22 11:04:47 - [TEST_STEP][PASSED] - click: Object: 'Object Repository/Mes rapports Obj/EXECUTION/Description _Date de reference historique' is clicked on

2018-08-22 11:04:47 - [MESSAGE][PASSED] - Object: 'Object Repository/Mes rapports Obj/EXECUTION/Description _Date de reference historique' is clicked on

2018-08-22 11:04:47 - [TEST_STEP][PASSED] - delay: Delayed 2 second(s)

2018-08-22 11:04:49 - [MESSAGE][PASSED] - Delayed 2 second(s)

2018-08-22 11:04:49 - [TEST_STEP][PASSED] - Statement - historicType = new com.kms.katalon.core.testobject.TestObject(Select_historic_Type): null

2018-08-22 11:04:49 - [TEST_STEP][PASSED] - Statement - historicType.addProperty("xpath", EQUALS, "//span[contains(text(),'Laatste dag vorige maand')]"): null

2018-08-22 11:04:49 - [TEST_STEP][PASSED] - click: Object: 'Select_historic_Type' is clicked on

2018-08-22 11:04:49 - [MESSAGE][PASSED] - Object: 'Select_historic_Type' is clicked on

2018-08-22 11:04:49 - [TEST_STEP][PASSED] - check: Object 'Object Repository/Mes rapports Obj/EXECUTION/HIstorique- checkbox' is checked

2018-08-22 11:04:49 - [MESSAGE][PASSED] - Object 'Object Repository/Mes rapports Obj/EXECUTION/HIstorique- checkbox' is checked

2018-08-22 11:04:49 - [TEST_STEP][PASSED] - click: Object: 'Object Repository/Mes rapports Obj/EXECUTION/Historique_Period_dropdown' is clicked on

2018-08-22 11:04:49 - [MESSAGE][PASSED] - Object: 'Object Repository/Mes rapports Obj/EXECUTION/Historique_Period_dropdown' is clicked on

2018-08-22 11:04:49 - [TEST_STEP][PASSED] - click: Object: 'Object Repository/Mes rapports Obj/EXECUTION/Historique_Period - Dernier 12 mois' is clicked on

2018-08-22 11:04:49 - [MESSAGE][PASSED] - Object: 'Object Repository/Mes rapports Obj/EXECUTION/Historique_Period - Dernier 12 mois' is clicked on

2018-08-22 11:04:49 - [TEST_STEP][PASSED] - callTestCase: Call Test Case 'Test Cases/Verify URL/TC Verify Url' successfully

2018-08-22 11:04:50 - [TEST_CASE][PASSED] - Test Cases/Verify URL/TC Verify Url: Test Cases/Verify URL/TC Verify Url

2018-08-22 11:04:50 - [TEST_STEP][PASSED] - waitForPageLoad: Wait for page load successfully

2018-08-22 11:04:50 - [MESSAGE][PASSED] - Wait for page load successfully

2018-08-22 11:04:50 - [TEST_STEP][PASSED] - Statement - url = com.kms.katalon.core.webui.keyword.WebUiBuiltInKeywords.getUrl(): Current window's url is: 'https://internet.acc.sd.dika.be/ebloxreporting/web.sensitive/main/FpyDF/iIz9g8MffKNXfNyb1H/NL/#/definitie/wizard/extern/index/28201/uitvoering'

2018-08-22 11:04:50 - [MESSAGE][PASSED] - Current window's url is: 'https://internet.acc.sd.dika.be/ebloxreporting/web.sensitive/main/FpyDF/iIz9g8MffKNXfNyb1H/NL/#/definitie/wizard/extern/index/28201/uitvoering'

2018-08-22 11:04:50 - [TEST_STEP][PASSED] - Statement - p = java.util.regex.Pattern.compile("00040 ANTILOPE GROEP"): null

2018-08-22 11:04:50 - [TEST_STEP][PASSED] - Statement - m = p.matcher(url): null

2018-08-22 11:04:50 - [TEST_STEP][PASSED] - Statement - If (m.find()): null

2018-08-22 11:04:50 - [TEST_STEP][PASSED] - Statement - Else: The user name and the concern number are not present in the URL

2018-08-22 11:04:50 - [TEST_STEP][PASSED] - Statement - com.kms.katalon.core.util.KeywordUtil.markPassed("The user name and the concern number are not present in the URL"): The user name and the concern number are not present in the URL

2018-08-22 11:04:50 - [MESSAGE][PASSED] - The user name and the concern number are not present in the URL

2018-08-22 11:04:50 - [MESSAGE][PASSED] - Call Test Case 'Test Cases/Verify URL/TC Verify Url' successfully

2018-08-22 11:04:50 - [TEST_STEP][PASSED] - click: Object: 'Object Repository/Mes rapports Obj/EXECUTION/Button executer' is clicked on

2018-08-22 11:04:50 - [MESSAGE][PASSED] - Object: 'Object Repository/Mes rapports Obj/EXECUTION/Button executer' is clicked on

2018-08-22 11:04:50 - [TEST_STEP][PASSED] - delay: Delayed 5 second(s)

2018-08-22 11:04:55 - [MESSAGE][PASSED] - Delayed 5 second(s)

2018-08-22 11:04:55 - [TEST_STEP][PASSED] - waitForPageLoad: Wait for page load successfully

2018-08-22 11:04:55 - [MESSAGE][PASSED] - Wait for page load successfully

2018-08-22 11:04:55 - [TEST_STEP][PASSED] - waitForElementClickable: Object 'Object Repository/Mes rapports Obj/EXECUTION/Graphique button' is clickable

2018-08-22 11:04:55 - [MESSAGE][PASSED] - Object 'Object Repository/Mes rapports Obj/EXECUTION/Graphique button' is clickable

2018-08-22 11:04:55 - [TEST_STEP][PASSED] - click: Object: 'Object Repository/Mes rapports Obj/EXECUTION/Graphique button' is clicked on

2018-08-22 11:04:55 - [MESSAGE][PASSED] - Object: 'Object Repository/Mes rapports Obj/EXECUTION/Graphique button' is clicked on

2018-08-22 11:04:55 - [TEST_STEP][PASSED] - waitForPageLoad: Wait for page load successfully

2018-08-22 11:04:55 - [MESSAGE][PASSED] - Wait for page load successfully

2018-08-22 11:04:55 - [TEST_STEP][PASSED] - click: Object: 'Object Repository/Mes rapports Obj/EXECUTION/Annuler button' is clicked on

2018-08-22 11:04:55 - [MESSAGE][PASSED] - Object: 'Object Repository/Mes rapports Obj/EXECUTION/Annuler button' is clicked on

2018-08-22 11:04:55 - [TEST_STEP][PASSED] - delay: Delayed 2 second(s)

2018-08-22 11:04:57 - [MESSAGE][PASSED] - Delayed 2 second(s)

2018-08-22 11:04:57 - [TEST_STEP][PASSED] - focus: Object: 'Object Repository/Mes rapports Obj/EXECUTION/Annuler Modal' is focused

2018-08-22 11:04:57 - [MESSAGE][PASSED] - Object: 'Object Repository/Mes rapports Obj/EXECUTION/Annuler Modal' is focused

2018-08-22 11:04:57 - [TEST_STEP][PASSED] - click: Object: 'Object Repository/Mes rapports Obj/EXECUTION/Annuler nouveau rapport' is clicked on

2018-08-22 11:04:57 - [MESSAGE][PASSED] - Object: 'Object Repository/Mes rapports Obj/EXECUTION/Annuler nouveau rapport' is clicked on

2018-08-22 11:04:57 - [TEST_STEP][PASSED] - waitForPageLoad: Wait for page load successfully

2018-08-22 11:04:57 - [MESSAGE][PASSED] - Wait for page load successfully

2018-08-22 11:04:57 - [TEST_STEP][PASSED] - closeBrowser: Browser is closed

2018-08-22 11:04:58 - [MESSAGE][PASSED] - Browser is closed]]></system-out>
         <system-err><![CDATA[]]></system-err>
      </testcase>
      <testcase name="Test Cases/New Folder/TC3 VALIDATION" classname="Test Cases/New Folder/TC3 VALIDATION" status="PASSED">
         <system-out><![CDATA[2018-08-22 11:04:58 - [TEST_CASE][PASSED] - Test Cases/New Folder/TC3 VALIDATION: Test Cases/New Folder/TC3 VALIDATION

2018-08-22 11:04:58 - [TEST_STEP][PASSED] - callTestCase: Call Test Case 'Test Cases/Login/TC1 Login to Mysdworx' successfully

2018-08-22 11:04:58 - [TEST_CASE][PASSED] - Test Cases/Login/TC1 Login to Mysdworx: Test Cases/Login/TC1 Login to Mysdworx

2018-08-22 11:04:58 - [TEST_STEP][PASSED] - openBrowser: Browser is opened with url: ''

2018-08-22 11:05:00 - [MESSAGE][PASSED] - Browser is opened with url: ''

2018-08-22 11:05:00 - [TEST_STEP][PASSED] - navigateToUrl: Navigate to 'https://internet.acc.sd.dika.be/ebloxreporting/web.sensitive/main/?lang=fr' successfully

2018-08-22 11:05:05 - [MESSAGE][PASSED] - Navigate to 'https://internet.acc.sd.dika.be/ebloxreporting/web.sensitive/main/?lang=fr' successfully

2018-08-22 11:05:05 - [TEST_STEP][PASSED] - maximizeWindow: Current window maximized

2018-08-22 11:05:06 - [MESSAGE][PASSED] - Current window maximized

2018-08-22 11:05:06 - [TEST_STEP][PASSED] - setText: Text 'DP_EBLOX_RPP_VASCO' is set on object 'Object Repository/Page_mysdworx - Log in/input_Username'

2018-08-22 11:05:10 - [MESSAGE][PASSED] - Text 'DP_EBLOX_RPP_VASCO' is set on object 'Object Repository/Page_mysdworx - Log in/input_Username'

2018-08-22 11:05:10 - [TEST_STEP][PASSED] - Statement - frame = new javax.swing.JFrame(User Input Frame): null

2018-08-22 11:05:10 - [TEST_STEP][PASSED] - Statement - frame.requestFocus(): null

2018-08-22 11:05:10 - [TEST_STEP][PASSED] - Statement - pass = javax.swing.JOptionPane.showInputDialog(frame, "Enter the password from token!!"): null

2018-08-22 11:05:13 - [TEST_STEP][PASSED] - delay: Delayed 2 second(s)

2018-08-22 11:05:15 - [MESSAGE][PASSED] - Delayed 2 second(s)

2018-08-22 11:05:15 - [TEST_STEP][PASSED] - setText: Text '713304' is set on object 'Object Repository/Page_mysdworx - Log in/input_Password'

2018-08-22 11:05:15 - [MESSAGE][PASSED] - Text '713304' is set on object 'Object Repository/Page_mysdworx - Log in/input_Password'

2018-08-22 11:05:15 - [TEST_STEP][PASSED] - click: Object: 'Object Repository/Page_mysdworx - Log in/button_Se connecter' is clicked on

2018-08-22 11:05:15 - [MESSAGE][PASSED] - Object: 'Object Repository/Page_mysdworx - Log in/button_Se connecter' is clicked on

2018-08-22 11:05:15 - [TEST_STEP][PASSED] - waitForPageLoad: Wait for page load successfully

2018-08-22 11:05:15 - [MESSAGE][PASSED] - Wait for page load successfully

2018-08-22 11:05:15 - [TEST_STEP][NOT_RUN] - closeBrowser: NOT_RUN: closeBrowser

2018-08-22 11:05:15 - [MESSAGE][NOT_RUN] - NOT_RUN: closeBrowser

2018-08-22 11:05:15 - [MESSAGE][PASSED] - Call Test Case 'Test Cases/Login/TC1 Login to Mysdworx' successfully

2018-08-22 11:05:15 - [TEST_STEP][PASSED] - waitForPageLoad: Wait for page load successfully

2018-08-22 11:05:15 - [MESSAGE][PASSED] - Wait for page load successfully

2018-08-22 11:05:15 - [TEST_STEP][PASSED] - callTestCase: Call Test Case 'Test Cases/Select Language/TC1 Verify NL language' successfully

2018-08-22 11:05:15 - [TEST_CASE][PASSED] - Test Cases/Select Language/TC1 Verify NL language: Test Cases/Select Language/TC1 Verify NL language

2018-08-22 11:05:15 - [TEST_STEP][PASSED] - waitForElementClickable: Object 'Object Repository/Change language link Obj/NL_language' is clickable

2018-08-22 11:05:36 - [MESSAGE][PASSED] - Object 'Object Repository/Change language link Obj/NL_language' is clickable

2018-08-22 11:05:36 - [TEST_STEP][PASSED] - click: Object: 'Object Repository/Change language link Obj/NL_language' is clicked on

2018-08-22 11:05:41 - [MESSAGE][PASSED] - Object: 'Object Repository/Change language link Obj/NL_language' is clicked on

2018-08-22 11:05:41 - [TEST_STEP][PASSED] - waitForPageLoad: Wait for page load successfully

2018-08-22 11:05:41 - [MESSAGE][PASSED] - Wait for page load successfully

2018-08-22 11:05:41 - [MESSAGE][PASSED] - Call Test Case 'Test Cases/Select Language/TC1 Verify NL language' successfully

2018-08-22 11:05:41 - [TEST_STEP][PASSED] - callTestCase: Call Test Case 'Test Cases/Mes rapports/Verify Nouveau rapport button' successfully

2018-08-22 11:05:41 - [TEST_CASE][PASSED] - Test Cases/Mes rapports/Verify Nouveau rapport button: Test Cases/Mes rapports/Verify Nouveau rapport button

2018-08-22 11:05:41 - [TEST_STEP][PASSED] - click: Object: 'Object Repository/Mes rapports Obj/button_Nouveau rapport' is clicked on

2018-08-22 11:05:44 - [MESSAGE][PASSED] - Object: 'Object Repository/Mes rapports Obj/button_Nouveau rapport' is clicked on

2018-08-22 11:05:44 - [TEST_STEP][PASSED] - waitForPageLoad: Wait for page load successfully

2018-08-22 11:05:44 - [MESSAGE][PASSED] - Wait for page load successfully

2018-08-22 11:05:44 - [MESSAGE][PASSED] - Call Test Case 'Test Cases/Mes rapports/Verify Nouveau rapport button' successfully

2018-08-22 11:05:44 - [TEST_STEP][PASSED] - callTestCase: Call Test Case 'Test Cases/Mes rapports/Mes rapports - BASE DE RAPPORT/TC1  Verify radio button creer un tout nouveau rapport' successfully

2018-08-22 11:05:44 - [TEST_CASE][PASSED] - Test Cases/Mes rapports/Mes rapports - BASE DE RAPPORT/TC1  Verify radio button creer un tout nouveau rapport: Test Cases/Mes rapports/Mes rapports - BASE DE RAPPORT/TC1  Verify radio button creer un tout nouveau rapport

2018-08-22 11:05:44 - [TEST_STEP][PASSED] - Statement - radioButton = com.kms.katalon.core.webui.keyword.WebUiBuiltInKeywords.modifyObjectProperty(com.kms.katalon.core.testobject.ObjectRepository.findTestObject(Mes rapports Obj/BASE DE RAPPORT/radioButton_Creer un tout nouveau rapport), "name", "equals", "typeRapport", true): Modify property of object successfully

2018-08-22 11:05:44 - [MESSAGE][PASSED] - Modify property of object successfully

2018-08-22 11:05:44 - [TEST_STEP][PASSED] - click: Object: 'Object Repository/Mes rapports Obj/BASE DE RAPPORT/radioButton_Creer un tout nouveau rapport' is clicked on

2018-08-22 11:05:45 - [MESSAGE][PASSED] - Object: 'Object Repository/Mes rapports Obj/BASE DE RAPPORT/radioButton_Creer un tout nouveau rapport' is clicked on

2018-08-22 11:05:45 - [MESSAGE][PASSED] - Call Test Case 'Test Cases/Mes rapports/Mes rapports - BASE DE RAPPORT/TC1  Verify radio button creer un tout nouveau rapport' successfully

2018-08-22 11:05:45 - [TEST_STEP][PASSED] - callTestCase: Call Test Case 'Test Cases/Mes rapports/TC Verify the next button arrow' successfully

2018-08-22 11:05:45 - [TEST_CASE][PASSED] - Test Cases/Mes rapports/TC Verify the next button arrow: Test Cases/Mes rapports/TC Verify the next button arrow

2018-08-22 11:05:45 - [TEST_STEP][PASSED] - waitForElementClickable: Object 'Object Repository/Mes rapports Obj/button_Next_Arrow' is clickable

2018-08-22 11:05:45 - [MESSAGE][PASSED] - Object 'Object Repository/Mes rapports Obj/button_Next_Arrow' is clickable

2018-08-22 11:05:45 - [TEST_STEP][PASSED] - click: Object: 'Object Repository/Mes rapports Obj/button_Next_Arrow' is clicked on

2018-08-22 11:05:45 - [MESSAGE][PASSED] - Object: 'Object Repository/Mes rapports Obj/button_Next_Arrow' is clicked on

2018-08-22 11:05:45 - [TEST_STEP][PASSED] - delay: Delayed 5 second(s)

2018-08-22 11:05:50 - [MESSAGE][PASSED] - Delayed 5 second(s)

2018-08-22 11:05:50 - [MESSAGE][PASSED] - Call Test Case 'Test Cases/Mes rapports/TC Verify the next button arrow' successfully

2018-08-22 11:05:50 - [TEST_STEP][PASSED] - waitForPageLoad: Wait for page load successfully

2018-08-22 11:05:50 - [MESSAGE][PASSED] - Wait for page load successfully

2018-08-22 11:05:50 - [TEST_STEP][PASSED] - callTestCase: Call Test Case 'Test Cases/Mes rapports/TC Verify the next button arrow' successfully

2018-08-22 11:05:50 - [TEST_CASE][PASSED] - Test Cases/Mes rapports/TC Verify the next button arrow: Test Cases/Mes rapports/TC Verify the next button arrow

2018-08-22 11:05:50 - [TEST_STEP][PASSED] - waitForElementClickable: Object 'Object Repository/Mes rapports Obj/button_Next_Arrow' is clickable

2018-08-22 11:05:50 - [MESSAGE][PASSED] - Object 'Object Repository/Mes rapports Obj/button_Next_Arrow' is clickable

2018-08-22 11:05:50 - [TEST_STEP][PASSED] - click: Object: 'Object Repository/Mes rapports Obj/button_Next_Arrow' is clicked on

2018-08-22 11:05:50 - [MESSAGE][PASSED] - Object: 'Object Repository/Mes rapports Obj/button_Next_Arrow' is clicked on

2018-08-22 11:05:50 - [TEST_STEP][PASSED] - delay: Delayed 5 second(s)

2018-08-22 11:05:55 - [MESSAGE][PASSED] - Delayed 5 second(s)

2018-08-22 11:05:55 - [MESSAGE][PASSED] - Call Test Case 'Test Cases/Mes rapports/TC Verify the next button arrow' successfully

2018-08-22 11:05:55 - [TEST_STEP][PASSED] - waitForPageLoad: Wait for page load successfully

2018-08-22 11:05:55 - [MESSAGE][PASSED] - Wait for page load successfully

2018-08-22 11:05:55 - [TEST_STEP][PASSED] - verifyTextPresent: Text 'Gelieve minstens één kolom toe te voegen.' is present on page  using regular expression

2018-08-22 11:05:55 - [MESSAGE][PASSED] - Text 'Gelieve minstens één kolom toe te voegen.' is present on page  using regular expression

2018-08-22 11:05:55 - [TEST_STEP][PASSED] - waitForPageLoad: Wait for page load successfully

2018-08-22 11:05:55 - [MESSAGE][PASSED] - Wait for page load successfully

2018-08-22 11:05:55 - [TEST_STEP][PASSED] - callTestCase: Call Test Case 'Test Cases/Mes rapports/Mes rapports - CONTENU/TC Verify input field - Copy' successfully

2018-08-22 11:05:55 - [TEST_CASE][PASSED] - Test Cases/Mes rapports/Mes rapports - CONTENU/TC Verify input field - Copy: Test Cases/Mes rapports/Mes rapports - CONTENU/TC Verify input field - Copy

2018-08-22 11:05:56 - [TEST_STEP][PASSED] - Statement - excelData = com.kms.katalon.core.testdata.TestDataFactory.findTestData(Data Files/Data/testData1): Reading excel file with source file 'C:\Users\seeboruts\OneDrive - SD Worx\Desktop\test_DAta.xlsx' and sheet name 'Validation'

2018-08-22 11:05:56 - [TEST_STEP][PASSED] - Statement - For ([i = 1, i <= 2, (i++)]): Object: 'Object Repository/Mes rapports Obj/CONTENU/click_Remove_text' is clicked on

2018-08-22 11:05:56 - [TEST_STEP][PASSED] - setText: Text 'Naam werknemer' is set on object 'Object Repository/Mes rapports Obj/CONTENU/input_Contenu_Selecteur'

2018-08-22 11:05:56 - [MESSAGE][PASSED] - Text 'Naam werknemer' is set on object 'Object Repository/Mes rapports Obj/CONTENU/input_Contenu_Selecteur'

2018-08-22 11:05:56 - [TEST_STEP][PASSED] - delay: Delayed 3 second(s)

2018-08-22 11:05:59 - [MESSAGE][PASSED] - Delayed 3 second(s)

2018-08-22 11:05:59 - [TEST_STEP][PASSED] - click: Object: 'Object Repository/Mes rapports Obj/CONTENU/Selecteur Obj NL/Naam werknemer' is clicked on

2018-08-22 11:05:59 - [MESSAGE][PASSED] - Object: 'Object Repository/Mes rapports Obj/CONTENU/Selecteur Obj NL/Naam werknemer' is clicked on

2018-08-22 11:05:59 - [TEST_STEP][PASSED] - delay: Delayed 3 second(s)

2018-08-22 11:06:02 - [MESSAGE][PASSED] - Delayed 3 second(s)

2018-08-22 11:06:02 - [TEST_STEP][PASSED] - click: Object: 'Object Repository/Mes rapports Obj/CONTENU/click_Remove_text' is clicked on

2018-08-22 11:06:02 - [MESSAGE][PASSED] - Object: 'Object Repository/Mes rapports Obj/CONTENU/click_Remove_text' is clicked on

2018-08-22 11:06:02 - [TEST_STEP][PASSED] - setText: Text 'Brutoloon' is set on object 'Object Repository/Mes rapports Obj/CONTENU/input_Contenu_Selecteur'

2018-08-22 11:06:02 - [MESSAGE][PASSED] - Text 'Brutoloon' is set on object 'Object Repository/Mes rapports Obj/CONTENU/input_Contenu_Selecteur'

2018-08-22 11:06:02 - [TEST_STEP][PASSED] - delay: Delayed 3 second(s)

2018-08-22 11:06:05 - [MESSAGE][PASSED] - Delayed 3 second(s)

2018-08-22 11:06:05 - [TEST_STEP][PASSED] - click: Object: 'Object Repository/Mes rapports Obj/CONTENU/Selecteur Obj NL/Brutoloon' is clicked on

2018-08-22 11:06:06 - [MESSAGE][PASSED] - Object: 'Object Repository/Mes rapports Obj/CONTENU/Selecteur Obj NL/Brutoloon' is clicked on

2018-08-22 11:06:06 - [TEST_STEP][PASSED] - delay: Delayed 3 second(s)

2018-08-22 11:06:09 - [MESSAGE][PASSED] - Delayed 3 second(s)

2018-08-22 11:06:09 - [TEST_STEP][PASSED] - click: Object: 'Object Repository/Mes rapports Obj/CONTENU/click_Remove_text' is clicked on

2018-08-22 11:06:09 - [MESSAGE][PASSED] - Object: 'Object Repository/Mes rapports Obj/CONTENU/click_Remove_text' is clicked on

2018-08-22 11:06:09 - [MESSAGE][PASSED] - Call Test Case 'Test Cases/Mes rapports/Mes rapports - CONTENU/TC Verify input field - Copy' successfully

2018-08-22 11:06:09 - [TEST_STEP][PASSED] - waitForPageLoad: Wait for page load successfully

2018-08-22 11:06:09 - [MESSAGE][PASSED] - Wait for page load successfully

2018-08-22 11:06:09 - [TEST_STEP][PASSED] - callTestCase: Call Test Case 'Test Cases/Mes rapports/TC Verify the next button arrow' successfully

2018-08-22 11:06:09 - [TEST_CASE][PASSED] - Test Cases/Mes rapports/TC Verify the next button arrow: Test Cases/Mes rapports/TC Verify the next button arrow

2018-08-22 11:06:09 - [TEST_STEP][PASSED] - waitForElementClickable: Object 'Object Repository/Mes rapports Obj/button_Next_Arrow' is clickable

2018-08-22 11:06:09 - [MESSAGE][PASSED] - Object 'Object Repository/Mes rapports Obj/button_Next_Arrow' is clickable

2018-08-22 11:06:09 - [TEST_STEP][PASSED] - click: Object: 'Object Repository/Mes rapports Obj/button_Next_Arrow' is clicked on

2018-08-22 11:06:09 - [MESSAGE][PASSED] - Object: 'Object Repository/Mes rapports Obj/button_Next_Arrow' is clicked on

2018-08-22 11:06:09 - [TEST_STEP][PASSED] - delay: Delayed 5 second(s)

2018-08-22 11:06:14 - [MESSAGE][PASSED] - Delayed 5 second(s)

2018-08-22 11:06:14 - [MESSAGE][PASSED] - Call Test Case 'Test Cases/Mes rapports/TC Verify the next button arrow' successfully

2018-08-22 11:06:14 - [TEST_STEP][PASSED] - waitForPageLoad: Wait for page load successfully

2018-08-22 11:06:14 - [MESSAGE][PASSED] - Wait for page load successfully

2018-08-22 11:06:14 - [TEST_STEP][PASSED] - verifyElementPresent: Object 'Object Repository/Mes rapports Obj/SELECTION/Active Contrat/exclamation icon' is present

2018-08-22 11:06:14 - [MESSAGE][PASSED] - Object 'Object Repository/Mes rapports Obj/SELECTION/Active Contrat/exclamation icon' is present

2018-08-22 11:06:14 - [TEST_STEP][PASSED] - delay: Delayed 3 second(s)

2018-08-22 11:06:17 - [MESSAGE][PASSED] - Delayed 3 second(s)

2018-08-22 11:06:17 - [TEST_STEP][PASSED] - callTestCase: Call Test Case 'Test Cases/Mes rapports/Mes rapports - SELECTION/Verify if checkbox is unchecked/TC 10 Deselect all checkbox' successfully

2018-08-22 11:06:17 - [TEST_CASE][PASSED] - Test Cases/Mes rapports/Mes rapports - SELECTION/Verify if checkbox is unchecked/TC 10 Deselect all checkbox: Test Cases/Mes rapports/Mes rapports - SELECTION/Verify if checkbox is unchecked/TC 10 Deselect all checkbox

2018-08-22 11:06:17 - [TEST_STEP][PASSED] - callTestCase: Call Test Case 'Test Cases/Mes rapports/Mes rapports - SELECTION/Verify if checkbox is unchecked/TC 1 Verify Contrats actifs checkbox  is un-checked' successfully

2018-08-22 11:06:18 - [TEST_CASE][PASSED] - Test Cases/Mes rapports/Mes rapports - SELECTION/Verify if checkbox is unchecked/TC 1 Verify Contrats actifs checkbox  is un-checked: Test Cases/Mes rapports/Mes rapports - SELECTION/Verify if checkbox is unchecked/TC 1 Verify Contrats actifs checkbox  is un-checked

2018-08-22 11:06:18 - [TEST_STEP][PASSED] - uncheck: Object 'Object Repository/Mes rapports Obj/SELECTION/Contrats actifs checkBox' is un-checked

2018-08-22 11:06:18 - [MESSAGE][PASSED] - Object 'Object Repository/Mes rapports Obj/SELECTION/Contrats actifs checkBox' is un-checked

2018-08-22 11:06:18 - [MESSAGE][PASSED] - Call Test Case 'Test Cases/Mes rapports/Mes rapports - SELECTION/Verify if checkbox is unchecked/TC 1 Verify Contrats actifs checkbox  is un-checked' successfully

2018-08-22 11:06:18 - [TEST_STEP][PASSED] - callTestCase: Call Test Case 'Test Cases/Mes rapports/Mes rapports - SELECTION/Verify if checkbox is unchecked/TC 2 VErify Dossier and Groupe checkBox  is un-checked' successfully

2018-08-22 11:06:18 - [TEST_CASE][PASSED] - Test Cases/Mes rapports/Mes rapports - SELECTION/Verify if checkbox is unchecked/TC 2 VErify Dossier and Groupe checkBox  is un-checked: Test Cases/Mes rapports/Mes rapports - SELECTION/Verify if checkbox is unchecked/TC 2 VErify Dossier and Groupe checkBox  is un-checked

2018-08-22 11:06:18 - [TEST_STEP][PASSED] - uncheck: Object 'Object Repository/Mes rapports Obj/SELECTION/Dossier and Groupe checkbox' is un-checked

2018-08-22 11:06:18 - [MESSAGE][PASSED] - Object 'Object Repository/Mes rapports Obj/SELECTION/Dossier and Groupe checkbox' is un-checked

2018-08-22 11:06:18 - [MESSAGE][PASSED] - Call Test Case 'Test Cases/Mes rapports/Mes rapports - SELECTION/Verify if checkbox is unchecked/TC 2 VErify Dossier and Groupe checkBox  is un-checked' successfully

2018-08-22 11:06:18 - [TEST_STEP][PASSED] - callTestCase: Call Test Case 'Test Cases/Mes rapports/Mes rapports - SELECTION/Verify if checkbox is unchecked/TC 3 Verify Travailleur checkBox  is un-checked' successfully

2018-08-22 11:06:18 - [TEST_CASE][PASSED] - Test Cases/Mes rapports/Mes rapports - SELECTION/Verify if checkbox is unchecked/TC 3 Verify Travailleur checkBox  is un-checked: Test Cases/Mes rapports/Mes rapports - SELECTION/Verify if checkbox is unchecked/TC 3 Verify Travailleur checkBox  is un-checked

2018-08-22 11:06:18 - [TEST_STEP][PASSED] - uncheck: Object 'Object Repository/Mes rapports Obj/SELECTION/Travailleur checkbox' is un-checked

2018-08-22 11:06:18 - [MESSAGE][PASSED] - Object 'Object Repository/Mes rapports Obj/SELECTION/Travailleur checkbox' is un-checked

2018-08-22 11:06:18 - [MESSAGE][PASSED] - Call Test Case 'Test Cases/Mes rapports/Mes rapports - SELECTION/Verify if checkbox is unchecked/TC 3 Verify Travailleur checkBox  is un-checked' successfully

2018-08-22 11:06:18 - [TEST_STEP][PASSED] - callTestCase: Call Test Case 'Test Cases/Mes rapports/Mes rapports - SELECTION/Verify if checkbox is unchecked/TC 4 Verify Departement checkBox  is un-checked' successfully

2018-08-22 11:06:19 - [TEST_CASE][PASSED] - Test Cases/Mes rapports/Mes rapports - SELECTION/Verify if checkbox is unchecked/TC 4 Verify Departement checkBox  is un-checked: Test Cases/Mes rapports/Mes rapports - SELECTION/Verify if checkbox is unchecked/TC 4 Verify Departement checkBox  is un-checked

2018-08-22 11:06:19 - [TEST_STEP][PASSED] - uncheck: Object 'Object Repository/Mes rapports Obj/SELECTION/Departement checkbox' is un-checked

2018-08-22 11:06:19 - [MESSAGE][PASSED] - Object 'Object Repository/Mes rapports Obj/SELECTION/Departement checkbox' is un-checked

2018-08-22 11:06:19 - [MESSAGE][PASSED] - Call Test Case 'Test Cases/Mes rapports/Mes rapports - SELECTION/Verify if checkbox is unchecked/TC 4 Verify Departement checkBox  is un-checked' successfully

2018-08-22 11:06:19 - [TEST_STEP][PASSED] - callTestCase: Call Test Case 'Test Cases/Mes rapports/Mes rapports - SELECTION/Verify if checkbox is unchecked/TC 5 Verify Caractere juridique du contract checBox  is un-checked' successfully

2018-08-22 11:06:19 - [TEST_CASE][PASSED] - Test Cases/Mes rapports/Mes rapports - SELECTION/Verify if checkbox is unchecked/TC 5 Verify Caractere juridique du contract checBox  is un-checked: Test Cases/Mes rapports/Mes rapports - SELECTION/Verify if checkbox is unchecked/TC 5 Verify Caractere juridique du contract checBox  is un-checked

2018-08-22 11:06:19 - [TEST_STEP][PASSED] - uncheck: Object 'Object Repository/Mes rapports Obj/SELECTION/Caractere juridique de contrat' is un-checked

2018-08-22 11:06:19 - [MESSAGE][PASSED] - Object 'Object Repository/Mes rapports Obj/SELECTION/Caractere juridique de contrat' is un-checked

2018-08-22 11:06:19 - [MESSAGE][PASSED] - Call Test Case 'Test Cases/Mes rapports/Mes rapports - SELECTION/Verify if checkbox is unchecked/TC 5 Verify Caractere juridique du contract checBox  is un-checked' successfully

2018-08-22 11:06:19 - [TEST_STEP][PASSED] - callTestCase: Call Test Case 'Test Cases/Mes rapports/Mes rapports - SELECTION/Verify if checkbox is unchecked/TC 6 Verify Pays de naissance checkBox  is un-checked' successfully

2018-08-22 11:06:19 - [TEST_CASE][PASSED] - Test Cases/Mes rapports/Mes rapports - SELECTION/Verify if checkbox is unchecked/TC 6 Verify Pays de naissance checkBox  is un-checked: Test Cases/Mes rapports/Mes rapports - SELECTION/Verify if checkbox is unchecked/TC 6 Verify Pays de naissance checkBox  is un-checked

2018-08-22 11:06:19 - [TEST_STEP][PASSED] - uncheck: Object 'Object Repository/Mes rapports Obj/SELECTION/Pays de naisssance checkbox' is un-checked

2018-08-22 11:06:19 - [MESSAGE][PASSED] - Object 'Object Repository/Mes rapports Obj/SELECTION/Pays de naisssance checkbox' is un-checked

2018-08-22 11:06:19 - [MESSAGE][PASSED] - Call Test Case 'Test Cases/Mes rapports/Mes rapports - SELECTION/Verify if checkbox is unchecked/TC 6 Verify Pays de naissance checkBox  is un-checked' successfully

2018-08-22 11:06:19 - [TEST_STEP][PASSED] - callTestCase: Call Test Case 'Test Cases/Mes rapports/Mes rapports - SELECTION/Verify if checkbox is unchecked/TC 7 Verify Sexe checkBox  is un-checked' successfully

2018-08-22 11:06:19 - [TEST_CASE][PASSED] - Test Cases/Mes rapports/Mes rapports - SELECTION/Verify if checkbox is unchecked/TC 7 Verify Sexe checkBox  is un-checked: Test Cases/Mes rapports/Mes rapports - SELECTION/Verify if checkbox is unchecked/TC 7 Verify Sexe checkBox  is un-checked

2018-08-22 11:06:19 - [TEST_STEP][PASSED] - uncheck: Object 'Object Repository/Mes rapports Obj/SELECTION/Sexe checkbox' is un-checked

2018-08-22 11:06:19 - [MESSAGE][PASSED] - Object 'Object Repository/Mes rapports Obj/SELECTION/Sexe checkbox' is un-checked

2018-08-22 11:06:19 - [MESSAGE][PASSED] - Call Test Case 'Test Cases/Mes rapports/Mes rapports - SELECTION/Verify if checkbox is unchecked/TC 7 Verify Sexe checkBox  is un-checked' successfully

2018-08-22 11:06:19 - [TEST_STEP][PASSED] - callTestCase: Call Test Case 'Test Cases/Mes rapports/Mes rapports - SELECTION/Verify if checkbox is unchecked/TC 8 Verify Mode de remuneration checkBox  is un-checked' successfully

2018-08-22 11:06:19 - [TEST_CASE][PASSED] - Test Cases/Mes rapports/Mes rapports - SELECTION/Verify if checkbox is unchecked/TC 8 Verify Mode de remuneration checkBox  is un-checked: Test Cases/Mes rapports/Mes rapports - SELECTION/Verify if checkbox is unchecked/TC 8 Verify Mode de remuneration checkBox  is un-checked

2018-08-22 11:06:19 - [TEST_STEP][PASSED] - uncheck: Object 'Object Repository/Mes rapports Obj/SELECTION/Mode de remuneration checkbox' is un-checked

2018-08-22 11:06:19 - [MESSAGE][PASSED] - Object 'Object Repository/Mes rapports Obj/SELECTION/Mode de remuneration checkbox' is un-checked

2018-08-22 11:06:19 - [MESSAGE][PASSED] - Call Test Case 'Test Cases/Mes rapports/Mes rapports - SELECTION/Verify if checkbox is unchecked/TC 8 Verify Mode de remuneration checkBox  is un-checked' successfully

2018-08-22 11:06:19 - [TEST_STEP][PASSED] - callTestCase: Call Test Case 'Test Cases/Mes rapports/Mes rapports - SELECTION/Verify if checkbox is unchecked/TC 9 Verify Suspension checkBox  is un-checked' successfully

2018-08-22 11:06:19 - [TEST_CASE][PASSED] - Test Cases/Mes rapports/Mes rapports - SELECTION/Verify if checkbox is unchecked/TC 9 Verify Suspension checkBox  is un-checked: Test Cases/Mes rapports/Mes rapports - SELECTION/Verify if checkbox is unchecked/TC 9 Verify Suspension checkBox  is un-checked

2018-08-22 11:06:19 - [TEST_STEP][PASSED] - uncheck: Object 'Object Repository/Mes rapports Obj/SELECTION/Suspension checkbox' is un-checked

2018-08-22 11:06:19 - [MESSAGE][PASSED] - Object 'Object Repository/Mes rapports Obj/SELECTION/Suspension checkbox' is un-checked

2018-08-22 11:06:19 - [MESSAGE][PASSED] - Call Test Case 'Test Cases/Mes rapports/Mes rapports - SELECTION/Verify if checkbox is unchecked/TC 9 Verify Suspension checkBox  is un-checked' successfully

2018-08-22 11:06:19 - [MESSAGE][PASSED] - Call Test Case 'Test Cases/Mes rapports/Mes rapports - SELECTION/Verify if checkbox is unchecked/TC 10 Deselect all checkbox' successfully

2018-08-22 11:06:19 - [TEST_STEP][PASSED] - callTestCase: Call Test Case 'Test Cases/Mes rapports/TC Verify the next button arrow' successfully

2018-08-22 11:06:19 - [TEST_CASE][PASSED] - Test Cases/Mes rapports/TC Verify the next button arrow: Test Cases/Mes rapports/TC Verify the next button arrow

2018-08-22 11:06:19 - [TEST_STEP][PASSED] - waitForElementClickable: Object 'Object Repository/Mes rapports Obj/button_Next_Arrow' is clickable

2018-08-22 11:06:20 - [MESSAGE][PASSED] - Object 'Object Repository/Mes rapports Obj/button_Next_Arrow' is clickable

2018-08-22 11:06:20 - [TEST_STEP][PASSED] - click: Object: 'Object Repository/Mes rapports Obj/button_Next_Arrow' is clicked on

2018-08-22 11:06:20 - [MESSAGE][PASSED] - Object: 'Object Repository/Mes rapports Obj/button_Next_Arrow' is clicked on

2018-08-22 11:06:20 - [TEST_STEP][PASSED] - delay: Delayed 5 second(s)

2018-08-22 11:06:25 - [MESSAGE][PASSED] - Delayed 5 second(s)

2018-08-22 11:06:25 - [MESSAGE][PASSED] - Call Test Case 'Test Cases/Mes rapports/TC Verify the next button arrow' successfully

2018-08-22 11:06:25 - [TEST_STEP][PASSED] - waitForPageLoad: Wait for page load successfully

2018-08-22 11:06:25 - [MESSAGE][PASSED] - Wait for page load successfully

2018-08-22 11:06:25 - [TEST_STEP][PASSED] - click: Object: 'Object Repository/Mes rapports Obj/EXECUTION/Button executer' is clicked on

2018-08-22 11:06:25 - [MESSAGE][PASSED] - Object: 'Object Repository/Mes rapports Obj/EXECUTION/Button executer' is clicked on

2018-08-22 11:06:25 - [TEST_STEP][PASSED] - verifyElementPresent: Object 'Object Repository/Mes rapports Obj/SELECTION/Active Contrat/exclamation icon' is present

2018-08-22 11:06:25 - [MESSAGE][PASSED] - Object 'Object Repository/Mes rapports Obj/SELECTION/Active Contrat/exclamation icon' is present

2018-08-22 11:06:25 - [TEST_STEP][PASSED] - waitForElementClickable: Object 'Object Repository/Mes rapports Obj/EXECUTION/Annuler button' is clickable

2018-08-22 11:06:25 - [MESSAGE][PASSED] - Object 'Object Repository/Mes rapports Obj/EXECUTION/Annuler button' is clickable

2018-08-22 11:06:25 - [TEST_STEP][PASSED] - click: Object: 'Object Repository/Mes rapports Obj/EXECUTION/Annuler button' is clicked on

2018-08-22 11:06:25 - [MESSAGE][PASSED] - Object: 'Object Repository/Mes rapports Obj/EXECUTION/Annuler button' is clicked on

2018-08-22 11:06:25 - [TEST_STEP][PASSED] - focus: Object: 'Object Repository/Mes rapports Obj/EXECUTION/Annuler Modal' is focused

2018-08-22 11:06:25 - [MESSAGE][PASSED] - Object: 'Object Repository/Mes rapports Obj/EXECUTION/Annuler Modal' is focused

2018-08-22 11:06:25 - [TEST_STEP][PASSED] - click: Object: 'Object Repository/Page_mysdworx - Aanmelden/Terugkeren' is clicked on

2018-08-22 11:06:26 - [MESSAGE][PASSED] - Object: 'Object Repository/Page_mysdworx - Aanmelden/Terugkeren' is clicked on

2018-08-22 11:06:26 - [TEST_STEP][PASSED] - delay: Delayed 2 second(s)

2018-08-22 11:06:28 - [MESSAGE][PASSED] - Delayed 2 second(s)

2018-08-22 11:06:28 - [TEST_STEP][PASSED] - focus: Object: 'Object Repository/Mes rapports Obj/EXECUTION/Annuler button' is focused

2018-08-22 11:06:28 - [MESSAGE][PASSED] - Object: 'Object Repository/Mes rapports Obj/EXECUTION/Annuler button' is focused

2018-08-22 11:06:28 - [TEST_STEP][PASSED] - waitForElementClickable: Object 'Object Repository/Mes rapports Obj/EXECUTION/Annuler button' is clickable

2018-08-22 11:06:28 - [MESSAGE][PASSED] - Object 'Object Repository/Mes rapports Obj/EXECUTION/Annuler button' is clickable

2018-08-22 11:06:28 - [TEST_STEP][PASSED] - click: Object: 'Object Repository/Mes rapports Obj/EXECUTION/Annuler button' is clicked on

2018-08-22 11:06:28 - [MESSAGE][PASSED] - Object: 'Object Repository/Mes rapports Obj/EXECUTION/Annuler button' is clicked on

2018-08-22 11:06:28 - [TEST_STEP][PASSED] - delay: Delayed 2 second(s)

2018-08-22 11:06:30 - [MESSAGE][PASSED] - Delayed 2 second(s)

2018-08-22 11:06:30 - [TEST_STEP][PASSED] - focus: Object: 'Object Repository/Mes rapports Obj/EXECUTION/Annuler Modal' is focused

2018-08-22 11:06:30 - [MESSAGE][PASSED] - Object: 'Object Repository/Mes rapports Obj/EXECUTION/Annuler Modal' is focused

2018-08-22 11:06:30 - [TEST_STEP][PASSED] - waitForElementClickable: Object 'Object Repository/Mes rapports Obj/EXECUTION/Annuler nouveau rapport' is clickable

2018-08-22 11:06:30 - [MESSAGE][PASSED] - Object 'Object Repository/Mes rapports Obj/EXECUTION/Annuler nouveau rapport' is clickable

2018-08-22 11:06:30 - [TEST_STEP][PASSED] - click: Object: 'Object Repository/Mes rapports Obj/EXECUTION/Annuler nouveau rapport' is clicked on

2018-08-22 11:06:30 - [MESSAGE][PASSED] - Object: 'Object Repository/Mes rapports Obj/EXECUTION/Annuler nouveau rapport' is clicked on

2018-08-22 11:06:30 - [TEST_STEP][PASSED] - waitForPageLoad: Wait for page load successfully

2018-08-22 11:06:30 - [MESSAGE][PASSED] - Wait for page load successfully

2018-08-22 11:06:30 - [TEST_STEP][PASSED] - closeBrowser: Browser is closed

2018-08-22 11:06:31 - [MESSAGE][PASSED] - Browser is closed]]></system-out>
         <system-err><![CDATA[]]></system-err>
      </testcase>
      <testcase name="Test Cases/New Folder/TC1 LANGUAGE" classname="Test Cases/New Folder/TC1 LANGUAGE" status="PASSED">
         <system-out><![CDATA[2018-08-22 11:06:31 - [TEST_CASE][PASSED] - Test Cases/New Folder/TC1 LANGUAGE: Test Cases/New Folder/TC1 LANGUAGE

2018-08-22 11:06:31 - [TEST_STEP][PASSED] - callTestCase: Call Test Case 'Test Cases/Login/TC1 Login to Mysdworx' successfully

2018-08-22 11:06:31 - [TEST_CASE][PASSED] - Test Cases/Login/TC1 Login to Mysdworx: Test Cases/Login/TC1 Login to Mysdworx

2018-08-22 11:06:31 - [TEST_STEP][PASSED] - openBrowser: Browser is opened with url: ''

2018-08-22 11:06:33 - [MESSAGE][PASSED] - Browser is opened with url: ''

2018-08-22 11:06:33 - [TEST_STEP][PASSED] - navigateToUrl: Navigate to 'https://internet.acc.sd.dika.be/ebloxreporting/web.sensitive/main/?lang=fr' successfully

2018-08-22 11:06:38 - [MESSAGE][PASSED] - Navigate to 'https://internet.acc.sd.dika.be/ebloxreporting/web.sensitive/main/?lang=fr' successfully

2018-08-22 11:06:38 - [TEST_STEP][PASSED] - maximizeWindow: Current window maximized

2018-08-22 11:06:39 - [MESSAGE][PASSED] - Current window maximized

2018-08-22 11:06:39 - [TEST_STEP][PASSED] - setText: Text 'DP_EBLOX_RPP_VASCO' is set on object 'Object Repository/Page_mysdworx - Log in/input_Username'

2018-08-22 11:06:43 - [MESSAGE][PASSED] - Text 'DP_EBLOX_RPP_VASCO' is set on object 'Object Repository/Page_mysdworx - Log in/input_Username'

2018-08-22 11:06:43 - [TEST_STEP][PASSED] - Statement - frame = new javax.swing.JFrame(User Input Frame): null

2018-08-22 11:06:43 - [TEST_STEP][PASSED] - Statement - frame.requestFocus(): null

2018-08-22 11:06:43 - [TEST_STEP][PASSED] - Statement - pass = javax.swing.JOptionPane.showInputDialog(frame, "Enter the password from token!!"): null

2018-08-22 11:06:59 - [TEST_STEP][PASSED] - delay: Delayed 2 second(s)

2018-08-22 11:07:01 - [MESSAGE][PASSED] - Delayed 2 second(s)

2018-08-22 11:07:01 - [TEST_STEP][PASSED] - setText: Text '142114' is set on object 'Object Repository/Page_mysdworx - Log in/input_Password'

2018-08-22 11:07:01 - [MESSAGE][PASSED] - Text '142114' is set on object 'Object Repository/Page_mysdworx - Log in/input_Password'

2018-08-22 11:07:01 - [TEST_STEP][PASSED] - click: Object: 'Object Repository/Page_mysdworx - Log in/button_Se connecter' is clicked on

2018-08-22 11:07:01 - [MESSAGE][PASSED] - Object: 'Object Repository/Page_mysdworx - Log in/button_Se connecter' is clicked on

2018-08-22 11:07:01 - [TEST_STEP][PASSED] - waitForPageLoad: Wait for page load successfully

2018-08-22 11:07:01 - [MESSAGE][PASSED] - Wait for page load successfully

2018-08-22 11:07:01 - [TEST_STEP][NOT_RUN] - closeBrowser: NOT_RUN: closeBrowser

2018-08-22 11:07:01 - [MESSAGE][NOT_RUN] - NOT_RUN: closeBrowser

2018-08-22 11:07:01 - [MESSAGE][PASSED] - Call Test Case 'Test Cases/Login/TC1 Login to Mysdworx' successfully

2018-08-22 11:07:01 - [TEST_STEP][PASSED] - waitForPageLoad: Wait for page load successfully

2018-08-22 11:07:01 - [MESSAGE][PASSED] - Wait for page load successfully

2018-08-22 11:07:01 - [TEST_STEP][PASSED] - callTestCase: Call Test Case 'Test Cases/Select Language/TC1 Verify NL language' successfully

2018-08-22 11:07:02 - [TEST_CASE][PASSED] - Test Cases/Select Language/TC1 Verify NL language: Test Cases/Select Language/TC1 Verify NL language

2018-08-22 11:07:02 - [TEST_STEP][PASSED] - waitForElementClickable: Object 'Object Repository/Change language link Obj/NL_language' is clickable

2018-08-22 11:07:23 - [MESSAGE][PASSED] - Object 'Object Repository/Change language link Obj/NL_language' is clickable

2018-08-22 11:07:23 - [TEST_STEP][PASSED] - click: Object: 'Object Repository/Change language link Obj/NL_language' is clicked on

2018-08-22 11:07:28 - [MESSAGE][PASSED] - Object: 'Object Repository/Change language link Obj/NL_language' is clicked on

2018-08-22 11:07:28 - [TEST_STEP][PASSED] - waitForPageLoad: Wait for page load successfully

2018-08-22 11:07:28 - [MESSAGE][PASSED] - Wait for page load successfully

2018-08-22 11:07:28 - [MESSAGE][PASSED] - Call Test Case 'Test Cases/Select Language/TC1 Verify NL language' successfully

2018-08-22 11:07:28 - [TEST_STEP][PASSED] - waitForPageLoad: Wait for page load successfully

2018-08-22 11:07:28 - [MESSAGE][PASSED] - Wait for page load successfully

2018-08-22 11:07:28 - [TEST_STEP][PASSED] - callTestCase: Call Test Case 'Test Cases/Mes rapports/Main Page/TC Verify Mes rapports tab' successfully

2018-08-22 11:07:28 - [TEST_CASE][PASSED] - Test Cases/Mes rapports/Main Page/TC Verify Mes rapports tab: Test Cases/Mes rapports/Main Page/TC Verify Mes rapports tab

2018-08-22 11:07:28 - [TEST_STEP][PASSED] - click: Object: 'Object Repository/Mes rapports Obj/Mes rapports_tab' is clicked on

2018-08-22 11:07:28 - [MESSAGE][PASSED] - Object: 'Object Repository/Mes rapports Obj/Mes rapports_tab' is clicked on

2018-08-22 11:07:28 - [MESSAGE][PASSED] - Call Test Case 'Test Cases/Mes rapports/Main Page/TC Verify Mes rapports tab' successfully

2018-08-22 11:07:28 - [TEST_STEP][PASSED] - waitForPageLoad: Wait for page load successfully

2018-08-22 11:07:28 - [MESSAGE][PASSED] - Wait for page load successfully

2018-08-22 11:07:28 - [TEST_STEP][PASSED] - callTestCase: Call Test Case 'Test Cases/Mes rapports/Main Page/TC Verify Deployer function' successfully

2018-08-22 11:07:28 - [TEST_CASE][PASSED] - Test Cases/Mes rapports/Main Page/TC Verify Deployer function: Test Cases/Mes rapports/Main Page/TC Verify Deployer function

2018-08-22 11:07:28 - [TEST_STEP][PASSED] - waitForPageLoad: Wait for page load successfully

2018-08-22 11:07:28 - [MESSAGE][PASSED] - Wait for page load successfully

2018-08-22 11:07:28 - [TEST_STEP][PASSED] - waitForElementClickable: Object 'Object Repository/Mes rapports Obj/button_setting_dropdown' is clickable

2018-08-22 11:07:31 - [MESSAGE][PASSED] - Object 'Object Repository/Mes rapports Obj/button_setting_dropdown' is clickable

2018-08-22 11:07:31 - [TEST_STEP][PASSED] - click: Object: 'Object Repository/Mes rapports Obj/button_setting_dropdown' is clicked on

2018-08-22 11:07:31 - [MESSAGE][PASSED] - Object: 'Object Repository/Mes rapports Obj/button_setting_dropdown' is clicked on

2018-08-22 11:07:31 - [TEST_STEP][PASSED] - click: Object: 'Object Repository/Mes rapports Obj/a_Dployer tout' is clicked on

2018-08-22 11:07:34 - [MESSAGE][PASSED] - Object: 'Object Repository/Mes rapports Obj/a_Dployer tout' is clicked on

2018-08-22 11:07:34 - [MESSAGE][PASSED] - Call Test Case 'Test Cases/Mes rapports/Main Page/TC Verify Deployer function' successfully

2018-08-22 11:07:34 - [TEST_STEP][PASSED] - waitForPageLoad: Wait for page load successfully

2018-08-22 11:07:34 - [MESSAGE][PASSED] - Wait for page load successfully

2018-08-22 11:07:34 - [TEST_STEP][PASSED] - callTestCase: Call Test Case 'Test Cases/Mes rapports/Main Page/TC Verify Masquer function' successfully

2018-08-22 11:07:34 - [TEST_CASE][PASSED] - Test Cases/Mes rapports/Main Page/TC Verify Masquer function: Test Cases/Mes rapports/Main Page/TC Verify Masquer function

2018-08-22 11:07:34 - [TEST_STEP][PASSED] - click: Object: 'Object Repository/Mes rapports Obj/button_setting_dropdown' is clicked on

2018-08-22 11:07:34 - [MESSAGE][PASSED] - Object: 'Object Repository/Mes rapports Obj/button_setting_dropdown' is clicked on

2018-08-22 11:07:34 - [TEST_STEP][PASSED] - click: Object: 'Object Repository/Mes rapports Obj/a_Masquer tout' is clicked on

2018-08-22 11:07:34 - [MESSAGE][PASSED] - Object: 'Object Repository/Mes rapports Obj/a_Masquer tout' is clicked on

2018-08-22 11:07:34 - [MESSAGE][PASSED] - Call Test Case 'Test Cases/Mes rapports/Main Page/TC Verify Masquer function' successfully

2018-08-22 11:07:34 - [TEST_STEP][PASSED] - callTestCase: Call Test Case 'Test Cases/Mes rapports/Main Page/TC Verify info icon function' successfully

2018-08-22 11:07:34 - [TEST_CASE][PASSED] - Test Cases/Mes rapports/Main Page/TC Verify info icon function: Test Cases/Mes rapports/Main Page/TC Verify info icon function

2018-08-22 11:07:35 - [TEST_STEP][PASSED] - click: Object: 'Object Repository/Mes rapports Obj/info_Icon' is clicked on

2018-08-22 11:07:35 - [MESSAGE][PASSED] - Object: 'Object Repository/Mes rapports Obj/info_Icon' is clicked on

2018-08-22 11:07:35 - [MESSAGE][PASSED] - Call Test Case 'Test Cases/Mes rapports/Main Page/TC Verify info icon function' successfully

2018-08-22 11:07:35 - [TEST_STEP][PASSED] - callTestCase: Call Test Case 'Test Cases/Mes rapports/Main Page/TC Verify Url' successfully

2018-08-22 11:07:35 - [TEST_CASE][PASSED] - Test Cases/Mes rapports/Main Page/TC Verify Url: Test Cases/Mes rapports/Main Page/TC Verify Url

2018-08-22 11:07:35 - [TEST_STEP][PASSED] - waitForPageLoad: Wait for page load successfully

2018-08-22 11:07:35 - [MESSAGE][PASSED] - Wait for page load successfully

2018-08-22 11:07:35 - [TEST_STEP][PASSED] - Statement - url = com.kms.katalon.core.webui.keyword.WebUiBuiltInKeywords.getUrl(): Current window's url is: 'https://internet.acc.sd.dika.be/ebloxreporting/web.sensitive/main/FpyDF/iIz9g8MffKNXfNyb1H/NL/#/mijnrapporten'

2018-08-22 11:07:35 - [MESSAGE][PASSED] - Current window's url is: 'https://internet.acc.sd.dika.be/ebloxreporting/web.sensitive/main/FpyDF/iIz9g8MffKNXfNyb1H/NL/#/mijnrapporten'

2018-08-22 11:07:35 - [TEST_STEP][PASSED] - Statement - p = java.util.regex.Pattern.compile("00040 ANTILOPE GROEP"): null

2018-08-22 11:07:35 - [TEST_STEP][PASSED] - Statement - m = p.matcher(url): null

2018-08-22 11:07:35 - [TEST_STEP][PASSED] - Statement - If (m.find()): null

2018-08-22 11:07:35 - [TEST_STEP][PASSED] - Statement - Else: The user name and the concern number are not present in the URL

2018-08-22 11:07:35 - [TEST_STEP][PASSED] - Statement - com.kms.katalon.core.util.KeywordUtil.markPassed("The user name and the concern number are not present in the URL"): The user name and the concern number are not present in the URL

2018-08-22 11:07:35 - [MESSAGE][PASSED] - The user name and the concern number are not present in the URL

2018-08-22 11:07:35 - [MESSAGE][PASSED] - Call Test Case 'Test Cases/Mes rapports/Main Page/TC Verify Url' successfully

2018-08-22 11:07:35 - [TEST_STEP][PASSED] - waitForPageLoad: Wait for page load successfully

2018-08-22 11:07:35 - [MESSAGE][PASSED] - Wait for page load successfully

2018-08-22 11:07:35 - [TEST_STEP][PASSED] - delay: Delayed 1 second(s)

2018-08-22 11:07:36 - [MESSAGE][PASSED] - Delayed 1 second(s)

2018-08-22 11:07:36 - [TEST_STEP][PASSED] - callTestCase: Call Test Case 'Test Cases/Select Language/TC2 Verify FR Language' successfully

2018-08-22 11:07:36 - [TEST_CASE][PASSED] - Test Cases/Select Language/TC2 Verify FR Language: Test Cases/Select Language/TC2 Verify FR Language

2018-08-22 11:07:36 - [TEST_STEP][PASSED] - click: Object: 'Object Repository/Change language link Obj/FR_language' is clicked on

2018-08-22 11:07:41 - [MESSAGE][PASSED] - Object: 'Object Repository/Change language link Obj/FR_language' is clicked on

2018-08-22 11:07:41 - [TEST_STEP][PASSED] - waitForPageLoad: Wait for page load successfully

2018-08-22 11:07:41 - [MESSAGE][PASSED] - Wait for page load successfully

2018-08-22 11:07:41 - [MESSAGE][PASSED] - Call Test Case 'Test Cases/Select Language/TC2 Verify FR Language' successfully

2018-08-22 11:07:41 - [TEST_STEP][PASSED] - waitForPageLoad: Wait for page load successfully

2018-08-22 11:07:41 - [MESSAGE][PASSED] - Wait for page load successfully

2018-08-22 11:07:41 - [TEST_STEP][PASSED] - callTestCase: Call Test Case 'Test Cases/Mes rapports/Main Page/TC Verify Mes rapports tab' successfully

2018-08-22 11:07:41 - [TEST_CASE][PASSED] - Test Cases/Mes rapports/Main Page/TC Verify Mes rapports tab: Test Cases/Mes rapports/Main Page/TC Verify Mes rapports tab

2018-08-22 11:07:41 - [TEST_STEP][PASSED] - click: Object: 'Object Repository/Mes rapports Obj/Mes rapports_tab' is clicked on

2018-08-22 11:07:41 - [MESSAGE][PASSED] - Object: 'Object Repository/Mes rapports Obj/Mes rapports_tab' is clicked on

2018-08-22 11:07:41 - [MESSAGE][PASSED] - Call Test Case 'Test Cases/Mes rapports/Main Page/TC Verify Mes rapports tab' successfully

2018-08-22 11:07:41 - [TEST_STEP][PASSED] - waitForPageLoad: Wait for page load successfully

2018-08-22 11:07:41 - [MESSAGE][PASSED] - Wait for page load successfully

2018-08-22 11:07:41 - [TEST_STEP][PASSED] - callTestCase: Call Test Case 'Test Cases/Mes rapports/Main Page/TC Verify Deployer function' successfully

2018-08-22 11:07:41 - [TEST_CASE][PASSED] - Test Cases/Mes rapports/Main Page/TC Verify Deployer function: Test Cases/Mes rapports/Main Page/TC Verify Deployer function

2018-08-22 11:07:41 - [TEST_STEP][PASSED] - waitForPageLoad: Wait for page load successfully

2018-08-22 11:07:41 - [MESSAGE][PASSED] - Wait for page load successfully

2018-08-22 11:07:41 - [TEST_STEP][PASSED] - waitForElementClickable: Object 'Object Repository/Mes rapports Obj/button_setting_dropdown' is clickable

2018-08-22 11:07:44 - [MESSAGE][PASSED] - Object 'Object Repository/Mes rapports Obj/button_setting_dropdown' is clickable

2018-08-22 11:07:44 - [TEST_STEP][PASSED] - click: Object: 'Object Repository/Mes rapports Obj/button_setting_dropdown' is clicked on

2018-08-22 11:07:44 - [MESSAGE][PASSED] - Object: 'Object Repository/Mes rapports Obj/button_setting_dropdown' is clicked on

2018-08-22 11:07:44 - [TEST_STEP][PASSED] - click: Object: 'Object Repository/Mes rapports Obj/a_Dployer tout' is clicked on

2018-08-22 11:07:46 - [MESSAGE][PASSED] - Object: 'Object Repository/Mes rapports Obj/a_Dployer tout' is clicked on

2018-08-22 11:07:46 - [MESSAGE][PASSED] - Call Test Case 'Test Cases/Mes rapports/Main Page/TC Verify Deployer function' successfully

2018-08-22 11:07:46 - [TEST_STEP][PASSED] - waitForPageLoad: Wait for page load successfully

2018-08-22 11:07:46 - [MESSAGE][PASSED] - Wait for page load successfully

2018-08-22 11:07:46 - [TEST_STEP][PASSED] - callTestCase: Call Test Case 'Test Cases/Mes rapports/Main Page/TC Verify Masquer function' successfully

2018-08-22 11:07:47 - [TEST_CASE][PASSED] - Test Cases/Mes rapports/Main Page/TC Verify Masquer function: Test Cases/Mes rapports/Main Page/TC Verify Masquer function

2018-08-22 11:07:47 - [TEST_STEP][PASSED] - click: Object: 'Object Repository/Mes rapports Obj/button_setting_dropdown' is clicked on

2018-08-22 11:07:47 - [MESSAGE][PASSED] - Object: 'Object Repository/Mes rapports Obj/button_setting_dropdown' is clicked on

2018-08-22 11:07:47 - [TEST_STEP][PASSED] - click: Object: 'Object Repository/Mes rapports Obj/a_Masquer tout' is clicked on

2018-08-22 11:07:47 - [MESSAGE][PASSED] - Object: 'Object Repository/Mes rapports Obj/a_Masquer tout' is clicked on

2018-08-22 11:07:47 - [MESSAGE][PASSED] - Call Test Case 'Test Cases/Mes rapports/Main Page/TC Verify Masquer function' successfully

2018-08-22 11:07:47 - [TEST_STEP][PASSED] - callTestCase: Call Test Case 'Test Cases/Mes rapports/Main Page/TC Verify info icon function' successfully

2018-08-22 11:07:47 - [TEST_CASE][PASSED] - Test Cases/Mes rapports/Main Page/TC Verify info icon function: Test Cases/Mes rapports/Main Page/TC Verify info icon function

2018-08-22 11:07:47 - [TEST_STEP][PASSED] - click: Object: 'Object Repository/Mes rapports Obj/info_Icon' is clicked on

2018-08-22 11:07:47 - [MESSAGE][PASSED] - Object: 'Object Repository/Mes rapports Obj/info_Icon' is clicked on

2018-08-22 11:07:47 - [MESSAGE][PASSED] - Call Test Case 'Test Cases/Mes rapports/Main Page/TC Verify info icon function' successfully

2018-08-22 11:07:47 - [TEST_STEP][PASSED] - callTestCase: Call Test Case 'Test Cases/Mes rapports/Main Page/TC Verify Url' successfully

2018-08-22 11:07:47 - [TEST_CASE][PASSED] - Test Cases/Mes rapports/Main Page/TC Verify Url: Test Cases/Mes rapports/Main Page/TC Verify Url

2018-08-22 11:07:47 - [TEST_STEP][PASSED] - waitForPageLoad: Wait for page load successfully

2018-08-22 11:07:47 - [MESSAGE][PASSED] - Wait for page load successfully

2018-08-22 11:07:47 - [TEST_STEP][PASSED] - Statement - url = com.kms.katalon.core.webui.keyword.WebUiBuiltInKeywords.getUrl(): Current window's url is: 'https://internet.acc.sd.dika.be/ebloxreporting/web.sensitive/main/FpyDF/iIz9g8MffKNXfNyb1H/FR/#/mijnrapporten'

2018-08-22 11:07:47 - [MESSAGE][PASSED] - Current window's url is: 'https://internet.acc.sd.dika.be/ebloxreporting/web.sensitive/main/FpyDF/iIz9g8MffKNXfNyb1H/FR/#/mijnrapporten'

2018-08-22 11:07:47 - [TEST_STEP][PASSED] - Statement - p = java.util.regex.Pattern.compile("00040 ANTILOPE GROEP"): null

2018-08-22 11:07:47 - [TEST_STEP][PASSED] - Statement - m = p.matcher(url): null

2018-08-22 11:07:47 - [TEST_STEP][PASSED] - Statement - If (m.find()): null

2018-08-22 11:07:47 - [TEST_STEP][PASSED] - Statement - Else: The user name and the concern number are not present in the URL

2018-08-22 11:07:47 - [TEST_STEP][PASSED] - Statement - com.kms.katalon.core.util.KeywordUtil.markPassed("The user name and the concern number are not present in the URL"): The user name and the concern number are not present in the URL

2018-08-22 11:07:47 - [MESSAGE][PASSED] - The user name and the concern number are not present in the URL

2018-08-22 11:07:47 - [MESSAGE][PASSED] - Call Test Case 'Test Cases/Mes rapports/Main Page/TC Verify Url' successfully

2018-08-22 11:07:47 - [TEST_STEP][PASSED] - waitForPageLoad: Wait for page load successfully

2018-08-22 11:07:47 - [MESSAGE][PASSED] - Wait for page load successfully

2018-08-22 11:07:47 - [TEST_STEP][PASSED] - callTestCase: Call Test Case 'Test Cases/Select Language/TC2 Verify FR Language' successfully

2018-08-22 11:07:47 - [TEST_CASE][PASSED] - Test Cases/Select Language/TC2 Verify FR Language: Test Cases/Select Language/TC2 Verify FR Language

2018-08-22 11:07:47 - [TEST_STEP][PASSED] - click: Object: 'Object Repository/Change language link Obj/FR_language' is clicked on

2018-08-22 11:07:47 - [MESSAGE][PASSED] - Object: 'Object Repository/Change language link Obj/FR_language' is clicked on

2018-08-22 11:07:47 - [TEST_STEP][PASSED] - waitForPageLoad: Wait for page load successfully

2018-08-22 11:07:47 - [MESSAGE][PASSED] - Wait for page load successfully

2018-08-22 11:07:47 - [MESSAGE][PASSED] - Call Test Case 'Test Cases/Select Language/TC2 Verify FR Language' successfully

2018-08-22 11:07:47 - [TEST_STEP][PASSED] - waitForPageLoad: Wait for page load successfully

2018-08-22 11:07:47 - [MESSAGE][PASSED] - Wait for page load successfully

2018-08-22 11:07:47 - [TEST_STEP][PASSED] - callTestCase: Call Test Case 'Test Cases/Select Language/TC1 Verify NL language' successfully

2018-08-22 11:07:47 - [TEST_CASE][PASSED] - Test Cases/Select Language/TC1 Verify NL language: Test Cases/Select Language/TC1 Verify NL language

2018-08-22 11:07:47 - [TEST_STEP][PASSED] - waitForElementClickable: Object 'Object Repository/Change language link Obj/NL_language' is clickable

2018-08-22 11:07:47 - [MESSAGE][PASSED] - Object 'Object Repository/Change language link Obj/NL_language' is clickable

2018-08-22 11:07:47 - [TEST_STEP][PASSED] - click: Object: 'Object Repository/Change language link Obj/NL_language' is clicked on

2018-08-22 11:07:52 - [MESSAGE][PASSED] - Object: 'Object Repository/Change language link Obj/NL_language' is clicked on

2018-08-22 11:07:52 - [TEST_STEP][PASSED] - waitForPageLoad: Wait for page load successfully

2018-08-22 11:07:52 - [MESSAGE][PASSED] - Wait for page load successfully

2018-08-22 11:07:52 - [MESSAGE][PASSED] - Call Test Case 'Test Cases/Select Language/TC1 Verify NL language' successfully

2018-08-22 11:07:52 - [TEST_STEP][PASSED] - waitForPageLoad: Wait for page load successfully

2018-08-22 11:07:52 - [MESSAGE][PASSED] - Wait for page load successfully

2018-08-22 11:07:52 - [TEST_STEP][PASSED] - callTestCase: Call Test Case 'Test Cases/Menu- Bibliotheque/TC Verify Bibliotheque tab' successfully

2018-08-22 11:07:52 - [TEST_CASE][PASSED] - Test Cases/Menu- Bibliotheque/TC Verify Bibliotheque tab: Test Cases/Menu- Bibliotheque/TC Verify Bibliotheque tab

2018-08-22 11:07:52 - [TEST_STEP][PASSED] - click: Object: 'Object Repository/Bibliotheque Obj/Bibliothque_tab' is clicked on

2018-08-22 11:07:52 - [MESSAGE][PASSED] - Object: 'Object Repository/Bibliotheque Obj/Bibliothque_tab' is clicked on

2018-08-22 11:07:52 - [MESSAGE][PASSED] - Call Test Case 'Test Cases/Menu- Bibliotheque/TC Verify Bibliotheque tab' successfully

2018-08-22 11:07:52 - [TEST_STEP][PASSED] - waitForPageLoad: Wait for page load successfully

2018-08-22 11:07:52 - [MESSAGE][PASSED] - Wait for page load successfully

2018-08-22 11:07:52 - [TEST_STEP][PASSED] - callTestCase: Call Test Case 'Test Cases/Menu- Bibliotheque/TC1 Verify Deployer function' successfully

2018-08-22 11:07:52 - [TEST_CASE][PASSED] - Test Cases/Menu- Bibliotheque/TC1 Verify Deployer function: Test Cases/Menu- Bibliotheque/TC1 Verify Deployer function

2018-08-22 11:07:52 - [TEST_STEP][PASSED] - waitForPageLoad: Wait for page load successfully

2018-08-22 11:07:52 - [MESSAGE][PASSED] - Wait for page load successfully

2018-08-22 11:07:52 - [TEST_STEP][PASSED] - click: Object: 'Object Repository/Bibliotheque Obj/button_setting_dropdown' is clicked on

2018-08-22 11:07:55 - [MESSAGE][PASSED] - Object: 'Object Repository/Bibliotheque Obj/button_setting_dropdown' is clicked on

2018-08-22 11:07:55 - [TEST_STEP][PASSED] - click: Object: 'Object Repository/Bibliotheque Obj/a_Dployer tout' is clicked on

2018-08-22 11:07:55 - [MESSAGE][PASSED] - Object: 'Object Repository/Bibliotheque Obj/a_Dployer tout' is clicked on

2018-08-22 11:07:55 - [MESSAGE][PASSED] - Call Test Case 'Test Cases/Menu- Bibliotheque/TC1 Verify Deployer function' successfully

2018-08-22 11:07:55 - [TEST_STEP][PASSED] - waitForPageLoad: Wait for page load successfully

2018-08-22 11:07:55 - [MESSAGE][PASSED] - Wait for page load successfully

2018-08-22 11:07:55 - [TEST_STEP][PASSED] - callTestCase: Call Test Case 'Test Cases/Menu- Bibliotheque/TC2 Verify Masquer function' successfully

2018-08-22 11:07:55 - [TEST_CASE][PASSED] - Test Cases/Menu- Bibliotheque/TC2 Verify Masquer function: Test Cases/Menu- Bibliotheque/TC2 Verify Masquer function

2018-08-22 11:07:55 - [TEST_STEP][PASSED] - click: Object: 'Object Repository/Bibliotheque Obj/button_setting_dropdown' is clicked on

2018-08-22 11:07:56 - [MESSAGE][PASSED] - Object: 'Object Repository/Bibliotheque Obj/button_setting_dropdown' is clicked on

2018-08-22 11:07:56 - [TEST_STEP][PASSED] - click: Object: 'Object Repository/Bibliotheque Obj/a_Masquer tout' is clicked on

2018-08-22 11:07:56 - [MESSAGE][PASSED] - Object: 'Object Repository/Bibliotheque Obj/a_Masquer tout' is clicked on

2018-08-22 11:07:56 - [MESSAGE][PASSED] - Call Test Case 'Test Cases/Menu- Bibliotheque/TC2 Verify Masquer function' successfully

2018-08-22 11:07:56 - [TEST_STEP][PASSED] - callTestCase: Call Test Case 'Test Cases/Menu- Bibliotheque/TC3 Verify info icon function' successfully

2018-08-22 11:07:56 - [TEST_CASE][PASSED] - Test Cases/Menu- Bibliotheque/TC3 Verify info icon function: Test Cases/Menu- Bibliotheque/TC3 Verify info icon function

2018-08-22 11:07:56 - [TEST_STEP][PASSED] - click: Object: 'Object Repository/Bibliotheque Obj/info_Icon' is clicked on

2018-08-22 11:07:56 - [MESSAGE][PASSED] - Object: 'Object Repository/Bibliotheque Obj/info_Icon' is clicked on

2018-08-22 11:07:56 - [MESSAGE][PASSED] - Call Test Case 'Test Cases/Menu- Bibliotheque/TC3 Verify info icon function' successfully

2018-08-22 11:07:56 - [TEST_STEP][PASSED] - callTestCase: Call Test Case 'Test Cases/Menu- Bibliotheque/TC4 Verify Url' successfully

2018-08-22 11:07:56 - [TEST_CASE][PASSED] - Test Cases/Menu- Bibliotheque/TC4 Verify Url: Test Cases/Menu- Bibliotheque/TC4 Verify Url

2018-08-22 11:07:56 - [TEST_STEP][PASSED] - waitForPageLoad: Wait for page load successfully

2018-08-22 11:07:56 - [MESSAGE][PASSED] - Wait for page load successfully

2018-08-22 11:07:56 - [TEST_STEP][PASSED] - Statement - url = com.kms.katalon.core.webui.keyword.WebUiBuiltInKeywords.getUrl(): Current window's url is: 'https://internet.acc.sd.dika.be/ebloxreporting/web.sensitive/main/FpyDF/iIz9g8MffKNXfNyb1H/NL/#/bibliotheek/'

2018-08-22 11:07:56 - [MESSAGE][PASSED] - Current window's url is: 'https://internet.acc.sd.dika.be/ebloxreporting/web.sensitive/main/FpyDF/iIz9g8MffKNXfNyb1H/NL/#/bibliotheek/'

2018-08-22 11:07:56 - [TEST_STEP][PASSED] - Statement - p = java.util.regex.Pattern.compile("00040 ANTILOPE GROEP"): null

2018-08-22 11:07:56 - [TEST_STEP][PASSED] - Statement - m = p.matcher(url): null

2018-08-22 11:07:56 - [TEST_STEP][PASSED] - Statement - If (m.find()): null

2018-08-22 11:07:56 - [TEST_STEP][PASSED] - Statement - Else: The user name and the concern number are not present in the URL

2018-08-22 11:07:56 - [TEST_STEP][PASSED] - Statement - com.kms.katalon.core.util.KeywordUtil.markPassed("The user name and the concern number are not present in the URL"): The user name and the concern number are not present in the URL

2018-08-22 11:07:56 - [MESSAGE][PASSED] - The user name and the concern number are not present in the URL

2018-08-22 11:07:56 - [MESSAGE][PASSED] - Call Test Case 'Test Cases/Menu- Bibliotheque/TC4 Verify Url' successfully

2018-08-22 11:07:56 - [TEST_STEP][PASSED] - callTestCase: Call Test Case 'Test Cases/Menu- Comptages/TC Verify Comptages tab' successfully

2018-08-22 11:07:56 - [TEST_CASE][PASSED] - Test Cases/Menu- Comptages/TC Verify Comptages tab: Test Cases/Menu- Comptages/TC Verify Comptages tab

2018-08-22 11:07:57 - [TEST_STEP][PASSED] - click: Object: 'Object Repository/Comptages Obj/Comptages_tab' is clicked on

2018-08-22 11:07:57 - [MESSAGE][PASSED] - Object: 'Object Repository/Comptages Obj/Comptages_tab' is clicked on

2018-08-22 11:07:57 - [MESSAGE][PASSED] - Call Test Case 'Test Cases/Menu- Comptages/TC Verify Comptages tab' successfully

2018-08-22 11:07:57 - [TEST_STEP][PASSED] - callTestCase: Call Test Case 'Test Cases/Menu- Comptages/TC2 Verify Nouveau comptage button' successfully

2018-08-22 11:07:57 - [TEST_CASE][PASSED] - Test Cases/Menu- Comptages/TC2 Verify Nouveau comptage button: Test Cases/Menu- Comptages/TC2 Verify Nouveau comptage button

2018-08-22 11:07:57 - [TEST_STEP][PASSED] - click: Object: 'Object Repository/Comptages Obj/button_Nouveau comptage' is clicked on

2018-08-22 11:07:59 - [MESSAGE][PASSED] - Object: 'Object Repository/Comptages Obj/button_Nouveau comptage' is clicked on

2018-08-22 11:07:59 - [MESSAGE][PASSED] - Call Test Case 'Test Cases/Menu- Comptages/TC2 Verify Nouveau comptage button' successfully

2018-08-22 11:07:59 - [TEST_STEP][PASSED] - callTestCase: Call Test Case 'Test Cases/Menu- Comptages/TC3 Verify Montants Function' successfully

2018-08-22 11:07:59 - [TEST_CASE][PASSED] - Test Cases/Menu- Comptages/TC3 Verify Montants Function: Test Cases/Menu- Comptages/TC3 Verify Montants Function

2018-08-22 11:07:59 - [TEST_STEP][PASSED] - click: Object: 'Object Repository/Comptages Obj/a_Montants' is clicked on

2018-08-22 11:07:59 - [MESSAGE][PASSED] - Object: 'Object Repository/Comptages Obj/a_Montants' is clicked on

2018-08-22 11:07:59 - [MESSAGE][PASSED] - Call Test Case 'Test Cases/Menu- Comptages/TC3 Verify Montants Function' successfully

2018-08-22 11:07:59 - [TEST_STEP][PASSED] - callTestCase: Call Test Case 'Test Cases/Menu- Comptages/TC4 Verify the creation of a new Comptage' successfully

2018-08-22 11:07:59 - [TEST_CASE][PASSED] - Test Cases/Menu- Comptages/TC4 Verify the creation of a new Comptage: Test Cases/Menu- Comptages/TC4 Verify the creation of a new Comptage

2018-08-22 11:07:59 - [TEST_STEP][PASSED] - setText: Text 'testing' is set on object 'Object Repository/Comptages Obj/input_comptage_name'

2018-08-22 11:08:00 - [MESSAGE][PASSED] - Text 'testing' is set on object 'Object Repository/Comptages Obj/input_comptage_name'

2018-08-22 11:08:00 - [TEST_STEP][PASSED] - delay: Delayed 5 second(s)

2018-08-22 11:08:05 - [MESSAGE][PASSED] - Delayed 5 second(s)

2018-08-22 11:08:05 - [TEST_STEP][PASSED] - click: Object: 'Object Repository/Comptages Obj/dropdown_arrow' is clicked on

2018-08-22 11:08:05 - [MESSAGE][PASSED] - Object: 'Object Repository/Comptages Obj/dropdown_arrow' is clicked on

2018-08-22 11:08:05 - [TEST_STEP][PASSED] - delay: Delayed 5 second(s)

2018-08-22 11:08:10 - [MESSAGE][PASSED] - Delayed 5 second(s)

2018-08-22 11:08:10 - [TEST_STEP][PASSED] - setText: Text 'Attest loonlasten' is set on object 'Object Repository/Comptages Obj/input_comptage_type'

2018-08-22 11:08:10 - [MESSAGE][PASSED] - Text 'Attest loonlasten' is set on object 'Object Repository/Comptages Obj/input_comptage_type'

2018-08-22 11:08:10 - [TEST_STEP][PASSED] - sendKeys: Keys 'ENTER + ' sent to object: 'Object Repository/Comptages Obj/input_comptage_type'

2018-08-22 11:08:10 - [MESSAGE][PASSED] - Keys 'ENTER + ' sent to object: 'Object Repository/Comptages Obj/input_comptage_type'

2018-08-22 11:08:10 - [MESSAGE][PASSED] - Call Test Case 'Test Cases/Menu- Comptages/TC4 Verify the creation of a new Comptage' successfully

2018-08-22 11:08:10 - [TEST_STEP][PASSED] - callTestCase: Call Test Case 'Test Cases/Menu- Comptages/TC7 Verify Sauvegarder button' successfully

2018-08-22 11:08:10 - [TEST_CASE][PASSED] - Test Cases/Menu- Comptages/TC7 Verify Sauvegarder button: Test Cases/Menu- Comptages/TC7 Verify Sauvegarder button

2018-08-22 11:08:10 - [TEST_STEP][PASSED] - click: Object: 'Object Repository/Comptages Obj/button_Sauvegarder' is clicked on

2018-08-22 11:08:10 - [MESSAGE][PASSED] - Object: 'Object Repository/Comptages Obj/button_Sauvegarder' is clicked on

2018-08-22 11:08:10 - [MESSAGE][PASSED] - Call Test Case 'Test Cases/Menu- Comptages/TC7 Verify Sauvegarder button' successfully

2018-08-22 11:08:10 - [TEST_STEP][PASSED] - closeBrowser: Browser is closed

2018-08-22 11:08:11 - [MESSAGE][PASSED] - Browser is closed]]></system-out>
         <system-err><![CDATA[]]></system-err>
      </testcase>
      <testcase name="Test Cases/New Folder/TC4 BASED ON MY REPORTS" classname="Test Cases/New Folder/TC4 BASED ON MY REPORTS" status="FAILED">
         <failure type="FAILED" message="Unable to click on object 'Object Repository/Mes rapports Obj/EXECUTION/Exporter button' (Root cause: org.openqa.selenium.WebDriverException: unknown error: Element &lt;button type=&quot;button&quot; class=&quot;btn btn-default&quot; title=&quot;Exporteer naar excel&quot; ng-click=&quot;pagevm.downloadExcelFile(parametersvm.rapport,uitvoeringParametersForm)&quot; ng-disabled=&quot;pagevm.processing || !(parametersvm.rapport.exportInhoud || parametersvm.rapport.exportDraaitabel || ((parametersvm.rapport.exportEigenGrafiek || parametersvm.rapport.sdSuggestieGebruiken) &amp;amp;&amp;amp;  !(parametersvm.rapport.kenmerken.historischUitvoeren &amp;amp;&amp;amp; parametersvm.rapport.kenmerken.aggregatiePeriode === 0)))&quot; disabled=&quot;disabled&quot;>...&lt;/button> is not clickable at point (1289, 436). Other element would receive the click: &lt;div class=&quot;btn-group&quot;>...&lt;/div>
  (Session info: chrome=68.0.3440.106)
  (Driver info: chromedriver=2.35.528161 (5b82f2d2aae0ca24b877009200ced9065a772e73),platform=Windows NT 10.0.16299 x86_64) (WARNING: The server did not provide any stacktrace information)
Command duration or timeout: 0 milliseconds
Build info: version: '3.7.1', revision: '8a0099a', time: '2017-11-06T21:07:36.161Z'
System info: host: '5CG7062KWD', ip: '10.136.82.137', os.name: 'Windows 10', os.arch: 'amd64', os.version: '10.0', java.version: '1.8.0_181'
Driver info: com.kms.katalon.selenium.driver.CChromeDriver
Capabilities {acceptInsecureCerts: false, acceptSslCerts: false, applicationCacheEnabled: false, browserConnectionEnabled: false, browserName: chrome, chrome: {chromedriverVersion: 2.35.528161 (5b82f2d2aae0ca..., userDataDir: C:\Users\SEEBOR~1\AppData\L...}, cssSelectorsEnabled: true, databaseEnabled: false, handlesAlerts: true, hasTouchScreen: false, javascriptEnabled: true, locationContextEnabled: true, mobileEmulationEnabled: false, nativeEvents: true, networkConnectionEnabled: false, pageLoadStrategy: normal, platform: XP, platformName: XP, rotatable: false, setWindowRect: true, takesHeapSnapshot: true, takesScreenshot: true, unexpectedAlertBehaviour: , unhandledPromptBehavior: , version: 68.0.3440.106, webStorageEnabled: true}
Session ID: 80391edbd7df2954146029f188a7776c)"/>
         <system-out><![CDATA[2018-08-22 11:08:11 - [TEST_CASE][FAILED] - Test Cases/New Folder/TC4 BASED ON MY REPORTS: Test Cases/New Folder/TC4 BASED ON MY REPORTS FAILED because (of) Unable to click on object 'Object Repository/Mes rapports Obj/EXECUTION/Exporter button' (Root cause: org.openqa.selenium.WebDriverException: unknown error: Element <button type="button" class="btn btn-default" title="Exporteer naar excel" ng-click="pagevm.downloadExcelFile(parametersvm.rapport,uitvoeringParametersForm)" ng-disabled="pagevm.processing || !(parametersvm.rapport.exportInhoud || parametersvm.rapport.exportDraaitabel || ((parametersvm.rapport.exportEigenGrafiek || parametersvm.rapport.sdSuggestieGebruiken) &amp;&amp;  !(parametersvm.rapport.kenmerken.historischUitvoeren &amp;&amp; parametersvm.rapport.kenmerken.aggregatiePeriode === 0)))" disabled="disabled">...</button> is not clickable at point (1289, 436). Other element would receive the click: <div class="btn-group">...</div>
  (Session info: chrome=68.0.3440.106)
  (Driver info: chromedriver=2.35.528161 (5b82f2d2aae0ca24b877009200ced9065a772e73),platform=Windows NT 10.0.16299 x86_64) (WARNING: The server did not provide any stacktrace information)
Command duration or timeout: 0 milliseconds
Build info: version: '3.7.1', revision: '8a0099a', time: '2017-11-06T21:07:36.161Z'
System info: host: '5CG7062KWD', ip: '10.136.82.137', os.name: 'Windows 10', os.arch: 'amd64', os.version: '10.0', java.version: '1.8.0_181'
Driver info: com.kms.katalon.selenium.driver.CChromeDriver
Capabilities {acceptInsecureCerts: false, acceptSslCerts: false, applicationCacheEnabled: false, browserConnectionEnabled: false, browserName: chrome, chrome: {chromedriverVersion: 2.35.528161 (5b82f2d2aae0ca..., userDataDir: C:\Users\SEEBOR~1\AppData\L...}, cssSelectorsEnabled: true, databaseEnabled: false, handlesAlerts: true, hasTouchScreen: false, javascriptEnabled: true, locationContextEnabled: true, mobileEmulationEnabled: false, nativeEvents: true, networkConnectionEnabled: false, pageLoadStrategy: normal, platform: XP, platformName: XP, rotatable: false, setWindowRect: true, takesHeapSnapshot: true, takesScreenshot: true, unexpectedAlertBehaviour: , unhandledPromptBehavior: , version: 68.0.3440.106, webStorageEnabled: true}
Session ID: 80391edbd7df2954146029f188a7776c)

2018-08-22 11:08:11 - [TEST_STEP][PASSED] - callTestCase: Call Test Case 'Test Cases/Login/TC1 Login to Mysdworx' successfully

2018-08-22 11:08:11 - [TEST_CASE][PASSED] - Test Cases/Login/TC1 Login to Mysdworx: Test Cases/Login/TC1 Login to Mysdworx

2018-08-22 11:08:11 - [TEST_STEP][PASSED] - openBrowser: Browser is opened with url: ''

2018-08-22 11:08:13 - [MESSAGE][PASSED] - Browser is opened with url: ''

2018-08-22 11:08:13 - [TEST_STEP][PASSED] - navigateToUrl: Navigate to 'https://internet.acc.sd.dika.be/ebloxreporting/web.sensitive/main/?lang=fr' successfully

2018-08-22 11:08:18 - [MESSAGE][PASSED] - Navigate to 'https://internet.acc.sd.dika.be/ebloxreporting/web.sensitive/main/?lang=fr' successfully

2018-08-22 11:08:18 - [TEST_STEP][PASSED] - maximizeWindow: Current window maximized

2018-08-22 11:08:19 - [MESSAGE][PASSED] - Current window maximized

2018-08-22 11:08:19 - [TEST_STEP][PASSED] - setText: Text 'DP_EBLOX_RPP_VASCO' is set on object 'Object Repository/Page_mysdworx - Log in/input_Username'

2018-08-22 11:08:23 - [MESSAGE][PASSED] - Text 'DP_EBLOX_RPP_VASCO' is set on object 'Object Repository/Page_mysdworx - Log in/input_Username'

2018-08-22 11:08:23 - [TEST_STEP][PASSED] - Statement - frame = new javax.swing.JFrame(User Input Frame): null

2018-08-22 11:08:23 - [TEST_STEP][PASSED] - Statement - frame.requestFocus(): null

2018-08-22 11:08:23 - [TEST_STEP][PASSED] - Statement - pass = javax.swing.JOptionPane.showInputDialog(frame, "Enter the password from token!!"): null

2018-08-22 11:08:36 - [TEST_STEP][PASSED] - delay: Delayed 2 second(s)

2018-08-22 11:08:38 - [MESSAGE][PASSED] - Delayed 2 second(s)

2018-08-22 11:08:38 - [TEST_STEP][PASSED] - setText: Text '876169' is set on object 'Object Repository/Page_mysdworx - Log in/input_Password'

2018-08-22 11:08:38 - [MESSAGE][PASSED] - Text '876169' is set on object 'Object Repository/Page_mysdworx - Log in/input_Password'

2018-08-22 11:08:38 - [TEST_STEP][PASSED] - click: Object: 'Object Repository/Page_mysdworx - Log in/button_Se connecter' is clicked on

2018-08-22 11:08:38 - [MESSAGE][PASSED] - Object: 'Object Repository/Page_mysdworx - Log in/button_Se connecter' is clicked on

2018-08-22 11:08:38 - [TEST_STEP][PASSED] - waitForPageLoad: Wait for page load successfully

2018-08-22 11:08:38 - [MESSAGE][PASSED] - Wait for page load successfully

2018-08-22 11:08:38 - [TEST_STEP][NOT_RUN] - closeBrowser: NOT_RUN: closeBrowser

2018-08-22 11:08:38 - [MESSAGE][NOT_RUN] - NOT_RUN: closeBrowser

2018-08-22 11:08:38 - [MESSAGE][PASSED] - Call Test Case 'Test Cases/Login/TC1 Login to Mysdworx' successfully

2018-08-22 11:08:38 - [TEST_STEP][PASSED] - waitForPageLoad: Wait for page load successfully

2018-08-22 11:08:38 - [MESSAGE][PASSED] - Wait for page load successfully

2018-08-22 11:08:38 - [TEST_STEP][PASSED] - callTestCase: Call Test Case 'Test Cases/Select Language/TC1 Verify NL language' successfully

2018-08-22 11:08:38 - [TEST_CASE][PASSED] - Test Cases/Select Language/TC1 Verify NL language: Test Cases/Select Language/TC1 Verify NL language

2018-08-22 11:08:38 - [TEST_STEP][PASSED] - waitForElementClickable: Object 'Object Repository/Change language link Obj/NL_language' is clickable

2018-08-22 11:09:02 - [MESSAGE][PASSED] - Object 'Object Repository/Change language link Obj/NL_language' is clickable

2018-08-22 11:09:02 - [TEST_STEP][PASSED] - click: Object: 'Object Repository/Change language link Obj/NL_language' is clicked on

2018-08-22 11:09:07 - [MESSAGE][PASSED] - Object: 'Object Repository/Change language link Obj/NL_language' is clicked on

2018-08-22 11:09:07 - [TEST_STEP][PASSED] - waitForPageLoad: Wait for page load successfully

2018-08-22 11:09:07 - [MESSAGE][PASSED] - Wait for page load successfully

2018-08-22 11:09:07 - [MESSAGE][PASSED] - Call Test Case 'Test Cases/Select Language/TC1 Verify NL language' successfully

2018-08-22 11:09:07 - [TEST_STEP][PASSED] - waitForPageLoad: Wait for page load successfully

2018-08-22 11:09:07 - [MESSAGE][PASSED] - Wait for page load successfully

2018-08-22 11:09:07 - [TEST_STEP][PASSED] - callTestCase: Call Test Case 'Test Cases/Mes rapports/Verify Nouveau rapport button' successfully

2018-08-22 11:09:08 - [TEST_CASE][PASSED] - Test Cases/Mes rapports/Verify Nouveau rapport button: Test Cases/Mes rapports/Verify Nouveau rapport button

2018-08-22 11:09:08 - [TEST_STEP][PASSED] - click: Object: 'Object Repository/Mes rapports Obj/button_Nouveau rapport' is clicked on

2018-08-22 11:09:10 - [MESSAGE][PASSED] - Object: 'Object Repository/Mes rapports Obj/button_Nouveau rapport' is clicked on

2018-08-22 11:09:10 - [TEST_STEP][PASSED] - waitForPageLoad: Wait for page load successfully

2018-08-22 11:09:10 - [MESSAGE][PASSED] - Wait for page load successfully

2018-08-22 11:09:10 - [MESSAGE][PASSED] - Call Test Case 'Test Cases/Mes rapports/Verify Nouveau rapport button' successfully

2018-08-22 11:09:10 - [TEST_STEP][PASSED] - callTestCase: Call Test Case 'Test Cases/Mes rapports/Mes rapports - BASE DE RAPPORT/TC2  Verify radio button Baser sur un rapport issu de Mes rapports' successfully

2018-08-22 11:09:10 - [TEST_CASE][PASSED] - Test Cases/Mes rapports/Mes rapports - BASE DE RAPPORT/TC2  Verify radio button Baser sur un rapport issu de Mes rapports: Test Cases/Mes rapports/Mes rapports - BASE DE RAPPORT/TC2  Verify radio button Baser sur un rapport issu de Mes rapports

2018-08-22 11:09:11 - [TEST_STEP][PASSED] - click: Object: 'Object Repository/Mes rapports Obj/BASE DE RAPPORT/radioButton_Baser sur un rapport issu de Mes rapports' is clicked on

2018-08-22 11:09:11 - [MESSAGE][PASSED] - Object: 'Object Repository/Mes rapports Obj/BASE DE RAPPORT/radioButton_Baser sur un rapport issu de Mes rapports' is clicked on

2018-08-22 11:09:11 - [MESSAGE][PASSED] - Call Test Case 'Test Cases/Mes rapports/Mes rapports - BASE DE RAPPORT/TC2  Verify radio button Baser sur un rapport issu de Mes rapports' successfully

2018-08-22 11:09:11 - [TEST_STEP][PASSED] - click: Object: 'Object Repository/Mes rapports Obj/BASE DE RAPPORT/Baser sur un rapport issu de mes rapport dropdown' is clicked on

2018-08-22 11:09:11 - [MESSAGE][PASSED] - Object: 'Object Repository/Mes rapports Obj/BASE DE RAPPORT/Baser sur un rapport issu de mes rapport dropdown' is clicked on

2018-08-22 11:09:11 - [TEST_STEP][PASSED] - setText: Text 'TEST 2 MAU JAN 2018 (SANJIV)' is set on object 'Object Repository/Mes rapports Obj/BASE DE RAPPORT/Mes rapport input'

2018-08-22 11:09:12 - [MESSAGE][PASSED] - Text 'TEST 2 MAU JAN 2018 (SANJIV)' is set on object 'Object Repository/Mes rapports Obj/BASE DE RAPPORT/Mes rapport input'

2018-08-22 11:09:12 - [TEST_STEP][PASSED] - sendKeys: Keys 'ENTER + ' sent to object: 'Object Repository/Mes rapports Obj/BASE DE RAPPORT/Mes rapport input'

2018-08-22 11:09:12 - [MESSAGE][PASSED] - Keys 'ENTER + ' sent to object: 'Object Repository/Mes rapports Obj/BASE DE RAPPORT/Mes rapport input'

2018-08-22 11:09:12 - [TEST_STEP][PASSED] - callTestCase: Call Test Case 'Test Cases/Mes rapports/TC Verify the next button arrow' successfully

2018-08-22 11:09:12 - [TEST_CASE][PASSED] - Test Cases/Mes rapports/TC Verify the next button arrow: Test Cases/Mes rapports/TC Verify the next button arrow

2018-08-22 11:09:12 - [TEST_STEP][PASSED] - waitForElementClickable: Object 'Object Repository/Mes rapports Obj/button_Next_Arrow' is clickable

2018-08-22 11:09:12 - [MESSAGE][PASSED] - Object 'Object Repository/Mes rapports Obj/button_Next_Arrow' is clickable

2018-08-22 11:09:12 - [TEST_STEP][PASSED] - click: Object: 'Object Repository/Mes rapports Obj/button_Next_Arrow' is clicked on

2018-08-22 11:09:12 - [MESSAGE][PASSED] - Object: 'Object Repository/Mes rapports Obj/button_Next_Arrow' is clicked on

2018-08-22 11:09:12 - [TEST_STEP][PASSED] - delay: Delayed 5 second(s)

2018-08-22 11:09:17 - [MESSAGE][PASSED] - Delayed 5 second(s)

2018-08-22 11:09:17 - [MESSAGE][PASSED] - Call Test Case 'Test Cases/Mes rapports/TC Verify the next button arrow' successfully

2018-08-22 11:09:17 - [TEST_STEP][PASSED] - click: Object: 'Object Repository/Mes rapports Obj/CONTENU/Click on contenu' is clicked on

2018-08-22 11:09:17 - [MESSAGE][PASSED] - Object: 'Object Repository/Mes rapports Obj/CONTENU/Click on contenu' is clicked on

2018-08-22 11:09:17 - [TEST_STEP][PASSED] - click: Object: 'Object Repository/Mes rapports Obj/CONTENU/delete' is clicked on

2018-08-22 11:09:17 - [MESSAGE][PASSED] - Object: 'Object Repository/Mes rapports Obj/CONTENU/delete' is clicked on

2018-08-22 11:09:17 - [TEST_STEP][PASSED] - callTestCase: Call Test Case 'Test Cases/Verify URL/TC Verify Url' successfully

2018-08-22 11:09:18 - [TEST_CASE][PASSED] - Test Cases/Verify URL/TC Verify Url: Test Cases/Verify URL/TC Verify Url

2018-08-22 11:09:18 - [TEST_STEP][PASSED] - waitForPageLoad: Wait for page load successfully

2018-08-22 11:09:18 - [MESSAGE][PASSED] - Wait for page load successfully

2018-08-22 11:09:18 - [TEST_STEP][PASSED] - Statement - url = com.kms.katalon.core.webui.keyword.WebUiBuiltInKeywords.getUrl(): Current window's url is: 'https://internet.acc.sd.dika.be/ebloxreporting/web.sensitive/main/FpyDF/iIz9g8MffKNXfNyb1H/NL/#/definitie/wizard/extern/index/28203/inhoud/323260/1'

2018-08-22 11:09:18 - [MESSAGE][PASSED] - Current window's url is: 'https://internet.acc.sd.dika.be/ebloxreporting/web.sensitive/main/FpyDF/iIz9g8MffKNXfNyb1H/NL/#/definitie/wizard/extern/index/28203/inhoud/323260/1'

2018-08-22 11:09:18 - [TEST_STEP][PASSED] - Statement - p = java.util.regex.Pattern.compile("00040 ANTILOPE GROEP"): null

2018-08-22 11:09:18 - [TEST_STEP][PASSED] - Statement - m = p.matcher(url): null

2018-08-22 11:09:18 - [TEST_STEP][PASSED] - Statement - If (m.find()): null

2018-08-22 11:09:18 - [TEST_STEP][PASSED] - Statement - Else: The user name and the concern number are not present in the URL

2018-08-22 11:09:18 - [TEST_STEP][PASSED] - Statement - com.kms.katalon.core.util.KeywordUtil.markPassed("The user name and the concern number are not present in the URL"): The user name and the concern number are not present in the URL

2018-08-22 11:09:18 - [MESSAGE][PASSED] - The user name and the concern number are not present in the URL

2018-08-22 11:09:18 - [MESSAGE][PASSED] - Call Test Case 'Test Cases/Verify URL/TC Verify Url' successfully

2018-08-22 11:09:18 - [TEST_STEP][PASSED] - callTestCase: Call Test Case 'Test Cases/Mes rapports/TC Verify the next button arrow' successfully

2018-08-22 11:09:18 - [TEST_CASE][PASSED] - Test Cases/Mes rapports/TC Verify the next button arrow: Test Cases/Mes rapports/TC Verify the next button arrow

2018-08-22 11:09:18 - [TEST_STEP][PASSED] - waitForElementClickable: Object 'Object Repository/Mes rapports Obj/button_Next_Arrow' is clickable

2018-08-22 11:09:18 - [MESSAGE][PASSED] - Object 'Object Repository/Mes rapports Obj/button_Next_Arrow' is clickable

2018-08-22 11:09:18 - [TEST_STEP][PASSED] - click: Object: 'Object Repository/Mes rapports Obj/button_Next_Arrow' is clicked on

2018-08-22 11:09:18 - [MESSAGE][PASSED] - Object: 'Object Repository/Mes rapports Obj/button_Next_Arrow' is clicked on

2018-08-22 11:09:18 - [TEST_STEP][PASSED] - delay: Delayed 5 second(s)

2018-08-22 11:09:23 - [MESSAGE][PASSED] - Delayed 5 second(s)

2018-08-22 11:09:23 - [MESSAGE][PASSED] - Call Test Case 'Test Cases/Mes rapports/TC Verify the next button arrow' successfully

2018-08-22 11:09:23 - [TEST_STEP][PASSED] - waitForPageLoad: Wait for page load successfully

2018-08-22 11:09:23 - [MESSAGE][PASSED] - Wait for page load successfully

2018-08-22 11:09:23 - [TEST_STEP][PASSED] - delay: Delayed 5 second(s)

2018-08-22 11:09:28 - [MESSAGE][PASSED] - Delayed 5 second(s)

2018-08-22 11:09:28 - [TEST_STEP][PASSED] - callTestCase: Call Test Case 'Test Cases/Mes rapports/Mes rapports - SELECTION/Verify if checkbox is unchecked/TC 10 Deselect all checkbox' successfully

2018-08-22 11:09:28 - [TEST_CASE][PASSED] - Test Cases/Mes rapports/Mes rapports - SELECTION/Verify if checkbox is unchecked/TC 10 Deselect all checkbox: Test Cases/Mes rapports/Mes rapports - SELECTION/Verify if checkbox is unchecked/TC 10 Deselect all checkbox

2018-08-22 11:09:28 - [TEST_STEP][PASSED] - callTestCase: Call Test Case 'Test Cases/Mes rapports/Mes rapports - SELECTION/Verify if checkbox is unchecked/TC 1 Verify Contrats actifs checkbox  is un-checked' successfully

2018-08-22 11:09:28 - [TEST_CASE][PASSED] - Test Cases/Mes rapports/Mes rapports - SELECTION/Verify if checkbox is unchecked/TC 1 Verify Contrats actifs checkbox  is un-checked: Test Cases/Mes rapports/Mes rapports - SELECTION/Verify if checkbox is unchecked/TC 1 Verify Contrats actifs checkbox  is un-checked

2018-08-22 11:09:28 - [TEST_STEP][PASSED] - uncheck: Object 'Object Repository/Mes rapports Obj/SELECTION/Contrats actifs checkBox' is un-checked

2018-08-22 11:09:28 - [MESSAGE][PASSED] - Object 'Object Repository/Mes rapports Obj/SELECTION/Contrats actifs checkBox' is un-checked

2018-08-22 11:09:28 - [MESSAGE][PASSED] - Call Test Case 'Test Cases/Mes rapports/Mes rapports - SELECTION/Verify if checkbox is unchecked/TC 1 Verify Contrats actifs checkbox  is un-checked' successfully

2018-08-22 11:09:28 - [TEST_STEP][PASSED] - callTestCase: Call Test Case 'Test Cases/Mes rapports/Mes rapports - SELECTION/Verify if checkbox is unchecked/TC 2 VErify Dossier and Groupe checkBox  is un-checked' successfully

2018-08-22 11:09:28 - [TEST_CASE][PASSED] - Test Cases/Mes rapports/Mes rapports - SELECTION/Verify if checkbox is unchecked/TC 2 VErify Dossier and Groupe checkBox  is un-checked: Test Cases/Mes rapports/Mes rapports - SELECTION/Verify if checkbox is unchecked/TC 2 VErify Dossier and Groupe checkBox  is un-checked

2018-08-22 11:09:28 - [TEST_STEP][PASSED] - uncheck: Object 'Object Repository/Mes rapports Obj/SELECTION/Dossier and Groupe checkbox' is un-checked

2018-08-22 11:09:28 - [MESSAGE][PASSED] - Object 'Object Repository/Mes rapports Obj/SELECTION/Dossier and Groupe checkbox' is un-checked

2018-08-22 11:09:28 - [MESSAGE][PASSED] - Call Test Case 'Test Cases/Mes rapports/Mes rapports - SELECTION/Verify if checkbox is unchecked/TC 2 VErify Dossier and Groupe checkBox  is un-checked' successfully

2018-08-22 11:09:28 - [TEST_STEP][PASSED] - callTestCase: Call Test Case 'Test Cases/Mes rapports/Mes rapports - SELECTION/Verify if checkbox is unchecked/TC 3 Verify Travailleur checkBox  is un-checked' successfully

2018-08-22 11:09:28 - [TEST_CASE][PASSED] - Test Cases/Mes rapports/Mes rapports - SELECTION/Verify if checkbox is unchecked/TC 3 Verify Travailleur checkBox  is un-checked: Test Cases/Mes rapports/Mes rapports - SELECTION/Verify if checkbox is unchecked/TC 3 Verify Travailleur checkBox  is un-checked

2018-08-22 11:09:28 - [TEST_STEP][PASSED] - uncheck: Object 'Object Repository/Mes rapports Obj/SELECTION/Travailleur checkbox' is un-checked

2018-08-22 11:09:29 - [MESSAGE][PASSED] - Object 'Object Repository/Mes rapports Obj/SELECTION/Travailleur checkbox' is un-checked

2018-08-22 11:09:29 - [MESSAGE][PASSED] - Call Test Case 'Test Cases/Mes rapports/Mes rapports - SELECTION/Verify if checkbox is unchecked/TC 3 Verify Travailleur checkBox  is un-checked' successfully

2018-08-22 11:09:29 - [TEST_STEP][PASSED] - callTestCase: Call Test Case 'Test Cases/Mes rapports/Mes rapports - SELECTION/Verify if checkbox is unchecked/TC 4 Verify Departement checkBox  is un-checked' successfully

2018-08-22 11:09:29 - [TEST_CASE][PASSED] - Test Cases/Mes rapports/Mes rapports - SELECTION/Verify if checkbox is unchecked/TC 4 Verify Departement checkBox  is un-checked: Test Cases/Mes rapports/Mes rapports - SELECTION/Verify if checkbox is unchecked/TC 4 Verify Departement checkBox  is un-checked

2018-08-22 11:09:29 - [TEST_STEP][PASSED] - uncheck: Object 'Object Repository/Mes rapports Obj/SELECTION/Departement checkbox' is un-checked

2018-08-22 11:09:29 - [MESSAGE][PASSED] - Object 'Object Repository/Mes rapports Obj/SELECTION/Departement checkbox' is un-checked

2018-08-22 11:09:29 - [MESSAGE][PASSED] - Call Test Case 'Test Cases/Mes rapports/Mes rapports - SELECTION/Verify if checkbox is unchecked/TC 4 Verify Departement checkBox  is un-checked' successfully

2018-08-22 11:09:29 - [TEST_STEP][PASSED] - callTestCase: Call Test Case 'Test Cases/Mes rapports/Mes rapports - SELECTION/Verify if checkbox is unchecked/TC 5 Verify Caractere juridique du contract checBox  is un-checked' successfully

2018-08-22 11:09:29 - [TEST_CASE][PASSED] - Test Cases/Mes rapports/Mes rapports - SELECTION/Verify if checkbox is unchecked/TC 5 Verify Caractere juridique du contract checBox  is un-checked: Test Cases/Mes rapports/Mes rapports - SELECTION/Verify if checkbox is unchecked/TC 5 Verify Caractere juridique du contract checBox  is un-checked

2018-08-22 11:09:29 - [TEST_STEP][PASSED] - uncheck: Object 'Object Repository/Mes rapports Obj/SELECTION/Caractere juridique de contrat' is un-checked

2018-08-22 11:09:29 - [MESSAGE][PASSED] - Object 'Object Repository/Mes rapports Obj/SELECTION/Caractere juridique de contrat' is un-checked

2018-08-22 11:09:29 - [MESSAGE][PASSED] - Call Test Case 'Test Cases/Mes rapports/Mes rapports - SELECTION/Verify if checkbox is unchecked/TC 5 Verify Caractere juridique du contract checBox  is un-checked' successfully

2018-08-22 11:09:29 - [TEST_STEP][PASSED] - callTestCase: Call Test Case 'Test Cases/Mes rapports/Mes rapports - SELECTION/Verify if checkbox is unchecked/TC 6 Verify Pays de naissance checkBox  is un-checked' successfully

2018-08-22 11:09:29 - [TEST_CASE][PASSED] - Test Cases/Mes rapports/Mes rapports - SELECTION/Verify if checkbox is unchecked/TC 6 Verify Pays de naissance checkBox  is un-checked: Test Cases/Mes rapports/Mes rapports - SELECTION/Verify if checkbox is unchecked/TC 6 Verify Pays de naissance checkBox  is un-checked

2018-08-22 11:09:29 - [TEST_STEP][PASSED] - uncheck: Object 'Object Repository/Mes rapports Obj/SELECTION/Pays de naisssance checkbox' is un-checked

2018-08-22 11:09:29 - [MESSAGE][PASSED] - Object 'Object Repository/Mes rapports Obj/SELECTION/Pays de naisssance checkbox' is un-checked

2018-08-22 11:09:29 - [MESSAGE][PASSED] - Call Test Case 'Test Cases/Mes rapports/Mes rapports - SELECTION/Verify if checkbox is unchecked/TC 6 Verify Pays de naissance checkBox  is un-checked' successfully

2018-08-22 11:09:29 - [TEST_STEP][PASSED] - callTestCase: Call Test Case 'Test Cases/Mes rapports/Mes rapports - SELECTION/Verify if checkbox is unchecked/TC 7 Verify Sexe checkBox  is un-checked' successfully

2018-08-22 11:09:29 - [TEST_CASE][PASSED] - Test Cases/Mes rapports/Mes rapports - SELECTION/Verify if checkbox is unchecked/TC 7 Verify Sexe checkBox  is un-checked: Test Cases/Mes rapports/Mes rapports - SELECTION/Verify if checkbox is unchecked/TC 7 Verify Sexe checkBox  is un-checked

2018-08-22 11:09:29 - [TEST_STEP][PASSED] - uncheck: Object 'Object Repository/Mes rapports Obj/SELECTION/Sexe checkbox' is un-checked

2018-08-22 11:09:29 - [MESSAGE][PASSED] - Object 'Object Repository/Mes rapports Obj/SELECTION/Sexe checkbox' is un-checked

2018-08-22 11:09:29 - [MESSAGE][PASSED] - Call Test Case 'Test Cases/Mes rapports/Mes rapports - SELECTION/Verify if checkbox is unchecked/TC 7 Verify Sexe checkBox  is un-checked' successfully

2018-08-22 11:09:29 - [TEST_STEP][PASSED] - callTestCase: Call Test Case 'Test Cases/Mes rapports/Mes rapports - SELECTION/Verify if checkbox is unchecked/TC 8 Verify Mode de remuneration checkBox  is un-checked' successfully

2018-08-22 11:09:29 - [TEST_CASE][PASSED] - Test Cases/Mes rapports/Mes rapports - SELECTION/Verify if checkbox is unchecked/TC 8 Verify Mode de remuneration checkBox  is un-checked: Test Cases/Mes rapports/Mes rapports - SELECTION/Verify if checkbox is unchecked/TC 8 Verify Mode de remuneration checkBox  is un-checked

2018-08-22 11:09:29 - [TEST_STEP][PASSED] - uncheck: Object 'Object Repository/Mes rapports Obj/SELECTION/Mode de remuneration checkbox' is un-checked

2018-08-22 11:09:29 - [MESSAGE][PASSED] - Object 'Object Repository/Mes rapports Obj/SELECTION/Mode de remuneration checkbox' is un-checked

2018-08-22 11:09:29 - [MESSAGE][PASSED] - Call Test Case 'Test Cases/Mes rapports/Mes rapports - SELECTION/Verify if checkbox is unchecked/TC 8 Verify Mode de remuneration checkBox  is un-checked' successfully

2018-08-22 11:09:29 - [TEST_STEP][PASSED] - callTestCase: Call Test Case 'Test Cases/Mes rapports/Mes rapports - SELECTION/Verify if checkbox is unchecked/TC 9 Verify Suspension checkBox  is un-checked' successfully

2018-08-22 11:09:29 - [TEST_CASE][PASSED] - Test Cases/Mes rapports/Mes rapports - SELECTION/Verify if checkbox is unchecked/TC 9 Verify Suspension checkBox  is un-checked: Test Cases/Mes rapports/Mes rapports - SELECTION/Verify if checkbox is unchecked/TC 9 Verify Suspension checkBox  is un-checked

2018-08-22 11:09:29 - [TEST_STEP][PASSED] - uncheck: Object 'Object Repository/Mes rapports Obj/SELECTION/Suspension checkbox' is un-checked

2018-08-22 11:09:29 - [MESSAGE][PASSED] - Object 'Object Repository/Mes rapports Obj/SELECTION/Suspension checkbox' is un-checked

2018-08-22 11:09:29 - [MESSAGE][PASSED] - Call Test Case 'Test Cases/Mes rapports/Mes rapports - SELECTION/Verify if checkbox is unchecked/TC 9 Verify Suspension checkBox  is un-checked' successfully

2018-08-22 11:09:29 - [MESSAGE][PASSED] - Call Test Case 'Test Cases/Mes rapports/Mes rapports - SELECTION/Verify if checkbox is unchecked/TC 10 Deselect all checkbox' successfully

2018-08-22 11:09:29 - [TEST_STEP][PASSED] - callTestCase: Call Test Case 'Test Cases/Verify URL/TC Verify Url' successfully

2018-08-22 11:09:29 - [TEST_CASE][PASSED] - Test Cases/Verify URL/TC Verify Url: Test Cases/Verify URL/TC Verify Url

2018-08-22 11:09:29 - [TEST_STEP][PASSED] - waitForPageLoad: Wait for page load successfully

2018-08-22 11:09:29 - [MESSAGE][PASSED] - Wait for page load successfully

2018-08-22 11:09:29 - [TEST_STEP][PASSED] - Statement - url = com.kms.katalon.core.webui.keyword.WebUiBuiltInKeywords.getUrl(): Current window's url is: 'https://internet.acc.sd.dika.be/ebloxreporting/web.sensitive/main/FpyDF/iIz9g8MffKNXfNyb1H/NL/#/definitie/wizard/extern/index/28203/selectie'

2018-08-22 11:09:29 - [MESSAGE][PASSED] - Current window's url is: 'https://internet.acc.sd.dika.be/ebloxreporting/web.sensitive/main/FpyDF/iIz9g8MffKNXfNyb1H/NL/#/definitie/wizard/extern/index/28203/selectie'

2018-08-22 11:09:29 - [TEST_STEP][PASSED] - Statement - p = java.util.regex.Pattern.compile("00040 ANTILOPE GROEP"): null

2018-08-22 11:09:29 - [TEST_STEP][PASSED] - Statement - m = p.matcher(url): null

2018-08-22 11:09:29 - [TEST_STEP][PASSED] - Statement - If (m.find()): null

2018-08-22 11:09:29 - [TEST_STEP][PASSED] - Statement - Else: The user name and the concern number are not present in the URL

2018-08-22 11:09:29 - [TEST_STEP][PASSED] - Statement - com.kms.katalon.core.util.KeywordUtil.markPassed("The user name and the concern number are not present in the URL"): The user name and the concern number are not present in the URL

2018-08-22 11:09:29 - [MESSAGE][PASSED] - The user name and the concern number are not present in the URL

2018-08-22 11:09:29 - [MESSAGE][PASSED] - Call Test Case 'Test Cases/Verify URL/TC Verify Url' successfully

2018-08-22 11:09:29 - [TEST_STEP][PASSED] - callTestCase: Call Test Case 'Test Cases/Mes rapports/TC Verify the next button arrow' successfully

2018-08-22 11:09:29 - [TEST_CASE][PASSED] - Test Cases/Mes rapports/TC Verify the next button arrow: Test Cases/Mes rapports/TC Verify the next button arrow

2018-08-22 11:09:29 - [TEST_STEP][PASSED] - waitForElementClickable: Object 'Object Repository/Mes rapports Obj/button_Next_Arrow' is clickable

2018-08-22 11:09:29 - [MESSAGE][PASSED] - Object 'Object Repository/Mes rapports Obj/button_Next_Arrow' is clickable

2018-08-22 11:09:29 - [TEST_STEP][PASSED] - click: Object: 'Object Repository/Mes rapports Obj/button_Next_Arrow' is clicked on

2018-08-22 11:09:29 - [MESSAGE][PASSED] - Object: 'Object Repository/Mes rapports Obj/button_Next_Arrow' is clicked on

2018-08-22 11:09:29 - [TEST_STEP][PASSED] - delay: Delayed 5 second(s)

2018-08-22 11:09:34 - [MESSAGE][PASSED] - Delayed 5 second(s)

2018-08-22 11:09:34 - [MESSAGE][PASSED] - Call Test Case 'Test Cases/Mes rapports/TC Verify the next button arrow' successfully

2018-08-22 11:09:34 - [TEST_STEP][PASSED] - waitForPageLoad: Wait for page load successfully

2018-08-22 11:09:35 - [MESSAGE][PASSED] - Wait for page load successfully

2018-08-22 11:09:35 - [TEST_STEP][PASSED] - callTestCase: Call Test Case 'Test Cases/Verify URL/TC Verify Url' successfully

2018-08-22 11:09:35 - [TEST_CASE][PASSED] - Test Cases/Verify URL/TC Verify Url: Test Cases/Verify URL/TC Verify Url

2018-08-22 11:09:35 - [TEST_STEP][PASSED] - waitForPageLoad: Wait for page load successfully

2018-08-22 11:09:35 - [MESSAGE][PASSED] - Wait for page load successfully

2018-08-22 11:09:35 - [TEST_STEP][PASSED] - Statement - url = com.kms.katalon.core.webui.keyword.WebUiBuiltInKeywords.getUrl(): Current window's url is: 'https://internet.acc.sd.dika.be/ebloxreporting/web.sensitive/main/FpyDF/iIz9g8MffKNXfNyb1H/NL/#/definitie/wizard/extern/index/28203/uitvoering'

2018-08-22 11:09:35 - [MESSAGE][PASSED] - Current window's url is: 'https://internet.acc.sd.dika.be/ebloxreporting/web.sensitive/main/FpyDF/iIz9g8MffKNXfNyb1H/NL/#/definitie/wizard/extern/index/28203/uitvoering'

2018-08-22 11:09:35 - [TEST_STEP][PASSED] - Statement - p = java.util.regex.Pattern.compile("00040 ANTILOPE GROEP"): null

2018-08-22 11:09:35 - [TEST_STEP][PASSED] - Statement - m = p.matcher(url): null

2018-08-22 11:09:35 - [TEST_STEP][PASSED] - Statement - If (m.find()): null

2018-08-22 11:09:35 - [TEST_STEP][PASSED] - Statement - Else: The user name and the concern number are not present in the URL

2018-08-22 11:09:35 - [TEST_STEP][PASSED] - Statement - com.kms.katalon.core.util.KeywordUtil.markPassed("The user name and the concern number are not present in the URL"): The user name and the concern number are not present in the URL

2018-08-22 11:09:35 - [MESSAGE][PASSED] - The user name and the concern number are not present in the URL

2018-08-22 11:09:35 - [MESSAGE][PASSED] - Call Test Case 'Test Cases/Verify URL/TC Verify Url' successfully

2018-08-22 11:09:35 - [TEST_STEP][PASSED] - delay: Delayed 2 second(s)

2018-08-22 11:09:37 - [MESSAGE][PASSED] - Delayed 2 second(s)

2018-08-22 11:09:37 - [TEST_STEP][PASSED] - click: Object: 'Object Repository/Mes rapports Obj/EXECUTION/Description _Date de reference historique' is clicked on

2018-08-22 11:09:37 - [MESSAGE][PASSED] - Object: 'Object Repository/Mes rapports Obj/EXECUTION/Description _Date de reference historique' is clicked on

2018-08-22 11:09:37 - [TEST_STEP][PASSED] - delay: Delayed 2 second(s)

2018-08-22 11:09:39 - [MESSAGE][PASSED] - Delayed 2 second(s)

2018-08-22 11:09:39 - [TEST_STEP][PASSED] - click: Object: 'Object Repository/Mes rapports Obj/EXECUTION/Description_Date de reference historique - Dernier jour mois precedent' is clicked on

2018-08-22 11:09:39 - [MESSAGE][PASSED] - Object: 'Object Repository/Mes rapports Obj/EXECUTION/Description_Date de reference historique - Dernier jour mois precedent' is clicked on

2018-08-22 11:09:39 - [TEST_STEP][PASSED] - click: Object: 'Object Repository/Mes rapports Obj/EXECUTION/Exporter button' is clicked on

2018-08-22 11:09:39 - [MESSAGE][PASSED] - Object: 'Object Repository/Mes rapports Obj/EXECUTION/Exporter button' is clicked on

2018-08-22 11:09:39 - [TEST_STEP][PASSED] - delay: Delayed 5 second(s)

2018-08-22 11:09:44 - [MESSAGE][PASSED] - Delayed 5 second(s)

2018-08-22 11:09:44 - [TEST_STEP][PASSED] - Statement - export = com.kms.katalon.core.webui.keyword.WebUiBuiltInKeywords.modifyObjectProperty(com.kms.katalon.core.testobject.ObjectRepository.findTestObject(Mes rapports Obj/EXECUTION/Exporter button), "title", "equals", "Exporteer naar excel", true): Modify property of object successfully

2018-08-22 11:09:44 - [MESSAGE][PASSED] - Modify property of object successfully

2018-08-22 11:09:44 - [TEST_STEP][FAILED] - click: Unable to click on object 'Object Repository/Mes rapports Obj/EXECUTION/Exporter button' (Root cause: org.openqa.selenium.WebDriverException: unknown error: Element <button type="button" class="btn btn-default" title="Exporteer naar excel" ng-click="pagevm.downloadExcelFile(parametersvm.rapport,uitvoeringParametersForm)" ng-disabled="pagevm.processing || !(parametersvm.rapport.exportInhoud || parametersvm.rapport.exportDraaitabel || ((parametersvm.rapport.exportEigenGrafiek || parametersvm.rapport.sdSuggestieGebruiken) &amp;&amp;  !(parametersvm.rapport.kenmerken.historischUitvoeren &amp;&amp; parametersvm.rapport.kenmerken.aggregatiePeriode === 0)))" disabled="disabled">...</button> is not clickable at point (1289, 436). Other element would receive the click: <div class="btn-group">...</div>
  (Session info: chrome=68.0.3440.106)
  (Driver info: chromedriver=2.35.528161 (5b82f2d2aae0ca24b877009200ced9065a772e73),platform=Windows NT 10.0.16299 x86_64) (WARNING: The server did not provide any stacktrace information)
Command duration or timeout: 0 milliseconds
Build info: version: '3.7.1', revision: '8a0099a', time: '2017-11-06T21:07:36.161Z'
System info: host: '5CG7062KWD', ip: '10.136.82.137', os.name: 'Windows 10', os.arch: 'amd64', os.version: '10.0', java.version: '1.8.0_181'
Driver info: com.kms.katalon.selenium.driver.CChromeDriver
Capabilities {acceptInsecureCerts: false, acceptSslCerts: false, applicationCacheEnabled: false, browserConnectionEnabled: false, browserName: chrome, chrome: {chromedriverVersion: 2.35.528161 (5b82f2d2aae0ca..., userDataDir: C:\Users\SEEBOR~1\AppData\L...}, cssSelectorsEnabled: true, databaseEnabled: false, handlesAlerts: true, hasTouchScreen: false, javascriptEnabled: true, locationContextEnabled: true, mobileEmulationEnabled: false, nativeEvents: true, networkConnectionEnabled: false, pageLoadStrategy: normal, platform: XP, platformName: XP, rotatable: false, setWindowRect: true, takesHeapSnapshot: true, takesScreenshot: true, unexpectedAlertBehaviour: , unhandledPromptBehavior: , version: 68.0.3440.106, webStorageEnabled: true}
Session ID: 80391edbd7df2954146029f188a7776c)

2018-08-22 11:09:44 - [MESSAGE][FAILED] - Unable to click on object 'Object Repository/Mes rapports Obj/EXECUTION/Exporter button' (Root cause: org.openqa.selenium.WebDriverException: unknown error: Element <button type="button" class="btn btn-default" title="Exporteer naar excel" ng-click="pagevm.downloadExcelFile(parametersvm.rapport,uitvoeringParametersForm)" ng-disabled="pagevm.processing || !(parametersvm.rapport.exportInhoud || parametersvm.rapport.exportDraaitabel || ((parametersvm.rapport.exportEigenGrafiek || parametersvm.rapport.sdSuggestieGebruiken) &amp;&amp;  !(parametersvm.rapport.kenmerken.historischUitvoeren &amp;&amp; parametersvm.rapport.kenmerken.aggregatiePeriode === 0)))" disabled="disabled">...</button> is not clickable at point (1289, 436). Other element would receive the click: <div class="btn-group">...</div>
  (Session info: chrome=68.0.3440.106)
  (Driver info: chromedriver=2.35.528161 (5b82f2d2aae0ca24b877009200ced9065a772e73),platform=Windows NT 10.0.16299 x86_64) (WARNING: The server did not provide any stacktrace information)
Command duration or timeout: 0 milliseconds
Build info: version: '3.7.1', revision: '8a0099a', time: '2017-11-06T21:07:36.161Z'
System info: host: '5CG7062KWD', ip: '10.136.82.137', os.name: 'Windows 10', os.arch: 'amd64', os.version: '10.0', java.version: '1.8.0_181'
Driver info: com.kms.katalon.selenium.driver.CChromeDriver
Capabilities {acceptInsecureCerts: false, acceptSslCerts: false, applicationCacheEnabled: false, browserConnectionEnabled: false, browserName: chrome, chrome: {chromedriverVersion: 2.35.528161 (5b82f2d2aae0ca..., userDataDir: C:\Users\SEEBOR~1\AppData\L...}, cssSelectorsEnabled: true, databaseEnabled: false, handlesAlerts: true, hasTouchScreen: false, javascriptEnabled: true, locationContextEnabled: true, mobileEmulationEnabled: false, nativeEvents: true, networkConnectionEnabled: false, pageLoadStrategy: normal, platform: XP, platformName: XP, rotatable: false, setWindowRect: true, takesHeapSnapshot: true, takesScreenshot: true, unexpectedAlertBehaviour: , unhandledPromptBehavior: , version: 68.0.3440.106, webStorageEnabled: true}
Session ID: 80391edbd7df2954146029f188a7776c)
[[ATTACHMENT|C:\\Users\\seeboruts\\OneDrive - SD Worx\\Desktop\\Katalon_eBlox_Reporting\\Reports\\testing\\Demo\\20180822_110153\\1534921784529.png]]]]></system-out>
         <system-err><![CDATA[2018-08-22 11:08:11 - [TEST_CASE][FAILED] - Test Cases/New Folder/TC4 BASED ON MY REPORTS: Test Cases/New Folder/TC4 BASED ON MY REPORTS FAILED because (of) Unable to click on object 'Object Repository/Mes rapports Obj/EXECUTION/Exporter button' (Root cause: org.openqa.selenium.WebDriverException: unknown error: Element <button type="button" class="btn btn-default" title="Exporteer naar excel" ng-click="pagevm.downloadExcelFile(parametersvm.rapport,uitvoeringParametersForm)" ng-disabled="pagevm.processing || !(parametersvm.rapport.exportInhoud || parametersvm.rapport.exportDraaitabel || ((parametersvm.rapport.exportEigenGrafiek || parametersvm.rapport.sdSuggestieGebruiken) &amp;&amp;  !(parametersvm.rapport.kenmerken.historischUitvoeren &amp;&amp; parametersvm.rapport.kenmerken.aggregatiePeriode === 0)))" disabled="disabled">...</button> is not clickable at point (1289, 436). Other element would receive the click: <div class="btn-group">...</div>
  (Session info: chrome=68.0.3440.106)
  (Driver info: chromedriver=2.35.528161 (5b82f2d2aae0ca24b877009200ced9065a772e73),platform=Windows NT 10.0.16299 x86_64) (WARNING: The server did not provide any stacktrace information)
Command duration or timeout: 0 milliseconds
Build info: version: '3.7.1', revision: '8a0099a', time: '2017-11-06T21:07:36.161Z'
System info: host: '5CG7062KWD', ip: '10.136.82.137', os.name: 'Windows 10', os.arch: 'amd64', os.version: '10.0', java.version: '1.8.0_181'
Driver info: com.kms.katalon.selenium.driver.CChromeDriver
Capabilities {acceptInsecureCerts: false, acceptSslCerts: false, applicationCacheEnabled: false, browserConnectionEnabled: false, browserName: chrome, chrome: {chromedriverVersion: 2.35.528161 (5b82f2d2aae0ca..., userDataDir: C:\Users\SEEBOR~1\AppData\L...}, cssSelectorsEnabled: true, databaseEnabled: false, handlesAlerts: true, hasTouchScreen: false, javascriptEnabled: true, locationContextEnabled: true, mobileEmulationEnabled: false, nativeEvents: true, networkConnectionEnabled: false, pageLoadStrategy: normal, platform: XP, platformName: XP, rotatable: false, setWindowRect: true, takesHeapSnapshot: true, takesScreenshot: true, unexpectedAlertBehaviour: , unhandledPromptBehavior: , version: 68.0.3440.106, webStorageEnabled: true}
Session ID: 80391edbd7df2954146029f188a7776c)]]></system-err>
      </testcase>
      <testcase name="Test Cases/New Folder/TC8 EXPORT" classname="Test Cases/New Folder/TC8 EXPORT" status="FAILED">
         <failure type="FAILED" message="Unable to click on object 'Object Repository/Page_eBlox Rapportering/Definition' (Root cause: org.openqa.selenium.WebDriverException: unknown error: Element &lt;a ng-if=&quot;!pagevm.rapport.isHardcodedReport&quot; class=&quot;btn btn-default ng-scope ng-isolate-scope&quot; rapp-definitie-link=&quot;28204&quot; rapp-definitie-link-route=&quot;definitie&quot; rapp-definitie-link-niveau=&quot;2&quot; rapp-definitie-link-copy=&quot;27522&quot; rapp-definitie-link-uitvoering-visualisatie=&quot;1&quot; ng-disabled=&quot;pagevm.processing&quot; disabled=&quot;disabled&quot;>...&lt;/a> is not clickable at point (307, 80). Other element would receive the click: &lt;div class=&quot;btn-group&quot; style=&quot;margin: 10px 0 5px;&quot;>...&lt;/div>
  (Session info: chrome=68.0.3440.106)
  (Driver info: chromedriver=2.35.528161 (5b82f2d2aae0ca24b877009200ced9065a772e73),platform=Windows NT 10.0.16299 x86_64) (WARNING: The server did not provide any stacktrace information)
Command duration or timeout: 0 milliseconds
Build info: version: '3.7.1', revision: '8a0099a', time: '2017-11-06T21:07:36.161Z'
System info: host: '5CG7062KWD', ip: '10.136.82.137', os.name: 'Windows 10', os.arch: 'amd64', os.version: '10.0', java.version: '1.8.0_181'
Driver info: com.kms.katalon.selenium.driver.CChromeDriver
Capabilities {acceptInsecureCerts: false, acceptSslCerts: false, applicationCacheEnabled: false, browserConnectionEnabled: false, browserName: chrome, chrome: {chromedriverVersion: 2.35.528161 (5b82f2d2aae0ca..., userDataDir: C:\Users\SEEBOR~1\AppData\L...}, cssSelectorsEnabled: true, databaseEnabled: false, handlesAlerts: true, hasTouchScreen: false, javascriptEnabled: true, locationContextEnabled: true, mobileEmulationEnabled: false, nativeEvents: true, networkConnectionEnabled: false, pageLoadStrategy: normal, platform: XP, platformName: XP, rotatable: false, setWindowRect: true, takesHeapSnapshot: true, takesScreenshot: true, unexpectedAlertBehaviour: , unhandledPromptBehavior: , version: 68.0.3440.106, webStorageEnabled: true}
Session ID: 5b510333b0009e09ea768e6847fd5cce)"/>
         <system-out><![CDATA[2018-08-22 11:09:44 - [TEST_CASE][FAILED] - Test Cases/New Folder/TC8 EXPORT: Test Cases/New Folder/TC8 EXPORT FAILED because (of) Unable to click on object 'Object Repository/Page_eBlox Rapportering/Definition' (Root cause: org.openqa.selenium.WebDriverException: unknown error: Element <a ng-if="!pagevm.rapport.isHardcodedReport" class="btn btn-default ng-scope ng-isolate-scope" rapp-definitie-link="28204" rapp-definitie-link-route="definitie" rapp-definitie-link-niveau="2" rapp-definitie-link-copy="27522" rapp-definitie-link-uitvoering-visualisatie="1" ng-disabled="pagevm.processing" disabled="disabled">...</a> is not clickable at point (307, 80). Other element would receive the click: <div class="btn-group" style="margin: 10px 0 5px;">...</div>
  (Session info: chrome=68.0.3440.106)
  (Driver info: chromedriver=2.35.528161 (5b82f2d2aae0ca24b877009200ced9065a772e73),platform=Windows NT 10.0.16299 x86_64) (WARNING: The server did not provide any stacktrace information)
Command duration or timeout: 0 milliseconds
Build info: version: '3.7.1', revision: '8a0099a', time: '2017-11-06T21:07:36.161Z'
System info: host: '5CG7062KWD', ip: '10.136.82.137', os.name: 'Windows 10', os.arch: 'amd64', os.version: '10.0', java.version: '1.8.0_181'
Driver info: com.kms.katalon.selenium.driver.CChromeDriver
Capabilities {acceptInsecureCerts: false, acceptSslCerts: false, applicationCacheEnabled: false, browserConnectionEnabled: false, browserName: chrome, chrome: {chromedriverVersion: 2.35.528161 (5b82f2d2aae0ca..., userDataDir: C:\Users\SEEBOR~1\AppData\L...}, cssSelectorsEnabled: true, databaseEnabled: false, handlesAlerts: true, hasTouchScreen: false, javascriptEnabled: true, locationContextEnabled: true, mobileEmulationEnabled: false, nativeEvents: true, networkConnectionEnabled: false, pageLoadStrategy: normal, platform: XP, platformName: XP, rotatable: false, setWindowRect: true, takesHeapSnapshot: true, takesScreenshot: true, unexpectedAlertBehaviour: , unhandledPromptBehavior: , version: 68.0.3440.106, webStorageEnabled: true}
Session ID: 5b510333b0009e09ea768e6847fd5cce)

2018-08-22 11:09:45 - [TEST_STEP][PASSED] - callTestCase: Call Test Case 'Test Cases/Login/TC1 Login to Mysdworx' successfully

2018-08-22 11:09:45 - [TEST_CASE][PASSED] - Test Cases/Login/TC1 Login to Mysdworx: Test Cases/Login/TC1 Login to Mysdworx

2018-08-22 11:09:45 - [TEST_STEP][PASSED] - openBrowser: Browser is opened with url: ''

2018-08-22 11:09:45 - [MESSAGE][WARNING] - A browser is already opened. Closing browser and opening a new one

2018-08-22 11:09:47 - [MESSAGE][PASSED] - Browser is opened with url: ''

2018-08-22 11:09:47 - [TEST_STEP][PASSED] - navigateToUrl: Navigate to 'https://internet.acc.sd.dika.be/ebloxreporting/web.sensitive/main/?lang=fr' successfully

2018-08-22 11:09:52 - [MESSAGE][PASSED] - Navigate to 'https://internet.acc.sd.dika.be/ebloxreporting/web.sensitive/main/?lang=fr' successfully

2018-08-22 11:09:52 - [TEST_STEP][PASSED] - maximizeWindow: Current window maximized

2018-08-22 11:09:53 - [MESSAGE][PASSED] - Current window maximized

2018-08-22 11:09:53 - [TEST_STEP][PASSED] - setText: Text 'DP_EBLOX_RPP_VASCO' is set on object 'Object Repository/Page_mysdworx - Log in/input_Username'

2018-08-22 11:09:57 - [MESSAGE][PASSED] - Text 'DP_EBLOX_RPP_VASCO' is set on object 'Object Repository/Page_mysdworx - Log in/input_Username'

2018-08-22 11:09:57 - [TEST_STEP][PASSED] - Statement - frame = new javax.swing.JFrame(User Input Frame): null

2018-08-22 11:09:57 - [TEST_STEP][PASSED] - Statement - frame.requestFocus(): null

2018-08-22 11:09:57 - [TEST_STEP][PASSED] - Statement - pass = javax.swing.JOptionPane.showInputDialog(frame, "Enter the password from token!!"): null

2018-08-22 11:10:06 - [TEST_STEP][PASSED] - delay: Delayed 2 second(s)

2018-08-22 11:10:08 - [MESSAGE][PASSED] - Delayed 2 second(s)

2018-08-22 11:10:08 - [TEST_STEP][PASSED] - setText: Text '688593' is set on object 'Object Repository/Page_mysdworx - Log in/input_Password'

2018-08-22 11:10:08 - [MESSAGE][PASSED] - Text '688593' is set on object 'Object Repository/Page_mysdworx - Log in/input_Password'

2018-08-22 11:10:08 - [TEST_STEP][PASSED] - click: Object: 'Object Repository/Page_mysdworx - Log in/button_Se connecter' is clicked on

2018-08-22 11:10:08 - [MESSAGE][PASSED] - Object: 'Object Repository/Page_mysdworx - Log in/button_Se connecter' is clicked on

2018-08-22 11:10:08 - [TEST_STEP][PASSED] - waitForPageLoad: Wait for page load successfully

2018-08-22 11:10:08 - [MESSAGE][PASSED] - Wait for page load successfully

2018-08-22 11:10:08 - [TEST_STEP][NOT_RUN] - closeBrowser: NOT_RUN: closeBrowser

2018-08-22 11:10:08 - [MESSAGE][NOT_RUN] - NOT_RUN: closeBrowser

2018-08-22 11:10:08 - [MESSAGE][PASSED] - Call Test Case 'Test Cases/Login/TC1 Login to Mysdworx' successfully

2018-08-22 11:10:08 - [TEST_STEP][PASSED] - callTestCase: Call Test Case 'Test Cases/Select Language/TC1 Verify NL language' successfully

2018-08-22 11:10:08 - [TEST_CASE][PASSED] - Test Cases/Select Language/TC1 Verify NL language: Test Cases/Select Language/TC1 Verify NL language

2018-08-22 11:10:08 - [TEST_STEP][PASSED] - waitForElementClickable: Object 'Object Repository/Change language link Obj/NL_language' is clickable

2018-08-22 11:10:30 - [MESSAGE][PASSED] - Object 'Object Repository/Change language link Obj/NL_language' is clickable

2018-08-22 11:10:30 - [TEST_STEP][PASSED] - click: Object: 'Object Repository/Change language link Obj/NL_language' is clicked on

2018-08-22 11:10:35 - [MESSAGE][PASSED] - Object: 'Object Repository/Change language link Obj/NL_language' is clicked on

2018-08-22 11:10:35 - [TEST_STEP][PASSED] - waitForPageLoad: Wait for page load successfully

2018-08-22 11:10:35 - [MESSAGE][PASSED] - Wait for page load successfully

2018-08-22 11:10:35 - [MESSAGE][PASSED] - Call Test Case 'Test Cases/Select Language/TC1 Verify NL language' successfully

2018-08-22 11:10:35 - [TEST_STEP][PASSED] - callTestCase: Call Test Case 'Test Cases/Mes rapports/Main Page/TC Verify Mes rapports tab' successfully

2018-08-22 11:10:35 - [TEST_CASE][PASSED] - Test Cases/Mes rapports/Main Page/TC Verify Mes rapports tab: Test Cases/Mes rapports/Main Page/TC Verify Mes rapports tab

2018-08-22 11:10:35 - [TEST_STEP][PASSED] - click: Object: 'Object Repository/Mes rapports Obj/Mes rapports_tab' is clicked on

2018-08-22 11:10:35 - [MESSAGE][PASSED] - Object: 'Object Repository/Mes rapports Obj/Mes rapports_tab' is clicked on

2018-08-22 11:10:35 - [MESSAGE][PASSED] - Call Test Case 'Test Cases/Mes rapports/Main Page/TC Verify Mes rapports tab' successfully

2018-08-22 11:10:35 - [TEST_STEP][PASSED] - setText: Text 'REG EXPORT' is set on object 'Object Repository/Mes rapports Obj/input search filter'

2018-08-22 11:10:38 - [MESSAGE][PASSED] - Text 'REG EXPORT' is set on object 'Object Repository/Mes rapports Obj/input search filter'

2018-08-22 11:10:38 - [TEST_STEP][PASSED] - click: Object: 'Object Repository/Page_eBlox Reporting/Search_Icon' is clicked on

2018-08-22 11:10:38 - [MESSAGE][PASSED] - Object: 'Object Repository/Page_eBlox Reporting/Search_Icon' is clicked on

2018-08-22 11:10:38 - [TEST_STEP][PASSED] - Statement - myTestObject = new com.kms.katalon.core.testobject.TestObject(Select_report): null

2018-08-22 11:10:38 - [TEST_STEP][PASSED] - Statement - myTestObject.addProperty("xpath", EQUALS, "//a[@class='hide-on-hover']//span[@text='REG EXPORT']"): null

2018-08-22 11:10:38 - [TEST_STEP][PASSED] - click: Object: 'Select_report' is clicked on

2018-08-22 11:10:39 - [MESSAGE][PASSED] - Object: 'Select_report' is clicked on

2018-08-22 11:10:39 - [TEST_STEP][PASSED] - waitForPageLoad: Wait for page load successfully

2018-08-22 11:10:39 - [MESSAGE][PASSED] - Wait for page load successfully

2018-08-22 11:10:39 - [TEST_STEP][PASSED] - waitForElementClickable: Object 'Object Repository/Page_eBlox Rapportering/Definition' is clickable

2018-08-22 11:10:40 - [MESSAGE][PASSED] - Object 'Object Repository/Page_eBlox Rapportering/Definition' is clickable

2018-08-22 11:10:40 - [TEST_STEP][PASSED] - Statement - definition = com.kms.katalon.core.webui.keyword.WebUiBuiltInKeywords.modifyObjectProperty(com.kms.katalon.core.testobject.ObjectRepository.findTestObject(Page_eBlox Rapportering/Definition), "xpath", "contains", "//a[contains(text(),'Definitie')]", true): Modify property of object successfully

2018-08-22 11:10:40 - [MESSAGE][PASSED] - Modify property of object successfully

2018-08-22 11:10:40 - [TEST_STEP][PASSED] - click: Object: 'Object Repository/Page_eBlox Rapportering/Definition' is clicked on

2018-08-22 11:10:40 - [MESSAGE][PASSED] - Object: 'Object Repository/Page_eBlox Rapportering/Definition' is clicked on

2018-08-22 11:10:40 - [TEST_STEP][PASSED] - waitForPageLoad: Wait for page load successfully

2018-08-22 11:10:40 - [MESSAGE][PASSED] - Wait for page load successfully

2018-08-22 11:10:40 - [TEST_STEP][PASSED] - click: Object: 'Object Repository/Page_eBlox Rapportering/Proprietes' is clicked on

2018-08-22 11:10:42 - [MESSAGE][PASSED] - Object: 'Object Repository/Page_eBlox Rapportering/Proprietes' is clicked on

2018-08-22 11:10:42 - [TEST_STEP][PASSED] - waitForPageLoad: Wait for page load successfully

2018-08-22 11:10:42 - [MESSAGE][PASSED] - Wait for page load successfully

2018-08-22 11:10:42 - [TEST_STEP][PASSED] - waitForElementClickable: Object 'Object Repository/Page_eBlox Rapportering/Definition - Proprietes - Options d exportation/Contenu checkbox' is clickable

2018-08-22 11:10:43 - [MESSAGE][PASSED] - Object 'Object Repository/Page_eBlox Rapportering/Definition - Proprietes - Options d exportation/Contenu checkbox' is clickable

2018-08-22 11:10:43 - [TEST_STEP][PASSED] - verifyElementChecked: Object 'Object Repository/Page_eBlox Rapportering/Definition - Proprietes - Options d exportation/Contenu checkbox' is checked

2018-08-22 11:10:43 - [MESSAGE][PASSED] - Object 'Object Repository/Page_eBlox Rapportering/Definition - Proprietes - Options d exportation/Contenu checkbox' is checked

2018-08-22 11:10:43 - [TEST_STEP][PASSED] - verifyElementChecked: Object 'Object Repository/Page_eBlox Rapportering/Definition - Proprietes - Options d exportation/Graphiques - propres graphiques checkbox' is checked

2018-08-22 11:10:43 - [MESSAGE][PASSED] - Object 'Object Repository/Page_eBlox Rapportering/Definition - Proprietes - Options d exportation/Graphiques - propres graphiques checkbox' is checked

2018-08-22 11:10:43 - [TEST_STEP][PASSED] - verifyElementChecked: Object 'Object Repository/Page_eBlox Rapportering/Definition - Proprietes - Options d exportation/Graphiques - suggestions SD checkbox' is checked

2018-08-22 11:10:43 - [MESSAGE][PASSED] - Object 'Object Repository/Page_eBlox Rapportering/Definition - Proprietes - Options d exportation/Graphiques - suggestions SD checkbox' is checked

2018-08-22 11:10:43 - [TEST_STEP][PASSED] - verifyElementChecked: Object 'Object Repository/Page_eBlox Rapportering/Definition - Proprietes - Options d exportation/Tableau croise checkbox' is checked

2018-08-22 11:10:43 - [MESSAGE][PASSED] - Object 'Object Repository/Page_eBlox Rapportering/Definition - Proprietes - Options d exportation/Tableau croise checkbox' is checked

2018-08-22 11:10:43 - [TEST_STEP][PASSED] - click: Object: 'Object Repository/Page_eBlox Rapportering/Execution tab' is clicked on

2018-08-22 11:10:43 - [MESSAGE][PASSED] - Object: 'Object Repository/Page_eBlox Rapportering/Execution tab' is clicked on

2018-08-22 11:10:43 - [TEST_STEP][PASSED] - waitForPageLoad: Wait for page load successfully

2018-08-22 11:10:43 - [MESSAGE][PASSED] - Wait for page load successfully

2018-08-22 11:10:43 - [TEST_STEP][PASSED] - waitForElementClickable: Object 'Object Repository/Mes rapports Obj/EXECUTION/Description _Date de reference historique' is clickable

2018-08-22 11:10:44 - [MESSAGE][PASSED] - Object 'Object Repository/Mes rapports Obj/EXECUTION/Description _Date de reference historique' is clickable

2018-08-22 11:10:44 - [TEST_STEP][PASSED] - delay: Delayed 2 second(s)

2018-08-22 11:10:46 - [MESSAGE][PASSED] - Delayed 2 second(s)

2018-08-22 11:10:46 - [TEST_STEP][PASSED] - click: Object: 'Object Repository/Mes rapports Obj/EXECUTION/Description _Date de reference historique' is clicked on

2018-08-22 11:10:46 - [MESSAGE][PASSED] - Object: 'Object Repository/Mes rapports Obj/EXECUTION/Description _Date de reference historique' is clicked on

2018-08-22 11:10:46 - [TEST_STEP][PASSED] - delay: Delayed 5 second(s)

2018-08-22 11:10:51 - [MESSAGE][PASSED] - Delayed 5 second(s)

2018-08-22 11:10:51 - [TEST_STEP][PASSED] - waitForElementClickable: Object 'Object Repository/Mes rapports Obj/EXECUTION/Aujourdhui - Vandaag' is clickable

2018-08-22 11:10:51 - [MESSAGE][PASSED] - Object 'Object Repository/Mes rapports Obj/EXECUTION/Aujourdhui - Vandaag' is clickable

2018-08-22 11:10:51 - [TEST_STEP][PASSED] - click: Object: 'Object Repository/Mes rapports Obj/EXECUTION/Aujourdhui - Vandaag' is clicked on

2018-08-22 11:10:51 - [MESSAGE][PASSED] - Object: 'Object Repository/Mes rapports Obj/EXECUTION/Aujourdhui - Vandaag' is clicked on

2018-08-22 11:10:51 - [TEST_STEP][PASSED] - delay: Delayed 2 second(s)

2018-08-22 11:10:53 - [MESSAGE][PASSED] - Delayed 2 second(s)

2018-08-22 11:10:53 - [TEST_STEP][PASSED] - click: Object: 'Object Repository/Mes rapports Obj/EXECUTION/Periode de paiement - Betaalperiode' is clicked on

2018-08-22 11:10:53 - [MESSAGE][PASSED] - Object: 'Object Repository/Mes rapports Obj/EXECUTION/Periode de paiement - Betaalperiode' is clicked on

2018-08-22 11:10:53 - [TEST_STEP][PASSED] - click: Object: 'Object Repository/Mes rapports Obj/EXECUTION/Periode de paiement - Betaalperiode - Huidig jaar' is clicked on

2018-08-22 11:10:53 - [MESSAGE][PASSED] - Object: 'Object Repository/Mes rapports Obj/EXECUTION/Periode de paiement - Betaalperiode - Huidig jaar' is clicked on

2018-08-22 11:10:53 - [TEST_STEP][PASSED] - delay: Delayed 2 second(s)

2018-08-22 11:10:55 - [MESSAGE][PASSED] - Delayed 2 second(s)

2018-08-22 11:10:55 - [TEST_STEP][PASSED] - click: Object: 'Object Repository/Mes rapports Obj/EXECUTION/Button executer' is clicked on

2018-08-22 11:10:55 - [MESSAGE][PASSED] - Object: 'Object Repository/Mes rapports Obj/EXECUTION/Button executer' is clicked on

2018-08-22 11:10:55 - [TEST_STEP][PASSED] - waitForPageLoad: Wait for page load successfully

2018-08-22 11:10:55 - [MESSAGE][PASSED] - Wait for page load successfully

2018-08-22 11:10:55 - [TEST_STEP][PASSED] - delay: Delayed 5 second(s)

2018-08-22 11:11:00 - [MESSAGE][PASSED] - Delayed 5 second(s)

2018-08-22 11:11:00 - [TEST_STEP][PASSED] - waitForElementClickable: Object 'Object Repository/Mes rapports Obj/EXECUTION/Exporter button' is clickable

2018-08-22 11:11:00 - [MESSAGE][PASSED] - Object 'Object Repository/Mes rapports Obj/EXECUTION/Exporter button' is clickable

2018-08-22 11:11:00 - [TEST_STEP][PASSED] - Statement - export1 = com.kms.katalon.core.webui.keyword.WebUiBuiltInKeywords.modifyObjectProperty(com.kms.katalon.core.testobject.ObjectRepository.findTestObject(Mes rapports Obj/EXECUTION/Exporter button), "title", "equals", "Exporteer naar excel", true): Modify property of object successfully

2018-08-22 11:11:00 - [MESSAGE][PASSED] - Modify property of object successfully

2018-08-22 11:11:00 - [TEST_STEP][PASSED] - click: Object: 'Object Repository/Mes rapports Obj/EXECUTION/Exporter button' is clicked on

2018-08-22 11:11:00 - [MESSAGE][PASSED] - Object: 'Object Repository/Mes rapports Obj/EXECUTION/Exporter button' is clicked on

2018-08-22 11:11:00 - [TEST_STEP][PASSED] - waitForPageLoad: Wait for page load successfully

2018-08-22 11:11:00 - [MESSAGE][PASSED] - Wait for page load successfully

2018-08-22 11:11:00 - [TEST_STEP][PASSED] - waitForElementClickable: Object 'Object Repository/Page_eBlox Rapportering/Definition' is clickable

2018-08-22 11:11:00 - [MESSAGE][PASSED] - Object 'Object Repository/Page_eBlox Rapportering/Definition' is clickable

2018-08-22 11:11:00 - [TEST_STEP][PASSED] - Statement - definition1 = com.kms.katalon.core.webui.keyword.WebUiBuiltInKeywords.modifyObjectProperty(com.kms.katalon.core.testobject.ObjectRepository.findTestObject(Page_eBlox Rapportering/Definition), "xpath", "contains", "//li//div[@class='btn-group']//a[contains(text(),'Definitie')]", true): Modify property of object successfully

2018-08-22 11:11:00 - [MESSAGE][PASSED] - Modify property of object successfully

2018-08-22 11:11:00 - [TEST_STEP][FAILED] - click: Unable to click on object 'Object Repository/Page_eBlox Rapportering/Definition' (Root cause: org.openqa.selenium.WebDriverException: unknown error: Element <a ng-if="!pagevm.rapport.isHardcodedReport" class="btn btn-default ng-scope ng-isolate-scope" rapp-definitie-link="28204" rapp-definitie-link-route="definitie" rapp-definitie-link-niveau="2" rapp-definitie-link-copy="27522" rapp-definitie-link-uitvoering-visualisatie="1" ng-disabled="pagevm.processing" disabled="disabled">...</a> is not clickable at point (307, 80). Other element would receive the click: <div class="btn-group" style="margin: 10px 0 5px;">...</div>
  (Session info: chrome=68.0.3440.106)
  (Driver info: chromedriver=2.35.528161 (5b82f2d2aae0ca24b877009200ced9065a772e73),platform=Windows NT 10.0.16299 x86_64) (WARNING: The server did not provide any stacktrace information)
Command duration or timeout: 0 milliseconds
Build info: version: '3.7.1', revision: '8a0099a', time: '2017-11-06T21:07:36.161Z'
System info: host: '5CG7062KWD', ip: '10.136.82.137', os.name: 'Windows 10', os.arch: 'amd64', os.version: '10.0', java.version: '1.8.0_181'
Driver info: com.kms.katalon.selenium.driver.CChromeDriver
Capabilities {acceptInsecureCerts: false, acceptSslCerts: false, applicationCacheEnabled: false, browserConnectionEnabled: false, browserName: chrome, chrome: {chromedriverVersion: 2.35.528161 (5b82f2d2aae0ca..., userDataDir: C:\Users\SEEBOR~1\AppData\L...}, cssSelectorsEnabled: true, databaseEnabled: false, handlesAlerts: true, hasTouchScreen: false, javascriptEnabled: true, locationContextEnabled: true, mobileEmulationEnabled: false, nativeEvents: true, networkConnectionEnabled: false, pageLoadStrategy: normal, platform: XP, platformName: XP, rotatable: false, setWindowRect: true, takesHeapSnapshot: true, takesScreenshot: true, unexpectedAlertBehaviour: , unhandledPromptBehavior: , version: 68.0.3440.106, webStorageEnabled: true}
Session ID: 5b510333b0009e09ea768e6847fd5cce)

2018-08-22 11:11:01 - [MESSAGE][FAILED] - Unable to click on object 'Object Repository/Page_eBlox Rapportering/Definition' (Root cause: org.openqa.selenium.WebDriverException: unknown error: Element <a ng-if="!pagevm.rapport.isHardcodedReport" class="btn btn-default ng-scope ng-isolate-scope" rapp-definitie-link="28204" rapp-definitie-link-route="definitie" rapp-definitie-link-niveau="2" rapp-definitie-link-copy="27522" rapp-definitie-link-uitvoering-visualisatie="1" ng-disabled="pagevm.processing" disabled="disabled">...</a> is not clickable at point (307, 80). Other element would receive the click: <div class="btn-group" style="margin: 10px 0 5px;">...</div>
  (Session info: chrome=68.0.3440.106)
  (Driver info: chromedriver=2.35.528161 (5b82f2d2aae0ca24b877009200ced9065a772e73),platform=Windows NT 10.0.16299 x86_64) (WARNING: The server did not provide any stacktrace information)
Command duration or timeout: 0 milliseconds
Build info: version: '3.7.1', revision: '8a0099a', time: '2017-11-06T21:07:36.161Z'
System info: host: '5CG7062KWD', ip: '10.136.82.137', os.name: 'Windows 10', os.arch: 'amd64', os.version: '10.0', java.version: '1.8.0_181'
Driver info: com.kms.katalon.selenium.driver.CChromeDriver
Capabilities {acceptInsecureCerts: false, acceptSslCerts: false, applicationCacheEnabled: false, browserConnectionEnabled: false, browserName: chrome, chrome: {chromedriverVersion: 2.35.528161 (5b82f2d2aae0ca..., userDataDir: C:\Users\SEEBOR~1\AppData\L...}, cssSelectorsEnabled: true, databaseEnabled: false, handlesAlerts: true, hasTouchScreen: false, javascriptEnabled: true, locationContextEnabled: true, mobileEmulationEnabled: false, nativeEvents: true, networkConnectionEnabled: false, pageLoadStrategy: normal, platform: XP, platformName: XP, rotatable: false, setWindowRect: true, takesHeapSnapshot: true, takesScreenshot: true, unexpectedAlertBehaviour: , unhandledPromptBehavior: , version: 68.0.3440.106, webStorageEnabled: true}
Session ID: 5b510333b0009e09ea768e6847fd5cce)
[[ATTACHMENT|C:\\Users\\seeboruts\\OneDrive - SD Worx\\Desktop\\Katalon_eBlox_Reporting\\Reports\\testing\\Demo\\20180822_110153\\1534921861070.png]]]]></system-out>
         <system-err><![CDATA[2018-08-22 11:09:44 - [TEST_CASE][FAILED] - Test Cases/New Folder/TC8 EXPORT: Test Cases/New Folder/TC8 EXPORT FAILED because (of) Unable to click on object 'Object Repository/Page_eBlox Rapportering/Definition' (Root cause: org.openqa.selenium.WebDriverException: unknown error: Element <a ng-if="!pagevm.rapport.isHardcodedReport" class="btn btn-default ng-scope ng-isolate-scope" rapp-definitie-link="28204" rapp-definitie-link-route="definitie" rapp-definitie-link-niveau="2" rapp-definitie-link-copy="27522" rapp-definitie-link-uitvoering-visualisatie="1" ng-disabled="pagevm.processing" disabled="disabled">...</a> is not clickable at point (307, 80). Other element would receive the click: <div class="btn-group" style="margin: 10px 0 5px;">...</div>
  (Session info: chrome=68.0.3440.106)
  (Driver info: chromedriver=2.35.528161 (5b82f2d2aae0ca24b877009200ced9065a772e73),platform=Windows NT 10.0.16299 x86_64) (WARNING: The server did not provide any stacktrace information)
Command duration or timeout: 0 milliseconds
Build info: version: '3.7.1', revision: '8a0099a', time: '2017-11-06T21:07:36.161Z'
System info: host: '5CG7062KWD', ip: '10.136.82.137', os.name: 'Windows 10', os.arch: 'amd64', os.version: '10.0', java.version: '1.8.0_181'
Driver info: com.kms.katalon.selenium.driver.CChromeDriver
Capabilities {acceptInsecureCerts: false, acceptSslCerts: false, applicationCacheEnabled: false, browserConnectionEnabled: false, browserName: chrome, chrome: {chromedriverVersion: 2.35.528161 (5b82f2d2aae0ca..., userDataDir: C:\Users\SEEBOR~1\AppData\L...}, cssSelectorsEnabled: true, databaseEnabled: false, handlesAlerts: true, hasTouchScreen: false, javascriptEnabled: true, locationContextEnabled: true, mobileEmulationEnabled: false, nativeEvents: true, networkConnectionEnabled: false, pageLoadStrategy: normal, platform: XP, platformName: XP, rotatable: false, setWindowRect: true, takesHeapSnapshot: true, takesScreenshot: true, unexpectedAlertBehaviour: , unhandledPromptBehavior: , version: 68.0.3440.106, webStorageEnabled: true}
Session ID: 5b510333b0009e09ea768e6847fd5cce)]]></system-err>
      </testcase>
      <testcase name="Test Cases/New Folder/TC9 HISTORIC WITH" classname="Test Cases/New Folder/TC9 HISTORIC WITH" status="PASSED">
         <system-out><![CDATA[2018-08-22 11:11:01 - [TEST_CASE][PASSED] - Test Cases/New Folder/TC9 HISTORIC WITH: Test Cases/New Folder/TC9 HISTORIC WITH

2018-08-22 11:11:01 - [TEST_STEP][PASSED] - callTestCase: Call Test Case 'Test Cases/Login/TC1 Login to Mysdworx' successfully

2018-08-22 11:11:01 - [TEST_CASE][PASSED] - Test Cases/Login/TC1 Login to Mysdworx: Test Cases/Login/TC1 Login to Mysdworx

2018-08-22 11:11:01 - [TEST_STEP][PASSED] - openBrowser: Browser is opened with url: ''

2018-08-22 11:11:01 - [MESSAGE][WARNING] - A browser is already opened. Closing browser and opening a new one

2018-08-22 11:11:04 - [MESSAGE][PASSED] - Browser is opened with url: ''

2018-08-22 11:11:04 - [TEST_STEP][PASSED] - navigateToUrl: Navigate to 'https://internet.acc.sd.dika.be/ebloxreporting/web.sensitive/main/?lang=fr' successfully

2018-08-22 11:11:09 - [MESSAGE][PASSED] - Navigate to 'https://internet.acc.sd.dika.be/ebloxreporting/web.sensitive/main/?lang=fr' successfully

2018-08-22 11:11:09 - [TEST_STEP][PASSED] - maximizeWindow: Current window maximized

2018-08-22 11:11:10 - [MESSAGE][PASSED] - Current window maximized

2018-08-22 11:11:10 - [TEST_STEP][PASSED] - setText: Text 'DP_EBLOX_RPP_VASCO' is set on object 'Object Repository/Page_mysdworx - Log in/input_Username'

2018-08-22 11:11:13 - [MESSAGE][PASSED] - Text 'DP_EBLOX_RPP_VASCO' is set on object 'Object Repository/Page_mysdworx - Log in/input_Username'

2018-08-22 11:11:13 - [TEST_STEP][PASSED] - Statement - frame = new javax.swing.JFrame(User Input Frame): null

2018-08-22 11:11:13 - [TEST_STEP][PASSED] - Statement - frame.requestFocus(): null

2018-08-22 11:11:13 - [TEST_STEP][PASSED] - Statement - pass = javax.swing.JOptionPane.showInputDialog(frame, "Enter the password from token!!"): null

2018-08-22 11:11:47 - [TEST_STEP][PASSED] - delay: Delayed 2 second(s)

2018-08-22 11:11:49 - [MESSAGE][PASSED] - Delayed 2 second(s)

2018-08-22 11:11:49 - [TEST_STEP][PASSED] - setText: Text '733983' is set on object 'Object Repository/Page_mysdworx - Log in/input_Password'

2018-08-22 11:11:49 - [MESSAGE][PASSED] - Text '733983' is set on object 'Object Repository/Page_mysdworx - Log in/input_Password'

2018-08-22 11:11:49 - [TEST_STEP][PASSED] - click: Object: 'Object Repository/Page_mysdworx - Log in/button_Se connecter' is clicked on

2018-08-22 11:11:49 - [MESSAGE][PASSED] - Object: 'Object Repository/Page_mysdworx - Log in/button_Se connecter' is clicked on

2018-08-22 11:11:49 - [TEST_STEP][PASSED] - waitForPageLoad: Wait for page load successfully

2018-08-22 11:11:49 - [MESSAGE][PASSED] - Wait for page load successfully

2018-08-22 11:11:49 - [TEST_STEP][NOT_RUN] - closeBrowser: NOT_RUN: closeBrowser

2018-08-22 11:11:49 - [MESSAGE][NOT_RUN] - NOT_RUN: closeBrowser

2018-08-22 11:11:49 - [MESSAGE][PASSED] - Call Test Case 'Test Cases/Login/TC1 Login to Mysdworx' successfully

2018-08-22 11:11:49 - [TEST_STEP][PASSED] - waitForPageLoad: Wait for page load successfully

2018-08-22 11:11:49 - [MESSAGE][PASSED] - Wait for page load successfully

2018-08-22 11:11:49 - [TEST_STEP][PASSED] - callTestCase: Call Test Case 'Test Cases/Select Language/TC1 Verify NL language' successfully

2018-08-22 11:11:49 - [TEST_CASE][PASSED] - Test Cases/Select Language/TC1 Verify NL language: Test Cases/Select Language/TC1 Verify NL language

2018-08-22 11:11:49 - [TEST_STEP][PASSED] - waitForElementClickable: Object 'Object Repository/Change language link Obj/NL_language' is clickable

2018-08-22 11:12:11 - [MESSAGE][PASSED] - Object 'Object Repository/Change language link Obj/NL_language' is clickable

2018-08-22 11:12:11 - [TEST_STEP][PASSED] - click: Object: 'Object Repository/Change language link Obj/NL_language' is clicked on

2018-08-22 11:12:16 - [MESSAGE][PASSED] - Object: 'Object Repository/Change language link Obj/NL_language' is clicked on

2018-08-22 11:12:16 - [TEST_STEP][PASSED] - waitForPageLoad: Wait for page load successfully

2018-08-22 11:12:16 - [MESSAGE][PASSED] - Wait for page load successfully

2018-08-22 11:12:16 - [MESSAGE][PASSED] - Call Test Case 'Test Cases/Select Language/TC1 Verify NL language' successfully

2018-08-22 11:12:16 - [TEST_STEP][PASSED] - waitForPageLoad: Wait for page load successfully

2018-08-22 11:12:16 - [MESSAGE][PASSED] - Wait for page load successfully

2018-08-22 11:12:16 - [TEST_STEP][PASSED] - callTestCase: Call Test Case 'Test Cases/Mes rapports/Main Page/TC Verify Mes rapports tab' successfully

2018-08-22 11:12:16 - [TEST_CASE][PASSED] - Test Cases/Mes rapports/Main Page/TC Verify Mes rapports tab: Test Cases/Mes rapports/Main Page/TC Verify Mes rapports tab

2018-08-22 11:12:16 - [TEST_STEP][PASSED] - click: Object: 'Object Repository/Mes rapports Obj/Mes rapports_tab' is clicked on

2018-08-22 11:12:16 - [MESSAGE][PASSED] - Object: 'Object Repository/Mes rapports Obj/Mes rapports_tab' is clicked on

2018-08-22 11:12:16 - [MESSAGE][PASSED] - Call Test Case 'Test Cases/Mes rapports/Main Page/TC Verify Mes rapports tab' successfully

2018-08-22 11:12:16 - [TEST_STEP][PASSED] - setText: Text 'REG HIST GROEP' is set on object 'Object Repository/Mes rapports Obj/input search filter'

2018-08-22 11:12:19 - [MESSAGE][PASSED] - Text 'REG HIST GROEP' is set on object 'Object Repository/Mes rapports Obj/input search filter'

2018-08-22 11:12:19 - [TEST_STEP][PASSED] - click: Object: 'Object Repository/Page_eBlox Reporting/Search_Icon' is clicked on

2018-08-22 11:12:19 - [MESSAGE][PASSED] - Object: 'Object Repository/Page_eBlox Reporting/Search_Icon' is clicked on

2018-08-22 11:12:19 - [TEST_STEP][PASSED] - Statement - myTestObject = new com.kms.katalon.core.testobject.TestObject(Select_report): null

2018-08-22 11:12:19 - [TEST_STEP][PASSED] - Statement - myTestObject.addProperty("xpath", EQUALS, "//a[@class='hide-on-hover']//span[@text='REG HIST GROEP']"): null

2018-08-22 11:12:19 - [TEST_STEP][PASSED] - click: Object: 'Select_report' is clicked on

2018-08-22 11:12:20 - [MESSAGE][PASSED] - Object: 'Select_report' is clicked on

2018-08-22 11:12:20 - [TEST_STEP][PASSED] - waitForPageLoad: Wait for page load successfully

2018-08-22 11:12:20 - [MESSAGE][PASSED] - Wait for page load successfully

2018-08-22 11:12:20 - [TEST_STEP][PASSED] - Statement - myDonneeCalculees1 = com.kms.katalon.core.webui.keyword.WebUiBuiltInKeywords.modifyObjectProperty(com.kms.katalon.core.testobject.ObjectRepository.findTestObject(Mes rapports Obj/EXECUTION/Berekende gegevens - looncode komt voor in), "id", "contains", "s2id_autogen", true): Modify property of object successfully

2018-08-22 11:12:20 - [MESSAGE][PASSED] - Modify property of object successfully

2018-08-22 11:12:20 - [TEST_STEP][PASSED] - Statement - myDonneeCalculees2 = com.kms.katalon.core.webui.keyword.WebUiBuiltInKeywords.modifyObjectProperty(com.kms.katalon.core.testobject.ObjectRepository.findTestObject(Mes rapports Obj/EXECUTION/Berekende gegevens - looncode komt voor in), "id", "contains", "s2id_autogen", true): Modify property of object successfully

2018-08-22 11:12:20 - [MESSAGE][PASSED] - Modify property of object successfully

2018-08-22 11:12:20 - [TEST_STEP][PASSED] - click: Object: 'Object Repository/Mes rapports Obj/EXECUTION/Berekende gegevens - looncode komt voor in' is clicked on

2018-08-22 11:12:22 - [MESSAGE][PASSED] - Object: 'Object Repository/Mes rapports Obj/EXECUTION/Berekende gegevens - looncode komt voor in' is clicked on

2018-08-22 11:12:22 - [TEST_STEP][PASSED] - Statement - myDonneeCalculees = new com.kms.katalon.core.testobject.TestObject(Select_donnee): null

2018-08-22 11:12:22 - [TEST_STEP][PASSED] - Statement - myDonneeCalculees.addProperty("xpath", EQUALS, "//div[@id='select2-drop']//ul[@class='select2-results']//li[@role='presentation']//div[contains(text(),'(alle looncodes)')]"): null

2018-08-22 11:12:22 - [TEST_STEP][PASSED] - click: Object: 'Select_donnee' is clicked on

2018-08-22 11:12:22 - [MESSAGE][PASSED] - Object: 'Select_donnee' is clicked on

2018-08-22 11:12:22 - [TEST_STEP][PASSED] - click: Object: 'Object Repository/Mes rapports Obj/SELECTION/Travailleur/Page_eBlox Reporting/New Test Object' is clicked on

2018-08-22 11:12:22 - [MESSAGE][PASSED] - Object: 'Object Repository/Mes rapports Obj/SELECTION/Travailleur/Page_eBlox Reporting/New Test Object' is clicked on

2018-08-22 11:12:22 - [TEST_STEP][PASSED] - click: Object: 'Object Repository/Mes rapports Obj/EXECUTION/Button executer' is clicked on

2018-08-22 11:12:22 - [MESSAGE][PASSED] - Object: 'Object Repository/Mes rapports Obj/EXECUTION/Button executer' is clicked on

2018-08-22 11:12:22 - [TEST_STEP][PASSED] - delay: Delayed 5 second(s)

2018-08-22 11:12:27 - [MESSAGE][PASSED] - Delayed 5 second(s)

2018-08-22 11:12:27 - [TEST_STEP][PASSED] - closeBrowser: Browser is closed

2018-08-22 11:12:28 - [MESSAGE][PASSED] - Browser is closed]]></system-out>
         <system-err><![CDATA[]]></system-err>
      </testcase>
      <testcase name="Test Cases/New Folder/TC10 BASED ON THE LIBRARY" classname="Test Cases/New Folder/TC10 BASED ON THE LIBRARY" status="PASSED">
         <system-out><![CDATA[2018-08-22 11:12:28 - [TEST_CASE][PASSED] - Test Cases/New Folder/TC10 BASED ON THE LIBRARY: Test Cases/New Folder/TC10 BASED ON THE LIBRARY

2018-08-22 11:12:28 - [TEST_STEP][PASSED] - callTestCase: Call Test Case 'Test Cases/Login/TC1 Login to Mysdworx' successfully

2018-08-22 11:12:28 - [TEST_CASE][PASSED] - Test Cases/Login/TC1 Login to Mysdworx: Test Cases/Login/TC1 Login to Mysdworx

2018-08-22 11:12:28 - [TEST_STEP][PASSED] - openBrowser: Browser is opened with url: ''

2018-08-22 11:12:30 - [MESSAGE][PASSED] - Browser is opened with url: ''

2018-08-22 11:12:30 - [TEST_STEP][PASSED] - navigateToUrl: Navigate to 'https://internet.acc.sd.dika.be/ebloxreporting/web.sensitive/main/?lang=fr' successfully

2018-08-22 11:12:35 - [MESSAGE][PASSED] - Navigate to 'https://internet.acc.sd.dika.be/ebloxreporting/web.sensitive/main/?lang=fr' successfully

2018-08-22 11:12:35 - [TEST_STEP][PASSED] - maximizeWindow: Current window maximized

2018-08-22 11:12:36 - [MESSAGE][PASSED] - Current window maximized

2018-08-22 11:12:36 - [TEST_STEP][PASSED] - setText: Text 'DP_EBLOX_RPP_VASCO' is set on object 'Object Repository/Page_mysdworx - Log in/input_Username'

2018-08-22 11:12:40 - [MESSAGE][PASSED] - Text 'DP_EBLOX_RPP_VASCO' is set on object 'Object Repository/Page_mysdworx - Log in/input_Username'

2018-08-22 11:12:40 - [TEST_STEP][PASSED] - Statement - frame = new javax.swing.JFrame(User Input Frame): null

2018-08-22 11:12:40 - [TEST_STEP][PASSED] - Statement - frame.requestFocus(): null

2018-08-22 11:12:40 - [TEST_STEP][PASSED] - Statement - pass = javax.swing.JOptionPane.showInputDialog(frame, "Enter the password from token!!"): null

2018-08-22 11:12:46 - [TEST_STEP][PASSED] - delay: Delayed 2 second(s)

2018-08-22 11:12:48 - [MESSAGE][PASSED] - Delayed 2 second(s)

2018-08-22 11:12:48 - [TEST_STEP][PASSED] - setText: Text '487774' is set on object 'Object Repository/Page_mysdworx - Log in/input_Password'

2018-08-22 11:12:48 - [MESSAGE][PASSED] - Text '487774' is set on object 'Object Repository/Page_mysdworx - Log in/input_Password'

2018-08-22 11:12:48 - [TEST_STEP][PASSED] - click: Object: 'Object Repository/Page_mysdworx - Log in/button_Se connecter' is clicked on

2018-08-22 11:12:48 - [MESSAGE][PASSED] - Object: 'Object Repository/Page_mysdworx - Log in/button_Se connecter' is clicked on

2018-08-22 11:12:48 - [TEST_STEP][PASSED] - waitForPageLoad: Wait for page load successfully

2018-08-22 11:12:48 - [MESSAGE][PASSED] - Wait for page load successfully

2018-08-22 11:12:48 - [TEST_STEP][NOT_RUN] - closeBrowser: NOT_RUN: closeBrowser

2018-08-22 11:12:48 - [MESSAGE][NOT_RUN] - NOT_RUN: closeBrowser

2018-08-22 11:12:48 - [MESSAGE][PASSED] - Call Test Case 'Test Cases/Login/TC1 Login to Mysdworx' successfully

2018-08-22 11:12:48 - [TEST_STEP][PASSED] - waitForPageLoad: Wait for page load successfully

2018-08-22 11:12:48 - [MESSAGE][PASSED] - Wait for page load successfully

2018-08-22 11:12:48 - [TEST_STEP][PASSED] - callTestCase: Call Test Case 'Test Cases/Select Language/TC1 Verify NL language' successfully

2018-08-22 11:12:48 - [TEST_CASE][PASSED] - Test Cases/Select Language/TC1 Verify NL language: Test Cases/Select Language/TC1 Verify NL language

2018-08-22 11:12:48 - [TEST_STEP][PASSED] - waitForElementClickable: Object 'Object Repository/Change language link Obj/NL_language' is clickable

2018-08-22 11:13:09 - [MESSAGE][PASSED] - Object 'Object Repository/Change language link Obj/NL_language' is clickable

2018-08-22 11:13:09 - [TEST_STEP][PASSED] - click: Object: 'Object Repository/Change language link Obj/NL_language' is clicked on

2018-08-22 11:13:14 - [MESSAGE][PASSED] - Object: 'Object Repository/Change language link Obj/NL_language' is clicked on

2018-08-22 11:13:14 - [TEST_STEP][PASSED] - waitForPageLoad: Wait for page load successfully

2018-08-22 11:13:14 - [MESSAGE][PASSED] - Wait for page load successfully

2018-08-22 11:13:14 - [MESSAGE][PASSED] - Call Test Case 'Test Cases/Select Language/TC1 Verify NL language' successfully

2018-08-22 11:13:14 - [TEST_STEP][PASSED] - waitForPageLoad: Wait for page load successfully

2018-08-22 11:13:15 - [MESSAGE][PASSED] - Wait for page load successfully

2018-08-22 11:13:15 - [TEST_STEP][PASSED] - callTestCase: Call Test Case 'Test Cases/Mes rapports/Verify Nouveau rapport button' successfully

2018-08-22 11:13:15 - [TEST_CASE][PASSED] - Test Cases/Mes rapports/Verify Nouveau rapport button: Test Cases/Mes rapports/Verify Nouveau rapport button

2018-08-22 11:13:15 - [TEST_STEP][PASSED] - click: Object: 'Object Repository/Mes rapports Obj/button_Nouveau rapport' is clicked on

2018-08-22 11:13:17 - [MESSAGE][PASSED] - Object: 'Object Repository/Mes rapports Obj/button_Nouveau rapport' is clicked on

2018-08-22 11:13:17 - [TEST_STEP][PASSED] - waitForPageLoad: Wait for page load successfully

2018-08-22 11:13:17 - [MESSAGE][PASSED] - Wait for page load successfully

2018-08-22 11:13:17 - [MESSAGE][PASSED] - Call Test Case 'Test Cases/Mes rapports/Verify Nouveau rapport button' successfully

2018-08-22 11:13:17 - [TEST_STEP][PASSED] - waitForPageLoad: Wait for page load successfully

2018-08-22 11:13:17 - [MESSAGE][PASSED] - Wait for page load successfully

2018-08-22 11:13:17 - [TEST_STEP][PASSED] - callTestCase: Call Test Case 'Test Cases/Mes rapports/Mes rapports - BASE DE RAPPORT/TC3  Verify radio button Baser sur un rapport de la Bibliotheque' successfully

2018-08-22 11:13:17 - [TEST_CASE][PASSED] - Test Cases/Mes rapports/Mes rapports - BASE DE RAPPORT/TC3  Verify radio button Baser sur un rapport de la Bibliotheque: Test Cases/Mes rapports/Mes rapports - BASE DE RAPPORT/TC3  Verify radio button Baser sur un rapport de la Bibliotheque

2018-08-22 11:13:18 - [TEST_STEP][PASSED] - click: Object: 'Object Repository/Mes rapports Obj/BASE DE RAPPORT/radioButton_Baser sur un rapport de la Bibliothque' is clicked on

2018-08-22 11:13:18 - [MESSAGE][PASSED] - Object: 'Object Repository/Mes rapports Obj/BASE DE RAPPORT/radioButton_Baser sur un rapport de la Bibliothque' is clicked on

2018-08-22 11:13:18 - [MESSAGE][PASSED] - Call Test Case 'Test Cases/Mes rapports/Mes rapports - BASE DE RAPPORT/TC3  Verify radio button Baser sur un rapport de la Bibliotheque' successfully

2018-08-22 11:13:18 - [TEST_STEP][PASSED] - click: Object: 'Object Repository/Mes rapports Obj/BASE DE RAPPORT/Bibliotheque dropdown' is clicked on

2018-08-22 11:13:18 - [MESSAGE][PASSED] - Object: 'Object Repository/Mes rapports Obj/BASE DE RAPPORT/Bibliotheque dropdown' is clicked on

2018-08-22 11:13:18 - [TEST_STEP][PASSED] - setText: Text 'test huidig jaar' is set on object 'Object Repository/Mes rapports Obj/BASE DE RAPPORT/Bibliotheque - dropdowm input'

2018-08-22 11:13:19 - [MESSAGE][PASSED] - Text 'test huidig jaar' is set on object 'Object Repository/Mes rapports Obj/BASE DE RAPPORT/Bibliotheque - dropdowm input'

2018-08-22 11:13:19 - [TEST_STEP][PASSED] - sendKeys: Keys 'ENTER + ' sent to object: 'Object Repository/Mes rapports Obj/BASE DE RAPPORT/Bibliotheque - dropdowm input'

2018-08-22 11:13:19 - [MESSAGE][PASSED] - Keys 'ENTER + ' sent to object: 'Object Repository/Mes rapports Obj/BASE DE RAPPORT/Bibliotheque - dropdowm input'

2018-08-22 11:13:19 - [TEST_STEP][PASSED] - delay: Delayed 1 second(s)

2018-08-22 11:13:20 - [MESSAGE][PASSED] - Delayed 1 second(s)

2018-08-22 11:13:20 - [TEST_STEP][PASSED] - callTestCase: Call Test Case 'Test Cases/Mes rapports/TC Verify the next button arrow' successfully

2018-08-22 11:13:20 - [TEST_CASE][PASSED] - Test Cases/Mes rapports/TC Verify the next button arrow: Test Cases/Mes rapports/TC Verify the next button arrow

2018-08-22 11:13:20 - [TEST_STEP][PASSED] - waitForElementClickable: Object 'Object Repository/Mes rapports Obj/button_Next_Arrow' is clickable

2018-08-22 11:13:20 - [MESSAGE][PASSED] - Object 'Object Repository/Mes rapports Obj/button_Next_Arrow' is clickable

2018-08-22 11:13:20 - [TEST_STEP][PASSED] - click: Object: 'Object Repository/Mes rapports Obj/button_Next_Arrow' is clicked on

2018-08-22 11:13:20 - [MESSAGE][PASSED] - Object: 'Object Repository/Mes rapports Obj/button_Next_Arrow' is clicked on

2018-08-22 11:13:20 - [TEST_STEP][PASSED] - delay: Delayed 5 second(s)

2018-08-22 11:13:25 - [MESSAGE][PASSED] - Delayed 5 second(s)

2018-08-22 11:13:25 - [MESSAGE][PASSED] - Call Test Case 'Test Cases/Mes rapports/TC Verify the next button arrow' successfully

2018-08-22 11:13:25 - [TEST_STEP][PASSED] - waitForPageLoad: Wait for page load successfully

2018-08-22 11:13:25 - [MESSAGE][PASSED] - Wait for page load successfully

2018-08-22 11:13:25 - [TEST_STEP][PASSED] - callTestCase: Call Test Case 'Test Cases/Mes rapports/Mes rapports - CONTENU/TC Verify input field INTERNAL' successfully

2018-08-22 11:13:25 - [TEST_CASE][PASSED] - Test Cases/Mes rapports/Mes rapports - CONTENU/TC Verify input field INTERNAL: Test Cases/Mes rapports/Mes rapports - CONTENU/TC Verify input field INTERNAL

2018-08-22 11:13:25 - [TEST_STEP][PASSED] - Statement - excelData = com.kms.katalon.core.testdata.TestDataFactory.findTestData(Data Files/Data/INTERNAL): Reading excel file with source file 'C:\Users\seeboruts\OneDrive - SD Worx\Desktop\test_DAta.xlsx' and sheet name 'INTERNAL'

2018-08-22 11:13:25 - [TEST_STEP][PASSED] - Statement - test = excelData.getRowNumbers(): null

2018-08-22 11:13:25 - [TEST_STEP][PASSED] - Statement - println("No of rows" + test): null

2018-08-22 11:13:25 - [TEST_STEP][PASSED] - Statement - For ([i = 1, i <= test, (i++)]): Object: 'Object Repository/Mes rapports Obj/CONTENU/click_Remove_text' is clicked on

2018-08-22 11:13:25 - [TEST_STEP][PASSED] - setText: Text 'Naam werknemer' is set on object 'Object Repository/Mes rapports Obj/CONTENU/input_Contenu_Selecteur'

2018-08-22 11:13:25 - [MESSAGE][PASSED] - Text 'Naam werknemer' is set on object 'Object Repository/Mes rapports Obj/CONTENU/input_Contenu_Selecteur'

2018-08-22 11:13:25 - [TEST_STEP][PASSED] - delay: Delayed 3 second(s)

2018-08-22 11:13:28 - [MESSAGE][PASSED] - Delayed 3 second(s)

2018-08-22 11:13:28 - [TEST_STEP][PASSED] - click: Object: 'Object Repository/Mes rapports Obj/CONTENU/Selecteur Obj NL/Naam werknemer' is clicked on

2018-08-22 11:13:29 - [MESSAGE][PASSED] - Object: 'Object Repository/Mes rapports Obj/CONTENU/Selecteur Obj NL/Naam werknemer' is clicked on

2018-08-22 11:13:29 - [TEST_STEP][PASSED] - delay: Delayed 3 second(s)

2018-08-22 11:13:32 - [MESSAGE][PASSED] - Delayed 3 second(s)

2018-08-22 11:13:32 - [TEST_STEP][PASSED] - click: Object: 'Object Repository/Mes rapports Obj/CONTENU/click_Remove_text' is clicked on

2018-08-22 11:13:32 - [MESSAGE][PASSED] - Object: 'Object Repository/Mes rapports Obj/CONTENU/click_Remove_text' is clicked on

2018-08-22 11:13:32 - [TEST_STEP][PASSED] - setText: Text 'Afdeling' is set on object 'Object Repository/Mes rapports Obj/CONTENU/input_Contenu_Selecteur'

2018-08-22 11:13:32 - [MESSAGE][PASSED] - Text 'Afdeling' is set on object 'Object Repository/Mes rapports Obj/CONTENU/input_Contenu_Selecteur'

2018-08-22 11:13:32 - [TEST_STEP][PASSED] - delay: Delayed 3 second(s)

2018-08-22 11:13:35 - [MESSAGE][PASSED] - Delayed 3 second(s)

2018-08-22 11:13:35 - [TEST_STEP][PASSED] - click: Object: 'Object Repository/Mes rapports Obj/CONTENU/Selecteur Obj NL/Afdeling' is clicked on

2018-08-22 11:13:35 - [MESSAGE][PASSED] - Object: 'Object Repository/Mes rapports Obj/CONTENU/Selecteur Obj NL/Afdeling' is clicked on

2018-08-22 11:13:35 - [TEST_STEP][PASSED] - delay: Delayed 3 second(s)

2018-08-22 11:13:38 - [MESSAGE][PASSED] - Delayed 3 second(s)

2018-08-22 11:13:38 - [TEST_STEP][PASSED] - click: Object: 'Object Repository/Mes rapports Obj/CONTENU/click_Remove_text' is clicked on

2018-08-22 11:13:38 - [MESSAGE][PASSED] - Object: 'Object Repository/Mes rapports Obj/CONTENU/click_Remove_text' is clicked on

2018-08-22 11:13:38 - [TEST_STEP][PASSED] - setText: Text 'Brutoloon' is set on object 'Object Repository/Mes rapports Obj/CONTENU/input_Contenu_Selecteur'

2018-08-22 11:13:39 - [MESSAGE][PASSED] - Text 'Brutoloon' is set on object 'Object Repository/Mes rapports Obj/CONTENU/input_Contenu_Selecteur'

2018-08-22 11:13:39 - [TEST_STEP][PASSED] - delay: Delayed 3 second(s)

2018-08-22 11:13:42 - [MESSAGE][PASSED] - Delayed 3 second(s)

2018-08-22 11:13:42 - [TEST_STEP][PASSED] - click: Object: 'Object Repository/Mes rapports Obj/CONTENU/Selecteur Obj NL/Brutoloon' is clicked on

2018-08-22 11:13:42 - [MESSAGE][PASSED] - Object: 'Object Repository/Mes rapports Obj/CONTENU/Selecteur Obj NL/Brutoloon' is clicked on

2018-08-22 11:13:42 - [TEST_STEP][PASSED] - delay: Delayed 3 second(s)

2018-08-22 11:13:45 - [MESSAGE][PASSED] - Delayed 3 second(s)

2018-08-22 11:13:45 - [TEST_STEP][PASSED] - click: Object: 'Object Repository/Mes rapports Obj/CONTENU/click_Remove_text' is clicked on

2018-08-22 11:13:45 - [MESSAGE][PASSED] - Object: 'Object Repository/Mes rapports Obj/CONTENU/click_Remove_text' is clicked on

2018-08-22 11:13:45 - [MESSAGE][PASSED] - Call Test Case 'Test Cases/Mes rapports/Mes rapports - CONTENU/TC Verify input field INTERNAL' successfully

2018-08-22 11:13:45 - [TEST_STEP][PASSED] - callTestCase: Call Test Case 'Test Cases/Verify URL/TC Verify Url' successfully

2018-08-22 11:13:45 - [TEST_CASE][PASSED] - Test Cases/Verify URL/TC Verify Url: Test Cases/Verify URL/TC Verify Url

2018-08-22 11:13:45 - [TEST_STEP][PASSED] - waitForPageLoad: Wait for page load successfully

2018-08-22 11:13:45 - [MESSAGE][PASSED] - Wait for page load successfully

2018-08-22 11:13:45 - [TEST_STEP][PASSED] - Statement - url = com.kms.katalon.core.webui.keyword.WebUiBuiltInKeywords.getUrl(): Current window's url is: 'https://internet.acc.sd.dika.be/ebloxreporting/web.sensitive/main/FpyDF/iIz9g8MffKNXfNyb1H/NL/#/definitie/wizard/extern/index/28205/inhoud'

2018-08-22 11:13:45 - [MESSAGE][PASSED] - Current window's url is: 'https://internet.acc.sd.dika.be/ebloxreporting/web.sensitive/main/FpyDF/iIz9g8MffKNXfNyb1H/NL/#/definitie/wizard/extern/index/28205/inhoud'

2018-08-22 11:13:45 - [TEST_STEP][PASSED] - Statement - p = java.util.regex.Pattern.compile("00040 ANTILOPE GROEP"): null

2018-08-22 11:13:45 - [TEST_STEP][PASSED] - Statement - m = p.matcher(url): null

2018-08-22 11:13:45 - [TEST_STEP][PASSED] - Statement - If (m.find()): null

2018-08-22 11:13:45 - [TEST_STEP][PASSED] - Statement - Else: The user name and the concern number are not present in the URL

2018-08-22 11:13:45 - [TEST_STEP][PASSED] - Statement - com.kms.katalon.core.util.KeywordUtil.markPassed("The user name and the concern number are not present in the URL"): The user name and the concern number are not present in the URL

2018-08-22 11:13:45 - [MESSAGE][PASSED] - The user name and the concern number are not present in the URL

2018-08-22 11:13:45 - [MESSAGE][PASSED] - Call Test Case 'Test Cases/Verify URL/TC Verify Url' successfully

2018-08-22 11:13:45 - [TEST_STEP][PASSED] - callTestCase: Call Test Case 'Test Cases/Mes rapports/TC Verify the next button arrow' successfully

2018-08-22 11:13:45 - [TEST_CASE][PASSED] - Test Cases/Mes rapports/TC Verify the next button arrow: Test Cases/Mes rapports/TC Verify the next button arrow

2018-08-22 11:13:45 - [TEST_STEP][PASSED] - waitForElementClickable: Object 'Object Repository/Mes rapports Obj/button_Next_Arrow' is clickable

2018-08-22 11:13:45 - [MESSAGE][PASSED] - Object 'Object Repository/Mes rapports Obj/button_Next_Arrow' is clickable

2018-08-22 11:13:45 - [TEST_STEP][PASSED] - click: Object: 'Object Repository/Mes rapports Obj/button_Next_Arrow' is clicked on

2018-08-22 11:13:45 - [MESSAGE][PASSED] - Object: 'Object Repository/Mes rapports Obj/button_Next_Arrow' is clicked on

2018-08-22 11:13:45 - [TEST_STEP][PASSED] - delay: Delayed 5 second(s)

2018-08-22 11:13:50 - [MESSAGE][PASSED] - Delayed 5 second(s)

2018-08-22 11:13:50 - [MESSAGE][PASSED] - Call Test Case 'Test Cases/Mes rapports/TC Verify the next button arrow' successfully

2018-08-22 11:13:50 - [TEST_STEP][PASSED] - waitForPageLoad: Wait for page load successfully

2018-08-22 11:13:50 - [MESSAGE][PASSED] - Wait for page load successfully

2018-08-22 11:13:50 - [TEST_STEP][PASSED] - callTestCase: Call Test Case 'Test Cases/Mes rapports/Mes rapports - SELECTION/Verify if checkbox is unchecked/TC 10 Deselect all checkbox' successfully

2018-08-22 11:13:50 - [TEST_CASE][PASSED] - Test Cases/Mes rapports/Mes rapports - SELECTION/Verify if checkbox is unchecked/TC 10 Deselect all checkbox: Test Cases/Mes rapports/Mes rapports - SELECTION/Verify if checkbox is unchecked/TC 10 Deselect all checkbox

2018-08-22 11:13:50 - [TEST_STEP][PASSED] - callTestCase: Call Test Case 'Test Cases/Mes rapports/Mes rapports - SELECTION/Verify if checkbox is unchecked/TC 1 Verify Contrats actifs checkbox  is un-checked' successfully

2018-08-22 11:13:50 - [TEST_CASE][PASSED] - Test Cases/Mes rapports/Mes rapports - SELECTION/Verify if checkbox is unchecked/TC 1 Verify Contrats actifs checkbox  is un-checked: Test Cases/Mes rapports/Mes rapports - SELECTION/Verify if checkbox is unchecked/TC 1 Verify Contrats actifs checkbox  is un-checked

2018-08-22 11:13:50 - [TEST_STEP][PASSED] - uncheck: Object 'Object Repository/Mes rapports Obj/SELECTION/Contrats actifs checkBox' is un-checked

2018-08-22 11:13:50 - [MESSAGE][PASSED] - Object 'Object Repository/Mes rapports Obj/SELECTION/Contrats actifs checkBox' is un-checked

2018-08-22 11:13:50 - [MESSAGE][PASSED] - Call Test Case 'Test Cases/Mes rapports/Mes rapports - SELECTION/Verify if checkbox is unchecked/TC 1 Verify Contrats actifs checkbox  is un-checked' successfully

2018-08-22 11:13:50 - [TEST_STEP][PASSED] - callTestCase: Call Test Case 'Test Cases/Mes rapports/Mes rapports - SELECTION/Verify if checkbox is unchecked/TC 2 VErify Dossier and Groupe checkBox  is un-checked' successfully

2018-08-22 11:13:51 - [TEST_CASE][PASSED] - Test Cases/Mes rapports/Mes rapports - SELECTION/Verify if checkbox is unchecked/TC 2 VErify Dossier and Groupe checkBox  is un-checked: Test Cases/Mes rapports/Mes rapports - SELECTION/Verify if checkbox is unchecked/TC 2 VErify Dossier and Groupe checkBox  is un-checked

2018-08-22 11:13:51 - [TEST_STEP][PASSED] - uncheck: Object 'Object Repository/Mes rapports Obj/SELECTION/Dossier and Groupe checkbox' is un-checked

2018-08-22 11:13:51 - [MESSAGE][PASSED] - Object 'Object Repository/Mes rapports Obj/SELECTION/Dossier and Groupe checkbox' is un-checked

2018-08-22 11:13:51 - [MESSAGE][PASSED] - Call Test Case 'Test Cases/Mes rapports/Mes rapports - SELECTION/Verify if checkbox is unchecked/TC 2 VErify Dossier and Groupe checkBox  is un-checked' successfully

2018-08-22 11:13:51 - [TEST_STEP][PASSED] - callTestCase: Call Test Case 'Test Cases/Mes rapports/Mes rapports - SELECTION/Verify if checkbox is unchecked/TC 3 Verify Travailleur checkBox  is un-checked' successfully

2018-08-22 11:13:51 - [TEST_CASE][PASSED] - Test Cases/Mes rapports/Mes rapports - SELECTION/Verify if checkbox is unchecked/TC 3 Verify Travailleur checkBox  is un-checked: Test Cases/Mes rapports/Mes rapports - SELECTION/Verify if checkbox is unchecked/TC 3 Verify Travailleur checkBox  is un-checked

2018-08-22 11:13:51 - [TEST_STEP][PASSED] - uncheck: Object 'Object Repository/Mes rapports Obj/SELECTION/Travailleur checkbox' is un-checked

2018-08-22 11:13:51 - [MESSAGE][PASSED] - Object 'Object Repository/Mes rapports Obj/SELECTION/Travailleur checkbox' is un-checked

2018-08-22 11:13:51 - [MESSAGE][PASSED] - Call Test Case 'Test Cases/Mes rapports/Mes rapports - SELECTION/Verify if checkbox is unchecked/TC 3 Verify Travailleur checkBox  is un-checked' successfully

2018-08-22 11:13:51 - [TEST_STEP][PASSED] - callTestCase: Call Test Case 'Test Cases/Mes rapports/Mes rapports - SELECTION/Verify if checkbox is unchecked/TC 4 Verify Departement checkBox  is un-checked' successfully

2018-08-22 11:13:51 - [TEST_CASE][PASSED] - Test Cases/Mes rapports/Mes rapports - SELECTION/Verify if checkbox is unchecked/TC 4 Verify Departement checkBox  is un-checked: Test Cases/Mes rapports/Mes rapports - SELECTION/Verify if checkbox is unchecked/TC 4 Verify Departement checkBox  is un-checked

2018-08-22 11:13:51 - [TEST_STEP][PASSED] - uncheck: Object 'Object Repository/Mes rapports Obj/SELECTION/Departement checkbox' is un-checked

2018-08-22 11:13:51 - [MESSAGE][PASSED] - Object 'Object Repository/Mes rapports Obj/SELECTION/Departement checkbox' is un-checked

2018-08-22 11:13:51 - [MESSAGE][PASSED] - Call Test Case 'Test Cases/Mes rapports/Mes rapports - SELECTION/Verify if checkbox is unchecked/TC 4 Verify Departement checkBox  is un-checked' successfully

2018-08-22 11:13:51 - [TEST_STEP][PASSED] - callTestCase: Call Test Case 'Test Cases/Mes rapports/Mes rapports - SELECTION/Verify if checkbox is unchecked/TC 5 Verify Caractere juridique du contract checBox  is un-checked' successfully

2018-08-22 11:13:51 - [TEST_CASE][PASSED] - Test Cases/Mes rapports/Mes rapports - SELECTION/Verify if checkbox is unchecked/TC 5 Verify Caractere juridique du contract checBox  is un-checked: Test Cases/Mes rapports/Mes rapports - SELECTION/Verify if checkbox is unchecked/TC 5 Verify Caractere juridique du contract checBox  is un-checked

2018-08-22 11:13:51 - [TEST_STEP][PASSED] - uncheck: Object 'Object Repository/Mes rapports Obj/SELECTION/Caractere juridique de contrat' is un-checked

2018-08-22 11:13:51 - [MESSAGE][PASSED] - Object 'Object Repository/Mes rapports Obj/SELECTION/Caractere juridique de contrat' is un-checked

2018-08-22 11:13:51 - [MESSAGE][PASSED] - Call Test Case 'Test Cases/Mes rapports/Mes rapports - SELECTION/Verify if checkbox is unchecked/TC 5 Verify Caractere juridique du contract checBox  is un-checked' successfully

2018-08-22 11:13:51 - [TEST_STEP][PASSED] - callTestCase: Call Test Case 'Test Cases/Mes rapports/Mes rapports - SELECTION/Verify if checkbox is unchecked/TC 6 Verify Pays de naissance checkBox  is un-checked' successfully

2018-08-22 11:13:51 - [TEST_CASE][PASSED] - Test Cases/Mes rapports/Mes rapports - SELECTION/Verify if checkbox is unchecked/TC 6 Verify Pays de naissance checkBox  is un-checked: Test Cases/Mes rapports/Mes rapports - SELECTION/Verify if checkbox is unchecked/TC 6 Verify Pays de naissance checkBox  is un-checked

2018-08-22 11:13:51 - [TEST_STEP][PASSED] - uncheck: Object 'Object Repository/Mes rapports Obj/SELECTION/Pays de naisssance checkbox' is un-checked

2018-08-22 11:13:51 - [MESSAGE][PASSED] - Object 'Object Repository/Mes rapports Obj/SELECTION/Pays de naisssance checkbox' is un-checked

2018-08-22 11:13:51 - [MESSAGE][PASSED] - Call Test Case 'Test Cases/Mes rapports/Mes rapports - SELECTION/Verify if checkbox is unchecked/TC 6 Verify Pays de naissance checkBox  is un-checked' successfully

2018-08-22 11:13:51 - [TEST_STEP][PASSED] - callTestCase: Call Test Case 'Test Cases/Mes rapports/Mes rapports - SELECTION/Verify if checkbox is unchecked/TC 7 Verify Sexe checkBox  is un-checked' successfully

2018-08-22 11:13:51 - [TEST_CASE][PASSED] - Test Cases/Mes rapports/Mes rapports - SELECTION/Verify if checkbox is unchecked/TC 7 Verify Sexe checkBox  is un-checked: Test Cases/Mes rapports/Mes rapports - SELECTION/Verify if checkbox is unchecked/TC 7 Verify Sexe checkBox  is un-checked

2018-08-22 11:13:51 - [TEST_STEP][PASSED] - uncheck: Object 'Object Repository/Mes rapports Obj/SELECTION/Sexe checkbox' is un-checked

2018-08-22 11:13:51 - [MESSAGE][PASSED] - Object 'Object Repository/Mes rapports Obj/SELECTION/Sexe checkbox' is un-checked

2018-08-22 11:13:51 - [MESSAGE][PASSED] - Call Test Case 'Test Cases/Mes rapports/Mes rapports - SELECTION/Verify if checkbox is unchecked/TC 7 Verify Sexe checkBox  is un-checked' successfully

2018-08-22 11:13:51 - [TEST_STEP][PASSED] - callTestCase: Call Test Case 'Test Cases/Mes rapports/Mes rapports - SELECTION/Verify if checkbox is unchecked/TC 8 Verify Mode de remuneration checkBox  is un-checked' successfully

2018-08-22 11:13:51 - [TEST_CASE][PASSED] - Test Cases/Mes rapports/Mes rapports - SELECTION/Verify if checkbox is unchecked/TC 8 Verify Mode de remuneration checkBox  is un-checked: Test Cases/Mes rapports/Mes rapports - SELECTION/Verify if checkbox is unchecked/TC 8 Verify Mode de remuneration checkBox  is un-checked

2018-08-22 11:13:51 - [TEST_STEP][PASSED] - uncheck: Object 'Object Repository/Mes rapports Obj/SELECTION/Mode de remuneration checkbox' is un-checked

2018-08-22 11:13:51 - [MESSAGE][PASSED] - Object 'Object Repository/Mes rapports Obj/SELECTION/Mode de remuneration checkbox' is un-checked

2018-08-22 11:13:51 - [MESSAGE][PASSED] - Call Test Case 'Test Cases/Mes rapports/Mes rapports - SELECTION/Verify if checkbox is unchecked/TC 8 Verify Mode de remuneration checkBox  is un-checked' successfully

2018-08-22 11:13:51 - [TEST_STEP][PASSED] - callTestCase: Call Test Case 'Test Cases/Mes rapports/Mes rapports - SELECTION/Verify if checkbox is unchecked/TC 9 Verify Suspension checkBox  is un-checked' successfully

2018-08-22 11:13:51 - [TEST_CASE][PASSED] - Test Cases/Mes rapports/Mes rapports - SELECTION/Verify if checkbox is unchecked/TC 9 Verify Suspension checkBox  is un-checked: Test Cases/Mes rapports/Mes rapports - SELECTION/Verify if checkbox is unchecked/TC 9 Verify Suspension checkBox  is un-checked

2018-08-22 11:13:51 - [TEST_STEP][PASSED] - uncheck: Object 'Object Repository/Mes rapports Obj/SELECTION/Suspension checkbox' is un-checked

2018-08-22 11:13:51 - [MESSAGE][PASSED] - Object 'Object Repository/Mes rapports Obj/SELECTION/Suspension checkbox' is un-checked

2018-08-22 11:13:51 - [MESSAGE][PASSED] - Call Test Case 'Test Cases/Mes rapports/Mes rapports - SELECTION/Verify if checkbox is unchecked/TC 9 Verify Suspension checkBox  is un-checked' successfully

2018-08-22 11:13:51 - [MESSAGE][PASSED] - Call Test Case 'Test Cases/Mes rapports/Mes rapports - SELECTION/Verify if checkbox is unchecked/TC 10 Deselect all checkbox' successfully

2018-08-22 11:13:51 - [TEST_STEP][PASSED] - callTestCase: Call Test Case 'Test Cases/Verify URL/TC Verify Url' successfully

2018-08-22 11:13:51 - [TEST_CASE][PASSED] - Test Cases/Verify URL/TC Verify Url: Test Cases/Verify URL/TC Verify Url

2018-08-22 11:13:51 - [TEST_STEP][PASSED] - waitForPageLoad: Wait for page load successfully

2018-08-22 11:13:51 - [MESSAGE][PASSED] - Wait for page load successfully

2018-08-22 11:13:51 - [TEST_STEP][PASSED] - Statement - url = com.kms.katalon.core.webui.keyword.WebUiBuiltInKeywords.getUrl(): Current window's url is: 'https://internet.acc.sd.dika.be/ebloxreporting/web.sensitive/main/FpyDF/iIz9g8MffKNXfNyb1H/NL/#/definitie/wizard/extern/index/28205/selectie'

2018-08-22 11:13:51 - [MESSAGE][PASSED] - Current window's url is: 'https://internet.acc.sd.dika.be/ebloxreporting/web.sensitive/main/FpyDF/iIz9g8MffKNXfNyb1H/NL/#/definitie/wizard/extern/index/28205/selectie'

2018-08-22 11:13:51 - [TEST_STEP][PASSED] - Statement - p = java.util.regex.Pattern.compile("00040 ANTILOPE GROEP"): null

2018-08-22 11:13:51 - [TEST_STEP][PASSED] - Statement - m = p.matcher(url): null

2018-08-22 11:13:51 - [TEST_STEP][PASSED] - Statement - If (m.find()): null

2018-08-22 11:13:51 - [TEST_STEP][PASSED] - Statement - Else: The user name and the concern number are not present in the URL

2018-08-22 11:13:51 - [TEST_STEP][PASSED] - Statement - com.kms.katalon.core.util.KeywordUtil.markPassed("The user name and the concern number are not present in the URL"): The user name and the concern number are not present in the URL

2018-08-22 11:13:51 - [MESSAGE][PASSED] - The user name and the concern number are not present in the URL

2018-08-22 11:13:51 - [MESSAGE][PASSED] - Call Test Case 'Test Cases/Verify URL/TC Verify Url' successfully

2018-08-22 11:13:51 - [TEST_STEP][PASSED] - waitForPageLoad: Wait for page load successfully

2018-08-22 11:13:51 - [MESSAGE][PASSED] - Wait for page load successfully

2018-08-22 11:13:51 - [TEST_STEP][PASSED] - callTestCase: Call Test Case 'Test Cases/Mes rapports/TC Verify the next button arrow' successfully

2018-08-22 11:13:52 - [TEST_CASE][PASSED] - Test Cases/Mes rapports/TC Verify the next button arrow: Test Cases/Mes rapports/TC Verify the next button arrow

2018-08-22 11:13:52 - [TEST_STEP][PASSED] - waitForElementClickable: Object 'Object Repository/Mes rapports Obj/button_Next_Arrow' is clickable

2018-08-22 11:13:52 - [MESSAGE][PASSED] - Object 'Object Repository/Mes rapports Obj/button_Next_Arrow' is clickable

2018-08-22 11:13:52 - [TEST_STEP][PASSED] - click: Object: 'Object Repository/Mes rapports Obj/button_Next_Arrow' is clicked on

2018-08-22 11:13:52 - [MESSAGE][PASSED] - Object: 'Object Repository/Mes rapports Obj/button_Next_Arrow' is clicked on

2018-08-22 11:13:52 - [TEST_STEP][PASSED] - delay: Delayed 5 second(s)

2018-08-22 11:13:57 - [MESSAGE][PASSED] - Delayed 5 second(s)

2018-08-22 11:13:57 - [MESSAGE][PASSED] - Call Test Case 'Test Cases/Mes rapports/TC Verify the next button arrow' successfully

2018-08-22 11:13:57 - [TEST_STEP][PASSED] - click: Object: 'Object Repository/Mes rapports Obj/EXECUTION/Button executer' is clicked on

2018-08-22 11:13:57 - [MESSAGE][PASSED] - Object: 'Object Repository/Mes rapports Obj/EXECUTION/Button executer' is clicked on

2018-08-22 11:13:57 - [TEST_STEP][PASSED] - closeBrowser: Browser is closed

2018-08-22 11:13:57 - [MESSAGE][PASSED] - Browser is closed]]></system-out>
         <system-err><![CDATA[]]></system-err>
      </testcase>
      <testcase name="Test Cases/New Folder/TC12 NEGATIVE VALUES" classname="Test Cases/New Folder/TC12 NEGATIVE VALUES" status="PASSED">
         <system-out><![CDATA[2018-08-22 11:13:57 - [TEST_CASE][PASSED] - Test Cases/New Folder/TC12 NEGATIVE VALUES: Test Cases/New Folder/TC12 NEGATIVE VALUES

2018-08-22 11:13:58 - [TEST_STEP][PASSED] - callTestCase: Call Test Case 'Test Cases/Login/TC1 Login to Mysdworx' successfully

2018-08-22 11:13:58 - [TEST_CASE][PASSED] - Test Cases/Login/TC1 Login to Mysdworx: Test Cases/Login/TC1 Login to Mysdworx

2018-08-22 11:13:58 - [TEST_STEP][PASSED] - openBrowser: Browser is opened with url: ''

2018-08-22 11:14:00 - [MESSAGE][PASSED] - Browser is opened with url: ''

2018-08-22 11:14:00 - [TEST_STEP][PASSED] - navigateToUrl: Navigate to 'https://internet.acc.sd.dika.be/ebloxreporting/web.sensitive/main/?lang=fr' successfully

2018-08-22 11:14:05 - [MESSAGE][PASSED] - Navigate to 'https://internet.acc.sd.dika.be/ebloxreporting/web.sensitive/main/?lang=fr' successfully

2018-08-22 11:14:05 - [TEST_STEP][PASSED] - maximizeWindow: Current window maximized

2018-08-22 11:14:06 - [MESSAGE][PASSED] - Current window maximized

2018-08-22 11:14:06 - [TEST_STEP][PASSED] - setText: Text 'DP_EBLOX_RPP_VASCO' is set on object 'Object Repository/Page_mysdworx - Log in/input_Username'

2018-08-22 11:14:09 - [MESSAGE][PASSED] - Text 'DP_EBLOX_RPP_VASCO' is set on object 'Object Repository/Page_mysdworx - Log in/input_Username'

2018-08-22 11:14:09 - [TEST_STEP][PASSED] - Statement - frame = new javax.swing.JFrame(User Input Frame): null

2018-08-22 11:14:09 - [TEST_STEP][PASSED] - Statement - frame.requestFocus(): null

2018-08-22 11:14:09 - [TEST_STEP][PASSED] - Statement - pass = javax.swing.JOptionPane.showInputDialog(frame, "Enter the password from token!!"): null

2018-08-22 11:14:20 - [TEST_STEP][PASSED] - delay: Delayed 2 second(s)

2018-08-22 11:14:22 - [MESSAGE][PASSED] - Delayed 2 second(s)

2018-08-22 11:14:22 - [TEST_STEP][PASSED] - setText: Text '539594' is set on object 'Object Repository/Page_mysdworx - Log in/input_Password'

2018-08-22 11:14:22 - [MESSAGE][PASSED] - Text '539594' is set on object 'Object Repository/Page_mysdworx - Log in/input_Password'

2018-08-22 11:14:22 - [TEST_STEP][PASSED] - click: Object: 'Object Repository/Page_mysdworx - Log in/button_Se connecter' is clicked on

2018-08-22 11:14:22 - [MESSAGE][PASSED] - Object: 'Object Repository/Page_mysdworx - Log in/button_Se connecter' is clicked on

2018-08-22 11:14:22 - [TEST_STEP][PASSED] - waitForPageLoad: Wait for page load successfully

2018-08-22 11:14:22 - [MESSAGE][PASSED] - Wait for page load successfully

2018-08-22 11:14:22 - [TEST_STEP][NOT_RUN] - closeBrowser: NOT_RUN: closeBrowser

2018-08-22 11:14:22 - [MESSAGE][NOT_RUN] - NOT_RUN: closeBrowser

2018-08-22 11:14:22 - [MESSAGE][PASSED] - Call Test Case 'Test Cases/Login/TC1 Login to Mysdworx' successfully

2018-08-22 11:14:22 - [TEST_STEP][PASSED] - waitForPageLoad: Wait for page load successfully

2018-08-22 11:14:22 - [MESSAGE][PASSED] - Wait for page load successfully

2018-08-22 11:14:22 - [TEST_STEP][PASSED] - callTestCase: Call Test Case 'Test Cases/Select Language/TC1 Verify NL language' successfully

2018-08-22 11:14:22 - [TEST_CASE][PASSED] - Test Cases/Select Language/TC1 Verify NL language: Test Cases/Select Language/TC1 Verify NL language

2018-08-22 11:14:22 - [TEST_STEP][PASSED] - waitForElementClickable: Object 'Object Repository/Change language link Obj/NL_language' is clickable

2018-08-22 11:14:43 - [MESSAGE][PASSED] - Object 'Object Repository/Change language link Obj/NL_language' is clickable

2018-08-22 11:14:43 - [TEST_STEP][PASSED] - click: Object: 'Object Repository/Change language link Obj/NL_language' is clicked on

2018-08-22 11:14:48 - [MESSAGE][PASSED] - Object: 'Object Repository/Change language link Obj/NL_language' is clicked on

2018-08-22 11:14:48 - [TEST_STEP][PASSED] - waitForPageLoad: Wait for page load successfully

2018-08-22 11:14:48 - [MESSAGE][PASSED] - Wait for page load successfully

2018-08-22 11:14:48 - [MESSAGE][PASSED] - Call Test Case 'Test Cases/Select Language/TC1 Verify NL language' successfully

2018-08-22 11:14:48 - [TEST_STEP][PASSED] - waitForPageLoad: Wait for page load successfully

2018-08-22 11:14:48 - [MESSAGE][PASSED] - Wait for page load successfully

2018-08-22 11:14:48 - [TEST_STEP][PASSED] - setText: Text 'REG NEGATIEF' is set on object 'Object Repository/Mes rapports Obj/input search filter'

2018-08-22 11:14:51 - [MESSAGE][PASSED] - Text 'REG NEGATIEF' is set on object 'Object Repository/Mes rapports Obj/input search filter'

2018-08-22 11:14:51 - [TEST_STEP][PASSED] - click: Object: 'Object Repository/Page_eBlox Reporting/Search_Icon' is clicked on

2018-08-22 11:14:51 - [MESSAGE][PASSED] - Object: 'Object Repository/Page_eBlox Reporting/Search_Icon' is clicked on

2018-08-22 11:14:51 - [TEST_STEP][PASSED] - Statement - myTestObject = new com.kms.katalon.core.testobject.TestObject(Select_report_NEGATIEF): null

2018-08-22 11:14:51 - [TEST_STEP][PASSED] - Statement - myTestObject.addProperty("xpath", EQUALS, "//a[@ui-sref='uitvoering.index({id:item.id})']//span[@text='REG NEGATIEF']"): null

2018-08-22 11:14:51 - [TEST_STEP][PASSED] - click: Object: 'Select_report_NEGATIEF' is clicked on

2018-08-22 11:14:52 - [MESSAGE][PASSED] - Object: 'Select_report_NEGATIEF' is clicked on

2018-08-22 11:14:52 - [TEST_STEP][PASSED] - waitForPageLoad: Wait for page load successfully

2018-08-22 11:14:52 - [MESSAGE][PASSED] - Wait for page load successfully

2018-08-22 11:14:52 - [TEST_STEP][PASSED] - delay: Delayed 2 second(s)

2018-08-22 11:14:54 - [MESSAGE][PASSED] - Delayed 2 second(s)

2018-08-22 11:14:54 - [TEST_STEP][PASSED] - Statement - historic = com.kms.katalon.core.webui.keyword.WebUiBuiltInKeywords.modifyObjectProperty(com.kms.katalon.core.testobject.ObjectRepository.findTestObject(Mes rapports Obj/EXECUTION/Description _Date de reference historique), "xpath", "contains", "//*[@id="uitvoering-parameters"]/div/div[2]/div/div/table/tbody/tr[2]/td[2]/div/div/rapp-date-prompt/div/div/rapp-special-values/div/button", true): Modify property of object successfully

2018-08-22 11:14:54 - [MESSAGE][PASSED] - Modify property of object successfully

2018-08-22 11:14:54 - [TEST_STEP][PASSED] - click: Object: 'Object Repository/Mes rapports Obj/EXECUTION/Description _Date de reference historique' is clicked on

2018-08-22 11:14:54 - [MESSAGE][PASSED] - Object: 'Object Repository/Mes rapports Obj/EXECUTION/Description _Date de reference historique' is clicked on

2018-08-22 11:14:54 - [TEST_STEP][PASSED] - delay: Delayed 2 second(s)

2018-08-22 11:14:56 - [MESSAGE][PASSED] - Delayed 2 second(s)

2018-08-22 11:14:56 - [TEST_STEP][PASSED] - click: Object: 'Object Repository/Mes rapports Obj/EXECUTION/Aujourdhui - Vandaag' is clicked on

2018-08-22 11:14:56 - [MESSAGE][PASSED] - Object: 'Object Repository/Mes rapports Obj/EXECUTION/Aujourdhui - Vandaag' is clicked on

2018-08-22 11:14:56 - [TEST_STEP][PASSED] - click: Object: 'Object Repository/Mes rapports Obj/EXECUTION/Button executer' is clicked on

2018-08-22 11:14:56 - [MESSAGE][PASSED] - Object: 'Object Repository/Mes rapports Obj/EXECUTION/Button executer' is clicked on

2018-08-22 11:14:56 - [TEST_STEP][PASSED] - waitForPageLoad: Wait for page load successfully

2018-08-22 11:14:56 - [MESSAGE][PASSED] - Wait for page load successfully

2018-08-22 11:14:56 - [TEST_STEP][PASSED] - delay: Delayed 10 second(s)

2018-08-22 11:15:06 - [MESSAGE][PASSED] - Delayed 10 second(s)

2018-08-22 11:15:06 - [TEST_STEP][PASSED] - closeBrowser: Browser is closed

2018-08-22 11:15:07 - [MESSAGE][PASSED] - Browser is closed]]></system-out>
         <system-err><![CDATA[]]></system-err>
      </testcase>
      <testcase name="Test Cases/New Folder/TC13 DIVIDED BY 0" classname="Test Cases/New Folder/TC13 DIVIDED BY 0" status="PASSED">
         <system-out><![CDATA[2018-08-22 11:15:07 - [TEST_CASE][PASSED] - Test Cases/New Folder/TC13 DIVIDED BY 0: Test Cases/New Folder/TC13 DIVIDED BY 0

2018-08-22 11:15:07 - [TEST_STEP][PASSED] - callTestCase: Call Test Case 'Test Cases/Login/TC1 Login to Mysdworx' successfully

2018-08-22 11:15:07 - [TEST_CASE][PASSED] - Test Cases/Login/TC1 Login to Mysdworx: Test Cases/Login/TC1 Login to Mysdworx

2018-08-22 11:15:07 - [TEST_STEP][PASSED] - openBrowser: Browser is opened with url: ''

2018-08-22 11:15:09 - [MESSAGE][PASSED] - Browser is opened with url: ''

2018-08-22 11:15:09 - [TEST_STEP][PASSED] - navigateToUrl: Navigate to 'https://internet.acc.sd.dika.be/ebloxreporting/web.sensitive/main/?lang=fr' successfully

2018-08-22 11:15:14 - [MESSAGE][PASSED] - Navigate to 'https://internet.acc.sd.dika.be/ebloxreporting/web.sensitive/main/?lang=fr' successfully

2018-08-22 11:15:14 - [TEST_STEP][PASSED] - maximizeWindow: Current window maximized

2018-08-22 11:15:15 - [MESSAGE][PASSED] - Current window maximized

2018-08-22 11:15:15 - [TEST_STEP][PASSED] - setText: Text 'DP_EBLOX_RPP_VASCO' is set on object 'Object Repository/Page_mysdworx - Log in/input_Username'

2018-08-22 11:15:19 - [MESSAGE][PASSED] - Text 'DP_EBLOX_RPP_VASCO' is set on object 'Object Repository/Page_mysdworx - Log in/input_Username'

2018-08-22 11:15:19 - [TEST_STEP][PASSED] - Statement - frame = new javax.swing.JFrame(User Input Frame): null

2018-08-22 11:15:19 - [TEST_STEP][PASSED] - Statement - frame.requestFocus(): null

2018-08-22 11:15:19 - [TEST_STEP][PASSED] - Statement - pass = javax.swing.JOptionPane.showInputDialog(frame, "Enter the password from token!!"): null

2018-08-22 11:15:20 - [TEST_STEP][PASSED] - delay: Delayed 2 second(s)

2018-08-22 11:15:22 - [MESSAGE][PASSED] - Delayed 2 second(s)

2018-08-22 11:15:22 - [TEST_STEP][PASSED] - setText: Text '486425' is set on object 'Object Repository/Page_mysdworx - Log in/input_Password'

2018-08-22 11:15:23 - [MESSAGE][PASSED] - Text '486425' is set on object 'Object Repository/Page_mysdworx - Log in/input_Password'

2018-08-22 11:15:23 - [TEST_STEP][PASSED] - click: Object: 'Object Repository/Page_mysdworx - Log in/button_Se connecter' is clicked on

2018-08-22 11:15:23 - [MESSAGE][PASSED] - Object: 'Object Repository/Page_mysdworx - Log in/button_Se connecter' is clicked on

2018-08-22 11:15:23 - [TEST_STEP][PASSED] - waitForPageLoad: Wait for page load successfully

2018-08-22 11:15:23 - [MESSAGE][PASSED] - Wait for page load successfully

2018-08-22 11:15:23 - [TEST_STEP][NOT_RUN] - closeBrowser: NOT_RUN: closeBrowser

2018-08-22 11:15:23 - [MESSAGE][NOT_RUN] - NOT_RUN: closeBrowser

2018-08-22 11:15:23 - [MESSAGE][PASSED] - Call Test Case 'Test Cases/Login/TC1 Login to Mysdworx' successfully

2018-08-22 11:15:23 - [TEST_STEP][PASSED] - waitForPageLoad: Wait for page load successfully

2018-08-22 11:15:23 - [MESSAGE][PASSED] - Wait for page load successfully

2018-08-22 11:15:23 - [TEST_STEP][PASSED] - callTestCase: Call Test Case 'Test Cases/Select Language/TC1 Verify NL language' successfully

2018-08-22 11:15:23 - [TEST_CASE][PASSED] - Test Cases/Select Language/TC1 Verify NL language: Test Cases/Select Language/TC1 Verify NL language

2018-08-22 11:15:23 - [TEST_STEP][PASSED] - waitForElementClickable: Object 'Object Repository/Change language link Obj/NL_language' is clickable

2018-08-22 11:15:43 - [MESSAGE][PASSED] - Object 'Object Repository/Change language link Obj/NL_language' is clickable

2018-08-22 11:15:43 - [TEST_STEP][PASSED] - click: Object: 'Object Repository/Change language link Obj/NL_language' is clicked on

2018-08-22 11:15:48 - [MESSAGE][PASSED] - Object: 'Object Repository/Change language link Obj/NL_language' is clicked on

2018-08-22 11:15:48 - [TEST_STEP][PASSED] - waitForPageLoad: Wait for page load successfully

2018-08-22 11:15:48 - [MESSAGE][PASSED] - Wait for page load successfully

2018-08-22 11:15:48 - [MESSAGE][PASSED] - Call Test Case 'Test Cases/Select Language/TC1 Verify NL language' successfully

2018-08-22 11:15:48 - [TEST_STEP][PASSED] - waitForPageLoad: Wait for page load successfully

2018-08-22 11:15:48 - [MESSAGE][PASSED] - Wait for page load successfully

2018-08-22 11:15:48 - [TEST_STEP][PASSED] - setText: Text 'REG BEWERKING 0' is set on object 'Object Repository/Mes rapports Obj/input search filter'

2018-08-22 11:15:51 - [MESSAGE][PASSED] - Text 'REG BEWERKING 0' is set on object 'Object Repository/Mes rapports Obj/input search filter'

2018-08-22 11:15:51 - [TEST_STEP][PASSED] - click: Object: 'Object Repository/Page_eBlox Reporting/Search_Icon' is clicked on

2018-08-22 11:15:51 - [MESSAGE][PASSED] - Object: 'Object Repository/Page_eBlox Reporting/Search_Icon' is clicked on

2018-08-22 11:15:51 - [TEST_STEP][PASSED] - Statement - myTestObject = new com.kms.katalon.core.testobject.TestObject(Select_report): null

2018-08-22 11:15:51 - [TEST_STEP][PASSED] - Statement - myTestObject.addProperty("xpath", EQUALS, "//span[@text='REG BEWERKING']"): null

2018-08-22 11:15:51 - [TEST_STEP][PASSED] - click: Object: 'Select_report' is clicked on

2018-08-22 11:15:52 - [MESSAGE][PASSED] - Object: 'Select_report' is clicked on

2018-08-22 11:15:52 - [TEST_STEP][PASSED] - waitForPageLoad: Wait for page load successfully

2018-08-22 11:15:52 - [MESSAGE][PASSED] - Wait for page load successfully

2018-08-22 11:15:52 - [TEST_STEP][PASSED] - delay: Delayed 2 second(s)

2018-08-22 11:15:54 - [MESSAGE][PASSED] - Delayed 2 second(s)

2018-08-22 11:15:54 - [TEST_STEP][PASSED] - click: Object: 'Object Repository/Mes rapports Obj/EXECUTION/Description _Date de reference historique' is clicked on

2018-08-22 11:15:54 - [MESSAGE][PASSED] - Object: 'Object Repository/Mes rapports Obj/EXECUTION/Description _Date de reference historique' is clicked on

2018-08-22 11:15:54 - [TEST_STEP][PASSED] - delay: Delayed 2 second(s)

2018-08-22 11:15:56 - [MESSAGE][PASSED] - Delayed 2 second(s)

2018-08-22 11:15:56 - [TEST_STEP][PASSED] - click: Object: 'Object Repository/Mes rapports Obj/EXECUTION/Description_Date de reference historique - Dernier jour mois precedent' is clicked on

2018-08-22 11:15:56 - [MESSAGE][PASSED] - Object: 'Object Repository/Mes rapports Obj/EXECUTION/Description_Date de reference historique - Dernier jour mois precedent' is clicked on

2018-08-22 11:15:56 - [TEST_STEP][PASSED] - delay: Delayed 5 second(s)

2018-08-22 11:16:01 - [MESSAGE][PASSED] - Delayed 5 second(s)

2018-08-22 11:16:01 - [TEST_STEP][PASSED] - click: Object: 'Object Repository/Mes rapports Obj/EXECUTION/Button executer' is clicked on

2018-08-22 11:16:01 - [MESSAGE][PASSED] - Object: 'Object Repository/Mes rapports Obj/EXECUTION/Button executer' is clicked on

2018-08-22 11:16:01 - [TEST_STEP][PASSED] - waitForPageLoad: Wait for page load successfully

2018-08-22 11:16:01 - [MESSAGE][PASSED] - Wait for page load successfully

2018-08-22 11:16:01 - [TEST_STEP][PASSED] - callTestCase: Call Test Case 'Test Cases/Select Language/TC2 Verify FR Language' successfully

2018-08-22 11:16:01 - [TEST_CASE][PASSED] - Test Cases/Select Language/TC2 Verify FR Language: Test Cases/Select Language/TC2 Verify FR Language

2018-08-22 11:16:01 - [TEST_STEP][PASSED] - click: Object: 'Object Repository/Change language link Obj/FR_language' is clicked on

2018-08-22 11:16:06 - [MESSAGE][PASSED] - Object: 'Object Repository/Change language link Obj/FR_language' is clicked on

2018-08-22 11:16:06 - [TEST_STEP][PASSED] - waitForPageLoad: Wait for page load successfully

2018-08-22 11:16:06 - [MESSAGE][PASSED] - Wait for page load successfully

2018-08-22 11:16:06 - [MESSAGE][PASSED] - Call Test Case 'Test Cases/Select Language/TC2 Verify FR Language' successfully

2018-08-22 11:16:06 - [TEST_STEP][PASSED] - click: Object: 'Object Repository/Mes rapports Obj/EXECUTION/Button executer' is clicked on

2018-08-22 11:16:09 - [MESSAGE][PASSED] - Object: 'Object Repository/Mes rapports Obj/EXECUTION/Button executer' is clicked on

2018-08-22 11:16:09 - [TEST_STEP][PASSED] - waitForPageLoad: Wait for page load successfully

2018-08-22 11:16:09 - [MESSAGE][PASSED] - Wait for page load successfully

2018-08-22 11:16:09 - [TEST_STEP][PASSED] - waitForElementPresent: Object 'Object Repository/Mes rapports Obj/EXECUTION/Ref historic - dropdown' is present

2018-08-22 11:16:09 - [MESSAGE][PASSED] - Object 'Object Repository/Mes rapports Obj/EXECUTION/Ref historic - dropdown' is present

2018-08-22 11:16:09 - [TEST_STEP][PASSED] - waitForElementPresent: Object 'Object Repository/Mes rapports Obj/EXECUTION/Ref historic - dropdown' is present

2018-08-22 11:16:09 - [MESSAGE][PASSED] - Object 'Object Repository/Mes rapports Obj/EXECUTION/Ref historic - dropdown' is present

2018-08-22 11:16:09 - [TEST_STEP][PASSED] - delay: Delayed 2 second(s)

2018-08-22 11:16:11 - [MESSAGE][PASSED] - Delayed 2 second(s)

2018-08-22 11:16:11 - [TEST_STEP][PASSED] - click: Object: 'Object Repository/Mes rapports Obj/EXECUTION/Description _Date de reference historique' is clicked on

2018-08-22 11:16:11 - [MESSAGE][PASSED] - Object: 'Object Repository/Mes rapports Obj/EXECUTION/Description _Date de reference historique' is clicked on

2018-08-22 11:16:11 - [TEST_STEP][PASSED] - delay: Delayed 2 second(s)

2018-08-22 11:16:13 - [MESSAGE][PASSED] - Delayed 2 second(s)

2018-08-22 11:16:13 - [TEST_STEP][PASSED] - Statement - historicTypeFR = new com.kms.katalon.core.testobject.TestObject(Select_historic_Type): null

2018-08-22 11:16:13 - [TEST_STEP][PASSED] - Statement - historicTypeFR.addProperty("xpath", EQUALS, "//span[contains(text(),'Dernier jour mois précédent')]"): null

2018-08-22 11:16:13 - [TEST_STEP][PASSED] - click: Object: 'Select_historic_Type' is clicked on

2018-08-22 11:16:14 - [MESSAGE][PASSED] - Object: 'Select_historic_Type' is clicked on

2018-08-22 11:16:14 - [TEST_STEP][PASSED] - delay: Delayed 5 second(s)

2018-08-22 11:16:19 - [MESSAGE][PASSED] - Delayed 5 second(s)

2018-08-22 11:16:19 - [TEST_STEP][PASSED] - waitForPageLoad: Wait for page load successfully

2018-08-22 11:16:19 - [MESSAGE][PASSED] - Wait for page load successfully

2018-08-22 11:16:19 - [TEST_STEP][PASSED] - click: Object: 'Object Repository/Mes rapports Obj/EXECUTION/Button executer' is clicked on

2018-08-22 11:16:19 - [MESSAGE][PASSED] - Object: 'Object Repository/Mes rapports Obj/EXECUTION/Button executer' is clicked on

2018-08-22 11:16:19 - [TEST_STEP][PASSED] - closeBrowser: Browser is closed

2018-08-22 11:16:19 - [MESSAGE][PASSED] - Browser is closed]]></system-out>
         <system-err><![CDATA[]]></system-err>
      </testcase>
      <testcase name="Test Cases/New Folder/TC14 OWN COLUMNS" classname="Test Cases/New Folder/TC14 OWN COLUMNS" status="PASSED">
         <system-out><![CDATA[2018-08-22 11:16:19 - [TEST_CASE][PASSED] - Test Cases/New Folder/TC14 OWN COLUMNS: Test Cases/New Folder/TC14 OWN COLUMNS

2018-08-22 11:16:19 - [TEST_STEP][PASSED] - callTestCase: Call Test Case 'Test Cases/Login/TC1 Login to Mysdworx' successfully

2018-08-22 11:16:20 - [TEST_CASE][PASSED] - Test Cases/Login/TC1 Login to Mysdworx: Test Cases/Login/TC1 Login to Mysdworx

2018-08-22 11:16:20 - [TEST_STEP][PASSED] - openBrowser: Browser is opened with url: ''

2018-08-22 11:16:22 - [MESSAGE][PASSED] - Browser is opened with url: ''

2018-08-22 11:16:22 - [TEST_STEP][PASSED] - navigateToUrl: Navigate to 'https://internet.acc.sd.dika.be/ebloxreporting/web.sensitive/main/?lang=fr' successfully

2018-08-22 11:16:26 - [MESSAGE][PASSED] - Navigate to 'https://internet.acc.sd.dika.be/ebloxreporting/web.sensitive/main/?lang=fr' successfully

2018-08-22 11:16:26 - [TEST_STEP][PASSED] - maximizeWindow: Current window maximized

2018-08-22 11:16:28 - [MESSAGE][PASSED] - Current window maximized

2018-08-22 11:16:28 - [TEST_STEP][PASSED] - setText: Text 'DP_EBLOX_RPP_VASCO' is set on object 'Object Repository/Page_mysdworx - Log in/input_Username'

2018-08-22 11:16:32 - [MESSAGE][PASSED] - Text 'DP_EBLOX_RPP_VASCO' is set on object 'Object Repository/Page_mysdworx - Log in/input_Username'

2018-08-22 11:16:32 - [TEST_STEP][PASSED] - Statement - frame = new javax.swing.JFrame(User Input Frame): null

2018-08-22 11:16:32 - [TEST_STEP][PASSED] - Statement - frame.requestFocus(): null

2018-08-22 11:16:32 - [TEST_STEP][PASSED] - Statement - pass = javax.swing.JOptionPane.showInputDialog(frame, "Enter the password from token!!"): null

2018-08-22 11:16:34 - [TEST_STEP][PASSED] - delay: Delayed 2 second(s)

2018-08-22 11:16:36 - [MESSAGE][PASSED] - Delayed 2 second(s)

2018-08-22 11:16:36 - [TEST_STEP][PASSED] - setText: Text '376743' is set on object 'Object Repository/Page_mysdworx - Log in/input_Password'

2018-08-22 11:16:36 - [MESSAGE][PASSED] - Text '376743' is set on object 'Object Repository/Page_mysdworx - Log in/input_Password'

2018-08-22 11:16:36 - [TEST_STEP][PASSED] - click: Object: 'Object Repository/Page_mysdworx - Log in/button_Se connecter' is clicked on

2018-08-22 11:16:36 - [MESSAGE][PASSED] - Object: 'Object Repository/Page_mysdworx - Log in/button_Se connecter' is clicked on

2018-08-22 11:16:36 - [TEST_STEP][PASSED] - waitForPageLoad: Wait for page load successfully

2018-08-22 11:16:36 - [MESSAGE][PASSED] - Wait for page load successfully

2018-08-22 11:16:36 - [TEST_STEP][NOT_RUN] - closeBrowser: NOT_RUN: closeBrowser

2018-08-22 11:16:36 - [MESSAGE][NOT_RUN] - NOT_RUN: closeBrowser

2018-08-22 11:16:36 - [MESSAGE][PASSED] - Call Test Case 'Test Cases/Login/TC1 Login to Mysdworx' successfully

2018-08-22 11:16:36 - [TEST_STEP][PASSED] - waitForPageLoad: Wait for page load successfully

2018-08-22 11:16:36 - [MESSAGE][PASSED] - Wait for page load successfully

2018-08-22 11:16:36 - [TEST_STEP][PASSED] - callTestCase: Call Test Case 'Test Cases/Select Language/TC1 Verify NL language' successfully

2018-08-22 11:16:36 - [TEST_CASE][PASSED] - Test Cases/Select Language/TC1 Verify NL language: Test Cases/Select Language/TC1 Verify NL language

2018-08-22 11:16:36 - [TEST_STEP][PASSED] - waitForElementClickable: Object 'Object Repository/Change language link Obj/NL_language' is clickable

2018-08-22 11:16:57 - [MESSAGE][PASSED] - Object 'Object Repository/Change language link Obj/NL_language' is clickable

2018-08-22 11:16:57 - [TEST_STEP][PASSED] - click: Object: 'Object Repository/Change language link Obj/NL_language' is clicked on

2018-08-22 11:17:02 - [MESSAGE][PASSED] - Object: 'Object Repository/Change language link Obj/NL_language' is clicked on

2018-08-22 11:17:02 - [TEST_STEP][PASSED] - waitForPageLoad: Wait for page load successfully

2018-08-22 11:17:02 - [MESSAGE][PASSED] - Wait for page load successfully

2018-08-22 11:17:02 - [MESSAGE][PASSED] - Call Test Case 'Test Cases/Select Language/TC1 Verify NL language' successfully

2018-08-22 11:17:02 - [TEST_STEP][PASSED] - waitForPageLoad: Wait for page load successfully

2018-08-22 11:17:02 - [MESSAGE][PASSED] - Wait for page load successfully

2018-08-22 11:17:02 - [TEST_STEP][PASSED] - setText: Text 'REG EIGEN RUBRIEK' is set on object 'Object Repository/Mes rapports Obj/input search filter'

2018-08-22 11:17:05 - [MESSAGE][PASSED] - Text 'REG EIGEN RUBRIEK' is set on object 'Object Repository/Mes rapports Obj/input search filter'

2018-08-22 11:17:05 - [TEST_STEP][PASSED] - click: Object: 'Object Repository/Page_eBlox Reporting/Search_Icon' is clicked on

2018-08-22 11:17:05 - [MESSAGE][PASSED] - Object: 'Object Repository/Page_eBlox Reporting/Search_Icon' is clicked on

2018-08-22 11:17:05 - [TEST_STEP][PASSED] - Statement - myTestObject = new com.kms.katalon.core.testobject.TestObject(Select_report): null

2018-08-22 11:17:05 - [TEST_STEP][PASSED] - Statement - myTestObject.addProperty("xpath", EQUALS, "//span[@text='REG EIGEN RUBRIEK']"): null

2018-08-22 11:17:05 - [TEST_STEP][PASSED] - click: Object: 'Select_report' is clicked on

2018-08-22 11:17:06 - [MESSAGE][PASSED] - Object: 'Select_report' is clicked on

2018-08-22 11:17:06 - [TEST_STEP][PASSED] - delay: Delayed 2 second(s)

2018-08-22 11:17:08 - [MESSAGE][PASSED] - Delayed 2 second(s)

2018-08-22 11:17:08 - [TEST_STEP][PASSED] - waitForElementClickable: Object 'Object Repository/Mes rapports Obj/EXECUTION/Description _Date de reference historique' is clickable

2018-08-22 11:17:08 - [MESSAGE][PASSED] - Object 'Object Repository/Mes rapports Obj/EXECUTION/Description _Date de reference historique' is clickable

2018-08-22 11:17:08 - [TEST_STEP][PASSED] - click: Object: 'Object Repository/Mes rapports Obj/EXECUTION/Description _Date de reference historique' is clicked on

2018-08-22 11:17:08 - [MESSAGE][PASSED] - Object: 'Object Repository/Mes rapports Obj/EXECUTION/Description _Date de reference historique' is clicked on

2018-08-22 11:17:08 - [TEST_STEP][PASSED] - delay: Delayed 2 second(s)

2018-08-22 11:17:10 - [MESSAGE][PASSED] - Delayed 2 second(s)

2018-08-22 11:17:10 - [TEST_STEP][PASSED] - click: Object: 'Object Repository/Mes rapports Obj/EXECUTION/Description_Date de reference historique - Dernier jour mois precedent' is clicked on

2018-08-22 11:17:10 - [MESSAGE][PASSED] - Object: 'Object Repository/Mes rapports Obj/EXECUTION/Description_Date de reference historique - Dernier jour mois precedent' is clicked on

2018-08-22 11:17:10 - [TEST_STEP][PASSED] - click: Object: 'Object Repository/Mes rapports Obj/EXECUTION/Button executer' is clicked on

2018-08-22 11:17:10 - [MESSAGE][PASSED] - Object: 'Object Repository/Mes rapports Obj/EXECUTION/Button executer' is clicked on

2018-08-22 11:17:10 - [TEST_STEP][PASSED] - closeBrowser: Browser is closed

2018-08-22 11:17:11 - [MESSAGE][PASSED] - Browser is closed]]></system-out>
         <system-err><![CDATA[]]></system-err>
      </testcase>
      <testcase name="Test Cases/New Folder/TC15 COLUMNS" classname="Test Cases/New Folder/TC15 COLUMNS" status="PASSED">
         <system-out><![CDATA[2018-08-22 11:17:11 - [TEST_CASE][PASSED] - Test Cases/New Folder/TC15 COLUMNS: Test Cases/New Folder/TC15 COLUMNS

2018-08-22 11:17:11 - [TEST_STEP][PASSED] - callTestCase: Call Test Case 'Test Cases/Login/TC1 Login to Mysdworx' successfully

2018-08-22 11:17:11 - [TEST_CASE][PASSED] - Test Cases/Login/TC1 Login to Mysdworx: Test Cases/Login/TC1 Login to Mysdworx

2018-08-22 11:17:11 - [TEST_STEP][PASSED] - openBrowser: Browser is opened with url: ''

2018-08-22 11:17:13 - [MESSAGE][PASSED] - Browser is opened with url: ''

2018-08-22 11:17:13 - [TEST_STEP][PASSED] - navigateToUrl: Navigate to 'https://internet.acc.sd.dika.be/ebloxreporting/web.sensitive/main/?lang=fr' successfully

2018-08-22 11:17:18 - [MESSAGE][PASSED] - Navigate to 'https://internet.acc.sd.dika.be/ebloxreporting/web.sensitive/main/?lang=fr' successfully

2018-08-22 11:17:18 - [TEST_STEP][PASSED] - maximizeWindow: Current window maximized

2018-08-22 11:17:19 - [MESSAGE][PASSED] - Current window maximized

2018-08-22 11:17:19 - [TEST_STEP][PASSED] - setText: Text 'DP_EBLOX_RPP_VASCO' is set on object 'Object Repository/Page_mysdworx - Log in/input_Username'

2018-08-22 11:17:22 - [MESSAGE][PASSED] - Text 'DP_EBLOX_RPP_VASCO' is set on object 'Object Repository/Page_mysdworx - Log in/input_Username'

2018-08-22 11:17:22 - [TEST_STEP][PASSED] - Statement - frame = new javax.swing.JFrame(User Input Frame): null

2018-08-22 11:17:22 - [TEST_STEP][PASSED] - Statement - frame.requestFocus(): null

2018-08-22 11:17:22 - [TEST_STEP][PASSED] - Statement - pass = javax.swing.JOptionPane.showInputDialog(frame, "Enter the password from token!!"): null

2018-08-22 11:17:25 - [TEST_STEP][PASSED] - delay: Delayed 2 second(s)

2018-08-22 11:17:27 - [MESSAGE][PASSED] - Delayed 2 second(s)

2018-08-22 11:17:27 - [TEST_STEP][PASSED] - setText: Text '185955' is set on object 'Object Repository/Page_mysdworx - Log in/input_Password'

2018-08-22 11:17:27 - [MESSAGE][PASSED] - Text '185955' is set on object 'Object Repository/Page_mysdworx - Log in/input_Password'

2018-08-22 11:17:27 - [TEST_STEP][PASSED] - click: Object: 'Object Repository/Page_mysdworx - Log in/button_Se connecter' is clicked on

2018-08-22 11:17:27 - [MESSAGE][PASSED] - Object: 'Object Repository/Page_mysdworx - Log in/button_Se connecter' is clicked on

2018-08-22 11:17:27 - [TEST_STEP][PASSED] - waitForPageLoad: Wait for page load successfully

2018-08-22 11:17:27 - [MESSAGE][PASSED] - Wait for page load successfully

2018-08-22 11:17:27 - [TEST_STEP][NOT_RUN] - closeBrowser: NOT_RUN: closeBrowser

2018-08-22 11:17:27 - [MESSAGE][NOT_RUN] - NOT_RUN: closeBrowser

2018-08-22 11:17:27 - [MESSAGE][PASSED] - Call Test Case 'Test Cases/Login/TC1 Login to Mysdworx' successfully

2018-08-22 11:17:27 - [TEST_STEP][PASSED] - waitForPageLoad: Wait for page load successfully

2018-08-22 11:17:27 - [MESSAGE][PASSED] - Wait for page load successfully

2018-08-22 11:17:27 - [TEST_STEP][PASSED] - callTestCase: Call Test Case 'Test Cases/Select Language/TC1 Verify NL language' successfully

2018-08-22 11:17:27 - [TEST_CASE][PASSED] - Test Cases/Select Language/TC1 Verify NL language: Test Cases/Select Language/TC1 Verify NL language

2018-08-22 11:17:27 - [TEST_STEP][PASSED] - waitForElementClickable: Object 'Object Repository/Change language link Obj/NL_language' is clickable

2018-08-22 11:17:48 - [MESSAGE][PASSED] - Object 'Object Repository/Change language link Obj/NL_language' is clickable

2018-08-22 11:17:48 - [TEST_STEP][PASSED] - click: Object: 'Object Repository/Change language link Obj/NL_language' is clicked on

2018-08-22 11:17:53 - [MESSAGE][PASSED] - Object: 'Object Repository/Change language link Obj/NL_language' is clicked on

2018-08-22 11:17:53 - [TEST_STEP][PASSED] - waitForPageLoad: Wait for page load successfully

2018-08-22 11:17:53 - [MESSAGE][PASSED] - Wait for page load successfully

2018-08-22 11:17:53 - [MESSAGE][PASSED] - Call Test Case 'Test Cases/Select Language/TC1 Verify NL language' successfully

2018-08-22 11:17:53 - [TEST_STEP][PASSED] - waitForPageLoad: Wait for page load successfully

2018-08-22 11:17:53 - [MESSAGE][PASSED] - Wait for page load successfully

2018-08-22 11:17:53 - [TEST_STEP][PASSED] - setText: Text 'REG RUBRIEK' is set on object 'Object Repository/Mes rapports Obj/input search filter'

2018-08-22 11:17:56 - [MESSAGE][PASSED] - Text 'REG RUBRIEK' is set on object 'Object Repository/Mes rapports Obj/input search filter'

2018-08-22 11:17:56 - [TEST_STEP][PASSED] - click: Object: 'Object Repository/Page_eBlox Reporting/Search_Icon' is clicked on

2018-08-22 11:17:56 - [MESSAGE][PASSED] - Object: 'Object Repository/Page_eBlox Reporting/Search_Icon' is clicked on

2018-08-22 11:17:56 - [TEST_STEP][PASSED] - Statement - REG_RUBRIEK = new com.kms.katalon.core.testobject.TestObject(Select_report): null

2018-08-22 11:17:56 - [TEST_STEP][PASSED] - Statement - REG_RUBRIEK.addProperty("xpath", EQUALS, "//a[@class='hide-on-hover']//span[@text='REG + RUBRIEK']"): null

2018-08-22 11:17:56 - [TEST_STEP][PASSED] - click: Object: 'Select_report' is clicked on

2018-08-22 11:17:56 - [MESSAGE][PASSED] - Object: 'Select_report' is clicked on

2018-08-22 11:17:56 - [TEST_STEP][PASSED] - waitForPageLoad: Wait for page load successfully

2018-08-22 11:17:56 - [MESSAGE][PASSED] - Wait for page load successfully

2018-08-22 11:17:56 - [TEST_STEP][PASSED] - waitForElementClickable: Object 'Object Repository/Page_eBlox Rapportering/Definition' is clickable

2018-08-22 11:17:57 - [MESSAGE][PASSED] - Object 'Object Repository/Page_eBlox Rapportering/Definition' is clickable

2018-08-22 11:17:57 - [TEST_STEP][PASSED] - Statement - definition = com.kms.katalon.core.webui.keyword.WebUiBuiltInKeywords.modifyObjectProperty(com.kms.katalon.core.testobject.ObjectRepository.findTestObject(Page_eBlox Rapportering/Definition), "xpath", "contains", "//a[contains(text(),'Definitie')]", true): Modify property of object successfully

2018-08-22 11:17:57 - [MESSAGE][PASSED] - Modify property of object successfully

2018-08-22 11:17:57 - [TEST_STEP][PASSED] - click: Object: 'Object Repository/Page_eBlox Rapportering/Definition' is clicked on

2018-08-22 11:17:58 - [MESSAGE][PASSED] - Object: 'Object Repository/Page_eBlox Rapportering/Definition' is clicked on

2018-08-22 11:17:58 - [TEST_STEP][PASSED] - click: Object: 'Object Repository/Mes rapports Obj/EXECUTION/Button executer' is clicked on

2018-08-22 11:17:58 - [MESSAGE][PASSED] - Object: 'Object Repository/Mes rapports Obj/EXECUTION/Button executer' is clicked on

2018-08-22 11:17:58 - [TEST_STEP][PASSED] - closeBrowser: Browser is closed

2018-08-22 11:17:58 - [MESSAGE][PASSED] - Browser is closed]]></system-out>
         <system-err><![CDATA[]]></system-err>
      </testcase>
      <testcase name="Test Cases/New Folder/TC16 HISTORIC WITHOUT" classname="Test Cases/New Folder/TC16 HISTORIC WITHOUT" status="PASSED">
         <system-out><![CDATA[2018-08-22 11:17:58 - [TEST_CASE][PASSED] - Test Cases/New Folder/TC16 HISTORIC WITHOUT: Test Cases/New Folder/TC16 HISTORIC WITHOUT

2018-08-22 11:17:58 - [TEST_STEP][PASSED] - callTestCase: Call Test Case 'Test Cases/Login/TC1 Login to Mysdworx' successfully

2018-08-22 11:17:59 - [TEST_CASE][PASSED] - Test Cases/Login/TC1 Login to Mysdworx: Test Cases/Login/TC1 Login to Mysdworx

2018-08-22 11:17:59 - [TEST_STEP][PASSED] - openBrowser: Browser is opened with url: ''

2018-08-22 11:18:01 - [MESSAGE][PASSED] - Browser is opened with url: ''

2018-08-22 11:18:01 - [TEST_STEP][PASSED] - navigateToUrl: Navigate to 'https://internet.acc.sd.dika.be/ebloxreporting/web.sensitive/main/?lang=fr' successfully

2018-08-22 11:18:06 - [MESSAGE][PASSED] - Navigate to 'https://internet.acc.sd.dika.be/ebloxreporting/web.sensitive/main/?lang=fr' successfully

2018-08-22 11:18:06 - [TEST_STEP][PASSED] - maximizeWindow: Current window maximized

2018-08-22 11:18:07 - [MESSAGE][PASSED] - Current window maximized

2018-08-22 11:18:07 - [TEST_STEP][PASSED] - setText: Text 'DP_EBLOX_RPP_VASCO' is set on object 'Object Repository/Page_mysdworx - Log in/input_Username'

2018-08-22 11:18:10 - [MESSAGE][PASSED] - Text 'DP_EBLOX_RPP_VASCO' is set on object 'Object Repository/Page_mysdworx - Log in/input_Username'

2018-08-22 11:18:10 - [TEST_STEP][PASSED] - Statement - frame = new javax.swing.JFrame(User Input Frame): null

2018-08-22 11:18:10 - [TEST_STEP][PASSED] - Statement - frame.requestFocus(): null

2018-08-22 11:18:10 - [TEST_STEP][PASSED] - Statement - pass = javax.swing.JOptionPane.showInputDialog(frame, "Enter the password from token!!"): null

2018-08-22 11:18:12 - [TEST_STEP][PASSED] - delay: Delayed 2 second(s)

2018-08-22 11:18:14 - [MESSAGE][PASSED] - Delayed 2 second(s)

2018-08-22 11:18:14 - [TEST_STEP][PASSED] - setText: Text '101050' is set on object 'Object Repository/Page_mysdworx - Log in/input_Password'

2018-08-22 11:18:14 - [MESSAGE][PASSED] - Text '101050' is set on object 'Object Repository/Page_mysdworx - Log in/input_Password'

2018-08-22 11:18:14 - [TEST_STEP][PASSED] - click: Object: 'Object Repository/Page_mysdworx - Log in/button_Se connecter' is clicked on

2018-08-22 11:18:14 - [MESSAGE][PASSED] - Object: 'Object Repository/Page_mysdworx - Log in/button_Se connecter' is clicked on

2018-08-22 11:18:14 - [TEST_STEP][PASSED] - waitForPageLoad: Wait for page load successfully

2018-08-22 11:18:14 - [MESSAGE][PASSED] - Wait for page load successfully

2018-08-22 11:18:14 - [TEST_STEP][NOT_RUN] - closeBrowser: NOT_RUN: closeBrowser

2018-08-22 11:18:14 - [MESSAGE][NOT_RUN] - NOT_RUN: closeBrowser

2018-08-22 11:18:14 - [MESSAGE][PASSED] - Call Test Case 'Test Cases/Login/TC1 Login to Mysdworx' successfully

2018-08-22 11:18:14 - [TEST_STEP][PASSED] - waitForPageLoad: Wait for page load successfully

2018-08-22 11:18:14 - [MESSAGE][PASSED] - Wait for page load successfully

2018-08-22 11:18:14 - [TEST_STEP][PASSED] - callTestCase: Call Test Case 'Test Cases/Select Language/TC1 Verify NL language' successfully

2018-08-22 11:18:14 - [TEST_CASE][PASSED] - Test Cases/Select Language/TC1 Verify NL language: Test Cases/Select Language/TC1 Verify NL language

2018-08-22 11:18:14 - [TEST_STEP][PASSED] - waitForElementClickable: Object 'Object Repository/Change language link Obj/NL_language' is clickable

2018-08-22 11:18:37 - [MESSAGE][PASSED] - Object 'Object Repository/Change language link Obj/NL_language' is clickable

2018-08-22 11:18:37 - [TEST_STEP][PASSED] - click: Object: 'Object Repository/Change language link Obj/NL_language' is clicked on

2018-08-22 11:18:42 - [MESSAGE][PASSED] - Object: 'Object Repository/Change language link Obj/NL_language' is clicked on

2018-08-22 11:18:42 - [TEST_STEP][PASSED] - waitForPageLoad: Wait for page load successfully

2018-08-22 11:18:42 - [MESSAGE][PASSED] - Wait for page load successfully

2018-08-22 11:18:42 - [MESSAGE][PASSED] - Call Test Case 'Test Cases/Select Language/TC1 Verify NL language' successfully

2018-08-22 11:18:42 - [TEST_STEP][PASSED] - setText: Text 'REG HIST GROEP' is set on object 'Object Repository/Mes rapports Obj/input search filter'

2018-08-22 11:18:45 - [MESSAGE][PASSED] - Text 'REG HIST GROEP' is set on object 'Object Repository/Mes rapports Obj/input search filter'

2018-08-22 11:18:45 - [TEST_STEP][PASSED] - click: Object: 'Object Repository/Page_eBlox Reporting/Search_Icon' is clicked on

2018-08-22 11:18:45 - [MESSAGE][PASSED] - Object: 'Object Repository/Page_eBlox Reporting/Search_Icon' is clicked on

2018-08-22 11:18:45 - [TEST_STEP][PASSED] - Statement - myTestObject = new com.kms.katalon.core.testobject.TestObject(Select_report): null

2018-08-22 11:18:45 - [TEST_STEP][PASSED] - Statement - myTestObject.addProperty("xpath", EQUALS, "//span[@text='REG HIST GROEP']"): null

2018-08-22 11:18:45 - [TEST_STEP][PASSED] - click: Object: 'Select_report' is clicked on

2018-08-22 11:18:46 - [MESSAGE][PASSED] - Object: 'Select_report' is clicked on

2018-08-22 11:18:46 - [TEST_STEP][PASSED] - waitForPageLoad: Wait for page load successfully

2018-08-22 11:18:46 - [MESSAGE][PASSED] - Wait for page load successfully

2018-08-22 11:18:46 - [TEST_STEP][PASSED] - Statement - inputDossier = com.kms.katalon.core.webui.keyword.WebUiBuiltInKeywords.modifyObjectProperty(com.kms.katalon.core.testobject.ObjectRepository.findTestObject(Mes rapports Obj/EXECUTION/Donnees calculees - Le code salarial apparait dans), "id", "contains", "s2id_autogen", true): Modify property of object successfully

2018-08-22 11:18:46 - [MESSAGE][PASSED] - Modify property of object successfully

2018-08-22 11:18:46 - [TEST_STEP][PASSED] - click: Object: 'Object Repository/Mes rapports Obj/EXECUTION/Donnees calculees - Le code salarial apparait dans' is clicked on

2018-08-22 11:18:48 - [MESSAGE][PASSED] - Object: 'Object Repository/Mes rapports Obj/EXECUTION/Donnees calculees - Le code salarial apparait dans' is clicked on

2018-08-22 11:18:48 - [TEST_STEP][PASSED] - Statement - myDonneeCalculees = new com.kms.katalon.core.testobject.TestObject(Select_donnee): null

2018-08-22 11:18:48 - [TEST_STEP][PASSED] - Statement - myDonneeCalculees.addProperty("xpath", EQUALS, "//div[@id='select2-drop']//ul[@class='select2-results']//li[@role='presentation']//div[contains(text(),'(alle looncodes)')]"): null

2018-08-22 11:18:48 - [TEST_STEP][PASSED] - click: Object: 'Select_donnee' is clicked on

2018-08-22 11:18:48 - [MESSAGE][PASSED] - Object: 'Select_donnee' is clicked on

2018-08-22 11:18:48 - [TEST_STEP][PASSED] - click: Object: 'Object Repository/Mes rapports Obj/SELECTION/Travailleur/Page_eBlox Reporting/New Test Object' is clicked on

2018-08-22 11:18:48 - [MESSAGE][PASSED] - Object: 'Object Repository/Mes rapports Obj/SELECTION/Travailleur/Page_eBlox Reporting/New Test Object' is clicked on

2018-08-22 11:18:48 - [TEST_STEP][PASSED] - click: Object: 'Object Repository/Mes rapports Obj/EXECUTION/Button executer' is clicked on

2018-08-22 11:18:49 - [MESSAGE][PASSED] - Object: 'Object Repository/Mes rapports Obj/EXECUTION/Button executer' is clicked on

2018-08-22 11:18:49 - [TEST_STEP][PASSED] - waitForPageLoad: Wait for page load successfully

2018-08-22 11:18:49 - [MESSAGE][PASSED] - Wait for page load successfully

2018-08-22 11:18:49 - [TEST_STEP][PASSED] - delay: Delayed 10 second(s)

2018-08-22 11:18:59 - [MESSAGE][PASSED] - Delayed 10 second(s)

2018-08-22 11:18:59 - [TEST_STEP][PASSED] - closeBrowser: Browser is closed

2018-08-22 11:18:59 - [MESSAGE][PASSED] - Browser is closed]]></system-out>
         <system-err><![CDATA[]]></system-err>
      </testcase>
      <testcase name="Test Cases/New Folder/TC17 ARGUMENT AGE" classname="Test Cases/New Folder/TC17 ARGUMENT AGE" status="PASSED">
         <system-out><![CDATA[2018-08-22 11:18:59 - [TEST_CASE][PASSED] - Test Cases/New Folder/TC17 ARGUMENT AGE: Test Cases/New Folder/TC17 ARGUMENT AGE

2018-08-22 11:18:59 - [TEST_STEP][PASSED] - callTestCase: Call Test Case 'Test Cases/Login/TC1 Login to Mysdworx' successfully

2018-08-22 11:19:00 - [TEST_CASE][PASSED] - Test Cases/Login/TC1 Login to Mysdworx: Test Cases/Login/TC1 Login to Mysdworx

2018-08-22 11:19:00 - [TEST_STEP][PASSED] - openBrowser: Browser is opened with url: ''

2018-08-22 11:19:02 - [MESSAGE][PASSED] - Browser is opened with url: ''

2018-08-22 11:19:02 - [TEST_STEP][PASSED] - navigateToUrl: Navigate to 'https://internet.acc.sd.dika.be/ebloxreporting/web.sensitive/main/?lang=fr' successfully

2018-08-22 11:19:06 - [MESSAGE][PASSED] - Navigate to 'https://internet.acc.sd.dika.be/ebloxreporting/web.sensitive/main/?lang=fr' successfully

2018-08-22 11:19:06 - [TEST_STEP][PASSED] - maximizeWindow: Current window maximized

2018-08-22 11:19:08 - [MESSAGE][PASSED] - Current window maximized

2018-08-22 11:19:08 - [TEST_STEP][PASSED] - setText: Text 'DP_EBLOX_RPP_VASCO' is set on object 'Object Repository/Page_mysdworx - Log in/input_Username'

2018-08-22 11:19:11 - [MESSAGE][PASSED] - Text 'DP_EBLOX_RPP_VASCO' is set on object 'Object Repository/Page_mysdworx - Log in/input_Username'

2018-08-22 11:19:11 - [TEST_STEP][PASSED] - Statement - frame = new javax.swing.JFrame(User Input Frame): null

2018-08-22 11:19:11 - [TEST_STEP][PASSED] - Statement - frame.requestFocus(): null

2018-08-22 11:19:11 - [TEST_STEP][PASSED] - Statement - pass = javax.swing.JOptionPane.showInputDialog(frame, "Enter the password from token!!"): null

2018-08-22 11:19:13 - [TEST_STEP][PASSED] - delay: Delayed 2 second(s)

2018-08-22 11:19:15 - [MESSAGE][PASSED] - Delayed 2 second(s)

2018-08-22 11:19:15 - [TEST_STEP][PASSED] - setText: Text '588966' is set on object 'Object Repository/Page_mysdworx - Log in/input_Password'

2018-08-22 11:19:15 - [MESSAGE][PASSED] - Text '588966' is set on object 'Object Repository/Page_mysdworx - Log in/input_Password'

2018-08-22 11:19:15 - [TEST_STEP][PASSED] - click: Object: 'Object Repository/Page_mysdworx - Log in/button_Se connecter' is clicked on

2018-08-22 11:19:15 - [MESSAGE][PASSED] - Object: 'Object Repository/Page_mysdworx - Log in/button_Se connecter' is clicked on

2018-08-22 11:19:15 - [TEST_STEP][PASSED] - waitForPageLoad: Wait for page load successfully

2018-08-22 11:19:15 - [MESSAGE][PASSED] - Wait for page load successfully

2018-08-22 11:19:15 - [TEST_STEP][NOT_RUN] - closeBrowser: NOT_RUN: closeBrowser

2018-08-22 11:19:15 - [MESSAGE][NOT_RUN] - NOT_RUN: closeBrowser

2018-08-22 11:19:15 - [MESSAGE][PASSED] - Call Test Case 'Test Cases/Login/TC1 Login to Mysdworx' successfully

2018-08-22 11:19:15 - [TEST_STEP][PASSED] - waitForPageLoad: Wait for page load successfully

2018-08-22 11:19:16 - [MESSAGE][PASSED] - Wait for page load successfully

2018-08-22 11:19:16 - [TEST_STEP][PASSED] - callTestCase: Call Test Case 'Test Cases/Select Language/TC1 Verify NL language' successfully

2018-08-22 11:19:16 - [TEST_CASE][PASSED] - Test Cases/Select Language/TC1 Verify NL language: Test Cases/Select Language/TC1 Verify NL language

2018-08-22 11:19:16 - [TEST_STEP][PASSED] - waitForElementClickable: Object 'Object Repository/Change language link Obj/NL_language' is clickable

2018-08-22 11:19:36 - [MESSAGE][PASSED] - Object 'Object Repository/Change language link Obj/NL_language' is clickable

2018-08-22 11:19:36 - [TEST_STEP][PASSED] - click: Object: 'Object Repository/Change language link Obj/NL_language' is clicked on

2018-08-22 11:19:41 - [MESSAGE][PASSED] - Object: 'Object Repository/Change language link Obj/NL_language' is clicked on

2018-08-22 11:19:41 - [TEST_STEP][PASSED] - waitForPageLoad: Wait for page load successfully

2018-08-22 11:19:41 - [MESSAGE][PASSED] - Wait for page load successfully

2018-08-22 11:19:41 - [MESSAGE][PASSED] - Call Test Case 'Test Cases/Select Language/TC1 Verify NL language' successfully

2018-08-22 11:19:41 - [TEST_STEP][PASSED] - callTestCase: Call Test Case 'Test Cases/Mes rapports/Main Page/TC Verify Mes rapports tab' successfully

2018-08-22 11:19:41 - [TEST_CASE][PASSED] - Test Cases/Mes rapports/Main Page/TC Verify Mes rapports tab: Test Cases/Mes rapports/Main Page/TC Verify Mes rapports tab

2018-08-22 11:19:41 - [TEST_STEP][PASSED] - click: Object: 'Object Repository/Mes rapports Obj/Mes rapports_tab' is clicked on

2018-08-22 11:19:41 - [MESSAGE][PASSED] - Object: 'Object Repository/Mes rapports Obj/Mes rapports_tab' is clicked on

2018-08-22 11:19:41 - [MESSAGE][PASSED] - Call Test Case 'Test Cases/Mes rapports/Main Page/TC Verify Mes rapports tab' successfully

2018-08-22 11:19:41 - [TEST_STEP][PASSED] - setText: Text 'REG ARGUMENT LEEFTIJD' is set on object 'Object Repository/Mes rapports Obj/input search filter'

2018-08-22 11:19:44 - [MESSAGE][PASSED] - Text 'REG ARGUMENT LEEFTIJD' is set on object 'Object Repository/Mes rapports Obj/input search filter'

2018-08-22 11:19:44 - [TEST_STEP][PASSED] - click: Object: 'Object Repository/Page_eBlox Reporting/Search_Icon' is clicked on

2018-08-22 11:19:44 - [MESSAGE][PASSED] - Object: 'Object Repository/Page_eBlox Reporting/Search_Icon' is clicked on

2018-08-22 11:19:44 - [TEST_STEP][PASSED] - Statement - myTestObject = new com.kms.katalon.core.testobject.TestObject(Select_report): null

2018-08-22 11:19:44 - [TEST_STEP][PASSED] - Statement - myTestObject.addProperty("xpath", EQUALS, "//a[@class='hide-on-hover']//span[@text='REG LEEFTIJD ARGUMENT']"): null

2018-08-22 11:19:44 - [TEST_STEP][PASSED] - click: Object: 'Select_report' is clicked on

2018-08-22 11:19:45 - [MESSAGE][PASSED] - Object: 'Select_report' is clicked on

2018-08-22 11:19:45 - [TEST_STEP][PASSED] - delay: Delayed 2 second(s)

2018-08-22 11:19:47 - [MESSAGE][PASSED] - Delayed 2 second(s)

2018-08-22 11:19:47 - [TEST_STEP][PASSED] - waitForElementClickable: Object 'Object Repository/Mes rapports Obj/EXECUTION/Description _Date de reference historique' is clickable

2018-08-22 11:19:47 - [MESSAGE][PASSED] - Object 'Object Repository/Mes rapports Obj/EXECUTION/Description _Date de reference historique' is clickable

2018-08-22 11:19:47 - [TEST_STEP][PASSED] - click: Object: 'Object Repository/Mes rapports Obj/EXECUTION/Description _Date de reference historique' is clicked on

2018-08-22 11:19:47 - [MESSAGE][PASSED] - Object: 'Object Repository/Mes rapports Obj/EXECUTION/Description _Date de reference historique' is clicked on

2018-08-22 11:19:47 - [TEST_STEP][PASSED] - delay: Delayed 2 second(s)

2018-08-22 11:19:49 - [MESSAGE][PASSED] - Delayed 2 second(s)

2018-08-22 11:19:49 - [TEST_STEP][PASSED] - click: Object: 'Object Repository/Mes rapports Obj/EXECUTION/Aujourdhui - Vandaag' is clicked on

2018-08-22 11:19:49 - [MESSAGE][PASSED] - Object: 'Object Repository/Mes rapports Obj/EXECUTION/Aujourdhui - Vandaag' is clicked on

2018-08-22 11:19:49 - [TEST_STEP][PASSED] - click: Object: 'Object Repository/Mes rapports Obj/EXECUTION/Button executer' is clicked on

2018-08-22 11:19:49 - [MESSAGE][PASSED] - Object: 'Object Repository/Mes rapports Obj/EXECUTION/Button executer' is clicked on

2018-08-22 11:19:49 - [TEST_STEP][PASSED] - waitForPageLoad: Wait for page load successfully

2018-08-22 11:19:49 - [MESSAGE][PASSED] - Wait for page load successfully

2018-08-22 11:19:49 - [TEST_STEP][PASSED] - closeBrowser: Browser is closed

2018-08-22 11:19:50 - [MESSAGE][PASSED] - Browser is closed]]></system-out>
         <system-err><![CDATA[]]></system-err>
      </testcase>
      <testcase name="Test Cases/New Folder/TC11 INTERNAL" classname="Test Cases/New Folder/TC11 INTERNAL" status="FAILED">
         <failure type="FAILED" message="Unable to click on object 'Select_concern_number' (Root cause: com.kms.katalon.core.webui.exception.WebElementNotFoundException: Web element with id: 'Select_concern_number' located by 'By.xpath: //a[@ui-sref='admin.concernInfo.detail({id:concern.concernNr})']//span[contains(text(),'00040')]' not found)"/>
         <system-out><![CDATA[2018-08-22 11:19:50 - [TEST_CASE][FAILED] - Test Cases/New Folder/TC11 INTERNAL: Test Cases/New Folder/TC11 INTERNAL FAILED because (of) Unable to click on object 'Select_concern_number' (Root cause: com.kms.katalon.core.webui.exception.WebElementNotFoundException: Web element with id: 'Select_concern_number' located by 'By.xpath: //a[@ui-sref='admin.concernInfo.detail({id:concern.concernNr})']//span[contains(text(),'00040')]' not found)

2018-08-22 11:19:50 - [TEST_STEP][PASSED] - callTestCase: Call Test Case 'Test Cases/Login/TC1 Login to Mysdworx' successfully

2018-08-22 11:19:50 - [TEST_CASE][PASSED] - Test Cases/Login/TC1 Login to Mysdworx: Test Cases/Login/TC1 Login to Mysdworx

2018-08-22 11:19:50 - [TEST_STEP][PASSED] - openBrowser: Browser is opened with url: ''

2018-08-22 11:19:52 - [MESSAGE][PASSED] - Browser is opened with url: ''

2018-08-22 11:19:52 - [TEST_STEP][PASSED] - navigateToUrl: Navigate to 'https://internet.acc.sd.dika.be/ebloxreporting/web.sensitive/main/?lang=fr' successfully

2018-08-22 11:19:57 - [MESSAGE][PASSED] - Navigate to 'https://internet.acc.sd.dika.be/ebloxreporting/web.sensitive/main/?lang=fr' successfully

2018-08-22 11:19:57 - [TEST_STEP][PASSED] - maximizeWindow: Current window maximized

2018-08-22 11:19:58 - [MESSAGE][PASSED] - Current window maximized

2018-08-22 11:19:58 - [TEST_STEP][PASSED] - setText: Text 'DP_EBLOX_RPP_VASCO' is set on object 'Object Repository/Page_mysdworx - Log in/input_Username'

2018-08-22 11:20:02 - [MESSAGE][PASSED] - Text 'DP_EBLOX_RPP_VASCO' is set on object 'Object Repository/Page_mysdworx - Log in/input_Username'

2018-08-22 11:20:02 - [TEST_STEP][PASSED] - Statement - frame = new javax.swing.JFrame(User Input Frame): null

2018-08-22 11:20:02 - [TEST_STEP][PASSED] - Statement - frame.requestFocus(): null

2018-08-22 11:20:02 - [TEST_STEP][PASSED] - Statement - pass = javax.swing.JOptionPane.showInputDialog(frame, "Enter the password from token!!"): null

2018-08-22 11:20:04 - [TEST_STEP][PASSED] - delay: Delayed 2 second(s)

2018-08-22 11:20:06 - [MESSAGE][PASSED] - Delayed 2 second(s)

2018-08-22 11:20:06 - [TEST_STEP][PASSED] - setText: Text '503801' is set on object 'Object Repository/Page_mysdworx - Log in/input_Password'

2018-08-22 11:20:07 - [MESSAGE][PASSED] - Text '503801' is set on object 'Object Repository/Page_mysdworx - Log in/input_Password'

2018-08-22 11:20:07 - [TEST_STEP][PASSED] - click: Object: 'Object Repository/Page_mysdworx - Log in/button_Se connecter' is clicked on

2018-08-22 11:20:07 - [MESSAGE][PASSED] - Object: 'Object Repository/Page_mysdworx - Log in/button_Se connecter' is clicked on

2018-08-22 11:20:07 - [TEST_STEP][PASSED] - waitForPageLoad: Wait for page load successfully

2018-08-22 11:20:07 - [MESSAGE][PASSED] - Wait for page load successfully

2018-08-22 11:20:07 - [TEST_STEP][NOT_RUN] - closeBrowser: NOT_RUN: closeBrowser

2018-08-22 11:20:07 - [MESSAGE][NOT_RUN] - NOT_RUN: closeBrowser

2018-08-22 11:20:07 - [MESSAGE][PASSED] - Call Test Case 'Test Cases/Login/TC1 Login to Mysdworx' successfully

2018-08-22 11:20:07 - [TEST_STEP][PASSED] - waitForPageLoad: Wait for page load successfully

2018-08-22 11:20:07 - [MESSAGE][PASSED] - Wait for page load successfully

2018-08-22 11:20:07 - [TEST_STEP][PASSED] - callTestCase: Call Test Case 'Test Cases/Select Language/TC1 Verify NL language' successfully

2018-08-22 11:20:07 - [TEST_CASE][PASSED] - Test Cases/Select Language/TC1 Verify NL language: Test Cases/Select Language/TC1 Verify NL language

2018-08-22 11:20:07 - [TEST_STEP][PASSED] - waitForElementClickable: Object 'Object Repository/Change language link Obj/NL_language' is clickable

2018-08-22 11:20:28 - [MESSAGE][PASSED] - Object 'Object Repository/Change language link Obj/NL_language' is clickable

2018-08-22 11:20:28 - [TEST_STEP][PASSED] - click: Object: 'Object Repository/Change language link Obj/NL_language' is clicked on

2018-08-22 11:20:33 - [MESSAGE][PASSED] - Object: 'Object Repository/Change language link Obj/NL_language' is clicked on

2018-08-22 11:20:33 - [TEST_STEP][PASSED] - waitForPageLoad: Wait for page load successfully

2018-08-22 11:20:33 - [MESSAGE][PASSED] - Wait for page load successfully

2018-08-22 11:20:33 - [MESSAGE][PASSED] - Call Test Case 'Test Cases/Select Language/TC1 Verify NL language' successfully

2018-08-22 11:20:33 - [TEST_STEP][PASSED] - waitForPageLoad: Wait for page load successfully

2018-08-22 11:20:33 - [MESSAGE][PASSED] - Wait for page load successfully

2018-08-22 11:20:33 - [TEST_STEP][PASSED] - click: Object: 'Object Repository/Mes rapports Obj/New button dropdown' is clicked on

2018-08-22 11:20:36 - [MESSAGE][PASSED] - Object: 'Object Repository/Mes rapports Obj/New button dropdown' is clicked on

2018-08-22 11:20:36 - [TEST_STEP][PASSED] - click: Object: 'Object Repository/Mes rapports Obj/intern option' is clicked on

2018-08-22 11:20:36 - [MESSAGE][PASSED] - Object: 'Object Repository/Mes rapports Obj/intern option' is clicked on

2018-08-22 11:20:36 - [TEST_STEP][PASSED] - callTestCase: Call Test Case 'Test Cases/Mes rapports/Mes rapports - BASE DE RAPPORT/TC1  Verify radio button creer un tout nouveau rapport' successfully

2018-08-22 11:20:36 - [TEST_CASE][PASSED] - Test Cases/Mes rapports/Mes rapports - BASE DE RAPPORT/TC1  Verify radio button creer un tout nouveau rapport: Test Cases/Mes rapports/Mes rapports - BASE DE RAPPORT/TC1  Verify radio button creer un tout nouveau rapport

2018-08-22 11:20:36 - [TEST_STEP][PASSED] - Statement - radioButton = com.kms.katalon.core.webui.keyword.WebUiBuiltInKeywords.modifyObjectProperty(com.kms.katalon.core.testobject.ObjectRepository.findTestObject(Mes rapports Obj/BASE DE RAPPORT/radioButton_Creer un tout nouveau rapport), "name", "equals", "typeRapport", true): Modify property of object successfully

2018-08-22 11:20:36 - [MESSAGE][PASSED] - Modify property of object successfully

2018-08-22 11:20:36 - [TEST_STEP][PASSED] - click: Object: 'Object Repository/Mes rapports Obj/BASE DE RAPPORT/radioButton_Creer un tout nouveau rapport' is clicked on

2018-08-22 11:20:37 - [MESSAGE][PASSED] - Object: 'Object Repository/Mes rapports Obj/BASE DE RAPPORT/radioButton_Creer un tout nouveau rapport' is clicked on

2018-08-22 11:20:37 - [MESSAGE][PASSED] - Call Test Case 'Test Cases/Mes rapports/Mes rapports - BASE DE RAPPORT/TC1  Verify radio button creer un tout nouveau rapport' successfully

2018-08-22 11:20:37 - [TEST_STEP][PASSED] - callTestCase: Call Test Case 'Test Cases/Mes rapports/TC Verify the next button arrow' successfully

2018-08-22 11:20:37 - [TEST_CASE][PASSED] - Test Cases/Mes rapports/TC Verify the next button arrow: Test Cases/Mes rapports/TC Verify the next button arrow

2018-08-22 11:20:37 - [TEST_STEP][PASSED] - waitForElementClickable: Object 'Object Repository/Mes rapports Obj/button_Next_Arrow' is clickable

2018-08-22 11:20:37 - [MESSAGE][PASSED] - Object 'Object Repository/Mes rapports Obj/button_Next_Arrow' is clickable

2018-08-22 11:20:37 - [TEST_STEP][PASSED] - click: Object: 'Object Repository/Mes rapports Obj/button_Next_Arrow' is clicked on

2018-08-22 11:20:37 - [MESSAGE][PASSED] - Object: 'Object Repository/Mes rapports Obj/button_Next_Arrow' is clicked on

2018-08-22 11:20:37 - [TEST_STEP][PASSED] - delay: Delayed 5 second(s)

2018-08-22 11:20:42 - [MESSAGE][PASSED] - Delayed 5 second(s)

2018-08-22 11:20:42 - [MESSAGE][PASSED] - Call Test Case 'Test Cases/Mes rapports/TC Verify the next button arrow' successfully

2018-08-22 11:20:42 - [TEST_STEP][PASSED] - waitForPageLoad: Wait for page load successfully

2018-08-22 11:20:42 - [MESSAGE][PASSED] - Wait for page load successfully

2018-08-22 11:20:42 - [TEST_STEP][PASSED] - callTestCase: Call Test Case 'Test Cases/Mes rapports/Mes rapports - CONTENU/TC Verify input field INTERNAL' successfully

2018-08-22 11:20:42 - [TEST_CASE][PASSED] - Test Cases/Mes rapports/Mes rapports - CONTENU/TC Verify input field INTERNAL: Test Cases/Mes rapports/Mes rapports - CONTENU/TC Verify input field INTERNAL

2018-08-22 11:20:42 - [TEST_STEP][PASSED] - Statement - excelData = com.kms.katalon.core.testdata.TestDataFactory.findTestData(Data Files/Data/INTERNAL): Reading excel file with source file 'C:\Users\seeboruts\OneDrive - SD Worx\Desktop\test_DAta.xlsx' and sheet name 'INTERNAL'

2018-08-22 11:20:42 - [TEST_STEP][PASSED] - Statement - test = excelData.getRowNumbers(): null

2018-08-22 11:20:42 - [TEST_STEP][PASSED] - Statement - println("No of rows" + test): null

2018-08-22 11:20:42 - [TEST_STEP][PASSED] - Statement - For ([i = 1, i <= test, (i++)]): Object: 'Object Repository/Mes rapports Obj/CONTENU/click_Remove_text' is clicked on

2018-08-22 11:20:42 - [TEST_STEP][PASSED] - setText: Text 'Naam werknemer' is set on object 'Object Repository/Mes rapports Obj/CONTENU/input_Contenu_Selecteur'

2018-08-22 11:20:42 - [MESSAGE][PASSED] - Text 'Naam werknemer' is set on object 'Object Repository/Mes rapports Obj/CONTENU/input_Contenu_Selecteur'

2018-08-22 11:20:42 - [TEST_STEP][PASSED] - delay: Delayed 3 second(s)

2018-08-22 11:20:45 - [MESSAGE][PASSED] - Delayed 3 second(s)

2018-08-22 11:20:45 - [TEST_STEP][PASSED] - click: Object: 'Object Repository/Mes rapports Obj/CONTENU/Selecteur Obj NL/Naam werknemer' is clicked on

2018-08-22 11:20:45 - [MESSAGE][PASSED] - Object: 'Object Repository/Mes rapports Obj/CONTENU/Selecteur Obj NL/Naam werknemer' is clicked on

2018-08-22 11:20:45 - [TEST_STEP][PASSED] - delay: Delayed 3 second(s)

2018-08-22 11:20:48 - [MESSAGE][PASSED] - Delayed 3 second(s)

2018-08-22 11:20:48 - [TEST_STEP][PASSED] - click: Object: 'Object Repository/Mes rapports Obj/CONTENU/click_Remove_text' is clicked on

2018-08-22 11:20:49 - [MESSAGE][PASSED] - Object: 'Object Repository/Mes rapports Obj/CONTENU/click_Remove_text' is clicked on

2018-08-22 11:20:49 - [TEST_STEP][PASSED] - setText: Text 'Afdeling' is set on object 'Object Repository/Mes rapports Obj/CONTENU/input_Contenu_Selecteur'

2018-08-22 11:20:49 - [MESSAGE][PASSED] - Text 'Afdeling' is set on object 'Object Repository/Mes rapports Obj/CONTENU/input_Contenu_Selecteur'

2018-08-22 11:20:49 - [TEST_STEP][PASSED] - delay: Delayed 3 second(s)

2018-08-22 11:20:52 - [MESSAGE][PASSED] - Delayed 3 second(s)

2018-08-22 11:20:52 - [TEST_STEP][PASSED] - click: Object: 'Object Repository/Mes rapports Obj/CONTENU/Selecteur Obj NL/Afdeling' is clicked on

2018-08-22 11:20:52 - [MESSAGE][PASSED] - Object: 'Object Repository/Mes rapports Obj/CONTENU/Selecteur Obj NL/Afdeling' is clicked on

2018-08-22 11:20:52 - [TEST_STEP][PASSED] - delay: Delayed 3 second(s)

2018-08-22 11:20:55 - [MESSAGE][PASSED] - Delayed 3 second(s)

2018-08-22 11:20:55 - [TEST_STEP][PASSED] - click: Object: 'Object Repository/Mes rapports Obj/CONTENU/click_Remove_text' is clicked on

2018-08-22 11:20:55 - [MESSAGE][PASSED] - Object: 'Object Repository/Mes rapports Obj/CONTENU/click_Remove_text' is clicked on

2018-08-22 11:20:55 - [TEST_STEP][PASSED] - setText: Text 'Brutoloon' is set on object 'Object Repository/Mes rapports Obj/CONTENU/input_Contenu_Selecteur'

2018-08-22 11:20:55 - [MESSAGE][PASSED] - Text 'Brutoloon' is set on object 'Object Repository/Mes rapports Obj/CONTENU/input_Contenu_Selecteur'

2018-08-22 11:20:55 - [TEST_STEP][PASSED] - delay: Delayed 3 second(s)

2018-08-22 11:20:58 - [MESSAGE][PASSED] - Delayed 3 second(s)

2018-08-22 11:20:58 - [TEST_STEP][PASSED] - click: Object: 'Object Repository/Mes rapports Obj/CONTENU/Selecteur Obj NL/Brutoloon' is clicked on

2018-08-22 11:20:58 - [MESSAGE][PASSED] - Object: 'Object Repository/Mes rapports Obj/CONTENU/Selecteur Obj NL/Brutoloon' is clicked on

2018-08-22 11:20:58 - [TEST_STEP][PASSED] - delay: Delayed 3 second(s)

2018-08-22 11:21:01 - [MESSAGE][PASSED] - Delayed 3 second(s)

2018-08-22 11:21:01 - [TEST_STEP][PASSED] - click: Object: 'Object Repository/Mes rapports Obj/CONTENU/click_Remove_text' is clicked on

2018-08-22 11:21:02 - [MESSAGE][PASSED] - Object: 'Object Repository/Mes rapports Obj/CONTENU/click_Remove_text' is clicked on

2018-08-22 11:21:02 - [MESSAGE][PASSED] - Call Test Case 'Test Cases/Mes rapports/Mes rapports - CONTENU/TC Verify input field INTERNAL' successfully

2018-08-22 11:21:02 - [TEST_STEP][PASSED] - callTestCase: Call Test Case 'Test Cases/Mes rapports/TC Verify the next button arrow' successfully

2018-08-22 11:21:02 - [TEST_CASE][PASSED] - Test Cases/Mes rapports/TC Verify the next button arrow: Test Cases/Mes rapports/TC Verify the next button arrow

2018-08-22 11:21:02 - [TEST_STEP][PASSED] - waitForElementClickable: Object 'Object Repository/Mes rapports Obj/button_Next_Arrow' is clickable

2018-08-22 11:21:02 - [MESSAGE][PASSED] - Object 'Object Repository/Mes rapports Obj/button_Next_Arrow' is clickable

2018-08-22 11:21:02 - [TEST_STEP][PASSED] - click: Object: 'Object Repository/Mes rapports Obj/button_Next_Arrow' is clicked on

2018-08-22 11:21:02 - [MESSAGE][PASSED] - Object: 'Object Repository/Mes rapports Obj/button_Next_Arrow' is clicked on

2018-08-22 11:21:02 - [TEST_STEP][PASSED] - delay: Delayed 5 second(s)

2018-08-22 11:21:07 - [MESSAGE][PASSED] - Delayed 5 second(s)

2018-08-22 11:21:07 - [MESSAGE][PASSED] - Call Test Case 'Test Cases/Mes rapports/TC Verify the next button arrow' successfully

2018-08-22 11:21:07 - [TEST_STEP][PASSED] - waitForPageLoad: Wait for page load successfully

2018-08-22 11:21:07 - [MESSAGE][PASSED] - Wait for page load successfully

2018-08-22 11:21:07 - [TEST_STEP][PASSED] - callTestCase: Call Test Case 'Test Cases/Mes rapports/Mes rapports - SELECTION/Verify if checkbox is unchecked/TC 10 Deselect all checkbox' successfully

2018-08-22 11:21:07 - [TEST_CASE][PASSED] - Test Cases/Mes rapports/Mes rapports - SELECTION/Verify if checkbox is unchecked/TC 10 Deselect all checkbox: Test Cases/Mes rapports/Mes rapports - SELECTION/Verify if checkbox is unchecked/TC 10 Deselect all checkbox

2018-08-22 11:21:07 - [TEST_STEP][PASSED] - callTestCase: Call Test Case 'Test Cases/Mes rapports/Mes rapports - SELECTION/Verify if checkbox is unchecked/TC 1 Verify Contrats actifs checkbox  is un-checked' successfully

2018-08-22 11:21:07 - [TEST_CASE][PASSED] - Test Cases/Mes rapports/Mes rapports - SELECTION/Verify if checkbox is unchecked/TC 1 Verify Contrats actifs checkbox  is un-checked: Test Cases/Mes rapports/Mes rapports - SELECTION/Verify if checkbox is unchecked/TC 1 Verify Contrats actifs checkbox  is un-checked

2018-08-22 11:21:07 - [TEST_STEP][PASSED] - uncheck: Object 'Object Repository/Mes rapports Obj/SELECTION/Contrats actifs checkBox' is un-checked

2018-08-22 11:21:07 - [MESSAGE][PASSED] - Object 'Object Repository/Mes rapports Obj/SELECTION/Contrats actifs checkBox' is un-checked

2018-08-22 11:21:07 - [MESSAGE][PASSED] - Call Test Case 'Test Cases/Mes rapports/Mes rapports - SELECTION/Verify if checkbox is unchecked/TC 1 Verify Contrats actifs checkbox  is un-checked' successfully

2018-08-22 11:21:07 - [TEST_STEP][PASSED] - callTestCase: Call Test Case 'Test Cases/Mes rapports/Mes rapports - SELECTION/Verify if checkbox is unchecked/TC 2 VErify Dossier and Groupe checkBox  is un-checked' successfully

2018-08-22 11:21:07 - [TEST_CASE][PASSED] - Test Cases/Mes rapports/Mes rapports - SELECTION/Verify if checkbox is unchecked/TC 2 VErify Dossier and Groupe checkBox  is un-checked: Test Cases/Mes rapports/Mes rapports - SELECTION/Verify if checkbox is unchecked/TC 2 VErify Dossier and Groupe checkBox  is un-checked

2018-08-22 11:21:07 - [TEST_STEP][PASSED] - uncheck: Object 'Object Repository/Mes rapports Obj/SELECTION/Dossier and Groupe checkbox' is un-checked

2018-08-22 11:21:07 - [MESSAGE][PASSED] - Object 'Object Repository/Mes rapports Obj/SELECTION/Dossier and Groupe checkbox' is un-checked

2018-08-22 11:21:07 - [MESSAGE][PASSED] - Call Test Case 'Test Cases/Mes rapports/Mes rapports - SELECTION/Verify if checkbox is unchecked/TC 2 VErify Dossier and Groupe checkBox  is un-checked' successfully

2018-08-22 11:21:07 - [TEST_STEP][PASSED] - callTestCase: Call Test Case 'Test Cases/Mes rapports/Mes rapports - SELECTION/Verify if checkbox is unchecked/TC 3 Verify Travailleur checkBox  is un-checked' successfully

2018-08-22 11:21:07 - [TEST_CASE][PASSED] - Test Cases/Mes rapports/Mes rapports - SELECTION/Verify if checkbox is unchecked/TC 3 Verify Travailleur checkBox  is un-checked: Test Cases/Mes rapports/Mes rapports - SELECTION/Verify if checkbox is unchecked/TC 3 Verify Travailleur checkBox  is un-checked

2018-08-22 11:21:08 - [TEST_STEP][PASSED] - uncheck: Object 'Object Repository/Mes rapports Obj/SELECTION/Travailleur checkbox' is un-checked

2018-08-22 11:21:08 - [MESSAGE][PASSED] - Object 'Object Repository/Mes rapports Obj/SELECTION/Travailleur checkbox' is un-checked

2018-08-22 11:21:08 - [MESSAGE][PASSED] - Call Test Case 'Test Cases/Mes rapports/Mes rapports - SELECTION/Verify if checkbox is unchecked/TC 3 Verify Travailleur checkBox  is un-checked' successfully

2018-08-22 11:21:08 - [TEST_STEP][PASSED] - callTestCase: Call Test Case 'Test Cases/Mes rapports/Mes rapports - SELECTION/Verify if checkbox is unchecked/TC 4 Verify Departement checkBox  is un-checked' successfully

2018-08-22 11:21:08 - [TEST_CASE][PASSED] - Test Cases/Mes rapports/Mes rapports - SELECTION/Verify if checkbox is unchecked/TC 4 Verify Departement checkBox  is un-checked: Test Cases/Mes rapports/Mes rapports - SELECTION/Verify if checkbox is unchecked/TC 4 Verify Departement checkBox  is un-checked

2018-08-22 11:21:08 - [TEST_STEP][PASSED] - uncheck: Object 'Object Repository/Mes rapports Obj/SELECTION/Departement checkbox' is un-checked

2018-08-22 11:21:08 - [MESSAGE][PASSED] - Object 'Object Repository/Mes rapports Obj/SELECTION/Departement checkbox' is un-checked

2018-08-22 11:21:08 - [MESSAGE][PASSED] - Call Test Case 'Test Cases/Mes rapports/Mes rapports - SELECTION/Verify if checkbox is unchecked/TC 4 Verify Departement checkBox  is un-checked' successfully

2018-08-22 11:21:08 - [TEST_STEP][PASSED] - callTestCase: Call Test Case 'Test Cases/Mes rapports/Mes rapports - SELECTION/Verify if checkbox is unchecked/TC 5 Verify Caractere juridique du contract checBox  is un-checked' successfully

2018-08-22 11:21:08 - [TEST_CASE][PASSED] - Test Cases/Mes rapports/Mes rapports - SELECTION/Verify if checkbox is unchecked/TC 5 Verify Caractere juridique du contract checBox  is un-checked: Test Cases/Mes rapports/Mes rapports - SELECTION/Verify if checkbox is unchecked/TC 5 Verify Caractere juridique du contract checBox  is un-checked

2018-08-22 11:21:08 - [TEST_STEP][PASSED] - uncheck: Object 'Object Repository/Mes rapports Obj/SELECTION/Caractere juridique de contrat' is un-checked

2018-08-22 11:21:08 - [MESSAGE][PASSED] - Object 'Object Repository/Mes rapports Obj/SELECTION/Caractere juridique de contrat' is un-checked

2018-08-22 11:21:08 - [MESSAGE][PASSED] - Call Test Case 'Test Cases/Mes rapports/Mes rapports - SELECTION/Verify if checkbox is unchecked/TC 5 Verify Caractere juridique du contract checBox  is un-checked' successfully

2018-08-22 11:21:08 - [TEST_STEP][PASSED] - callTestCase: Call Test Case 'Test Cases/Mes rapports/Mes rapports - SELECTION/Verify if checkbox is unchecked/TC 6 Verify Pays de naissance checkBox  is un-checked' successfully

2018-08-22 11:21:08 - [TEST_CASE][PASSED] - Test Cases/Mes rapports/Mes rapports - SELECTION/Verify if checkbox is unchecked/TC 6 Verify Pays de naissance checkBox  is un-checked: Test Cases/Mes rapports/Mes rapports - SELECTION/Verify if checkbox is unchecked/TC 6 Verify Pays de naissance checkBox  is un-checked

2018-08-22 11:21:08 - [TEST_STEP][PASSED] - uncheck: Object 'Object Repository/Mes rapports Obj/SELECTION/Pays de naisssance checkbox' is un-checked

2018-08-22 11:21:08 - [MESSAGE][PASSED] - Object 'Object Repository/Mes rapports Obj/SELECTION/Pays de naisssance checkbox' is un-checked

2018-08-22 11:21:08 - [MESSAGE][PASSED] - Call Test Case 'Test Cases/Mes rapports/Mes rapports - SELECTION/Verify if checkbox is unchecked/TC 6 Verify Pays de naissance checkBox  is un-checked' successfully

2018-08-22 11:21:08 - [TEST_STEP][PASSED] - callTestCase: Call Test Case 'Test Cases/Mes rapports/Mes rapports - SELECTION/Verify if checkbox is unchecked/TC 7 Verify Sexe checkBox  is un-checked' successfully

2018-08-22 11:21:08 - [TEST_CASE][PASSED] - Test Cases/Mes rapports/Mes rapports - SELECTION/Verify if checkbox is unchecked/TC 7 Verify Sexe checkBox  is un-checked: Test Cases/Mes rapports/Mes rapports - SELECTION/Verify if checkbox is unchecked/TC 7 Verify Sexe checkBox  is un-checked

2018-08-22 11:21:08 - [TEST_STEP][PASSED] - uncheck: Object 'Object Repository/Mes rapports Obj/SELECTION/Sexe checkbox' is un-checked

2018-08-22 11:21:08 - [MESSAGE][PASSED] - Object 'Object Repository/Mes rapports Obj/SELECTION/Sexe checkbox' is un-checked

2018-08-22 11:21:08 - [MESSAGE][PASSED] - Call Test Case 'Test Cases/Mes rapports/Mes rapports - SELECTION/Verify if checkbox is unchecked/TC 7 Verify Sexe checkBox  is un-checked' successfully

2018-08-22 11:21:08 - [TEST_STEP][PASSED] - callTestCase: Call Test Case 'Test Cases/Mes rapports/Mes rapports - SELECTION/Verify if checkbox is unchecked/TC 8 Verify Mode de remuneration checkBox  is un-checked' successfully

2018-08-22 11:21:08 - [TEST_CASE][PASSED] - Test Cases/Mes rapports/Mes rapports - SELECTION/Verify if checkbox is unchecked/TC 8 Verify Mode de remuneration checkBox  is un-checked: Test Cases/Mes rapports/Mes rapports - SELECTION/Verify if checkbox is unchecked/TC 8 Verify Mode de remuneration checkBox  is un-checked

2018-08-22 11:21:08 - [TEST_STEP][PASSED] - uncheck: Object 'Object Repository/Mes rapports Obj/SELECTION/Mode de remuneration checkbox' is un-checked

2018-08-22 11:21:08 - [MESSAGE][PASSED] - Object 'Object Repository/Mes rapports Obj/SELECTION/Mode de remuneration checkbox' is un-checked

2018-08-22 11:21:08 - [MESSAGE][PASSED] - Call Test Case 'Test Cases/Mes rapports/Mes rapports - SELECTION/Verify if checkbox is unchecked/TC 8 Verify Mode de remuneration checkBox  is un-checked' successfully

2018-08-22 11:21:08 - [TEST_STEP][PASSED] - callTestCase: Call Test Case 'Test Cases/Mes rapports/Mes rapports - SELECTION/Verify if checkbox is unchecked/TC 9 Verify Suspension checkBox  is un-checked' successfully

2018-08-22 11:21:08 - [TEST_CASE][PASSED] - Test Cases/Mes rapports/Mes rapports - SELECTION/Verify if checkbox is unchecked/TC 9 Verify Suspension checkBox  is un-checked: Test Cases/Mes rapports/Mes rapports - SELECTION/Verify if checkbox is unchecked/TC 9 Verify Suspension checkBox  is un-checked

2018-08-22 11:21:08 - [TEST_STEP][PASSED] - uncheck: Object 'Object Repository/Mes rapports Obj/SELECTION/Suspension checkbox' is un-checked

2018-08-22 11:21:08 - [MESSAGE][PASSED] - Object 'Object Repository/Mes rapports Obj/SELECTION/Suspension checkbox' is un-checked

2018-08-22 11:21:08 - [MESSAGE][PASSED] - Call Test Case 'Test Cases/Mes rapports/Mes rapports - SELECTION/Verify if checkbox is unchecked/TC 9 Verify Suspension checkBox  is un-checked' successfully

2018-08-22 11:21:08 - [MESSAGE][PASSED] - Call Test Case 'Test Cases/Mes rapports/Mes rapports - SELECTION/Verify if checkbox is unchecked/TC 10 Deselect all checkbox' successfully

2018-08-22 11:21:08 - [TEST_STEP][PASSED] - callTestCase: Call Test Case 'Test Cases/Mes rapports/TC Verify the next button arrow' successfully

2018-08-22 11:21:08 - [TEST_CASE][PASSED] - Test Cases/Mes rapports/TC Verify the next button arrow: Test Cases/Mes rapports/TC Verify the next button arrow

2018-08-22 11:21:08 - [TEST_STEP][PASSED] - waitForElementClickable: Object 'Object Repository/Mes rapports Obj/button_Next_Arrow' is clickable

2018-08-22 11:21:08 - [MESSAGE][PASSED] - Object 'Object Repository/Mes rapports Obj/button_Next_Arrow' is clickable

2018-08-22 11:21:08 - [TEST_STEP][PASSED] - click: Object: 'Object Repository/Mes rapports Obj/button_Next_Arrow' is clicked on

2018-08-22 11:21:08 - [MESSAGE][PASSED] - Object: 'Object Repository/Mes rapports Obj/button_Next_Arrow' is clicked on

2018-08-22 11:21:08 - [TEST_STEP][PASSED] - delay: Delayed 5 second(s)

2018-08-22 11:21:13 - [MESSAGE][PASSED] - Delayed 5 second(s)

2018-08-22 11:21:13 - [MESSAGE][PASSED] - Call Test Case 'Test Cases/Mes rapports/TC Verify the next button arrow' successfully

2018-08-22 11:21:13 - [TEST_STEP][PASSED] - waitForPageLoad: Wait for page load successfully

2018-08-22 11:21:13 - [MESSAGE][PASSED] - Wait for page load successfully

2018-08-22 11:21:13 - [TEST_STEP][PASSED] - waitForElementClickable: Object 'Object Repository/Mes rapports Obj/EXECUTION/Button executer' is clickable

2018-08-22 11:21:14 - [MESSAGE][PASSED] - Object 'Object Repository/Mes rapports Obj/EXECUTION/Button executer' is clickable

2018-08-22 11:21:14 - [TEST_STEP][PASSED] - click: Object: 'Object Repository/Mes rapports Obj/EXECUTION/Button executer' is clicked on

2018-08-22 11:21:14 - [MESSAGE][PASSED] - Object: 'Object Repository/Mes rapports Obj/EXECUTION/Button executer' is clicked on

2018-08-22 11:21:14 - [TEST_STEP][PASSED] - waitForPageLoad: Wait for page load successfully

2018-08-22 11:21:14 - [MESSAGE][PASSED] - Wait for page load successfully

2018-08-22 11:21:14 - [TEST_STEP][PASSED] - callTestCase: Call Test Case 'Test Cases/Mes rapports/TC Verify the next button arrow' successfully

2018-08-22 11:21:14 - [TEST_CASE][PASSED] - Test Cases/Mes rapports/TC Verify the next button arrow: Test Cases/Mes rapports/TC Verify the next button arrow

2018-08-22 11:21:14 - [TEST_STEP][PASSED] - waitForElementClickable: Object 'Object Repository/Mes rapports Obj/button_Next_Arrow' is clickable

2018-08-22 11:21:14 - [MESSAGE][PASSED] - Object 'Object Repository/Mes rapports Obj/button_Next_Arrow' is clickable

2018-08-22 11:21:14 - [TEST_STEP][PASSED] - click: Object: 'Object Repository/Mes rapports Obj/button_Next_Arrow' is clicked on

2018-08-22 11:21:14 - [MESSAGE][PASSED] - Object: 'Object Repository/Mes rapports Obj/button_Next_Arrow' is clicked on

2018-08-22 11:21:14 - [TEST_STEP][PASSED] - delay: Delayed 5 second(s)

2018-08-22 11:21:19 - [MESSAGE][PASSED] - Delayed 5 second(s)

2018-08-22 11:21:19 - [MESSAGE][PASSED] - Call Test Case 'Test Cases/Mes rapports/TC Verify the next button arrow' successfully

2018-08-22 11:21:19 - [TEST_STEP][PASSED] - waitForPageLoad: Wait for page load successfully

2018-08-22 11:21:19 - [MESSAGE][PASSED] - Wait for page load successfully

2018-08-22 11:21:19 - [TEST_STEP][PASSED] - waitForElementPresent: Object 'Object Repository/Mes rapports Obj/PROPRIETES/Generalites - input name' is present

2018-08-22 11:21:19 - [MESSAGE][PASSED] - Object 'Object Repository/Mes rapports Obj/PROPRIETES/Generalites - input name' is present

2018-08-22 11:21:19 - [TEST_STEP][PASSED] - waitForElementClickable: Object 'Object Repository/Mes rapports Obj/PROPRIETES/Name - Language dropdown' is clickable

2018-08-22 11:21:19 - [MESSAGE][PASSED] - Object 'Object Repository/Mes rapports Obj/PROPRIETES/Name - Language dropdown' is clickable

2018-08-22 11:21:19 - [TEST_STEP][PASSED] - click: Object: 'Object Repository/Mes rapports Obj/PROPRIETES/Name - Language dropdown' is clicked on

2018-08-22 11:21:19 - [MESSAGE][PASSED] - Object: 'Object Repository/Mes rapports Obj/PROPRIETES/Name - Language dropdown' is clicked on

2018-08-22 11:21:19 - [TEST_STEP][PASSED] - delay: Delayed 1 second(s)

2018-08-22 11:21:20 - [MESSAGE][PASSED] - Delayed 1 second(s)

2018-08-22 11:21:20 - [TEST_STEP][PASSED] - click: Object: 'Object Repository/Mes rapports Obj/PROPRIETES/Name - Francais' is clicked on

2018-08-22 11:21:20 - [MESSAGE][PASSED] - Object: 'Object Repository/Mes rapports Obj/PROPRIETES/Name - Francais' is clicked on

2018-08-22 11:21:20 - [TEST_STEP][PASSED] - focus: Object: 'Object Repository/Mes rapports Obj/PROPRIETES/Generalites - input name' is focused

2018-08-22 11:21:20 - [MESSAGE][PASSED] - Object: 'Object Repository/Mes rapports Obj/PROPRIETES/Generalites - input name' is focused

2018-08-22 11:21:20 - [TEST_STEP][PASSED] - setText: Text 'TEST REG IPS 12.08.2018' is set on object 'Object Repository/Mes rapports Obj/PROPRIETES/Generalites - input name'

2018-08-22 11:21:20 - [MESSAGE][PASSED] - Text 'TEST REG IPS 12.08.2018' is set on object 'Object Repository/Mes rapports Obj/PROPRIETES/Generalites - input name'

2018-08-22 11:21:20 - [TEST_STEP][PASSED] - Statement - map = com.kms.katalon.core.webui.keyword.WebUiBuiltInKeywords.modifyObjectProperty(com.kms.katalon.core.testobject.ObjectRepository.findTestObject(Mes rapports Obj/PROPRIETES/Generalities - Dossier dropdown), "xpath", "contains", "//*[@id="s2id_autogen17"]/a", true): Modify property of object successfully

2018-08-22 11:21:20 - [MESSAGE][PASSED] - Modify property of object successfully

2018-08-22 11:21:20 - [TEST_STEP][PASSED] - click: Object: 'Object Repository/Mes rapports Obj/PROPRIETES/Generalities - Dossier dropdown' is clicked on

2018-08-22 11:21:21 - [MESSAGE][PASSED] - Object: 'Object Repository/Mes rapports Obj/PROPRIETES/Generalities - Dossier dropdown' is clicked on

2018-08-22 11:21:21 - [TEST_STEP][PASSED] - delay: Delayed 1 second(s)

2018-08-22 11:21:22 - [MESSAGE][PASSED] - Delayed 1 second(s)

2018-08-22 11:21:22 - [TEST_STEP][PASSED] - Statement - mapName = new com.kms.katalon.core.testobject.TestObject(Select_map_name): null

2018-08-22 11:21:22 - [TEST_STEP][PASSED] - Statement - mapName.addProperty("xpath", EQUALS, "//div[contains(text(),'TEST REG IPS DATUM')]"): null

2018-08-22 11:21:22 - [TEST_STEP][PASSED] - click: Object: 'Select_map_name' is clicked on

2018-08-22 11:21:22 - [MESSAGE][PASSED] - Object: 'Select_map_name' is clicked on

2018-08-22 11:21:22 - [TEST_STEP][PASSED] - Statement - sauvegarder_Button = com.kms.katalon.core.webui.keyword.WebUiBuiltInKeywords.modifyObjectProperty(com.kms.katalon.core.testobject.ObjectRepository.findTestObject(Page_eBlox Reporting/button_Sauvegarder), "xpath", "equals", "//button[contains(text(),'Opslaan')]", true): Modify property of object successfully

2018-08-22 11:21:22 - [MESSAGE][PASSED] - Modify property of object successfully

2018-08-22 11:21:22 - [TEST_STEP][PASSED] - click: Object: 'Object Repository/Page_eBlox Reporting/button_Sauvegarder' is clicked on

2018-08-22 11:21:22 - [MESSAGE][PASSED] - Object: 'Object Repository/Page_eBlox Reporting/button_Sauvegarder' is clicked on

2018-08-22 11:21:22 - [TEST_STEP][PASSED] - waitForPageLoad: Wait for page load successfully

2018-08-22 11:21:22 - [MESSAGE][PASSED] - Wait for page load successfully

2018-08-22 11:21:22 - [TEST_STEP][NOT_RUN] - click: NOT_RUN: click

2018-08-22 11:21:22 - [MESSAGE][NOT_RUN] - NOT_RUN: click

2018-08-22 11:21:22 - [TEST_STEP][PASSED] - waitForPageLoad: Wait for page load successfully

2018-08-22 11:21:22 - [MESSAGE][PASSED] - Wait for page load successfully

2018-08-22 11:21:22 - [TEST_STEP][PASSED] - waitForElementClickable: Object 'Object Repository/Admin Obj/Admin_tab' is clickable

2018-08-22 11:21:22 - [MESSAGE][PASSED] - Object 'Object Repository/Admin Obj/Admin_tab' is clickable

2018-08-22 11:21:22 - [TEST_STEP][PASSED] - click: Object: 'Object Repository/Admin Obj/Admin_tab' is clicked on

2018-08-22 11:21:22 - [MESSAGE][PASSED] - Object: 'Object Repository/Admin Obj/Admin_tab' is clicked on

2018-08-22 11:21:22 - [TEST_STEP][PASSED] - click: Object: 'Object Repository/Admin Obj/Concerns' is clicked on

2018-08-22 11:21:22 - [MESSAGE][PASSED] - Object: 'Object Repository/Admin Obj/Concerns' is clicked on

2018-08-22 11:21:22 - [TEST_STEP][PASSED] - waitForPageLoad: Wait for page load successfully

2018-08-22 11:21:22 - [MESSAGE][PASSED] - Wait for page load successfully

2018-08-22 11:21:22 - [TEST_STEP][PASSED] - Statement - selectConcern = new com.kms.katalon.core.testobject.TestObject(Select_concern_number): null

2018-08-22 11:21:22 - [TEST_STEP][PASSED] - Statement - selectConcern.addProperty("xpath", EQUALS, "//a[@ui-sref='admin.concernInfo.detail({id:concern.concernNr})']//span[contains(text(),'00040')]"): null

2018-08-22 11:21:22 - [TEST_STEP][FAILED] - click: Unable to click on object 'Select_concern_number' (Root cause: com.kms.katalon.core.webui.exception.WebElementNotFoundException: Web element with id: 'Select_concern_number' located by 'By.xpath: //a[@ui-sref='admin.concernInfo.detail({id:concern.concernNr})']//span[contains(text(),'00040')]' not found)

2018-08-22 11:21:53 - [MESSAGE][FAILED] - Unable to click on object 'Select_concern_number' (Root cause: com.kms.katalon.core.webui.exception.WebElementNotFoundException: Web element with id: 'Select_concern_number' located by 'By.xpath: //a[@ui-sref='admin.concernInfo.detail({id:concern.concernNr})']//span[contains(text(),'00040')]' not found)
[[ATTACHMENT|C:\\Users\\seeboruts\\OneDrive - SD Worx\\Desktop\\Katalon_eBlox_Reporting\\Reports\\testing\\Demo\\20180822_110153\\1534922513541.png]]]]></system-out>
         <system-err><![CDATA[2018-08-22 11:19:50 - [TEST_CASE][FAILED] - Test Cases/New Folder/TC11 INTERNAL: Test Cases/New Folder/TC11 INTERNAL FAILED because (of) Unable to click on object 'Select_concern_number' (Root cause: com.kms.katalon.core.webui.exception.WebElementNotFoundException: Web element with id: 'Select_concern_number' located by 'By.xpath: //a[@ui-sref='admin.concernInfo.detail({id:concern.concernNr})']//span[contains(text(),'00040')]' not found)]]></system-err>
      </testcase>
      <testcase name="Test Cases/New Folder/TC5 BASIC" classname="Test Cases/New Folder/TC5 BASIC" status="FAILED">
         <failure type="FAILED" message="Unable to click on object 'Object Repository/Mes rapports Obj/EXECUTION/Graphique button' (Root cause: org.openqa.selenium.WebDriverException: unknown error: Element &lt;a class=&quot;btn btn-default&quot; ng-class=&quot;{'btn-secondary':pagevm.uitvoeringVisualisatie === 3}&quot; ng-disabled=&quot;pagevm.processing || !pagevm.rapportExecuted || !pagevm.rapport.hasGrafieken&quot; ng-click=&quot;pagevm.changeVisualisation(parametersvm.rapport,uitvoeringParametersForm,3)&quot; disabled=&quot;disabled&quot;>...&lt;/a> is not clickable at point (1294, 392). Other element would receive the click: &lt;div class=&quot;btn-group&quot;>...&lt;/div>
  (Session info: chrome=68.0.3440.106)
  (Driver info: chromedriver=2.35.528161 (5b82f2d2aae0ca24b877009200ced9065a772e73),platform=Windows NT 10.0.16299 x86_64) (WARNING: The server did not provide any stacktrace information)
Command duration or timeout: 0 milliseconds
Build info: version: '3.7.1', revision: '8a0099a', time: '2017-11-06T21:07:36.161Z'
System info: host: '5CG7062KWD', ip: '10.136.82.137', os.name: 'Windows 10', os.arch: 'amd64', os.version: '10.0', java.version: '1.8.0_181'
Driver info: com.kms.katalon.selenium.driver.CChromeDriver
Capabilities {acceptInsecureCerts: false, acceptSslCerts: false, applicationCacheEnabled: false, browserConnectionEnabled: false, browserName: chrome, chrome: {chromedriverVersion: 2.35.528161 (5b82f2d2aae0ca..., userDataDir: C:\Users\SEEBOR~1\AppData\L...}, cssSelectorsEnabled: true, databaseEnabled: false, handlesAlerts: true, hasTouchScreen: false, javascriptEnabled: true, locationContextEnabled: true, mobileEmulationEnabled: false, nativeEvents: true, networkConnectionEnabled: false, pageLoadStrategy: normal, platform: XP, platformName: XP, rotatable: false, setWindowRect: true, takesHeapSnapshot: true, takesScreenshot: true, unexpectedAlertBehaviour: , unhandledPromptBehavior: , version: 68.0.3440.106, webStorageEnabled: true}
Session ID: 443352923012e922b57d998f4edbc924)"/>
         <system-out><![CDATA[2018-08-22 11:21:53 - [TEST_CASE][FAILED] - Test Cases/New Folder/TC5 BASIC: Test Cases/New Folder/TC5 BASIC FAILED because (of) Unable to click on object 'Object Repository/Mes rapports Obj/EXECUTION/Graphique button' (Root cause: org.openqa.selenium.WebDriverException: unknown error: Element <a class="btn btn-default" ng-class="{'btn-secondary':pagevm.uitvoeringVisualisatie === 3}" ng-disabled="pagevm.processing || !pagevm.rapportExecuted || !pagevm.rapport.hasGrafieken" ng-click="pagevm.changeVisualisation(parametersvm.rapport,uitvoeringParametersForm,3)" disabled="disabled">...</a> is not clickable at point (1294, 392). Other element would receive the click: <div class="btn-group">...</div>
  (Session info: chrome=68.0.3440.106)
  (Driver info: chromedriver=2.35.528161 (5b82f2d2aae0ca24b877009200ced9065a772e73),platform=Windows NT 10.0.16299 x86_64) (WARNING: The server did not provide any stacktrace information)
Command duration or timeout: 0 milliseconds
Build info: version: '3.7.1', revision: '8a0099a', time: '2017-11-06T21:07:36.161Z'
System info: host: '5CG7062KWD', ip: '10.136.82.137', os.name: 'Windows 10', os.arch: 'amd64', os.version: '10.0', java.version: '1.8.0_181'
Driver info: com.kms.katalon.selenium.driver.CChromeDriver
Capabilities {acceptInsecureCerts: false, acceptSslCerts: false, applicationCacheEnabled: false, browserConnectionEnabled: false, browserName: chrome, chrome: {chromedriverVersion: 2.35.528161 (5b82f2d2aae0ca..., userDataDir: C:\Users\SEEBOR~1\AppData\L...}, cssSelectorsEnabled: true, databaseEnabled: false, handlesAlerts: true, hasTouchScreen: false, javascriptEnabled: true, locationContextEnabled: true, mobileEmulationEnabled: false, nativeEvents: true, networkConnectionEnabled: false, pageLoadStrategy: normal, platform: XP, platformName: XP, rotatable: false, setWindowRect: true, takesHeapSnapshot: true, takesScreenshot: true, unexpectedAlertBehaviour: , unhandledPromptBehavior: , version: 68.0.3440.106, webStorageEnabled: true}
Session ID: 443352923012e922b57d998f4edbc924)

2018-08-22 11:21:54 - [TEST_STEP][PASSED] - callTestCase: Call Test Case 'Test Cases/Login/TC1 Login to Mysdworx' successfully

2018-08-22 11:21:54 - [TEST_CASE][PASSED] - Test Cases/Login/TC1 Login to Mysdworx: Test Cases/Login/TC1 Login to Mysdworx

2018-08-22 11:21:54 - [TEST_STEP][PASSED] - openBrowser: Browser is opened with url: ''

2018-08-22 11:21:54 - [MESSAGE][WARNING] - A browser is already opened. Closing browser and opening a new one

2018-08-22 11:21:56 - [MESSAGE][PASSED] - Browser is opened with url: ''

2018-08-22 11:21:56 - [TEST_STEP][PASSED] - navigateToUrl: Navigate to 'https://internet.acc.sd.dika.be/ebloxreporting/web.sensitive/main/?lang=fr' successfully

2018-08-22 11:22:01 - [MESSAGE][PASSED] - Navigate to 'https://internet.acc.sd.dika.be/ebloxreporting/web.sensitive/main/?lang=fr' successfully

2018-08-22 11:22:01 - [TEST_STEP][PASSED] - maximizeWindow: Current window maximized

2018-08-22 11:22:02 - [MESSAGE][PASSED] - Current window maximized

2018-08-22 11:22:02 - [TEST_STEP][PASSED] - setText: Text 'DP_EBLOX_RPP_VASCO' is set on object 'Object Repository/Page_mysdworx - Log in/input_Username'

2018-08-22 11:22:06 - [MESSAGE][PASSED] - Text 'DP_EBLOX_RPP_VASCO' is set on object 'Object Repository/Page_mysdworx - Log in/input_Username'

2018-08-22 11:22:06 - [TEST_STEP][PASSED] - Statement - frame = new javax.swing.JFrame(User Input Frame): null

2018-08-22 11:22:06 - [TEST_STEP][PASSED] - Statement - frame.requestFocus(): null

2018-08-22 11:22:06 - [TEST_STEP][PASSED] - Statement - pass = javax.swing.JOptionPane.showInputDialog(frame, "Enter the password from token!!"): null

2018-08-22 11:22:14 - [TEST_STEP][PASSED] - delay: Delayed 2 second(s)

2018-08-22 11:22:16 - [MESSAGE][PASSED] - Delayed 2 second(s)

2018-08-22 11:22:16 - [TEST_STEP][PASSED] - setText: Text '225787' is set on object 'Object Repository/Page_mysdworx - Log in/input_Password'

2018-08-22 11:22:16 - [MESSAGE][PASSED] - Text '225787' is set on object 'Object Repository/Page_mysdworx - Log in/input_Password'

2018-08-22 11:22:16 - [TEST_STEP][PASSED] - click: Object: 'Object Repository/Page_mysdworx - Log in/button_Se connecter' is clicked on

2018-08-22 11:22:16 - [MESSAGE][PASSED] - Object: 'Object Repository/Page_mysdworx - Log in/button_Se connecter' is clicked on

2018-08-22 11:22:16 - [TEST_STEP][PASSED] - waitForPageLoad: Wait for page load successfully

2018-08-22 11:22:16 - [MESSAGE][PASSED] - Wait for page load successfully

2018-08-22 11:22:16 - [TEST_STEP][NOT_RUN] - closeBrowser: NOT_RUN: closeBrowser

2018-08-22 11:22:16 - [MESSAGE][NOT_RUN] - NOT_RUN: closeBrowser

2018-08-22 11:22:16 - [MESSAGE][PASSED] - Call Test Case 'Test Cases/Login/TC1 Login to Mysdworx' successfully

2018-08-22 11:22:16 - [TEST_STEP][PASSED] - waitForPageLoad: Wait for page load successfully

2018-08-22 11:22:16 - [MESSAGE][PASSED] - Wait for page load successfully

2018-08-22 11:22:16 - [TEST_STEP][PASSED] - callTestCase: Call Test Case 'Test Cases/Select Language/TC1 Verify NL language' successfully

2018-08-22 11:22:16 - [TEST_CASE][PASSED] - Test Cases/Select Language/TC1 Verify NL language: Test Cases/Select Language/TC1 Verify NL language

2018-08-22 11:22:16 - [TEST_STEP][PASSED] - waitForElementClickable: Object 'Object Repository/Change language link Obj/NL_language' is clickable

2018-08-22 11:22:39 - [MESSAGE][PASSED] - Object 'Object Repository/Change language link Obj/NL_language' is clickable

2018-08-22 11:22:39 - [TEST_STEP][PASSED] - click: Object: 'Object Repository/Change language link Obj/NL_language' is clicked on

2018-08-22 11:22:45 - [MESSAGE][PASSED] - Object: 'Object Repository/Change language link Obj/NL_language' is clicked on

2018-08-22 11:22:45 - [TEST_STEP][PASSED] - waitForPageLoad: Wait for page load successfully

2018-08-22 11:22:45 - [MESSAGE][PASSED] - Wait for page load successfully

2018-08-22 11:22:45 - [MESSAGE][PASSED] - Call Test Case 'Test Cases/Select Language/TC1 Verify NL language' successfully

2018-08-22 11:22:45 - [TEST_STEP][PASSED] - waitForPageLoad: Wait for page load successfully

2018-08-22 11:22:45 - [MESSAGE][PASSED] - Wait for page load successfully

2018-08-22 11:22:45 - [TEST_STEP][PASSED] - callTestCase: Call Test Case 'Test Cases/Mes rapports/Main Page/TC Verify Mes rapports tab' successfully

2018-08-22 11:22:45 - [TEST_CASE][PASSED] - Test Cases/Mes rapports/Main Page/TC Verify Mes rapports tab: Test Cases/Mes rapports/Main Page/TC Verify Mes rapports tab

2018-08-22 11:22:45 - [TEST_STEP][PASSED] - click: Object: 'Object Repository/Mes rapports Obj/Mes rapports_tab' is clicked on

2018-08-22 11:22:45 - [MESSAGE][PASSED] - Object: 'Object Repository/Mes rapports Obj/Mes rapports_tab' is clicked on

2018-08-22 11:22:45 - [MESSAGE][PASSED] - Call Test Case 'Test Cases/Mes rapports/Main Page/TC Verify Mes rapports tab' successfully

2018-08-22 11:22:45 - [TEST_STEP][PASSED] - setText: Text 'TEST 2 MAU JAN 2018 (sanjiv)' is set on object 'Object Repository/Mes rapports Obj/input search filter'

2018-08-22 11:22:48 - [MESSAGE][PASSED] - Text 'TEST 2 MAU JAN 2018 (sanjiv)' is set on object 'Object Repository/Mes rapports Obj/input search filter'

2018-08-22 11:22:48 - [TEST_STEP][PASSED] - click: Object: 'Object Repository/Page_eBlox Reporting/Search_Icon' is clicked on

2018-08-22 11:22:48 - [MESSAGE][PASSED] - Object: 'Object Repository/Page_eBlox Reporting/Search_Icon' is clicked on

2018-08-22 11:22:48 - [TEST_STEP][PASSED] - Statement - myTestObject = new com.kms.katalon.core.testobject.TestObject(Select_report_name): null

2018-08-22 11:22:48 - [TEST_STEP][PASSED] - Statement - myTestObject.addProperty("xpath", EQUALS, "//a[@class='hide-on-hover']//span[@text='TEST 2 MAU JAN 2018 (SANJIV)']"): null

2018-08-22 11:22:48 - [TEST_STEP][PASSED] - click: Object: 'Select_report_name' is clicked on

2018-08-22 11:22:48 - [MESSAGE][PASSED] - Object: 'Select_report_name' is clicked on

2018-08-22 11:22:48 - [TEST_STEP][PASSED] - waitForPageLoad: Wait for page load successfully

2018-08-22 11:22:48 - [MESSAGE][PASSED] - Wait for page load successfully

2018-08-22 11:22:48 - [TEST_STEP][PASSED] - click: Object: 'Object Repository/Page_eBlox Rapportering/Definition' is clicked on

2018-08-22 11:22:49 - [MESSAGE][PASSED] - Object: 'Object Repository/Page_eBlox Rapportering/Definition' is clicked on

2018-08-22 11:22:49 - [TEST_STEP][PASSED] - waitForPageLoad: Wait for page load successfully

2018-08-22 11:22:50 - [MESSAGE][PASSED] - Wait for page load successfully

2018-08-22 11:22:50 - [TEST_STEP][PASSED] - click: Object: 'Object Repository/Page_eBlox Rapportering/Contenu' is clicked on

2018-08-22 11:22:53 - [MESSAGE][PASSED] - Object: 'Object Repository/Page_eBlox Rapportering/Contenu' is clicked on

2018-08-22 11:22:53 - [TEST_STEP][PASSED] - callTestCase: Call Test Case 'Test Cases/Verify URL/TC Verify Url' successfully

2018-08-22 11:22:53 - [TEST_CASE][PASSED] - Test Cases/Verify URL/TC Verify Url: Test Cases/Verify URL/TC Verify Url

2018-08-22 11:22:53 - [TEST_STEP][PASSED] - waitForPageLoad: Wait for page load successfully

2018-08-22 11:22:53 - [MESSAGE][PASSED] - Wait for page load successfully

2018-08-22 11:22:53 - [TEST_STEP][PASSED] - Statement - url = com.kms.katalon.core.webui.keyword.WebUiBuiltInKeywords.getUrl(): Current window's url is: 'https://internet.acc.sd.dika.be/ebloxreporting/web.sensitive/main/FpyDF/iIz9g8MffKNXfNyb1H/NL/#/definitie/edit/28208/inhoud'

2018-08-22 11:22:53 - [MESSAGE][PASSED] - Current window's url is: 'https://internet.acc.sd.dika.be/ebloxreporting/web.sensitive/main/FpyDF/iIz9g8MffKNXfNyb1H/NL/#/definitie/edit/28208/inhoud'

2018-08-22 11:22:53 - [TEST_STEP][PASSED] - Statement - p = java.util.regex.Pattern.compile("00040 ANTILOPE GROEP"): null

2018-08-22 11:22:53 - [TEST_STEP][PASSED] - Statement - m = p.matcher(url): null

2018-08-22 11:22:53 - [TEST_STEP][PASSED] - Statement - If (m.find()): null

2018-08-22 11:22:53 - [TEST_STEP][PASSED] - Statement - Else: The user name and the concern number are not present in the URL

2018-08-22 11:22:53 - [TEST_STEP][PASSED] - Statement - com.kms.katalon.core.util.KeywordUtil.markPassed("The user name and the concern number are not present in the URL"): The user name and the concern number are not present in the URL

2018-08-22 11:22:53 - [MESSAGE][PASSED] - The user name and the concern number are not present in the URL

2018-08-22 11:22:53 - [MESSAGE][PASSED] - Call Test Case 'Test Cases/Verify URL/TC Verify Url' successfully

2018-08-22 11:22:53 - [TEST_STEP][PASSED] - click: Object: 'Object Repository/Page_eBlox Rapportering/Selection' is clicked on

2018-08-22 11:22:53 - [MESSAGE][PASSED] - Object: 'Object Repository/Page_eBlox Rapportering/Selection' is clicked on

2018-08-22 11:22:53 - [TEST_STEP][PASSED] - callTestCase: Call Test Case 'Test Cases/Verify URL/TC Verify Url' successfully

2018-08-22 11:22:54 - [TEST_CASE][PASSED] - Test Cases/Verify URL/TC Verify Url: Test Cases/Verify URL/TC Verify Url

2018-08-22 11:22:54 - [TEST_STEP][PASSED] - waitForPageLoad: Wait for page load successfully

2018-08-22 11:22:54 - [MESSAGE][PASSED] - Wait for page load successfully

2018-08-22 11:22:54 - [TEST_STEP][PASSED] - Statement - url = com.kms.katalon.core.webui.keyword.WebUiBuiltInKeywords.getUrl(): Current window's url is: 'https://internet.acc.sd.dika.be/ebloxreporting/web.sensitive/main/FpyDF/iIz9g8MffKNXfNyb1H/NL/#/definitie/edit/28208/inhoud'

2018-08-22 11:22:54 - [MESSAGE][PASSED] - Current window's url is: 'https://internet.acc.sd.dika.be/ebloxreporting/web.sensitive/main/FpyDF/iIz9g8MffKNXfNyb1H/NL/#/definitie/edit/28208/inhoud'

2018-08-22 11:22:54 - [TEST_STEP][PASSED] - Statement - p = java.util.regex.Pattern.compile("00040 ANTILOPE GROEP"): null

2018-08-22 11:22:54 - [TEST_STEP][PASSED] - Statement - m = p.matcher(url): null

2018-08-22 11:22:54 - [TEST_STEP][PASSED] - Statement - If (m.find()): null

2018-08-22 11:22:54 - [TEST_STEP][PASSED] - Statement - Else: The user name and the concern number are not present in the URL

2018-08-22 11:22:54 - [TEST_STEP][PASSED] - Statement - com.kms.katalon.core.util.KeywordUtil.markPassed("The user name and the concern number are not present in the URL"): The user name and the concern number are not present in the URL

2018-08-22 11:22:54 - [MESSAGE][PASSED] - The user name and the concern number are not present in the URL

2018-08-22 11:22:54 - [MESSAGE][PASSED] - Call Test Case 'Test Cases/Verify URL/TC Verify Url' successfully

2018-08-22 11:22:54 - [TEST_STEP][PASSED] - click: Object: 'Object Repository/Page_eBlox Rapportering/Tableau croise' is clicked on

2018-08-22 11:22:54 - [MESSAGE][PASSED] - Object: 'Object Repository/Page_eBlox Rapportering/Tableau croise' is clicked on

2018-08-22 11:22:54 - [TEST_STEP][PASSED] - callTestCase: Call Test Case 'Test Cases/Verify URL/TC Verify Url' successfully

2018-08-22 11:22:54 - [TEST_CASE][PASSED] - Test Cases/Verify URL/TC Verify Url: Test Cases/Verify URL/TC Verify Url

2018-08-22 11:22:54 - [TEST_STEP][PASSED] - waitForPageLoad: Wait for page load successfully

2018-08-22 11:22:54 - [MESSAGE][PASSED] - Wait for page load successfully

2018-08-22 11:22:54 - [TEST_STEP][PASSED] - Statement - url = com.kms.katalon.core.webui.keyword.WebUiBuiltInKeywords.getUrl(): Current window's url is: 'https://internet.acc.sd.dika.be/ebloxreporting/web.sensitive/main/FpyDF/iIz9g8MffKNXfNyb1H/NL/#/definitie/edit/28208/inhoud'

2018-08-22 11:22:54 - [MESSAGE][PASSED] - Current window's url is: 'https://internet.acc.sd.dika.be/ebloxreporting/web.sensitive/main/FpyDF/iIz9g8MffKNXfNyb1H/NL/#/definitie/edit/28208/inhoud'

2018-08-22 11:22:54 - [TEST_STEP][PASSED] - Statement - p = java.util.regex.Pattern.compile("00040 ANTILOPE GROEP"): null

2018-08-22 11:22:54 - [TEST_STEP][PASSED] - Statement - m = p.matcher(url): null

2018-08-22 11:22:54 - [TEST_STEP][PASSED] - Statement - If (m.find()): null

2018-08-22 11:22:54 - [TEST_STEP][PASSED] - Statement - Else: The user name and the concern number are not present in the URL

2018-08-22 11:22:54 - [TEST_STEP][PASSED] - Statement - com.kms.katalon.core.util.KeywordUtil.markPassed("The user name and the concern number are not present in the URL"): The user name and the concern number are not present in the URL

2018-08-22 11:22:54 - [MESSAGE][PASSED] - The user name and the concern number are not present in the URL

2018-08-22 11:22:54 - [MESSAGE][PASSED] - Call Test Case 'Test Cases/Verify URL/TC Verify Url' successfully

2018-08-22 11:22:54 - [TEST_STEP][PASSED] - click: Object: 'Object Repository/Page_eBlox Rapportering/Graphiques' is clicked on

2018-08-22 11:22:54 - [MESSAGE][PASSED] - Object: 'Object Repository/Page_eBlox Rapportering/Graphiques' is clicked on

2018-08-22 11:22:54 - [TEST_STEP][PASSED] - callTestCase: Call Test Case 'Test Cases/Verify URL/TC Verify Url' successfully

2018-08-22 11:22:54 - [TEST_CASE][PASSED] - Test Cases/Verify URL/TC Verify Url: Test Cases/Verify URL/TC Verify Url

2018-08-22 11:22:54 - [TEST_STEP][PASSED] - waitForPageLoad: Wait for page load successfully

2018-08-22 11:22:54 - [MESSAGE][PASSED] - Wait for page load successfully

2018-08-22 11:22:54 - [TEST_STEP][PASSED] - Statement - url = com.kms.katalon.core.webui.keyword.WebUiBuiltInKeywords.getUrl(): Current window's url is: 'https://internet.acc.sd.dika.be/ebloxreporting/web.sensitive/main/FpyDF/iIz9g8MffKNXfNyb1H/NL/#/definitie/edit/28208/inhoud'

2018-08-22 11:22:54 - [MESSAGE][PASSED] - Current window's url is: 'https://internet.acc.sd.dika.be/ebloxreporting/web.sensitive/main/FpyDF/iIz9g8MffKNXfNyb1H/NL/#/definitie/edit/28208/inhoud'

2018-08-22 11:22:54 - [TEST_STEP][PASSED] - Statement - p = java.util.regex.Pattern.compile("00040 ANTILOPE GROEP"): null

2018-08-22 11:22:54 - [TEST_STEP][PASSED] - Statement - m = p.matcher(url): null

2018-08-22 11:22:54 - [TEST_STEP][PASSED] - Statement - If (m.find()): null

2018-08-22 11:22:54 - [TEST_STEP][PASSED] - Statement - Else: The user name and the concern number are not present in the URL

2018-08-22 11:22:54 - [TEST_STEP][PASSED] - Statement - com.kms.katalon.core.util.KeywordUtil.markPassed("The user name and the concern number are not present in the URL"): The user name and the concern number are not present in the URL

2018-08-22 11:22:54 - [MESSAGE][PASSED] - The user name and the concern number are not present in the URL

2018-08-22 11:22:54 - [MESSAGE][PASSED] - Call Test Case 'Test Cases/Verify URL/TC Verify Url' successfully

2018-08-22 11:22:54 - [TEST_STEP][NOT_RUN] - verifyElementText: NOT_RUN: verifyElementText

2018-08-22 11:22:54 - [MESSAGE][NOT_RUN] - NOT_RUN: verifyElementText

2018-08-22 11:22:54 - [TEST_STEP][NOT_RUN] - verifyElementText: NOT_RUN: verifyElementText

2018-08-22 11:22:54 - [MESSAGE][NOT_RUN] - NOT_RUN: verifyElementText

2018-08-22 11:22:54 - [TEST_STEP][PASSED] - click: Object: 'Object Repository/Page_eBlox Rapportering/Operations' is clicked on

2018-08-22 11:22:54 - [MESSAGE][PASSED] - Object: 'Object Repository/Page_eBlox Rapportering/Operations' is clicked on

2018-08-22 11:22:54 - [TEST_STEP][PASSED] - callTestCase: Call Test Case 'Test Cases/Verify URL/TC Verify Url' successfully

2018-08-22 11:22:54 - [TEST_CASE][PASSED] - Test Cases/Verify URL/TC Verify Url: Test Cases/Verify URL/TC Verify Url

2018-08-22 11:22:54 - [TEST_STEP][PASSED] - waitForPageLoad: Wait for page load successfully

2018-08-22 11:22:54 - [MESSAGE][PASSED] - Wait for page load successfully

2018-08-22 11:22:54 - [TEST_STEP][PASSED] - Statement - url = com.kms.katalon.core.webui.keyword.WebUiBuiltInKeywords.getUrl(): Current window's url is: 'https://internet.acc.sd.dika.be/ebloxreporting/web.sensitive/main/FpyDF/iIz9g8MffKNXfNyb1H/NL/#/definitie/edit/28208/inhoud'

2018-08-22 11:22:54 - [MESSAGE][PASSED] - Current window's url is: 'https://internet.acc.sd.dika.be/ebloxreporting/web.sensitive/main/FpyDF/iIz9g8MffKNXfNyb1H/NL/#/definitie/edit/28208/inhoud'

2018-08-22 11:22:54 - [TEST_STEP][PASSED] - Statement - p = java.util.regex.Pattern.compile("00040 ANTILOPE GROEP"): null

2018-08-22 11:22:54 - [TEST_STEP][PASSED] - Statement - m = p.matcher(url): null

2018-08-22 11:22:54 - [TEST_STEP][PASSED] - Statement - If (m.find()): null

2018-08-22 11:22:54 - [TEST_STEP][PASSED] - Statement - Else: The user name and the concern number are not present in the URL

2018-08-22 11:22:54 - [TEST_STEP][PASSED] - Statement - com.kms.katalon.core.util.KeywordUtil.markPassed("The user name and the concern number are not present in the URL"): The user name and the concern number are not present in the URL

2018-08-22 11:22:54 - [MESSAGE][PASSED] - The user name and the concern number are not present in the URL

2018-08-22 11:22:54 - [MESSAGE][PASSED] - Call Test Case 'Test Cases/Verify URL/TC Verify Url' successfully

2018-08-22 11:22:54 - [TEST_STEP][PASSED] - click: Object: 'Object Repository/Page_eBlox Rapportering/List button' is clicked on

2018-08-22 11:22:55 - [MESSAGE][PASSED] - Object: 'Object Repository/Page_eBlox Rapportering/List button' is clicked on

2018-08-22 11:22:55 - [TEST_STEP][PASSED] - Statement - result = com.kms.katalon.core.webui.keyword.WebUiBuiltInKeywords.getText(com.kms.katalon.core.testobject.ObjectRepository.findTestObject(Mes rapports Obj/input search filter)): Text of object 'Object Repository/Mes rapports Obj/input search filter' is: ''

2018-08-22 11:22:55 - [MESSAGE][PASSED] - Text of object 'Object Repository/Mes rapports Obj/input search filter' is: ''

2018-08-22 11:22:55 - [TEST_STEP][PASSED] - Statement - If (result == "TEST 2 MAU JAN 2018 (sanjiv)"): null

2018-08-22 11:22:55 - [TEST_STEP][PASSED] - setText: Text 'TEST RAPPORT REGRESSIE' is set on object 'Object Repository/Mes rapports Obj/input search filter'

2018-08-22 11:22:55 - [MESSAGE][PASSED] - Text 'TEST RAPPORT REGRESSIE' is set on object 'Object Repository/Mes rapports Obj/input search filter'

2018-08-22 11:22:55 - [TEST_STEP][PASSED] - click: Object: 'Object Repository/Page_eBlox Reporting/Search_Icon' is clicked on

2018-08-22 11:22:55 - [MESSAGE][PASSED] - Object: 'Object Repository/Page_eBlox Reporting/Search_Icon' is clicked on

2018-08-22 11:22:55 - [TEST_STEP][PASSED] - Statement - myTestObject1 = new com.kms.katalon.core.testobject.TestObject(Select_report_name): null

2018-08-22 11:22:55 - [TEST_STEP][PASSED] - Statement - myTestObject1.addProperty("xpath", EQUALS, "//a[@class='hide-on-hover']//span[@text='TEST RAPPORT REGRESSIE']"): null

2018-08-22 11:22:55 - [TEST_STEP][PASSED] - click: Object: 'Select_report_name' is clicked on

2018-08-22 11:22:56 - [MESSAGE][PASSED] - Object: 'Select_report_name' is clicked on

2018-08-22 11:22:56 - [TEST_STEP][PASSED] - callTestCase: Call Test Case 'Test Cases/Verify URL/TC Verify Url' successfully

2018-08-22 11:22:56 - [TEST_CASE][PASSED] - Test Cases/Verify URL/TC Verify Url: Test Cases/Verify URL/TC Verify Url

2018-08-22 11:22:56 - [TEST_STEP][PASSED] - waitForPageLoad: Wait for page load successfully

2018-08-22 11:22:56 - [MESSAGE][PASSED] - Wait for page load successfully

2018-08-22 11:22:56 - [TEST_STEP][PASSED] - Statement - url = com.kms.katalon.core.webui.keyword.WebUiBuiltInKeywords.getUrl(): Current window's url is: 'https://internet.acc.sd.dika.be/ebloxreporting/web.sensitive/main/FpyDF/iIz9g8MffKNXfNyb1H/NL/#/mijnrapporten'

2018-08-22 11:22:56 - [MESSAGE][PASSED] - Current window's url is: 'https://internet.acc.sd.dika.be/ebloxreporting/web.sensitive/main/FpyDF/iIz9g8MffKNXfNyb1H/NL/#/mijnrapporten'

2018-08-22 11:22:56 - [TEST_STEP][PASSED] - Statement - p = java.util.regex.Pattern.compile("00040 ANTILOPE GROEP"): null

2018-08-22 11:22:56 - [TEST_STEP][PASSED] - Statement - m = p.matcher(url): null

2018-08-22 11:22:56 - [TEST_STEP][PASSED] - Statement - If (m.find()): null

2018-08-22 11:22:56 - [TEST_STEP][PASSED] - Statement - Else: The user name and the concern number are not present in the URL

2018-08-22 11:22:56 - [TEST_STEP][PASSED] - Statement - com.kms.katalon.core.util.KeywordUtil.markPassed("The user name and the concern number are not present in the URL"): The user name and the concern number are not present in the URL

2018-08-22 11:22:56 - [MESSAGE][PASSED] - The user name and the concern number are not present in the URL

2018-08-22 11:22:56 - [MESSAGE][PASSED] - Call Test Case 'Test Cases/Verify URL/TC Verify Url' successfully

2018-08-22 11:22:56 - [TEST_STEP][PASSED] - waitForPageLoad: Wait for page load successfully

2018-08-22 11:22:56 - [MESSAGE][PASSED] - Wait for page load successfully

2018-08-22 11:22:56 - [TEST_STEP][PASSED] - waitForPageLoad: Wait for page load successfully

2018-08-22 11:22:56 - [MESSAGE][PASSED] - Wait for page load successfully

2018-08-22 11:22:56 - [TEST_STEP][PASSED] - waitForElementClickable: Object 'Object Repository/Mes rapports Obj/EXECUTION/Description _Date de reference historique' is clickable

2018-08-22 11:22:56 - [MESSAGE][PASSED] - Object 'Object Repository/Mes rapports Obj/EXECUTION/Description _Date de reference historique' is clickable

2018-08-22 11:22:56 - [TEST_STEP][PASSED] - delay: Delayed 2 second(s)

2018-08-22 11:22:58 - [MESSAGE][PASSED] - Delayed 2 second(s)

2018-08-22 11:22:58 - [TEST_STEP][PASSED] - click: Object: 'Object Repository/Mes rapports Obj/EXECUTION/Description _Date de reference historique' is clicked on

2018-08-22 11:22:58 - [MESSAGE][PASSED] - Object: 'Object Repository/Mes rapports Obj/EXECUTION/Description _Date de reference historique' is clicked on

2018-08-22 11:22:58 - [TEST_STEP][PASSED] - delay: Delayed 5 second(s)

2018-08-22 11:23:03 - [MESSAGE][PASSED] - Delayed 5 second(s)

2018-08-22 11:23:03 - [TEST_STEP][PASSED] - waitForElementClickable: Object 'Object Repository/Mes rapports Obj/EXECUTION/Aujourdhui - Vandaag' is clickable

2018-08-22 11:23:03 - [MESSAGE][PASSED] - Object 'Object Repository/Mes rapports Obj/EXECUTION/Aujourdhui - Vandaag' is clickable

2018-08-22 11:23:03 - [TEST_STEP][PASSED] - click: Object: 'Object Repository/Mes rapports Obj/EXECUTION/Aujourdhui - Vandaag' is clicked on

2018-08-22 11:23:04 - [MESSAGE][PASSED] - Object: 'Object Repository/Mes rapports Obj/EXECUTION/Aujourdhui - Vandaag' is clicked on

2018-08-22 11:23:04 - [TEST_STEP][PASSED] - delay: Delayed 5 second(s)

2018-08-22 11:23:09 - [MESSAGE][PASSED] - Delayed 5 second(s)

2018-08-22 11:23:09 - [TEST_STEP][FAILED] - click: Unable to click on object 'Object Repository/Mes rapports Obj/EXECUTION/Graphique button' (Root cause: org.openqa.selenium.WebDriverException: unknown error: Element <a class="btn btn-default" ng-class="{'btn-secondary':pagevm.uitvoeringVisualisatie === 3}" ng-disabled="pagevm.processing || !pagevm.rapportExecuted || !pagevm.rapport.hasGrafieken" ng-click="pagevm.changeVisualisation(parametersvm.rapport,uitvoeringParametersForm,3)" disabled="disabled">...</a> is not clickable at point (1294, 392). Other element would receive the click: <div class="btn-group">...</div>
  (Session info: chrome=68.0.3440.106)
  (Driver info: chromedriver=2.35.528161 (5b82f2d2aae0ca24b877009200ced9065a772e73),platform=Windows NT 10.0.16299 x86_64) (WARNING: The server did not provide any stacktrace information)
Command duration or timeout: 0 milliseconds
Build info: version: '3.7.1', revision: '8a0099a', time: '2017-11-06T21:07:36.161Z'
System info: host: '5CG7062KWD', ip: '10.136.82.137', os.name: 'Windows 10', os.arch: 'amd64', os.version: '10.0', java.version: '1.8.0_181'
Driver info: com.kms.katalon.selenium.driver.CChromeDriver
Capabilities {acceptInsecureCerts: false, acceptSslCerts: false, applicationCacheEnabled: false, browserConnectionEnabled: false, browserName: chrome, chrome: {chromedriverVersion: 2.35.528161 (5b82f2d2aae0ca..., userDataDir: C:\Users\SEEBOR~1\AppData\L...}, cssSelectorsEnabled: true, databaseEnabled: false, handlesAlerts: true, hasTouchScreen: false, javascriptEnabled: true, locationContextEnabled: true, mobileEmulationEnabled: false, nativeEvents: true, networkConnectionEnabled: false, pageLoadStrategy: normal, platform: XP, platformName: XP, rotatable: false, setWindowRect: true, takesHeapSnapshot: true, takesScreenshot: true, unexpectedAlertBehaviour: , unhandledPromptBehavior: , version: 68.0.3440.106, webStorageEnabled: true}
Session ID: 443352923012e922b57d998f4edbc924)

2018-08-22 11:23:09 - [MESSAGE][FAILED] - Unable to click on object 'Object Repository/Mes rapports Obj/EXECUTION/Graphique button' (Root cause: org.openqa.selenium.WebDriverException: unknown error: Element <a class="btn btn-default" ng-class="{'btn-secondary':pagevm.uitvoeringVisualisatie === 3}" ng-disabled="pagevm.processing || !pagevm.rapportExecuted || !pagevm.rapport.hasGrafieken" ng-click="pagevm.changeVisualisation(parametersvm.rapport,uitvoeringParametersForm,3)" disabled="disabled">...</a> is not clickable at point (1294, 392). Other element would receive the click: <div class="btn-group">...</div>
  (Session info: chrome=68.0.3440.106)
  (Driver info: chromedriver=2.35.528161 (5b82f2d2aae0ca24b877009200ced9065a772e73),platform=Windows NT 10.0.16299 x86_64) (WARNING: The server did not provide any stacktrace information)
Command duration or timeout: 0 milliseconds
Build info: version: '3.7.1', revision: '8a0099a', time: '2017-11-06T21:07:36.161Z'
System info: host: '5CG7062KWD', ip: '10.136.82.137', os.name: 'Windows 10', os.arch: 'amd64', os.version: '10.0', java.version: '1.8.0_181'
Driver info: com.kms.katalon.selenium.driver.CChromeDriver
Capabilities {acceptInsecureCerts: false, acceptSslCerts: false, applicationCacheEnabled: false, browserConnectionEnabled: false, browserName: chrome, chrome: {chromedriverVersion: 2.35.528161 (5b82f2d2aae0ca..., userDataDir: C:\Users\SEEBOR~1\AppData\L...}, cssSelectorsEnabled: true, databaseEnabled: false, handlesAlerts: true, hasTouchScreen: false, javascriptEnabled: true, locationContextEnabled: true, mobileEmulationEnabled: false, nativeEvents: true, networkConnectionEnabled: false, pageLoadStrategy: normal, platform: XP, platformName: XP, rotatable: false, setWindowRect: true, takesHeapSnapshot: true, takesScreenshot: true, unexpectedAlertBehaviour: , unhandledPromptBehavior: , version: 68.0.3440.106, webStorageEnabled: true}
Session ID: 443352923012e922b57d998f4edbc924)
[[ATTACHMENT|C:\\Users\\seeboruts\\OneDrive - SD Worx\\Desktop\\Katalon_eBlox_Reporting\\Reports\\testing\\Demo\\20180822_110153\\1534922589142.png]]]]></system-out>
         <system-err><![CDATA[2018-08-22 11:21:53 - [TEST_CASE][FAILED] - Test Cases/New Folder/TC5 BASIC: Test Cases/New Folder/TC5 BASIC FAILED because (of) Unable to click on object 'Object Repository/Mes rapports Obj/EXECUTION/Graphique button' (Root cause: org.openqa.selenium.WebDriverException: unknown error: Element <a class="btn btn-default" ng-class="{'btn-secondary':pagevm.uitvoeringVisualisatie === 3}" ng-disabled="pagevm.processing || !pagevm.rapportExecuted || !pagevm.rapport.hasGrafieken" ng-click="pagevm.changeVisualisation(parametersvm.rapport,uitvoeringParametersForm,3)" disabled="disabled">...</a> is not clickable at point (1294, 392). Other element would receive the click: <div class="btn-group">...</div>
  (Session info: chrome=68.0.3440.106)
  (Driver info: chromedriver=2.35.528161 (5b82f2d2aae0ca24b877009200ced9065a772e73),platform=Windows NT 10.0.16299 x86_64) (WARNING: The server did not provide any stacktrace information)
Command duration or timeout: 0 milliseconds
Build info: version: '3.7.1', revision: '8a0099a', time: '2017-11-06T21:07:36.161Z'
System info: host: '5CG7062KWD', ip: '10.136.82.137', os.name: 'Windows 10', os.arch: 'amd64', os.version: '10.0', java.version: '1.8.0_181'
Driver info: com.kms.katalon.selenium.driver.CChromeDriver
Capabilities {acceptInsecureCerts: false, acceptSslCerts: false, applicationCacheEnabled: false, browserConnectionEnabled: false, browserName: chrome, chrome: {chromedriverVersion: 2.35.528161 (5b82f2d2aae0ca..., userDataDir: C:\Users\SEEBOR~1\AppData\L...}, cssSelectorsEnabled: true, databaseEnabled: false, handlesAlerts: true, hasTouchScreen: false, javascriptEnabled: true, locationContextEnabled: true, mobileEmulationEnabled: false, nativeEvents: true, networkConnectionEnabled: false, pageLoadStrategy: normal, platform: XP, platformName: XP, rotatable: false, setWindowRect: true, takesHeapSnapshot: true, takesScreenshot: true, unexpectedAlertBehaviour: , unhandledPromptBehavior: , version: 68.0.3440.106, webStorageEnabled: true}
Session ID: 443352923012e922b57d998f4edbc924)]]></system-err>
      </testcase>
      <system-out><![CDATA[2018-08-22 11:01:55 - [TEST_SUITE][FAILED] - Demo: Test Cases/New Folder/TC4 BASED ON MY REPORTS FAILED because (of) Unable to click on object 'Object Repository/Mes rapports Obj/EXECUTION/Exporter button' (Root cause: org.openqa.selenium.WebDriverException: unknown error: Element <button type="button" class="btn btn-default" title="Exporteer naar excel" ng-click="pagevm.downloadExcelFile(parametersvm.rapport,uitvoeringParametersForm)" ng-disabled="pagevm.processing || !(parametersvm.rapport.exportInhoud || parametersvm.rapport.exportDraaitabel || ((parametersvm.rapport.exportEigenGrafiek || parametersvm.rapport.sdSuggestieGebruiken) &amp;&amp;  !(parametersvm.rapport.kenmerken.historischUitvoeren &amp;&amp; parametersvm.rapport.kenmerken.aggregatiePeriode === 0)))" disabled="disabled">...</button> is not clickable at point (1289, 436). Other element would receive the click: <div class="btn-group">...</div>
  (Session info: chrome=68.0.3440.106)
  (Driver info: chromedriver=2.35.528161 (5b82f2d2aae0ca24b877009200ced9065a772e73),platform=Windows NT 10.0.16299 x86_64) (WARNING: The server did not provide any stacktrace information)
Command duration or timeout: 0 milliseconds
Build info: version: '3.7.1', revision: '8a0099a', time: '2017-11-06T21:07:36.161Z'
System info: host: '5CG7062KWD', ip: '10.136.82.137', os.name: 'Windows 10', os.arch: 'amd64', os.version: '10.0', java.version: '1.8.0_181'
Driver info: com.kms.katalon.selenium.driver.CChromeDriver
Capabilities {acceptInsecureCerts: false, acceptSslCerts: false, applicationCacheEnabled: false, browserConnectionEnabled: false, browserName: chrome, chrome: {chromedriverVersion: 2.35.528161 (5b82f2d2aae0ca..., userDataDir: C:\Users\SEEBOR~1\AppData\L...}, cssSelectorsEnabled: true, databaseEnabled: false, handlesAlerts: true, hasTouchScreen: false, javascriptEnabled: true, locationContextEnabled: true, mobileEmulationEnabled: false, nativeEvents: true, networkConnectionEnabled: false, pageLoadStrategy: normal, platform: XP, platformName: XP, rotatable: false, setWindowRect: true, takesHeapSnapshot: true, takesScreenshot: true, unexpectedAlertBehaviour: , unhandledPromptBehavior: , version: 68.0.3440.106, webStorageEnabled: true}
Session ID: 80391edbd7df2954146029f188a7776c)]]></system-out>
      <system-err><![CDATA[2018-08-22 11:01:55 - [TEST_SUITE][FAILED] - Demo: Test Cases/New Folder/TC4 BASED ON MY REPORTS FAILED because (of) Unable to click on object 'Object Repository/Mes rapports Obj/EXECUTION/Exporter button' (Root cause: org.openqa.selenium.WebDriverException: unknown error: Element <button type="button" class="btn btn-default" title="Exporteer naar excel" ng-click="pagevm.downloadExcelFile(parametersvm.rapport,uitvoeringParametersForm)" ng-disabled="pagevm.processing || !(parametersvm.rapport.exportInhoud || parametersvm.rapport.exportDraaitabel || ((parametersvm.rapport.exportEigenGrafiek || parametersvm.rapport.sdSuggestieGebruiken) &amp;&amp;  !(parametersvm.rapport.kenmerken.historischUitvoeren &amp;&amp; parametersvm.rapport.kenmerken.aggregatiePeriode === 0)))" disabled="disabled">...</button> is not clickable at point (1289, 436). Other element would receive the click: <div class="btn-group">...</div>
  (Session info: chrome=68.0.3440.106)
  (Driver info: chromedriver=2.35.528161 (5b82f2d2aae0ca24b877009200ced9065a772e73),platform=Windows NT 10.0.16299 x86_64) (WARNING: The server did not provide any stacktrace information)
Command duration or timeout: 0 milliseconds
Build info: version: '3.7.1', revision: '8a0099a', time: '2017-11-06T21:07:36.161Z'
System info: host: '5CG7062KWD', ip: '10.136.82.137', os.name: 'Windows 10', os.arch: 'amd64', os.version: '10.0', java.version: '1.8.0_181'
Driver info: com.kms.katalon.selenium.driver.CChromeDriver
Capabilities {acceptInsecureCerts: false, acceptSslCerts: false, applicationCacheEnabled: false, browserConnectionEnabled: false, browserName: chrome, chrome: {chromedriverVersion: 2.35.528161 (5b82f2d2aae0ca..., userDataDir: C:\Users\SEEBOR~1\AppData\L...}, cssSelectorsEnabled: true, databaseEnabled: false, handlesAlerts: true, hasTouchScreen: false, javascriptEnabled: true, locationContextEnabled: true, mobileEmulationEnabled: false, nativeEvents: true, networkConnectionEnabled: false, pageLoadStrategy: normal, platform: XP, platformName: XP, rotatable: false, setWindowRect: true, takesHeapSnapshot: true, takesScreenshot: true, unexpectedAlertBehaviour: , unhandledPromptBehavior: , version: 68.0.3440.106, webStorageEnabled: true}
Session ID: 80391edbd7df2954146029f188a7776c)]]></system-err>
   </testsuite>
</testsuites>
