<?xml version="1.0" encoding="UTF-8"?>
<testsuites name="New Test Suite" time="1648" tests="6" failures="10" errors="1">
   <testsuite name="New Test Suite" tests="6" failures="10" errors="1" time="1648" timestamp="2018-08-17 14:17:25" hostname="SEEBORUTS - 5CG7062KWD.SD.DIKA.BE" id="Test Suites/testing/New Test Suite">
      <properties>
         <property name="deviceName" value=""/>
         <property name="devicePlatform" value=""/>
         <property name="logFolder" value="C:\\Users\\seeboruts\\OneDrive - SD Worx\\Desktop\\Katalon_eBlox_Reporting\\Reports\\testing\\New Test Suite\\20180817_141723"/>
         <property name="logFiles" value="C:\\Users\\seeboruts\\OneDrive - SD Worx\\Desktop\\Katalon_eBlox_Reporting\\Reports\\testing\\New Test Suite\\20180817_141723\\execution0.log"/>
         <property name="attachments" value="C:\\Users\\seeboruts\\OneDrive - SD Worx\\Desktop\\Katalon_eBlox_Reporting\\Reports\\testing\\New Test Suite\\20180817_141723\\1534501408028.png, C:\\Users\\seeboruts\\OneDrive - SD Worx\\Desktop\\Katalon_eBlox_Reporting\\Reports\\testing\\New Test Suite\\20180817_141723\\1534501545163.png, C:\\Users\\seeboruts\\OneDrive - SD Worx\\Desktop\\Katalon_eBlox_Reporting\\Reports\\testing\\New Test Suite\\20180817_141723\\1534501634164.png, C:\\Users\\seeboruts\\OneDrive - SD Worx\\Desktop\\Katalon_eBlox_Reporting\\Reports\\testing\\New Test Suite\\20180817_141723\\1534501813262.png, C:\\Users\\seeboruts\\OneDrive - SD Worx\\Desktop\\Katalon_eBlox_Reporting\\Reports\\testing\\New Test Suite\\20180817_141723\\1534502016887.png, C:\\Users\\seeboruts\\OneDrive - SD Worx\\Desktop\\Katalon_eBlox_Reporting\\Reports\\testing\\New Test Suite\\20180817_141723\\1534502134933.png, C:\\Users\\seeboruts\\OneDrive - SD Worx\\Desktop\\Katalon_eBlox_Reporting\\Reports\\testing\\New Test Suite\\20180817_141723\\1534502401022.png, C:\\Users\\seeboruts\\OneDrive - SD Worx\\Desktop\\Katalon_eBlox_Reporting\\Reports\\testing\\New Test Suite\\20180817_141723\\1534502511493.png, C:\\Users\\seeboruts\\OneDrive - SD Worx\\Desktop\\Katalon_eBlox_Reporting\\Reports\\testing\\New Test Suite\\20180817_141723\\1534502593211.png, C:\\Users\\seeboruts\\OneDrive - SD Worx\\Desktop\\Katalon_eBlox_Reporting\\Reports\\testing\\New Test Suite\\20180817_141723\\1534502692963.png"/>
         <property name="hostName" value="SEEBORUTS - 5CG7062KWD.SD.DIKA.BE"/>
         <property name="os" value="Windows 10 64bit"/>
         <property name="katalonVersion" value="5.6.0.1"/>
         <property name="browser" value="Chrome 68.0.3440.106"/>
         <property name="hostAddress" value="10.136.82.127"/>
         <property name="sessionId" value="32502e9c0b2e1a75a3f831fbe920790b"/>
         <property name="seleniumVersion" value="3.7.1"/>
         <property name="proxyInformation" value="ProxyInformation{proxyOption=NO_PROXY, proxyServerType=HTTP, password=, proxyServerAddress=, proxyServerPort=0}"/>
         <property name="platform" value="Windows 10"/>
      </properties>
      <testcase name="Test Cases/New Folder/TC1 LANGUAGE" classname="Test Cases/New Folder/TC1 LANGUAGE" status="PASSED">
         <system-out><![CDATA[2018-08-17 14:17:25 - [TEST_CASE][PASSED] - Test Cases/New Folder/TC1 LANGUAGE: Test Cases/New Folder/TC1 LANGUAGE

2018-08-17 14:17:26 - [TEST_STEP][PASSED] - callTestCase: Call Test Case 'Test Cases/Login/TC1 Login to Mysdworx' successfully

2018-08-17 14:17:26 - [TEST_CASE][PASSED] - Test Cases/Login/TC1 Login to Mysdworx: Test Cases/Login/TC1 Login to Mysdworx

2018-08-17 14:17:26 - [TEST_STEP][PASSED] - openBrowser: Browser is opened with url: ''

2018-08-17 14:17:29 - [MESSAGE][PASSED] - Browser is opened with url: ''

2018-08-17 14:17:29 - [TEST_STEP][PASSED] - navigateToUrl: Navigate to 'https://internet.acc.sd.dika.be/ebloxreporting/web.sensitive/main/?lang=fr' successfully

2018-08-17 14:17:35 - [MESSAGE][PASSED] - Navigate to 'https://internet.acc.sd.dika.be/ebloxreporting/web.sensitive/main/?lang=fr' successfully

2018-08-17 14:17:35 - [TEST_STEP][PASSED] - maximizeWindow: Current window maximized

2018-08-17 14:17:36 - [MESSAGE][PASSED] - Current window maximized

2018-08-17 14:17:36 - [TEST_STEP][PASSED] - setText: Text 'DP_EBLOX_RPP_VASCO' is set on object 'Object Repository/Page_mysdworx - Log in/input_Username'

2018-08-17 14:17:44 - [MESSAGE][PASSED] - Text 'DP_EBLOX_RPP_VASCO' is set on object 'Object Repository/Page_mysdworx - Log in/input_Username'

2018-08-17 14:17:44 - [TEST_STEP][PASSED] - Statement - frame = new javax.swing.JFrame(User Input Frame): null

2018-08-17 14:17:44 - [TEST_STEP][PASSED] - Statement - frame.requestFocus(): null

2018-08-17 14:17:44 - [TEST_STEP][PASSED] - Statement - pass = javax.swing.JOptionPane.showInputDialog(frame, "Enter the password from token!!"): null

2018-08-17 14:17:56 - [TEST_STEP][PASSED] - delay: Delayed 5 second(s)

2018-08-17 14:18:01 - [MESSAGE][PASSED] - Delayed 5 second(s)

2018-08-17 14:18:01 - [TEST_STEP][PASSED] - setText: Text '079382' is set on object 'Object Repository/Page_mysdworx - Log in/input_Password'

2018-08-17 14:18:02 - [MESSAGE][PASSED] - Text '079382' is set on object 'Object Repository/Page_mysdworx - Log in/input_Password'

2018-08-17 14:18:02 - [TEST_STEP][PASSED] - click: Object: 'Object Repository/Page_mysdworx - Log in/button_Se connecter' is clicked on

2018-08-17 14:18:02 - [MESSAGE][PASSED] - Object: 'Object Repository/Page_mysdworx - Log in/button_Se connecter' is clicked on

2018-08-17 14:18:02 - [TEST_STEP][PASSED] - waitForPageLoad: Wait for page load successfully

2018-08-17 14:18:02 - [MESSAGE][PASSED] - Wait for page load successfully

2018-08-17 14:18:02 - [TEST_STEP][NOT_RUN] - closeBrowser: NOT_RUN: closeBrowser

2018-08-17 14:18:02 - [MESSAGE][NOT_RUN] - NOT_RUN: closeBrowser

2018-08-17 14:18:02 - [MESSAGE][PASSED] - Call Test Case 'Test Cases/Login/TC1 Login to Mysdworx' successfully

2018-08-17 14:18:02 - [TEST_STEP][PASSED] - waitForPageLoad: Wait for page load successfully

2018-08-17 14:18:02 - [MESSAGE][PASSED] - Wait for page load successfully

2018-08-17 14:18:02 - [TEST_STEP][PASSED] - callTestCase: Call Test Case 'Test Cases/Select Language/TC1 Verify NL language' successfully

2018-08-17 14:18:02 - [TEST_CASE][PASSED] - Test Cases/Select Language/TC1 Verify NL language: Test Cases/Select Language/TC1 Verify NL language

2018-08-17 14:18:02 - [TEST_STEP][PASSED] - waitForElementClickable: Object 'Object Repository/Change language link Obj/NL_language' is clickable

2018-08-17 14:18:28 - [MESSAGE][PASSED] - Object 'Object Repository/Change language link Obj/NL_language' is clickable

2018-08-17 14:18:28 - [TEST_STEP][PASSED] - click: Object: 'Object Repository/Change language link Obj/NL_language' is clicked on

2018-08-17 14:18:37 - [MESSAGE][PASSED] - Object: 'Object Repository/Change language link Obj/NL_language' is clicked on

2018-08-17 14:18:37 - [TEST_STEP][PASSED] - waitForPageLoad: Wait for page load successfully

2018-08-17 14:18:37 - [MESSAGE][PASSED] - Wait for page load successfully

2018-08-17 14:18:37 - [MESSAGE][PASSED] - Call Test Case 'Test Cases/Select Language/TC1 Verify NL language' successfully

2018-08-17 14:18:37 - [TEST_STEP][PASSED] - waitForPageLoad: Wait for page load successfully

2018-08-17 14:18:37 - [MESSAGE][PASSED] - Wait for page load successfully

2018-08-17 14:18:37 - [TEST_STEP][PASSED] - callTestCase: Call Test Case 'Test Cases/Mes rapports/Main Page/TC Verify Mes rapports tab' successfully

2018-08-17 14:18:38 - [TEST_CASE][PASSED] - Test Cases/Mes rapports/Main Page/TC Verify Mes rapports tab: Test Cases/Mes rapports/Main Page/TC Verify Mes rapports tab

2018-08-17 14:18:38 - [TEST_STEP][PASSED] - click: Object: 'Object Repository/Mes rapports Obj/Mes rapports_tab' is clicked on

2018-08-17 14:18:38 - [MESSAGE][PASSED] - Object: 'Object Repository/Mes rapports Obj/Mes rapports_tab' is clicked on

2018-08-17 14:18:38 - [MESSAGE][PASSED] - Call Test Case 'Test Cases/Mes rapports/Main Page/TC Verify Mes rapports tab' successfully

2018-08-17 14:18:38 - [TEST_STEP][PASSED] - waitForPageLoad: Wait for page load successfully

2018-08-17 14:18:38 - [MESSAGE][PASSED] - Wait for page load successfully

2018-08-17 14:18:38 - [TEST_STEP][PASSED] - callTestCase: Call Test Case 'Test Cases/Mes rapports/Main Page/TC Verify Deployer function' successfully

2018-08-17 14:18:38 - [TEST_CASE][PASSED] - Test Cases/Mes rapports/Main Page/TC Verify Deployer function: Test Cases/Mes rapports/Main Page/TC Verify Deployer function

2018-08-17 14:18:38 - [TEST_STEP][PASSED] - waitForPageLoad: Wait for page load successfully

2018-08-17 14:18:38 - [MESSAGE][PASSED] - Wait for page load successfully

2018-08-17 14:18:38 - [TEST_STEP][PASSED] - waitForElementClickable: Object 'Object Repository/Mes rapports Obj/button_setting_dropdown' is clickable

2018-08-17 14:18:42 - [MESSAGE][PASSED] - Object 'Object Repository/Mes rapports Obj/button_setting_dropdown' is clickable

2018-08-17 14:18:42 - [TEST_STEP][PASSED] - click: Object: 'Object Repository/Mes rapports Obj/button_setting_dropdown' is clicked on

2018-08-17 14:18:42 - [MESSAGE][PASSED] - Object: 'Object Repository/Mes rapports Obj/button_setting_dropdown' is clicked on

2018-08-17 14:18:42 - [TEST_STEP][PASSED] - click: Object: 'Object Repository/Mes rapports Obj/a_Dployer tout' is clicked on

2018-08-17 14:18:46 - [MESSAGE][PASSED] - Object: 'Object Repository/Mes rapports Obj/a_Dployer tout' is clicked on

2018-08-17 14:18:46 - [MESSAGE][PASSED] - Call Test Case 'Test Cases/Mes rapports/Main Page/TC Verify Deployer function' successfully

2018-08-17 14:18:46 - [TEST_STEP][PASSED] - waitForPageLoad: Wait for page load successfully

2018-08-17 14:18:46 - [MESSAGE][PASSED] - Wait for page load successfully

2018-08-17 14:18:46 - [TEST_STEP][PASSED] - callTestCase: Call Test Case 'Test Cases/Mes rapports/Main Page/TC Verify Masquer function' successfully

2018-08-17 14:18:46 - [TEST_CASE][PASSED] - Test Cases/Mes rapports/Main Page/TC Verify Masquer function: Test Cases/Mes rapports/Main Page/TC Verify Masquer function

2018-08-17 14:18:46 - [TEST_STEP][PASSED] - click: Object: 'Object Repository/Mes rapports Obj/button_setting_dropdown' is clicked on

2018-08-17 14:18:46 - [MESSAGE][PASSED] - Object: 'Object Repository/Mes rapports Obj/button_setting_dropdown' is clicked on

2018-08-17 14:18:46 - [TEST_STEP][PASSED] - click: Object: 'Object Repository/Mes rapports Obj/a_Masquer tout' is clicked on

2018-08-17 14:18:46 - [MESSAGE][PASSED] - Object: 'Object Repository/Mes rapports Obj/a_Masquer tout' is clicked on

2018-08-17 14:18:46 - [MESSAGE][PASSED] - Call Test Case 'Test Cases/Mes rapports/Main Page/TC Verify Masquer function' successfully

2018-08-17 14:18:46 - [TEST_STEP][PASSED] - callTestCase: Call Test Case 'Test Cases/Mes rapports/Main Page/TC Verify info icon function' successfully

2018-08-17 14:18:46 - [TEST_CASE][PASSED] - Test Cases/Mes rapports/Main Page/TC Verify info icon function: Test Cases/Mes rapports/Main Page/TC Verify info icon function

2018-08-17 14:18:47 - [TEST_STEP][PASSED] - click: Object: 'Object Repository/Mes rapports Obj/info_Icon' is clicked on

2018-08-17 14:18:47 - [MESSAGE][PASSED] - Object: 'Object Repository/Mes rapports Obj/info_Icon' is clicked on

2018-08-17 14:18:47 - [MESSAGE][PASSED] - Call Test Case 'Test Cases/Mes rapports/Main Page/TC Verify info icon function' successfully

2018-08-17 14:18:47 - [TEST_STEP][PASSED] - callTestCase: Call Test Case 'Test Cases/Mes rapports/Main Page/TC Verify Url' successfully

2018-08-17 14:18:47 - [TEST_CASE][PASSED] - Test Cases/Mes rapports/Main Page/TC Verify Url: Test Cases/Mes rapports/Main Page/TC Verify Url

2018-08-17 14:18:47 - [TEST_STEP][PASSED] - waitForPageLoad: Wait for page load successfully

2018-08-17 14:18:47 - [MESSAGE][PASSED] - Wait for page load successfully

2018-08-17 14:18:47 - [TEST_STEP][PASSED] - Statement - url = com.kms.katalon.core.webui.keyword.WebUiBuiltInKeywords.getUrl(): Current window's url is: 'https://internet.acc.sd.dika.be/ebloxreporting/web.sensitive/main/FpyDF/iIz9g8MffKNXfNyb1H/NL/#/mijnrapporten'

2018-08-17 14:18:47 - [MESSAGE][PASSED] - Current window's url is: 'https://internet.acc.sd.dika.be/ebloxreporting/web.sensitive/main/FpyDF/iIz9g8MffKNXfNyb1H/NL/#/mijnrapporten'

2018-08-17 14:18:47 - [TEST_STEP][PASSED] - Statement - p = java.util.regex.Pattern.compile("00040 ANTILOPE GROEP"): null

2018-08-17 14:18:47 - [TEST_STEP][PASSED] - Statement - m = p.matcher(url): null

2018-08-17 14:18:47 - [TEST_STEP][PASSED] - Statement - If (m.find()): null

2018-08-17 14:18:47 - [TEST_STEP][PASSED] - Statement - Else: The user name and the concern number are not present in the URL

2018-08-17 14:18:47 - [TEST_STEP][PASSED] - Statement - com.kms.katalon.core.util.KeywordUtil.markPassed("The user name and the concern number are not present in the URL"): The user name and the concern number are not present in the URL

2018-08-17 14:18:47 - [MESSAGE][PASSED] - The user name and the concern number are not present in the URL

2018-08-17 14:18:47 - [MESSAGE][PASSED] - Call Test Case 'Test Cases/Mes rapports/Main Page/TC Verify Url' successfully

2018-08-17 14:18:47 - [TEST_STEP][PASSED] - waitForPageLoad: Wait for page load successfully

2018-08-17 14:18:47 - [MESSAGE][PASSED] - Wait for page load successfully

2018-08-17 14:18:47 - [TEST_STEP][PASSED] - callTestCase: Call Test Case 'Test Cases/Select Language/TC2 Verify FR Language' successfully

2018-08-17 14:18:47 - [TEST_CASE][PASSED] - Test Cases/Select Language/TC2 Verify FR Language: Test Cases/Select Language/TC2 Verify FR Language

2018-08-17 14:18:47 - [TEST_STEP][PASSED] - click: Object: 'Object Repository/Change language link Obj/FR_language' is clicked on

2018-08-17 14:18:52 - [MESSAGE][PASSED] - Object: 'Object Repository/Change language link Obj/FR_language' is clicked on

2018-08-17 14:18:52 - [TEST_STEP][PASSED] - waitForPageLoad: Wait for page load successfully

2018-08-17 14:18:52 - [MESSAGE][PASSED] - Wait for page load successfully

2018-08-17 14:18:52 - [MESSAGE][PASSED] - Call Test Case 'Test Cases/Select Language/TC2 Verify FR Language' successfully

2018-08-17 14:18:52 - [TEST_STEP][PASSED] - waitForPageLoad: Wait for page load successfully

2018-08-17 14:18:52 - [MESSAGE][PASSED] - Wait for page load successfully

2018-08-17 14:18:52 - [TEST_STEP][PASSED] - callTestCase: Call Test Case 'Test Cases/Mes rapports/Main Page/TC Verify Mes rapports tab' successfully

2018-08-17 14:18:52 - [TEST_CASE][PASSED] - Test Cases/Mes rapports/Main Page/TC Verify Mes rapports tab: Test Cases/Mes rapports/Main Page/TC Verify Mes rapports tab

2018-08-17 14:18:52 - [TEST_STEP][PASSED] - click: Object: 'Object Repository/Mes rapports Obj/Mes rapports_tab' is clicked on

2018-08-17 14:18:52 - [MESSAGE][PASSED] - Object: 'Object Repository/Mes rapports Obj/Mes rapports_tab' is clicked on

2018-08-17 14:18:52 - [MESSAGE][PASSED] - Call Test Case 'Test Cases/Mes rapports/Main Page/TC Verify Mes rapports tab' successfully

2018-08-17 14:18:52 - [TEST_STEP][PASSED] - waitForPageLoad: Wait for page load successfully

2018-08-17 14:18:52 - [MESSAGE][PASSED] - Wait for page load successfully

2018-08-17 14:18:52 - [TEST_STEP][PASSED] - callTestCase: Call Test Case 'Test Cases/Mes rapports/Main Page/TC Verify Deployer function' successfully

2018-08-17 14:18:52 - [TEST_CASE][PASSED] - Test Cases/Mes rapports/Main Page/TC Verify Deployer function: Test Cases/Mes rapports/Main Page/TC Verify Deployer function

2018-08-17 14:18:52 - [TEST_STEP][PASSED] - waitForPageLoad: Wait for page load successfully

2018-08-17 14:18:52 - [MESSAGE][PASSED] - Wait for page load successfully

2018-08-17 14:18:52 - [TEST_STEP][PASSED] - waitForElementClickable: Object 'Object Repository/Mes rapports Obj/button_setting_dropdown' is clickable

2018-08-17 14:18:57 - [MESSAGE][PASSED] - Object 'Object Repository/Mes rapports Obj/button_setting_dropdown' is clickable

2018-08-17 14:18:57 - [TEST_STEP][PASSED] - click: Object: 'Object Repository/Mes rapports Obj/button_setting_dropdown' is clicked on

2018-08-17 14:18:57 - [MESSAGE][PASSED] - Object: 'Object Repository/Mes rapports Obj/button_setting_dropdown' is clicked on

2018-08-17 14:18:57 - [TEST_STEP][PASSED] - click: Object: 'Object Repository/Mes rapports Obj/a_Dployer tout' is clicked on

2018-08-17 14:19:00 - [MESSAGE][PASSED] - Object: 'Object Repository/Mes rapports Obj/a_Dployer tout' is clicked on

2018-08-17 14:19:00 - [MESSAGE][PASSED] - Call Test Case 'Test Cases/Mes rapports/Main Page/TC Verify Deployer function' successfully

2018-08-17 14:19:00 - [TEST_STEP][PASSED] - waitForPageLoad: Wait for page load successfully

2018-08-17 14:19:00 - [MESSAGE][PASSED] - Wait for page load successfully

2018-08-17 14:19:00 - [TEST_STEP][PASSED] - callTestCase: Call Test Case 'Test Cases/Mes rapports/Main Page/TC Verify Masquer function' successfully

2018-08-17 14:19:00 - [TEST_CASE][PASSED] - Test Cases/Mes rapports/Main Page/TC Verify Masquer function: Test Cases/Mes rapports/Main Page/TC Verify Masquer function

2018-08-17 14:19:00 - [TEST_STEP][PASSED] - click: Object: 'Object Repository/Mes rapports Obj/button_setting_dropdown' is clicked on

2018-08-17 14:19:01 - [MESSAGE][PASSED] - Object: 'Object Repository/Mes rapports Obj/button_setting_dropdown' is clicked on

2018-08-17 14:19:01 - [TEST_STEP][PASSED] - click: Object: 'Object Repository/Mes rapports Obj/a_Masquer tout' is clicked on

2018-08-17 14:19:01 - [MESSAGE][PASSED] - Object: 'Object Repository/Mes rapports Obj/a_Masquer tout' is clicked on

2018-08-17 14:19:01 - [MESSAGE][PASSED] - Call Test Case 'Test Cases/Mes rapports/Main Page/TC Verify Masquer function' successfully

2018-08-17 14:19:01 - [TEST_STEP][PASSED] - callTestCase: Call Test Case 'Test Cases/Mes rapports/Main Page/TC Verify info icon function' successfully

2018-08-17 14:19:01 - [TEST_CASE][PASSED] - Test Cases/Mes rapports/Main Page/TC Verify info icon function: Test Cases/Mes rapports/Main Page/TC Verify info icon function

2018-08-17 14:19:01 - [TEST_STEP][PASSED] - click: Object: 'Object Repository/Mes rapports Obj/info_Icon' is clicked on

2018-08-17 14:19:01 - [MESSAGE][PASSED] - Object: 'Object Repository/Mes rapports Obj/info_Icon' is clicked on

2018-08-17 14:19:01 - [MESSAGE][PASSED] - Call Test Case 'Test Cases/Mes rapports/Main Page/TC Verify info icon function' successfully

2018-08-17 14:19:01 - [TEST_STEP][PASSED] - callTestCase: Call Test Case 'Test Cases/Mes rapports/Main Page/TC Verify Url' successfully

2018-08-17 14:19:01 - [TEST_CASE][PASSED] - Test Cases/Mes rapports/Main Page/TC Verify Url: Test Cases/Mes rapports/Main Page/TC Verify Url

2018-08-17 14:19:01 - [TEST_STEP][PASSED] - waitForPageLoad: Wait for page load successfully

2018-08-17 14:19:01 - [MESSAGE][PASSED] - Wait for page load successfully

2018-08-17 14:19:01 - [TEST_STEP][PASSED] - Statement - url = com.kms.katalon.core.webui.keyword.WebUiBuiltInKeywords.getUrl(): Current window's url is: 'https://internet.acc.sd.dika.be/ebloxreporting/web.sensitive/main/FpyDF/iIz9g8MffKNXfNyb1H/FR/#/mijnrapporten'

2018-08-17 14:19:01 - [MESSAGE][PASSED] - Current window's url is: 'https://internet.acc.sd.dika.be/ebloxreporting/web.sensitive/main/FpyDF/iIz9g8MffKNXfNyb1H/FR/#/mijnrapporten'

2018-08-17 14:19:01 - [TEST_STEP][PASSED] - Statement - p = java.util.regex.Pattern.compile("00040 ANTILOPE GROEP"): null

2018-08-17 14:19:01 - [TEST_STEP][PASSED] - Statement - m = p.matcher(url): null

2018-08-17 14:19:01 - [TEST_STEP][PASSED] - Statement - If (m.find()): null

2018-08-17 14:19:01 - [TEST_STEP][PASSED] - Statement - Else: The user name and the concern number are not present in the URL

2018-08-17 14:19:01 - [TEST_STEP][PASSED] - Statement - com.kms.katalon.core.util.KeywordUtil.markPassed("The user name and the concern number are not present in the URL"): The user name and the concern number are not present in the URL

2018-08-17 14:19:01 - [MESSAGE][PASSED] - The user name and the concern number are not present in the URL

2018-08-17 14:19:01 - [MESSAGE][PASSED] - Call Test Case 'Test Cases/Mes rapports/Main Page/TC Verify Url' successfully

2018-08-17 14:19:01 - [TEST_STEP][PASSED] - waitForPageLoad: Wait for page load successfully

2018-08-17 14:19:01 - [MESSAGE][PASSED] - Wait for page load successfully

2018-08-17 14:19:01 - [TEST_STEP][PASSED] - callTestCase: Call Test Case 'Test Cases/Select Language/TC2 Verify FR Language' successfully

2018-08-17 14:19:01 - [TEST_CASE][PASSED] - Test Cases/Select Language/TC2 Verify FR Language: Test Cases/Select Language/TC2 Verify FR Language

2018-08-17 14:19:01 - [TEST_STEP][PASSED] - click: Object: 'Object Repository/Change language link Obj/FR_language' is clicked on

2018-08-17 14:19:01 - [MESSAGE][PASSED] - Object: 'Object Repository/Change language link Obj/FR_language' is clicked on

2018-08-17 14:19:01 - [TEST_STEP][PASSED] - waitForPageLoad: Wait for page load successfully

2018-08-17 14:19:01 - [MESSAGE][PASSED] - Wait for page load successfully

2018-08-17 14:19:01 - [MESSAGE][PASSED] - Call Test Case 'Test Cases/Select Language/TC2 Verify FR Language' successfully

2018-08-17 14:19:01 - [TEST_STEP][PASSED] - waitForPageLoad: Wait for page load successfully

2018-08-17 14:19:01 - [MESSAGE][PASSED] - Wait for page load successfully

2018-08-17 14:19:01 - [TEST_STEP][PASSED] - callTestCase: Call Test Case 'Test Cases/Select Language/TC1 Verify NL language' successfully

2018-08-17 14:19:01 - [TEST_CASE][PASSED] - Test Cases/Select Language/TC1 Verify NL language: Test Cases/Select Language/TC1 Verify NL language

2018-08-17 14:19:01 - [TEST_STEP][PASSED] - waitForElementClickable: Object 'Object Repository/Change language link Obj/NL_language' is clickable

2018-08-17 14:19:01 - [MESSAGE][PASSED] - Object 'Object Repository/Change language link Obj/NL_language' is clickable

2018-08-17 14:19:01 - [TEST_STEP][PASSED] - click: Object: 'Object Repository/Change language link Obj/NL_language' is clicked on

2018-08-17 14:19:06 - [MESSAGE][PASSED] - Object: 'Object Repository/Change language link Obj/NL_language' is clicked on

2018-08-17 14:19:06 - [TEST_STEP][PASSED] - waitForPageLoad: Wait for page load successfully

2018-08-17 14:19:06 - [MESSAGE][PASSED] - Wait for page load successfully

2018-08-17 14:19:06 - [MESSAGE][PASSED] - Call Test Case 'Test Cases/Select Language/TC1 Verify NL language' successfully

2018-08-17 14:19:06 - [TEST_STEP][PASSED] - waitForPageLoad: Wait for page load successfully

2018-08-17 14:19:06 - [MESSAGE][PASSED] - Wait for page load successfully

2018-08-17 14:19:06 - [TEST_STEP][PASSED] - callTestCase: Call Test Case 'Test Cases/Menu- Bibliotheque/TC Verify Bibliotheque tab' successfully

2018-08-17 14:19:06 - [TEST_CASE][PASSED] - Test Cases/Menu- Bibliotheque/TC Verify Bibliotheque tab: Test Cases/Menu- Bibliotheque/TC Verify Bibliotheque tab

2018-08-17 14:19:06 - [TEST_STEP][PASSED] - click: Object: 'Object Repository/Bibliotheque Obj/Bibliothque_tab' is clicked on

2018-08-17 14:19:06 - [MESSAGE][PASSED] - Object: 'Object Repository/Bibliotheque Obj/Bibliothque_tab' is clicked on

2018-08-17 14:19:06 - [MESSAGE][PASSED] - Call Test Case 'Test Cases/Menu- Bibliotheque/TC Verify Bibliotheque tab' successfully

2018-08-17 14:19:06 - [TEST_STEP][PASSED] - waitForPageLoad: Wait for page load successfully

2018-08-17 14:19:06 - [MESSAGE][PASSED] - Wait for page load successfully

2018-08-17 14:19:06 - [TEST_STEP][PASSED] - callTestCase: Call Test Case 'Test Cases/Menu- Bibliotheque/TC1 Verify Deployer function' successfully

2018-08-17 14:19:06 - [TEST_CASE][PASSED] - Test Cases/Menu- Bibliotheque/TC1 Verify Deployer function: Test Cases/Menu- Bibliotheque/TC1 Verify Deployer function

2018-08-17 14:19:07 - [TEST_STEP][PASSED] - waitForPageLoad: Wait for page load successfully

2018-08-17 14:19:07 - [MESSAGE][PASSED] - Wait for page load successfully

2018-08-17 14:19:07 - [TEST_STEP][PASSED] - click: Object: 'Object Repository/Bibliotheque Obj/button_setting_dropdown' is clicked on

2018-08-17 14:19:09 - [MESSAGE][PASSED] - Object: 'Object Repository/Bibliotheque Obj/button_setting_dropdown' is clicked on

2018-08-17 14:19:09 - [TEST_STEP][PASSED] - click: Object: 'Object Repository/Bibliotheque Obj/a_Dployer tout' is clicked on

2018-08-17 14:19:10 - [MESSAGE][PASSED] - Object: 'Object Repository/Bibliotheque Obj/a_Dployer tout' is clicked on

2018-08-17 14:19:10 - [MESSAGE][PASSED] - Call Test Case 'Test Cases/Menu- Bibliotheque/TC1 Verify Deployer function' successfully

2018-08-17 14:19:10 - [TEST_STEP][PASSED] - waitForPageLoad: Wait for page load successfully

2018-08-17 14:19:10 - [MESSAGE][PASSED] - Wait for page load successfully

2018-08-17 14:19:10 - [TEST_STEP][PASSED] - callTestCase: Call Test Case 'Test Cases/Menu- Bibliotheque/TC2 Verify Masquer function' successfully

2018-08-17 14:19:10 - [TEST_CASE][PASSED] - Test Cases/Menu- Bibliotheque/TC2 Verify Masquer function: Test Cases/Menu- Bibliotheque/TC2 Verify Masquer function

2018-08-17 14:19:10 - [TEST_STEP][PASSED] - click: Object: 'Object Repository/Bibliotheque Obj/button_setting_dropdown' is clicked on

2018-08-17 14:19:10 - [MESSAGE][PASSED] - Object: 'Object Repository/Bibliotheque Obj/button_setting_dropdown' is clicked on

2018-08-17 14:19:10 - [TEST_STEP][PASSED] - click: Object: 'Object Repository/Bibliotheque Obj/a_Masquer tout' is clicked on

2018-08-17 14:19:10 - [MESSAGE][PASSED] - Object: 'Object Repository/Bibliotheque Obj/a_Masquer tout' is clicked on

2018-08-17 14:19:10 - [MESSAGE][PASSED] - Call Test Case 'Test Cases/Menu- Bibliotheque/TC2 Verify Masquer function' successfully

2018-08-17 14:19:10 - [TEST_STEP][PASSED] - callTestCase: Call Test Case 'Test Cases/Menu- Bibliotheque/TC3 Verify info icon function' successfully

2018-08-17 14:19:10 - [TEST_CASE][PASSED] - Test Cases/Menu- Bibliotheque/TC3 Verify info icon function: Test Cases/Menu- Bibliotheque/TC3 Verify info icon function

2018-08-17 14:19:10 - [TEST_STEP][PASSED] - click: Object: 'Object Repository/Bibliotheque Obj/info_Icon' is clicked on

2018-08-17 14:19:10 - [MESSAGE][PASSED] - Object: 'Object Repository/Bibliotheque Obj/info_Icon' is clicked on

2018-08-17 14:19:10 - [MESSAGE][PASSED] - Call Test Case 'Test Cases/Menu- Bibliotheque/TC3 Verify info icon function' successfully

2018-08-17 14:19:10 - [TEST_STEP][PASSED] - callTestCase: Call Test Case 'Test Cases/Menu- Bibliotheque/TC4 Verify Url' successfully

2018-08-17 14:19:11 - [TEST_CASE][PASSED] - Test Cases/Menu- Bibliotheque/TC4 Verify Url: Test Cases/Menu- Bibliotheque/TC4 Verify Url

2018-08-17 14:19:11 - [TEST_STEP][PASSED] - waitForPageLoad: Wait for page load successfully

2018-08-17 14:19:11 - [MESSAGE][PASSED] - Wait for page load successfully

2018-08-17 14:19:11 - [TEST_STEP][PASSED] - Statement - url = com.kms.katalon.core.webui.keyword.WebUiBuiltInKeywords.getUrl(): Current window's url is: 'https://internet.acc.sd.dika.be/ebloxreporting/web.sensitive/main/FpyDF/iIz9g8MffKNXfNyb1H/NL/#/bibliotheek/'

2018-08-17 14:19:11 - [MESSAGE][PASSED] - Current window's url is: 'https://internet.acc.sd.dika.be/ebloxreporting/web.sensitive/main/FpyDF/iIz9g8MffKNXfNyb1H/NL/#/bibliotheek/'

2018-08-17 14:19:11 - [TEST_STEP][PASSED] - Statement - p = java.util.regex.Pattern.compile("00040 ANTILOPE GROEP"): null

2018-08-17 14:19:11 - [TEST_STEP][PASSED] - Statement - m = p.matcher(url): null

2018-08-17 14:19:11 - [TEST_STEP][PASSED] - Statement - If (m.find()): null

2018-08-17 14:19:11 - [TEST_STEP][PASSED] - Statement - Else: The user name and the concern number are not present in the URL

2018-08-17 14:19:11 - [TEST_STEP][PASSED] - Statement - com.kms.katalon.core.util.KeywordUtil.markPassed("The user name and the concern number are not present in the URL"): The user name and the concern number are not present in the URL

2018-08-17 14:19:11 - [MESSAGE][PASSED] - The user name and the concern number are not present in the URL

2018-08-17 14:19:11 - [MESSAGE][PASSED] - Call Test Case 'Test Cases/Menu- Bibliotheque/TC4 Verify Url' successfully

2018-08-17 14:19:11 - [TEST_STEP][PASSED] - callTestCase: Call Test Case 'Test Cases/Menu- Comptages/TC Verify Comptages tab' successfully

2018-08-17 14:19:11 - [TEST_CASE][PASSED] - Test Cases/Menu- Comptages/TC Verify Comptages tab: Test Cases/Menu- Comptages/TC Verify Comptages tab

2018-08-17 14:19:11 - [TEST_STEP][PASSED] - click: Object: 'Object Repository/Comptages Obj/Comptages_tab' is clicked on

2018-08-17 14:19:11 - [MESSAGE][PASSED] - Object: 'Object Repository/Comptages Obj/Comptages_tab' is clicked on

2018-08-17 14:19:11 - [MESSAGE][PASSED] - Call Test Case 'Test Cases/Menu- Comptages/TC Verify Comptages tab' successfully

2018-08-17 14:19:11 - [TEST_STEP][PASSED] - callTestCase: Call Test Case 'Test Cases/Menu- Comptages/TC2 Verify Nouveau comptage button' successfully

2018-08-17 14:19:11 - [TEST_CASE][PASSED] - Test Cases/Menu- Comptages/TC2 Verify Nouveau comptage button: Test Cases/Menu- Comptages/TC2 Verify Nouveau comptage button

2018-08-17 14:19:12 - [TEST_STEP][PASSED] - click: Object: 'Object Repository/Comptages Obj/button_Nouveau comptage' is clicked on

2018-08-17 14:19:13 - [MESSAGE][PASSED] - Object: 'Object Repository/Comptages Obj/button_Nouveau comptage' is clicked on

2018-08-17 14:19:13 - [MESSAGE][PASSED] - Call Test Case 'Test Cases/Menu- Comptages/TC2 Verify Nouveau comptage button' successfully

2018-08-17 14:19:13 - [TEST_STEP][PASSED] - callTestCase: Call Test Case 'Test Cases/Menu- Comptages/TC3 Verify Montants Function' successfully

2018-08-17 14:19:13 - [TEST_CASE][PASSED] - Test Cases/Menu- Comptages/TC3 Verify Montants Function: Test Cases/Menu- Comptages/TC3 Verify Montants Function

2018-08-17 14:19:13 - [TEST_STEP][PASSED] - click: Object: 'Object Repository/Comptages Obj/a_Montants' is clicked on

2018-08-17 14:19:14 - [MESSAGE][PASSED] - Object: 'Object Repository/Comptages Obj/a_Montants' is clicked on

2018-08-17 14:19:14 - [MESSAGE][PASSED] - Call Test Case 'Test Cases/Menu- Comptages/TC3 Verify Montants Function' successfully

2018-08-17 14:19:14 - [TEST_STEP][PASSED] - callTestCase: Call Test Case 'Test Cases/Menu- Comptages/TC4 Verify the creation of a new Comptage' successfully

2018-08-17 14:19:14 - [TEST_CASE][PASSED] - Test Cases/Menu- Comptages/TC4 Verify the creation of a new Comptage: Test Cases/Menu- Comptages/TC4 Verify the creation of a new Comptage

2018-08-17 14:19:14 - [TEST_STEP][PASSED] - setText: Text 'testing' is set on object 'Object Repository/Comptages Obj/input_comptage_name'

2018-08-17 14:19:14 - [MESSAGE][PASSED] - Text 'testing' is set on object 'Object Repository/Comptages Obj/input_comptage_name'

2018-08-17 14:19:14 - [TEST_STEP][PASSED] - delay: Delayed 5 second(s)

2018-08-17 14:19:19 - [MESSAGE][PASSED] - Delayed 5 second(s)

2018-08-17 14:19:19 - [TEST_STEP][PASSED] - click: Object: 'Object Repository/Comptages Obj/dropdown_arrow' is clicked on

2018-08-17 14:19:20 - [MESSAGE][PASSED] - Object: 'Object Repository/Comptages Obj/dropdown_arrow' is clicked on

2018-08-17 14:19:20 - [TEST_STEP][PASSED] - delay: Delayed 5 second(s)

2018-08-17 14:19:25 - [MESSAGE][PASSED] - Delayed 5 second(s)

2018-08-17 14:19:25 - [TEST_STEP][PASSED] - setText: Text 'Attest loonlasten' is set on object 'Object Repository/Comptages Obj/input_comptage_type'

2018-08-17 14:19:25 - [MESSAGE][PASSED] - Text 'Attest loonlasten' is set on object 'Object Repository/Comptages Obj/input_comptage_type'

2018-08-17 14:19:25 - [TEST_STEP][PASSED] - sendKeys: Keys 'ENTER + ' sent to object: 'Object Repository/Comptages Obj/input_comptage_type'

2018-08-17 14:19:25 - [MESSAGE][PASSED] - Keys 'ENTER + ' sent to object: 'Object Repository/Comptages Obj/input_comptage_type'

2018-08-17 14:19:25 - [MESSAGE][PASSED] - Call Test Case 'Test Cases/Menu- Comptages/TC4 Verify the creation of a new Comptage' successfully

2018-08-17 14:19:25 - [TEST_STEP][PASSED] - callTestCase: Call Test Case 'Test Cases/Menu- Comptages/TC7 Verify Sauvegarder button' successfully

2018-08-17 14:19:25 - [TEST_CASE][PASSED] - Test Cases/Menu- Comptages/TC7 Verify Sauvegarder button: Test Cases/Menu- Comptages/TC7 Verify Sauvegarder button

2018-08-17 14:19:25 - [TEST_STEP][PASSED] - click: Object: 'Object Repository/Comptages Obj/button_Sauvegarder' is clicked on

2018-08-17 14:19:25 - [MESSAGE][PASSED] - Object: 'Object Repository/Comptages Obj/button_Sauvegarder' is clicked on

2018-08-17 14:19:25 - [MESSAGE][PASSED] - Call Test Case 'Test Cases/Menu- Comptages/TC7 Verify Sauvegarder button' successfully

2018-08-17 14:19:25 - [TEST_STEP][PASSED] - closeBrowser: Browser is closed

2018-08-17 14:19:26 - [MESSAGE][PASSED] - Browser is closed]]></system-out>
         <system-err><![CDATA[]]></system-err>
      </testcase>
      <testcase name="Test Cases/New Folder/TC10 BASED ON THE LIBRARY" classname="Test Cases/New Folder/TC10 BASED ON THE LIBRARY" status="PASSED">
         <system-out><![CDATA[2018-08-17 14:19:26 - [TEST_CASE][PASSED] - Test Cases/New Folder/TC10 BASED ON THE LIBRARY: Test Cases/New Folder/TC10 BASED ON THE LIBRARY

2018-08-17 14:19:26 - [TEST_STEP][PASSED] - callTestCase: Call Test Case 'Test Cases/Login/TC1 Login to Mysdworx' successfully

2018-08-17 14:19:26 - [TEST_CASE][PASSED] - Test Cases/Login/TC1 Login to Mysdworx: Test Cases/Login/TC1 Login to Mysdworx

2018-08-17 14:19:26 - [TEST_STEP][PASSED] - openBrowser: Browser is opened with url: ''

2018-08-17 14:19:28 - [MESSAGE][PASSED] - Browser is opened with url: ''

2018-08-17 14:19:28 - [TEST_STEP][PASSED] - navigateToUrl: Navigate to 'https://internet.acc.sd.dika.be/ebloxreporting/web.sensitive/main/?lang=fr' successfully

2018-08-17 14:19:34 - [MESSAGE][PASSED] - Navigate to 'https://internet.acc.sd.dika.be/ebloxreporting/web.sensitive/main/?lang=fr' successfully

2018-08-17 14:19:34 - [TEST_STEP][PASSED] - maximizeWindow: Current window maximized

2018-08-17 14:19:35 - [MESSAGE][PASSED] - Current window maximized

2018-08-17 14:19:35 - [TEST_STEP][PASSED] - setText: Text 'DP_EBLOX_RPP_VASCO' is set on object 'Object Repository/Page_mysdworx - Log in/input_Username'

2018-08-17 14:19:45 - [MESSAGE][PASSED] - Text 'DP_EBLOX_RPP_VASCO' is set on object 'Object Repository/Page_mysdworx - Log in/input_Username'

2018-08-17 14:19:45 - [TEST_STEP][PASSED] - Statement - frame = new javax.swing.JFrame(User Input Frame): null

2018-08-17 14:19:45 - [TEST_STEP][PASSED] - Statement - frame.requestFocus(): null

2018-08-17 14:19:45 - [TEST_STEP][PASSED] - Statement - pass = javax.swing.JOptionPane.showInputDialog(frame, "Enter the password from token!!"): null

2018-08-17 14:19:54 - [TEST_STEP][PASSED] - delay: Delayed 5 second(s)

2018-08-17 14:19:59 - [MESSAGE][PASSED] - Delayed 5 second(s)

2018-08-17 14:19:59 - [TEST_STEP][PASSED] - setText: Text '285830' is set on object 'Object Repository/Page_mysdworx - Log in/input_Password'

2018-08-17 14:20:00 - [MESSAGE][PASSED] - Text '285830' is set on object 'Object Repository/Page_mysdworx - Log in/input_Password'

2018-08-17 14:20:00 - [TEST_STEP][PASSED] - click: Object: 'Object Repository/Page_mysdworx - Log in/button_Se connecter' is clicked on

2018-08-17 14:20:00 - [MESSAGE][PASSED] - Object: 'Object Repository/Page_mysdworx - Log in/button_Se connecter' is clicked on

2018-08-17 14:20:00 - [TEST_STEP][PASSED] - waitForPageLoad: Wait for page load successfully

2018-08-17 14:20:00 - [MESSAGE][PASSED] - Wait for page load successfully

2018-08-17 14:20:00 - [TEST_STEP][NOT_RUN] - closeBrowser: NOT_RUN: closeBrowser

2018-08-17 14:20:00 - [MESSAGE][NOT_RUN] - NOT_RUN: closeBrowser

2018-08-17 14:20:00 - [MESSAGE][PASSED] - Call Test Case 'Test Cases/Login/TC1 Login to Mysdworx' successfully

2018-08-17 14:20:00 - [TEST_STEP][PASSED] - waitForPageLoad: Wait for page load successfully

2018-08-17 14:20:00 - [MESSAGE][PASSED] - Wait for page load successfully

2018-08-17 14:20:00 - [TEST_STEP][PASSED] - callTestCase: Call Test Case 'Test Cases/Select Language/TC1 Verify NL language' successfully

2018-08-17 14:20:00 - [TEST_CASE][PASSED] - Test Cases/Select Language/TC1 Verify NL language: Test Cases/Select Language/TC1 Verify NL language

2018-08-17 14:20:00 - [TEST_STEP][PASSED] - waitForElementClickable: Object 'Object Repository/Change language link Obj/NL_language' is clickable

2018-08-17 14:20:26 - [MESSAGE][PASSED] - Object 'Object Repository/Change language link Obj/NL_language' is clickable

2018-08-17 14:20:26 - [TEST_STEP][PASSED] - click: Object: 'Object Repository/Change language link Obj/NL_language' is clicked on

2018-08-17 14:20:35 - [MESSAGE][PASSED] - Object: 'Object Repository/Change language link Obj/NL_language' is clicked on

2018-08-17 14:20:35 - [TEST_STEP][PASSED] - waitForPageLoad: Wait for page load successfully

2018-08-17 14:20:35 - [MESSAGE][PASSED] - Wait for page load successfully

2018-08-17 14:20:35 - [MESSAGE][PASSED] - Call Test Case 'Test Cases/Select Language/TC1 Verify NL language' successfully

2018-08-17 14:20:35 - [TEST_STEP][PASSED] - waitForPageLoad: Wait for page load successfully

2018-08-17 14:20:35 - [MESSAGE][PASSED] - Wait for page load successfully

2018-08-17 14:20:35 - [TEST_STEP][PASSED] - callTestCase: Call Test Case 'Test Cases/Mes rapports/Verify Nouveau rapport button' successfully

2018-08-17 14:20:35 - [TEST_CASE][PASSED] - Test Cases/Mes rapports/Verify Nouveau rapport button: Test Cases/Mes rapports/Verify Nouveau rapport button

2018-08-17 14:20:36 - [TEST_STEP][PASSED] - click: Object: 'Object Repository/Mes rapports Obj/button_Nouveau rapport' is clicked on

2018-08-17 14:20:39 - [MESSAGE][PASSED] - Object: 'Object Repository/Mes rapports Obj/button_Nouveau rapport' is clicked on

2018-08-17 14:20:39 - [TEST_STEP][PASSED] - waitForPageLoad: Wait for page load successfully

2018-08-17 14:20:39 - [MESSAGE][PASSED] - Wait for page load successfully

2018-08-17 14:20:39 - [MESSAGE][PASSED] - Call Test Case 'Test Cases/Mes rapports/Verify Nouveau rapport button' successfully

2018-08-17 14:20:39 - [TEST_STEP][PASSED] - waitForPageLoad: Wait for page load successfully

2018-08-17 14:20:39 - [MESSAGE][PASSED] - Wait for page load successfully

2018-08-17 14:20:39 - [TEST_STEP][PASSED] - callTestCase: Call Test Case 'Test Cases/Mes rapports/Mes rapports - BASE DE RAPPORT/TC3  Verify radio button Baser sur un rapport de la Bibliotheque' successfully

2018-08-17 14:20:39 - [TEST_CASE][PASSED] - Test Cases/Mes rapports/Mes rapports - BASE DE RAPPORT/TC3  Verify radio button Baser sur un rapport de la Bibliotheque: Test Cases/Mes rapports/Mes rapports - BASE DE RAPPORT/TC3  Verify radio button Baser sur un rapport de la Bibliotheque

2018-08-17 14:20:40 - [TEST_STEP][PASSED] - click: Object: 'Object Repository/Mes rapports Obj/BASE DE RAPPORT/radioButton_Baser sur un rapport de la Bibliothque' is clicked on

2018-08-17 14:20:41 - [MESSAGE][PASSED] - Object: 'Object Repository/Mes rapports Obj/BASE DE RAPPORT/radioButton_Baser sur un rapport de la Bibliothque' is clicked on

2018-08-17 14:20:41 - [MESSAGE][PASSED] - Call Test Case 'Test Cases/Mes rapports/Mes rapports - BASE DE RAPPORT/TC3  Verify radio button Baser sur un rapport de la Bibliotheque' successfully

2018-08-17 14:20:41 - [TEST_STEP][PASSED] - click: Object: 'Object Repository/Mes rapports Obj/BASE DE RAPPORT/Bibliotheque dropdown' is clicked on

2018-08-17 14:20:41 - [MESSAGE][PASSED] - Object: 'Object Repository/Mes rapports Obj/BASE DE RAPPORT/Bibliotheque dropdown' is clicked on

2018-08-17 14:20:41 - [TEST_STEP][PASSED] - setText: Text 'test huidig jaar' is set on object 'Object Repository/Mes rapports Obj/BASE DE RAPPORT/Bibliotheque - dropdowm input'

2018-08-17 14:20:41 - [MESSAGE][PASSED] - Text 'test huidig jaar' is set on object 'Object Repository/Mes rapports Obj/BASE DE RAPPORT/Bibliotheque - dropdowm input'

2018-08-17 14:20:41 - [TEST_STEP][PASSED] - sendKeys: Keys 'ENTER + ' sent to object: 'Object Repository/Mes rapports Obj/BASE DE RAPPORT/Bibliotheque - dropdowm input'

2018-08-17 14:20:41 - [MESSAGE][PASSED] - Keys 'ENTER + ' sent to object: 'Object Repository/Mes rapports Obj/BASE DE RAPPORT/Bibliotheque - dropdowm input'

2018-08-17 14:20:41 - [TEST_STEP][PASSED] - callTestCase: Call Test Case 'Test Cases/Mes rapports/TC Verify the next button arrow' successfully

2018-08-17 14:20:41 - [TEST_CASE][PASSED] - Test Cases/Mes rapports/TC Verify the next button arrow: Test Cases/Mes rapports/TC Verify the next button arrow

2018-08-17 14:20:42 - [TEST_STEP][PASSED] - waitForElementClickable: Object 'Object Repository/Mes rapports Obj/button_Next_Arrow' is clickable

2018-08-17 14:20:42 - [MESSAGE][PASSED] - Object 'Object Repository/Mes rapports Obj/button_Next_Arrow' is clickable

2018-08-17 14:20:42 - [TEST_STEP][PASSED] - click: Object: 'Object Repository/Mes rapports Obj/button_Next_Arrow' is clicked on

2018-08-17 14:20:42 - [MESSAGE][PASSED] - Object: 'Object Repository/Mes rapports Obj/button_Next_Arrow' is clicked on

2018-08-17 14:20:42 - [TEST_STEP][PASSED] - delay: Delayed 5 second(s)

2018-08-17 14:20:47 - [MESSAGE][PASSED] - Delayed 5 second(s)

2018-08-17 14:20:47 - [MESSAGE][PASSED] - Call Test Case 'Test Cases/Mes rapports/TC Verify the next button arrow' successfully

2018-08-17 14:20:47 - [TEST_STEP][PASSED] - waitForPageLoad: Wait for page load successfully

2018-08-17 14:20:47 - [MESSAGE][PASSED] - Wait for page load successfully

2018-08-17 14:20:47 - [TEST_STEP][PASSED] - callTestCase: Call Test Case 'Test Cases/Mes rapports/Mes rapports - CONTENU/TC Verify input field INTERNAL' successfully

2018-08-17 14:20:47 - [TEST_CASE][PASSED] - Test Cases/Mes rapports/Mes rapports - CONTENU/TC Verify input field INTERNAL: Test Cases/Mes rapports/Mes rapports - CONTENU/TC Verify input field INTERNAL

2018-08-17 14:20:47 - [TEST_STEP][PASSED] - Statement - excelData = com.kms.katalon.core.testdata.TestDataFactory.findTestData(Data Files/Data/INTERNAL): Reading excel file with source file 'C:\Users\seeboruts\OneDrive - SD Worx\Desktop\test_DAta.xlsx' and sheet name 'INTERNAL'

2018-08-17 14:20:48 - [TEST_STEP][PASSED] - Statement - For ([i = 1, i <= 2, (i++)]): Object: 'Object Repository/Mes rapports Obj/CONTENU/click_Remove_text' is clicked on

2018-08-17 14:20:48 - [TEST_STEP][PASSED] - setText: Text 'Naam werknemer' is set on object 'Object Repository/Mes rapports Obj/CONTENU/input_Contenu_Selecteur'

2018-08-17 14:21:03 - [MESSAGE][PASSED] - Text 'Naam werknemer' is set on object 'Object Repository/Mes rapports Obj/CONTENU/input_Contenu_Selecteur'

2018-08-17 14:21:03 - [TEST_STEP][PASSED] - delay: Delayed 3 second(s)

2018-08-17 14:21:06 - [MESSAGE][PASSED] - Delayed 3 second(s)

2018-08-17 14:21:06 - [TEST_STEP][PASSED] - click: Object: 'Object Repository/Mes rapports Obj/CONTENU/Selecteur Obj NL/Naam werknemer' is clicked on

2018-08-17 14:21:06 - [MESSAGE][PASSED] - Object: 'Object Repository/Mes rapports Obj/CONTENU/Selecteur Obj NL/Naam werknemer' is clicked on

2018-08-17 14:21:06 - [TEST_STEP][PASSED] - delay: Delayed 3 second(s)

2018-08-17 14:21:09 - [MESSAGE][PASSED] - Delayed 3 second(s)

2018-08-17 14:21:09 - [TEST_STEP][PASSED] - click: Object: 'Object Repository/Mes rapports Obj/CONTENU/click_Remove_text' is clicked on

2018-08-17 14:21:09 - [MESSAGE][PASSED] - Object: 'Object Repository/Mes rapports Obj/CONTENU/click_Remove_text' is clicked on

2018-08-17 14:21:09 - [TEST_STEP][PASSED] - setText: Text 'Afdeling' is set on object 'Object Repository/Mes rapports Obj/CONTENU/input_Contenu_Selecteur'

2018-08-17 14:21:10 - [MESSAGE][PASSED] - Text 'Afdeling' is set on object 'Object Repository/Mes rapports Obj/CONTENU/input_Contenu_Selecteur'

2018-08-17 14:21:10 - [TEST_STEP][PASSED] - delay: Delayed 3 second(s)

2018-08-17 14:21:13 - [MESSAGE][PASSED] - Delayed 3 second(s)

2018-08-17 14:21:13 - [TEST_STEP][PASSED] - click: Object: 'Object Repository/Mes rapports Obj/CONTENU/Selecteur Obj NL/Afdeling' is clicked on

2018-08-17 14:21:13 - [MESSAGE][PASSED] - Object: 'Object Repository/Mes rapports Obj/CONTENU/Selecteur Obj NL/Afdeling' is clicked on

2018-08-17 14:21:13 - [TEST_STEP][PASSED] - delay: Delayed 3 second(s)

2018-08-17 14:21:16 - [MESSAGE][PASSED] - Delayed 3 second(s)

2018-08-17 14:21:16 - [TEST_STEP][PASSED] - click: Object: 'Object Repository/Mes rapports Obj/CONTENU/click_Remove_text' is clicked on

2018-08-17 14:21:16 - [MESSAGE][PASSED] - Object: 'Object Repository/Mes rapports Obj/CONTENU/click_Remove_text' is clicked on

2018-08-17 14:21:16 - [MESSAGE][PASSED] - Call Test Case 'Test Cases/Mes rapports/Mes rapports - CONTENU/TC Verify input field INTERNAL' successfully

2018-08-17 14:21:16 - [TEST_STEP][PASSED] - callTestCase: Call Test Case 'Test Cases/Verify URL/TC Verify Url' successfully

2018-08-17 14:21:16 - [TEST_CASE][PASSED] - Test Cases/Verify URL/TC Verify Url: Test Cases/Verify URL/TC Verify Url

2018-08-17 14:21:16 - [TEST_STEP][PASSED] - waitForPageLoad: Wait for page load successfully

2018-08-17 14:21:16 - [MESSAGE][PASSED] - Wait for page load successfully

2018-08-17 14:21:16 - [TEST_STEP][PASSED] - Statement - url = com.kms.katalon.core.webui.keyword.WebUiBuiltInKeywords.getUrl(): Current window's url is: 'https://internet.acc.sd.dika.be/ebloxreporting/web.sensitive/main/FpyDF/iIz9g8MffKNXfNyb1H/NL/#/definitie/wizard/extern/index/28081/inhoud'

2018-08-17 14:21:16 - [MESSAGE][PASSED] - Current window's url is: 'https://internet.acc.sd.dika.be/ebloxreporting/web.sensitive/main/FpyDF/iIz9g8MffKNXfNyb1H/NL/#/definitie/wizard/extern/index/28081/inhoud'

2018-08-17 14:21:16 - [TEST_STEP][PASSED] - Statement - p = java.util.regex.Pattern.compile("00040 ANTILOPE GROEP"): null

2018-08-17 14:21:16 - [TEST_STEP][PASSED] - Statement - m = p.matcher(url): null

2018-08-17 14:21:16 - [TEST_STEP][PASSED] - Statement - If (m.find()): null

2018-08-17 14:21:16 - [TEST_STEP][PASSED] - Statement - Else: The user name and the concern number are not present in the URL

2018-08-17 14:21:16 - [TEST_STEP][PASSED] - Statement - com.kms.katalon.core.util.KeywordUtil.markPassed("The user name and the concern number are not present in the URL"): The user name and the concern number are not present in the URL

2018-08-17 14:21:16 - [MESSAGE][PASSED] - The user name and the concern number are not present in the URL

2018-08-17 14:21:16 - [MESSAGE][PASSED] - Call Test Case 'Test Cases/Verify URL/TC Verify Url' successfully

2018-08-17 14:21:16 - [TEST_STEP][PASSED] - callTestCase: Call Test Case 'Test Cases/Mes rapports/TC Verify the next button arrow' successfully

2018-08-17 14:21:16 - [TEST_CASE][PASSED] - Test Cases/Mes rapports/TC Verify the next button arrow: Test Cases/Mes rapports/TC Verify the next button arrow

2018-08-17 14:21:16 - [TEST_STEP][PASSED] - waitForElementClickable: Object 'Object Repository/Mes rapports Obj/button_Next_Arrow' is clickable

2018-08-17 14:21:16 - [MESSAGE][PASSED] - Object 'Object Repository/Mes rapports Obj/button_Next_Arrow' is clickable

2018-08-17 14:21:16 - [TEST_STEP][PASSED] - click: Object: 'Object Repository/Mes rapports Obj/button_Next_Arrow' is clicked on

2018-08-17 14:21:17 - [MESSAGE][PASSED] - Object: 'Object Repository/Mes rapports Obj/button_Next_Arrow' is clicked on

2018-08-17 14:21:17 - [TEST_STEP][PASSED] - delay: Delayed 5 second(s)

2018-08-17 14:21:22 - [MESSAGE][PASSED] - Delayed 5 second(s)

2018-08-17 14:21:22 - [MESSAGE][PASSED] - Call Test Case 'Test Cases/Mes rapports/TC Verify the next button arrow' successfully

2018-08-17 14:21:22 - [TEST_STEP][PASSED] - waitForPageLoad: Wait for page load successfully

2018-08-17 14:21:22 - [MESSAGE][PASSED] - Wait for page load successfully

2018-08-17 14:21:22 - [TEST_STEP][PASSED] - callTestCase: Call Test Case 'Test Cases/Mes rapports/Mes rapports - SELECTION/Verify if checkbox is unchecked/TC 10 Deselect all checkbox' successfully

2018-08-17 14:21:22 - [TEST_CASE][PASSED] - Test Cases/Mes rapports/Mes rapports - SELECTION/Verify if checkbox is unchecked/TC 10 Deselect all checkbox: Test Cases/Mes rapports/Mes rapports - SELECTION/Verify if checkbox is unchecked/TC 10 Deselect all checkbox

2018-08-17 14:21:22 - [TEST_STEP][PASSED] - callTestCase: Call Test Case 'Test Cases/Mes rapports/Mes rapports - SELECTION/Verify if checkbox is unchecked/TC 1 Verify Contrats actifs checkbox  is un-checked' successfully

2018-08-17 14:21:22 - [TEST_CASE][PASSED] - Test Cases/Mes rapports/Mes rapports - SELECTION/Verify if checkbox is unchecked/TC 1 Verify Contrats actifs checkbox  is un-checked: Test Cases/Mes rapports/Mes rapports - SELECTION/Verify if checkbox is unchecked/TC 1 Verify Contrats actifs checkbox  is un-checked

2018-08-17 14:21:22 - [TEST_STEP][PASSED] - uncheck: Object 'Object Repository/Mes rapports Obj/SELECTION/Contrats actifs checkBox' is un-checked

2018-08-17 14:21:22 - [MESSAGE][PASSED] - Object 'Object Repository/Mes rapports Obj/SELECTION/Contrats actifs checkBox' is un-checked

2018-08-17 14:21:22 - [MESSAGE][PASSED] - Call Test Case 'Test Cases/Mes rapports/Mes rapports - SELECTION/Verify if checkbox is unchecked/TC 1 Verify Contrats actifs checkbox  is un-checked' successfully

2018-08-17 14:21:22 - [TEST_STEP][PASSED] - callTestCase: Call Test Case 'Test Cases/Mes rapports/Mes rapports - SELECTION/Verify if checkbox is unchecked/TC 2 VErify Dossier and Groupe checkBox  is un-checked' successfully

2018-08-17 14:21:22 - [TEST_CASE][PASSED] - Test Cases/Mes rapports/Mes rapports - SELECTION/Verify if checkbox is unchecked/TC 2 VErify Dossier and Groupe checkBox  is un-checked: Test Cases/Mes rapports/Mes rapports - SELECTION/Verify if checkbox is unchecked/TC 2 VErify Dossier and Groupe checkBox  is un-checked

2018-08-17 14:21:23 - [TEST_STEP][PASSED] - uncheck: Object 'Object Repository/Mes rapports Obj/SELECTION/Dossier and Groupe checkbox' is un-checked

2018-08-17 14:21:23 - [MESSAGE][PASSED] - Object 'Object Repository/Mes rapports Obj/SELECTION/Dossier and Groupe checkbox' is un-checked

2018-08-17 14:21:23 - [MESSAGE][PASSED] - Call Test Case 'Test Cases/Mes rapports/Mes rapports - SELECTION/Verify if checkbox is unchecked/TC 2 VErify Dossier and Groupe checkBox  is un-checked' successfully

2018-08-17 14:21:23 - [TEST_STEP][PASSED] - callTestCase: Call Test Case 'Test Cases/Mes rapports/Mes rapports - SELECTION/Verify if checkbox is unchecked/TC 3 Verify Travailleur checkBox  is un-checked' successfully

2018-08-17 14:21:23 - [TEST_CASE][PASSED] - Test Cases/Mes rapports/Mes rapports - SELECTION/Verify if checkbox is unchecked/TC 3 Verify Travailleur checkBox  is un-checked: Test Cases/Mes rapports/Mes rapports - SELECTION/Verify if checkbox is unchecked/TC 3 Verify Travailleur checkBox  is un-checked

2018-08-17 14:21:23 - [TEST_STEP][PASSED] - uncheck: Object 'Object Repository/Mes rapports Obj/SELECTION/Travailleur checkbox' is un-checked

2018-08-17 14:21:23 - [MESSAGE][PASSED] - Object 'Object Repository/Mes rapports Obj/SELECTION/Travailleur checkbox' is un-checked

2018-08-17 14:21:23 - [MESSAGE][PASSED] - Call Test Case 'Test Cases/Mes rapports/Mes rapports - SELECTION/Verify if checkbox is unchecked/TC 3 Verify Travailleur checkBox  is un-checked' successfully

2018-08-17 14:21:23 - [TEST_STEP][PASSED] - callTestCase: Call Test Case 'Test Cases/Mes rapports/Mes rapports - SELECTION/Verify if checkbox is unchecked/TC 4 Verify Departement checkBox  is un-checked' successfully

2018-08-17 14:21:23 - [TEST_CASE][PASSED] - Test Cases/Mes rapports/Mes rapports - SELECTION/Verify if checkbox is unchecked/TC 4 Verify Departement checkBox  is un-checked: Test Cases/Mes rapports/Mes rapports - SELECTION/Verify if checkbox is unchecked/TC 4 Verify Departement checkBox  is un-checked

2018-08-17 14:21:23 - [TEST_STEP][PASSED] - uncheck: Object 'Object Repository/Mes rapports Obj/SELECTION/Departement checkbox' is un-checked

2018-08-17 14:21:23 - [MESSAGE][PASSED] - Object 'Object Repository/Mes rapports Obj/SELECTION/Departement checkbox' is un-checked

2018-08-17 14:21:23 - [MESSAGE][PASSED] - Call Test Case 'Test Cases/Mes rapports/Mes rapports - SELECTION/Verify if checkbox is unchecked/TC 4 Verify Departement checkBox  is un-checked' successfully

2018-08-17 14:21:23 - [TEST_STEP][PASSED] - callTestCase: Call Test Case 'Test Cases/Mes rapports/Mes rapports - SELECTION/Verify if checkbox is unchecked/TC 5 Verify Caractere juridique du contract checBox  is un-checked' successfully

2018-08-17 14:21:23 - [TEST_CASE][PASSED] - Test Cases/Mes rapports/Mes rapports - SELECTION/Verify if checkbox is unchecked/TC 5 Verify Caractere juridique du contract checBox  is un-checked: Test Cases/Mes rapports/Mes rapports - SELECTION/Verify if checkbox is unchecked/TC 5 Verify Caractere juridique du contract checBox  is un-checked

2018-08-17 14:21:24 - [TEST_STEP][PASSED] - uncheck: Object 'Object Repository/Mes rapports Obj/SELECTION/Caractere juridique de contrat' is un-checked

2018-08-17 14:21:24 - [MESSAGE][PASSED] - Object 'Object Repository/Mes rapports Obj/SELECTION/Caractere juridique de contrat' is un-checked

2018-08-17 14:21:24 - [MESSAGE][PASSED] - Call Test Case 'Test Cases/Mes rapports/Mes rapports - SELECTION/Verify if checkbox is unchecked/TC 5 Verify Caractere juridique du contract checBox  is un-checked' successfully

2018-08-17 14:21:24 - [TEST_STEP][PASSED] - callTestCase: Call Test Case 'Test Cases/Mes rapports/Mes rapports - SELECTION/Verify if checkbox is unchecked/TC 6 Verify Pays de naissance checkBox  is un-checked' successfully

2018-08-17 14:21:24 - [TEST_CASE][PASSED] - Test Cases/Mes rapports/Mes rapports - SELECTION/Verify if checkbox is unchecked/TC 6 Verify Pays de naissance checkBox  is un-checked: Test Cases/Mes rapports/Mes rapports - SELECTION/Verify if checkbox is unchecked/TC 6 Verify Pays de naissance checkBox  is un-checked

2018-08-17 14:21:24 - [TEST_STEP][PASSED] - uncheck: Object 'Object Repository/Mes rapports Obj/SELECTION/Pays de naisssance checkbox' is un-checked

2018-08-17 14:21:24 - [MESSAGE][PASSED] - Object 'Object Repository/Mes rapports Obj/SELECTION/Pays de naisssance checkbox' is un-checked

2018-08-17 14:21:24 - [MESSAGE][PASSED] - Call Test Case 'Test Cases/Mes rapports/Mes rapports - SELECTION/Verify if checkbox is unchecked/TC 6 Verify Pays de naissance checkBox  is un-checked' successfully

2018-08-17 14:21:24 - [TEST_STEP][PASSED] - callTestCase: Call Test Case 'Test Cases/Mes rapports/Mes rapports - SELECTION/Verify if checkbox is unchecked/TC 7 Verify Sexe checkBox  is un-checked' successfully

2018-08-17 14:21:24 - [TEST_CASE][PASSED] - Test Cases/Mes rapports/Mes rapports - SELECTION/Verify if checkbox is unchecked/TC 7 Verify Sexe checkBox  is un-checked: Test Cases/Mes rapports/Mes rapports - SELECTION/Verify if checkbox is unchecked/TC 7 Verify Sexe checkBox  is un-checked

2018-08-17 14:21:24 - [TEST_STEP][PASSED] - uncheck: Object 'Object Repository/Mes rapports Obj/SELECTION/Sexe checkbox' is un-checked

2018-08-17 14:21:24 - [MESSAGE][PASSED] - Object 'Object Repository/Mes rapports Obj/SELECTION/Sexe checkbox' is un-checked

2018-08-17 14:21:24 - [MESSAGE][PASSED] - Call Test Case 'Test Cases/Mes rapports/Mes rapports - SELECTION/Verify if checkbox is unchecked/TC 7 Verify Sexe checkBox  is un-checked' successfully

2018-08-17 14:21:24 - [TEST_STEP][PASSED] - callTestCase: Call Test Case 'Test Cases/Mes rapports/Mes rapports - SELECTION/Verify if checkbox is unchecked/TC 8 Verify Mode de remuneration checkBox  is un-checked' successfully

2018-08-17 14:21:24 - [TEST_CASE][PASSED] - Test Cases/Mes rapports/Mes rapports - SELECTION/Verify if checkbox is unchecked/TC 8 Verify Mode de remuneration checkBox  is un-checked: Test Cases/Mes rapports/Mes rapports - SELECTION/Verify if checkbox is unchecked/TC 8 Verify Mode de remuneration checkBox  is un-checked

2018-08-17 14:21:24 - [TEST_STEP][PASSED] - uncheck: Object 'Object Repository/Mes rapports Obj/SELECTION/Mode de remuneration checkbox' is un-checked

2018-08-17 14:21:24 - [MESSAGE][PASSED] - Object 'Object Repository/Mes rapports Obj/SELECTION/Mode de remuneration checkbox' is un-checked

2018-08-17 14:21:24 - [MESSAGE][PASSED] - Call Test Case 'Test Cases/Mes rapports/Mes rapports - SELECTION/Verify if checkbox is unchecked/TC 8 Verify Mode de remuneration checkBox  is un-checked' successfully

2018-08-17 14:21:24 - [TEST_STEP][PASSED] - callTestCase: Call Test Case 'Test Cases/Mes rapports/Mes rapports - SELECTION/Verify if checkbox is unchecked/TC 9 Verify Suspension checkBox  is un-checked' successfully

2018-08-17 14:21:24 - [TEST_CASE][PASSED] - Test Cases/Mes rapports/Mes rapports - SELECTION/Verify if checkbox is unchecked/TC 9 Verify Suspension checkBox  is un-checked: Test Cases/Mes rapports/Mes rapports - SELECTION/Verify if checkbox is unchecked/TC 9 Verify Suspension checkBox  is un-checked

2018-08-17 14:21:25 - [TEST_STEP][PASSED] - uncheck: Object 'Object Repository/Mes rapports Obj/SELECTION/Suspension checkbox' is un-checked

2018-08-17 14:21:25 - [MESSAGE][PASSED] - Object 'Object Repository/Mes rapports Obj/SELECTION/Suspension checkbox' is un-checked

2018-08-17 14:21:25 - [MESSAGE][PASSED] - Call Test Case 'Test Cases/Mes rapports/Mes rapports - SELECTION/Verify if checkbox is unchecked/TC 9 Verify Suspension checkBox  is un-checked' successfully

2018-08-17 14:21:25 - [MESSAGE][PASSED] - Call Test Case 'Test Cases/Mes rapports/Mes rapports - SELECTION/Verify if checkbox is unchecked/TC 10 Deselect all checkbox' successfully

2018-08-17 14:21:25 - [TEST_STEP][PASSED] - callTestCase: Call Test Case 'Test Cases/Verify URL/TC Verify Url' successfully

2018-08-17 14:21:25 - [TEST_CASE][PASSED] - Test Cases/Verify URL/TC Verify Url: Test Cases/Verify URL/TC Verify Url

2018-08-17 14:21:25 - [TEST_STEP][PASSED] - waitForPageLoad: Wait for page load successfully

2018-08-17 14:21:25 - [MESSAGE][PASSED] - Wait for page load successfully

2018-08-17 14:21:25 - [TEST_STEP][PASSED] - Statement - url = com.kms.katalon.core.webui.keyword.WebUiBuiltInKeywords.getUrl(): Current window's url is: 'https://internet.acc.sd.dika.be/ebloxreporting/web.sensitive/main/FpyDF/iIz9g8MffKNXfNyb1H/NL/#/definitie/wizard/extern/index/28081/selectie'

2018-08-17 14:21:25 - [MESSAGE][PASSED] - Current window's url is: 'https://internet.acc.sd.dika.be/ebloxreporting/web.sensitive/main/FpyDF/iIz9g8MffKNXfNyb1H/NL/#/definitie/wizard/extern/index/28081/selectie'

2018-08-17 14:21:25 - [TEST_STEP][PASSED] - Statement - p = java.util.regex.Pattern.compile("00040 ANTILOPE GROEP"): null

2018-08-17 14:21:25 - [TEST_STEP][PASSED] - Statement - m = p.matcher(url): null

2018-08-17 14:21:25 - [TEST_STEP][PASSED] - Statement - If (m.find()): null

2018-08-17 14:21:25 - [TEST_STEP][PASSED] - Statement - Else: The user name and the concern number are not present in the URL

2018-08-17 14:21:25 - [TEST_STEP][PASSED] - Statement - com.kms.katalon.core.util.KeywordUtil.markPassed("The user name and the concern number are not present in the URL"): The user name and the concern number are not present in the URL

2018-08-17 14:21:25 - [MESSAGE][PASSED] - The user name and the concern number are not present in the URL

2018-08-17 14:21:25 - [MESSAGE][PASSED] - Call Test Case 'Test Cases/Verify URL/TC Verify Url' successfully

2018-08-17 14:21:25 - [TEST_STEP][PASSED] - waitForPageLoad: Wait for page load successfully

2018-08-17 14:21:25 - [MESSAGE][PASSED] - Wait for page load successfully

2018-08-17 14:21:25 - [TEST_STEP][PASSED] - callTestCase: Call Test Case 'Test Cases/Mes rapports/TC Verify the next button arrow' successfully

2018-08-17 14:21:25 - [TEST_CASE][PASSED] - Test Cases/Mes rapports/TC Verify the next button arrow: Test Cases/Mes rapports/TC Verify the next button arrow

2018-08-17 14:21:25 - [TEST_STEP][PASSED] - waitForElementClickable: Object 'Object Repository/Mes rapports Obj/button_Next_Arrow' is clickable

2018-08-17 14:21:25 - [MESSAGE][PASSED] - Object 'Object Repository/Mes rapports Obj/button_Next_Arrow' is clickable

2018-08-17 14:21:25 - [TEST_STEP][PASSED] - click: Object: 'Object Repository/Mes rapports Obj/button_Next_Arrow' is clicked on

2018-08-17 14:21:25 - [MESSAGE][PASSED] - Object: 'Object Repository/Mes rapports Obj/button_Next_Arrow' is clicked on

2018-08-17 14:21:25 - [TEST_STEP][PASSED] - delay: Delayed 5 second(s)

2018-08-17 14:21:30 - [MESSAGE][PASSED] - Delayed 5 second(s)

2018-08-17 14:21:30 - [MESSAGE][PASSED] - Call Test Case 'Test Cases/Mes rapports/TC Verify the next button arrow' successfully

2018-08-17 14:21:30 - [TEST_STEP][PASSED] - click: Object: 'Object Repository/Mes rapports Obj/EXECUTION/Button executer' is clicked on

2018-08-17 14:21:30 - [MESSAGE][PASSED] - Object: 'Object Repository/Mes rapports Obj/EXECUTION/Button executer' is clicked on

2018-08-17 14:21:30 - [TEST_STEP][PASSED] - closeBrowser: Browser is closed

2018-08-17 14:21:31 - [MESSAGE][PASSED] - Browser is closed]]></system-out>
         <system-err><![CDATA[]]></system-err>
      </testcase>
      <testcase name="Test Cases/New Folder/TC11 INTERNAL" classname="Test Cases/New Folder/TC11 INTERNAL" status="FAILED">
         <failure type="FAILED" message="Unable to set text 'TEST REG IPS 12.08.2018' of object 'Object Repository/Mes rapports Obj/PROPRIETES/Generalites - input name' (Root cause: org.openqa.selenium.InvalidElementStateException: invalid element state: Element is not currently interactable and may not be manipulated
  (Session info: chrome=68.0.3440.106)
  (Driver info: chromedriver=2.35.528161 (5b82f2d2aae0ca24b877009200ced9065a772e73),platform=Windows NT 10.0.16299 x86_64) (WARNING: The server did not provide any stacktrace information)
Command duration or timeout: 0 milliseconds
Build info: version: '3.7.1', revision: '8a0099a', time: '2017-11-06T21:07:36.161Z'
System info: host: '5CG7062KWD', ip: '10.136.82.127', os.name: 'Windows 10', os.arch: 'amd64', os.version: '10.0', java.version: '1.8.0_181'
Driver info: com.kms.katalon.selenium.driver.CChromeDriver
Capabilities {acceptInsecureCerts: false, acceptSslCerts: false, applicationCacheEnabled: false, browserConnectionEnabled: false, browserName: chrome, chrome: {chromedriverVersion: 2.35.528161 (5b82f2d2aae0ca..., userDataDir: C:\Users\SEEBOR~1\AppData\L...}, cssSelectorsEnabled: true, databaseEnabled: false, handlesAlerts: true, hasTouchScreen: false, javascriptEnabled: true, locationContextEnabled: true, mobileEmulationEnabled: false, nativeEvents: true, networkConnectionEnabled: false, pageLoadStrategy: normal, platform: XP, platformName: XP, rotatable: false, setWindowRect: true, takesHeapSnapshot: true, takesScreenshot: true, unexpectedAlertBehaviour: , unhandledPromptBehavior: , version: 68.0.3440.106, webStorageEnabled: true}
Session ID: 20603ec737643a5a23b37707974b8e2a)"/>
         <system-out><![CDATA[2018-08-17 14:21:31 - [TEST_CASE][FAILED] - Test Cases/New Folder/TC11 INTERNAL: Test Cases/New Folder/TC11 INTERNAL FAILED because (of) Unable to set text 'TEST REG IPS 12.08.2018' of object 'Object Repository/Mes rapports Obj/PROPRIETES/Generalites - input name' (Root cause: org.openqa.selenium.InvalidElementStateException: invalid element state: Element is not currently interactable and may not be manipulated
  (Session info: chrome=68.0.3440.106)
  (Driver info: chromedriver=2.35.528161 (5b82f2d2aae0ca24b877009200ced9065a772e73),platform=Windows NT 10.0.16299 x86_64) (WARNING: The server did not provide any stacktrace information)
Command duration or timeout: 0 milliseconds
Build info: version: '3.7.1', revision: '8a0099a', time: '2017-11-06T21:07:36.161Z'
System info: host: '5CG7062KWD', ip: '10.136.82.127', os.name: 'Windows 10', os.arch: 'amd64', os.version: '10.0', java.version: '1.8.0_181'
Driver info: com.kms.katalon.selenium.driver.CChromeDriver
Capabilities {acceptInsecureCerts: false, acceptSslCerts: false, applicationCacheEnabled: false, browserConnectionEnabled: false, browserName: chrome, chrome: {chromedriverVersion: 2.35.528161 (5b82f2d2aae0ca..., userDataDir: C:\Users\SEEBOR~1\AppData\L...}, cssSelectorsEnabled: true, databaseEnabled: false, handlesAlerts: true, hasTouchScreen: false, javascriptEnabled: true, locationContextEnabled: true, mobileEmulationEnabled: false, nativeEvents: true, networkConnectionEnabled: false, pageLoadStrategy: normal, platform: XP, platformName: XP, rotatable: false, setWindowRect: true, takesHeapSnapshot: true, takesScreenshot: true, unexpectedAlertBehaviour: , unhandledPromptBehavior: , version: 68.0.3440.106, webStorageEnabled: true}
Session ID: 20603ec737643a5a23b37707974b8e2a)

2018-08-17 14:21:31 - [TEST_STEP][PASSED] - callTestCase: Call Test Case 'Test Cases/Login/TC1 Login to Mysdworx' successfully

2018-08-17 14:21:31 - [TEST_CASE][PASSED] - Test Cases/Login/TC1 Login to Mysdworx: Test Cases/Login/TC1 Login to Mysdworx

2018-08-17 14:21:31 - [TEST_STEP][PASSED] - openBrowser: Browser is opened with url: ''

2018-08-17 14:21:33 - [MESSAGE][PASSED] - Browser is opened with url: ''

2018-08-17 14:21:33 - [TEST_STEP][PASSED] - navigateToUrl: Navigate to 'https://internet.acc.sd.dika.be/ebloxreporting/web.sensitive/main/?lang=fr' successfully

2018-08-17 14:21:38 - [MESSAGE][PASSED] - Navigate to 'https://internet.acc.sd.dika.be/ebloxreporting/web.sensitive/main/?lang=fr' successfully

2018-08-17 14:21:38 - [TEST_STEP][PASSED] - maximizeWindow: Current window maximized

2018-08-17 14:21:39 - [MESSAGE][PASSED] - Current window maximized

2018-08-17 14:21:39 - [TEST_STEP][PASSED] - setText: Text 'DP_EBLOX_RPP_VASCO' is set on object 'Object Repository/Page_mysdworx - Log in/input_Username'

2018-08-17 14:21:47 - [MESSAGE][PASSED] - Text 'DP_EBLOX_RPP_VASCO' is set on object 'Object Repository/Page_mysdworx - Log in/input_Username'

2018-08-17 14:21:47 - [TEST_STEP][PASSED] - Statement - frame = new javax.swing.JFrame(User Input Frame): null

2018-08-17 14:21:47 - [TEST_STEP][PASSED] - Statement - frame.requestFocus(): null

2018-08-17 14:21:47 - [TEST_STEP][PASSED] - Statement - pass = javax.swing.JOptionPane.showInputDialog(frame, "Enter the password from token!!"): null

2018-08-17 14:21:49 - [TEST_STEP][PASSED] - delay: Delayed 5 second(s)

2018-08-17 14:21:54 - [MESSAGE][PASSED] - Delayed 5 second(s)

2018-08-17 14:21:54 - [TEST_STEP][PASSED] - setText: Text '038765' is set on object 'Object Repository/Page_mysdworx - Log in/input_Password'

2018-08-17 14:21:54 - [MESSAGE][PASSED] - Text '038765' is set on object 'Object Repository/Page_mysdworx - Log in/input_Password'

2018-08-17 14:21:54 - [TEST_STEP][PASSED] - click: Object: 'Object Repository/Page_mysdworx - Log in/button_Se connecter' is clicked on

2018-08-17 14:21:54 - [MESSAGE][PASSED] - Object: 'Object Repository/Page_mysdworx - Log in/button_Se connecter' is clicked on

2018-08-17 14:21:54 - [TEST_STEP][PASSED] - waitForPageLoad: Wait for page load successfully

2018-08-17 14:21:54 - [MESSAGE][PASSED] - Wait for page load successfully

2018-08-17 14:21:54 - [TEST_STEP][NOT_RUN] - closeBrowser: NOT_RUN: closeBrowser

2018-08-17 14:21:54 - [MESSAGE][NOT_RUN] - NOT_RUN: closeBrowser

2018-08-17 14:21:54 - [MESSAGE][PASSED] - Call Test Case 'Test Cases/Login/TC1 Login to Mysdworx' successfully

2018-08-17 14:21:54 - [TEST_STEP][PASSED] - waitForPageLoad: Wait for page load successfully

2018-08-17 14:21:54 - [MESSAGE][PASSED] - Wait for page load successfully

2018-08-17 14:21:54 - [TEST_STEP][PASSED] - callTestCase: Call Test Case 'Test Cases/Select Language/TC1 Verify NL language' successfully

2018-08-17 14:21:54 - [TEST_CASE][PASSED] - Test Cases/Select Language/TC1 Verify NL language: Test Cases/Select Language/TC1 Verify NL language

2018-08-17 14:21:54 - [TEST_STEP][PASSED] - waitForElementClickable: Object 'Object Repository/Change language link Obj/NL_language' is clickable

2018-08-17 14:22:19 - [MESSAGE][PASSED] - Object 'Object Repository/Change language link Obj/NL_language' is clickable

2018-08-17 14:22:19 - [TEST_STEP][PASSED] - click: Object: 'Object Repository/Change language link Obj/NL_language' is clicked on

2018-08-17 14:22:28 - [MESSAGE][PASSED] - Object: 'Object Repository/Change language link Obj/NL_language' is clicked on

2018-08-17 14:22:28 - [TEST_STEP][PASSED] - waitForPageLoad: Wait for page load successfully

2018-08-17 14:22:28 - [MESSAGE][PASSED] - Wait for page load successfully

2018-08-17 14:22:28 - [MESSAGE][PASSED] - Call Test Case 'Test Cases/Select Language/TC1 Verify NL language' successfully

2018-08-17 14:22:28 - [TEST_STEP][PASSED] - waitForPageLoad: Wait for page load successfully

2018-08-17 14:22:28 - [MESSAGE][PASSED] - Wait for page load successfully

2018-08-17 14:22:28 - [TEST_STEP][PASSED] - click: Object: 'Object Repository/Mes rapports Obj/New button dropdown' is clicked on

2018-08-17 14:22:32 - [MESSAGE][PASSED] - Object: 'Object Repository/Mes rapports Obj/New button dropdown' is clicked on

2018-08-17 14:22:32 - [TEST_STEP][PASSED] - click: Object: 'Object Repository/Mes rapports Obj/intern option' is clicked on

2018-08-17 14:22:32 - [MESSAGE][PASSED] - Object: 'Object Repository/Mes rapports Obj/intern option' is clicked on

2018-08-17 14:22:32 - [TEST_STEP][PASSED] - callTestCase: Call Test Case 'Test Cases/Mes rapports/Mes rapports - BASE DE RAPPORT/TC1  Verify radio button creer un tout nouveau rapport' successfully

2018-08-17 14:22:32 - [TEST_CASE][PASSED] - Test Cases/Mes rapports/Mes rapports - BASE DE RAPPORT/TC1  Verify radio button creer un tout nouveau rapport: Test Cases/Mes rapports/Mes rapports - BASE DE RAPPORT/TC1  Verify radio button creer un tout nouveau rapport

2018-08-17 14:22:33 - [TEST_STEP][PASSED] - Statement - radioButton = com.kms.katalon.core.webui.keyword.WebUiBuiltInKeywords.modifyObjectProperty(com.kms.katalon.core.testobject.ObjectRepository.findTestObject(Mes rapports Obj/BASE DE RAPPORT/radioButton_Creer un tout nouveau rapport), "name", "equals", "typeRapport", true): Modify property of object successfully

2018-08-17 14:22:33 - [MESSAGE][PASSED] - Modify property of object successfully

2018-08-17 14:22:33 - [TEST_STEP][PASSED] - click: Object: 'Object Repository/Mes rapports Obj/BASE DE RAPPORT/radioButton_Creer un tout nouveau rapport' is clicked on

2018-08-17 14:22:34 - [MESSAGE][PASSED] - Object: 'Object Repository/Mes rapports Obj/BASE DE RAPPORT/radioButton_Creer un tout nouveau rapport' is clicked on

2018-08-17 14:22:34 - [MESSAGE][PASSED] - Call Test Case 'Test Cases/Mes rapports/Mes rapports - BASE DE RAPPORT/TC1  Verify radio button creer un tout nouveau rapport' successfully

2018-08-17 14:22:34 - [TEST_STEP][PASSED] - callTestCase: Call Test Case 'Test Cases/Mes rapports/TC Verify the next button arrow' successfully

2018-08-17 14:22:34 - [TEST_CASE][PASSED] - Test Cases/Mes rapports/TC Verify the next button arrow: Test Cases/Mes rapports/TC Verify the next button arrow

2018-08-17 14:22:34 - [TEST_STEP][PASSED] - waitForElementClickable: Object 'Object Repository/Mes rapports Obj/button_Next_Arrow' is clickable

2018-08-17 14:22:34 - [MESSAGE][PASSED] - Object 'Object Repository/Mes rapports Obj/button_Next_Arrow' is clickable

2018-08-17 14:22:34 - [TEST_STEP][PASSED] - click: Object: 'Object Repository/Mes rapports Obj/button_Next_Arrow' is clicked on

2018-08-17 14:22:34 - [MESSAGE][PASSED] - Object: 'Object Repository/Mes rapports Obj/button_Next_Arrow' is clicked on

2018-08-17 14:22:34 - [TEST_STEP][PASSED] - delay: Delayed 5 second(s)

2018-08-17 14:22:39 - [MESSAGE][PASSED] - Delayed 5 second(s)

2018-08-17 14:22:39 - [MESSAGE][PASSED] - Call Test Case 'Test Cases/Mes rapports/TC Verify the next button arrow' successfully

2018-08-17 14:22:39 - [TEST_STEP][PASSED] - waitForPageLoad: Wait for page load successfully

2018-08-17 14:22:39 - [MESSAGE][PASSED] - Wait for page load successfully

2018-08-17 14:22:39 - [TEST_STEP][PASSED] - callTestCase: Call Test Case 'Test Cases/Mes rapports/Mes rapports - CONTENU/TC Verify input field INTERNAL' successfully

2018-08-17 14:22:39 - [TEST_CASE][PASSED] - Test Cases/Mes rapports/Mes rapports - CONTENU/TC Verify input field INTERNAL: Test Cases/Mes rapports/Mes rapports - CONTENU/TC Verify input field INTERNAL

2018-08-17 14:22:39 - [TEST_STEP][PASSED] - Statement - excelData = com.kms.katalon.core.testdata.TestDataFactory.findTestData(Data Files/Data/INTERNAL): Reading excel file with source file 'C:\Users\seeboruts\OneDrive - SD Worx\Desktop\test_DAta.xlsx' and sheet name 'INTERNAL'

2018-08-17 14:22:39 - [TEST_STEP][PASSED] - Statement - For ([i = 1, i <= 2, (i++)]): Object: 'Object Repository/Mes rapports Obj/CONTENU/click_Remove_text' is clicked on

2018-08-17 14:22:39 - [TEST_STEP][PASSED] - setText: Text 'Naam werknemer' is set on object 'Object Repository/Mes rapports Obj/CONTENU/input_Contenu_Selecteur'

2018-08-17 14:22:57 - [MESSAGE][PASSED] - Text 'Naam werknemer' is set on object 'Object Repository/Mes rapports Obj/CONTENU/input_Contenu_Selecteur'

2018-08-17 14:22:57 - [TEST_STEP][PASSED] - delay: Delayed 3 second(s)

2018-08-17 14:23:00 - [MESSAGE][PASSED] - Delayed 3 second(s)

2018-08-17 14:23:00 - [TEST_STEP][PASSED] - click: Object: 'Object Repository/Mes rapports Obj/CONTENU/Selecteur Obj NL/Naam werknemer' is clicked on

2018-08-17 14:23:00 - [MESSAGE][PASSED] - Object: 'Object Repository/Mes rapports Obj/CONTENU/Selecteur Obj NL/Naam werknemer' is clicked on

2018-08-17 14:23:00 - [TEST_STEP][PASSED] - delay: Delayed 3 second(s)

2018-08-17 14:23:03 - [MESSAGE][PASSED] - Delayed 3 second(s)

2018-08-17 14:23:03 - [TEST_STEP][PASSED] - click: Object: 'Object Repository/Mes rapports Obj/CONTENU/click_Remove_text' is clicked on

2018-08-17 14:23:04 - [MESSAGE][PASSED] - Object: 'Object Repository/Mes rapports Obj/CONTENU/click_Remove_text' is clicked on

2018-08-17 14:23:04 - [TEST_STEP][PASSED] - setText: Text 'Afdeling' is set on object 'Object Repository/Mes rapports Obj/CONTENU/input_Contenu_Selecteur'

2018-08-17 14:23:04 - [MESSAGE][PASSED] - Text 'Afdeling' is set on object 'Object Repository/Mes rapports Obj/CONTENU/input_Contenu_Selecteur'

2018-08-17 14:23:04 - [TEST_STEP][PASSED] - delay: Delayed 3 second(s)

2018-08-17 14:23:07 - [MESSAGE][PASSED] - Delayed 3 second(s)

2018-08-17 14:23:07 - [TEST_STEP][PASSED] - click: Object: 'Object Repository/Mes rapports Obj/CONTENU/Selecteur Obj NL/Afdeling' is clicked on

2018-08-17 14:23:07 - [MESSAGE][PASSED] - Object: 'Object Repository/Mes rapports Obj/CONTENU/Selecteur Obj NL/Afdeling' is clicked on

2018-08-17 14:23:07 - [TEST_STEP][PASSED] - delay: Delayed 3 second(s)

2018-08-17 14:23:10 - [MESSAGE][PASSED] - Delayed 3 second(s)

2018-08-17 14:23:10 - [TEST_STEP][PASSED] - click: Object: 'Object Repository/Mes rapports Obj/CONTENU/click_Remove_text' is clicked on

2018-08-17 14:23:10 - [MESSAGE][PASSED] - Object: 'Object Repository/Mes rapports Obj/CONTENU/click_Remove_text' is clicked on

2018-08-17 14:23:10 - [MESSAGE][PASSED] - Call Test Case 'Test Cases/Mes rapports/Mes rapports - CONTENU/TC Verify input field INTERNAL' successfully

2018-08-17 14:23:10 - [TEST_STEP][PASSED] - callTestCase: Call Test Case 'Test Cases/Mes rapports/TC Verify the next button arrow' successfully

2018-08-17 14:23:10 - [TEST_CASE][PASSED] - Test Cases/Mes rapports/TC Verify the next button arrow: Test Cases/Mes rapports/TC Verify the next button arrow

2018-08-17 14:23:10 - [TEST_STEP][PASSED] - waitForElementClickable: Object 'Object Repository/Mes rapports Obj/button_Next_Arrow' is clickable

2018-08-17 14:23:10 - [MESSAGE][PASSED] - Object 'Object Repository/Mes rapports Obj/button_Next_Arrow' is clickable

2018-08-17 14:23:10 - [TEST_STEP][PASSED] - click: Object: 'Object Repository/Mes rapports Obj/button_Next_Arrow' is clicked on

2018-08-17 14:23:10 - [MESSAGE][PASSED] - Object: 'Object Repository/Mes rapports Obj/button_Next_Arrow' is clicked on

2018-08-17 14:23:10 - [TEST_STEP][PASSED] - delay: Delayed 5 second(s)

2018-08-17 14:23:15 - [MESSAGE][PASSED] - Delayed 5 second(s)

2018-08-17 14:23:15 - [MESSAGE][PASSED] - Call Test Case 'Test Cases/Mes rapports/TC Verify the next button arrow' successfully

2018-08-17 14:23:15 - [TEST_STEP][PASSED] - waitForPageLoad: Wait for page load successfully

2018-08-17 14:23:15 - [MESSAGE][PASSED] - Wait for page load successfully

2018-08-17 14:23:15 - [TEST_STEP][PASSED] - callTestCase: Call Test Case 'Test Cases/Mes rapports/Mes rapports - SELECTION/Verify if checkbox is unchecked/TC 10 Deselect all checkbox' successfully

2018-08-17 14:23:16 - [TEST_CASE][PASSED] - Test Cases/Mes rapports/Mes rapports - SELECTION/Verify if checkbox is unchecked/TC 10 Deselect all checkbox: Test Cases/Mes rapports/Mes rapports - SELECTION/Verify if checkbox is unchecked/TC 10 Deselect all checkbox

2018-08-17 14:23:16 - [TEST_STEP][PASSED] - callTestCase: Call Test Case 'Test Cases/Mes rapports/Mes rapports - SELECTION/Verify if checkbox is unchecked/TC 1 Verify Contrats actifs checkbox  is un-checked' successfully

2018-08-17 14:23:16 - [TEST_CASE][PASSED] - Test Cases/Mes rapports/Mes rapports - SELECTION/Verify if checkbox is unchecked/TC 1 Verify Contrats actifs checkbox  is un-checked: Test Cases/Mes rapports/Mes rapports - SELECTION/Verify if checkbox is unchecked/TC 1 Verify Contrats actifs checkbox  is un-checked

2018-08-17 14:23:16 - [TEST_STEP][PASSED] - uncheck: Object 'Object Repository/Mes rapports Obj/SELECTION/Contrats actifs checkBox' is un-checked

2018-08-17 14:23:16 - [MESSAGE][PASSED] - Object 'Object Repository/Mes rapports Obj/SELECTION/Contrats actifs checkBox' is un-checked

2018-08-17 14:23:16 - [MESSAGE][PASSED] - Call Test Case 'Test Cases/Mes rapports/Mes rapports - SELECTION/Verify if checkbox is unchecked/TC 1 Verify Contrats actifs checkbox  is un-checked' successfully

2018-08-17 14:23:16 - [TEST_STEP][PASSED] - callTestCase: Call Test Case 'Test Cases/Mes rapports/Mes rapports - SELECTION/Verify if checkbox is unchecked/TC 2 VErify Dossier and Groupe checkBox  is un-checked' successfully

2018-08-17 14:23:16 - [TEST_CASE][PASSED] - Test Cases/Mes rapports/Mes rapports - SELECTION/Verify if checkbox is unchecked/TC 2 VErify Dossier and Groupe checkBox  is un-checked: Test Cases/Mes rapports/Mes rapports - SELECTION/Verify if checkbox is unchecked/TC 2 VErify Dossier and Groupe checkBox  is un-checked

2018-08-17 14:23:16 - [TEST_STEP][PASSED] - uncheck: Object 'Object Repository/Mes rapports Obj/SELECTION/Dossier and Groupe checkbox' is un-checked

2018-08-17 14:23:16 - [MESSAGE][PASSED] - Object 'Object Repository/Mes rapports Obj/SELECTION/Dossier and Groupe checkbox' is un-checked

2018-08-17 14:23:16 - [MESSAGE][PASSED] - Call Test Case 'Test Cases/Mes rapports/Mes rapports - SELECTION/Verify if checkbox is unchecked/TC 2 VErify Dossier and Groupe checkBox  is un-checked' successfully

2018-08-17 14:23:16 - [TEST_STEP][PASSED] - callTestCase: Call Test Case 'Test Cases/Mes rapports/Mes rapports - SELECTION/Verify if checkbox is unchecked/TC 3 Verify Travailleur checkBox  is un-checked' successfully

2018-08-17 14:23:16 - [TEST_CASE][PASSED] - Test Cases/Mes rapports/Mes rapports - SELECTION/Verify if checkbox is unchecked/TC 3 Verify Travailleur checkBox  is un-checked: Test Cases/Mes rapports/Mes rapports - SELECTION/Verify if checkbox is unchecked/TC 3 Verify Travailleur checkBox  is un-checked

2018-08-17 14:23:16 - [TEST_STEP][PASSED] - uncheck: Object 'Object Repository/Mes rapports Obj/SELECTION/Travailleur checkbox' is un-checked

2018-08-17 14:23:16 - [MESSAGE][PASSED] - Object 'Object Repository/Mes rapports Obj/SELECTION/Travailleur checkbox' is un-checked

2018-08-17 14:23:16 - [MESSAGE][PASSED] - Call Test Case 'Test Cases/Mes rapports/Mes rapports - SELECTION/Verify if checkbox is unchecked/TC 3 Verify Travailleur checkBox  is un-checked' successfully

2018-08-17 14:23:16 - [TEST_STEP][PASSED] - callTestCase: Call Test Case 'Test Cases/Mes rapports/Mes rapports - SELECTION/Verify if checkbox is unchecked/TC 4 Verify Departement checkBox  is un-checked' successfully

2018-08-17 14:23:16 - [TEST_CASE][PASSED] - Test Cases/Mes rapports/Mes rapports - SELECTION/Verify if checkbox is unchecked/TC 4 Verify Departement checkBox  is un-checked: Test Cases/Mes rapports/Mes rapports - SELECTION/Verify if checkbox is unchecked/TC 4 Verify Departement checkBox  is un-checked

2018-08-17 14:23:16 - [TEST_STEP][PASSED] - uncheck: Object 'Object Repository/Mes rapports Obj/SELECTION/Departement checkbox' is un-checked

2018-08-17 14:23:16 - [MESSAGE][PASSED] - Object 'Object Repository/Mes rapports Obj/SELECTION/Departement checkbox' is un-checked

2018-08-17 14:23:16 - [MESSAGE][PASSED] - Call Test Case 'Test Cases/Mes rapports/Mes rapports - SELECTION/Verify if checkbox is unchecked/TC 4 Verify Departement checkBox  is un-checked' successfully

2018-08-17 14:23:16 - [TEST_STEP][PASSED] - callTestCase: Call Test Case 'Test Cases/Mes rapports/Mes rapports - SELECTION/Verify if checkbox is unchecked/TC 5 Verify Caractere juridique du contract checBox  is un-checked' successfully

2018-08-17 14:23:16 - [TEST_CASE][PASSED] - Test Cases/Mes rapports/Mes rapports - SELECTION/Verify if checkbox is unchecked/TC 5 Verify Caractere juridique du contract checBox  is un-checked: Test Cases/Mes rapports/Mes rapports - SELECTION/Verify if checkbox is unchecked/TC 5 Verify Caractere juridique du contract checBox  is un-checked

2018-08-17 14:23:16 - [TEST_STEP][PASSED] - uncheck: Object 'Object Repository/Mes rapports Obj/SELECTION/Caractere juridique de contrat' is un-checked

2018-08-17 14:23:16 - [MESSAGE][PASSED] - Object 'Object Repository/Mes rapports Obj/SELECTION/Caractere juridique de contrat' is un-checked

2018-08-17 14:23:16 - [MESSAGE][PASSED] - Call Test Case 'Test Cases/Mes rapports/Mes rapports - SELECTION/Verify if checkbox is unchecked/TC 5 Verify Caractere juridique du contract checBox  is un-checked' successfully

2018-08-17 14:23:16 - [TEST_STEP][PASSED] - callTestCase: Call Test Case 'Test Cases/Mes rapports/Mes rapports - SELECTION/Verify if checkbox is unchecked/TC 6 Verify Pays de naissance checkBox  is un-checked' successfully

2018-08-17 14:23:17 - [TEST_CASE][PASSED] - Test Cases/Mes rapports/Mes rapports - SELECTION/Verify if checkbox is unchecked/TC 6 Verify Pays de naissance checkBox  is un-checked: Test Cases/Mes rapports/Mes rapports - SELECTION/Verify if checkbox is unchecked/TC 6 Verify Pays de naissance checkBox  is un-checked

2018-08-17 14:23:17 - [TEST_STEP][PASSED] - uncheck: Object 'Object Repository/Mes rapports Obj/SELECTION/Pays de naisssance checkbox' is un-checked

2018-08-17 14:23:17 - [MESSAGE][PASSED] - Object 'Object Repository/Mes rapports Obj/SELECTION/Pays de naisssance checkbox' is un-checked

2018-08-17 14:23:17 - [MESSAGE][PASSED] - Call Test Case 'Test Cases/Mes rapports/Mes rapports - SELECTION/Verify if checkbox is unchecked/TC 6 Verify Pays de naissance checkBox  is un-checked' successfully

2018-08-17 14:23:17 - [TEST_STEP][PASSED] - callTestCase: Call Test Case 'Test Cases/Mes rapports/Mes rapports - SELECTION/Verify if checkbox is unchecked/TC 7 Verify Sexe checkBox  is un-checked' successfully

2018-08-17 14:23:17 - [TEST_CASE][PASSED] - Test Cases/Mes rapports/Mes rapports - SELECTION/Verify if checkbox is unchecked/TC 7 Verify Sexe checkBox  is un-checked: Test Cases/Mes rapports/Mes rapports - SELECTION/Verify if checkbox is unchecked/TC 7 Verify Sexe checkBox  is un-checked

2018-08-17 14:23:17 - [TEST_STEP][PASSED] - uncheck: Object 'Object Repository/Mes rapports Obj/SELECTION/Sexe checkbox' is un-checked

2018-08-17 14:23:17 - [MESSAGE][PASSED] - Object 'Object Repository/Mes rapports Obj/SELECTION/Sexe checkbox' is un-checked

2018-08-17 14:23:17 - [MESSAGE][PASSED] - Call Test Case 'Test Cases/Mes rapports/Mes rapports - SELECTION/Verify if checkbox is unchecked/TC 7 Verify Sexe checkBox  is un-checked' successfully

2018-08-17 14:23:17 - [TEST_STEP][PASSED] - callTestCase: Call Test Case 'Test Cases/Mes rapports/Mes rapports - SELECTION/Verify if checkbox is unchecked/TC 8 Verify Mode de remuneration checkBox  is un-checked' successfully

2018-08-17 14:23:17 - [TEST_CASE][PASSED] - Test Cases/Mes rapports/Mes rapports - SELECTION/Verify if checkbox is unchecked/TC 8 Verify Mode de remuneration checkBox  is un-checked: Test Cases/Mes rapports/Mes rapports - SELECTION/Verify if checkbox is unchecked/TC 8 Verify Mode de remuneration checkBox  is un-checked

2018-08-17 14:23:17 - [TEST_STEP][PASSED] - uncheck: Object 'Object Repository/Mes rapports Obj/SELECTION/Mode de remuneration checkbox' is un-checked

2018-08-17 14:23:17 - [MESSAGE][PASSED] - Object 'Object Repository/Mes rapports Obj/SELECTION/Mode de remuneration checkbox' is un-checked

2018-08-17 14:23:17 - [MESSAGE][PASSED] - Call Test Case 'Test Cases/Mes rapports/Mes rapports - SELECTION/Verify if checkbox is unchecked/TC 8 Verify Mode de remuneration checkBox  is un-checked' successfully

2018-08-17 14:23:17 - [TEST_STEP][PASSED] - callTestCase: Call Test Case 'Test Cases/Mes rapports/Mes rapports - SELECTION/Verify if checkbox is unchecked/TC 9 Verify Suspension checkBox  is un-checked' successfully

2018-08-17 14:23:17 - [TEST_CASE][PASSED] - Test Cases/Mes rapports/Mes rapports - SELECTION/Verify if checkbox is unchecked/TC 9 Verify Suspension checkBox  is un-checked: Test Cases/Mes rapports/Mes rapports - SELECTION/Verify if checkbox is unchecked/TC 9 Verify Suspension checkBox  is un-checked

2018-08-17 14:23:17 - [TEST_STEP][PASSED] - uncheck: Object 'Object Repository/Mes rapports Obj/SELECTION/Suspension checkbox' is un-checked

2018-08-17 14:23:17 - [MESSAGE][PASSED] - Object 'Object Repository/Mes rapports Obj/SELECTION/Suspension checkbox' is un-checked

2018-08-17 14:23:17 - [MESSAGE][PASSED] - Call Test Case 'Test Cases/Mes rapports/Mes rapports - SELECTION/Verify if checkbox is unchecked/TC 9 Verify Suspension checkBox  is un-checked' successfully

2018-08-17 14:23:17 - [MESSAGE][PASSED] - Call Test Case 'Test Cases/Mes rapports/Mes rapports - SELECTION/Verify if checkbox is unchecked/TC 10 Deselect all checkbox' successfully

2018-08-17 14:23:17 - [TEST_STEP][PASSED] - callTestCase: Call Test Case 'Test Cases/Mes rapports/TC Verify the next button arrow' successfully

2018-08-17 14:23:17 - [TEST_CASE][PASSED] - Test Cases/Mes rapports/TC Verify the next button arrow: Test Cases/Mes rapports/TC Verify the next button arrow

2018-08-17 14:23:17 - [TEST_STEP][PASSED] - waitForElementClickable: Object 'Object Repository/Mes rapports Obj/button_Next_Arrow' is clickable

2018-08-17 14:23:17 - [MESSAGE][PASSED] - Object 'Object Repository/Mes rapports Obj/button_Next_Arrow' is clickable

2018-08-17 14:23:17 - [TEST_STEP][PASSED] - click: Object: 'Object Repository/Mes rapports Obj/button_Next_Arrow' is clicked on

2018-08-17 14:23:17 - [MESSAGE][PASSED] - Object: 'Object Repository/Mes rapports Obj/button_Next_Arrow' is clicked on

2018-08-17 14:23:17 - [TEST_STEP][PASSED] - delay: Delayed 5 second(s)

2018-08-17 14:23:22 - [MESSAGE][PASSED] - Delayed 5 second(s)

2018-08-17 14:23:22 - [MESSAGE][PASSED] - Call Test Case 'Test Cases/Mes rapports/TC Verify the next button arrow' successfully

2018-08-17 14:23:22 - [TEST_STEP][PASSED] - waitForPageLoad: Wait for page load successfully

2018-08-17 14:23:22 - [MESSAGE][PASSED] - Wait for page load successfully

2018-08-17 14:23:22 - [TEST_STEP][PASSED] - waitForElementClickable: Object 'Object Repository/Mes rapports Obj/EXECUTION/Button executer' is clickable

2018-08-17 14:23:22 - [MESSAGE][PASSED] - Object 'Object Repository/Mes rapports Obj/EXECUTION/Button executer' is clickable

2018-08-17 14:23:22 - [TEST_STEP][PASSED] - click: Object: 'Object Repository/Mes rapports Obj/EXECUTION/Button executer' is clicked on

2018-08-17 14:23:22 - [MESSAGE][PASSED] - Object: 'Object Repository/Mes rapports Obj/EXECUTION/Button executer' is clicked on

2018-08-17 14:23:22 - [TEST_STEP][PASSED] - waitForPageLoad: Wait for page load successfully

2018-08-17 14:23:22 - [MESSAGE][PASSED] - Wait for page load successfully

2018-08-17 14:23:22 - [TEST_STEP][PASSED] - callTestCase: Call Test Case 'Test Cases/Mes rapports/TC Verify the next button arrow' successfully

2018-08-17 14:23:22 - [TEST_CASE][PASSED] - Test Cases/Mes rapports/TC Verify the next button arrow: Test Cases/Mes rapports/TC Verify the next button arrow

2018-08-17 14:23:22 - [TEST_STEP][PASSED] - waitForElementClickable: Object 'Object Repository/Mes rapports Obj/button_Next_Arrow' is clickable

2018-08-17 14:23:22 - [MESSAGE][PASSED] - Object 'Object Repository/Mes rapports Obj/button_Next_Arrow' is clickable

2018-08-17 14:23:22 - [TEST_STEP][PASSED] - click: Object: 'Object Repository/Mes rapports Obj/button_Next_Arrow' is clicked on

2018-08-17 14:23:22 - [MESSAGE][PASSED] - Object: 'Object Repository/Mes rapports Obj/button_Next_Arrow' is clicked on

2018-08-17 14:23:22 - [TEST_STEP][PASSED] - delay: Delayed 5 second(s)

2018-08-17 14:23:27 - [MESSAGE][PASSED] - Delayed 5 second(s)

2018-08-17 14:23:27 - [MESSAGE][PASSED] - Call Test Case 'Test Cases/Mes rapports/TC Verify the next button arrow' successfully

2018-08-17 14:23:27 - [TEST_STEP][PASSED] - waitForPageLoad: Wait for page load successfully

2018-08-17 14:23:27 - [MESSAGE][PASSED] - Wait for page load successfully

2018-08-17 14:23:27 - [TEST_STEP][PASSED] - waitForElementPresent: Object 'Object Repository/Mes rapports Obj/PROPRIETES/Generalites - input name' is present

2018-08-17 14:23:27 - [MESSAGE][PASSED] - Object 'Object Repository/Mes rapports Obj/PROPRIETES/Generalites - input name' is present

2018-08-17 14:23:27 - [TEST_STEP][FAILED] - setText: Unable to set text 'TEST REG IPS 12.08.2018' of object 'Object Repository/Mes rapports Obj/PROPRIETES/Generalites - input name' (Root cause: org.openqa.selenium.InvalidElementStateException: invalid element state: Element is not currently interactable and may not be manipulated
  (Session info: chrome=68.0.3440.106)
  (Driver info: chromedriver=2.35.528161 (5b82f2d2aae0ca24b877009200ced9065a772e73),platform=Windows NT 10.0.16299 x86_64) (WARNING: The server did not provide any stacktrace information)
Command duration or timeout: 0 milliseconds
Build info: version: '3.7.1', revision: '8a0099a', time: '2017-11-06T21:07:36.161Z'
System info: host: '5CG7062KWD', ip: '10.136.82.127', os.name: 'Windows 10', os.arch: 'amd64', os.version: '10.0', java.version: '1.8.0_181'
Driver info: com.kms.katalon.selenium.driver.CChromeDriver
Capabilities {acceptInsecureCerts: false, acceptSslCerts: false, applicationCacheEnabled: false, browserConnectionEnabled: false, browserName: chrome, chrome: {chromedriverVersion: 2.35.528161 (5b82f2d2aae0ca..., userDataDir: C:\Users\SEEBOR~1\AppData\L...}, cssSelectorsEnabled: true, databaseEnabled: false, handlesAlerts: true, hasTouchScreen: false, javascriptEnabled: true, locationContextEnabled: true, mobileEmulationEnabled: false, nativeEvents: true, networkConnectionEnabled: false, pageLoadStrategy: normal, platform: XP, platformName: XP, rotatable: false, setWindowRect: true, takesHeapSnapshot: true, takesScreenshot: true, unexpectedAlertBehaviour: , unhandledPromptBehavior: , version: 68.0.3440.106, webStorageEnabled: true}
Session ID: 20603ec737643a5a23b37707974b8e2a)

2018-08-17 14:23:28 - [MESSAGE][FAILED] - Unable to set text 'TEST REG IPS 12.08.2018' of object 'Object Repository/Mes rapports Obj/PROPRIETES/Generalites - input name' (Root cause: org.openqa.selenium.InvalidElementStateException: invalid element state: Element is not currently interactable and may not be manipulated
  (Session info: chrome=68.0.3440.106)
  (Driver info: chromedriver=2.35.528161 (5b82f2d2aae0ca24b877009200ced9065a772e73),platform=Windows NT 10.0.16299 x86_64) (WARNING: The server did not provide any stacktrace information)
Command duration or timeout: 0 milliseconds
Build info: version: '3.7.1', revision: '8a0099a', time: '2017-11-06T21:07:36.161Z'
System info: host: '5CG7062KWD', ip: '10.136.82.127', os.name: 'Windows 10', os.arch: 'amd64', os.version: '10.0', java.version: '1.8.0_181'
Driver info: com.kms.katalon.selenium.driver.CChromeDriver
Capabilities {acceptInsecureCerts: false, acceptSslCerts: false, applicationCacheEnabled: false, browserConnectionEnabled: false, browserName: chrome, chrome: {chromedriverVersion: 2.35.528161 (5b82f2d2aae0ca..., userDataDir: C:\Users\SEEBOR~1\AppData\L...}, cssSelectorsEnabled: true, databaseEnabled: false, handlesAlerts: true, hasTouchScreen: false, javascriptEnabled: true, locationContextEnabled: true, mobileEmulationEnabled: false, nativeEvents: true, networkConnectionEnabled: false, pageLoadStrategy: normal, platform: XP, platformName: XP, rotatable: false, setWindowRect: true, takesHeapSnapshot: true, takesScreenshot: true, unexpectedAlertBehaviour: , unhandledPromptBehavior: , version: 68.0.3440.106, webStorageEnabled: true}
Session ID: 20603ec737643a5a23b37707974b8e2a)
[[ATTACHMENT|C:\\Users\\seeboruts\\OneDrive - SD Worx\\Desktop\\Katalon_eBlox_Reporting\\Reports\\testing\\New Test Suite\\20180817_141723\\1534501408028.png]]]]></system-out>
         <system-err><![CDATA[2018-08-17 14:21:31 - [TEST_CASE][FAILED] - Test Cases/New Folder/TC11 INTERNAL: Test Cases/New Folder/TC11 INTERNAL FAILED because (of) Unable to set text 'TEST REG IPS 12.08.2018' of object 'Object Repository/Mes rapports Obj/PROPRIETES/Generalites - input name' (Root cause: org.openqa.selenium.InvalidElementStateException: invalid element state: Element is not currently interactable and may not be manipulated
  (Session info: chrome=68.0.3440.106)
  (Driver info: chromedriver=2.35.528161 (5b82f2d2aae0ca24b877009200ced9065a772e73),platform=Windows NT 10.0.16299 x86_64) (WARNING: The server did not provide any stacktrace information)
Command duration or timeout: 0 milliseconds
Build info: version: '3.7.1', revision: '8a0099a', time: '2017-11-06T21:07:36.161Z'
System info: host: '5CG7062KWD', ip: '10.136.82.127', os.name: 'Windows 10', os.arch: 'amd64', os.version: '10.0', java.version: '1.8.0_181'
Driver info: com.kms.katalon.selenium.driver.CChromeDriver
Capabilities {acceptInsecureCerts: false, acceptSslCerts: false, applicationCacheEnabled: false, browserConnectionEnabled: false, browserName: chrome, chrome: {chromedriverVersion: 2.35.528161 (5b82f2d2aae0ca..., userDataDir: C:\Users\SEEBOR~1\AppData\L...}, cssSelectorsEnabled: true, databaseEnabled: false, handlesAlerts: true, hasTouchScreen: false, javascriptEnabled: true, locationContextEnabled: true, mobileEmulationEnabled: false, nativeEvents: true, networkConnectionEnabled: false, pageLoadStrategy: normal, platform: XP, platformName: XP, rotatable: false, setWindowRect: true, takesHeapSnapshot: true, takesScreenshot: true, unexpectedAlertBehaviour: , unhandledPromptBehavior: , version: 68.0.3440.106, webStorageEnabled: true}
Session ID: 20603ec737643a5a23b37707974b8e2a)]]></system-err>
      </testcase>
      <testcase name="Test Cases/New Folder/TC12 NEGATIVE VALUES" classname="Test Cases/New Folder/TC12 NEGATIVE VALUES" status="PASSED">
         <system-out><![CDATA[2018-08-17 14:23:28 - [TEST_CASE][PASSED] - Test Cases/New Folder/TC12 NEGATIVE VALUES: Test Cases/New Folder/TC12 NEGATIVE VALUES

2018-08-17 14:23:28 - [TEST_STEP][PASSED] - callTestCase: Call Test Case 'Test Cases/Login/TC1 Login to Mysdworx' successfully

2018-08-17 14:23:28 - [TEST_CASE][PASSED] - Test Cases/Login/TC1 Login to Mysdworx: Test Cases/Login/TC1 Login to Mysdworx

2018-08-17 14:23:28 - [TEST_STEP][PASSED] - openBrowser: Browser is opened with url: ''

2018-08-17 14:23:28 - [MESSAGE][WARNING] - A browser is already opened. Closing browser and opening a new one

2018-08-17 14:23:31 - [MESSAGE][PASSED] - Browser is opened with url: ''

2018-08-17 14:23:31 - [TEST_STEP][PASSED] - navigateToUrl: Navigate to 'https://internet.acc.sd.dika.be/ebloxreporting/web.sensitive/main/?lang=fr' successfully

2018-08-17 14:23:36 - [MESSAGE][PASSED] - Navigate to 'https://internet.acc.sd.dika.be/ebloxreporting/web.sensitive/main/?lang=fr' successfully

2018-08-17 14:23:36 - [TEST_STEP][PASSED] - maximizeWindow: Current window maximized

2018-08-17 14:23:37 - [MESSAGE][PASSED] - Current window maximized

2018-08-17 14:23:37 - [TEST_STEP][PASSED] - setText: Text 'DP_EBLOX_RPP_VASCO' is set on object 'Object Repository/Page_mysdworx - Log in/input_Username'

2018-08-17 14:23:45 - [MESSAGE][PASSED] - Text 'DP_EBLOX_RPP_VASCO' is set on object 'Object Repository/Page_mysdworx - Log in/input_Username'

2018-08-17 14:23:45 - [TEST_STEP][PASSED] - Statement - frame = new javax.swing.JFrame(User Input Frame): null

2018-08-17 14:23:45 - [TEST_STEP][PASSED] - Statement - frame.requestFocus(): null

2018-08-17 14:23:45 - [TEST_STEP][PASSED] - Statement - pass = javax.swing.JOptionPane.showInputDialog(frame, "Enter the password from token!!"): null

2018-08-17 14:23:47 - [TEST_STEP][PASSED] - delay: Delayed 5 second(s)

2018-08-17 14:23:52 - [MESSAGE][PASSED] - Delayed 5 second(s)

2018-08-17 14:23:52 - [TEST_STEP][PASSED] - setText: Text '090439' is set on object 'Object Repository/Page_mysdworx - Log in/input_Password'

2018-08-17 14:23:52 - [MESSAGE][PASSED] - Text '090439' is set on object 'Object Repository/Page_mysdworx - Log in/input_Password'

2018-08-17 14:23:52 - [TEST_STEP][PASSED] - click: Object: 'Object Repository/Page_mysdworx - Log in/button_Se connecter' is clicked on

2018-08-17 14:23:52 - [MESSAGE][PASSED] - Object: 'Object Repository/Page_mysdworx - Log in/button_Se connecter' is clicked on

2018-08-17 14:23:52 - [TEST_STEP][PASSED] - waitForPageLoad: Wait for page load successfully

2018-08-17 14:23:52 - [MESSAGE][PASSED] - Wait for page load successfully

2018-08-17 14:23:52 - [TEST_STEP][NOT_RUN] - closeBrowser: NOT_RUN: closeBrowser

2018-08-17 14:23:52 - [MESSAGE][NOT_RUN] - NOT_RUN: closeBrowser

2018-08-17 14:23:52 - [MESSAGE][PASSED] - Call Test Case 'Test Cases/Login/TC1 Login to Mysdworx' successfully

2018-08-17 14:23:52 - [TEST_STEP][PASSED] - waitForPageLoad: Wait for page load successfully

2018-08-17 14:23:52 - [MESSAGE][PASSED] - Wait for page load successfully

2018-08-17 14:23:52 - [TEST_STEP][PASSED] - callTestCase: Call Test Case 'Test Cases/Select Language/TC1 Verify NL language' successfully

2018-08-17 14:23:52 - [TEST_CASE][PASSED] - Test Cases/Select Language/TC1 Verify NL language: Test Cases/Select Language/TC1 Verify NL language

2018-08-17 14:23:52 - [TEST_STEP][PASSED] - waitForElementClickable: Object 'Object Repository/Change language link Obj/NL_language' is clickable

2018-08-17 14:24:17 - [MESSAGE][PASSED] - Object 'Object Repository/Change language link Obj/NL_language' is clickable

2018-08-17 14:24:17 - [TEST_STEP][PASSED] - click: Object: 'Object Repository/Change language link Obj/NL_language' is clicked on

2018-08-17 14:24:28 - [MESSAGE][PASSED] - Object: 'Object Repository/Change language link Obj/NL_language' is clicked on

2018-08-17 14:24:28 - [TEST_STEP][PASSED] - waitForPageLoad: Wait for page load successfully

2018-08-17 14:24:28 - [MESSAGE][PASSED] - Wait for page load successfully

2018-08-17 14:24:28 - [MESSAGE][PASSED] - Call Test Case 'Test Cases/Select Language/TC1 Verify NL language' successfully

2018-08-17 14:24:28 - [TEST_STEP][PASSED] - waitForPageLoad: Wait for page load successfully

2018-08-17 14:24:28 - [MESSAGE][PASSED] - Wait for page load successfully

2018-08-17 14:24:28 - [TEST_STEP][PASSED] - setText: Text 'REG NEGATIEF' is set on object 'Object Repository/Mes rapports Obj/input search filter'

2018-08-17 14:24:32 - [MESSAGE][PASSED] - Text 'REG NEGATIEF' is set on object 'Object Repository/Mes rapports Obj/input search filter'

2018-08-17 14:24:32 - [TEST_STEP][PASSED] - click: Object: 'Object Repository/Page_eBlox Reporting/Search_Icon' is clicked on

2018-08-17 14:24:32 - [MESSAGE][PASSED] - Object: 'Object Repository/Page_eBlox Reporting/Search_Icon' is clicked on

2018-08-17 14:24:32 - [TEST_STEP][PASSED] - Statement - myTestObject = new com.kms.katalon.core.testobject.TestObject(Select_report_NEGATIEF): null

2018-08-17 14:24:32 - [TEST_STEP][PASSED] - Statement - myTestObject.addProperty("xpath", EQUALS, "//a[@ui-sref='uitvoering.index({id:item.id})']//span[@text='REG NEGATIEF']"): null

2018-08-17 14:24:32 - [TEST_STEP][PASSED] - click: Object: 'Select_report_NEGATIEF' is clicked on

2018-08-17 14:24:33 - [MESSAGE][PASSED] - Object: 'Select_report_NEGATIEF' is clicked on

2018-08-17 14:24:33 - [TEST_STEP][PASSED] - waitForPageLoad: Wait for page load successfully

2018-08-17 14:24:33 - [MESSAGE][PASSED] - Wait for page load successfully

2018-08-17 14:24:33 - [TEST_STEP][PASSED] - delay: Delayed 2 second(s)

2018-08-17 14:24:35 - [MESSAGE][PASSED] - Delayed 2 second(s)

2018-08-17 14:24:35 - [TEST_STEP][PASSED] - waitForElementClickable: Object 'Object Repository/Mes rapports Obj/EXECUTION/Description _Date de reference historique' is clickable

2018-08-17 14:24:35 - [MESSAGE][PASSED] - Object 'Object Repository/Mes rapports Obj/EXECUTION/Description _Date de reference historique' is clickable

2018-08-17 14:24:35 - [TEST_STEP][PASSED] - click: Object: 'Object Repository/Mes rapports Obj/EXECUTION/Description _Date de reference historique' is clicked on

2018-08-17 14:24:35 - [MESSAGE][PASSED] - Object: 'Object Repository/Mes rapports Obj/EXECUTION/Description _Date de reference historique' is clicked on

2018-08-17 14:24:35 - [TEST_STEP][PASSED] - delay: Delayed 2 second(s)

2018-08-17 14:24:37 - [MESSAGE][PASSED] - Delayed 2 second(s)

2018-08-17 14:24:37 - [TEST_STEP][PASSED] - click: Object: 'Object Repository/Mes rapports Obj/EXECUTION/Aujourdhui - Vandaag' is clicked on

2018-08-17 14:24:37 - [MESSAGE][PASSED] - Object: 'Object Repository/Mes rapports Obj/EXECUTION/Aujourdhui - Vandaag' is clicked on

2018-08-17 14:24:37 - [TEST_STEP][PASSED] - click: Object: 'Object Repository/Mes rapports Obj/EXECUTION/Button executer' is clicked on

2018-08-17 14:24:37 - [MESSAGE][PASSED] - Object: 'Object Repository/Mes rapports Obj/EXECUTION/Button executer' is clicked on

2018-08-17 14:24:37 - [TEST_STEP][PASSED] - waitForPageLoad: Wait for page load successfully

2018-08-17 14:24:37 - [MESSAGE][PASSED] - Wait for page load successfully

2018-08-17 14:24:37 - [TEST_STEP][PASSED] - closeBrowser: Browser is closed

2018-08-17 14:24:38 - [MESSAGE][PASSED] - Browser is closed]]></system-out>
         <system-err><![CDATA[]]></system-err>
      </testcase>
      <testcase name="Test Cases/New Folder/TC13 DIVIDED BY 0" classname="Test Cases/New Folder/TC13 DIVIDED BY 0" status="FAILED">
         <failure type="FAILED" message="Unable to click on object 'Object Repository/Mes rapports Obj/EXECUTION/Description_Date de reference historique - Dernier jour mois precedent' (Root cause: org.openqa.selenium.ElementNotVisibleException: element not visible
  (Session info: chrome=68.0.3440.106)
  (Driver info: chromedriver=2.35.528161 (5b82f2d2aae0ca24b877009200ced9065a772e73),platform=Windows NT 10.0.16299 x86_64) (WARNING: The server did not provide any stacktrace information)
Command duration or timeout: 0 milliseconds
Build info: version: '3.7.1', revision: '8a0099a', time: '2017-11-06T21:07:36.161Z'
System info: host: '5CG7062KWD', ip: '10.136.82.127', os.name: 'Windows 10', os.arch: 'amd64', os.version: '10.0', java.version: '1.8.0_181'
Driver info: com.kms.katalon.selenium.driver.CChromeDriver
Capabilities {acceptInsecureCerts: false, acceptSslCerts: false, applicationCacheEnabled: false, browserConnectionEnabled: false, browserName: chrome, chrome: {chromedriverVersion: 2.35.528161 (5b82f2d2aae0ca..., userDataDir: C:\Users\SEEBOR~1\AppData\L...}, cssSelectorsEnabled: true, databaseEnabled: false, handlesAlerts: true, hasTouchScreen: false, javascriptEnabled: true, locationContextEnabled: true, mobileEmulationEnabled: false, nativeEvents: true, networkConnectionEnabled: false, pageLoadStrategy: normal, platform: XP, platformName: XP, rotatable: false, setWindowRect: true, takesHeapSnapshot: true, takesScreenshot: true, unexpectedAlertBehaviour: , unhandledPromptBehavior: , version: 68.0.3440.106, webStorageEnabled: true}
Session ID: 3217d546d68b93b456559b0543ef8c5b)"/>
         <system-out><![CDATA[2018-08-17 14:24:38 - [TEST_CASE][FAILED] - Test Cases/New Folder/TC13 DIVIDED BY 0: Test Cases/New Folder/TC13 DIVIDED BY 0 FAILED because (of) Unable to click on object 'Object Repository/Mes rapports Obj/EXECUTION/Description_Date de reference historique - Dernier jour mois precedent' (Root cause: org.openqa.selenium.ElementNotVisibleException: element not visible
  (Session info: chrome=68.0.3440.106)
  (Driver info: chromedriver=2.35.528161 (5b82f2d2aae0ca24b877009200ced9065a772e73),platform=Windows NT 10.0.16299 x86_64) (WARNING: The server did not provide any stacktrace information)
Command duration or timeout: 0 milliseconds
Build info: version: '3.7.1', revision: '8a0099a', time: '2017-11-06T21:07:36.161Z'
System info: host: '5CG7062KWD', ip: '10.136.82.127', os.name: 'Windows 10', os.arch: 'amd64', os.version: '10.0', java.version: '1.8.0_181'
Driver info: com.kms.katalon.selenium.driver.CChromeDriver
Capabilities {acceptInsecureCerts: false, acceptSslCerts: false, applicationCacheEnabled: false, browserConnectionEnabled: false, browserName: chrome, chrome: {chromedriverVersion: 2.35.528161 (5b82f2d2aae0ca..., userDataDir: C:\Users\SEEBOR~1\AppData\L...}, cssSelectorsEnabled: true, databaseEnabled: false, handlesAlerts: true, hasTouchScreen: false, javascriptEnabled: true, locationContextEnabled: true, mobileEmulationEnabled: false, nativeEvents: true, networkConnectionEnabled: false, pageLoadStrategy: normal, platform: XP, platformName: XP, rotatable: false, setWindowRect: true, takesHeapSnapshot: true, takesScreenshot: true, unexpectedAlertBehaviour: , unhandledPromptBehavior: , version: 68.0.3440.106, webStorageEnabled: true}
Session ID: 3217d546d68b93b456559b0543ef8c5b)

2018-08-17 14:24:38 - [TEST_STEP][PASSED] - callTestCase: Call Test Case 'Test Cases/Login/TC1 Login to Mysdworx' successfully

2018-08-17 14:24:38 - [TEST_CASE][PASSED] - Test Cases/Login/TC1 Login to Mysdworx: Test Cases/Login/TC1 Login to Mysdworx

2018-08-17 14:24:38 - [TEST_STEP][PASSED] - openBrowser: Browser is opened with url: ''

2018-08-17 14:24:40 - [MESSAGE][PASSED] - Browser is opened with url: ''

2018-08-17 14:24:40 - [TEST_STEP][PASSED] - navigateToUrl: Navigate to 'https://internet.acc.sd.dika.be/ebloxreporting/web.sensitive/main/?lang=fr' successfully

2018-08-17 14:24:45 - [MESSAGE][PASSED] - Navigate to 'https://internet.acc.sd.dika.be/ebloxreporting/web.sensitive/main/?lang=fr' successfully

2018-08-17 14:24:45 - [TEST_STEP][PASSED] - maximizeWindow: Current window maximized

2018-08-17 14:24:46 - [MESSAGE][PASSED] - Current window maximized

2018-08-17 14:24:46 - [TEST_STEP][PASSED] - setText: Text 'DP_EBLOX_RPP_VASCO' is set on object 'Object Repository/Page_mysdworx - Log in/input_Username'

2018-08-17 14:24:54 - [MESSAGE][PASSED] - Text 'DP_EBLOX_RPP_VASCO' is set on object 'Object Repository/Page_mysdworx - Log in/input_Username'

2018-08-17 14:24:54 - [TEST_STEP][PASSED] - Statement - frame = new javax.swing.JFrame(User Input Frame): null

2018-08-17 14:24:54 - [TEST_STEP][PASSED] - Statement - frame.requestFocus(): null

2018-08-17 14:24:54 - [TEST_STEP][PASSED] - Statement - pass = javax.swing.JOptionPane.showInputDialog(frame, "Enter the password from token!!"): null

2018-08-17 14:24:58 - [TEST_STEP][PASSED] - delay: Delayed 5 second(s)

2018-08-17 14:25:03 - [MESSAGE][PASSED] - Delayed 5 second(s)

2018-08-17 14:25:03 - [TEST_STEP][PASSED] - setText: Text '783716' is set on object 'Object Repository/Page_mysdworx - Log in/input_Password'

2018-08-17 14:25:03 - [MESSAGE][PASSED] - Text '783716' is set on object 'Object Repository/Page_mysdworx - Log in/input_Password'

2018-08-17 14:25:03 - [TEST_STEP][PASSED] - click: Object: 'Object Repository/Page_mysdworx - Log in/button_Se connecter' is clicked on

2018-08-17 14:25:03 - [MESSAGE][PASSED] - Object: 'Object Repository/Page_mysdworx - Log in/button_Se connecter' is clicked on

2018-08-17 14:25:03 - [TEST_STEP][PASSED] - waitForPageLoad: Wait for page load successfully

2018-08-17 14:25:03 - [MESSAGE][PASSED] - Wait for page load successfully

2018-08-17 14:25:03 - [TEST_STEP][NOT_RUN] - closeBrowser: NOT_RUN: closeBrowser

2018-08-17 14:25:03 - [MESSAGE][NOT_RUN] - NOT_RUN: closeBrowser

2018-08-17 14:25:03 - [MESSAGE][PASSED] - Call Test Case 'Test Cases/Login/TC1 Login to Mysdworx' successfully

2018-08-17 14:25:03 - [TEST_STEP][PASSED] - waitForPageLoad: Wait for page load successfully

2018-08-17 14:25:03 - [MESSAGE][PASSED] - Wait for page load successfully

2018-08-17 14:25:03 - [TEST_STEP][PASSED] - callTestCase: Call Test Case 'Test Cases/Select Language/TC1 Verify NL language' successfully

2018-08-17 14:25:03 - [TEST_CASE][PASSED] - Test Cases/Select Language/TC1 Verify NL language: Test Cases/Select Language/TC1 Verify NL language

2018-08-17 14:25:03 - [TEST_STEP][PASSED] - waitForElementClickable: Object 'Object Repository/Change language link Obj/NL_language' is clickable

2018-08-17 14:25:29 - [MESSAGE][PASSED] - Object 'Object Repository/Change language link Obj/NL_language' is clickable

2018-08-17 14:25:29 - [TEST_STEP][PASSED] - click: Object: 'Object Repository/Change language link Obj/NL_language' is clicked on

2018-08-17 14:25:37 - [MESSAGE][PASSED] - Object: 'Object Repository/Change language link Obj/NL_language' is clicked on

2018-08-17 14:25:37 - [TEST_STEP][PASSED] - waitForPageLoad: Wait for page load successfully

2018-08-17 14:25:37 - [MESSAGE][PASSED] - Wait for page load successfully

2018-08-17 14:25:37 - [MESSAGE][PASSED] - Call Test Case 'Test Cases/Select Language/TC1 Verify NL language' successfully

2018-08-17 14:25:37 - [TEST_STEP][PASSED] - waitForPageLoad: Wait for page load successfully

2018-08-17 14:25:37 - [MESSAGE][PASSED] - Wait for page load successfully

2018-08-17 14:25:37 - [TEST_STEP][PASSED] - setText: Text 'REG BEWERKING 0' is set on object 'Object Repository/Mes rapports Obj/input search filter'

2018-08-17 14:25:42 - [MESSAGE][PASSED] - Text 'REG BEWERKING 0' is set on object 'Object Repository/Mes rapports Obj/input search filter'

2018-08-17 14:25:42 - [TEST_STEP][PASSED] - click: Object: 'Object Repository/Page_eBlox Reporting/Search_Icon' is clicked on

2018-08-17 14:25:42 - [MESSAGE][PASSED] - Object: 'Object Repository/Page_eBlox Reporting/Search_Icon' is clicked on

2018-08-17 14:25:42 - [TEST_STEP][PASSED] - Statement - myTestObject = new com.kms.katalon.core.testobject.TestObject(Select_report): null

2018-08-17 14:25:42 - [TEST_STEP][PASSED] - Statement - myTestObject.addProperty("xpath", EQUALS, "//span[@text='REG BEWERKING']"): null

2018-08-17 14:25:42 - [TEST_STEP][PASSED] - click: Object: 'Select_report' is clicked on

2018-08-17 14:25:42 - [MESSAGE][PASSED] - Object: 'Select_report' is clicked on

2018-08-17 14:25:42 - [TEST_STEP][PASSED] - waitForElementClickable: Object 'Object Repository/Mes rapports Obj/EXECUTION/Description _Date de reference historique' is clickable

2018-08-17 14:25:44 - [MESSAGE][PASSED] - Object 'Object Repository/Mes rapports Obj/EXECUTION/Description _Date de reference historique' is clickable

2018-08-17 14:25:44 - [TEST_STEP][PASSED] - click: Object: 'Object Repository/Mes rapports Obj/EXECUTION/Description _Date de reference historique' is clicked on

2018-08-17 14:25:44 - [MESSAGE][PASSED] - Object: 'Object Repository/Mes rapports Obj/EXECUTION/Description _Date de reference historique' is clicked on

2018-08-17 14:25:44 - [TEST_STEP][FAILED] - click: Unable to click on object 'Object Repository/Mes rapports Obj/EXECUTION/Description_Date de reference historique - Dernier jour mois precedent' (Root cause: org.openqa.selenium.ElementNotVisibleException: element not visible
  (Session info: chrome=68.0.3440.106)
  (Driver info: chromedriver=2.35.528161 (5b82f2d2aae0ca24b877009200ced9065a772e73),platform=Windows NT 10.0.16299 x86_64) (WARNING: The server did not provide any stacktrace information)
Command duration or timeout: 0 milliseconds
Build info: version: '3.7.1', revision: '8a0099a', time: '2017-11-06T21:07:36.161Z'
System info: host: '5CG7062KWD', ip: '10.136.82.127', os.name: 'Windows 10', os.arch: 'amd64', os.version: '10.0', java.version: '1.8.0_181'
Driver info: com.kms.katalon.selenium.driver.CChromeDriver
Capabilities {acceptInsecureCerts: false, acceptSslCerts: false, applicationCacheEnabled: false, browserConnectionEnabled: false, browserName: chrome, chrome: {chromedriverVersion: 2.35.528161 (5b82f2d2aae0ca..., userDataDir: C:\Users\SEEBOR~1\AppData\L...}, cssSelectorsEnabled: true, databaseEnabled: false, handlesAlerts: true, hasTouchScreen: false, javascriptEnabled: true, locationContextEnabled: true, mobileEmulationEnabled: false, nativeEvents: true, networkConnectionEnabled: false, pageLoadStrategy: normal, platform: XP, platformName: XP, rotatable: false, setWindowRect: true, takesHeapSnapshot: true, takesScreenshot: true, unexpectedAlertBehaviour: , unhandledPromptBehavior: , version: 68.0.3440.106, webStorageEnabled: true}
Session ID: 3217d546d68b93b456559b0543ef8c5b)

2018-08-17 14:25:45 - [MESSAGE][FAILED] - Unable to click on object 'Object Repository/Mes rapports Obj/EXECUTION/Description_Date de reference historique - Dernier jour mois precedent' (Root cause: org.openqa.selenium.ElementNotVisibleException: element not visible
  (Session info: chrome=68.0.3440.106)
  (Driver info: chromedriver=2.35.528161 (5b82f2d2aae0ca24b877009200ced9065a772e73),platform=Windows NT 10.0.16299 x86_64) (WARNING: The server did not provide any stacktrace information)
Command duration or timeout: 0 milliseconds
Build info: version: '3.7.1', revision: '8a0099a', time: '2017-11-06T21:07:36.161Z'
System info: host: '5CG7062KWD', ip: '10.136.82.127', os.name: 'Windows 10', os.arch: 'amd64', os.version: '10.0', java.version: '1.8.0_181'
Driver info: com.kms.katalon.selenium.driver.CChromeDriver
Capabilities {acceptInsecureCerts: false, acceptSslCerts: false, applicationCacheEnabled: false, browserConnectionEnabled: false, browserName: chrome, chrome: {chromedriverVersion: 2.35.528161 (5b82f2d2aae0ca..., userDataDir: C:\Users\SEEBOR~1\AppData\L...}, cssSelectorsEnabled: true, databaseEnabled: false, handlesAlerts: true, hasTouchScreen: false, javascriptEnabled: true, locationContextEnabled: true, mobileEmulationEnabled: false, nativeEvents: true, networkConnectionEnabled: false, pageLoadStrategy: normal, platform: XP, platformName: XP, rotatable: false, setWindowRect: true, takesHeapSnapshot: true, takesScreenshot: true, unexpectedAlertBehaviour: , unhandledPromptBehavior: , version: 68.0.3440.106, webStorageEnabled: true}
Session ID: 3217d546d68b93b456559b0543ef8c5b)
[[ATTACHMENT|C:\\Users\\seeboruts\\OneDrive - SD Worx\\Desktop\\Katalon_eBlox_Reporting\\Reports\\testing\\New Test Suite\\20180817_141723\\1534501545163.png]]]]></system-out>
         <system-err><![CDATA[2018-08-17 14:24:38 - [TEST_CASE][FAILED] - Test Cases/New Folder/TC13 DIVIDED BY 0: Test Cases/New Folder/TC13 DIVIDED BY 0 FAILED because (of) Unable to click on object 'Object Repository/Mes rapports Obj/EXECUTION/Description_Date de reference historique - Dernier jour mois precedent' (Root cause: org.openqa.selenium.ElementNotVisibleException: element not visible
  (Session info: chrome=68.0.3440.106)
  (Driver info: chromedriver=2.35.528161 (5b82f2d2aae0ca24b877009200ced9065a772e73),platform=Windows NT 10.0.16299 x86_64) (WARNING: The server did not provide any stacktrace information)
Command duration or timeout: 0 milliseconds
Build info: version: '3.7.1', revision: '8a0099a', time: '2017-11-06T21:07:36.161Z'
System info: host: '5CG7062KWD', ip: '10.136.82.127', os.name: 'Windows 10', os.arch: 'amd64', os.version: '10.0', java.version: '1.8.0_181'
Driver info: com.kms.katalon.selenium.driver.CChromeDriver
Capabilities {acceptInsecureCerts: false, acceptSslCerts: false, applicationCacheEnabled: false, browserConnectionEnabled: false, browserName: chrome, chrome: {chromedriverVersion: 2.35.528161 (5b82f2d2aae0ca..., userDataDir: C:\Users\SEEBOR~1\AppData\L...}, cssSelectorsEnabled: true, databaseEnabled: false, handlesAlerts: true, hasTouchScreen: false, javascriptEnabled: true, locationContextEnabled: true, mobileEmulationEnabled: false, nativeEvents: true, networkConnectionEnabled: false, pageLoadStrategy: normal, platform: XP, platformName: XP, rotatable: false, setWindowRect: true, takesHeapSnapshot: true, takesScreenshot: true, unexpectedAlertBehaviour: , unhandledPromptBehavior: , version: 68.0.3440.106, webStorageEnabled: true}
Session ID: 3217d546d68b93b456559b0543ef8c5b)]]></system-err>
      </testcase>
      <testcase name="Test Cases/New Folder/TC14 OWN COLUMNS" classname="Test Cases/New Folder/TC14 OWN COLUMNS" status="FAILED">
         <failure type="FAILED" message="Unable to click on object 'Object Repository/Mes rapports Obj/EXECUTION/Description_Date de reference historique - Dernier jour mois precedent' (Root cause: org.openqa.selenium.ElementNotVisibleException: element not visible
  (Session info: chrome=68.0.3440.106)
  (Driver info: chromedriver=2.35.528161 (5b82f2d2aae0ca24b877009200ced9065a772e73),platform=Windows NT 10.0.16299 x86_64) (WARNING: The server did not provide any stacktrace information)
Command duration or timeout: 0 milliseconds
Build info: version: '3.7.1', revision: '8a0099a', time: '2017-11-06T21:07:36.161Z'
System info: host: '5CG7062KWD', ip: '10.136.82.127', os.name: 'Windows 10', os.arch: 'amd64', os.version: '10.0', java.version: '1.8.0_181'
Driver info: com.kms.katalon.selenium.driver.CChromeDriver
Capabilities {acceptInsecureCerts: false, acceptSslCerts: false, applicationCacheEnabled: false, browserConnectionEnabled: false, browserName: chrome, chrome: {chromedriverVersion: 2.35.528161 (5b82f2d2aae0ca..., userDataDir: C:\Users\SEEBOR~1\AppData\L...}, cssSelectorsEnabled: true, databaseEnabled: false, handlesAlerts: true, hasTouchScreen: false, javascriptEnabled: true, locationContextEnabled: true, mobileEmulationEnabled: false, nativeEvents: true, networkConnectionEnabled: false, pageLoadStrategy: normal, platform: XP, platformName: XP, rotatable: false, setWindowRect: true, takesHeapSnapshot: true, takesScreenshot: true, unexpectedAlertBehaviour: , unhandledPromptBehavior: , version: 68.0.3440.106, webStorageEnabled: true}
Session ID: 01d74b6bdbf13172db87c63b5a3d82ab)"/>
         <system-out><![CDATA[2018-08-17 14:25:45 - [TEST_CASE][FAILED] - Test Cases/New Folder/TC14 OWN COLUMNS: Test Cases/New Folder/TC14 OWN COLUMNS FAILED because (of) Unable to click on object 'Object Repository/Mes rapports Obj/EXECUTION/Description_Date de reference historique - Dernier jour mois precedent' (Root cause: org.openqa.selenium.ElementNotVisibleException: element not visible
  (Session info: chrome=68.0.3440.106)
  (Driver info: chromedriver=2.35.528161 (5b82f2d2aae0ca24b877009200ced9065a772e73),platform=Windows NT 10.0.16299 x86_64) (WARNING: The server did not provide any stacktrace information)
Command duration or timeout: 0 milliseconds
Build info: version: '3.7.1', revision: '8a0099a', time: '2017-11-06T21:07:36.161Z'
System info: host: '5CG7062KWD', ip: '10.136.82.127', os.name: 'Windows 10', os.arch: 'amd64', os.version: '10.0', java.version: '1.8.0_181'
Driver info: com.kms.katalon.selenium.driver.CChromeDriver
Capabilities {acceptInsecureCerts: false, acceptSslCerts: false, applicationCacheEnabled: false, browserConnectionEnabled: false, browserName: chrome, chrome: {chromedriverVersion: 2.35.528161 (5b82f2d2aae0ca..., userDataDir: C:\Users\SEEBOR~1\AppData\L...}, cssSelectorsEnabled: true, databaseEnabled: false, handlesAlerts: true, hasTouchScreen: false, javascriptEnabled: true, locationContextEnabled: true, mobileEmulationEnabled: false, nativeEvents: true, networkConnectionEnabled: false, pageLoadStrategy: normal, platform: XP, platformName: XP, rotatable: false, setWindowRect: true, takesHeapSnapshot: true, takesScreenshot: true, unexpectedAlertBehaviour: , unhandledPromptBehavior: , version: 68.0.3440.106, webStorageEnabled: true}
Session ID: 01d74b6bdbf13172db87c63b5a3d82ab)

2018-08-17 14:25:45 - [TEST_STEP][PASSED] - callTestCase: Call Test Case 'Test Cases/Login/TC1 Login to Mysdworx' successfully

2018-08-17 14:25:45 - [TEST_CASE][PASSED] - Test Cases/Login/TC1 Login to Mysdworx: Test Cases/Login/TC1 Login to Mysdworx

2018-08-17 14:25:45 - [TEST_STEP][PASSED] - openBrowser: Browser is opened with url: ''

2018-08-17 14:25:45 - [MESSAGE][WARNING] - A browser is already opened. Closing browser and opening a new one

2018-08-17 14:25:48 - [MESSAGE][PASSED] - Browser is opened with url: ''

2018-08-17 14:25:48 - [TEST_STEP][PASSED] - navigateToUrl: Navigate to 'https://internet.acc.sd.dika.be/ebloxreporting/web.sensitive/main/?lang=fr' successfully

2018-08-17 14:25:53 - [MESSAGE][PASSED] - Navigate to 'https://internet.acc.sd.dika.be/ebloxreporting/web.sensitive/main/?lang=fr' successfully

2018-08-17 14:25:53 - [TEST_STEP][PASSED] - maximizeWindow: Current window maximized

2018-08-17 14:25:54 - [MESSAGE][PASSED] - Current window maximized

2018-08-17 14:25:54 - [TEST_STEP][PASSED] - setText: Text 'DP_EBLOX_RPP_VASCO' is set on object 'Object Repository/Page_mysdworx - Log in/input_Username'

2018-08-17 14:26:01 - [MESSAGE][PASSED] - Text 'DP_EBLOX_RPP_VASCO' is set on object 'Object Repository/Page_mysdworx - Log in/input_Username'

2018-08-17 14:26:01 - [TEST_STEP][PASSED] - Statement - frame = new javax.swing.JFrame(User Input Frame): null

2018-08-17 14:26:01 - [TEST_STEP][PASSED] - Statement - frame.requestFocus(): null

2018-08-17 14:26:01 - [TEST_STEP][PASSED] - Statement - pass = javax.swing.JOptionPane.showInputDialog(frame, "Enter the password from token!!"): null

2018-08-17 14:26:06 - [TEST_STEP][PASSED] - delay: Delayed 5 second(s)

2018-08-17 14:26:11 - [MESSAGE][PASSED] - Delayed 5 second(s)

2018-08-17 14:26:11 - [TEST_STEP][PASSED] - setText: Text '664979' is set on object 'Object Repository/Page_mysdworx - Log in/input_Password'

2018-08-17 14:26:11 - [MESSAGE][PASSED] - Text '664979' is set on object 'Object Repository/Page_mysdworx - Log in/input_Password'

2018-08-17 14:26:11 - [TEST_STEP][PASSED] - click: Object: 'Object Repository/Page_mysdworx - Log in/button_Se connecter' is clicked on

2018-08-17 14:26:11 - [MESSAGE][PASSED] - Object: 'Object Repository/Page_mysdworx - Log in/button_Se connecter' is clicked on

2018-08-17 14:26:11 - [TEST_STEP][PASSED] - waitForPageLoad: Wait for page load successfully

2018-08-17 14:26:11 - [MESSAGE][PASSED] - Wait for page load successfully

2018-08-17 14:26:11 - [TEST_STEP][NOT_RUN] - closeBrowser: NOT_RUN: closeBrowser

2018-08-17 14:26:11 - [MESSAGE][NOT_RUN] - NOT_RUN: closeBrowser

2018-08-17 14:26:11 - [MESSAGE][PASSED] - Call Test Case 'Test Cases/Login/TC1 Login to Mysdworx' successfully

2018-08-17 14:26:11 - [TEST_STEP][PASSED] - waitForPageLoad: Wait for page load successfully

2018-08-17 14:26:11 - [MESSAGE][PASSED] - Wait for page load successfully

2018-08-17 14:26:11 - [TEST_STEP][PASSED] - callTestCase: Call Test Case 'Test Cases/Select Language/TC1 Verify NL language' successfully

2018-08-17 14:26:11 - [TEST_CASE][PASSED] - Test Cases/Select Language/TC1 Verify NL language: Test Cases/Select Language/TC1 Verify NL language

2018-08-17 14:26:11 - [TEST_STEP][PASSED] - waitForElementClickable: Object 'Object Repository/Change language link Obj/NL_language' is clickable

2018-08-17 14:26:37 - [MESSAGE][PASSED] - Object 'Object Repository/Change language link Obj/NL_language' is clickable

2018-08-17 14:26:37 - [TEST_STEP][PASSED] - click: Object: 'Object Repository/Change language link Obj/NL_language' is clicked on

2018-08-17 14:26:45 - [MESSAGE][PASSED] - Object: 'Object Repository/Change language link Obj/NL_language' is clicked on

2018-08-17 14:26:45 - [TEST_STEP][PASSED] - waitForPageLoad: Wait for page load successfully

2018-08-17 14:26:45 - [MESSAGE][PASSED] - Wait for page load successfully

2018-08-17 14:26:45 - [MESSAGE][PASSED] - Call Test Case 'Test Cases/Select Language/TC1 Verify NL language' successfully

2018-08-17 14:26:45 - [TEST_STEP][PASSED] - waitForPageLoad: Wait for page load successfully

2018-08-17 14:26:45 - [MESSAGE][PASSED] - Wait for page load successfully

2018-08-17 14:26:45 - [TEST_STEP][PASSED] - setText: Text 'REG EIGEN RUBRIEK' is set on object 'Object Repository/Mes rapports Obj/input search filter'

2018-08-17 14:26:50 - [MESSAGE][PASSED] - Text 'REG EIGEN RUBRIEK' is set on object 'Object Repository/Mes rapports Obj/input search filter'

2018-08-17 14:26:50 - [TEST_STEP][PASSED] - click: Object: 'Object Repository/Page_eBlox Reporting/Search_Icon' is clicked on

2018-08-17 14:26:50 - [MESSAGE][PASSED] - Object: 'Object Repository/Page_eBlox Reporting/Search_Icon' is clicked on

2018-08-17 14:26:50 - [TEST_STEP][PASSED] - Statement - myTestObject = new com.kms.katalon.core.testobject.TestObject(Select_report): null

2018-08-17 14:26:50 - [TEST_STEP][PASSED] - Statement - myTestObject.addProperty("xpath", EQUALS, "//span[@text='REG EIGEN RUBRIEK']"): null

2018-08-17 14:26:50 - [TEST_STEP][PASSED] - click: Object: 'Select_report' is clicked on

2018-08-17 14:26:50 - [MESSAGE][PASSED] - Object: 'Select_report' is clicked on

2018-08-17 14:26:50 - [TEST_STEP][PASSED] - delay: Delayed 2 second(s)

2018-08-17 14:26:52 - [MESSAGE][PASSED] - Delayed 2 second(s)

2018-08-17 14:26:52 - [TEST_STEP][PASSED] - waitForElementClickable: Web element with id: 'Object Repository/Mes rapports Obj/EXECUTION/Description _Date de reference historique' located by 'By.xpath: //*[@id="uitvoering-parameters"]/div/div[2]/div/div/table/tbody/tr[2]/td[2]/div/div/rapp-date-prompt/div/div/rapp-special-values/div/button[count(. | //button[@type = 'button' and @class = 'btn pull-left btn-default rapp-selected-prompt-button dropdown-toggle ' and @data-toggle = 'dropdown' and @style = 'font-weight: normal; text-align: left; width: 100%;']) = count(//button[@type = 'button' and @class = 'btn pull-left btn-default rapp-selected-prompt-button dropdown-toggle ' and @data-toggle = 'dropdown' and @style = 'font-weight: normal; text-align: left; width: 100%;'])]' not found

2018-08-17 14:27:04 - [MESSAGE][WARNING] - Web element with id: 'Object Repository/Mes rapports Obj/EXECUTION/Description _Date de reference historique' located by 'By.xpath: //*[@id="uitvoering-parameters"]/div/div[2]/div/div/table/tbody/tr[2]/td[2]/div/div/rapp-date-prompt/div/div/rapp-special-values/div/button[count(. | //button[@type = 'button' and @class = 'btn pull-left btn-default rapp-selected-prompt-button dropdown-toggle ' and @data-toggle = 'dropdown' and @style = 'font-weight: normal; text-align: left; width: 100%;']) = count(//button[@type = 'button' and @class = 'btn pull-left btn-default rapp-selected-prompt-button dropdown-toggle ' and @data-toggle = 'dropdown' and @style = 'font-weight: normal; text-align: left; width: 100%;'])]' not found

2018-08-17 14:27:04 - [TEST_STEP][PASSED] - click: Object: 'Object Repository/Mes rapports Obj/EXECUTION/Description _Date de reference historique' is clicked on

2018-08-17 14:27:12 - [MESSAGE][PASSED] - Object: 'Object Repository/Mes rapports Obj/EXECUTION/Description _Date de reference historique' is clicked on

2018-08-17 14:27:12 - [TEST_STEP][PASSED] - delay: Delayed 2 second(s)

2018-08-17 14:27:14 - [MESSAGE][PASSED] - Delayed 2 second(s)

2018-08-17 14:27:14 - [TEST_STEP][FAILED] - click: Unable to click on object 'Object Repository/Mes rapports Obj/EXECUTION/Description_Date de reference historique - Dernier jour mois precedent' (Root cause: org.openqa.selenium.ElementNotVisibleException: element not visible
  (Session info: chrome=68.0.3440.106)
  (Driver info: chromedriver=2.35.528161 (5b82f2d2aae0ca24b877009200ced9065a772e73),platform=Windows NT 10.0.16299 x86_64) (WARNING: The server did not provide any stacktrace information)
Command duration or timeout: 0 milliseconds
Build info: version: '3.7.1', revision: '8a0099a', time: '2017-11-06T21:07:36.161Z'
System info: host: '5CG7062KWD', ip: '10.136.82.127', os.name: 'Windows 10', os.arch: 'amd64', os.version: '10.0', java.version: '1.8.0_181'
Driver info: com.kms.katalon.selenium.driver.CChromeDriver
Capabilities {acceptInsecureCerts: false, acceptSslCerts: false, applicationCacheEnabled: false, browserConnectionEnabled: false, browserName: chrome, chrome: {chromedriverVersion: 2.35.528161 (5b82f2d2aae0ca..., userDataDir: C:\Users\SEEBOR~1\AppData\L...}, cssSelectorsEnabled: true, databaseEnabled: false, handlesAlerts: true, hasTouchScreen: false, javascriptEnabled: true, locationContextEnabled: true, mobileEmulationEnabled: false, nativeEvents: true, networkConnectionEnabled: false, pageLoadStrategy: normal, platform: XP, platformName: XP, rotatable: false, setWindowRect: true, takesHeapSnapshot: true, takesScreenshot: true, unexpectedAlertBehaviour: , unhandledPromptBehavior: , version: 68.0.3440.106, webStorageEnabled: true}
Session ID: 01d74b6bdbf13172db87c63b5a3d82ab)

2018-08-17 14:27:14 - [MESSAGE][FAILED] - Unable to click on object 'Object Repository/Mes rapports Obj/EXECUTION/Description_Date de reference historique - Dernier jour mois precedent' (Root cause: org.openqa.selenium.ElementNotVisibleException: element not visible
  (Session info: chrome=68.0.3440.106)
  (Driver info: chromedriver=2.35.528161 (5b82f2d2aae0ca24b877009200ced9065a772e73),platform=Windows NT 10.0.16299 x86_64) (WARNING: The server did not provide any stacktrace information)
Command duration or timeout: 0 milliseconds
Build info: version: '3.7.1', revision: '8a0099a', time: '2017-11-06T21:07:36.161Z'
System info: host: '5CG7062KWD', ip: '10.136.82.127', os.name: 'Windows 10', os.arch: 'amd64', os.version: '10.0', java.version: '1.8.0_181'
Driver info: com.kms.katalon.selenium.driver.CChromeDriver
Capabilities {acceptInsecureCerts: false, acceptSslCerts: false, applicationCacheEnabled: false, browserConnectionEnabled: false, browserName: chrome, chrome: {chromedriverVersion: 2.35.528161 (5b82f2d2aae0ca..., userDataDir: C:\Users\SEEBOR~1\AppData\L...}, cssSelectorsEnabled: true, databaseEnabled: false, handlesAlerts: true, hasTouchScreen: false, javascriptEnabled: true, locationContextEnabled: true, mobileEmulationEnabled: false, nativeEvents: true, networkConnectionEnabled: false, pageLoadStrategy: normal, platform: XP, platformName: XP, rotatable: false, setWindowRect: true, takesHeapSnapshot: true, takesScreenshot: true, unexpectedAlertBehaviour: , unhandledPromptBehavior: , version: 68.0.3440.106, webStorageEnabled: true}
Session ID: 01d74b6bdbf13172db87c63b5a3d82ab)
[[ATTACHMENT|C:\\Users\\seeboruts\\OneDrive - SD Worx\\Desktop\\Katalon_eBlox_Reporting\\Reports\\testing\\New Test Suite\\20180817_141723\\1534501634164.png]]]]></system-out>
         <system-err><![CDATA[2018-08-17 14:25:45 - [TEST_CASE][FAILED] - Test Cases/New Folder/TC14 OWN COLUMNS: Test Cases/New Folder/TC14 OWN COLUMNS FAILED because (of) Unable to click on object 'Object Repository/Mes rapports Obj/EXECUTION/Description_Date de reference historique - Dernier jour mois precedent' (Root cause: org.openqa.selenium.ElementNotVisibleException: element not visible
  (Session info: chrome=68.0.3440.106)
  (Driver info: chromedriver=2.35.528161 (5b82f2d2aae0ca24b877009200ced9065a772e73),platform=Windows NT 10.0.16299 x86_64) (WARNING: The server did not provide any stacktrace information)
Command duration or timeout: 0 milliseconds
Build info: version: '3.7.1', revision: '8a0099a', time: '2017-11-06T21:07:36.161Z'
System info: host: '5CG7062KWD', ip: '10.136.82.127', os.name: 'Windows 10', os.arch: 'amd64', os.version: '10.0', java.version: '1.8.0_181'
Driver info: com.kms.katalon.selenium.driver.CChromeDriver
Capabilities {acceptInsecureCerts: false, acceptSslCerts: false, applicationCacheEnabled: false, browserConnectionEnabled: false, browserName: chrome, chrome: {chromedriverVersion: 2.35.528161 (5b82f2d2aae0ca..., userDataDir: C:\Users\SEEBOR~1\AppData\L...}, cssSelectorsEnabled: true, databaseEnabled: false, handlesAlerts: true, hasTouchScreen: false, javascriptEnabled: true, locationContextEnabled: true, mobileEmulationEnabled: false, nativeEvents: true, networkConnectionEnabled: false, pageLoadStrategy: normal, platform: XP, platformName: XP, rotatable: false, setWindowRect: true, takesHeapSnapshot: true, takesScreenshot: true, unexpectedAlertBehaviour: , unhandledPromptBehavior: , version: 68.0.3440.106, webStorageEnabled: true}
Session ID: 01d74b6bdbf13172db87c63b5a3d82ab)]]></system-err>
      </testcase>
      <testcase name="Test Cases/New Folder/TC15 COLUMNS" classname="Test Cases/New Folder/TC15 COLUMNS" status="PASSED">
         <system-out><![CDATA[2018-08-17 14:27:14 - [TEST_CASE][PASSED] - Test Cases/New Folder/TC15 COLUMNS: Test Cases/New Folder/TC15 COLUMNS

2018-08-17 14:27:14 - [TEST_STEP][PASSED] - callTestCase: Call Test Case 'Test Cases/Login/TC1 Login to Mysdworx' successfully

2018-08-17 14:27:14 - [TEST_CASE][PASSED] - Test Cases/Login/TC1 Login to Mysdworx: Test Cases/Login/TC1 Login to Mysdworx

2018-08-17 14:27:14 - [TEST_STEP][PASSED] - openBrowser: Browser is opened with url: ''

2018-08-17 14:27:14 - [MESSAGE][WARNING] - A browser is already opened. Closing browser and opening a new one

2018-08-17 14:27:17 - [MESSAGE][PASSED] - Browser is opened with url: ''

2018-08-17 14:27:17 - [TEST_STEP][PASSED] - navigateToUrl: Navigate to 'https://internet.acc.sd.dika.be/ebloxreporting/web.sensitive/main/?lang=fr' successfully

2018-08-17 14:27:22 - [MESSAGE][PASSED] - Navigate to 'https://internet.acc.sd.dika.be/ebloxreporting/web.sensitive/main/?lang=fr' successfully

2018-08-17 14:27:22 - [TEST_STEP][PASSED] - maximizeWindow: Current window maximized

2018-08-17 14:27:23 - [MESSAGE][PASSED] - Current window maximized

2018-08-17 14:27:23 - [TEST_STEP][PASSED] - setText: Text 'DP_EBLOX_RPP_VASCO' is set on object 'Object Repository/Page_mysdworx - Log in/input_Username'

2018-08-17 14:27:29 - [MESSAGE][PASSED] - Text 'DP_EBLOX_RPP_VASCO' is set on object 'Object Repository/Page_mysdworx - Log in/input_Username'

2018-08-17 14:27:29 - [TEST_STEP][PASSED] - Statement - frame = new javax.swing.JFrame(User Input Frame): null

2018-08-17 14:27:29 - [TEST_STEP][PASSED] - Statement - frame.requestFocus(): null

2018-08-17 14:27:29 - [TEST_STEP][PASSED] - Statement - pass = javax.swing.JOptionPane.showInputDialog(frame, "Enter the password from token!!"): null

2018-08-17 14:27:34 - [TEST_STEP][PASSED] - delay: Delayed 5 second(s)

2018-08-17 14:27:39 - [MESSAGE][PASSED] - Delayed 5 second(s)

2018-08-17 14:27:39 - [TEST_STEP][PASSED] - setText: Text '016413' is set on object 'Object Repository/Page_mysdworx - Log in/input_Password'

2018-08-17 14:27:39 - [MESSAGE][PASSED] - Text '016413' is set on object 'Object Repository/Page_mysdworx - Log in/input_Password'

2018-08-17 14:27:39 - [TEST_STEP][PASSED] - click: Object: 'Object Repository/Page_mysdworx - Log in/button_Se connecter' is clicked on

2018-08-17 14:27:39 - [MESSAGE][PASSED] - Object: 'Object Repository/Page_mysdworx - Log in/button_Se connecter' is clicked on

2018-08-17 14:27:39 - [TEST_STEP][PASSED] - waitForPageLoad: Wait for page load successfully

2018-08-17 14:27:39 - [MESSAGE][PASSED] - Wait for page load successfully

2018-08-17 14:27:39 - [TEST_STEP][NOT_RUN] - closeBrowser: NOT_RUN: closeBrowser

2018-08-17 14:27:39 - [MESSAGE][NOT_RUN] - NOT_RUN: closeBrowser

2018-08-17 14:27:39 - [MESSAGE][PASSED] - Call Test Case 'Test Cases/Login/TC1 Login to Mysdworx' successfully

2018-08-17 14:27:39 - [TEST_STEP][PASSED] - waitForPageLoad: Wait for page load successfully

2018-08-17 14:27:39 - [MESSAGE][PASSED] - Wait for page load successfully

2018-08-17 14:27:39 - [TEST_STEP][PASSED] - callTestCase: Call Test Case 'Test Cases/Select Language/TC1 Verify NL language' successfully

2018-08-17 14:27:39 - [TEST_CASE][PASSED] - Test Cases/Select Language/TC1 Verify NL language: Test Cases/Select Language/TC1 Verify NL language

2018-08-17 14:27:39 - [TEST_STEP][PASSED] - waitForElementClickable: Object 'Object Repository/Change language link Obj/NL_language' is clickable

2018-08-17 14:28:07 - [MESSAGE][PASSED] - Object 'Object Repository/Change language link Obj/NL_language' is clickable

2018-08-17 14:28:07 - [TEST_STEP][PASSED] - click: Object: 'Object Repository/Change language link Obj/NL_language' is clicked on

2018-08-17 14:28:20 - [MESSAGE][PASSED] - Object: 'Object Repository/Change language link Obj/NL_language' is clicked on

2018-08-17 14:28:20 - [TEST_STEP][PASSED] - waitForPageLoad: Wait for page load successfully

2018-08-17 14:28:20 - [MESSAGE][PASSED] - Wait for page load successfully

2018-08-17 14:28:20 - [MESSAGE][PASSED] - Call Test Case 'Test Cases/Select Language/TC1 Verify NL language' successfully

2018-08-17 14:28:20 - [TEST_STEP][PASSED] - waitForPageLoad: Wait for page load successfully

2018-08-17 14:28:20 - [MESSAGE][PASSED] - Wait for page load successfully

2018-08-17 14:28:20 - [TEST_STEP][PASSED] - setText: Text 'REG RUBRIEK' is set on object 'Object Repository/Mes rapports Obj/input search filter'

2018-08-17 14:28:24 - [MESSAGE][PASSED] - Text 'REG RUBRIEK' is set on object 'Object Repository/Mes rapports Obj/input search filter'

2018-08-17 14:28:24 - [TEST_STEP][PASSED] - click: Object: 'Object Repository/Page_eBlox Reporting/Search_Icon' is clicked on

2018-08-17 14:28:24 - [MESSAGE][PASSED] - Object: 'Object Repository/Page_eBlox Reporting/Search_Icon' is clicked on

2018-08-17 14:28:24 - [TEST_STEP][PASSED] - Statement - REG_RUBRIEK = new com.kms.katalon.core.testobject.TestObject(Select_report): null

2018-08-17 14:28:24 - [TEST_STEP][PASSED] - Statement - REG_RUBRIEK.addProperty("xpath", EQUALS, "//a[@class='hide-on-hover']//span[@text='REG + RUBRIEK']"): null

2018-08-17 14:28:24 - [TEST_STEP][PASSED] - click: Object: 'Select_report' is clicked on

2018-08-17 14:28:25 - [MESSAGE][PASSED] - Object: 'Select_report' is clicked on

2018-08-17 14:28:25 - [TEST_STEP][PASSED] - click: Object: 'Object Repository/Page_eBlox Rapportering/Definition' is clicked on

2018-08-17 14:28:26 - [MESSAGE][PASSED] - Object: 'Object Repository/Page_eBlox Rapportering/Definition' is clicked on

2018-08-17 14:28:26 - [TEST_STEP][PASSED] - click: Object: 'Object Repository/Mes rapports Obj/EXECUTION/Button executer' is clicked on

2018-08-17 14:28:26 - [MESSAGE][PASSED] - Object: 'Object Repository/Mes rapports Obj/EXECUTION/Button executer' is clicked on

2018-08-17 14:28:26 - [TEST_STEP][PASSED] - closeBrowser: Browser is closed

2018-08-17 14:28:27 - [MESSAGE][PASSED] - Browser is closed]]></system-out>
         <system-err><![CDATA[]]></system-err>
      </testcase>
      <testcase name="Test Cases/New Folder/TC16 HISTORIC WITHOUT" classname="Test Cases/New Folder/TC16 HISTORIC WITHOUT" status="FAILED">
         <failure type="FAILED" message="Unable to send keys '' to object 'Object Repository/Mes rapports Obj/EXECUTION/Description_Dossier and Groupe figure dans' (Root cause: com.kms.katalon.core.webui.exception.WebElementNotFoundException: Web element with id: 'Object Repository/Mes rapports Obj/EXECUTION/Description_Dossier and Groupe figure dans' located by 'By.xpath: //div[@class='select2-container select2-container-multi ng-pristine ng-untouched ng-valid-required ng-invalid ng-invalid-select2-multi']//ul[@class='select2-choices']//li[@class='select2-search-field']//input[@class='select2-input'][count(. | //*[contains(@id, 's2id_autogen') and @class = 'select2-input' and @autocomplete = 'off' and @autocorrect = 'off' and @autocapitalize = 'off' and @spellcheck = 'false']) = count(//*[contains(@id, 's2id_autogen') and @class = 'select2-input' and @autocomplete = 'off' and @autocorrect = 'off' and @autocapitalize = 'off' and @spellcheck = 'false'])]' not found)"/>
         <system-out><![CDATA[2018-08-17 14:28:27 - [TEST_CASE][FAILED] - Test Cases/New Folder/TC16 HISTORIC WITHOUT: Test Cases/New Folder/TC16 HISTORIC WITHOUT FAILED because (of) Unable to send keys '' to object 'Object Repository/Mes rapports Obj/EXECUTION/Description_Dossier and Groupe figure dans' (Root cause: com.kms.katalon.core.webui.exception.WebElementNotFoundException: Web element with id: 'Object Repository/Mes rapports Obj/EXECUTION/Description_Dossier and Groupe figure dans' located by 'By.xpath: //div[@class='select2-container select2-container-multi ng-pristine ng-untouched ng-valid-required ng-invalid ng-invalid-select2-multi']//ul[@class='select2-choices']//li[@class='select2-search-field']//input[@class='select2-input'][count(. | //*[contains(@id, 's2id_autogen') and @class = 'select2-input' and @autocomplete = 'off' and @autocorrect = 'off' and @autocapitalize = 'off' and @spellcheck = 'false']) = count(//*[contains(@id, 's2id_autogen') and @class = 'select2-input' and @autocomplete = 'off' and @autocorrect = 'off' and @autocapitalize = 'off' and @spellcheck = 'false'])]' not found)

2018-08-17 14:28:27 - [TEST_STEP][PASSED] - callTestCase: Call Test Case 'Test Cases/Login/TC1 Login to Mysdworx' successfully

2018-08-17 14:28:27 - [TEST_CASE][PASSED] - Test Cases/Login/TC1 Login to Mysdworx: Test Cases/Login/TC1 Login to Mysdworx

2018-08-17 14:28:27 - [TEST_STEP][PASSED] - openBrowser: Browser is opened with url: ''

2018-08-17 14:28:29 - [MESSAGE][PASSED] - Browser is opened with url: ''

2018-08-17 14:28:29 - [TEST_STEP][PASSED] - navigateToUrl: Navigate to 'https://internet.acc.sd.dika.be/ebloxreporting/web.sensitive/main/?lang=fr' successfully

2018-08-17 14:28:34 - [MESSAGE][PASSED] - Navigate to 'https://internet.acc.sd.dika.be/ebloxreporting/web.sensitive/main/?lang=fr' successfully

2018-08-17 14:28:34 - [TEST_STEP][PASSED] - maximizeWindow: Current window maximized

2018-08-17 14:28:36 - [MESSAGE][PASSED] - Current window maximized

2018-08-17 14:28:36 - [TEST_STEP][PASSED] - setText: Text 'DP_EBLOX_RPP_VASCO' is set on object 'Object Repository/Page_mysdworx - Log in/input_Username'

2018-08-17 14:28:44 - [MESSAGE][PASSED] - Text 'DP_EBLOX_RPP_VASCO' is set on object 'Object Repository/Page_mysdworx - Log in/input_Username'

2018-08-17 14:28:44 - [TEST_STEP][PASSED] - Statement - frame = new javax.swing.JFrame(User Input Frame): null

2018-08-17 14:28:44 - [TEST_STEP][PASSED] - Statement - frame.requestFocus(): null

2018-08-17 14:28:44 - [TEST_STEP][PASSED] - Statement - pass = javax.swing.JOptionPane.showInputDialog(frame, "Enter the password from token!!"): null

2018-08-17 14:28:50 - [TEST_STEP][PASSED] - delay: Delayed 5 second(s)

2018-08-17 14:28:55 - [MESSAGE][PASSED] - Delayed 5 second(s)

2018-08-17 14:28:55 - [TEST_STEP][PASSED] - setText: Text '927534' is set on object 'Object Repository/Page_mysdworx - Log in/input_Password'

2018-08-17 14:28:55 - [MESSAGE][PASSED] - Text '927534' is set on object 'Object Repository/Page_mysdworx - Log in/input_Password'

2018-08-17 14:28:55 - [TEST_STEP][PASSED] - click: Object: 'Object Repository/Page_mysdworx - Log in/button_Se connecter' is clicked on

2018-08-17 14:28:56 - [MESSAGE][PASSED] - Object: 'Object Repository/Page_mysdworx - Log in/button_Se connecter' is clicked on

2018-08-17 14:28:56 - [TEST_STEP][PASSED] - waitForPageLoad: Wait for page load successfully

2018-08-17 14:28:56 - [MESSAGE][PASSED] - Wait for page load successfully

2018-08-17 14:28:56 - [TEST_STEP][NOT_RUN] - closeBrowser: NOT_RUN: closeBrowser

2018-08-17 14:28:56 - [MESSAGE][NOT_RUN] - NOT_RUN: closeBrowser

2018-08-17 14:28:56 - [MESSAGE][PASSED] - Call Test Case 'Test Cases/Login/TC1 Login to Mysdworx' successfully

2018-08-17 14:28:56 - [TEST_STEP][PASSED] - waitForPageLoad: Wait for page load successfully

2018-08-17 14:28:56 - [MESSAGE][PASSED] - Wait for page load successfully

2018-08-17 14:28:56 - [TEST_STEP][PASSED] - callTestCase: Call Test Case 'Test Cases/Select Language/TC1 Verify NL language' successfully

2018-08-17 14:28:56 - [TEST_CASE][PASSED] - Test Cases/Select Language/TC1 Verify NL language: Test Cases/Select Language/TC1 Verify NL language

2018-08-17 14:28:56 - [TEST_STEP][PASSED] - waitForElementClickable: Object 'Object Repository/Change language link Obj/NL_language' is clickable

2018-08-17 14:29:24 - [MESSAGE][PASSED] - Object 'Object Repository/Change language link Obj/NL_language' is clickable

2018-08-17 14:29:24 - [TEST_STEP][PASSED] - click: Object: 'Object Repository/Change language link Obj/NL_language' is clicked on

2018-08-17 14:29:33 - [MESSAGE][PASSED] - Object: 'Object Repository/Change language link Obj/NL_language' is clicked on

2018-08-17 14:29:33 - [TEST_STEP][PASSED] - waitForPageLoad: Wait for page load successfully

2018-08-17 14:29:33 - [MESSAGE][PASSED] - Wait for page load successfully

2018-08-17 14:29:33 - [MESSAGE][PASSED] - Call Test Case 'Test Cases/Select Language/TC1 Verify NL language' successfully

2018-08-17 14:29:33 - [TEST_STEP][PASSED] - setText: Text 'REG HIST GROEP' is set on object 'Object Repository/Mes rapports Obj/input search filter'

2018-08-17 14:29:37 - [MESSAGE][PASSED] - Text 'REG HIST GROEP' is set on object 'Object Repository/Mes rapports Obj/input search filter'

2018-08-17 14:29:37 - [TEST_STEP][PASSED] - click: Object: 'Object Repository/Page_eBlox Reporting/Search_Icon' is clicked on

2018-08-17 14:29:37 - [MESSAGE][PASSED] - Object: 'Object Repository/Page_eBlox Reporting/Search_Icon' is clicked on

2018-08-17 14:29:37 - [TEST_STEP][PASSED] - Statement - myTestObject = new com.kms.katalon.core.testobject.TestObject(Select_report): null

2018-08-17 14:29:37 - [TEST_STEP][PASSED] - Statement - myTestObject.addProperty("xpath", EQUALS, "//span[@text='REG HIST GROEP']"): null

2018-08-17 14:29:37 - [TEST_STEP][PASSED] - click: Object: 'Select_report' is clicked on

2018-08-17 14:29:38 - [MESSAGE][PASSED] - Object: 'Select_report' is clicked on

2018-08-17 14:29:38 - [TEST_STEP][PASSED] - Statement - inputDossier = com.kms.katalon.core.webui.keyword.WebUiBuiltInKeywords.modifyObjectProperty(com.kms.katalon.core.testobject.ObjectRepository.findTestObject(Mes rapports Obj/EXECUTION/Description_Dossier and Groupe figure dans), "id", "contains", "s2id_autogen", true): Modify property of object successfully

2018-08-17 14:29:38 - [MESSAGE][PASSED] - Modify property of object successfully

2018-08-17 14:29:38 - [TEST_STEP][PASSED] - click: Object: 'Object Repository/Mes rapports Obj/EXECUTION/Description_Dossier and Groupe figure dans' is clicked on

2018-08-17 14:29:41 - [MESSAGE][PASSED] - Object: 'Object Repository/Mes rapports Obj/EXECUTION/Description_Dossier and Groupe figure dans' is clicked on

2018-08-17 14:29:41 - [TEST_STEP][PASSED] - Statement - myDonneeCalculees = new com.kms.katalon.core.testobject.TestObject(Select_donnee): null

2018-08-17 14:29:41 - [TEST_STEP][PASSED] - Statement - myDonneeCalculees.addProperty("xpath", EQUALS, "//div[@id='select2-drop']//ul[@class='select2-results']//li[@role='presentation']//div[contains(text(),'(alle looncodes)')]"): null

2018-08-17 14:29:41 - [TEST_STEP][PASSED] - click: Object: 'Select_donnee' is clicked on

2018-08-17 14:29:41 - [MESSAGE][PASSED] - Object: 'Select_donnee' is clicked on

2018-08-17 14:29:41 - [TEST_STEP][PASSED] - Statement - inputDossier1 = com.kms.katalon.core.webui.keyword.WebUiBuiltInKeywords.modifyObjectProperty(com.kms.katalon.core.testobject.ObjectRepository.findTestObject(Mes rapports Obj/EXECUTION/Description_Dossier and Groupe figure dans), "id", "contains", "s2id_autogen", true): Modify property of object successfully

2018-08-17 14:29:41 - [MESSAGE][PASSED] - Modify property of object successfully

2018-08-17 14:29:41 - [TEST_STEP][FAILED] - sendKeys: Unable to send keys '' to object 'Object Repository/Mes rapports Obj/EXECUTION/Description_Dossier and Groupe figure dans' (Root cause: com.kms.katalon.core.webui.exception.WebElementNotFoundException: Web element with id: 'Object Repository/Mes rapports Obj/EXECUTION/Description_Dossier and Groupe figure dans' located by 'By.xpath: //div[@class='select2-container select2-container-multi ng-pristine ng-untouched ng-valid-required ng-invalid ng-invalid-select2-multi']//ul[@class='select2-choices']//li[@class='select2-search-field']//input[@class='select2-input'][count(. | //*[contains(@id, 's2id_autogen') and @class = 'select2-input' and @autocomplete = 'off' and @autocorrect = 'off' and @autocapitalize = 'off' and @spellcheck = 'false']) = count(//*[contains(@id, 's2id_autogen') and @class = 'select2-input' and @autocomplete = 'off' and @autocorrect = 'off' and @autocapitalize = 'off' and @spellcheck = 'false'])]' not found)

2018-08-17 14:30:13 - [MESSAGE][FAILED] - Unable to send keys '' to object 'Object Repository/Mes rapports Obj/EXECUTION/Description_Dossier and Groupe figure dans' (Root cause: com.kms.katalon.core.webui.exception.WebElementNotFoundException: Web element with id: 'Object Repository/Mes rapports Obj/EXECUTION/Description_Dossier and Groupe figure dans' located by 'By.xpath: //div[@class='select2-container select2-container-multi ng-pristine ng-untouched ng-valid-required ng-invalid ng-invalid-select2-multi']//ul[@class='select2-choices']//li[@class='select2-search-field']//input[@class='select2-input'][count(. | //*[contains(@id, 's2id_autogen') and @class = 'select2-input' and @autocomplete = 'off' and @autocorrect = 'off' and @autocapitalize = 'off' and @spellcheck = 'false']) = count(//*[contains(@id, 's2id_autogen') and @class = 'select2-input' and @autocomplete = 'off' and @autocorrect = 'off' and @autocapitalize = 'off' and @spellcheck = 'false'])]' not found)
[[ATTACHMENT|C:\\Users\\seeboruts\\OneDrive - SD Worx\\Desktop\\Katalon_eBlox_Reporting\\Reports\\testing\\New Test Suite\\20180817_141723\\1534501813262.png]]]]></system-out>
         <system-err><![CDATA[2018-08-17 14:28:27 - [TEST_CASE][FAILED] - Test Cases/New Folder/TC16 HISTORIC WITHOUT: Test Cases/New Folder/TC16 HISTORIC WITHOUT FAILED because (of) Unable to send keys '' to object 'Object Repository/Mes rapports Obj/EXECUTION/Description_Dossier and Groupe figure dans' (Root cause: com.kms.katalon.core.webui.exception.WebElementNotFoundException: Web element with id: 'Object Repository/Mes rapports Obj/EXECUTION/Description_Dossier and Groupe figure dans' located by 'By.xpath: //div[@class='select2-container select2-container-multi ng-pristine ng-untouched ng-valid-required ng-invalid ng-invalid-select2-multi']//ul[@class='select2-choices']//li[@class='select2-search-field']//input[@class='select2-input'][count(. | //*[contains(@id, 's2id_autogen') and @class = 'select2-input' and @autocomplete = 'off' and @autocorrect = 'off' and @autocapitalize = 'off' and @spellcheck = 'false']) = count(//*[contains(@id, 's2id_autogen') and @class = 'select2-input' and @autocomplete = 'off' and @autocorrect = 'off' and @autocapitalize = 'off' and @spellcheck = 'false'])]' not found)]]></system-err>
      </testcase>
      <testcase name="Test Cases/New Folder/TC17 ARGUMENT AGE" classname="Test Cases/New Folder/TC17 ARGUMENT AGE" status="PASSED">
         <system-out><![CDATA[2018-08-17 14:30:13 - [TEST_CASE][PASSED] - Test Cases/New Folder/TC17 ARGUMENT AGE: Test Cases/New Folder/TC17 ARGUMENT AGE

2018-08-17 14:30:13 - [TEST_STEP][PASSED] - callTestCase: Call Test Case 'Test Cases/Login/TC1 Login to Mysdworx' successfully

2018-08-17 14:30:13 - [TEST_CASE][PASSED] - Test Cases/Login/TC1 Login to Mysdworx: Test Cases/Login/TC1 Login to Mysdworx

2018-08-17 14:30:13 - [TEST_STEP][PASSED] - openBrowser: Browser is opened with url: ''

2018-08-17 14:30:13 - [MESSAGE][WARNING] - A browser is already opened. Closing browser and opening a new one

2018-08-17 14:30:16 - [MESSAGE][PASSED] - Browser is opened with url: ''

2018-08-17 14:30:16 - [TEST_STEP][PASSED] - navigateToUrl: Navigate to 'https://internet.acc.sd.dika.be/ebloxreporting/web.sensitive/main/?lang=fr' successfully

2018-08-17 14:30:21 - [MESSAGE][PASSED] - Navigate to 'https://internet.acc.sd.dika.be/ebloxreporting/web.sensitive/main/?lang=fr' successfully

2018-08-17 14:30:21 - [TEST_STEP][PASSED] - maximizeWindow: Current window maximized

2018-08-17 14:30:22 - [MESSAGE][PASSED] - Current window maximized

2018-08-17 14:30:22 - [TEST_STEP][PASSED] - setText: Text 'DP_EBLOX_RPP_VASCO' is set on object 'Object Repository/Page_mysdworx - Log in/input_Username'

2018-08-17 14:30:30 - [MESSAGE][PASSED] - Text 'DP_EBLOX_RPP_VASCO' is set on object 'Object Repository/Page_mysdworx - Log in/input_Username'

2018-08-17 14:30:30 - [TEST_STEP][PASSED] - Statement - frame = new javax.swing.JFrame(User Input Frame): null

2018-08-17 14:30:30 - [TEST_STEP][PASSED] - Statement - frame.requestFocus(): null

2018-08-17 14:30:30 - [TEST_STEP][PASSED] - Statement - pass = javax.swing.JOptionPane.showInputDialog(frame, "Enter the password from token!!"): null

2018-08-17 14:30:32 - [TEST_STEP][PASSED] - delay: Delayed 5 second(s)

2018-08-17 14:30:37 - [MESSAGE][PASSED] - Delayed 5 second(s)

2018-08-17 14:30:37 - [TEST_STEP][PASSED] - setText: Text '917912' is set on object 'Object Repository/Page_mysdworx - Log in/input_Password'

2018-08-17 14:30:37 - [MESSAGE][PASSED] - Text '917912' is set on object 'Object Repository/Page_mysdworx - Log in/input_Password'

2018-08-17 14:30:37 - [TEST_STEP][PASSED] - click: Object: 'Object Repository/Page_mysdworx - Log in/button_Se connecter' is clicked on

2018-08-17 14:30:37 - [MESSAGE][PASSED] - Object: 'Object Repository/Page_mysdworx - Log in/button_Se connecter' is clicked on

2018-08-17 14:30:37 - [TEST_STEP][PASSED] - waitForPageLoad: Wait for page load successfully

2018-08-17 14:30:37 - [MESSAGE][PASSED] - Wait for page load successfully

2018-08-17 14:30:37 - [TEST_STEP][NOT_RUN] - closeBrowser: NOT_RUN: closeBrowser

2018-08-17 14:30:37 - [MESSAGE][NOT_RUN] - NOT_RUN: closeBrowser

2018-08-17 14:30:37 - [MESSAGE][PASSED] - Call Test Case 'Test Cases/Login/TC1 Login to Mysdworx' successfully

2018-08-17 14:30:37 - [TEST_STEP][PASSED] - waitForPageLoad: Wait for page load successfully

2018-08-17 14:30:37 - [MESSAGE][PASSED] - Wait for page load successfully

2018-08-17 14:30:37 - [TEST_STEP][PASSED] - callTestCase: Call Test Case 'Test Cases/Select Language/TC1 Verify NL language' successfully

2018-08-17 14:30:37 - [TEST_CASE][PASSED] - Test Cases/Select Language/TC1 Verify NL language: Test Cases/Select Language/TC1 Verify NL language

2018-08-17 14:30:37 - [TEST_STEP][PASSED] - waitForElementClickable: Object 'Object Repository/Change language link Obj/NL_language' is clickable

2018-08-17 14:31:03 - [MESSAGE][PASSED] - Object 'Object Repository/Change language link Obj/NL_language' is clickable

2018-08-17 14:31:03 - [TEST_STEP][PASSED] - click: Object: 'Object Repository/Change language link Obj/NL_language' is clicked on

2018-08-17 14:31:11 - [MESSAGE][PASSED] - Object: 'Object Repository/Change language link Obj/NL_language' is clicked on

2018-08-17 14:31:11 - [TEST_STEP][PASSED] - waitForPageLoad: Wait for page load successfully

2018-08-17 14:31:11 - [MESSAGE][PASSED] - Wait for page load successfully

2018-08-17 14:31:11 - [MESSAGE][PASSED] - Call Test Case 'Test Cases/Select Language/TC1 Verify NL language' successfully

2018-08-17 14:31:11 - [TEST_STEP][PASSED] - callTestCase: Call Test Case 'Test Cases/Mes rapports/Main Page/TC Verify Mes rapports tab' successfully

2018-08-17 14:31:11 - [TEST_CASE][PASSED] - Test Cases/Mes rapports/Main Page/TC Verify Mes rapports tab: Test Cases/Mes rapports/Main Page/TC Verify Mes rapports tab

2018-08-17 14:31:11 - [TEST_STEP][PASSED] - click: Object: 'Object Repository/Mes rapports Obj/Mes rapports_tab' is clicked on

2018-08-17 14:31:11 - [MESSAGE][PASSED] - Object: 'Object Repository/Mes rapports Obj/Mes rapports_tab' is clicked on

2018-08-17 14:31:11 - [MESSAGE][PASSED] - Call Test Case 'Test Cases/Mes rapports/Main Page/TC Verify Mes rapports tab' successfully

2018-08-17 14:31:11 - [TEST_STEP][PASSED] - setText: Text 'REG ARGUMENT LEEFTIJD' is set on object 'Object Repository/Mes rapports Obj/input search filter'

2018-08-17 14:31:16 - [MESSAGE][PASSED] - Text 'REG ARGUMENT LEEFTIJD' is set on object 'Object Repository/Mes rapports Obj/input search filter'

2018-08-17 14:31:16 - [TEST_STEP][PASSED] - click: Object: 'Object Repository/Page_eBlox Reporting/Search_Icon' is clicked on

2018-08-17 14:31:16 - [MESSAGE][PASSED] - Object: 'Object Repository/Page_eBlox Reporting/Search_Icon' is clicked on

2018-08-17 14:31:16 - [TEST_STEP][PASSED] - Statement - myTestObject = new com.kms.katalon.core.testobject.TestObject(Select_report): null

2018-08-17 14:31:16 - [TEST_STEP][PASSED] - Statement - myTestObject.addProperty("xpath", EQUALS, "//a[@class='hide-on-hover']//span[@text='REG LEEFTIJD ARGUMENT']"): null

2018-08-17 14:31:16 - [TEST_STEP][PASSED] - click: Object: 'Select_report' is clicked on

2018-08-17 14:31:17 - [MESSAGE][PASSED] - Object: 'Select_report' is clicked on

2018-08-17 14:31:17 - [TEST_STEP][PASSED] - delay: Delayed 2 second(s)

2018-08-17 14:31:19 - [MESSAGE][PASSED] - Delayed 2 second(s)

2018-08-17 14:31:19 - [TEST_STEP][PASSED] - waitForElementClickable: Object 'Object Repository/Mes rapports Obj/EXECUTION/Description _Date de reference historique' is clickable

2018-08-17 14:31:19 - [MESSAGE][PASSED] - Object 'Object Repository/Mes rapports Obj/EXECUTION/Description _Date de reference historique' is clickable

2018-08-17 14:31:19 - [TEST_STEP][PASSED] - click: Object: 'Object Repository/Mes rapports Obj/EXECUTION/Description _Date de reference historique' is clicked on

2018-08-17 14:31:19 - [MESSAGE][PASSED] - Object: 'Object Repository/Mes rapports Obj/EXECUTION/Description _Date de reference historique' is clicked on

2018-08-17 14:31:19 - [TEST_STEP][PASSED] - delay: Delayed 2 second(s)

2018-08-17 14:31:21 - [MESSAGE][PASSED] - Delayed 2 second(s)

2018-08-17 14:31:21 - [TEST_STEP][PASSED] - click: Object: 'Object Repository/Mes rapports Obj/EXECUTION/Aujourdhui - Vandaag' is clicked on

2018-08-17 14:31:21 - [MESSAGE][PASSED] - Object: 'Object Repository/Mes rapports Obj/EXECUTION/Aujourdhui - Vandaag' is clicked on

2018-08-17 14:31:21 - [TEST_STEP][PASSED] - click: Object: 'Object Repository/Mes rapports Obj/EXECUTION/Button executer' is clicked on

2018-08-17 14:31:21 - [MESSAGE][PASSED] - Object: 'Object Repository/Mes rapports Obj/EXECUTION/Button executer' is clicked on

2018-08-17 14:31:21 - [TEST_STEP][PASSED] - waitForPageLoad: Wait for page load successfully

2018-08-17 14:31:21 - [MESSAGE][PASSED] - Wait for page load successfully

2018-08-17 14:31:21 - [TEST_STEP][PASSED] - closeBrowser: Browser is closed

2018-08-17 14:31:22 - [MESSAGE][PASSED] - Browser is closed]]></system-out>
         <system-err><![CDATA[]]></system-err>
      </testcase>
      <testcase name="Test Cases/New Folder/TC2 NEW" classname="Test Cases/New Folder/TC2 NEW" status="FAILED">
         <failure type="FAILED" message="Unable to click on object 'Object Repository/Mes rapports Obj/SELECTION/Travailleur/testEsc' (Root cause: org.openqa.selenium.WebDriverException: unknown error: Element &lt;span class=&quot;badge&quot;>...&lt;/span> is not clickable at point (210, 25). Other element would receive the click: &lt;div id=&quot;select2-drop-mask&quot; class=&quot;select2-drop-mask&quot; style=&quot;&quot;>&lt;/div>
  (Session info: chrome=68.0.3440.106)
  (Driver info: chromedriver=2.35.528161 (5b82f2d2aae0ca24b877009200ced9065a772e73),platform=Windows NT 10.0.16299 x86_64) (WARNING: The server did not provide any stacktrace information)
Command duration or timeout: 0 milliseconds
Build info: version: '3.7.1', revision: '8a0099a', time: '2017-11-06T21:07:36.161Z'
System info: host: '5CG7062KWD', ip: '10.136.82.127', os.name: 'Windows 10', os.arch: 'amd64', os.version: '10.0', java.version: '1.8.0_181'
Driver info: com.kms.katalon.selenium.driver.CChromeDriver
Capabilities {acceptInsecureCerts: false, acceptSslCerts: false, applicationCacheEnabled: false, browserConnectionEnabled: false, browserName: chrome, chrome: {chromedriverVersion: 2.35.528161 (5b82f2d2aae0ca..., userDataDir: C:\Users\SEEBOR~1\AppData\L...}, cssSelectorsEnabled: true, databaseEnabled: false, handlesAlerts: true, hasTouchScreen: false, javascriptEnabled: true, locationContextEnabled: true, mobileEmulationEnabled: false, nativeEvents: true, networkConnectionEnabled: false, pageLoadStrategy: normal, platform: XP, platformName: XP, rotatable: false, setWindowRect: true, takesHeapSnapshot: true, takesScreenshot: true, unexpectedAlertBehaviour: , unhandledPromptBehavior: , version: 68.0.3440.106, webStorageEnabled: true}
Session ID: bb715fb4b781ed9b59e22a736249ae60)"/>
         <system-out><![CDATA[2018-08-17 14:31:22 - [TEST_CASE][FAILED] - Test Cases/New Folder/TC2 NEW: Test Cases/New Folder/TC2 NEW FAILED because (of) Unable to click on object 'Object Repository/Mes rapports Obj/SELECTION/Travailleur/testEsc' (Root cause: org.openqa.selenium.WebDriverException: unknown error: Element <span class="badge">...</span> is not clickable at point (210, 25). Other element would receive the click: <div id="select2-drop-mask" class="select2-drop-mask" style=""></div>
  (Session info: chrome=68.0.3440.106)
  (Driver info: chromedriver=2.35.528161 (5b82f2d2aae0ca24b877009200ced9065a772e73),platform=Windows NT 10.0.16299 x86_64) (WARNING: The server did not provide any stacktrace information)
Command duration or timeout: 0 milliseconds
Build info: version: '3.7.1', revision: '8a0099a', time: '2017-11-06T21:07:36.161Z'
System info: host: '5CG7062KWD', ip: '10.136.82.127', os.name: 'Windows 10', os.arch: 'amd64', os.version: '10.0', java.version: '1.8.0_181'
Driver info: com.kms.katalon.selenium.driver.CChromeDriver
Capabilities {acceptInsecureCerts: false, acceptSslCerts: false, applicationCacheEnabled: false, browserConnectionEnabled: false, browserName: chrome, chrome: {chromedriverVersion: 2.35.528161 (5b82f2d2aae0ca..., userDataDir: C:\Users\SEEBOR~1\AppData\L...}, cssSelectorsEnabled: true, databaseEnabled: false, handlesAlerts: true, hasTouchScreen: false, javascriptEnabled: true, locationContextEnabled: true, mobileEmulationEnabled: false, nativeEvents: true, networkConnectionEnabled: false, pageLoadStrategy: normal, platform: XP, platformName: XP, rotatable: false, setWindowRect: true, takesHeapSnapshot: true, takesScreenshot: true, unexpectedAlertBehaviour: , unhandledPromptBehavior: , version: 68.0.3440.106, webStorageEnabled: true}
Session ID: bb715fb4b781ed9b59e22a736249ae60)

2018-08-17 14:31:22 - [TEST_STEP][PASSED] - callTestCase: Call Test Case 'Test Cases/Login/TC1 Login to Mysdworx' successfully

2018-08-17 14:31:22 - [TEST_CASE][PASSED] - Test Cases/Login/TC1 Login to Mysdworx: Test Cases/Login/TC1 Login to Mysdworx

2018-08-17 14:31:22 - [TEST_STEP][PASSED] - openBrowser: Browser is opened with url: ''

2018-08-17 14:31:24 - [MESSAGE][PASSED] - Browser is opened with url: ''

2018-08-17 14:31:24 - [TEST_STEP][PASSED] - navigateToUrl: Navigate to 'https://internet.acc.sd.dika.be/ebloxreporting/web.sensitive/main/?lang=fr' successfully

2018-08-17 14:31:29 - [MESSAGE][PASSED] - Navigate to 'https://internet.acc.sd.dika.be/ebloxreporting/web.sensitive/main/?lang=fr' successfully

2018-08-17 14:31:29 - [TEST_STEP][PASSED] - maximizeWindow: Current window maximized

2018-08-17 14:31:30 - [MESSAGE][PASSED] - Current window maximized

2018-08-17 14:31:30 - [TEST_STEP][PASSED] - setText: Text 'DP_EBLOX_RPP_VASCO' is set on object 'Object Repository/Page_mysdworx - Log in/input_Username'

2018-08-17 14:31:35 - [MESSAGE][PASSED] - Text 'DP_EBLOX_RPP_VASCO' is set on object 'Object Repository/Page_mysdworx - Log in/input_Username'

2018-08-17 14:31:35 - [TEST_STEP][PASSED] - Statement - frame = new javax.swing.JFrame(User Input Frame): null

2018-08-17 14:31:35 - [TEST_STEP][PASSED] - Statement - frame.requestFocus(): null

2018-08-17 14:31:35 - [TEST_STEP][PASSED] - Statement - pass = javax.swing.JOptionPane.showInputDialog(frame, "Enter the password from token!!"): null

2018-08-17 14:31:56 - [TEST_STEP][PASSED] - delay: Delayed 5 second(s)

2018-08-17 14:32:01 - [MESSAGE][PASSED] - Delayed 5 second(s)

2018-08-17 14:32:01 - [TEST_STEP][PASSED] - setText: Text '822477' is set on object 'Object Repository/Page_mysdworx - Log in/input_Password'

2018-08-17 14:32:01 - [MESSAGE][PASSED] - Text '822477' is set on object 'Object Repository/Page_mysdworx - Log in/input_Password'

2018-08-17 14:32:01 - [TEST_STEP][PASSED] - click: Object: 'Object Repository/Page_mysdworx - Log in/button_Se connecter' is clicked on

2018-08-17 14:32:01 - [MESSAGE][PASSED] - Object: 'Object Repository/Page_mysdworx - Log in/button_Se connecter' is clicked on

2018-08-17 14:32:01 - [TEST_STEP][PASSED] - waitForPageLoad: Wait for page load successfully

2018-08-17 14:32:01 - [MESSAGE][PASSED] - Wait for page load successfully

2018-08-17 14:32:01 - [TEST_STEP][NOT_RUN] - closeBrowser: NOT_RUN: closeBrowser

2018-08-17 14:32:01 - [MESSAGE][NOT_RUN] - NOT_RUN: closeBrowser

2018-08-17 14:32:01 - [MESSAGE][PASSED] - Call Test Case 'Test Cases/Login/TC1 Login to Mysdworx' successfully

2018-08-17 14:32:01 - [TEST_STEP][PASSED] - waitForPageLoad: Wait for page load successfully

2018-08-17 14:32:01 - [MESSAGE][PASSED] - Wait for page load successfully

2018-08-17 14:32:01 - [TEST_STEP][PASSED] - callTestCase: Call Test Case 'Test Cases/Select Language/TC1 Verify NL language' successfully

2018-08-17 14:32:01 - [TEST_CASE][PASSED] - Test Cases/Select Language/TC1 Verify NL language: Test Cases/Select Language/TC1 Verify NL language

2018-08-17 14:32:01 - [TEST_STEP][PASSED] - waitForElementClickable: Object 'Object Repository/Change language link Obj/NL_language' is clickable

2018-08-17 14:32:26 - [MESSAGE][PASSED] - Object 'Object Repository/Change language link Obj/NL_language' is clickable

2018-08-17 14:32:26 - [TEST_STEP][PASSED] - click: Object: 'Object Repository/Change language link Obj/NL_language' is clicked on

2018-08-17 14:32:35 - [MESSAGE][PASSED] - Object: 'Object Repository/Change language link Obj/NL_language' is clicked on

2018-08-17 14:32:35 - [TEST_STEP][PASSED] - waitForPageLoad: Wait for page load successfully

2018-08-17 14:32:35 - [MESSAGE][PASSED] - Wait for page load successfully

2018-08-17 14:32:35 - [MESSAGE][PASSED] - Call Test Case 'Test Cases/Select Language/TC1 Verify NL language' successfully

2018-08-17 14:32:35 - [TEST_STEP][PASSED] - waitForPageLoad: Wait for page load successfully

2018-08-17 14:32:35 - [MESSAGE][PASSED] - Wait for page load successfully

2018-08-17 14:32:35 - [TEST_STEP][PASSED] - callTestCase: Call Test Case 'Test Cases/Mes rapports/Verify Nouveau rapport button' successfully

2018-08-17 14:32:35 - [TEST_CASE][PASSED] - Test Cases/Mes rapports/Verify Nouveau rapport button: Test Cases/Mes rapports/Verify Nouveau rapport button

2018-08-17 14:32:35 - [TEST_STEP][PASSED] - click: Object: 'Object Repository/Mes rapports Obj/button_Nouveau rapport' is clicked on

2018-08-17 14:32:39 - [MESSAGE][PASSED] - Object: 'Object Repository/Mes rapports Obj/button_Nouveau rapport' is clicked on

2018-08-17 14:32:39 - [TEST_STEP][PASSED] - waitForPageLoad: Wait for page load successfully

2018-08-17 14:32:39 - [MESSAGE][PASSED] - Wait for page load successfully

2018-08-17 14:32:39 - [MESSAGE][PASSED] - Call Test Case 'Test Cases/Mes rapports/Verify Nouveau rapport button' successfully

2018-08-17 14:32:39 - [TEST_STEP][PASSED] - waitForPageLoad: Wait for page load successfully

2018-08-17 14:32:39 - [MESSAGE][PASSED] - Wait for page load successfully

2018-08-17 14:32:39 - [TEST_STEP][PASSED] - callTestCase: Call Test Case 'Test Cases/Mes rapports/Mes rapports - BASE DE RAPPORT/TC1  Verify radio button creer un tout nouveau rapport' successfully

2018-08-17 14:32:39 - [TEST_CASE][PASSED] - Test Cases/Mes rapports/Mes rapports - BASE DE RAPPORT/TC1  Verify radio button creer un tout nouveau rapport: Test Cases/Mes rapports/Mes rapports - BASE DE RAPPORT/TC1  Verify radio button creer un tout nouveau rapport

2018-08-17 14:32:39 - [TEST_STEP][PASSED] - Statement - radioButton = com.kms.katalon.core.webui.keyword.WebUiBuiltInKeywords.modifyObjectProperty(com.kms.katalon.core.testobject.ObjectRepository.findTestObject(Mes rapports Obj/BASE DE RAPPORT/radioButton_Creer un tout nouveau rapport), "name", "equals", "typeRapport", true): Modify property of object successfully

2018-08-17 14:32:39 - [MESSAGE][PASSED] - Modify property of object successfully

2018-08-17 14:32:39 - [TEST_STEP][PASSED] - click: Object: 'Object Repository/Mes rapports Obj/BASE DE RAPPORT/radioButton_Creer un tout nouveau rapport' is clicked on

2018-08-17 14:32:40 - [MESSAGE][PASSED] - Object: 'Object Repository/Mes rapports Obj/BASE DE RAPPORT/radioButton_Creer un tout nouveau rapport' is clicked on

2018-08-17 14:32:40 - [MESSAGE][PASSED] - Call Test Case 'Test Cases/Mes rapports/Mes rapports - BASE DE RAPPORT/TC1  Verify radio button creer un tout nouveau rapport' successfully

2018-08-17 14:32:40 - [TEST_STEP][PASSED] - callTestCase: Call Test Case 'Test Cases/Verify URL/TC Verify Url' successfully

2018-08-17 14:32:40 - [TEST_CASE][PASSED] - Test Cases/Verify URL/TC Verify Url: Test Cases/Verify URL/TC Verify Url

2018-08-17 14:32:40 - [TEST_STEP][PASSED] - waitForPageLoad: Wait for page load successfully

2018-08-17 14:32:40 - [MESSAGE][PASSED] - Wait for page load successfully

2018-08-17 14:32:40 - [TEST_STEP][PASSED] - Statement - url = com.kms.katalon.core.webui.keyword.WebUiBuiltInKeywords.getUrl(): Current window's url is: 'https://internet.acc.sd.dika.be/ebloxreporting/web.sensitive/main/FpyDF/iIz9g8MffKNXfNyb1H/NL/#/definitie/wizard/extern/start'

2018-08-17 14:32:40 - [MESSAGE][PASSED] - Current window's url is: 'https://internet.acc.sd.dika.be/ebloxreporting/web.sensitive/main/FpyDF/iIz9g8MffKNXfNyb1H/NL/#/definitie/wizard/extern/start'

2018-08-17 14:32:40 - [TEST_STEP][PASSED] - Statement - p = java.util.regex.Pattern.compile("00040 ANTILOPE GROEP"): null

2018-08-17 14:32:40 - [TEST_STEP][PASSED] - Statement - m = p.matcher(url): null

2018-08-17 14:32:40 - [TEST_STEP][PASSED] - Statement - If (m.find()): null

2018-08-17 14:32:40 - [TEST_STEP][PASSED] - Statement - Else: The user name and the concern number are not present in the URL

2018-08-17 14:32:40 - [TEST_STEP][PASSED] - Statement - com.kms.katalon.core.util.KeywordUtil.markPassed("The user name and the concern number are not present in the URL"): The user name and the concern number are not present in the URL

2018-08-17 14:32:40 - [MESSAGE][PASSED] - The user name and the concern number are not present in the URL

2018-08-17 14:32:40 - [MESSAGE][PASSED] - Call Test Case 'Test Cases/Verify URL/TC Verify Url' successfully

2018-08-17 14:32:40 - [TEST_STEP][PASSED] - waitForPageLoad: Wait for page load successfully

2018-08-17 14:32:40 - [MESSAGE][PASSED] - Wait for page load successfully

2018-08-17 14:32:40 - [TEST_STEP][PASSED] - callTestCase: Call Test Case 'Test Cases/Mes rapports/TC Verify the next button arrow' successfully

2018-08-17 14:32:40 - [TEST_CASE][PASSED] - Test Cases/Mes rapports/TC Verify the next button arrow: Test Cases/Mes rapports/TC Verify the next button arrow

2018-08-17 14:32:40 - [TEST_STEP][PASSED] - waitForElementClickable: Object 'Object Repository/Mes rapports Obj/button_Next_Arrow' is clickable

2018-08-17 14:32:41 - [MESSAGE][PASSED] - Object 'Object Repository/Mes rapports Obj/button_Next_Arrow' is clickable

2018-08-17 14:32:41 - [TEST_STEP][PASSED] - click: Object: 'Object Repository/Mes rapports Obj/button_Next_Arrow' is clicked on

2018-08-17 14:32:41 - [MESSAGE][PASSED] - Object: 'Object Repository/Mes rapports Obj/button_Next_Arrow' is clicked on

2018-08-17 14:32:41 - [TEST_STEP][PASSED] - delay: Delayed 5 second(s)

2018-08-17 14:32:46 - [MESSAGE][PASSED] - Delayed 5 second(s)

2018-08-17 14:32:46 - [MESSAGE][PASSED] - Call Test Case 'Test Cases/Mes rapports/TC Verify the next button arrow' successfully

2018-08-17 14:32:46 - [TEST_STEP][PASSED] - waitForPageLoad: Wait for page load successfully

2018-08-17 14:32:46 - [MESSAGE][PASSED] - Wait for page load successfully

2018-08-17 14:32:46 - [TEST_STEP][PASSED] - callTestCase: Call Test Case 'Test Cases/Mes rapports/Mes rapports - CONTENU/TC Verify input field' successfully

2018-08-17 14:32:46 - [TEST_CASE][PASSED] - Test Cases/Mes rapports/Mes rapports - CONTENU/TC Verify input field: Test Cases/Mes rapports/Mes rapports - CONTENU/TC Verify input field

2018-08-17 14:32:46 - [TEST_STEP][PASSED] - Statement - excelData = com.kms.katalon.core.testdata.TestDataFactory.findTestData(Data Files/Data/testData): Reading excel file with source file 'C:\Users\seeboruts\OneDrive - SD Worx\Desktop\test_DAta.xlsx' and sheet name 'New'

2018-08-17 14:32:46 - [TEST_STEP][PASSED] - Statement - For ([i = 1, i <= 6, (i++)]): Object: 'Object Repository/Mes rapports Obj/CONTENU/click_Remove_text' is clicked on

2018-08-17 14:32:46 - [TEST_STEP][PASSED] - setText: Text 'Naam werknemer' is set on object 'Object Repository/Mes rapports Obj/CONTENU/input_Contenu_Selecteur'

2018-08-17 14:32:46 - [MESSAGE][PASSED] - Text 'Naam werknemer' is set on object 'Object Repository/Mes rapports Obj/CONTENU/input_Contenu_Selecteur'

2018-08-17 14:32:46 - [TEST_STEP][PASSED] - delay: Delayed 3 second(s)

2018-08-17 14:32:49 - [MESSAGE][PASSED] - Delayed 3 second(s)

2018-08-17 14:32:49 - [TEST_STEP][PASSED] - click: Object: 'Object Repository/Mes rapports Obj/CONTENU/Selecteur Obj NL/Naam werknemer' is clicked on

2018-08-17 14:32:49 - [MESSAGE][PASSED] - Object: 'Object Repository/Mes rapports Obj/CONTENU/Selecteur Obj NL/Naam werknemer' is clicked on

2018-08-17 14:32:49 - [TEST_STEP][PASSED] - delay: Delayed 3 second(s)

2018-08-17 14:32:52 - [MESSAGE][PASSED] - Delayed 3 second(s)

2018-08-17 14:32:52 - [TEST_STEP][PASSED] - click: Object: 'Object Repository/Mes rapports Obj/CONTENU/click_Remove_text' is clicked on

2018-08-17 14:32:53 - [MESSAGE][PASSED] - Object: 'Object Repository/Mes rapports Obj/CONTENU/click_Remove_text' is clicked on

2018-08-17 14:32:53 - [TEST_STEP][PASSED] - setText: Text 'Afdeling ' is set on object 'Object Repository/Mes rapports Obj/CONTENU/input_Contenu_Selecteur'

2018-08-17 14:32:53 - [MESSAGE][PASSED] - Text 'Afdeling ' is set on object 'Object Repository/Mes rapports Obj/CONTENU/input_Contenu_Selecteur'

2018-08-17 14:32:53 - [TEST_STEP][PASSED] - delay: Delayed 3 second(s)

2018-08-17 14:32:56 - [MESSAGE][PASSED] - Delayed 3 second(s)

2018-08-17 14:32:56 - [TEST_STEP][PASSED] - click: Object: 'Object Repository/Mes rapports Obj/CONTENU/Selecteur Obj NL/Afdeling' is clicked on

2018-08-17 14:32:56 - [MESSAGE][PASSED] - Object: 'Object Repository/Mes rapports Obj/CONTENU/Selecteur Obj NL/Afdeling' is clicked on

2018-08-17 14:32:56 - [TEST_STEP][PASSED] - delay: Delayed 3 second(s)

2018-08-17 14:32:59 - [MESSAGE][PASSED] - Delayed 3 second(s)

2018-08-17 14:32:59 - [TEST_STEP][PASSED] - click: Object: 'Object Repository/Mes rapports Obj/CONTENU/click_Remove_text' is clicked on

2018-08-17 14:32:59 - [MESSAGE][PASSED] - Object: 'Object Repository/Mes rapports Obj/CONTENU/click_Remove_text' is clicked on

2018-08-17 14:32:59 - [TEST_STEP][PASSED] - setText: Text 'Datum in dienst' is set on object 'Object Repository/Mes rapports Obj/CONTENU/input_Contenu_Selecteur'

2018-08-17 14:32:59 - [MESSAGE][PASSED] - Text 'Datum in dienst' is set on object 'Object Repository/Mes rapports Obj/CONTENU/input_Contenu_Selecteur'

2018-08-17 14:32:59 - [TEST_STEP][PASSED] - delay: Delayed 3 second(s)

2018-08-17 14:33:02 - [MESSAGE][PASSED] - Delayed 3 second(s)

2018-08-17 14:33:02 - [TEST_STEP][PASSED] - click: Object: 'Object Repository/Mes rapports Obj/CONTENU/Selecteur Obj NL/Datum in dienst' is clicked on

2018-08-17 14:33:02 - [MESSAGE][PASSED] - Object: 'Object Repository/Mes rapports Obj/CONTENU/Selecteur Obj NL/Datum in dienst' is clicked on

2018-08-17 14:33:02 - [TEST_STEP][PASSED] - delay: Delayed 3 second(s)

2018-08-17 14:33:05 - [MESSAGE][PASSED] - Delayed 3 second(s)

2018-08-17 14:33:05 - [TEST_STEP][PASSED] - click: Object: 'Object Repository/Mes rapports Obj/CONTENU/click_Remove_text' is clicked on

2018-08-17 14:33:06 - [MESSAGE][PASSED] - Object: 'Object Repository/Mes rapports Obj/CONTENU/click_Remove_text' is clicked on

2018-08-17 14:33:06 - [TEST_STEP][PASSED] - setText: Text '0010 - gewerkte dag' is set on object 'Object Repository/Mes rapports Obj/CONTENU/input_Contenu_Selecteur'

2018-08-17 14:33:06 - [MESSAGE][PASSED] - Text '0010 - gewerkte dag' is set on object 'Object Repository/Mes rapports Obj/CONTENU/input_Contenu_Selecteur'

2018-08-17 14:33:06 - [TEST_STEP][PASSED] - delay: Delayed 3 second(s)

2018-08-17 14:33:09 - [MESSAGE][PASSED] - Delayed 3 second(s)

2018-08-17 14:33:09 - [TEST_STEP][PASSED] - click: Object: 'Object Repository/Mes rapports Obj/CONTENU/Selecteur Obj NL/0010 - gewerkte dag' is clicked on

2018-08-17 14:33:09 - [MESSAGE][PASSED] - Object: 'Object Repository/Mes rapports Obj/CONTENU/Selecteur Obj NL/0010 - gewerkte dag' is clicked on

2018-08-17 14:33:09 - [TEST_STEP][PASSED] - delay: Delayed 3 second(s)

2018-08-17 14:33:12 - [MESSAGE][PASSED] - Delayed 3 second(s)

2018-08-17 14:33:12 - [TEST_STEP][PASSED] - click: Object: 'Object Repository/Mes rapports Obj/CONTENU/click_Remove_text' is clicked on

2018-08-17 14:33:12 - [MESSAGE][PASSED] - Object: 'Object Repository/Mes rapports Obj/CONTENU/click_Remove_text' is clicked on

2018-08-17 14:33:12 - [TEST_STEP][PASSED] - setText: Text '1010 - prestaties' is set on object 'Object Repository/Mes rapports Obj/CONTENU/input_Contenu_Selecteur'

2018-08-17 14:33:12 - [MESSAGE][PASSED] - Text '1010 - prestaties' is set on object 'Object Repository/Mes rapports Obj/CONTENU/input_Contenu_Selecteur'

2018-08-17 14:33:12 - [TEST_STEP][PASSED] - delay: Delayed 3 second(s)

2018-08-17 14:33:15 - [MESSAGE][PASSED] - Delayed 3 second(s)

2018-08-17 14:33:15 - [TEST_STEP][PASSED] - click: Object: 'Object Repository/Mes rapports Obj/CONTENU/Selecteur Obj NL/1010 - prestaties' is clicked on

2018-08-17 14:33:15 - [MESSAGE][PASSED] - Object: 'Object Repository/Mes rapports Obj/CONTENU/Selecteur Obj NL/1010 - prestaties' is clicked on

2018-08-17 14:33:15 - [TEST_STEP][PASSED] - delay: Delayed 3 second(s)

2018-08-17 14:33:18 - [MESSAGE][PASSED] - Delayed 3 second(s)

2018-08-17 14:33:18 - [TEST_STEP][PASSED] - click: Object: 'Object Repository/Mes rapports Obj/CONTENU/click_Remove_text' is clicked on

2018-08-17 14:33:19 - [MESSAGE][PASSED] - Object: 'Object Repository/Mes rapports Obj/CONTENU/click_Remove_text' is clicked on

2018-08-17 14:33:19 - [TEST_STEP][PASSED] - setText: Text '7010 - aantal gewerkte uren' is set on object 'Object Repository/Mes rapports Obj/CONTENU/input_Contenu_Selecteur'

2018-08-17 14:33:19 - [MESSAGE][PASSED] - Text '7010 - aantal gewerkte uren' is set on object 'Object Repository/Mes rapports Obj/CONTENU/input_Contenu_Selecteur'

2018-08-17 14:33:19 - [TEST_STEP][PASSED] - delay: Delayed 3 second(s)

2018-08-17 14:33:22 - [MESSAGE][PASSED] - Delayed 3 second(s)

2018-08-17 14:33:22 - [TEST_STEP][PASSED] - click: Object: 'Object Repository/Mes rapports Obj/CONTENU/Selecteur Obj NL/7010 - aantal gewerkte uren' is clicked on

2018-08-17 14:33:22 - [MESSAGE][PASSED] - Object: 'Object Repository/Mes rapports Obj/CONTENU/Selecteur Obj NL/7010 - aantal gewerkte uren' is clicked on

2018-08-17 14:33:22 - [TEST_STEP][PASSED] - delay: Delayed 3 second(s)

2018-08-17 14:33:25 - [MESSAGE][PASSED] - Delayed 3 second(s)

2018-08-17 14:33:25 - [TEST_STEP][PASSED] - click: Object: 'Object Repository/Mes rapports Obj/CONTENU/click_Remove_text' is clicked on

2018-08-17 14:33:25 - [MESSAGE][PASSED] - Object: 'Object Repository/Mes rapports Obj/CONTENU/click_Remove_text' is clicked on

2018-08-17 14:33:25 - [MESSAGE][PASSED] - Call Test Case 'Test Cases/Mes rapports/Mes rapports - CONTENU/TC Verify input field' successfully

2018-08-17 14:33:25 - [TEST_STEP][PASSED] - callTestCase: Call Test Case 'Test Cases/Verify URL/TC Verify Url' successfully

2018-08-17 14:33:25 - [TEST_CASE][PASSED] - Test Cases/Verify URL/TC Verify Url: Test Cases/Verify URL/TC Verify Url

2018-08-17 14:33:25 - [TEST_STEP][PASSED] - waitForPageLoad: Wait for page load successfully

2018-08-17 14:33:25 - [MESSAGE][PASSED] - Wait for page load successfully

2018-08-17 14:33:25 - [TEST_STEP][PASSED] - Statement - url = com.kms.katalon.core.webui.keyword.WebUiBuiltInKeywords.getUrl(): Current window's url is: 'https://internet.acc.sd.dika.be/ebloxreporting/web.sensitive/main/FpyDF/iIz9g8MffKNXfNyb1H/NL/#/definitie/wizard/extern/index/28084/inhoud'

2018-08-17 14:33:25 - [MESSAGE][PASSED] - Current window's url is: 'https://internet.acc.sd.dika.be/ebloxreporting/web.sensitive/main/FpyDF/iIz9g8MffKNXfNyb1H/NL/#/definitie/wizard/extern/index/28084/inhoud'

2018-08-17 14:33:25 - [TEST_STEP][PASSED] - Statement - p = java.util.regex.Pattern.compile("00040 ANTILOPE GROEP"): null

2018-08-17 14:33:25 - [TEST_STEP][PASSED] - Statement - m = p.matcher(url): null

2018-08-17 14:33:25 - [TEST_STEP][PASSED] - Statement - If (m.find()): null

2018-08-17 14:33:25 - [TEST_STEP][PASSED] - Statement - Else: The user name and the concern number are not present in the URL

2018-08-17 14:33:25 - [TEST_STEP][PASSED] - Statement - com.kms.katalon.core.util.KeywordUtil.markPassed("The user name and the concern number are not present in the URL"): The user name and the concern number are not present in the URL

2018-08-17 14:33:25 - [MESSAGE][PASSED] - The user name and the concern number are not present in the URL

2018-08-17 14:33:25 - [MESSAGE][PASSED] - Call Test Case 'Test Cases/Verify URL/TC Verify Url' successfully

2018-08-17 14:33:25 - [TEST_STEP][PASSED] - callTestCase: Call Test Case 'Test Cases/Mes rapports/TC Verify the next button arrow' successfully

2018-08-17 14:33:25 - [TEST_CASE][PASSED] - Test Cases/Mes rapports/TC Verify the next button arrow: Test Cases/Mes rapports/TC Verify the next button arrow

2018-08-17 14:33:25 - [TEST_STEP][PASSED] - waitForElementClickable: Object 'Object Repository/Mes rapports Obj/button_Next_Arrow' is clickable

2018-08-17 14:33:25 - [MESSAGE][PASSED] - Object 'Object Repository/Mes rapports Obj/button_Next_Arrow' is clickable

2018-08-17 14:33:25 - [TEST_STEP][PASSED] - click: Object: 'Object Repository/Mes rapports Obj/button_Next_Arrow' is clicked on

2018-08-17 14:33:26 - [MESSAGE][PASSED] - Object: 'Object Repository/Mes rapports Obj/button_Next_Arrow' is clicked on

2018-08-17 14:33:26 - [TEST_STEP][PASSED] - delay: Delayed 5 second(s)

2018-08-17 14:33:31 - [MESSAGE][PASSED] - Delayed 5 second(s)

2018-08-17 14:33:31 - [MESSAGE][PASSED] - Call Test Case 'Test Cases/Mes rapports/TC Verify the next button arrow' successfully

2018-08-17 14:33:31 - [TEST_STEP][PASSED] - waitForPageLoad: Wait for page load successfully

2018-08-17 14:33:31 - [MESSAGE][PASSED] - Wait for page load successfully

2018-08-17 14:33:31 - [TEST_STEP][PASSED] - callTestCase: Call Test Case 'Test Cases/Mes rapports/Mes rapports - SELECTION/Verify if checkbox is checked/TC 2 VErify Dossier and Groupe checkBox  is checked' successfully

2018-08-17 14:33:31 - [TEST_CASE][PASSED] - Test Cases/Mes rapports/Mes rapports - SELECTION/Verify if checkbox is checked/TC 2 VErify Dossier and Groupe checkBox  is checked: Test Cases/Mes rapports/Mes rapports - SELECTION/Verify if checkbox is checked/TC 2 VErify Dossier and Groupe checkBox  is checked

2018-08-17 14:33:31 - [TEST_STEP][PASSED] - check: Object 'Object Repository/Mes rapports Obj/SELECTION/Dossier and Groupe checkbox' is checked

2018-08-17 14:33:31 - [MESSAGE][PASSED] - Object 'Object Repository/Mes rapports Obj/SELECTION/Dossier and Groupe checkbox' is checked

2018-08-17 14:33:31 - [MESSAGE][PASSED] - Call Test Case 'Test Cases/Mes rapports/Mes rapports - SELECTION/Verify if checkbox is checked/TC 2 VErify Dossier and Groupe checkBox  is checked' successfully

2018-08-17 14:33:31 - [TEST_STEP][PASSED] - click: Object: 'Object Repository/Mes rapports Obj/SELECTION/Dossier and Groupe/click on Dossier and groupe dropdown' is clicked on

2018-08-17 14:33:31 - [MESSAGE][PASSED] - Object: 'Object Repository/Mes rapports Obj/SELECTION/Dossier and Groupe/click on Dossier and groupe dropdown' is clicked on

2018-08-17 14:33:31 - [TEST_STEP][PASSED] - delay: Delayed 2 second(s)

2018-08-17 14:33:33 - [MESSAGE][PASSED] - Delayed 2 second(s)

2018-08-17 14:33:33 - [TEST_STEP][PASSED] - click: Object: 'Object Repository/Mes rapports Obj/SELECTION/Dossier and Groupe/figure dans' is clicked on

2018-08-17 14:33:33 - [MESSAGE][PASSED] - Object: 'Object Repository/Mes rapports Obj/SELECTION/Dossier and Groupe/figure dans' is clicked on

2018-08-17 14:33:33 - [TEST_STEP][PASSED] - callTestCase: Call Test Case 'Test Cases/Mes rapports/Mes rapports - SELECTION/Verify if checkbox is checked/TC 3 Verify Travailleur checkBox  is checked' successfully

2018-08-17 14:33:33 - [TEST_CASE][PASSED] - Test Cases/Mes rapports/Mes rapports - SELECTION/Verify if checkbox is checked/TC 3 Verify Travailleur checkBox  is checked: Test Cases/Mes rapports/Mes rapports - SELECTION/Verify if checkbox is checked/TC 3 Verify Travailleur checkBox  is checked

2018-08-17 14:33:34 - [TEST_STEP][PASSED] - check: Object 'Object Repository/Mes rapports Obj/SELECTION/Travailleur checkbox' is checked

2018-08-17 14:33:34 - [MESSAGE][PASSED] - Object 'Object Repository/Mes rapports Obj/SELECTION/Travailleur checkbox' is checked

2018-08-17 14:33:34 - [MESSAGE][PASSED] - Call Test Case 'Test Cases/Mes rapports/Mes rapports - SELECTION/Verify if checkbox is checked/TC 3 Verify Travailleur checkBox  is checked' successfully

2018-08-17 14:33:34 - [TEST_STEP][PASSED] - click: Object: 'Object Repository/Mes rapports Obj/SELECTION/Travailleur/Click on Travailleur dropdown' is clicked on

2018-08-17 14:33:34 - [MESSAGE][PASSED] - Object: 'Object Repository/Mes rapports Obj/SELECTION/Travailleur/Click on Travailleur dropdown' is clicked on

2018-08-17 14:33:34 - [TEST_STEP][PASSED] - delay: Delayed 2 second(s)

2018-08-17 14:33:36 - [MESSAGE][PASSED] - Delayed 2 second(s)

2018-08-17 14:33:36 - [TEST_STEP][PASSED] - click: Object: 'Object Repository/Mes rapports Obj/SELECTION/Travailleur/figure dans' is clicked on

2018-08-17 14:33:36 - [MESSAGE][PASSED] - Object: 'Object Repository/Mes rapports Obj/SELECTION/Travailleur/figure dans' is clicked on

2018-08-17 14:33:36 - [TEST_STEP][PASSED] - click: Object: 'Object Repository/Mes rapports Obj/SELECTION/Travailleur/Select option to choose travailleur' is clicked on

2018-08-17 14:33:36 - [MESSAGE][PASSED] - Object: 'Object Repository/Mes rapports Obj/SELECTION/Travailleur/Select option to choose travailleur' is clicked on

2018-08-17 14:33:36 - [TEST_STEP][PASSED] - click: Object: 'Object Repository/Mes rapports Obj/SELECTION/Travailleur/travail - list option' is clicked on

2018-08-17 14:33:36 - [MESSAGE][PASSED] - Object: 'Object Repository/Mes rapports Obj/SELECTION/Travailleur/travail - list option' is clicked on

2018-08-17 14:33:36 - [TEST_STEP][PASSED] - Statement - inputWorker = com.kms.katalon.core.webui.keyword.WebUiBuiltInKeywords.modifyObjectProperty(com.kms.katalon.core.testobject.ObjectRepository.findTestObject(Mes rapports Obj/SELECTION/Travailleur/Input field for travailleur), "id", "contains", "s2id_autogen", true): Modify property of object successfully

2018-08-17 14:33:36 - [MESSAGE][PASSED] - Modify property of object successfully

2018-08-17 14:33:36 - [TEST_STEP][PASSED] - click: Object: 'Object Repository/Mes rapports Obj/SELECTION/Travailleur/Input field for travailleur' is clicked on

2018-08-17 14:33:36 - [MESSAGE][PASSED] - Object: 'Object Repository/Mes rapports Obj/SELECTION/Travailleur/Input field for travailleur' is clicked on

2018-08-17 14:33:36 - [TEST_STEP][PASSED] - Statement - myTestObject = new com.kms.katalon.core.testobject.TestObject(Select_travailleur_by_name): null

2018-08-17 14:33:36 - [TEST_STEP][PASSED] - Statement - myTestObject.addProperty("xpath", EQUALS, "//div[@id='select2-drop']//ul[@class='select2-results']//li[@role='presentation']//div[contains(text(),'0000013 - SIHAPAN GNA PHOUANGPHANH - 1AF0273 - ANTILOPE KARTONNAGE')]"): null

2018-08-17 14:33:36 - [TEST_STEP][PASSED] - click: Object: 'Select_travailleur_by_name' is clicked on

2018-08-17 14:33:36 - [MESSAGE][PASSED] - Object: 'Select_travailleur_by_name' is clicked on

2018-08-17 14:33:36 - [TEST_STEP][FAILED] - click: Unable to click on object 'Object Repository/Mes rapports Obj/SELECTION/Travailleur/testEsc' (Root cause: org.openqa.selenium.WebDriverException: unknown error: Element <span class="badge">...</span> is not clickable at point (210, 25). Other element would receive the click: <div id="select2-drop-mask" class="select2-drop-mask" style=""></div>
  (Session info: chrome=68.0.3440.106)
  (Driver info: chromedriver=2.35.528161 (5b82f2d2aae0ca24b877009200ced9065a772e73),platform=Windows NT 10.0.16299 x86_64) (WARNING: The server did not provide any stacktrace information)
Command duration or timeout: 0 milliseconds
Build info: version: '3.7.1', revision: '8a0099a', time: '2017-11-06T21:07:36.161Z'
System info: host: '5CG7062KWD', ip: '10.136.82.127', os.name: 'Windows 10', os.arch: 'amd64', os.version: '10.0', java.version: '1.8.0_181'
Driver info: com.kms.katalon.selenium.driver.CChromeDriver
Capabilities {acceptInsecureCerts: false, acceptSslCerts: false, applicationCacheEnabled: false, browserConnectionEnabled: false, browserName: chrome, chrome: {chromedriverVersion: 2.35.528161 (5b82f2d2aae0ca..., userDataDir: C:\Users\SEEBOR~1\AppData\L...}, cssSelectorsEnabled: true, databaseEnabled: false, handlesAlerts: true, hasTouchScreen: false, javascriptEnabled: true, locationContextEnabled: true, mobileEmulationEnabled: false, nativeEvents: true, networkConnectionEnabled: false, pageLoadStrategy: normal, platform: XP, platformName: XP, rotatable: false, setWindowRect: true, takesHeapSnapshot: true, takesScreenshot: true, unexpectedAlertBehaviour: , unhandledPromptBehavior: , version: 68.0.3440.106, webStorageEnabled: true}
Session ID: bb715fb4b781ed9b59e22a736249ae60)

2018-08-17 14:33:37 - [MESSAGE][FAILED] - Unable to click on object 'Object Repository/Mes rapports Obj/SELECTION/Travailleur/testEsc' (Root cause: org.openqa.selenium.WebDriverException: unknown error: Element <span class="badge">...</span> is not clickable at point (210, 25). Other element would receive the click: <div id="select2-drop-mask" class="select2-drop-mask" style=""></div>
  (Session info: chrome=68.0.3440.106)
  (Driver info: chromedriver=2.35.528161 (5b82f2d2aae0ca24b877009200ced9065a772e73),platform=Windows NT 10.0.16299 x86_64) (WARNING: The server did not provide any stacktrace information)
Command duration or timeout: 0 milliseconds
Build info: version: '3.7.1', revision: '8a0099a', time: '2017-11-06T21:07:36.161Z'
System info: host: '5CG7062KWD', ip: '10.136.82.127', os.name: 'Windows 10', os.arch: 'amd64', os.version: '10.0', java.version: '1.8.0_181'
Driver info: com.kms.katalon.selenium.driver.CChromeDriver
Capabilities {acceptInsecureCerts: false, acceptSslCerts: false, applicationCacheEnabled: false, browserConnectionEnabled: false, browserName: chrome, chrome: {chromedriverVersion: 2.35.528161 (5b82f2d2aae0ca..., userDataDir: C:\Users\SEEBOR~1\AppData\L...}, cssSelectorsEnabled: true, databaseEnabled: false, handlesAlerts: true, hasTouchScreen: false, javascriptEnabled: true, locationContextEnabled: true, mobileEmulationEnabled: false, nativeEvents: true, networkConnectionEnabled: false, pageLoadStrategy: normal, platform: XP, platformName: XP, rotatable: false, setWindowRect: true, takesHeapSnapshot: true, takesScreenshot: true, unexpectedAlertBehaviour: , unhandledPromptBehavior: , version: 68.0.3440.106, webStorageEnabled: true}
Session ID: bb715fb4b781ed9b59e22a736249ae60)
[[ATTACHMENT|C:\\Users\\seeboruts\\OneDrive - SD Worx\\Desktop\\Katalon_eBlox_Reporting\\Reports\\testing\\New Test Suite\\20180817_141723\\1534502016887.png]]]]></system-out>
         <system-err><![CDATA[2018-08-17 14:31:22 - [TEST_CASE][FAILED] - Test Cases/New Folder/TC2 NEW: Test Cases/New Folder/TC2 NEW FAILED because (of) Unable to click on object 'Object Repository/Mes rapports Obj/SELECTION/Travailleur/testEsc' (Root cause: org.openqa.selenium.WebDriverException: unknown error: Element <span class="badge">...</span> is not clickable at point (210, 25). Other element would receive the click: <div id="select2-drop-mask" class="select2-drop-mask" style=""></div>
  (Session info: chrome=68.0.3440.106)
  (Driver info: chromedriver=2.35.528161 (5b82f2d2aae0ca24b877009200ced9065a772e73),platform=Windows NT 10.0.16299 x86_64) (WARNING: The server did not provide any stacktrace information)
Command duration or timeout: 0 milliseconds
Build info: version: '3.7.1', revision: '8a0099a', time: '2017-11-06T21:07:36.161Z'
System info: host: '5CG7062KWD', ip: '10.136.82.127', os.name: 'Windows 10', os.arch: 'amd64', os.version: '10.0', java.version: '1.8.0_181'
Driver info: com.kms.katalon.selenium.driver.CChromeDriver
Capabilities {acceptInsecureCerts: false, acceptSslCerts: false, applicationCacheEnabled: false, browserConnectionEnabled: false, browserName: chrome, chrome: {chromedriverVersion: 2.35.528161 (5b82f2d2aae0ca..., userDataDir: C:\Users\SEEBOR~1\AppData\L...}, cssSelectorsEnabled: true, databaseEnabled: false, handlesAlerts: true, hasTouchScreen: false, javascriptEnabled: true, locationContextEnabled: true, mobileEmulationEnabled: false, nativeEvents: true, networkConnectionEnabled: false, pageLoadStrategy: normal, platform: XP, platformName: XP, rotatable: false, setWindowRect: true, takesHeapSnapshot: true, takesScreenshot: true, unexpectedAlertBehaviour: , unhandledPromptBehavior: , version: 68.0.3440.106, webStorageEnabled: true}
Session ID: bb715fb4b781ed9b59e22a736249ae60)]]></system-err>
      </testcase>
      <testcase name="Test Cases/New Folder/TC3 VALIDATION" classname="Test Cases/New Folder/TC3 VALIDATION" status="FAILED">
         <failure type="FAILED" message="Unable to click on object 'Object Repository/Mes rapports Obj/EXECUTION/Annuler button' (Root cause: org.openqa.selenium.WebDriverException: unknown error: Element &lt;button ng-click=&quot;navvm.gaNaarLijstZonderFormBehaviour()&quot; class=&quot;btn btn-default navbar-btn &quot;>...&lt;/button> is not clickable at point (1543, 80). Other element would receive the click: &lt;div tabindex=&quot;-1&quot; class=&quot;modal fade  in&quot; ng-class=&quot;{in: animate}&quot; ng-style=&quot;{'z-index': 1050 + index*10, display: 'block'}&quot; ng-click=&quot;close($event)&quot; modal-window=&quot;&quot; index=&quot;0&quot; animate=&quot;animate&quot; style=&quot;z-index: 1050; display: block;&quot;>...&lt;/div>
  (Session info: chrome=68.0.3440.106)
  (Driver info: chromedriver=2.35.528161 (5b82f2d2aae0ca24b877009200ced9065a772e73),platform=Windows NT 10.0.16299 x86_64) (WARNING: The server did not provide any stacktrace information)
Command duration or timeout: 0 milliseconds
Build info: version: '3.7.1', revision: '8a0099a', time: '2017-11-06T21:07:36.161Z'
System info: host: '5CG7062KWD', ip: '10.136.82.127', os.name: 'Windows 10', os.arch: 'amd64', os.version: '10.0', java.version: '1.8.0_181'
Driver info: com.kms.katalon.selenium.driver.CChromeDriver
Capabilities {acceptInsecureCerts: false, acceptSslCerts: false, applicationCacheEnabled: false, browserConnectionEnabled: false, browserName: chrome, chrome: {chromedriverVersion: 2.35.528161 (5b82f2d2aae0ca..., userDataDir: C:\Users\SEEBOR~1\AppData\L...}, cssSelectorsEnabled: true, databaseEnabled: false, handlesAlerts: true, hasTouchScreen: false, javascriptEnabled: true, locationContextEnabled: true, mobileEmulationEnabled: false, nativeEvents: true, networkConnectionEnabled: false, pageLoadStrategy: normal, platform: XP, platformName: XP, rotatable: false, setWindowRect: true, takesHeapSnapshot: true, takesScreenshot: true, unexpectedAlertBehaviour: , unhandledPromptBehavior: , version: 68.0.3440.106, webStorageEnabled: true}
Session ID: 2a01fa93a002cfae96623d36d351e020)"/>
         <system-out><![CDATA[2018-08-17 14:33:37 - [TEST_CASE][FAILED] - Test Cases/New Folder/TC3 VALIDATION: Test Cases/New Folder/TC3 VALIDATION FAILED because (of) Unable to click on object 'Object Repository/Mes rapports Obj/EXECUTION/Annuler button' (Root cause: org.openqa.selenium.WebDriverException: unknown error: Element <button ng-click="navvm.gaNaarLijstZonderFormBehaviour()" class="btn btn-default navbar-btn ">...</button> is not clickable at point (1543, 80). Other element would receive the click: <div tabindex="-1" class="modal fade  in" ng-class="{in: animate}" ng-style="{'z-index': 1050 + index*10, display: 'block'}" ng-click="close($event)" modal-window="" index="0" animate="animate" style="z-index: 1050; display: block;">...</div>
  (Session info: chrome=68.0.3440.106)
  (Driver info: chromedriver=2.35.528161 (5b82f2d2aae0ca24b877009200ced9065a772e73),platform=Windows NT 10.0.16299 x86_64) (WARNING: The server did not provide any stacktrace information)
Command duration or timeout: 0 milliseconds
Build info: version: '3.7.1', revision: '8a0099a', time: '2017-11-06T21:07:36.161Z'
System info: host: '5CG7062KWD', ip: '10.136.82.127', os.name: 'Windows 10', os.arch: 'amd64', os.version: '10.0', java.version: '1.8.0_181'
Driver info: com.kms.katalon.selenium.driver.CChromeDriver
Capabilities {acceptInsecureCerts: false, acceptSslCerts: false, applicationCacheEnabled: false, browserConnectionEnabled: false, browserName: chrome, chrome: {chromedriverVersion: 2.35.528161 (5b82f2d2aae0ca..., userDataDir: C:\Users\SEEBOR~1\AppData\L...}, cssSelectorsEnabled: true, databaseEnabled: false, handlesAlerts: true, hasTouchScreen: false, javascriptEnabled: true, locationContextEnabled: true, mobileEmulationEnabled: false, nativeEvents: true, networkConnectionEnabled: false, pageLoadStrategy: normal, platform: XP, platformName: XP, rotatable: false, setWindowRect: true, takesHeapSnapshot: true, takesScreenshot: true, unexpectedAlertBehaviour: , unhandledPromptBehavior: , version: 68.0.3440.106, webStorageEnabled: true}
Session ID: 2a01fa93a002cfae96623d36d351e020)

2018-08-17 14:33:37 - [TEST_STEP][PASSED] - callTestCase: Call Test Case 'Test Cases/Login/TC1 Login to Mysdworx' successfully

2018-08-17 14:33:37 - [TEST_CASE][PASSED] - Test Cases/Login/TC1 Login to Mysdworx: Test Cases/Login/TC1 Login to Mysdworx

2018-08-17 14:33:37 - [TEST_STEP][PASSED] - openBrowser: Browser is opened with url: ''

2018-08-17 14:33:37 - [MESSAGE][WARNING] - A browser is already opened. Closing browser and opening a new one

2018-08-17 14:33:40 - [MESSAGE][PASSED] - Browser is opened with url: ''

2018-08-17 14:33:40 - [TEST_STEP][PASSED] - navigateToUrl: Navigate to 'https://internet.acc.sd.dika.be/ebloxreporting/web.sensitive/main/?lang=fr' successfully

2018-08-17 14:33:45 - [MESSAGE][PASSED] - Navigate to 'https://internet.acc.sd.dika.be/ebloxreporting/web.sensitive/main/?lang=fr' successfully

2018-08-17 14:33:45 - [TEST_STEP][PASSED] - maximizeWindow: Current window maximized

2018-08-17 14:33:46 - [MESSAGE][PASSED] - Current window maximized

2018-08-17 14:33:46 - [TEST_STEP][PASSED] - setText: Text 'DP_EBLOX_RPP_VASCO' is set on object 'Object Repository/Page_mysdworx - Log in/input_Username'

2018-08-17 14:33:53 - [MESSAGE][PASSED] - Text 'DP_EBLOX_RPP_VASCO' is set on object 'Object Repository/Page_mysdworx - Log in/input_Username'

2018-08-17 14:33:53 - [TEST_STEP][PASSED] - Statement - frame = new javax.swing.JFrame(User Input Frame): null

2018-08-17 14:33:53 - [TEST_STEP][PASSED] - Statement - frame.requestFocus(): null

2018-08-17 14:33:53 - [TEST_STEP][PASSED] - Statement - pass = javax.swing.JOptionPane.showInputDialog(frame, "Enter the password from token!!"): null

2018-08-17 14:33:55 - [TEST_STEP][PASSED] - delay: Delayed 5 second(s)

2018-08-17 14:34:00 - [MESSAGE][PASSED] - Delayed 5 second(s)

2018-08-17 14:34:00 - [TEST_STEP][PASSED] - setText: Text '233248' is set on object 'Object Repository/Page_mysdworx - Log in/input_Password'

2018-08-17 14:34:00 - [MESSAGE][PASSED] - Text '233248' is set on object 'Object Repository/Page_mysdworx - Log in/input_Password'

2018-08-17 14:34:00 - [TEST_STEP][PASSED] - click: Object: 'Object Repository/Page_mysdworx - Log in/button_Se connecter' is clicked on

2018-08-17 14:34:00 - [MESSAGE][PASSED] - Object: 'Object Repository/Page_mysdworx - Log in/button_Se connecter' is clicked on

2018-08-17 14:34:00 - [TEST_STEP][PASSED] - waitForPageLoad: Wait for page load successfully

2018-08-17 14:34:00 - [MESSAGE][PASSED] - Wait for page load successfully

2018-08-17 14:34:00 - [TEST_STEP][NOT_RUN] - closeBrowser: NOT_RUN: closeBrowser

2018-08-17 14:34:00 - [MESSAGE][NOT_RUN] - NOT_RUN: closeBrowser

2018-08-17 14:34:00 - [MESSAGE][PASSED] - Call Test Case 'Test Cases/Login/TC1 Login to Mysdworx' successfully

2018-08-17 14:34:00 - [TEST_STEP][PASSED] - waitForPageLoad: Wait for page load successfully

2018-08-17 14:34:00 - [MESSAGE][PASSED] - Wait for page load successfully

2018-08-17 14:34:00 - [TEST_STEP][PASSED] - callTestCase: Call Test Case 'Test Cases/Select Language/TC1 Verify NL language' successfully

2018-08-17 14:34:01 - [TEST_CASE][PASSED] - Test Cases/Select Language/TC1 Verify NL language: Test Cases/Select Language/TC1 Verify NL language

2018-08-17 14:34:01 - [TEST_STEP][PASSED] - waitForElementClickable: Object 'Object Repository/Change language link Obj/NL_language' is clickable

2018-08-17 14:34:26 - [MESSAGE][PASSED] - Object 'Object Repository/Change language link Obj/NL_language' is clickable

2018-08-17 14:34:26 - [TEST_STEP][PASSED] - click: Object: 'Object Repository/Change language link Obj/NL_language' is clicked on

2018-08-17 14:34:35 - [MESSAGE][PASSED] - Object: 'Object Repository/Change language link Obj/NL_language' is clicked on

2018-08-17 14:34:35 - [TEST_STEP][PASSED] - waitForPageLoad: Wait for page load successfully

2018-08-17 14:34:35 - [MESSAGE][PASSED] - Wait for page load successfully

2018-08-17 14:34:35 - [MESSAGE][PASSED] - Call Test Case 'Test Cases/Select Language/TC1 Verify NL language' successfully

2018-08-17 14:34:35 - [TEST_STEP][PASSED] - callTestCase: Call Test Case 'Test Cases/Mes rapports/Verify Nouveau rapport button' successfully

2018-08-17 14:34:35 - [TEST_CASE][PASSED] - Test Cases/Mes rapports/Verify Nouveau rapport button: Test Cases/Mes rapports/Verify Nouveau rapport button

2018-08-17 14:34:35 - [TEST_STEP][PASSED] - click: Object: 'Object Repository/Mes rapports Obj/button_Nouveau rapport' is clicked on

2018-08-17 14:34:39 - [MESSAGE][PASSED] - Object: 'Object Repository/Mes rapports Obj/button_Nouveau rapport' is clicked on

2018-08-17 14:34:39 - [TEST_STEP][PASSED] - waitForPageLoad: Wait for page load successfully

2018-08-17 14:34:39 - [MESSAGE][PASSED] - Wait for page load successfully

2018-08-17 14:34:39 - [MESSAGE][PASSED] - Call Test Case 'Test Cases/Mes rapports/Verify Nouveau rapport button' successfully

2018-08-17 14:34:39 - [TEST_STEP][PASSED] - callTestCase: Call Test Case 'Test Cases/Mes rapports/Mes rapports - BASE DE RAPPORT/TC1  Verify radio button creer un tout nouveau rapport' successfully

2018-08-17 14:34:39 - [TEST_CASE][PASSED] - Test Cases/Mes rapports/Mes rapports - BASE DE RAPPORT/TC1  Verify radio button creer un tout nouveau rapport: Test Cases/Mes rapports/Mes rapports - BASE DE RAPPORT/TC1  Verify radio button creer un tout nouveau rapport

2018-08-17 14:34:39 - [TEST_STEP][PASSED] - Statement - radioButton = com.kms.katalon.core.webui.keyword.WebUiBuiltInKeywords.modifyObjectProperty(com.kms.katalon.core.testobject.ObjectRepository.findTestObject(Mes rapports Obj/BASE DE RAPPORT/radioButton_Creer un tout nouveau rapport), "name", "equals", "typeRapport", true): Modify property of object successfully

2018-08-17 14:34:39 - [MESSAGE][PASSED] - Modify property of object successfully

2018-08-17 14:34:39 - [TEST_STEP][PASSED] - click: Object: 'Object Repository/Mes rapports Obj/BASE DE RAPPORT/radioButton_Creer un tout nouveau rapport' is clicked on

2018-08-17 14:34:40 - [MESSAGE][PASSED] - Object: 'Object Repository/Mes rapports Obj/BASE DE RAPPORT/radioButton_Creer un tout nouveau rapport' is clicked on

2018-08-17 14:34:40 - [MESSAGE][PASSED] - Call Test Case 'Test Cases/Mes rapports/Mes rapports - BASE DE RAPPORT/TC1  Verify radio button creer un tout nouveau rapport' successfully

2018-08-17 14:34:40 - [TEST_STEP][PASSED] - callTestCase: Call Test Case 'Test Cases/Mes rapports/TC Verify the next button arrow' successfully

2018-08-17 14:34:40 - [TEST_CASE][PASSED] - Test Cases/Mes rapports/TC Verify the next button arrow: Test Cases/Mes rapports/TC Verify the next button arrow

2018-08-17 14:34:40 - [TEST_STEP][PASSED] - waitForElementClickable: Object 'Object Repository/Mes rapports Obj/button_Next_Arrow' is clickable

2018-08-17 14:34:40 - [MESSAGE][PASSED] - Object 'Object Repository/Mes rapports Obj/button_Next_Arrow' is clickable

2018-08-17 14:34:40 - [TEST_STEP][PASSED] - click: Object: 'Object Repository/Mes rapports Obj/button_Next_Arrow' is clicked on

2018-08-17 14:34:40 - [MESSAGE][PASSED] - Object: 'Object Repository/Mes rapports Obj/button_Next_Arrow' is clicked on

2018-08-17 14:34:40 - [TEST_STEP][PASSED] - delay: Delayed 5 second(s)

2018-08-17 14:34:45 - [MESSAGE][PASSED] - Delayed 5 second(s)

2018-08-17 14:34:45 - [MESSAGE][PASSED] - Call Test Case 'Test Cases/Mes rapports/TC Verify the next button arrow' successfully

2018-08-17 14:34:45 - [TEST_STEP][PASSED] - waitForPageLoad: Wait for page load successfully

2018-08-17 14:34:45 - [MESSAGE][PASSED] - Wait for page load successfully

2018-08-17 14:34:45 - [TEST_STEP][PASSED] - callTestCase: Call Test Case 'Test Cases/Mes rapports/TC Verify the next button arrow' successfully

2018-08-17 14:34:45 - [TEST_CASE][PASSED] - Test Cases/Mes rapports/TC Verify the next button arrow: Test Cases/Mes rapports/TC Verify the next button arrow

2018-08-17 14:34:45 - [TEST_STEP][PASSED] - waitForElementClickable: Object 'Object Repository/Mes rapports Obj/button_Next_Arrow' is clickable

2018-08-17 14:34:45 - [MESSAGE][PASSED] - Object 'Object Repository/Mes rapports Obj/button_Next_Arrow' is clickable

2018-08-17 14:34:45 - [TEST_STEP][PASSED] - click: Object: 'Object Repository/Mes rapports Obj/button_Next_Arrow' is clicked on

2018-08-17 14:34:45 - [MESSAGE][PASSED] - Object: 'Object Repository/Mes rapports Obj/button_Next_Arrow' is clicked on

2018-08-17 14:34:45 - [TEST_STEP][PASSED] - delay: Delayed 5 second(s)

2018-08-17 14:34:50 - [MESSAGE][PASSED] - Delayed 5 second(s)

2018-08-17 14:34:50 - [MESSAGE][PASSED] - Call Test Case 'Test Cases/Mes rapports/TC Verify the next button arrow' successfully

2018-08-17 14:34:50 - [TEST_STEP][PASSED] - verifyTextPresent: Text 'Gelieve minstens één kolom toe te voegen.' is present on page  using regular expression

2018-08-17 14:34:51 - [MESSAGE][PASSED] - Text 'Gelieve minstens één kolom toe te voegen.' is present on page  using regular expression

2018-08-17 14:34:51 - [TEST_STEP][PASSED] - callTestCase: Call Test Case 'Test Cases/Mes rapports/Mes rapports - CONTENU/TC Verify input field - Copy' successfully

2018-08-17 14:34:51 - [TEST_CASE][PASSED] - Test Cases/Mes rapports/Mes rapports - CONTENU/TC Verify input field - Copy: Test Cases/Mes rapports/Mes rapports - CONTENU/TC Verify input field - Copy

2018-08-17 14:34:51 - [TEST_STEP][PASSED] - Statement - excelData = com.kms.katalon.core.testdata.TestDataFactory.findTestData(Data Files/Data/testData1): Reading excel file with source file 'C:\Users\seeboruts\OneDrive - SD Worx\Desktop\test_DAta.xlsx' and sheet name 'Validation'

2018-08-17 14:34:51 - [TEST_STEP][PASSED] - Statement - For ([i = 1, i <= 2, (i++)]): Object: 'Object Repository/Mes rapports Obj/CONTENU/click_Remove_text' is clicked on

2018-08-17 14:34:51 - [TEST_STEP][PASSED] - setText: Text 'Naam werknemer' is set on object 'Object Repository/Mes rapports Obj/CONTENU/input_Contenu_Selecteur'

2018-08-17 14:34:51 - [MESSAGE][PASSED] - Text 'Naam werknemer' is set on object 'Object Repository/Mes rapports Obj/CONTENU/input_Contenu_Selecteur'

2018-08-17 14:34:51 - [TEST_STEP][PASSED] - delay: Delayed 3 second(s)

2018-08-17 14:34:54 - [MESSAGE][PASSED] - Delayed 3 second(s)

2018-08-17 14:34:54 - [TEST_STEP][PASSED] - click: Object: 'Object Repository/Mes rapports Obj/CONTENU/Selecteur Obj NL/Naam werknemer' is clicked on

2018-08-17 14:34:54 - [MESSAGE][PASSED] - Object: 'Object Repository/Mes rapports Obj/CONTENU/Selecteur Obj NL/Naam werknemer' is clicked on

2018-08-17 14:34:54 - [TEST_STEP][PASSED] - delay: Delayed 3 second(s)

2018-08-17 14:34:57 - [MESSAGE][PASSED] - Delayed 3 second(s)

2018-08-17 14:34:57 - [TEST_STEP][PASSED] - click: Object: 'Object Repository/Mes rapports Obj/CONTENU/click_Remove_text' is clicked on

2018-08-17 14:34:58 - [MESSAGE][PASSED] - Object: 'Object Repository/Mes rapports Obj/CONTENU/click_Remove_text' is clicked on

2018-08-17 14:34:58 - [TEST_STEP][PASSED] - setText: Text 'Brutoloon' is set on object 'Object Repository/Mes rapports Obj/CONTENU/input_Contenu_Selecteur'

2018-08-17 14:34:58 - [MESSAGE][PASSED] - Text 'Brutoloon' is set on object 'Object Repository/Mes rapports Obj/CONTENU/input_Contenu_Selecteur'

2018-08-17 14:34:58 - [TEST_STEP][PASSED] - delay: Delayed 3 second(s)

2018-08-17 14:35:01 - [MESSAGE][PASSED] - Delayed 3 second(s)

2018-08-17 14:35:01 - [TEST_STEP][PASSED] - click: Object: 'Object Repository/Mes rapports Obj/CONTENU/Selecteur Obj NL/Brutoloon' is clicked on

2018-08-17 14:35:01 - [MESSAGE][PASSED] - Object: 'Object Repository/Mes rapports Obj/CONTENU/Selecteur Obj NL/Brutoloon' is clicked on

2018-08-17 14:35:01 - [TEST_STEP][PASSED] - delay: Delayed 3 second(s)

2018-08-17 14:35:04 - [MESSAGE][PASSED] - Delayed 3 second(s)

2018-08-17 14:35:04 - [TEST_STEP][PASSED] - click: Object: 'Object Repository/Mes rapports Obj/CONTENU/click_Remove_text' is clicked on

2018-08-17 14:35:04 - [MESSAGE][PASSED] - Object: 'Object Repository/Mes rapports Obj/CONTENU/click_Remove_text' is clicked on

2018-08-17 14:35:04 - [MESSAGE][PASSED] - Call Test Case 'Test Cases/Mes rapports/Mes rapports - CONTENU/TC Verify input field - Copy' successfully

2018-08-17 14:35:04 - [TEST_STEP][PASSED] - callTestCase: Call Test Case 'Test Cases/Mes rapports/TC Verify the next button arrow' successfully

2018-08-17 14:35:04 - [TEST_CASE][PASSED] - Test Cases/Mes rapports/TC Verify the next button arrow: Test Cases/Mes rapports/TC Verify the next button arrow

2018-08-17 14:35:04 - [TEST_STEP][PASSED] - waitForElementClickable: Object 'Object Repository/Mes rapports Obj/button_Next_Arrow' is clickable

2018-08-17 14:35:04 - [MESSAGE][PASSED] - Object 'Object Repository/Mes rapports Obj/button_Next_Arrow' is clickable

2018-08-17 14:35:04 - [TEST_STEP][PASSED] - click: Object: 'Object Repository/Mes rapports Obj/button_Next_Arrow' is clicked on

2018-08-17 14:35:04 - [MESSAGE][PASSED] - Object: 'Object Repository/Mes rapports Obj/button_Next_Arrow' is clicked on

2018-08-17 14:35:04 - [TEST_STEP][PASSED] - delay: Delayed 5 second(s)

2018-08-17 14:35:09 - [MESSAGE][PASSED] - Delayed 5 second(s)

2018-08-17 14:35:09 - [MESSAGE][PASSED] - Call Test Case 'Test Cases/Mes rapports/TC Verify the next button arrow' successfully

2018-08-17 14:35:09 - [TEST_STEP][PASSED] - waitForPageLoad: Wait for page load successfully

2018-08-17 14:35:09 - [MESSAGE][PASSED] - Wait for page load successfully

2018-08-17 14:35:09 - [TEST_STEP][PASSED] - verifyElementPresent: Object 'Object Repository/Mes rapports Obj/SELECTION/Active Contrat/exclamation icon' is present

2018-08-17 14:35:09 - [MESSAGE][PASSED] - Object 'Object Repository/Mes rapports Obj/SELECTION/Active Contrat/exclamation icon' is present

2018-08-17 14:35:09 - [TEST_STEP][PASSED] - callTestCase: Call Test Case 'Test Cases/Mes rapports/Mes rapports - SELECTION/Verify if checkbox is unchecked/TC 10 Deselect all checkbox' successfully

2018-08-17 14:35:10 - [TEST_CASE][PASSED] - Test Cases/Mes rapports/Mes rapports - SELECTION/Verify if checkbox is unchecked/TC 10 Deselect all checkbox: Test Cases/Mes rapports/Mes rapports - SELECTION/Verify if checkbox is unchecked/TC 10 Deselect all checkbox

2018-08-17 14:35:10 - [TEST_STEP][PASSED] - callTestCase: Call Test Case 'Test Cases/Mes rapports/Mes rapports - SELECTION/Verify if checkbox is unchecked/TC 1 Verify Contrats actifs checkbox  is un-checked' successfully

2018-08-17 14:35:10 - [TEST_CASE][PASSED] - Test Cases/Mes rapports/Mes rapports - SELECTION/Verify if checkbox is unchecked/TC 1 Verify Contrats actifs checkbox  is un-checked: Test Cases/Mes rapports/Mes rapports - SELECTION/Verify if checkbox is unchecked/TC 1 Verify Contrats actifs checkbox  is un-checked

2018-08-17 14:35:10 - [TEST_STEP][PASSED] - uncheck: Object 'Object Repository/Mes rapports Obj/SELECTION/Contrats actifs checkBox' is un-checked

2018-08-17 14:35:28 - [MESSAGE][PASSED] - Object 'Object Repository/Mes rapports Obj/SELECTION/Contrats actifs checkBox' is un-checked

2018-08-17 14:35:28 - [MESSAGE][PASSED] - Call Test Case 'Test Cases/Mes rapports/Mes rapports - SELECTION/Verify if checkbox is unchecked/TC 1 Verify Contrats actifs checkbox  is un-checked' successfully

2018-08-17 14:35:28 - [TEST_STEP][PASSED] - callTestCase: Call Test Case 'Test Cases/Mes rapports/Mes rapports - SELECTION/Verify if checkbox is unchecked/TC 2 VErify Dossier and Groupe checkBox  is un-checked' successfully

2018-08-17 14:35:28 - [TEST_CASE][PASSED] - Test Cases/Mes rapports/Mes rapports - SELECTION/Verify if checkbox is unchecked/TC 2 VErify Dossier and Groupe checkBox  is un-checked: Test Cases/Mes rapports/Mes rapports - SELECTION/Verify if checkbox is unchecked/TC 2 VErify Dossier and Groupe checkBox  is un-checked

2018-08-17 14:35:28 - [TEST_STEP][PASSED] - uncheck: Object 'Object Repository/Mes rapports Obj/SELECTION/Dossier and Groupe checkbox' is un-checked

2018-08-17 14:35:28 - [MESSAGE][PASSED] - Object 'Object Repository/Mes rapports Obj/SELECTION/Dossier and Groupe checkbox' is un-checked

2018-08-17 14:35:28 - [MESSAGE][PASSED] - Call Test Case 'Test Cases/Mes rapports/Mes rapports - SELECTION/Verify if checkbox is unchecked/TC 2 VErify Dossier and Groupe checkBox  is un-checked' successfully

2018-08-17 14:35:28 - [TEST_STEP][PASSED] - callTestCase: Call Test Case 'Test Cases/Mes rapports/Mes rapports - SELECTION/Verify if checkbox is unchecked/TC 3 Verify Travailleur checkBox  is un-checked' successfully

2018-08-17 14:35:28 - [TEST_CASE][PASSED] - Test Cases/Mes rapports/Mes rapports - SELECTION/Verify if checkbox is unchecked/TC 3 Verify Travailleur checkBox  is un-checked: Test Cases/Mes rapports/Mes rapports - SELECTION/Verify if checkbox is unchecked/TC 3 Verify Travailleur checkBox  is un-checked

2018-08-17 14:35:28 - [TEST_STEP][PASSED] - uncheck: Object 'Object Repository/Mes rapports Obj/SELECTION/Travailleur checkbox' is un-checked

2018-08-17 14:35:28 - [MESSAGE][PASSED] - Object 'Object Repository/Mes rapports Obj/SELECTION/Travailleur checkbox' is un-checked

2018-08-17 14:35:28 - [MESSAGE][PASSED] - Call Test Case 'Test Cases/Mes rapports/Mes rapports - SELECTION/Verify if checkbox is unchecked/TC 3 Verify Travailleur checkBox  is un-checked' successfully

2018-08-17 14:35:28 - [TEST_STEP][PASSED] - callTestCase: Call Test Case 'Test Cases/Mes rapports/Mes rapports - SELECTION/Verify if checkbox is unchecked/TC 4 Verify Departement checkBox  is un-checked' successfully

2018-08-17 14:35:28 - [TEST_CASE][PASSED] - Test Cases/Mes rapports/Mes rapports - SELECTION/Verify if checkbox is unchecked/TC 4 Verify Departement checkBox  is un-checked: Test Cases/Mes rapports/Mes rapports - SELECTION/Verify if checkbox is unchecked/TC 4 Verify Departement checkBox  is un-checked

2018-08-17 14:35:28 - [TEST_STEP][PASSED] - uncheck: Object 'Object Repository/Mes rapports Obj/SELECTION/Departement checkbox' is un-checked

2018-08-17 14:35:28 - [MESSAGE][PASSED] - Object 'Object Repository/Mes rapports Obj/SELECTION/Departement checkbox' is un-checked

2018-08-17 14:35:28 - [MESSAGE][PASSED] - Call Test Case 'Test Cases/Mes rapports/Mes rapports - SELECTION/Verify if checkbox is unchecked/TC 4 Verify Departement checkBox  is un-checked' successfully

2018-08-17 14:35:28 - [TEST_STEP][PASSED] - callTestCase: Call Test Case 'Test Cases/Mes rapports/Mes rapports - SELECTION/Verify if checkbox is unchecked/TC 5 Verify Caractere juridique du contract checBox  is un-checked' successfully

2018-08-17 14:35:28 - [TEST_CASE][PASSED] - Test Cases/Mes rapports/Mes rapports - SELECTION/Verify if checkbox is unchecked/TC 5 Verify Caractere juridique du contract checBox  is un-checked: Test Cases/Mes rapports/Mes rapports - SELECTION/Verify if checkbox is unchecked/TC 5 Verify Caractere juridique du contract checBox  is un-checked

2018-08-17 14:35:28 - [TEST_STEP][PASSED] - uncheck: Object 'Object Repository/Mes rapports Obj/SELECTION/Caractere juridique de contrat' is un-checked

2018-08-17 14:35:28 - [MESSAGE][PASSED] - Object 'Object Repository/Mes rapports Obj/SELECTION/Caractere juridique de contrat' is un-checked

2018-08-17 14:35:28 - [MESSAGE][PASSED] - Call Test Case 'Test Cases/Mes rapports/Mes rapports - SELECTION/Verify if checkbox is unchecked/TC 5 Verify Caractere juridique du contract checBox  is un-checked' successfully

2018-08-17 14:35:28 - [TEST_STEP][PASSED] - callTestCase: Call Test Case 'Test Cases/Mes rapports/Mes rapports - SELECTION/Verify if checkbox is unchecked/TC 6 Verify Pays de naissance checkBox  is un-checked' successfully

2018-08-17 14:35:28 - [TEST_CASE][PASSED] - Test Cases/Mes rapports/Mes rapports - SELECTION/Verify if checkbox is unchecked/TC 6 Verify Pays de naissance checkBox  is un-checked: Test Cases/Mes rapports/Mes rapports - SELECTION/Verify if checkbox is unchecked/TC 6 Verify Pays de naissance checkBox  is un-checked

2018-08-17 14:35:28 - [TEST_STEP][PASSED] - uncheck: Object 'Object Repository/Mes rapports Obj/SELECTION/Pays de naisssance checkbox' is un-checked

2018-08-17 14:35:28 - [MESSAGE][PASSED] - Object 'Object Repository/Mes rapports Obj/SELECTION/Pays de naisssance checkbox' is un-checked

2018-08-17 14:35:28 - [MESSAGE][PASSED] - Call Test Case 'Test Cases/Mes rapports/Mes rapports - SELECTION/Verify if checkbox is unchecked/TC 6 Verify Pays de naissance checkBox  is un-checked' successfully

2018-08-17 14:35:28 - [TEST_STEP][PASSED] - callTestCase: Call Test Case 'Test Cases/Mes rapports/Mes rapports - SELECTION/Verify if checkbox is unchecked/TC 7 Verify Sexe checkBox  is un-checked' successfully

2018-08-17 14:35:29 - [TEST_CASE][PASSED] - Test Cases/Mes rapports/Mes rapports - SELECTION/Verify if checkbox is unchecked/TC 7 Verify Sexe checkBox  is un-checked: Test Cases/Mes rapports/Mes rapports - SELECTION/Verify if checkbox is unchecked/TC 7 Verify Sexe checkBox  is un-checked

2018-08-17 14:35:29 - [TEST_STEP][PASSED] - uncheck: Object 'Object Repository/Mes rapports Obj/SELECTION/Sexe checkbox' is un-checked

2018-08-17 14:35:29 - [MESSAGE][PASSED] - Object 'Object Repository/Mes rapports Obj/SELECTION/Sexe checkbox' is un-checked

2018-08-17 14:35:29 - [MESSAGE][PASSED] - Call Test Case 'Test Cases/Mes rapports/Mes rapports - SELECTION/Verify if checkbox is unchecked/TC 7 Verify Sexe checkBox  is un-checked' successfully

2018-08-17 14:35:29 - [TEST_STEP][PASSED] - callTestCase: Call Test Case 'Test Cases/Mes rapports/Mes rapports - SELECTION/Verify if checkbox is unchecked/TC 8 Verify Mode de remuneration checkBox  is un-checked' successfully

2018-08-17 14:35:29 - [TEST_CASE][PASSED] - Test Cases/Mes rapports/Mes rapports - SELECTION/Verify if checkbox is unchecked/TC 8 Verify Mode de remuneration checkBox  is un-checked: Test Cases/Mes rapports/Mes rapports - SELECTION/Verify if checkbox is unchecked/TC 8 Verify Mode de remuneration checkBox  is un-checked

2018-08-17 14:35:29 - [TEST_STEP][PASSED] - uncheck: Object 'Object Repository/Mes rapports Obj/SELECTION/Mode de remuneration checkbox' is un-checked

2018-08-17 14:35:29 - [MESSAGE][PASSED] - Object 'Object Repository/Mes rapports Obj/SELECTION/Mode de remuneration checkbox' is un-checked

2018-08-17 14:35:29 - [MESSAGE][PASSED] - Call Test Case 'Test Cases/Mes rapports/Mes rapports - SELECTION/Verify if checkbox is unchecked/TC 8 Verify Mode de remuneration checkBox  is un-checked' successfully

2018-08-17 14:35:29 - [TEST_STEP][PASSED] - callTestCase: Call Test Case 'Test Cases/Mes rapports/Mes rapports - SELECTION/Verify if checkbox is unchecked/TC 9 Verify Suspension checkBox  is un-checked' successfully

2018-08-17 14:35:29 - [TEST_CASE][PASSED] - Test Cases/Mes rapports/Mes rapports - SELECTION/Verify if checkbox is unchecked/TC 9 Verify Suspension checkBox  is un-checked: Test Cases/Mes rapports/Mes rapports - SELECTION/Verify if checkbox is unchecked/TC 9 Verify Suspension checkBox  is un-checked

2018-08-17 14:35:29 - [TEST_STEP][PASSED] - uncheck: Object 'Object Repository/Mes rapports Obj/SELECTION/Suspension checkbox' is un-checked

2018-08-17 14:35:29 - [MESSAGE][PASSED] - Object 'Object Repository/Mes rapports Obj/SELECTION/Suspension checkbox' is un-checked

2018-08-17 14:35:29 - [MESSAGE][PASSED] - Call Test Case 'Test Cases/Mes rapports/Mes rapports - SELECTION/Verify if checkbox is unchecked/TC 9 Verify Suspension checkBox  is un-checked' successfully

2018-08-17 14:35:29 - [MESSAGE][PASSED] - Call Test Case 'Test Cases/Mes rapports/Mes rapports - SELECTION/Verify if checkbox is unchecked/TC 10 Deselect all checkbox' successfully

2018-08-17 14:35:29 - [TEST_STEP][PASSED] - callTestCase: Call Test Case 'Test Cases/Mes rapports/TC Verify the next button arrow' successfully

2018-08-17 14:35:29 - [TEST_CASE][PASSED] - Test Cases/Mes rapports/TC Verify the next button arrow: Test Cases/Mes rapports/TC Verify the next button arrow

2018-08-17 14:35:29 - [TEST_STEP][PASSED] - waitForElementClickable: Object 'Object Repository/Mes rapports Obj/button_Next_Arrow' is clickable

2018-08-17 14:35:29 - [MESSAGE][PASSED] - Object 'Object Repository/Mes rapports Obj/button_Next_Arrow' is clickable

2018-08-17 14:35:29 - [TEST_STEP][PASSED] - click: Object: 'Object Repository/Mes rapports Obj/button_Next_Arrow' is clicked on

2018-08-17 14:35:29 - [MESSAGE][PASSED] - Object: 'Object Repository/Mes rapports Obj/button_Next_Arrow' is clicked on

2018-08-17 14:35:29 - [TEST_STEP][PASSED] - delay: Delayed 5 second(s)

2018-08-17 14:35:34 - [MESSAGE][PASSED] - Delayed 5 second(s)

2018-08-17 14:35:34 - [MESSAGE][PASSED] - Call Test Case 'Test Cases/Mes rapports/TC Verify the next button arrow' successfully

2018-08-17 14:35:34 - [TEST_STEP][PASSED] - waitForPageLoad: Wait for page load successfully

2018-08-17 14:35:34 - [MESSAGE][PASSED] - Wait for page load successfully

2018-08-17 14:35:34 - [TEST_STEP][PASSED] - click: Object: 'Object Repository/Mes rapports Obj/EXECUTION/Button executer' is clicked on

2018-08-17 14:35:34 - [MESSAGE][PASSED] - Object: 'Object Repository/Mes rapports Obj/EXECUTION/Button executer' is clicked on

2018-08-17 14:35:34 - [TEST_STEP][PASSED] - verifyElementPresent: Object 'Object Repository/Mes rapports Obj/SELECTION/Active Contrat/exclamation icon' is present

2018-08-17 14:35:34 - [MESSAGE][PASSED] - Object 'Object Repository/Mes rapports Obj/SELECTION/Active Contrat/exclamation icon' is present

2018-08-17 14:35:34 - [TEST_STEP][PASSED] - click: Object: 'Object Repository/Mes rapports Obj/EXECUTION/Annuler button' is clicked on

2018-08-17 14:35:34 - [MESSAGE][PASSED] - Object: 'Object Repository/Mes rapports Obj/EXECUTION/Annuler button' is clicked on

2018-08-17 14:35:34 - [TEST_STEP][PASSED] - click: Object: 'Object Repository/Page_mysdworx - Aanmelden/Terugkeren' is clicked on

2018-08-17 14:35:34 - [MESSAGE][PASSED] - Object: 'Object Repository/Page_mysdworx - Aanmelden/Terugkeren' is clicked on

2018-08-17 14:35:34 - [TEST_STEP][FAILED] - click: Unable to click on object 'Object Repository/Mes rapports Obj/EXECUTION/Annuler button' (Root cause: org.openqa.selenium.WebDriverException: unknown error: Element <button ng-click="navvm.gaNaarLijstZonderFormBehaviour()" class="btn btn-default navbar-btn ">...</button> is not clickable at point (1543, 80). Other element would receive the click: <div tabindex="-1" class="modal fade  in" ng-class="{in: animate}" ng-style="{'z-index': 1050 + index*10, display: 'block'}" ng-click="close($event)" modal-window="" index="0" animate="animate" style="z-index: 1050; display: block;">...</div>
  (Session info: chrome=68.0.3440.106)
  (Driver info: chromedriver=2.35.528161 (5b82f2d2aae0ca24b877009200ced9065a772e73),platform=Windows NT 10.0.16299 x86_64) (WARNING: The server did not provide any stacktrace information)
Command duration or timeout: 0 milliseconds
Build info: version: '3.7.1', revision: '8a0099a', time: '2017-11-06T21:07:36.161Z'
System info: host: '5CG7062KWD', ip: '10.136.82.127', os.name: 'Windows 10', os.arch: 'amd64', os.version: '10.0', java.version: '1.8.0_181'
Driver info: com.kms.katalon.selenium.driver.CChromeDriver
Capabilities {acceptInsecureCerts: false, acceptSslCerts: false, applicationCacheEnabled: false, browserConnectionEnabled: false, browserName: chrome, chrome: {chromedriverVersion: 2.35.528161 (5b82f2d2aae0ca..., userDataDir: C:\Users\SEEBOR~1\AppData\L...}, cssSelectorsEnabled: true, databaseEnabled: false, handlesAlerts: true, hasTouchScreen: false, javascriptEnabled: true, locationContextEnabled: true, mobileEmulationEnabled: false, nativeEvents: true, networkConnectionEnabled: false, pageLoadStrategy: normal, platform: XP, platformName: XP, rotatable: false, setWindowRect: true, takesHeapSnapshot: true, takesScreenshot: true, unexpectedAlertBehaviour: , unhandledPromptBehavior: , version: 68.0.3440.106, webStorageEnabled: true}
Session ID: 2a01fa93a002cfae96623d36d351e020)

2018-08-17 14:35:35 - [MESSAGE][FAILED] - Unable to click on object 'Object Repository/Mes rapports Obj/EXECUTION/Annuler button' (Root cause: org.openqa.selenium.WebDriverException: unknown error: Element <button ng-click="navvm.gaNaarLijstZonderFormBehaviour()" class="btn btn-default navbar-btn ">...</button> is not clickable at point (1543, 80). Other element would receive the click: <div tabindex="-1" class="modal fade  in" ng-class="{in: animate}" ng-style="{'z-index': 1050 + index*10, display: 'block'}" ng-click="close($event)" modal-window="" index="0" animate="animate" style="z-index: 1050; display: block;">...</div>
  (Session info: chrome=68.0.3440.106)
  (Driver info: chromedriver=2.35.528161 (5b82f2d2aae0ca24b877009200ced9065a772e73),platform=Windows NT 10.0.16299 x86_64) (WARNING: The server did not provide any stacktrace information)
Command duration or timeout: 0 milliseconds
Build info: version: '3.7.1', revision: '8a0099a', time: '2017-11-06T21:07:36.161Z'
System info: host: '5CG7062KWD', ip: '10.136.82.127', os.name: 'Windows 10', os.arch: 'amd64', os.version: '10.0', java.version: '1.8.0_181'
Driver info: com.kms.katalon.selenium.driver.CChromeDriver
Capabilities {acceptInsecureCerts: false, acceptSslCerts: false, applicationCacheEnabled: false, browserConnectionEnabled: false, browserName: chrome, chrome: {chromedriverVersion: 2.35.528161 (5b82f2d2aae0ca..., userDataDir: C:\Users\SEEBOR~1\AppData\L...}, cssSelectorsEnabled: true, databaseEnabled: false, handlesAlerts: true, hasTouchScreen: false, javascriptEnabled: true, locationContextEnabled: true, mobileEmulationEnabled: false, nativeEvents: true, networkConnectionEnabled: false, pageLoadStrategy: normal, platform: XP, platformName: XP, rotatable: false, setWindowRect: true, takesHeapSnapshot: true, takesScreenshot: true, unexpectedAlertBehaviour: , unhandledPromptBehavior: , version: 68.0.3440.106, webStorageEnabled: true}
Session ID: 2a01fa93a002cfae96623d36d351e020)
[[ATTACHMENT|C:\\Users\\seeboruts\\OneDrive - SD Worx\\Desktop\\Katalon_eBlox_Reporting\\Reports\\testing\\New Test Suite\\20180817_141723\\1534502134933.png]]]]></system-out>
         <system-err><![CDATA[2018-08-17 14:33:37 - [TEST_CASE][FAILED] - Test Cases/New Folder/TC3 VALIDATION: Test Cases/New Folder/TC3 VALIDATION FAILED because (of) Unable to click on object 'Object Repository/Mes rapports Obj/EXECUTION/Annuler button' (Root cause: org.openqa.selenium.WebDriverException: unknown error: Element <button ng-click="navvm.gaNaarLijstZonderFormBehaviour()" class="btn btn-default navbar-btn ">...</button> is not clickable at point (1543, 80). Other element would receive the click: <div tabindex="-1" class="modal fade  in" ng-class="{in: animate}" ng-style="{'z-index': 1050 + index*10, display: 'block'}" ng-click="close($event)" modal-window="" index="0" animate="animate" style="z-index: 1050; display: block;">...</div>
  (Session info: chrome=68.0.3440.106)
  (Driver info: chromedriver=2.35.528161 (5b82f2d2aae0ca24b877009200ced9065a772e73),platform=Windows NT 10.0.16299 x86_64) (WARNING: The server did not provide any stacktrace information)
Command duration or timeout: 0 milliseconds
Build info: version: '3.7.1', revision: '8a0099a', time: '2017-11-06T21:07:36.161Z'
System info: host: '5CG7062KWD', ip: '10.136.82.127', os.name: 'Windows 10', os.arch: 'amd64', os.version: '10.0', java.version: '1.8.0_181'
Driver info: com.kms.katalon.selenium.driver.CChromeDriver
Capabilities {acceptInsecureCerts: false, acceptSslCerts: false, applicationCacheEnabled: false, browserConnectionEnabled: false, browserName: chrome, chrome: {chromedriverVersion: 2.35.528161 (5b82f2d2aae0ca..., userDataDir: C:\Users\SEEBOR~1\AppData\L...}, cssSelectorsEnabled: true, databaseEnabled: false, handlesAlerts: true, hasTouchScreen: false, javascriptEnabled: true, locationContextEnabled: true, mobileEmulationEnabled: false, nativeEvents: true, networkConnectionEnabled: false, pageLoadStrategy: normal, platform: XP, platformName: XP, rotatable: false, setWindowRect: true, takesHeapSnapshot: true, takesScreenshot: true, unexpectedAlertBehaviour: , unhandledPromptBehavior: , version: 68.0.3440.106, webStorageEnabled: true}
Session ID: 2a01fa93a002cfae96623d36d351e020)]]></system-err>
      </testcase>
      <testcase name="Test Cases/New Folder/TC4 BASED ON MY REPORTS" classname="Test Cases/New Folder/TC4 BASED ON MY REPORTS" status="PASSED">
         <system-out><![CDATA[2018-08-17 14:35:35 - [TEST_CASE][PASSED] - Test Cases/New Folder/TC4 BASED ON MY REPORTS: Test Cases/New Folder/TC4 BASED ON MY REPORTS

2018-08-17 14:35:35 - [TEST_STEP][PASSED] - callTestCase: Call Test Case 'Test Cases/Login/TC1 Login to Mysdworx' successfully

2018-08-17 14:35:35 - [TEST_CASE][PASSED] - Test Cases/Login/TC1 Login to Mysdworx: Test Cases/Login/TC1 Login to Mysdworx

2018-08-17 14:35:35 - [TEST_STEP][PASSED] - openBrowser: Browser is opened with url: ''

2018-08-17 14:35:35 - [MESSAGE][WARNING] - A browser is already opened. Closing browser and opening a new one

2018-08-17 14:35:38 - [MESSAGE][PASSED] - Browser is opened with url: ''

2018-08-17 14:35:38 - [TEST_STEP][PASSED] - navigateToUrl: Navigate to 'https://internet.acc.sd.dika.be/ebloxreporting/web.sensitive/main/?lang=fr' successfully

2018-08-17 14:35:43 - [MESSAGE][PASSED] - Navigate to 'https://internet.acc.sd.dika.be/ebloxreporting/web.sensitive/main/?lang=fr' successfully

2018-08-17 14:35:43 - [TEST_STEP][PASSED] - maximizeWindow: Current window maximized

2018-08-17 14:35:44 - [MESSAGE][PASSED] - Current window maximized

2018-08-17 14:35:44 - [TEST_STEP][PASSED] - setText: Text 'DP_EBLOX_RPP_VASCO' is set on object 'Object Repository/Page_mysdworx - Log in/input_Username'

2018-08-17 14:35:52 - [MESSAGE][PASSED] - Text 'DP_EBLOX_RPP_VASCO' is set on object 'Object Repository/Page_mysdworx - Log in/input_Username'

2018-08-17 14:35:52 - [TEST_STEP][PASSED] - Statement - frame = new javax.swing.JFrame(User Input Frame): null

2018-08-17 14:35:52 - [TEST_STEP][PASSED] - Statement - frame.requestFocus(): null

2018-08-17 14:35:52 - [TEST_STEP][PASSED] - Statement - pass = javax.swing.JOptionPane.showInputDialog(frame, "Enter the password from token!!"): null

2018-08-17 14:35:57 - [TEST_STEP][PASSED] - delay: Delayed 5 second(s)

2018-08-17 14:36:02 - [MESSAGE][PASSED] - Delayed 5 second(s)

2018-08-17 14:36:02 - [TEST_STEP][PASSED] - setText: Text '743090' is set on object 'Object Repository/Page_mysdworx - Log in/input_Password'

2018-08-17 14:36:02 - [MESSAGE][PASSED] - Text '743090' is set on object 'Object Repository/Page_mysdworx - Log in/input_Password'

2018-08-17 14:36:02 - [TEST_STEP][PASSED] - click: Object: 'Object Repository/Page_mysdworx - Log in/button_Se connecter' is clicked on

2018-08-17 14:36:02 - [MESSAGE][PASSED] - Object: 'Object Repository/Page_mysdworx - Log in/button_Se connecter' is clicked on

2018-08-17 14:36:02 - [TEST_STEP][PASSED] - waitForPageLoad: Wait for page load successfully

2018-08-17 14:36:02 - [MESSAGE][PASSED] - Wait for page load successfully

2018-08-17 14:36:02 - [TEST_STEP][NOT_RUN] - closeBrowser: NOT_RUN: closeBrowser

2018-08-17 14:36:02 - [MESSAGE][NOT_RUN] - NOT_RUN: closeBrowser

2018-08-17 14:36:02 - [MESSAGE][PASSED] - Call Test Case 'Test Cases/Login/TC1 Login to Mysdworx' successfully

2018-08-17 14:36:02 - [TEST_STEP][PASSED] - waitForPageLoad: Wait for page load successfully

2018-08-17 14:36:02 - [MESSAGE][PASSED] - Wait for page load successfully

2018-08-17 14:36:02 - [TEST_STEP][PASSED] - callTestCase: Call Test Case 'Test Cases/Select Language/TC1 Verify NL language' successfully

2018-08-17 14:36:02 - [TEST_CASE][PASSED] - Test Cases/Select Language/TC1 Verify NL language: Test Cases/Select Language/TC1 Verify NL language

2018-08-17 14:36:02 - [TEST_STEP][PASSED] - waitForElementClickable: Object 'Object Repository/Change language link Obj/NL_language' is clickable

2018-08-17 14:36:27 - [MESSAGE][PASSED] - Object 'Object Repository/Change language link Obj/NL_language' is clickable

2018-08-17 14:36:27 - [TEST_STEP][PASSED] - click: Object: 'Object Repository/Change language link Obj/NL_language' is clicked on

2018-08-17 14:36:36 - [MESSAGE][PASSED] - Object: 'Object Repository/Change language link Obj/NL_language' is clicked on

2018-08-17 14:36:36 - [TEST_STEP][PASSED] - waitForPageLoad: Wait for page load successfully

2018-08-17 14:36:36 - [MESSAGE][PASSED] - Wait for page load successfully

2018-08-17 14:36:36 - [MESSAGE][PASSED] - Call Test Case 'Test Cases/Select Language/TC1 Verify NL language' successfully

2018-08-17 14:36:36 - [TEST_STEP][PASSED] - waitForPageLoad: Wait for page load successfully

2018-08-17 14:36:36 - [MESSAGE][PASSED] - Wait for page load successfully

2018-08-17 14:36:36 - [TEST_STEP][PASSED] - callTestCase: Call Test Case 'Test Cases/Mes rapports/Verify Nouveau rapport button' successfully

2018-08-17 14:36:36 - [TEST_CASE][PASSED] - Test Cases/Mes rapports/Verify Nouveau rapport button: Test Cases/Mes rapports/Verify Nouveau rapport button

2018-08-17 14:36:36 - [TEST_STEP][PASSED] - click: Object: 'Object Repository/Mes rapports Obj/button_Nouveau rapport' is clicked on

2018-08-17 14:36:40 - [MESSAGE][PASSED] - Object: 'Object Repository/Mes rapports Obj/button_Nouveau rapport' is clicked on

2018-08-17 14:36:40 - [TEST_STEP][PASSED] - waitForPageLoad: Wait for page load successfully

2018-08-17 14:36:40 - [MESSAGE][PASSED] - Wait for page load successfully

2018-08-17 14:36:40 - [MESSAGE][PASSED] - Call Test Case 'Test Cases/Mes rapports/Verify Nouveau rapport button' successfully

2018-08-17 14:36:40 - [TEST_STEP][PASSED] - callTestCase: Call Test Case 'Test Cases/Mes rapports/Mes rapports - BASE DE RAPPORT/TC2  Verify radio button Baser sur un rapport issu de Mes rapports' successfully

2018-08-17 14:36:40 - [TEST_CASE][PASSED] - Test Cases/Mes rapports/Mes rapports - BASE DE RAPPORT/TC2  Verify radio button Baser sur un rapport issu de Mes rapports: Test Cases/Mes rapports/Mes rapports - BASE DE RAPPORT/TC2  Verify radio button Baser sur un rapport issu de Mes rapports

2018-08-17 14:36:40 - [TEST_STEP][PASSED] - click: Object: 'Object Repository/Mes rapports Obj/BASE DE RAPPORT/radioButton_Baser sur un rapport issu de Mes rapports' is clicked on

2018-08-17 14:36:41 - [MESSAGE][PASSED] - Object: 'Object Repository/Mes rapports Obj/BASE DE RAPPORT/radioButton_Baser sur un rapport issu de Mes rapports' is clicked on

2018-08-17 14:36:41 - [MESSAGE][PASSED] - Call Test Case 'Test Cases/Mes rapports/Mes rapports - BASE DE RAPPORT/TC2  Verify radio button Baser sur un rapport issu de Mes rapports' successfully

2018-08-17 14:36:41 - [TEST_STEP][PASSED] - click: Object: 'Object Repository/Mes rapports Obj/BASE DE RAPPORT/Baser sur un rapport issu de mes rapport dropdown' is clicked on

2018-08-17 14:36:42 - [MESSAGE][PASSED] - Object: 'Object Repository/Mes rapports Obj/BASE DE RAPPORT/Baser sur un rapport issu de mes rapport dropdown' is clicked on

2018-08-17 14:36:42 - [TEST_STEP][PASSED] - setText: Text 'TEST 2 MAU JAN 2018 (SANJIV)' is set on object 'Object Repository/Mes rapports Obj/BASE DE RAPPORT/Mes rapport input'

2018-08-17 14:36:42 - [MESSAGE][PASSED] - Text 'TEST 2 MAU JAN 2018 (SANJIV)' is set on object 'Object Repository/Mes rapports Obj/BASE DE RAPPORT/Mes rapport input'

2018-08-17 14:36:42 - [TEST_STEP][PASSED] - sendKeys: Keys 'ENTER + ' sent to object: 'Object Repository/Mes rapports Obj/BASE DE RAPPORT/Mes rapport input'

2018-08-17 14:36:42 - [MESSAGE][PASSED] - Keys 'ENTER + ' sent to object: 'Object Repository/Mes rapports Obj/BASE DE RAPPORT/Mes rapport input'

2018-08-17 14:36:42 - [TEST_STEP][PASSED] - callTestCase: Call Test Case 'Test Cases/Mes rapports/TC Verify the next button arrow' successfully

2018-08-17 14:36:42 - [TEST_CASE][PASSED] - Test Cases/Mes rapports/TC Verify the next button arrow: Test Cases/Mes rapports/TC Verify the next button arrow

2018-08-17 14:36:42 - [TEST_STEP][PASSED] - waitForElementClickable: Object 'Object Repository/Mes rapports Obj/button_Next_Arrow' is clickable

2018-08-17 14:36:42 - [MESSAGE][PASSED] - Object 'Object Repository/Mes rapports Obj/button_Next_Arrow' is clickable

2018-08-17 14:36:42 - [TEST_STEP][PASSED] - click: Object: 'Object Repository/Mes rapports Obj/button_Next_Arrow' is clicked on

2018-08-17 14:36:42 - [MESSAGE][PASSED] - Object: 'Object Repository/Mes rapports Obj/button_Next_Arrow' is clicked on

2018-08-17 14:36:42 - [TEST_STEP][PASSED] - delay: Delayed 5 second(s)

2018-08-17 14:36:47 - [MESSAGE][PASSED] - Delayed 5 second(s)

2018-08-17 14:36:47 - [MESSAGE][PASSED] - Call Test Case 'Test Cases/Mes rapports/TC Verify the next button arrow' successfully

2018-08-17 14:36:47 - [TEST_STEP][PASSED] - click: Object: 'Object Repository/Mes rapports Obj/CONTENU/Click on contenu' is clicked on

2018-08-17 14:36:48 - [MESSAGE][PASSED] - Object: 'Object Repository/Mes rapports Obj/CONTENU/Click on contenu' is clicked on

2018-08-17 14:36:48 - [TEST_STEP][PASSED] - click: Object: 'Object Repository/Mes rapports Obj/CONTENU/delete' is clicked on

2018-08-17 14:36:48 - [MESSAGE][PASSED] - Object: 'Object Repository/Mes rapports Obj/CONTENU/delete' is clicked on

2018-08-17 14:36:48 - [TEST_STEP][PASSED] - callTestCase: Call Test Case 'Test Cases/Verify URL/TC Verify Url' successfully

2018-08-17 14:36:48 - [TEST_CASE][PASSED] - Test Cases/Verify URL/TC Verify Url: Test Cases/Verify URL/TC Verify Url

2018-08-17 14:36:48 - [TEST_STEP][PASSED] - waitForPageLoad: Wait for page load successfully

2018-08-17 14:36:48 - [MESSAGE][PASSED] - Wait for page load successfully

2018-08-17 14:36:48 - [TEST_STEP][PASSED] - Statement - url = com.kms.katalon.core.webui.keyword.WebUiBuiltInKeywords.getUrl(): Current window's url is: 'https://internet.acc.sd.dika.be/ebloxreporting/web.sensitive/main/FpyDF/iIz9g8MffKNXfNyb1H/NL/#/definitie/wizard/extern/index/28086/inhoud/322645/1'

2018-08-17 14:36:48 - [MESSAGE][PASSED] - Current window's url is: 'https://internet.acc.sd.dika.be/ebloxreporting/web.sensitive/main/FpyDF/iIz9g8MffKNXfNyb1H/NL/#/definitie/wizard/extern/index/28086/inhoud/322645/1'

2018-08-17 14:36:48 - [TEST_STEP][PASSED] - Statement - p = java.util.regex.Pattern.compile("00040 ANTILOPE GROEP"): null

2018-08-17 14:36:48 - [TEST_STEP][PASSED] - Statement - m = p.matcher(url): null

2018-08-17 14:36:48 - [TEST_STEP][PASSED] - Statement - If (m.find()): null

2018-08-17 14:36:48 - [TEST_STEP][PASSED] - Statement - Else: The user name and the concern number are not present in the URL

2018-08-17 14:36:48 - [TEST_STEP][PASSED] - Statement - com.kms.katalon.core.util.KeywordUtil.markPassed("The user name and the concern number are not present in the URL"): The user name and the concern number are not present in the URL

2018-08-17 14:36:48 - [MESSAGE][PASSED] - The user name and the concern number are not present in the URL

2018-08-17 14:36:48 - [MESSAGE][PASSED] - Call Test Case 'Test Cases/Verify URL/TC Verify Url' successfully

2018-08-17 14:36:48 - [TEST_STEP][PASSED] - callTestCase: Call Test Case 'Test Cases/Mes rapports/TC Verify the next button arrow' successfully

2018-08-17 14:36:48 - [TEST_CASE][PASSED] - Test Cases/Mes rapports/TC Verify the next button arrow: Test Cases/Mes rapports/TC Verify the next button arrow

2018-08-17 14:36:48 - [TEST_STEP][PASSED] - waitForElementClickable: Object 'Object Repository/Mes rapports Obj/button_Next_Arrow' is clickable

2018-08-17 14:36:48 - [MESSAGE][PASSED] - Object 'Object Repository/Mes rapports Obj/button_Next_Arrow' is clickable

2018-08-17 14:36:48 - [TEST_STEP][PASSED] - click: Object: 'Object Repository/Mes rapports Obj/button_Next_Arrow' is clicked on

2018-08-17 14:36:48 - [MESSAGE][PASSED] - Object: 'Object Repository/Mes rapports Obj/button_Next_Arrow' is clicked on

2018-08-17 14:36:48 - [TEST_STEP][PASSED] - delay: Delayed 5 second(s)

2018-08-17 14:36:53 - [MESSAGE][PASSED] - Delayed 5 second(s)

2018-08-17 14:36:53 - [MESSAGE][PASSED] - Call Test Case 'Test Cases/Mes rapports/TC Verify the next button arrow' successfully

2018-08-17 14:36:53 - [TEST_STEP][PASSED] - waitForPageLoad: Wait for page load successfully

2018-08-17 14:36:53 - [MESSAGE][PASSED] - Wait for page load successfully

2018-08-17 14:36:53 - [TEST_STEP][PASSED] - callTestCase: Call Test Case 'Test Cases/Mes rapports/Mes rapports - SELECTION/Verify if checkbox is unchecked/TC 1 Verify Contrats actifs checkbox  is un-checked' successfully

2018-08-17 14:36:53 - [TEST_CASE][PASSED] - Test Cases/Mes rapports/Mes rapports - SELECTION/Verify if checkbox is unchecked/TC 1 Verify Contrats actifs checkbox  is un-checked: Test Cases/Mes rapports/Mes rapports - SELECTION/Verify if checkbox is unchecked/TC 1 Verify Contrats actifs checkbox  is un-checked

2018-08-17 14:36:53 - [TEST_STEP][PASSED] - uncheck: Object 'Object Repository/Mes rapports Obj/SELECTION/Contrats actifs checkBox' is un-checked

2018-08-17 14:36:53 - [MESSAGE][PASSED] - Object 'Object Repository/Mes rapports Obj/SELECTION/Contrats actifs checkBox' is un-checked

2018-08-17 14:36:53 - [MESSAGE][PASSED] - Call Test Case 'Test Cases/Mes rapports/Mes rapports - SELECTION/Verify if checkbox is unchecked/TC 1 Verify Contrats actifs checkbox  is un-checked' successfully

2018-08-17 14:36:53 - [TEST_STEP][PASSED] - callTestCase: Call Test Case 'Test Cases/Verify URL/TC Verify Url' successfully

2018-08-17 14:36:54 - [TEST_CASE][PASSED] - Test Cases/Verify URL/TC Verify Url: Test Cases/Verify URL/TC Verify Url

2018-08-17 14:36:54 - [TEST_STEP][PASSED] - waitForPageLoad: Wait for page load successfully

2018-08-17 14:36:54 - [MESSAGE][PASSED] - Wait for page load successfully

2018-08-17 14:36:54 - [TEST_STEP][PASSED] - Statement - url = com.kms.katalon.core.webui.keyword.WebUiBuiltInKeywords.getUrl(): Current window's url is: 'https://internet.acc.sd.dika.be/ebloxreporting/web.sensitive/main/FpyDF/iIz9g8MffKNXfNyb1H/NL/#/definitie/wizard/extern/index/28086/selectie'

2018-08-17 14:36:54 - [MESSAGE][PASSED] - Current window's url is: 'https://internet.acc.sd.dika.be/ebloxreporting/web.sensitive/main/FpyDF/iIz9g8MffKNXfNyb1H/NL/#/definitie/wizard/extern/index/28086/selectie'

2018-08-17 14:36:54 - [TEST_STEP][PASSED] - Statement - p = java.util.regex.Pattern.compile("00040 ANTILOPE GROEP"): null

2018-08-17 14:36:54 - [TEST_STEP][PASSED] - Statement - m = p.matcher(url): null

2018-08-17 14:36:54 - [TEST_STEP][PASSED] - Statement - If (m.find()): null

2018-08-17 14:36:54 - [TEST_STEP][PASSED] - Statement - Else: The user name and the concern number are not present in the URL

2018-08-17 14:36:54 - [TEST_STEP][PASSED] - Statement - com.kms.katalon.core.util.KeywordUtil.markPassed("The user name and the concern number are not present in the URL"): The user name and the concern number are not present in the URL

2018-08-17 14:36:54 - [MESSAGE][PASSED] - The user name and the concern number are not present in the URL

2018-08-17 14:36:54 - [MESSAGE][PASSED] - Call Test Case 'Test Cases/Verify URL/TC Verify Url' successfully

2018-08-17 14:36:54 - [TEST_STEP][PASSED] - callTestCase: Call Test Case 'Test Cases/Mes rapports/TC Verify the next button arrow' successfully

2018-08-17 14:36:54 - [TEST_CASE][PASSED] - Test Cases/Mes rapports/TC Verify the next button arrow: Test Cases/Mes rapports/TC Verify the next button arrow

2018-08-17 14:36:54 - [TEST_STEP][PASSED] - waitForElementClickable: Object 'Object Repository/Mes rapports Obj/button_Next_Arrow' is clickable

2018-08-17 14:36:54 - [MESSAGE][PASSED] - Object 'Object Repository/Mes rapports Obj/button_Next_Arrow' is clickable

2018-08-17 14:36:54 - [TEST_STEP][PASSED] - click: Object: 'Object Repository/Mes rapports Obj/button_Next_Arrow' is clicked on

2018-08-17 14:36:54 - [MESSAGE][PASSED] - Object: 'Object Repository/Mes rapports Obj/button_Next_Arrow' is clicked on

2018-08-17 14:36:54 - [TEST_STEP][PASSED] - delay: Delayed 5 second(s)

2018-08-17 14:36:59 - [MESSAGE][PASSED] - Delayed 5 second(s)

2018-08-17 14:36:59 - [MESSAGE][PASSED] - Call Test Case 'Test Cases/Mes rapports/TC Verify the next button arrow' successfully

2018-08-17 14:36:59 - [TEST_STEP][PASSED] - waitForPageLoad: Wait for page load successfully

2018-08-17 14:36:59 - [MESSAGE][PASSED] - Wait for page load successfully

2018-08-17 14:36:59 - [TEST_STEP][PASSED] - callTestCase: Call Test Case 'Test Cases/Verify URL/TC Verify Url' successfully

2018-08-17 14:36:59 - [TEST_CASE][PASSED] - Test Cases/Verify URL/TC Verify Url: Test Cases/Verify URL/TC Verify Url

2018-08-17 14:36:59 - [TEST_STEP][PASSED] - waitForPageLoad: Wait for page load successfully

2018-08-17 14:36:59 - [MESSAGE][PASSED] - Wait for page load successfully

2018-08-17 14:36:59 - [TEST_STEP][PASSED] - Statement - url = com.kms.katalon.core.webui.keyword.WebUiBuiltInKeywords.getUrl(): Current window's url is: 'https://internet.acc.sd.dika.be/ebloxreporting/web.sensitive/main/FpyDF/iIz9g8MffKNXfNyb1H/NL/#/definitie/wizard/extern/index/28086/uitvoering'

2018-08-17 14:36:59 - [MESSAGE][PASSED] - Current window's url is: 'https://internet.acc.sd.dika.be/ebloxreporting/web.sensitive/main/FpyDF/iIz9g8MffKNXfNyb1H/NL/#/definitie/wizard/extern/index/28086/uitvoering'

2018-08-17 14:36:59 - [TEST_STEP][PASSED] - Statement - p = java.util.regex.Pattern.compile("00040 ANTILOPE GROEP"): null

2018-08-17 14:36:59 - [TEST_STEP][PASSED] - Statement - m = p.matcher(url): null

2018-08-17 14:36:59 - [TEST_STEP][PASSED] - Statement - If (m.find()): null

2018-08-17 14:36:59 - [TEST_STEP][PASSED] - Statement - Else: The user name and the concern number are not present in the URL

2018-08-17 14:36:59 - [TEST_STEP][PASSED] - Statement - com.kms.katalon.core.util.KeywordUtil.markPassed("The user name and the concern number are not present in the URL"): The user name and the concern number are not present in the URL

2018-08-17 14:36:59 - [MESSAGE][PASSED] - The user name and the concern number are not present in the URL

2018-08-17 14:36:59 - [MESSAGE][PASSED] - Call Test Case 'Test Cases/Verify URL/TC Verify Url' successfully

2018-08-17 14:36:59 - [TEST_STEP][PASSED] - delay: Delayed 2 second(s)

2018-08-17 14:37:01 - [MESSAGE][PASSED] - Delayed 2 second(s)

2018-08-17 14:37:01 - [TEST_STEP][PASSED] - click: Object: 'Object Repository/Mes rapports Obj/EXECUTION/Description _Date de reference historique' is clicked on

2018-08-17 14:37:01 - [MESSAGE][PASSED] - Object: 'Object Repository/Mes rapports Obj/EXECUTION/Description _Date de reference historique' is clicked on

2018-08-17 14:37:01 - [TEST_STEP][PASSED] - delay: Delayed 2 second(s)

2018-08-17 14:37:03 - [MESSAGE][PASSED] - Delayed 2 second(s)

2018-08-17 14:37:03 - [TEST_STEP][PASSED] - click: Object: 'Object Repository/Mes rapports Obj/EXECUTION/Description_Date de reference historique - Dernier jour mois precedent' is clicked on

2018-08-17 14:37:03 - [MESSAGE][PASSED] - Object: 'Object Repository/Mes rapports Obj/EXECUTION/Description_Date de reference historique - Dernier jour mois precedent' is clicked on

2018-08-17 14:37:03 - [TEST_STEP][PASSED] - click: Object: 'Object Repository/Mes rapports Obj/EXECUTION/Exporter button' is clicked on

2018-08-17 14:37:03 - [MESSAGE][PASSED] - Object: 'Object Repository/Mes rapports Obj/EXECUTION/Exporter button' is clicked on

2018-08-17 14:37:03 - [TEST_STEP][PASSED] - waitForPageLoad: Wait for page load successfully

2018-08-17 14:37:03 - [MESSAGE][PASSED] - Wait for page load successfully

2018-08-17 14:37:03 - [TEST_STEP][PASSED] - closeBrowser: Browser is closed

2018-08-17 14:37:04 - [MESSAGE][PASSED] - Browser is closed]]></system-out>
         <system-err><![CDATA[]]></system-err>
      </testcase>
      <testcase name="Test Cases/New Folder/TC5 BASIC" classname="Test Cases/New Folder/TC5 BASIC" status="ERROR">
         <error type="ERROR" message="Test Cases/New Folder/TC5 BASIC FAILED because (of) Variable 'ConditionType' is not defined for test case."/>
         <system-out><![CDATA[2018-08-17 14:37:04 - [TEST_CASE][ERROR] - Test Cases/New Folder/TC5 BASIC: Test Cases/New Folder/TC5 BASIC FAILED because (of) Variable 'ConditionType' is not defined for test case.

2018-08-17 14:37:04 - [TEST_STEP][PASSED] - callTestCase: Call Test Case 'Test Cases/Login/TC1 Login to Mysdworx' successfully

2018-08-17 14:37:04 - [TEST_CASE][PASSED] - Test Cases/Login/TC1 Login to Mysdworx: Test Cases/Login/TC1 Login to Mysdworx

2018-08-17 14:37:04 - [TEST_STEP][PASSED] - openBrowser: Browser is opened with url: ''

2018-08-17 14:37:06 - [MESSAGE][PASSED] - Browser is opened with url: ''

2018-08-17 14:37:06 - [TEST_STEP][PASSED] - navigateToUrl: Navigate to 'https://internet.acc.sd.dika.be/ebloxreporting/web.sensitive/main/?lang=fr' successfully

2018-08-17 14:37:11 - [MESSAGE][PASSED] - Navigate to 'https://internet.acc.sd.dika.be/ebloxreporting/web.sensitive/main/?lang=fr' successfully

2018-08-17 14:37:11 - [TEST_STEP][PASSED] - maximizeWindow: Current window maximized

2018-08-17 14:37:12 - [MESSAGE][PASSED] - Current window maximized

2018-08-17 14:37:12 - [TEST_STEP][PASSED] - setText: Text 'DP_EBLOX_RPP_VASCO' is set on object 'Object Repository/Page_mysdworx - Log in/input_Username'

2018-08-17 14:37:19 - [MESSAGE][PASSED] - Text 'DP_EBLOX_RPP_VASCO' is set on object 'Object Repository/Page_mysdworx - Log in/input_Username'

2018-08-17 14:37:19 - [TEST_STEP][PASSED] - Statement - frame = new javax.swing.JFrame(User Input Frame): null

2018-08-17 14:37:19 - [TEST_STEP][PASSED] - Statement - frame.requestFocus(): null

2018-08-17 14:37:19 - [TEST_STEP][PASSED] - Statement - pass = javax.swing.JOptionPane.showInputDialog(frame, "Enter the password from token!!"): null

2018-08-17 14:37:21 - [TEST_STEP][PASSED] - delay: Delayed 5 second(s)

2018-08-17 14:37:26 - [MESSAGE][PASSED] - Delayed 5 second(s)

2018-08-17 14:37:26 - [TEST_STEP][PASSED] - setText: Text '362998' is set on object 'Object Repository/Page_mysdworx - Log in/input_Password'

2018-08-17 14:37:27 - [MESSAGE][PASSED] - Text '362998' is set on object 'Object Repository/Page_mysdworx - Log in/input_Password'

2018-08-17 14:37:27 - [TEST_STEP][PASSED] - click: Object: 'Object Repository/Page_mysdworx - Log in/button_Se connecter' is clicked on

2018-08-17 14:37:27 - [MESSAGE][PASSED] - Object: 'Object Repository/Page_mysdworx - Log in/button_Se connecter' is clicked on

2018-08-17 14:37:27 - [TEST_STEP][PASSED] - waitForPageLoad: Wait for page load successfully

2018-08-17 14:37:27 - [MESSAGE][PASSED] - Wait for page load successfully

2018-08-17 14:37:27 - [TEST_STEP][NOT_RUN] - closeBrowser: NOT_RUN: closeBrowser

2018-08-17 14:37:27 - [MESSAGE][NOT_RUN] - NOT_RUN: closeBrowser

2018-08-17 14:37:27 - [MESSAGE][PASSED] - Call Test Case 'Test Cases/Login/TC1 Login to Mysdworx' successfully

2018-08-17 14:37:27 - [TEST_STEP][PASSED] - waitForPageLoad: Wait for page load successfully

2018-08-17 14:37:27 - [MESSAGE][PASSED] - Wait for page load successfully

2018-08-17 14:37:27 - [TEST_STEP][PASSED] - callTestCase: Call Test Case 'Test Cases/Select Language/TC1 Verify NL language' successfully

2018-08-17 14:37:27 - [TEST_CASE][PASSED] - Test Cases/Select Language/TC1 Verify NL language: Test Cases/Select Language/TC1 Verify NL language

2018-08-17 14:37:27 - [TEST_STEP][PASSED] - waitForElementClickable: Object 'Object Repository/Change language link Obj/NL_language' is clickable

2018-08-17 14:37:52 - [MESSAGE][PASSED] - Object 'Object Repository/Change language link Obj/NL_language' is clickable

2018-08-17 14:37:52 - [TEST_STEP][PASSED] - click: Object: 'Object Repository/Change language link Obj/NL_language' is clicked on

2018-08-17 14:38:01 - [MESSAGE][PASSED] - Object: 'Object Repository/Change language link Obj/NL_language' is clicked on

2018-08-17 14:38:01 - [TEST_STEP][PASSED] - waitForPageLoad: Wait for page load successfully

2018-08-17 14:38:01 - [MESSAGE][PASSED] - Wait for page load successfully

2018-08-17 14:38:01 - [MESSAGE][PASSED] - Call Test Case 'Test Cases/Select Language/TC1 Verify NL language' successfully

2018-08-17 14:38:01 - [TEST_STEP][PASSED] - waitForPageLoad: Wait for page load successfully

2018-08-17 14:38:01 - [MESSAGE][PASSED] - Wait for page load successfully

2018-08-17 14:38:01 - [TEST_STEP][PASSED] - callTestCase: Call Test Case 'Test Cases/Mes rapports/Main Page/TC Verify Mes rapports tab' successfully

2018-08-17 14:38:01 - [TEST_CASE][PASSED] - Test Cases/Mes rapports/Main Page/TC Verify Mes rapports tab: Test Cases/Mes rapports/Main Page/TC Verify Mes rapports tab

2018-08-17 14:38:01 - [TEST_STEP][PASSED] - click: Object: 'Object Repository/Mes rapports Obj/Mes rapports_tab' is clicked on

2018-08-17 14:38:01 - [MESSAGE][PASSED] - Object: 'Object Repository/Mes rapports Obj/Mes rapports_tab' is clicked on

2018-08-17 14:38:01 - [MESSAGE][PASSED] - Call Test Case 'Test Cases/Mes rapports/Main Page/TC Verify Mes rapports tab' successfully

2018-08-17 14:38:01 - [TEST_STEP][PASSED] - setText: Text 'TEST 2 MAU JAN 2018 (sanjiv)' is set on object 'Object Repository/Mes rapports Obj/input search filter'

2018-08-17 14:38:05 - [MESSAGE][PASSED] - Text 'TEST 2 MAU JAN 2018 (sanjiv)' is set on object 'Object Repository/Mes rapports Obj/input search filter'

2018-08-17 14:38:05 - [TEST_STEP][PASSED] - click: Object: 'Object Repository/Page_eBlox Reporting/Search_Icon' is clicked on

2018-08-17 14:38:05 - [MESSAGE][PASSED] - Object: 'Object Repository/Page_eBlox Reporting/Search_Icon' is clicked on

2018-08-17 14:38:05 - [TEST_STEP][PASSED] - Statement - myTestObject = new com.kms.katalon.core.testobject.TestObject(Select_report): null

2018-08-17 14:38:05 - [TEST_STEP][PASSED] - Statement - myTestObject.addProperty("xpath", EQUALS, "//a[@class='hide-on-hover']//span[@text='test 2 mau jan 2018 (sanjiv)']"): null]]></system-out>
         <system-err><![CDATA[2018-08-17 14:37:04 - [TEST_CASE][ERROR] - Test Cases/New Folder/TC5 BASIC: Test Cases/New Folder/TC5 BASIC FAILED because (of) Variable 'ConditionType' is not defined for test case.]]></system-err>
      </testcase>
      <testcase name="Test Cases/New Folder/TC6 OPERATIONS" classname="Test Cases/New Folder/TC6 OPERATIONS" status="FAILED">
         <failure type="FAILED" message="Unable to click on object 'Object Repository/Page_eBlox Rapportering/Operation/Operation - Nouvelle condition' (Root cause: org.openqa.selenium.InvalidSelectorException: invalid selector: Unable to locate an element with the xpath expression  because of the following error:
SyntaxError: Failed to execute 'evaluate' on 'Document': The string '' is not a valid XPath expression.
  (Session info: chrome=68.0.3440.106)
  (Driver info: chromedriver=2.35.528161 (5b82f2d2aae0ca24b877009200ced9065a772e73),platform=Windows NT 10.0.16299 x86_64) (WARNING: The server did not provide any stacktrace information)
Command duration or timeout: 0 milliseconds
For documentation on this error, please visit: http://seleniumhq.org/exceptions/invalid_selector_exception.html
Build info: version: '3.7.1', revision: '8a0099a', time: '2017-11-06T21:07:36.161Z'
System info: host: '5CG7062KWD', ip: '10.136.82.127', os.name: 'Windows 10', os.arch: 'amd64', os.version: '10.0', java.version: '1.8.0_181'
Driver info: com.kms.katalon.selenium.driver.CChromeDriver
Capabilities {acceptInsecureCerts: false, acceptSslCerts: false, applicationCacheEnabled: false, browserConnectionEnabled: false, browserName: chrome, chrome: {chromedriverVersion: 2.35.528161 (5b82f2d2aae0ca..., userDataDir: C:\Users\SEEBOR~1\AppData\L...}, cssSelectorsEnabled: true, databaseEnabled: false, handlesAlerts: true, hasTouchScreen: false, javascriptEnabled: true, locationContextEnabled: true, mobileEmulationEnabled: false, nativeEvents: true, networkConnectionEnabled: false, pageLoadStrategy: normal, platform: XP, platformName: XP, rotatable: false, setWindowRect: true, takesHeapSnapshot: true, takesScreenshot: true, unexpectedAlertBehaviour: , unhandledPromptBehavior: , version: 68.0.3440.106, webStorageEnabled: true}
Session ID: 3c7a9ed429ee4ba8fcefa7c22185aa2d
*** Element info: {Using=xpath, value=})"/>
         <system-out><![CDATA[2018-08-17 14:38:05 - [TEST_CASE][FAILED] - Test Cases/New Folder/TC6 OPERATIONS: Test Cases/New Folder/TC6 OPERATIONS FAILED because (of) Unable to click on object 'Object Repository/Page_eBlox Rapportering/Operation/Operation - Nouvelle condition' (Root cause: org.openqa.selenium.InvalidSelectorException: invalid selector: Unable to locate an element with the xpath expression  because of the following error:
SyntaxError: Failed to execute 'evaluate' on 'Document': The string '' is not a valid XPath expression.
  (Session info: chrome=68.0.3440.106)
  (Driver info: chromedriver=2.35.528161 (5b82f2d2aae0ca24b877009200ced9065a772e73),platform=Windows NT 10.0.16299 x86_64) (WARNING: The server did not provide any stacktrace information)
Command duration or timeout: 0 milliseconds
For documentation on this error, please visit: http://seleniumhq.org/exceptions/invalid_selector_exception.html
Build info: version: '3.7.1', revision: '8a0099a', time: '2017-11-06T21:07:36.161Z'
System info: host: '5CG7062KWD', ip: '10.136.82.127', os.name: 'Windows 10', os.arch: 'amd64', os.version: '10.0', java.version: '1.8.0_181'
Driver info: com.kms.katalon.selenium.driver.CChromeDriver
Capabilities {acceptInsecureCerts: false, acceptSslCerts: false, applicationCacheEnabled: false, browserConnectionEnabled: false, browserName: chrome, chrome: {chromedriverVersion: 2.35.528161 (5b82f2d2aae0ca..., userDataDir: C:\Users\SEEBOR~1\AppData\L...}, cssSelectorsEnabled: true, databaseEnabled: false, handlesAlerts: true, hasTouchScreen: false, javascriptEnabled: true, locationContextEnabled: true, mobileEmulationEnabled: false, nativeEvents: true, networkConnectionEnabled: false, pageLoadStrategy: normal, platform: XP, platformName: XP, rotatable: false, setWindowRect: true, takesHeapSnapshot: true, takesScreenshot: true, unexpectedAlertBehaviour: , unhandledPromptBehavior: , version: 68.0.3440.106, webStorageEnabled: true}
Session ID: 3c7a9ed429ee4ba8fcefa7c22185aa2d
*** Element info: {Using=xpath, value=})

2018-08-17 14:38:05 - [TEST_STEP][PASSED] - callTestCase: Call Test Case 'Test Cases/Login/TC1 Login to Mysdworx' successfully

2018-08-17 14:38:05 - [TEST_CASE][PASSED] - Test Cases/Login/TC1 Login to Mysdworx: Test Cases/Login/TC1 Login to Mysdworx

2018-08-17 14:38:05 - [TEST_STEP][PASSED] - openBrowser: Browser is opened with url: ''

2018-08-17 14:38:05 - [MESSAGE][WARNING] - A browser is already opened. Closing browser and opening a new one

2018-08-17 14:38:08 - [MESSAGE][PASSED] - Browser is opened with url: ''

2018-08-17 14:38:08 - [TEST_STEP][PASSED] - navigateToUrl: Navigate to 'https://internet.acc.sd.dika.be/ebloxreporting/web.sensitive/main/?lang=fr' successfully

2018-08-17 14:38:13 - [MESSAGE][PASSED] - Navigate to 'https://internet.acc.sd.dika.be/ebloxreporting/web.sensitive/main/?lang=fr' successfully

2018-08-17 14:38:13 - [TEST_STEP][PASSED] - maximizeWindow: Current window maximized

2018-08-17 14:38:14 - [MESSAGE][PASSED] - Current window maximized

2018-08-17 14:38:14 - [TEST_STEP][PASSED] - setText: Text 'DP_EBLOX_RPP_VASCO' is set on object 'Object Repository/Page_mysdworx - Log in/input_Username'

2018-08-17 14:38:20 - [MESSAGE][PASSED] - Text 'DP_EBLOX_RPP_VASCO' is set on object 'Object Repository/Page_mysdworx - Log in/input_Username'

2018-08-17 14:38:20 - [TEST_STEP][PASSED] - Statement - frame = new javax.swing.JFrame(User Input Frame): null

2018-08-17 14:38:20 - [TEST_STEP][PASSED] - Statement - frame.requestFocus(): null

2018-08-17 14:38:20 - [TEST_STEP][PASSED] - Statement - pass = javax.swing.JOptionPane.showInputDialog(frame, "Enter the password from token!!"): null

2018-08-17 14:38:31 - [TEST_STEP][PASSED] - delay: Delayed 5 second(s)

2018-08-17 14:38:36 - [MESSAGE][PASSED] - Delayed 5 second(s)

2018-08-17 14:38:36 - [TEST_STEP][PASSED] - setText: Text '294881' is set on object 'Object Repository/Page_mysdworx - Log in/input_Password'

2018-08-17 14:38:37 - [MESSAGE][PASSED] - Text '294881' is set on object 'Object Repository/Page_mysdworx - Log in/input_Password'

2018-08-17 14:38:37 - [TEST_STEP][PASSED] - click: Object: 'Object Repository/Page_mysdworx - Log in/button_Se connecter' is clicked on

2018-08-17 14:38:37 - [MESSAGE][PASSED] - Object: 'Object Repository/Page_mysdworx - Log in/button_Se connecter' is clicked on

2018-08-17 14:38:37 - [TEST_STEP][PASSED] - waitForPageLoad: Wait for page load successfully

2018-08-17 14:38:37 - [MESSAGE][PASSED] - Wait for page load successfully

2018-08-17 14:38:37 - [TEST_STEP][NOT_RUN] - closeBrowser: NOT_RUN: closeBrowser

2018-08-17 14:38:37 - [MESSAGE][NOT_RUN] - NOT_RUN: closeBrowser

2018-08-17 14:38:37 - [MESSAGE][PASSED] - Call Test Case 'Test Cases/Login/TC1 Login to Mysdworx' successfully

2018-08-17 14:38:37 - [TEST_STEP][PASSED] - waitForPageLoad: Wait for page load successfully

2018-08-17 14:38:37 - [MESSAGE][PASSED] - Wait for page load successfully

2018-08-17 14:38:37 - [TEST_STEP][PASSED] - callTestCase: Call Test Case 'Test Cases/Select Language/TC1 Verify NL language' successfully

2018-08-17 14:38:37 - [TEST_CASE][PASSED] - Test Cases/Select Language/TC1 Verify NL language: Test Cases/Select Language/TC1 Verify NL language

2018-08-17 14:38:37 - [TEST_STEP][PASSED] - waitForElementClickable: Object 'Object Repository/Change language link Obj/NL_language' is clickable

2018-08-17 14:39:02 - [MESSAGE][PASSED] - Object 'Object Repository/Change language link Obj/NL_language' is clickable

2018-08-17 14:39:02 - [TEST_STEP][PASSED] - click: Object: 'Object Repository/Change language link Obj/NL_language' is clicked on

2018-08-17 14:39:10 - [MESSAGE][PASSED] - Object: 'Object Repository/Change language link Obj/NL_language' is clicked on

2018-08-17 14:39:10 - [TEST_STEP][PASSED] - waitForPageLoad: Wait for page load successfully

2018-08-17 14:39:10 - [MESSAGE][PASSED] - Wait for page load successfully

2018-08-17 14:39:10 - [MESSAGE][PASSED] - Call Test Case 'Test Cases/Select Language/TC1 Verify NL language' successfully

2018-08-17 14:39:10 - [TEST_STEP][PASSED] - waitForPageLoad: Wait for page load successfully

2018-08-17 14:39:10 - [MESSAGE][PASSED] - Wait for page load successfully

2018-08-17 14:39:10 - [TEST_STEP][PASSED] - callTestCase: Call Test Case 'Test Cases/Mes rapports/Main Page/TC Verify Mes rapports tab' successfully

2018-08-17 14:39:10 - [TEST_CASE][PASSED] - Test Cases/Mes rapports/Main Page/TC Verify Mes rapports tab: Test Cases/Mes rapports/Main Page/TC Verify Mes rapports tab

2018-08-17 14:39:10 - [TEST_STEP][PASSED] - click: Object: 'Object Repository/Mes rapports Obj/Mes rapports_tab' is clicked on

2018-08-17 14:39:10 - [MESSAGE][PASSED] - Object: 'Object Repository/Mes rapports Obj/Mes rapports_tab' is clicked on

2018-08-17 14:39:10 - [MESSAGE][PASSED] - Call Test Case 'Test Cases/Mes rapports/Main Page/TC Verify Mes rapports tab' successfully

2018-08-17 14:39:10 - [TEST_STEP][PASSED] - setText: Text 'REG BEWERKINGEN' is set on object 'Object Repository/Mes rapports Obj/input search filter'

2018-08-17 14:39:15 - [MESSAGE][PASSED] - Text 'REG BEWERKINGEN' is set on object 'Object Repository/Mes rapports Obj/input search filter'

2018-08-17 14:39:15 - [TEST_STEP][PASSED] - click: Object: 'Object Repository/Page_eBlox Reporting/Search_Icon' is clicked on

2018-08-17 14:39:15 - [MESSAGE][PASSED] - Object: 'Object Repository/Page_eBlox Reporting/Search_Icon' is clicked on

2018-08-17 14:39:15 - [TEST_STEP][PASSED] - delay: Delayed 2 second(s)

2018-08-17 14:39:17 - [MESSAGE][PASSED] - Delayed 2 second(s)

2018-08-17 14:39:17 - [TEST_STEP][PASSED] - click: Object: 'Object Repository/Mes rapports Obj/select report' is clicked on

2018-08-17 14:39:17 - [MESSAGE][PASSED] - Object: 'Object Repository/Mes rapports Obj/select report' is clicked on

2018-08-17 14:39:17 - [TEST_STEP][PASSED] - waitForPageLoad: Wait for page load successfully

2018-08-17 14:39:17 - [MESSAGE][PASSED] - Wait for page load successfully

2018-08-17 14:39:17 - [TEST_STEP][PASSED] - click: Object: 'Object Repository/Page_eBlox Rapportering/Definition' is clicked on

2018-08-17 14:39:18 - [MESSAGE][PASSED] - Object: 'Object Repository/Page_eBlox Rapportering/Definition' is clicked on

2018-08-17 14:39:18 - [TEST_STEP][PASSED] - click: Object: 'Object Repository/Page_eBlox Rapportering/Contenu' is clicked on

2018-08-17 14:39:21 - [MESSAGE][PASSED] - Object: 'Object Repository/Page_eBlox Rapportering/Contenu' is clicked on

2018-08-17 14:39:21 - [TEST_STEP][PASSED] - waitForPageLoad: Wait for page load successfully

2018-08-17 14:39:21 - [MESSAGE][PASSED] - Wait for page load successfully

2018-08-17 14:39:21 - [TEST_STEP][NOT_RUN] - verifyTextPresent: NOT_RUN: verifyTextPresent

2018-08-17 14:39:21 - [MESSAGE][NOT_RUN] - NOT_RUN: verifyTextPresent

2018-08-17 14:39:21 - [TEST_STEP][NOT_RUN] - verifyTextPresent: NOT_RUN: verifyTextPresent

2018-08-17 14:39:21 - [MESSAGE][NOT_RUN] - NOT_RUN: verifyTextPresent

2018-08-17 14:39:21 - [TEST_STEP][PASSED] - click: Object: 'Object Repository/Page_eBlox Rapportering/Operations' is clicked on

2018-08-17 14:39:21 - [MESSAGE][PASSED] - Object: 'Object Repository/Page_eBlox Rapportering/Operations' is clicked on

2018-08-17 14:39:21 - [TEST_STEP][PASSED] - waitForPageLoad: Wait for page load successfully

2018-08-17 14:39:21 - [MESSAGE][PASSED] - Wait for page load successfully

2018-08-17 14:39:21 - [TEST_STEP][PASSED] - click: Object: 'Object Repository/Page_eBlox Rapportering/Operation/Nouvelle operation' is clicked on

2018-08-17 14:39:23 - [MESSAGE][PASSED] - Object: 'Object Repository/Page_eBlox Rapportering/Operation/Nouvelle operation' is clicked on

2018-08-17 14:39:23 - [TEST_STEP][PASSED] - click: Object: 'Object Repository/Page_eBlox Rapportering/Operation/Nouvelle operation - Numeric' is clicked on

2018-08-17 14:39:23 - [MESSAGE][PASSED] - Object: 'Object Repository/Page_eBlox Rapportering/Operation/Nouvelle operation - Numeric' is clicked on

2018-08-17 14:39:23 - [TEST_STEP][PASSED] - mouseOver: Object: 'Object Repository/Page_eBlox Rapportering/Operation/mouse over operation list test' is hovered

2018-08-17 14:39:24 - [MESSAGE][PASSED] - Object: 'Object Repository/Page_eBlox Rapportering/Operation/mouse over operation list test' is hovered

2018-08-17 14:39:24 - [TEST_STEP][PASSED] - waitForPageLoad: Wait for page load successfully

2018-08-17 14:39:24 - [MESSAGE][PASSED] - Wait for page load successfully

2018-08-17 14:39:24 - [TEST_STEP][PASSED] - setText: Text 'test' is set on object 'Object Repository/Page_eBlox Rapportering/Operation/Operation - Nom'

2018-08-17 14:39:24 - [MESSAGE][PASSED] - Text 'test' is set on object 'Object Repository/Page_eBlox Rapportering/Operation/Operation - Nom'

2018-08-17 14:39:24 - [TEST_STEP][PASSED] - setText: Text 'test' is set on object 'Object Repository/Page_eBlox Rapportering/Operation/Operation -Description'

2018-08-17 14:39:24 - [MESSAGE][PASSED] - Text 'test' is set on object 'Object Repository/Page_eBlox Rapportering/Operation/Operation -Description'

2018-08-17 14:39:24 - [TEST_STEP][PASSED] - click: Object: 'Object Repository/Page_eBlox Rapportering/Operation/Operation - Sauvegarder button' is clicked on

2018-08-17 14:39:24 - [MESSAGE][PASSED] - Object: 'Object Repository/Page_eBlox Rapportering/Operation/Operation - Sauvegarder button' is clicked on

2018-08-17 14:39:24 - [TEST_STEP][PASSED] - setText: Text 'Bewerking 2' is set on object 'Object Repository/Page_eBlox Rapportering/Operation/Operation - Nom'

2018-08-17 14:39:24 - [MESSAGE][PASSED] - Text 'Bewerking 2' is set on object 'Object Repository/Page_eBlox Rapportering/Operation/Operation - Nom'

2018-08-17 14:39:24 - [TEST_STEP][PASSED] - setText: Text 'Brutoloon + Bedrag Toeslag 2' is set on object 'Object Repository/Page_eBlox Rapportering/Operation/Operation -Description'

2018-08-17 14:39:25 - [MESSAGE][PASSED] - Text 'Brutoloon + Bedrag Toeslag 2' is set on object 'Object Repository/Page_eBlox Rapportering/Operation/Operation -Description'

2018-08-17 14:39:25 - [TEST_STEP][PASSED] - click: Object: 'Object Repository/Page_eBlox Rapportering/Operation/Formula 1' is clicked on

2018-08-17 14:39:25 - [MESSAGE][PASSED] - Object: 'Object Repository/Page_eBlox Rapportering/Operation/Formula 1' is clicked on

2018-08-17 14:39:25 - [TEST_STEP][PASSED] - setText: Text 'Brutoloon' is set on object 'Object Repository/Page_eBlox Rapportering/Operation/Fomula 1 input text'

2018-08-17 14:39:26 - [MESSAGE][PASSED] - Text 'Brutoloon' is set on object 'Object Repository/Page_eBlox Rapportering/Operation/Fomula 1 input text'

2018-08-17 14:39:26 - [TEST_STEP][PASSED] - sendKeys: Keys 'ENTER + ' sent to object: 'Object Repository/Page_eBlox Rapportering/Operation/Fomula 1 input text'

2018-08-17 14:39:26 - [MESSAGE][PASSED] - Keys 'ENTER + ' sent to object: 'Object Repository/Page_eBlox Rapportering/Operation/Fomula 1 input text'

2018-08-17 14:39:26 - [TEST_STEP][PASSED] - click: Object: 'Object Repository/Page_eBlox Rapportering/Operation/Formula 2' is clicked on

2018-08-17 14:39:27 - [MESSAGE][PASSED] - Object: 'Object Repository/Page_eBlox Rapportering/Operation/Formula 2' is clicked on

2018-08-17 14:39:27 - [TEST_STEP][PASSED] - setText: Text 'Bedrag Toeslag 1' is set on object 'Object Repository/Page_eBlox Rapportering/Operation/Formula 2 input text'

2018-08-17 14:39:28 - [MESSAGE][PASSED] - Text 'Bedrag Toeslag 1' is set on object 'Object Repository/Page_eBlox Rapportering/Operation/Formula 2 input text'

2018-08-17 14:39:28 - [TEST_STEP][PASSED] - sendKeys: Keys 'ENTER + ' sent to object: 'Object Repository/Page_eBlox Rapportering/Operation/Formula 2 input text'

2018-08-17 14:39:28 - [MESSAGE][PASSED] - Keys 'ENTER + ' sent to object: 'Object Repository/Page_eBlox Rapportering/Operation/Formula 2 input text'

2018-08-17 14:39:28 - [TEST_STEP][PASSED] - click: Object: 'Object Repository/Page_eBlox Rapportering/Operation/Operation - Sauvegarder button' is clicked on

2018-08-17 14:39:28 - [MESSAGE][PASSED] - Object: 'Object Repository/Page_eBlox Rapportering/Operation/Operation - Sauvegarder button' is clicked on

2018-08-17 14:39:28 - [TEST_STEP][PASSED] - click: Object: 'Object Repository/Page_eBlox Rapportering/Operation/Ajouter plus button operation' is clicked on

2018-08-17 14:39:28 - [MESSAGE][PASSED] - Object: 'Object Repository/Page_eBlox Rapportering/Operation/Ajouter plus button operation' is clicked on

2018-08-17 14:39:28 - [TEST_STEP][PASSED] - click: Object: 'Object Repository/Page_eBlox Rapportering/Operation/Operation - Conditon button' is clicked on

2018-08-17 14:39:30 - [MESSAGE][PASSED] - Object: 'Object Repository/Page_eBlox Rapportering/Operation/Operation - Conditon button' is clicked on

2018-08-17 14:39:30 - [TEST_STEP][FAILED] - click: Unable to click on object 'Object Repository/Page_eBlox Rapportering/Operation/Operation - Nouvelle condition' (Root cause: org.openqa.selenium.InvalidSelectorException: invalid selector: Unable to locate an element with the xpath expression  because of the following error:
SyntaxError: Failed to execute 'evaluate' on 'Document': The string '' is not a valid XPath expression.
  (Session info: chrome=68.0.3440.106)
  (Driver info: chromedriver=2.35.528161 (5b82f2d2aae0ca24b877009200ced9065a772e73),platform=Windows NT 10.0.16299 x86_64) (WARNING: The server did not provide any stacktrace information)
Command duration or timeout: 0 milliseconds
For documentation on this error, please visit: http://seleniumhq.org/exceptions/invalid_selector_exception.html
Build info: version: '3.7.1', revision: '8a0099a', time: '2017-11-06T21:07:36.161Z'
System info: host: '5CG7062KWD', ip: '10.136.82.127', os.name: 'Windows 10', os.arch: 'amd64', os.version: '10.0', java.version: '1.8.0_181'
Driver info: com.kms.katalon.selenium.driver.CChromeDriver
Capabilities {acceptInsecureCerts: false, acceptSslCerts: false, applicationCacheEnabled: false, browserConnectionEnabled: false, browserName: chrome, chrome: {chromedriverVersion: 2.35.528161 (5b82f2d2aae0ca..., userDataDir: C:\Users\SEEBOR~1\AppData\L...}, cssSelectorsEnabled: true, databaseEnabled: false, handlesAlerts: true, hasTouchScreen: false, javascriptEnabled: true, locationContextEnabled: true, mobileEmulationEnabled: false, nativeEvents: true, networkConnectionEnabled: false, pageLoadStrategy: normal, platform: XP, platformName: XP, rotatable: false, setWindowRect: true, takesHeapSnapshot: true, takesScreenshot: true, unexpectedAlertBehaviour: , unhandledPromptBehavior: , version: 68.0.3440.106, webStorageEnabled: true}
Session ID: 3c7a9ed429ee4ba8fcefa7c22185aa2d
*** Element info: {Using=xpath, value=})

2018-08-17 14:40:01 - [MESSAGE][FAILED] - Unable to click on object 'Object Repository/Page_eBlox Rapportering/Operation/Operation - Nouvelle condition' (Root cause: org.openqa.selenium.InvalidSelectorException: invalid selector: Unable to locate an element with the xpath expression  because of the following error:
SyntaxError: Failed to execute 'evaluate' on 'Document': The string '' is not a valid XPath expression.
  (Session info: chrome=68.0.3440.106)
  (Driver info: chromedriver=2.35.528161 (5b82f2d2aae0ca24b877009200ced9065a772e73),platform=Windows NT 10.0.16299 x86_64) (WARNING: The server did not provide any stacktrace information)
Command duration or timeout: 0 milliseconds
For documentation on this error, please visit: http://seleniumhq.org/exceptions/invalid_selector_exception.html
Build info: version: '3.7.1', revision: '8a0099a', time: '2017-11-06T21:07:36.161Z'
System info: host: '5CG7062KWD', ip: '10.136.82.127', os.name: 'Windows 10', os.arch: 'amd64', os.version: '10.0', java.version: '1.8.0_181'
Driver info: com.kms.katalon.selenium.driver.CChromeDriver
Capabilities {acceptInsecureCerts: false, acceptSslCerts: false, applicationCacheEnabled: false, browserConnectionEnabled: false, browserName: chrome, chrome: {chromedriverVersion: 2.35.528161 (5b82f2d2aae0ca..., userDataDir: C:\Users\SEEBOR~1\AppData\L...}, cssSelectorsEnabled: true, databaseEnabled: false, handlesAlerts: true, hasTouchScreen: false, javascriptEnabled: true, locationContextEnabled: true, mobileEmulationEnabled: false, nativeEvents: true, networkConnectionEnabled: false, pageLoadStrategy: normal, platform: XP, platformName: XP, rotatable: false, setWindowRect: true, takesHeapSnapshot: true, takesScreenshot: true, unexpectedAlertBehaviour: , unhandledPromptBehavior: , version: 68.0.3440.106, webStorageEnabled: true}
Session ID: 3c7a9ed429ee4ba8fcefa7c22185aa2d
*** Element info: {Using=xpath, value=})
[[ATTACHMENT|C:\\Users\\seeboruts\\OneDrive - SD Worx\\Desktop\\Katalon_eBlox_Reporting\\Reports\\testing\\New Test Suite\\20180817_141723\\1534502401022.png]]]]></system-out>
         <system-err><![CDATA[2018-08-17 14:38:05 - [TEST_CASE][FAILED] - Test Cases/New Folder/TC6 OPERATIONS: Test Cases/New Folder/TC6 OPERATIONS FAILED because (of) Unable to click on object 'Object Repository/Page_eBlox Rapportering/Operation/Operation - Nouvelle condition' (Root cause: org.openqa.selenium.InvalidSelectorException: invalid selector: Unable to locate an element with the xpath expression  because of the following error:
SyntaxError: Failed to execute 'evaluate' on 'Document': The string '' is not a valid XPath expression.
  (Session info: chrome=68.0.3440.106)
  (Driver info: chromedriver=2.35.528161 (5b82f2d2aae0ca24b877009200ced9065a772e73),platform=Windows NT 10.0.16299 x86_64) (WARNING: The server did not provide any stacktrace information)
Command duration or timeout: 0 milliseconds
For documentation on this error, please visit: http://seleniumhq.org/exceptions/invalid_selector_exception.html
Build info: version: '3.7.1', revision: '8a0099a', time: '2017-11-06T21:07:36.161Z'
System info: host: '5CG7062KWD', ip: '10.136.82.127', os.name: 'Windows 10', os.arch: 'amd64', os.version: '10.0', java.version: '1.8.0_181'
Driver info: com.kms.katalon.selenium.driver.CChromeDriver
Capabilities {acceptInsecureCerts: false, acceptSslCerts: false, applicationCacheEnabled: false, browserConnectionEnabled: false, browserName: chrome, chrome: {chromedriverVersion: 2.35.528161 (5b82f2d2aae0ca..., userDataDir: C:\Users\SEEBOR~1\AppData\L...}, cssSelectorsEnabled: true, databaseEnabled: false, handlesAlerts: true, hasTouchScreen: false, javascriptEnabled: true, locationContextEnabled: true, mobileEmulationEnabled: false, nativeEvents: true, networkConnectionEnabled: false, pageLoadStrategy: normal, platform: XP, platformName: XP, rotatable: false, setWindowRect: true, takesHeapSnapshot: true, takesScreenshot: true, unexpectedAlertBehaviour: , unhandledPromptBehavior: , version: 68.0.3440.106, webStorageEnabled: true}
Session ID: 3c7a9ed429ee4ba8fcefa7c22185aa2d
*** Element info: {Using=xpath, value=})]]></system-err>
      </testcase>
      <testcase name="Test Cases/New Folder/TC7 SELECTION" classname="Test Cases/New Folder/TC7 SELECTION" status="FAILED">
         <failure type="FAILED" message="Unable to set text 'Geslacht' of object 'Object Repository/Page_eBlox Rapportering/Operation/Input condition for plus icon' (Root cause: com.kms.katalon.core.webui.exception.WebElementNotFoundException: Web element with id: 'Object Repository/Page_eBlox Rapportering/Operation/Input condition for plus icon' located by 'By.xpath: //div[@id='select2-drop']//div[@class='select2-search']//input[@role='combobox'][count(. | //input[@type = 'text' and @class = 'select2-input' and @role = 'combobox' and contains(@id, 's2id_autogen8_search') and @aria-autocomplete = 'list' and @autocomplete = 'off' and @autocorrect = 'off' and @spellcheck = 'false' and @aria-expanded = 'true' and @aria-owns = 'select2-results-8']) = count(//input[@type = 'text' and @class = 'select2-input' and @role = 'combobox' and contains(@id, 's2id_autogen8_search') and @aria-autocomplete = 'list' and @autocomplete = 'off' and @autocorrect = 'off' and @spellcheck = 'false' and @aria-expanded = 'true' and @aria-owns = 'select2-results-8'])]' not found)"/>
         <system-out><![CDATA[2018-08-17 14:40:01 - [TEST_CASE][FAILED] - Test Cases/New Folder/TC7 SELECTION: Test Cases/New Folder/TC7 SELECTION FAILED because (of) Unable to set text 'Geslacht' of object 'Object Repository/Page_eBlox Rapportering/Operation/Input condition for plus icon' (Root cause: com.kms.katalon.core.webui.exception.WebElementNotFoundException: Web element with id: 'Object Repository/Page_eBlox Rapportering/Operation/Input condition for plus icon' located by 'By.xpath: //div[@id='select2-drop']//div[@class='select2-search']//input[@role='combobox'][count(. | //input[@type = 'text' and @class = 'select2-input' and @role = 'combobox' and contains(@id, 's2id_autogen8_search') and @aria-autocomplete = 'list' and @autocomplete = 'off' and @autocorrect = 'off' and @spellcheck = 'false' and @aria-expanded = 'true' and @aria-owns = 'select2-results-8']) = count(//input[@type = 'text' and @class = 'select2-input' and @role = 'combobox' and contains(@id, 's2id_autogen8_search') and @aria-autocomplete = 'list' and @autocomplete = 'off' and @autocorrect = 'off' and @spellcheck = 'false' and @aria-expanded = 'true' and @aria-owns = 'select2-results-8'])]' not found)

2018-08-17 14:40:01 - [TEST_STEP][PASSED] - callTestCase: Call Test Case 'Test Cases/Login/TC1 Login to Mysdworx' successfully

2018-08-17 14:40:01 - [TEST_CASE][PASSED] - Test Cases/Login/TC1 Login to Mysdworx: Test Cases/Login/TC1 Login to Mysdworx

2018-08-17 14:40:01 - [TEST_STEP][PASSED] - openBrowser: Browser is opened with url: ''

2018-08-17 14:40:01 - [MESSAGE][WARNING] - A browser is already opened. Closing browser and opening a new one

2018-08-17 14:40:04 - [MESSAGE][PASSED] - Browser is opened with url: ''

2018-08-17 14:40:04 - [TEST_STEP][PASSED] - navigateToUrl: Navigate to 'https://internet.acc.sd.dika.be/ebloxreporting/web.sensitive/main/?lang=fr' successfully

2018-08-17 14:40:09 - [MESSAGE][PASSED] - Navigate to 'https://internet.acc.sd.dika.be/ebloxreporting/web.sensitive/main/?lang=fr' successfully

2018-08-17 14:40:09 - [TEST_STEP][PASSED] - maximizeWindow: Current window maximized

2018-08-17 14:40:10 - [MESSAGE][PASSED] - Current window maximized

2018-08-17 14:40:10 - [TEST_STEP][PASSED] - setText: Text 'DP_EBLOX_RPP_VASCO' is set on object 'Object Repository/Page_mysdworx - Log in/input_Username'

2018-08-17 14:40:17 - [MESSAGE][PASSED] - Text 'DP_EBLOX_RPP_VASCO' is set on object 'Object Repository/Page_mysdworx - Log in/input_Username'

2018-08-17 14:40:17 - [TEST_STEP][PASSED] - Statement - frame = new javax.swing.JFrame(User Input Frame): null

2018-08-17 14:40:17 - [TEST_STEP][PASSED] - Statement - frame.requestFocus(): null

2018-08-17 14:40:17 - [TEST_STEP][PASSED] - Statement - pass = javax.swing.JOptionPane.showInputDialog(frame, "Enter the password from token!!"): null

2018-08-17 14:40:20 - [TEST_STEP][PASSED] - delay: Delayed 5 second(s)

2018-08-17 14:40:25 - [MESSAGE][PASSED] - Delayed 5 second(s)

2018-08-17 14:40:25 - [TEST_STEP][PASSED] - setText: Text '491035' is set on object 'Object Repository/Page_mysdworx - Log in/input_Password'

2018-08-17 14:40:25 - [MESSAGE][PASSED] - Text '491035' is set on object 'Object Repository/Page_mysdworx - Log in/input_Password'

2018-08-17 14:40:25 - [TEST_STEP][PASSED] - click: Object: 'Object Repository/Page_mysdworx - Log in/button_Se connecter' is clicked on

2018-08-17 14:40:25 - [MESSAGE][PASSED] - Object: 'Object Repository/Page_mysdworx - Log in/button_Se connecter' is clicked on

2018-08-17 14:40:25 - [TEST_STEP][PASSED] - waitForPageLoad: Wait for page load successfully

2018-08-17 14:40:25 - [MESSAGE][PASSED] - Wait for page load successfully

2018-08-17 14:40:25 - [TEST_STEP][NOT_RUN] - closeBrowser: NOT_RUN: closeBrowser

2018-08-17 14:40:25 - [MESSAGE][NOT_RUN] - NOT_RUN: closeBrowser

2018-08-17 14:40:25 - [MESSAGE][PASSED] - Call Test Case 'Test Cases/Login/TC1 Login to Mysdworx' successfully

2018-08-17 14:40:25 - [TEST_STEP][PASSED] - waitForPageLoad: Wait for page load successfully

2018-08-17 14:40:25 - [MESSAGE][PASSED] - Wait for page load successfully

2018-08-17 14:40:25 - [TEST_STEP][PASSED] - callTestCase: Call Test Case 'Test Cases/Select Language/TC1 Verify NL language' successfully

2018-08-17 14:40:25 - [TEST_CASE][PASSED] - Test Cases/Select Language/TC1 Verify NL language: Test Cases/Select Language/TC1 Verify NL language

2018-08-17 14:40:25 - [TEST_STEP][PASSED] - waitForElementClickable: Object 'Object Repository/Change language link Obj/NL_language' is clickable

2018-08-17 14:40:53 - [MESSAGE][PASSED] - Object 'Object Repository/Change language link Obj/NL_language' is clickable

2018-08-17 14:40:53 - [TEST_STEP][PASSED] - click: Object: 'Object Repository/Change language link Obj/NL_language' is clicked on

2018-08-17 14:41:02 - [MESSAGE][PASSED] - Object: 'Object Repository/Change language link Obj/NL_language' is clicked on

2018-08-17 14:41:02 - [TEST_STEP][PASSED] - waitForPageLoad: Wait for page load successfully

2018-08-17 14:41:02 - [MESSAGE][PASSED] - Wait for page load successfully

2018-08-17 14:41:02 - [MESSAGE][PASSED] - Call Test Case 'Test Cases/Select Language/TC1 Verify NL language' successfully

2018-08-17 14:41:02 - [TEST_STEP][PASSED] - setText: Text 'REG SELECTIE' is set on object 'Object Repository/Mes rapports Obj/input search filter'

2018-08-17 14:41:06 - [MESSAGE][PASSED] - Text 'REG SELECTIE' is set on object 'Object Repository/Mes rapports Obj/input search filter'

2018-08-17 14:41:06 - [TEST_STEP][NOT_RUN] - verifyTextPresent: NOT_RUN: verifyTextPresent

2018-08-17 14:41:06 - [MESSAGE][NOT_RUN] - NOT_RUN: verifyTextPresent

2018-08-17 14:41:06 - [TEST_STEP][PASSED] - click: Object: 'Object Repository/Mes rapports Obj/TESTING select a report' is clicked on

2018-08-17 14:41:06 - [MESSAGE][PASSED] - Object: 'Object Repository/Mes rapports Obj/TESTING select a report' is clicked on

2018-08-17 14:41:06 - [TEST_STEP][PASSED] - waitForPageLoad: Wait for page load successfully

2018-08-17 14:41:06 - [MESSAGE][PASSED] - Wait for page load successfully

2018-08-17 14:41:06 - [TEST_STEP][PASSED] - click: Object: 'Object Repository/Page_eBlox Rapportering/Definition' is clicked on

2018-08-17 14:41:08 - [MESSAGE][PASSED] - Object: 'Object Repository/Page_eBlox Rapportering/Definition' is clicked on

2018-08-17 14:41:08 - [TEST_STEP][PASSED] - waitForPageLoad: Wait for page load successfully

2018-08-17 14:41:08 - [MESSAGE][PASSED] - Wait for page load successfully

2018-08-17 14:41:08 - [TEST_STEP][PASSED] - click: Object: 'Object Repository/Page_eBlox Rapportering/Selection' is clicked on

2018-08-17 14:41:11 - [MESSAGE][PASSED] - Object: 'Object Repository/Page_eBlox Rapportering/Selection' is clicked on

2018-08-17 14:41:11 - [TEST_STEP][PASSED] - waitForPageLoad: Wait for page load successfully

2018-08-17 14:41:11 - [MESSAGE][PASSED] - Wait for page load successfully

2018-08-17 14:41:11 - [TEST_STEP][PASSED] - click: Object: 'Object Repository/Page_eBlox Rapportering/Operation/Conditions - Nom - plus icon' is clicked on

2018-08-17 14:41:13 - [MESSAGE][PASSED] - Object: 'Object Repository/Page_eBlox Rapportering/Operation/Conditions - Nom - plus icon' is clicked on

2018-08-17 14:41:13 - [TEST_STEP][PASSED] - delay: Delayed 2 second(s)

2018-08-17 14:41:15 - [MESSAGE][PASSED] - Delayed 2 second(s)

2018-08-17 14:41:15 - [TEST_STEP][PASSED] - click: Object: 'Object Repository/Page_eBlox Rapportering/Operation/Input condition for plus icon' is clicked on

2018-08-17 14:41:18 - [MESSAGE][PASSED] - Object: 'Object Repository/Page_eBlox Rapportering/Operation/Input condition for plus icon' is clicked on

2018-08-17 14:41:18 - [TEST_STEP][FAILED] - setText: Unable to set text 'Geslacht' of object 'Object Repository/Page_eBlox Rapportering/Operation/Input condition for plus icon' (Root cause: com.kms.katalon.core.webui.exception.WebElementNotFoundException: Web element with id: 'Object Repository/Page_eBlox Rapportering/Operation/Input condition for plus icon' located by 'By.xpath: //div[@id='select2-drop']//div[@class='select2-search']//input[@role='combobox'][count(. | //input[@type = 'text' and @class = 'select2-input' and @role = 'combobox' and contains(@id, 's2id_autogen8_search') and @aria-autocomplete = 'list' and @autocomplete = 'off' and @autocorrect = 'off' and @spellcheck = 'false' and @aria-expanded = 'true' and @aria-owns = 'select2-results-8']) = count(//input[@type = 'text' and @class = 'select2-input' and @role = 'combobox' and contains(@id, 's2id_autogen8_search') and @aria-autocomplete = 'list' and @autocomplete = 'off' and @autocorrect = 'off' and @spellcheck = 'false' and @aria-expanded = 'true' and @aria-owns = 'select2-results-8'])]' not found)

2018-08-17 14:41:51 - [MESSAGE][FAILED] - Unable to set text 'Geslacht' of object 'Object Repository/Page_eBlox Rapportering/Operation/Input condition for plus icon' (Root cause: com.kms.katalon.core.webui.exception.WebElementNotFoundException: Web element with id: 'Object Repository/Page_eBlox Rapportering/Operation/Input condition for plus icon' located by 'By.xpath: //div[@id='select2-drop']//div[@class='select2-search']//input[@role='combobox'][count(. | //input[@type = 'text' and @class = 'select2-input' and @role = 'combobox' and contains(@id, 's2id_autogen8_search') and @aria-autocomplete = 'list' and @autocomplete = 'off' and @autocorrect = 'off' and @spellcheck = 'false' and @aria-expanded = 'true' and @aria-owns = 'select2-results-8']) = count(//input[@type = 'text' and @class = 'select2-input' and @role = 'combobox' and contains(@id, 's2id_autogen8_search') and @aria-autocomplete = 'list' and @autocomplete = 'off' and @autocorrect = 'off' and @spellcheck = 'false' and @aria-expanded = 'true' and @aria-owns = 'select2-results-8'])]' not found)
[[ATTACHMENT|C:\\Users\\seeboruts\\OneDrive - SD Worx\\Desktop\\Katalon_eBlox_Reporting\\Reports\\testing\\New Test Suite\\20180817_141723\\1534502511493.png]]]]></system-out>
         <system-err><![CDATA[2018-08-17 14:40:01 - [TEST_CASE][FAILED] - Test Cases/New Folder/TC7 SELECTION: Test Cases/New Folder/TC7 SELECTION FAILED because (of) Unable to set text 'Geslacht' of object 'Object Repository/Page_eBlox Rapportering/Operation/Input condition for plus icon' (Root cause: com.kms.katalon.core.webui.exception.WebElementNotFoundException: Web element with id: 'Object Repository/Page_eBlox Rapportering/Operation/Input condition for plus icon' located by 'By.xpath: //div[@id='select2-drop']//div[@class='select2-search']//input[@role='combobox'][count(. | //input[@type = 'text' and @class = 'select2-input' and @role = 'combobox' and contains(@id, 's2id_autogen8_search') and @aria-autocomplete = 'list' and @autocomplete = 'off' and @autocorrect = 'off' and @spellcheck = 'false' and @aria-expanded = 'true' and @aria-owns = 'select2-results-8']) = count(//input[@type = 'text' and @class = 'select2-input' and @role = 'combobox' and contains(@id, 's2id_autogen8_search') and @aria-autocomplete = 'list' and @autocomplete = 'off' and @autocorrect = 'off' and @spellcheck = 'false' and @aria-expanded = 'true' and @aria-owns = 'select2-results-8'])]' not found)]]></system-err>
      </testcase>
      <testcase name="Test Cases/New Folder/TC8 EXPORT" classname="Test Cases/New Folder/TC8 EXPORT" status="FAILED">
         <failure type="FAILED" message="Unable to click on object 'Object Repository/Mes rapports Obj/EXECUTION/Exporter button' (Root cause: org.openqa.selenium.WebDriverException: unknown error: Element &lt;button type=&quot;button&quot; class=&quot;btn btn-default&quot; title=&quot;Exporteer naar excel&quot; ng-click=&quot;pagevm.downloadExcelFile(parametersvm.rapport,uitvoeringParametersForm)&quot; ng-disabled=&quot;pagevm.processing || !(parametersvm.rapport.exportInhoud || parametersvm.rapport.exportDraaitabel || ((parametersvm.rapport.exportEigenGrafiek || parametersvm.rapport.sdSuggestieGebruiken) &amp;amp;&amp;amp;  !(parametersvm.rapport.kenmerken.historischUitvoeren &amp;amp;&amp;amp; parametersvm.rapport.kenmerken.aggregatiePeriode === 0)))&quot; disabled=&quot;disabled&quot;>...&lt;/button> is not clickable at point (1489, 150). Other element would receive the click: &lt;div class=&quot;btn-group&quot;>...&lt;/div>
  (Session info: chrome=68.0.3440.106)
  (Driver info: chromedriver=2.35.528161 (5b82f2d2aae0ca24b877009200ced9065a772e73),platform=Windows NT 10.0.16299 x86_64) (WARNING: The server did not provide any stacktrace information)
Command duration or timeout: 0 milliseconds
Build info: version: '3.7.1', revision: '8a0099a', time: '2017-11-06T21:07:36.161Z'
System info: host: '5CG7062KWD', ip: '10.136.82.127', os.name: 'Windows 10', os.arch: 'amd64', os.version: '10.0', java.version: '1.8.0_181'
Driver info: com.kms.katalon.selenium.driver.CChromeDriver
Capabilities {acceptInsecureCerts: false, acceptSslCerts: false, applicationCacheEnabled: false, browserConnectionEnabled: false, browserName: chrome, chrome: {chromedriverVersion: 2.35.528161 (5b82f2d2aae0ca..., userDataDir: C:\Users\SEEBOR~1\AppData\L...}, cssSelectorsEnabled: true, databaseEnabled: false, handlesAlerts: true, hasTouchScreen: false, javascriptEnabled: true, locationContextEnabled: true, mobileEmulationEnabled: false, nativeEvents: true, networkConnectionEnabled: false, pageLoadStrategy: normal, platform: XP, platformName: XP, rotatable: false, setWindowRect: true, takesHeapSnapshot: true, takesScreenshot: true, unexpectedAlertBehaviour: , unhandledPromptBehavior: , version: 68.0.3440.106, webStorageEnabled: true}
Session ID: 9a710d81d86984a674b57d8196dc4eb2)"/>
         <system-out><![CDATA[2018-08-17 14:41:51 - [TEST_CASE][FAILED] - Test Cases/New Folder/TC8 EXPORT: Test Cases/New Folder/TC8 EXPORT FAILED because (of) Unable to click on object 'Object Repository/Mes rapports Obj/EXECUTION/Exporter button' (Root cause: org.openqa.selenium.WebDriverException: unknown error: Element <button type="button" class="btn btn-default" title="Exporteer naar excel" ng-click="pagevm.downloadExcelFile(parametersvm.rapport,uitvoeringParametersForm)" ng-disabled="pagevm.processing || !(parametersvm.rapport.exportInhoud || parametersvm.rapport.exportDraaitabel || ((parametersvm.rapport.exportEigenGrafiek || parametersvm.rapport.sdSuggestieGebruiken) &amp;&amp;  !(parametersvm.rapport.kenmerken.historischUitvoeren &amp;&amp; parametersvm.rapport.kenmerken.aggregatiePeriode === 0)))" disabled="disabled">...</button> is not clickable at point (1489, 150). Other element would receive the click: <div class="btn-group">...</div>
  (Session info: chrome=68.0.3440.106)
  (Driver info: chromedriver=2.35.528161 (5b82f2d2aae0ca24b877009200ced9065a772e73),platform=Windows NT 10.0.16299 x86_64) (WARNING: The server did not provide any stacktrace information)
Command duration or timeout: 0 milliseconds
Build info: version: '3.7.1', revision: '8a0099a', time: '2017-11-06T21:07:36.161Z'
System info: host: '5CG7062KWD', ip: '10.136.82.127', os.name: 'Windows 10', os.arch: 'amd64', os.version: '10.0', java.version: '1.8.0_181'
Driver info: com.kms.katalon.selenium.driver.CChromeDriver
Capabilities {acceptInsecureCerts: false, acceptSslCerts: false, applicationCacheEnabled: false, browserConnectionEnabled: false, browserName: chrome, chrome: {chromedriverVersion: 2.35.528161 (5b82f2d2aae0ca..., userDataDir: C:\Users\SEEBOR~1\AppData\L...}, cssSelectorsEnabled: true, databaseEnabled: false, handlesAlerts: true, hasTouchScreen: false, javascriptEnabled: true, locationContextEnabled: true, mobileEmulationEnabled: false, nativeEvents: true, networkConnectionEnabled: false, pageLoadStrategy: normal, platform: XP, platformName: XP, rotatable: false, setWindowRect: true, takesHeapSnapshot: true, takesScreenshot: true, unexpectedAlertBehaviour: , unhandledPromptBehavior: , version: 68.0.3440.106, webStorageEnabled: true}
Session ID: 9a710d81d86984a674b57d8196dc4eb2)

2018-08-17 14:41:52 - [TEST_STEP][PASSED] - callTestCase: Call Test Case 'Test Cases/Login/TC1 Login to Mysdworx' successfully

2018-08-17 14:41:52 - [TEST_CASE][PASSED] - Test Cases/Login/TC1 Login to Mysdworx: Test Cases/Login/TC1 Login to Mysdworx

2018-08-17 14:41:52 - [TEST_STEP][PASSED] - openBrowser: Browser is opened with url: ''

2018-08-17 14:41:52 - [MESSAGE][WARNING] - A browser is already opened. Closing browser and opening a new one

2018-08-17 14:41:54 - [MESSAGE][PASSED] - Browser is opened with url: ''

2018-08-17 14:41:54 - [TEST_STEP][PASSED] - navigateToUrl: Navigate to 'https://internet.acc.sd.dika.be/ebloxreporting/web.sensitive/main/?lang=fr' successfully

2018-08-17 14:41:59 - [MESSAGE][PASSED] - Navigate to 'https://internet.acc.sd.dika.be/ebloxreporting/web.sensitive/main/?lang=fr' successfully

2018-08-17 14:41:59 - [TEST_STEP][PASSED] - maximizeWindow: Current window maximized

2018-08-17 14:42:00 - [MESSAGE][PASSED] - Current window maximized

2018-08-17 14:42:00 - [TEST_STEP][PASSED] - setText: Text 'DP_EBLOX_RPP_VASCO' is set on object 'Object Repository/Page_mysdworx - Log in/input_Username'

2018-08-17 14:42:06 - [MESSAGE][PASSED] - Text 'DP_EBLOX_RPP_VASCO' is set on object 'Object Repository/Page_mysdworx - Log in/input_Username'

2018-08-17 14:42:06 - [TEST_STEP][PASSED] - Statement - frame = new javax.swing.JFrame(User Input Frame): null

2018-08-17 14:42:06 - [TEST_STEP][PASSED] - Statement - frame.requestFocus(): null

2018-08-17 14:42:06 - [TEST_STEP][PASSED] - Statement - pass = javax.swing.JOptionPane.showInputDialog(frame, "Enter the password from token!!"): null

2018-08-17 14:42:08 - [TEST_STEP][PASSED] - delay: Delayed 5 second(s)

2018-08-17 14:42:13 - [MESSAGE][PASSED] - Delayed 5 second(s)

2018-08-17 14:42:13 - [TEST_STEP][PASSED] - setText: Text '243649' is set on object 'Object Repository/Page_mysdworx - Log in/input_Password'

2018-08-17 14:42:14 - [MESSAGE][PASSED] - Text '243649' is set on object 'Object Repository/Page_mysdworx - Log in/input_Password'

2018-08-17 14:42:14 - [TEST_STEP][PASSED] - click: Object: 'Object Repository/Page_mysdworx - Log in/button_Se connecter' is clicked on

2018-08-17 14:42:14 - [MESSAGE][PASSED] - Object: 'Object Repository/Page_mysdworx - Log in/button_Se connecter' is clicked on

2018-08-17 14:42:14 - [TEST_STEP][PASSED] - waitForPageLoad: Wait for page load successfully

2018-08-17 14:42:14 - [MESSAGE][PASSED] - Wait for page load successfully

2018-08-17 14:42:14 - [TEST_STEP][NOT_RUN] - closeBrowser: NOT_RUN: closeBrowser

2018-08-17 14:42:14 - [MESSAGE][NOT_RUN] - NOT_RUN: closeBrowser

2018-08-17 14:42:14 - [MESSAGE][PASSED] - Call Test Case 'Test Cases/Login/TC1 Login to Mysdworx' successfully

2018-08-17 14:42:14 - [TEST_STEP][PASSED] - callTestCase: Call Test Case 'Test Cases/Select Language/TC1 Verify NL language' successfully

2018-08-17 14:42:14 - [TEST_CASE][PASSED] - Test Cases/Select Language/TC1 Verify NL language: Test Cases/Select Language/TC1 Verify NL language

2018-08-17 14:42:14 - [TEST_STEP][PASSED] - waitForElementClickable: Object 'Object Repository/Change language link Obj/NL_language' is clickable

2018-08-17 14:42:38 - [MESSAGE][PASSED] - Object 'Object Repository/Change language link Obj/NL_language' is clickable

2018-08-17 14:42:38 - [TEST_STEP][PASSED] - click: Object: 'Object Repository/Change language link Obj/NL_language' is clicked on

2018-08-17 14:42:46 - [MESSAGE][PASSED] - Object: 'Object Repository/Change language link Obj/NL_language' is clicked on

2018-08-17 14:42:46 - [TEST_STEP][PASSED] - waitForPageLoad: Wait for page load successfully

2018-08-17 14:42:46 - [MESSAGE][PASSED] - Wait for page load successfully

2018-08-17 14:42:46 - [MESSAGE][PASSED] - Call Test Case 'Test Cases/Select Language/TC1 Verify NL language' successfully

2018-08-17 14:42:46 - [TEST_STEP][PASSED] - callTestCase: Call Test Case 'Test Cases/Mes rapports/Main Page/TC Verify Mes rapports tab' successfully

2018-08-17 14:42:46 - [TEST_CASE][PASSED] - Test Cases/Mes rapports/Main Page/TC Verify Mes rapports tab: Test Cases/Mes rapports/Main Page/TC Verify Mes rapports tab

2018-08-17 14:42:46 - [TEST_STEP][PASSED] - click: Object: 'Object Repository/Mes rapports Obj/Mes rapports_tab' is clicked on

2018-08-17 14:42:46 - [MESSAGE][PASSED] - Object: 'Object Repository/Mes rapports Obj/Mes rapports_tab' is clicked on

2018-08-17 14:42:46 - [MESSAGE][PASSED] - Call Test Case 'Test Cases/Mes rapports/Main Page/TC Verify Mes rapports tab' successfully

2018-08-17 14:42:46 - [TEST_STEP][PASSED] - setText: Text 'REG EXPORT' is set on object 'Object Repository/Mes rapports Obj/input search filter'

2018-08-17 14:42:49 - [MESSAGE][PASSED] - Text 'REG EXPORT' is set on object 'Object Repository/Mes rapports Obj/input search filter'

2018-08-17 14:42:49 - [TEST_STEP][PASSED] - click: Object: 'Object Repository/Page_eBlox Reporting/Search_Icon' is clicked on

2018-08-17 14:42:49 - [MESSAGE][PASSED] - Object: 'Object Repository/Page_eBlox Reporting/Search_Icon' is clicked on

2018-08-17 14:42:49 - [TEST_STEP][PASSED] - Statement - myTestObject = new com.kms.katalon.core.testobject.TestObject(Select_report): null

2018-08-17 14:42:49 - [TEST_STEP][PASSED] - Statement - myTestObject.addProperty("xpath", EQUALS, "//a[@class='hide-on-hover']//span[@text='REG EXPORT']"): null

2018-08-17 14:42:49 - [TEST_STEP][PASSED] - click: Object: 'Select_report' is clicked on

2018-08-17 14:42:50 - [MESSAGE][PASSED] - Object: 'Select_report' is clicked on

2018-08-17 14:42:50 - [TEST_STEP][PASSED] - waitForPageLoad: Wait for page load successfully

2018-08-17 14:42:50 - [MESSAGE][PASSED] - Wait for page load successfully

2018-08-17 14:42:50 - [TEST_STEP][PASSED] - Statement - definition = com.kms.katalon.core.webui.keyword.WebUiBuiltInKeywords.modifyObjectProperty(com.kms.katalon.core.testobject.ObjectRepository.findTestObject(Page_eBlox Rapportering/Definition), "xpath", "equals", "/html/body/div[1]/div[2]/ui-view/div/div[1]/nav/div/ul[1]/li[4]/div/a[1]", true): Modify property of object successfully

2018-08-17 14:42:50 - [MESSAGE][PASSED] - Modify property of object successfully

2018-08-17 14:42:50 - [TEST_STEP][PASSED] - click: Object: 'Object Repository/Page_eBlox Rapportering/Definition' is clicked on

2018-08-17 14:42:51 - [MESSAGE][PASSED] - Object: 'Object Repository/Page_eBlox Rapportering/Definition' is clicked on

2018-08-17 14:42:51 - [TEST_STEP][PASSED] - waitForPageLoad: Wait for page load successfully

2018-08-17 14:42:51 - [MESSAGE][PASSED] - Wait for page load successfully

2018-08-17 14:42:51 - [TEST_STEP][PASSED] - click: Object: 'Object Repository/Page_eBlox Rapportering/Proprietes' is clicked on

2018-08-17 14:42:54 - [MESSAGE][PASSED] - Object: 'Object Repository/Page_eBlox Rapportering/Proprietes' is clicked on

2018-08-17 14:42:54 - [TEST_STEP][PASSED] - waitForPageLoad: Wait for page load successfully

2018-08-17 14:42:54 - [MESSAGE][PASSED] - Wait for page load successfully

2018-08-17 14:42:54 - [TEST_STEP][PASSED] - verifyElementChecked: Object 'Object Repository/Page_eBlox Rapportering/Definition - Proprietes - Options d exportation/Contenu checkbox' is checked

2018-08-17 14:42:55 - [MESSAGE][PASSED] - Object 'Object Repository/Page_eBlox Rapportering/Definition - Proprietes - Options d exportation/Contenu checkbox' is checked

2018-08-17 14:42:55 - [TEST_STEP][PASSED] - verifyElementChecked: Object 'Object Repository/Page_eBlox Rapportering/Definition - Proprietes - Options d exportation/Graphiques - propres graphiques checkbox' is checked

2018-08-17 14:42:55 - [MESSAGE][PASSED] - Object 'Object Repository/Page_eBlox Rapportering/Definition - Proprietes - Options d exportation/Graphiques - propres graphiques checkbox' is checked

2018-08-17 14:42:55 - [TEST_STEP][PASSED] - verifyElementChecked: Object 'Object Repository/Page_eBlox Rapportering/Definition - Proprietes - Options d exportation/Graphiques - suggestions SD checkbox' is checked

2018-08-17 14:42:55 - [MESSAGE][PASSED] - Object 'Object Repository/Page_eBlox Rapportering/Definition - Proprietes - Options d exportation/Graphiques - suggestions SD checkbox' is checked

2018-08-17 14:42:55 - [TEST_STEP][PASSED] - verifyElementChecked: Object 'Object Repository/Page_eBlox Rapportering/Definition - Proprietes - Options d exportation/Tableau croise checkbox' is checked

2018-08-17 14:42:55 - [MESSAGE][PASSED] - Object 'Object Repository/Page_eBlox Rapportering/Definition - Proprietes - Options d exportation/Tableau croise checkbox' is checked

2018-08-17 14:42:55 - [TEST_STEP][PASSED] - click: Object: 'Object Repository/Page_eBlox Rapportering/Execution tab' is clicked on

2018-08-17 14:42:55 - [MESSAGE][PASSED] - Object: 'Object Repository/Page_eBlox Rapportering/Execution tab' is clicked on

2018-08-17 14:42:55 - [TEST_STEP][PASSED] - waitForPageLoad: Wait for page load successfully

2018-08-17 14:42:55 - [MESSAGE][PASSED] - Wait for page load successfully

2018-08-17 14:42:55 - [TEST_STEP][PASSED] - waitForElementClickable: Object 'Object Repository/Mes rapports Obj/EXECUTION/Description _Date de reference historique' is clickable

2018-08-17 14:42:56 - [MESSAGE][PASSED] - Object 'Object Repository/Mes rapports Obj/EXECUTION/Description _Date de reference historique' is clickable

2018-08-17 14:42:56 - [TEST_STEP][PASSED] - delay: Delayed 2 second(s)

2018-08-17 14:42:58 - [MESSAGE][PASSED] - Delayed 2 second(s)

2018-08-17 14:42:58 - [TEST_STEP][PASSED] - click: Object: 'Object Repository/Mes rapports Obj/EXECUTION/Description _Date de reference historique' is clicked on

2018-08-17 14:42:58 - [MESSAGE][PASSED] - Object: 'Object Repository/Mes rapports Obj/EXECUTION/Description _Date de reference historique' is clicked on

2018-08-17 14:42:58 - [TEST_STEP][PASSED] - delay: Delayed 5 second(s)

2018-08-17 14:43:03 - [MESSAGE][PASSED] - Delayed 5 second(s)

2018-08-17 14:43:03 - [TEST_STEP][PASSED] - waitForElementClickable: Object 'Object Repository/Mes rapports Obj/EXECUTION/Aujourdhui - Vandaag' is clickable

2018-08-17 14:43:03 - [MESSAGE][PASSED] - Object 'Object Repository/Mes rapports Obj/EXECUTION/Aujourdhui - Vandaag' is clickable

2018-08-17 14:43:03 - [TEST_STEP][PASSED] - click: Object: 'Object Repository/Mes rapports Obj/EXECUTION/Aujourdhui - Vandaag' is clicked on

2018-08-17 14:43:03 - [MESSAGE][PASSED] - Object: 'Object Repository/Mes rapports Obj/EXECUTION/Aujourdhui - Vandaag' is clicked on

2018-08-17 14:43:03 - [TEST_STEP][PASSED] - delay: Delayed 2 second(s)

2018-08-17 14:43:05 - [MESSAGE][PASSED] - Delayed 2 second(s)

2018-08-17 14:43:05 - [TEST_STEP][PASSED] - click: Object: 'Object Repository/Mes rapports Obj/EXECUTION/Periode de paiement - Betaalperiode' is clicked on

2018-08-17 14:43:05 - [MESSAGE][PASSED] - Object: 'Object Repository/Mes rapports Obj/EXECUTION/Periode de paiement - Betaalperiode' is clicked on

2018-08-17 14:43:05 - [TEST_STEP][PASSED] - click: Object: 'Object Repository/Mes rapports Obj/EXECUTION/Periode de paiement - Betaalperiode - Huidig jaar' is clicked on

2018-08-17 14:43:05 - [MESSAGE][PASSED] - Object: 'Object Repository/Mes rapports Obj/EXECUTION/Periode de paiement - Betaalperiode - Huidig jaar' is clicked on

2018-08-17 14:43:05 - [TEST_STEP][PASSED] - delay: Delayed 2 second(s)

2018-08-17 14:43:07 - [MESSAGE][PASSED] - Delayed 2 second(s)

2018-08-17 14:43:07 - [TEST_STEP][PASSED] - click: Object: 'Object Repository/Mes rapports Obj/EXECUTION/Button executer' is clicked on

2018-08-17 14:43:07 - [MESSAGE][PASSED] - Object: 'Object Repository/Mes rapports Obj/EXECUTION/Button executer' is clicked on

2018-08-17 14:43:07 - [TEST_STEP][PASSED] - waitForPageLoad: Wait for page load successfully

2018-08-17 14:43:07 - [MESSAGE][PASSED] - Wait for page load successfully

2018-08-17 14:43:07 - [TEST_STEP][PASSED] - waitForElementClickable: Object 'Object Repository/Mes rapports Obj/EXECUTION/Exporter button' is not clickable after 5 second(s)

2018-08-17 14:43:13 - [MESSAGE][WARNING] - Object 'Object Repository/Mes rapports Obj/EXECUTION/Exporter button' is not clickable after 5 second(s)

2018-08-17 14:43:13 - [TEST_STEP][FAILED] - click: Unable to click on object 'Object Repository/Mes rapports Obj/EXECUTION/Exporter button' (Root cause: org.openqa.selenium.WebDriverException: unknown error: Element <button type="button" class="btn btn-default" title="Exporteer naar excel" ng-click="pagevm.downloadExcelFile(parametersvm.rapport,uitvoeringParametersForm)" ng-disabled="pagevm.processing || !(parametersvm.rapport.exportInhoud || parametersvm.rapport.exportDraaitabel || ((parametersvm.rapport.exportEigenGrafiek || parametersvm.rapport.sdSuggestieGebruiken) &amp;&amp;  !(parametersvm.rapport.kenmerken.historischUitvoeren &amp;&amp; parametersvm.rapport.kenmerken.aggregatiePeriode === 0)))" disabled="disabled">...</button> is not clickable at point (1489, 150). Other element would receive the click: <div class="btn-group">...</div>
  (Session info: chrome=68.0.3440.106)
  (Driver info: chromedriver=2.35.528161 (5b82f2d2aae0ca24b877009200ced9065a772e73),platform=Windows NT 10.0.16299 x86_64) (WARNING: The server did not provide any stacktrace information)
Command duration or timeout: 0 milliseconds
Build info: version: '3.7.1', revision: '8a0099a', time: '2017-11-06T21:07:36.161Z'
System info: host: '5CG7062KWD', ip: '10.136.82.127', os.name: 'Windows 10', os.arch: 'amd64', os.version: '10.0', java.version: '1.8.0_181'
Driver info: com.kms.katalon.selenium.driver.CChromeDriver
Capabilities {acceptInsecureCerts: false, acceptSslCerts: false, applicationCacheEnabled: false, browserConnectionEnabled: false, browserName: chrome, chrome: {chromedriverVersion: 2.35.528161 (5b82f2d2aae0ca..., userDataDir: C:\Users\SEEBOR~1\AppData\L...}, cssSelectorsEnabled: true, databaseEnabled: false, handlesAlerts: true, hasTouchScreen: false, javascriptEnabled: true, locationContextEnabled: true, mobileEmulationEnabled: false, nativeEvents: true, networkConnectionEnabled: false, pageLoadStrategy: normal, platform: XP, platformName: XP, rotatable: false, setWindowRect: true, takesHeapSnapshot: true, takesScreenshot: true, unexpectedAlertBehaviour: , unhandledPromptBehavior: , version: 68.0.3440.106, webStorageEnabled: true}
Session ID: 9a710d81d86984a674b57d8196dc4eb2)

2018-08-17 14:43:13 - [MESSAGE][FAILED] - Unable to click on object 'Object Repository/Mes rapports Obj/EXECUTION/Exporter button' (Root cause: org.openqa.selenium.WebDriverException: unknown error: Element <button type="button" class="btn btn-default" title="Exporteer naar excel" ng-click="pagevm.downloadExcelFile(parametersvm.rapport,uitvoeringParametersForm)" ng-disabled="pagevm.processing || !(parametersvm.rapport.exportInhoud || parametersvm.rapport.exportDraaitabel || ((parametersvm.rapport.exportEigenGrafiek || parametersvm.rapport.sdSuggestieGebruiken) &amp;&amp;  !(parametersvm.rapport.kenmerken.historischUitvoeren &amp;&amp; parametersvm.rapport.kenmerken.aggregatiePeriode === 0)))" disabled="disabled">...</button> is not clickable at point (1489, 150). Other element would receive the click: <div class="btn-group">...</div>
  (Session info: chrome=68.0.3440.106)
  (Driver info: chromedriver=2.35.528161 (5b82f2d2aae0ca24b877009200ced9065a772e73),platform=Windows NT 10.0.16299 x86_64) (WARNING: The server did not provide any stacktrace information)
Command duration or timeout: 0 milliseconds
Build info: version: '3.7.1', revision: '8a0099a', time: '2017-11-06T21:07:36.161Z'
System info: host: '5CG7062KWD', ip: '10.136.82.127', os.name: 'Windows 10', os.arch: 'amd64', os.version: '10.0', java.version: '1.8.0_181'
Driver info: com.kms.katalon.selenium.driver.CChromeDriver
Capabilities {acceptInsecureCerts: false, acceptSslCerts: false, applicationCacheEnabled: false, browserConnectionEnabled: false, browserName: chrome, chrome: {chromedriverVersion: 2.35.528161 (5b82f2d2aae0ca..., userDataDir: C:\Users\SEEBOR~1\AppData\L...}, cssSelectorsEnabled: true, databaseEnabled: false, handlesAlerts: true, hasTouchScreen: false, javascriptEnabled: true, locationContextEnabled: true, mobileEmulationEnabled: false, nativeEvents: true, networkConnectionEnabled: false, pageLoadStrategy: normal, platform: XP, platformName: XP, rotatable: false, setWindowRect: true, takesHeapSnapshot: true, takesScreenshot: true, unexpectedAlertBehaviour: , unhandledPromptBehavior: , version: 68.0.3440.106, webStorageEnabled: true}
Session ID: 9a710d81d86984a674b57d8196dc4eb2)
[[ATTACHMENT|C:\\Users\\seeboruts\\OneDrive - SD Worx\\Desktop\\Katalon_eBlox_Reporting\\Reports\\testing\\New Test Suite\\20180817_141723\\1534502593211.png]]]]></system-out>
         <system-err><![CDATA[2018-08-17 14:41:51 - [TEST_CASE][FAILED] - Test Cases/New Folder/TC8 EXPORT: Test Cases/New Folder/TC8 EXPORT FAILED because (of) Unable to click on object 'Object Repository/Mes rapports Obj/EXECUTION/Exporter button' (Root cause: org.openqa.selenium.WebDriverException: unknown error: Element <button type="button" class="btn btn-default" title="Exporteer naar excel" ng-click="pagevm.downloadExcelFile(parametersvm.rapport,uitvoeringParametersForm)" ng-disabled="pagevm.processing || !(parametersvm.rapport.exportInhoud || parametersvm.rapport.exportDraaitabel || ((parametersvm.rapport.exportEigenGrafiek || parametersvm.rapport.sdSuggestieGebruiken) &amp;&amp;  !(parametersvm.rapport.kenmerken.historischUitvoeren &amp;&amp; parametersvm.rapport.kenmerken.aggregatiePeriode === 0)))" disabled="disabled">...</button> is not clickable at point (1489, 150). Other element would receive the click: <div class="btn-group">...</div>
  (Session info: chrome=68.0.3440.106)
  (Driver info: chromedriver=2.35.528161 (5b82f2d2aae0ca24b877009200ced9065a772e73),platform=Windows NT 10.0.16299 x86_64) (WARNING: The server did not provide any stacktrace information)
Command duration or timeout: 0 milliseconds
Build info: version: '3.7.1', revision: '8a0099a', time: '2017-11-06T21:07:36.161Z'
System info: host: '5CG7062KWD', ip: '10.136.82.127', os.name: 'Windows 10', os.arch: 'amd64', os.version: '10.0', java.version: '1.8.0_181'
Driver info: com.kms.katalon.selenium.driver.CChromeDriver
Capabilities {acceptInsecureCerts: false, acceptSslCerts: false, applicationCacheEnabled: false, browserConnectionEnabled: false, browserName: chrome, chrome: {chromedriverVersion: 2.35.528161 (5b82f2d2aae0ca..., userDataDir: C:\Users\SEEBOR~1\AppData\L...}, cssSelectorsEnabled: true, databaseEnabled: false, handlesAlerts: true, hasTouchScreen: false, javascriptEnabled: true, locationContextEnabled: true, mobileEmulationEnabled: false, nativeEvents: true, networkConnectionEnabled: false, pageLoadStrategy: normal, platform: XP, platformName: XP, rotatable: false, setWindowRect: true, takesHeapSnapshot: true, takesScreenshot: true, unexpectedAlertBehaviour: , unhandledPromptBehavior: , version: 68.0.3440.106, webStorageEnabled: true}
Session ID: 9a710d81d86984a674b57d8196dc4eb2)]]></system-err>
      </testcase>
      <testcase name="Test Cases/New Folder/TC9 HISTORIC WITH" classname="Test Cases/New Folder/TC9 HISTORIC WITH" status="FAILED">
         <failure type="FAILED" message="Unable to send keys '' to object 'Object Repository/Mes rapports Obj/EXECUTION/Berekende gegevens - looncode komt voor in' (Root cause: com.kms.katalon.core.webui.exception.WebElementNotFoundException: Web element with id: 'Object Repository/Mes rapports Obj/EXECUTION/Berekende gegevens - looncode komt voor in' located by 'By.xpath: //*[@id=&quot;s2id_autogen12&quot;][count(. | //input[@type = 'text' and @class = 'select2-input' and contains(@id, 's2id_autogen')]) = count(//input[@type = 'text' and @class = 'select2-input' and contains(@id, 's2id_autogen')])]' not found)"/>
         <system-out><![CDATA[2018-08-17 14:43:13 - [TEST_CASE][FAILED] - Test Cases/New Folder/TC9 HISTORIC WITH: Test Cases/New Folder/TC9 HISTORIC WITH FAILED because (of) Unable to send keys '' to object 'Object Repository/Mes rapports Obj/EXECUTION/Berekende gegevens - looncode komt voor in' (Root cause: com.kms.katalon.core.webui.exception.WebElementNotFoundException: Web element with id: 'Object Repository/Mes rapports Obj/EXECUTION/Berekende gegevens - looncode komt voor in' located by 'By.xpath: //*[@id="s2id_autogen12"][count(. | //input[@type = 'text' and @class = 'select2-input' and contains(@id, 's2id_autogen')]) = count(//input[@type = 'text' and @class = 'select2-input' and contains(@id, 's2id_autogen')])]' not found)

2018-08-17 14:43:13 - [TEST_STEP][PASSED] - callTestCase: Call Test Case 'Test Cases/Login/TC1 Login to Mysdworx' successfully

2018-08-17 14:43:13 - [TEST_CASE][PASSED] - Test Cases/Login/TC1 Login to Mysdworx: Test Cases/Login/TC1 Login to Mysdworx

2018-08-17 14:43:13 - [TEST_STEP][PASSED] - openBrowser: Browser is opened with url: ''

2018-08-17 14:43:13 - [MESSAGE][WARNING] - A browser is already opened. Closing browser and opening a new one

2018-08-17 14:43:16 - [MESSAGE][PASSED] - Browser is opened with url: ''

2018-08-17 14:43:16 - [TEST_STEP][PASSED] - navigateToUrl: Navigate to 'https://internet.acc.sd.dika.be/ebloxreporting/web.sensitive/main/?lang=fr' successfully

2018-08-17 14:43:21 - [MESSAGE][PASSED] - Navigate to 'https://internet.acc.sd.dika.be/ebloxreporting/web.sensitive/main/?lang=fr' successfully

2018-08-17 14:43:21 - [TEST_STEP][PASSED] - maximizeWindow: Current window maximized

2018-08-17 14:43:22 - [MESSAGE][PASSED] - Current window maximized

2018-08-17 14:43:22 - [TEST_STEP][PASSED] - setText: Text 'DP_EBLOX_RPP_VASCO' is set on object 'Object Repository/Page_mysdworx - Log in/input_Username'

2018-08-17 14:43:28 - [MESSAGE][PASSED] - Text 'DP_EBLOX_RPP_VASCO' is set on object 'Object Repository/Page_mysdworx - Log in/input_Username'

2018-08-17 14:43:28 - [TEST_STEP][PASSED] - Statement - frame = new javax.swing.JFrame(User Input Frame): null

2018-08-17 14:43:28 - [TEST_STEP][PASSED] - Statement - frame.requestFocus(): null

2018-08-17 14:43:28 - [TEST_STEP][PASSED] - Statement - pass = javax.swing.JOptionPane.showInputDialog(frame, "Enter the password from token!!"): null

2018-08-17 14:43:37 - [TEST_STEP][PASSED] - delay: Delayed 5 second(s)

2018-08-17 14:43:42 - [MESSAGE][PASSED] - Delayed 5 second(s)

2018-08-17 14:43:42 - [TEST_STEP][PASSED] - setText: Text '733821' is set on object 'Object Repository/Page_mysdworx - Log in/input_Password'

2018-08-17 14:43:42 - [MESSAGE][PASSED] - Text '733821' is set on object 'Object Repository/Page_mysdworx - Log in/input_Password'

2018-08-17 14:43:42 - [TEST_STEP][PASSED] - click: Object: 'Object Repository/Page_mysdworx - Log in/button_Se connecter' is clicked on

2018-08-17 14:43:42 - [MESSAGE][PASSED] - Object: 'Object Repository/Page_mysdworx - Log in/button_Se connecter' is clicked on

2018-08-17 14:43:42 - [TEST_STEP][PASSED] - waitForPageLoad: Wait for page load successfully

2018-08-17 14:43:42 - [MESSAGE][PASSED] - Wait for page load successfully

2018-08-17 14:43:42 - [TEST_STEP][NOT_RUN] - closeBrowser: NOT_RUN: closeBrowser

2018-08-17 14:43:42 - [MESSAGE][NOT_RUN] - NOT_RUN: closeBrowser

2018-08-17 14:43:42 - [MESSAGE][PASSED] - Call Test Case 'Test Cases/Login/TC1 Login to Mysdworx' successfully

2018-08-17 14:43:42 - [TEST_STEP][PASSED] - waitForPageLoad: Wait for page load successfully

2018-08-17 14:43:42 - [MESSAGE][PASSED] - Wait for page load successfully

2018-08-17 14:43:42 - [TEST_STEP][PASSED] - callTestCase: Call Test Case 'Test Cases/Select Language/TC1 Verify NL language' successfully

2018-08-17 14:43:42 - [TEST_CASE][PASSED] - Test Cases/Select Language/TC1 Verify NL language: Test Cases/Select Language/TC1 Verify NL language

2018-08-17 14:43:42 - [TEST_STEP][PASSED] - waitForElementClickable: Object 'Object Repository/Change language link Obj/NL_language' is clickable

2018-08-17 14:44:06 - [MESSAGE][PASSED] - Object 'Object Repository/Change language link Obj/NL_language' is clickable

2018-08-17 14:44:06 - [TEST_STEP][PASSED] - click: Object: 'Object Repository/Change language link Obj/NL_language' is clicked on

2018-08-17 14:44:14 - [MESSAGE][PASSED] - Object: 'Object Repository/Change language link Obj/NL_language' is clicked on

2018-08-17 14:44:14 - [TEST_STEP][PASSED] - waitForPageLoad: Wait for page load successfully

2018-08-17 14:44:14 - [MESSAGE][PASSED] - Wait for page load successfully

2018-08-17 14:44:14 - [MESSAGE][PASSED] - Call Test Case 'Test Cases/Select Language/TC1 Verify NL language' successfully

2018-08-17 14:44:14 - [TEST_STEP][PASSED] - waitForPageLoad: Wait for page load successfully

2018-08-17 14:44:14 - [MESSAGE][PASSED] - Wait for page load successfully

2018-08-17 14:44:14 - [TEST_STEP][PASSED] - callTestCase: Call Test Case 'Test Cases/Mes rapports/Main Page/TC Verify Mes rapports tab' successfully

2018-08-17 14:44:14 - [TEST_CASE][PASSED] - Test Cases/Mes rapports/Main Page/TC Verify Mes rapports tab: Test Cases/Mes rapports/Main Page/TC Verify Mes rapports tab

2018-08-17 14:44:14 - [TEST_STEP][PASSED] - click: Object: 'Object Repository/Mes rapports Obj/Mes rapports_tab' is clicked on

2018-08-17 14:44:14 - [MESSAGE][PASSED] - Object: 'Object Repository/Mes rapports Obj/Mes rapports_tab' is clicked on

2018-08-17 14:44:14 - [MESSAGE][PASSED] - Call Test Case 'Test Cases/Mes rapports/Main Page/TC Verify Mes rapports tab' successfully

2018-08-17 14:44:14 - [TEST_STEP][PASSED] - setText: Text 'REG HIST GROEP' is set on object 'Object Repository/Mes rapports Obj/input search filter'

2018-08-17 14:44:17 - [MESSAGE][PASSED] - Text 'REG HIST GROEP' is set on object 'Object Repository/Mes rapports Obj/input search filter'

2018-08-17 14:44:17 - [TEST_STEP][PASSED] - click: Object: 'Object Repository/Page_eBlox Reporting/Search_Icon' is clicked on

2018-08-17 14:44:17 - [MESSAGE][PASSED] - Object: 'Object Repository/Page_eBlox Reporting/Search_Icon' is clicked on

2018-08-17 14:44:17 - [TEST_STEP][PASSED] - Statement - myTestObject = new com.kms.katalon.core.testobject.TestObject(Select_report): null

2018-08-17 14:44:17 - [TEST_STEP][PASSED] - Statement - myTestObject.addProperty("xpath", EQUALS, "//a[@class='hide-on-hover']//span[@text='REG HIST GROEP']"): null

2018-08-17 14:44:17 - [TEST_STEP][PASSED] - click: Object: 'Select_report' is clicked on

2018-08-17 14:44:18 - [MESSAGE][PASSED] - Object: 'Select_report' is clicked on

2018-08-17 14:44:18 - [TEST_STEP][PASSED] - waitForPageLoad: Wait for page load successfully

2018-08-17 14:44:18 - [MESSAGE][PASSED] - Wait for page load successfully

2018-08-17 14:44:18 - [TEST_STEP][PASSED] - Statement - myDonneeCalculees1 = com.kms.katalon.core.webui.keyword.WebUiBuiltInKeywords.modifyObjectProperty(com.kms.katalon.core.testobject.ObjectRepository.findTestObject(Mes rapports Obj/EXECUTION/Berekende gegevens - looncode komt voor in), "id", "contains", "s2id_autogen", true): Modify property of object successfully

2018-08-17 14:44:18 - [MESSAGE][PASSED] - Modify property of object successfully

2018-08-17 14:44:18 - [TEST_STEP][PASSED] - Statement - myDonneeCalculees2 = com.kms.katalon.core.webui.keyword.WebUiBuiltInKeywords.modifyObjectProperty(com.kms.katalon.core.testobject.ObjectRepository.findTestObject(Mes rapports Obj/EXECUTION/Berekende gegevens - looncode komt voor in), "id", "contains", "s2id_autogen", true): Modify property of object successfully

2018-08-17 14:44:18 - [MESSAGE][PASSED] - Modify property of object successfully

2018-08-17 14:44:18 - [TEST_STEP][PASSED] - click: Object: 'Object Repository/Mes rapports Obj/EXECUTION/Berekende gegevens - looncode komt voor in' is clicked on

2018-08-17 14:44:20 - [MESSAGE][PASSED] - Object: 'Object Repository/Mes rapports Obj/EXECUTION/Berekende gegevens - looncode komt voor in' is clicked on

2018-08-17 14:44:20 - [TEST_STEP][PASSED] - Statement - myDonneeCalculees = new com.kms.katalon.core.testobject.TestObject(Select_donnee): null

2018-08-17 14:44:20 - [TEST_STEP][PASSED] - Statement - myDonneeCalculees.addProperty("xpath", EQUALS, "//div[@id='select2-drop']//ul[@class='select2-results']//li[@role='presentation']//div[contains(text(),'(alle looncodes)')]"): null

2018-08-17 14:44:20 - [TEST_STEP][PASSED] - click: Object: 'Select_donnee' is clicked on

2018-08-17 14:44:21 - [MESSAGE][PASSED] - Object: 'Select_donnee' is clicked on

2018-08-17 14:44:21 - [TEST_STEP][FAILED] - sendKeys: Unable to send keys '' to object 'Object Repository/Mes rapports Obj/EXECUTION/Berekende gegevens - looncode komt voor in' (Root cause: com.kms.katalon.core.webui.exception.WebElementNotFoundException: Web element with id: 'Object Repository/Mes rapports Obj/EXECUTION/Berekende gegevens - looncode komt voor in' located by 'By.xpath: //*[@id="s2id_autogen12"][count(. | //input[@type = 'text' and @class = 'select2-input' and contains(@id, 's2id_autogen')]) = count(//input[@type = 'text' and @class = 'select2-input' and contains(@id, 's2id_autogen')])]' not found)

2018-08-17 14:44:53 - [MESSAGE][FAILED] - Unable to send keys '' to object 'Object Repository/Mes rapports Obj/EXECUTION/Berekende gegevens - looncode komt voor in' (Root cause: com.kms.katalon.core.webui.exception.WebElementNotFoundException: Web element with id: 'Object Repository/Mes rapports Obj/EXECUTION/Berekende gegevens - looncode komt voor in' located by 'By.xpath: //*[@id="s2id_autogen12"][count(. | //input[@type = 'text' and @class = 'select2-input' and contains(@id, 's2id_autogen')]) = count(//input[@type = 'text' and @class = 'select2-input' and contains(@id, 's2id_autogen')])]' not found)
[[ATTACHMENT|C:\\Users\\seeboruts\\OneDrive - SD Worx\\Desktop\\Katalon_eBlox_Reporting\\Reports\\testing\\New Test Suite\\20180817_141723\\1534502692963.png]]]]></system-out>
         <system-err><![CDATA[2018-08-17 14:43:13 - [TEST_CASE][FAILED] - Test Cases/New Folder/TC9 HISTORIC WITH: Test Cases/New Folder/TC9 HISTORIC WITH FAILED because (of) Unable to send keys '' to object 'Object Repository/Mes rapports Obj/EXECUTION/Berekende gegevens - looncode komt voor in' (Root cause: com.kms.katalon.core.webui.exception.WebElementNotFoundException: Web element with id: 'Object Repository/Mes rapports Obj/EXECUTION/Berekende gegevens - looncode komt voor in' located by 'By.xpath: //*[@id="s2id_autogen12"][count(. | //input[@type = 'text' and @class = 'select2-input' and contains(@id, 's2id_autogen')]) = count(//input[@type = 'text' and @class = 'select2-input' and contains(@id, 's2id_autogen')])]' not found)]]></system-err>
      </testcase>
      <system-out><![CDATA[2018-08-17 14:17:25 - [TEST_SUITE][FAILED] - New Test Suite: Test Cases/New Folder/TC11 INTERNAL FAILED because (of) Unable to set text 'TEST REG IPS 12.08.2018' of object 'Object Repository/Mes rapports Obj/PROPRIETES/Generalites - input name' (Root cause: org.openqa.selenium.InvalidElementStateException: invalid element state: Element is not currently interactable and may not be manipulated
  (Session info: chrome=68.0.3440.106)
  (Driver info: chromedriver=2.35.528161 (5b82f2d2aae0ca24b877009200ced9065a772e73),platform=Windows NT 10.0.16299 x86_64) (WARNING: The server did not provide any stacktrace information)
Command duration or timeout: 0 milliseconds
Build info: version: '3.7.1', revision: '8a0099a', time: '2017-11-06T21:07:36.161Z'
System info: host: '5CG7062KWD', ip: '10.136.82.127', os.name: 'Windows 10', os.arch: 'amd64', os.version: '10.0', java.version: '1.8.0_181'
Driver info: com.kms.katalon.selenium.driver.CChromeDriver
Capabilities {acceptInsecureCerts: false, acceptSslCerts: false, applicationCacheEnabled: false, browserConnectionEnabled: false, browserName: chrome, chrome: {chromedriverVersion: 2.35.528161 (5b82f2d2aae0ca..., userDataDir: C:\Users\SEEBOR~1\AppData\L...}, cssSelectorsEnabled: true, databaseEnabled: false, handlesAlerts: true, hasTouchScreen: false, javascriptEnabled: true, locationContextEnabled: true, mobileEmulationEnabled: false, nativeEvents: true, networkConnectionEnabled: false, pageLoadStrategy: normal, platform: XP, platformName: XP, rotatable: false, setWindowRect: true, takesHeapSnapshot: true, takesScreenshot: true, unexpectedAlertBehaviour: , unhandledPromptBehavior: , version: 68.0.3440.106, webStorageEnabled: true}
Session ID: 20603ec737643a5a23b37707974b8e2a)]]></system-out>
      <system-err><![CDATA[2018-08-17 14:17:25 - [TEST_SUITE][FAILED] - New Test Suite: Test Cases/New Folder/TC11 INTERNAL FAILED because (of) Unable to set text 'TEST REG IPS 12.08.2018' of object 'Object Repository/Mes rapports Obj/PROPRIETES/Generalites - input name' (Root cause: org.openqa.selenium.InvalidElementStateException: invalid element state: Element is not currently interactable and may not be manipulated
  (Session info: chrome=68.0.3440.106)
  (Driver info: chromedriver=2.35.528161 (5b82f2d2aae0ca24b877009200ced9065a772e73),platform=Windows NT 10.0.16299 x86_64) (WARNING: The server did not provide any stacktrace information)
Command duration or timeout: 0 milliseconds
Build info: version: '3.7.1', revision: '8a0099a', time: '2017-11-06T21:07:36.161Z'
System info: host: '5CG7062KWD', ip: '10.136.82.127', os.name: 'Windows 10', os.arch: 'amd64', os.version: '10.0', java.version: '1.8.0_181'
Driver info: com.kms.katalon.selenium.driver.CChromeDriver
Capabilities {acceptInsecureCerts: false, acceptSslCerts: false, applicationCacheEnabled: false, browserConnectionEnabled: false, browserName: chrome, chrome: {chromedriverVersion: 2.35.528161 (5b82f2d2aae0ca..., userDataDir: C:\Users\SEEBOR~1\AppData\L...}, cssSelectorsEnabled: true, databaseEnabled: false, handlesAlerts: true, hasTouchScreen: false, javascriptEnabled: true, locationContextEnabled: true, mobileEmulationEnabled: false, nativeEvents: true, networkConnectionEnabled: false, pageLoadStrategy: normal, platform: XP, platformName: XP, rotatable: false, setWindowRect: true, takesHeapSnapshot: true, takesScreenshot: true, unexpectedAlertBehaviour: , unhandledPromptBehavior: , version: 68.0.3440.106, webStorageEnabled: true}
Session ID: 20603ec737643a5a23b37707974b8e2a)]]></system-err>
   </testsuite>
</testsuites>
